<1009285> <hasDiagnosis_has_SynchronousTumor_OrNot> <No> 1 1 1 1
<10610714> <hasDiagnosis_has_SynchronousTumor_OrNot> <No> 1 1 1 1
<10612173> <hasDiagnosis_has_SynchronousTumor_OrNot> <No> 1 1 1 1
<10615931> <hasDiagnosis_has_SynchronousTumor_OrNot> <No> 1 1 1 1
<109510> <hasDiagnosis_has_SynchronousTumor_OrNot> <No> 1 1 1 1
<110019> <hasDiagnosis_has_SynchronousTumor_OrNot> <No> 1 1 1 1
<110054> <hasDiagnosis_has_SynchronousTumor_OrNot> <No> 1 1 1 1
<110868> <hasDiagnosis_has_SynchronousTumor_OrNot> <No> 2 2 1 1
<112098> <hasDiagnosis_has_SynchronousTumor_OrNot> <No> 1 1 1 1
<112498> <hasDiagnosis_has_SynchronousTumor_OrNot> <No> 1 1 1 1
<112538> <hasDiagnosis_has_SynchronousTumor_OrNot> <No> 1 1 1 1
<112837> <hasDiagnosis_has_SynchronousTumor_OrNot> <No> 1 1 1 1
<11312119> <hasDiagnosis_has_SynchronousTumor_OrNot> <No> 1 1 1 1
<11312271> <hasDiagnosis_has_SynchronousTumor_OrNot> <No> 0 0 0 0
<11313931> <hasDiagnosis_has_SynchronousTumor_OrNot> <No> 1 1 1 1
<116536> <hasDiagnosis_has_SynchronousTumor_OrNot> <No> 0 0 0 0
<11911397> <hasDiagnosis_has_SynchronousTumor_OrNot> <No> 1 1 1 1
<1213175> <hasDiagnosis_has_SynchronousTumor_OrNot> <No> 1 1 1 1
<1213217> <hasDiagnosis_has_SynchronousTumor_OrNot> <No> 1 1 1 1
<1213218> <hasDiagnosis_has_SynchronousTumor_OrNot> <No> 1 1 1 1
<1216080> <hasDiagnosis_has_SynchronousTumor_OrNot> <No> 1 1 1 1
<1216547> <hasDiagnosis_has_SynchronousTumor_OrNot> <No> 1 1 1 1
<12914062> <hasDiagnosis_has_SynchronousTumor_OrNot> <No> 1 1 1 1
<12914174> <hasDiagnosis_has_SynchronousTumor_OrNot> <No> 1 1 1 1
<12914279> <hasDiagnosis_has_SynchronousTumor_OrNot> <No> 1 1 1 1
<12914444> <hasDiagnosis_has_SynchronousTumor_OrNot> <No> 1 1 1 1
<12914602> <hasDiagnosis_has_SynchronousTumor_OrNot> <No> 1 1 1 1
<1310245> <hasDiagnosis_has_SynchronousTumor_OrNot> <No> 1 1 1 1
<1310263> <hasDiagnosis_has_SynchronousTumor_OrNot> <No> 1 1 1 1
<1310340> <hasDiagnosis_has_SynchronousTumor_OrNot> <No> 1 1 1 1
<1310597> <hasDiagnosis_has_SynchronousTumor_OrNot> <No> 1 1 1 1
<1311297> <hasDiagnosis_has_SynchronousTumor_OrNot> <No> 1 1 1 1
<1313319> <hasDiagnosis_has_SynchronousTumor_OrNot> <No> 1 1 1 1
<1314666> <hasDiagnosis_has_SynchronousTumor_OrNot> <No> 1 1 1 1
<1314789> <hasDiagnosis_has_SynchronousTumor_OrNot> <No> 1 1 1 1
<10816751> <hasDiagnosis_has_SynchronousTumor_OrNot> <No> 1 1 1 1
<1213927> <hasDiagnosis_has_SynchronousTumor_OrNot> <No> 1 1 1 1
<1216550> <hasDiagnosis_has_SynchronousTumor_OrNot> <No> 1 1 1 1
<12914545> <hasDiagnosis_has_SynchronousTumor_OrNot> <No> 1 1 1 1
<1312883> <hasDiagnosis_has_SynchronousTumor_OrNot> <No> 1 1 1 1
<1315085> <hasDiagnosis_has_SynchronousTumor_OrNot> <No> 0 0 0 0
<1315091> <hasDiagnosis_has_SynchronousTumor_OrNot> <No> 1 1 1 1
<1315622> <hasDiagnosis_has_SynchronousTumor_OrNot> <No> 1 1 1 1
<1501032> <hasDiagnosis_has_SynchronousTumor_OrNot> <No> 0 0 0 0
<1509979> <hasDiagnosis_has_SynchronousTumor_OrNot> <No> 1 1 1 1
<1510070> <hasDiagnosis_has_SynchronousTumor_OrNot> <No> 1 1 1 1
<1315348> <hasDiagnosis_has_SynchronousTumor_OrNot> <No> 1 1 1 1
<1511139> <hasDiagnosis_has_SynchronousTumor_OrNot> <No> 0 0 0 0
<1514485> <hasDiagnosis_has_SynchronousTumor_OrNot> <No> 1 1 1 1
<1516228> <hasDiagnosis_has_SynchronousTumor_OrNot> <No> 0 0 0 0
<1516231> <hasDiagnosis_has_SynchronousTumor_OrNot> <No> 1 1 1 1
<1516280> <hasDiagnosis_has_SynchronousTumor_OrNot> <Yes> 0 0 0 0
<1516304> <hasDiagnosis_has_SynchronousTumor_OrNot> <No> 0 0 0 0
<1516826> <hasDiagnosis_has_SynchronousTumor_OrNot> <No> 1 1 1 1
<1516983> <hasDiagnosis_has_SynchronousTumor_OrNot> <No> 1 1 1 1
<15714594> <hasDiagnosis_has_SynchronousTumor_OrNot> <No> 1 1 1 1
<15715027> <hasDiagnosis_has_SynchronousTumor_OrNot> <No> 1 1 1 1
<15717531> <hasDiagnosis_has_SynchronousTumor_OrNot> <No> 1 1 1 1
<112521> <hasDiagnosis_has_SynchronousTumor_OrNot> <No> 1 1 1 1
<1309917> <hasDiagnosis_has_SynchronousTumor_OrNot> <No> 1 1 1 1
<1310098> <hasDiagnosis_has_SynchronousTumor_OrNot> <No> 1 1 1 1
<1312823> <hasDiagnosis_has_SynchronousTumor_OrNot> <No> 1 1 1 1
<1315660> <hasDiagnosis_has_SynchronousTumor_OrNot> <No> 1 1 1 1
<1316024> <hasDiagnosis_has_SynchronousTumor_OrNot> <No> 1 1 1 1
<1512726> <hasDiagnosis_has_SynchronousTumor_OrNot> <No> 1 1 1 1
<1513063> <hasDiagnosis_has_SynchronousTumor_OrNot> <No> 1 1 1 1
<15714640> <hasDiagnosis_has_SynchronousTumor_OrNot> <No> 1 1 1 1
<1316014> <hasDiagnosis_has_SynchronousTumor_OrNot> <No> 1 1 1 1
<1309485> <hasDiagnosis_has_SynchronousTumor_OrNot> <No> 1 1 1 1
<1310150> <hasDiagnosis_has_SynchronousTumor_OrNot> <No> 1 1 1 1
<1310734> <hasDiagnosis_has_SynchronousTumor_OrNot> <No> 1 1 1 1
<1310025> <hasDiagnosis_has_SynchronousTumor_OrNot> <No> 1 1 1 1
<1009388> <hasDiagnosis_has_SynchronousTumor_OrNot> <No> 1 1 1 1
<10612187> <hasDiagnosis_has_SynchronousTumor_OrNot> <No> 1 1 1 1
<10615293> <hasDiagnosis_has_SynchronousTumor_OrNot> <No> 1 1 1 1
<109445> <hasDiagnosis_has_SynchronousTumor_OrNot> <No> 1 1 1 1
<112836> <hasDiagnosis_has_SynchronousTumor_OrNot> <Yes> 2 2 1 1
<11312252> <hasDiagnosis_has_SynchronousTumor_OrNot> <No> 1 1 1 1
<1509353> <hasDiagnosis_has_SynchronousTumor_OrNot> <No> 0 0 0 0
<1314752> <hasDiagnosis_has_SynchronousTumor_OrNot> <No> 0 0 0 0
<15704699> <hasDiagnosis_has_SynchronousTumor_OrNot> <No> 1 1 1 1
<15709783> <hasDiagnosis_has_SynchronousTumor_OrNot> <No> 1 1 1 1
<15709470> <hasDiagnosis_has_SynchronousTumor_OrNot> <No> 1 1 1 1
<112840> <hasDiagnosis_has_SynchronousTumor_OrNot> <No> 1 1 1 1
<110036> <hasDiagnosis_has_SynchronousTumor_OrNot> <No> 1 1 1 1
<1315659> <hasDiagnosis_has_SynchronousTumor_OrNot> <No> 0 0 0 0
<11312166> <hasDiagnosis_has_SynchronousTumor_OrNot> <No> 1 1 1 1
<210415> <hasDiagnosis_has_SynchronousTumor_OrNot> <No> 1 1 1 1
<210452> <hasDiagnosis_has_SynchronousTumor_OrNot> <No> 1 1 1 1
<2109197> <hasDiagnosis_has_SynchronousTumor_OrNot> <No> 0 0 0 0
<2110563> <hasDiagnosis_has_SynchronousTumor_OrNot> <No> 1 1 1 1
<2111481> <hasDiagnosis_has_SynchronousTumor_OrNot> <No> 1 1 1 1
<211224> <hasDiagnosis_has_SynchronousTumor_OrNot> <No> 1 1 1 1
<211341> <hasDiagnosis_has_SynchronousTumor_OrNot> <No> 1 1 1 1
<212515> <hasDiagnosis_has_SynchronousTumor_OrNot> <No> 1 1 1 1
<213310> <hasDiagnosis_has_SynchronousTumor_OrNot> <No> 1 1 1 1
<217326> <hasDiagnosis_has_SynchronousTumor_OrNot> <No> 1 1 1 1
<2115498> <hasDiagnosis_has_SynchronousTumor_OrNot> <No> 1 1 1 1
<2112870> <hasDiagnosis_has_SynchronousTumor_OrNot> <No> 1 1 1 1
<211761> <hasDiagnosis_has_SynchronousTumor_OrNot> <No> 1 1 1 1
<2311865> <hasDiagnosis_has_SynchronousTumor_OrNot> <No> 1 1 1 1
<2311970> <hasDiagnosis_has_SynchronousTumor_OrNot> <No> 0 0 0 0
<2312543> <hasDiagnosis_has_SynchronousTumor_OrNot> <No> 1 1 1 1
<2811756> <hasDiagnosis_has_SynchronousTumor_OrNot> <No> 1 1 1 1
<2312708> <hasDiagnosis_has_SynchronousTumor_OrNot> <No> 1 1 1 1
<2811292> <hasDiagnosis_has_SynchronousTumor_OrNot> <No> 0 0 0 0
<2810878> <hasDiagnosis_has_SynchronousTumor_OrNot> <No> 1 1 1 1
<2816653> <hasDiagnosis_has_SynchronousTumor_OrNot> <No> 0 0 0 0
<2817043> <hasDiagnosis_has_SynchronousTumor_OrNot> <No> 1 1 1 1
<2910972> <hasDiagnosis_has_SynchronousTumor_OrNot> <No> 1 1 1 1
<2917308> <hasDiagnosis_has_SynchronousTumor_OrNot> <No> 1 1 1 1
<2917477> <hasDiagnosis_has_SynchronousTumor_OrNot> <No> 1 1 1 1
<2917483> <hasDiagnosis_has_SynchronousTumor_OrNot> <No> 1 1 1 1
<2917486> <hasDiagnosis_has_SynchronousTumor_OrNot> <No> 1 1 1 1
<3012049> <hasDiagnosis_has_SynchronousTumor_OrNot> <No> 1 1 1 1
<3012758> <hasDiagnosis_has_SynchronousTumor_OrNot> <No> 1 1 1 1
<3017074> <hasDiagnosis_has_SynchronousTumor_OrNot> <No> 1 1 1 1
<309892> <hasDiagnosis_has_SynchronousTumor_OrNot> <No> 0 0 0 0
<310419> <hasDiagnosis_has_SynchronousTumor_OrNot> <No> 1 1 1 1
<312132> <hasDiagnosis_has_SynchronousTumor_OrNot> <No> 0 0 0 0
<3314961> <hasDiagnosis_has_SynchronousTumor_OrNot> <No> 1 1 1 1
<3315525> <hasDiagnosis_has_SynchronousTumor_OrNot> <No> 1 1 1 1
<3413986> <hasDiagnosis_has_SynchronousTumor_OrNot> <No> 1 1 1 1
<316788> <hasDiagnosis_has_SynchronousTumor_OrNot> <No> 1 1 1 1
<3411783> <hasDiagnosis_has_SynchronousTumor_OrNot> <Yes> 0 0 0 0
<3509830> <hasDiagnosis_has_SynchronousTumor_OrNot> <No> 1 1 1 1
<3712042> <hasDiagnosis_has_SynchronousTumor_OrNot> <No> 1 1 1 1
<3812104> <hasDiagnosis_has_SynchronousTumor_OrNot> <No> 1 1 1 1
<3812457> <hasDiagnosis_has_SynchronousTumor_OrNot> <No> 1 1 1 1
<3915320> <hasDiagnosis_has_SynchronousTumor_OrNot> <No> 1 1 1 1
<409169> <hasDiagnosis_has_SynchronousTumor_OrNot> <No> 0 0 0 0
<1511179> <hasDiagnosis_has_SynchronousTumor_OrNot> <No> 1 1 1 1
<15714590> <hasDiagnosis_has_SynchronousTumor_OrNot> <No> 1 1 1 1
<15703037> <hasDiagnosis_has_SynchronousTumor_OrNot> <No> 1 1 1 1
<10611278> <hasDiagnosis_has_SynchronousTumor_OrNot> <No> 1 1 1 1
<111250> <hasDiagnosis_has_SynchronousTumor_OrNot> <No> 1 1 1 1
<15714632> <hasDiagnosis_has_SynchronousTumor_OrNot> <No> 1 1 1 1
<210413> <hasDiagnosis_has_SynchronousTumor_OrNot> <No> 1 1 1 1
<211344> <hasDiagnosis_has_SynchronousTumor_OrNot> <No> 1 1 1 1
<210586> <hasDiagnosis_has_SynchronousTumor_OrNot> <No> 1 1 1 1
<2311056> <hasDiagnosis_has_SynchronousTumor_OrNot> <No> 0 0 0 0
<2911613> <hasDiagnosis_has_SynchronousTumor_OrNot> <No> 1 1 1 1
<3017103> <hasDiagnosis_has_SynchronousTumor_OrNot> <No> 1 1 1 1
<311528> <hasDiagnosis_has_SynchronousTumor_OrNot> <No> 1 1 1 1
<311909> <hasDiagnosis_has_SynchronousTumor_OrNot> <No> 1 1 1 1
<409488> <hasDiagnosis_has_SynchronousTumor_OrNot> <No> 0 0 0 0
<409543> <hasDiagnosis_has_SynchronousTumor_OrNot> <No> 1 1 1 1
<409550> <hasDiagnosis_has_SynchronousTumor_OrNot> <No> 1 1 1 1
<409869> <hasDiagnosis_has_SynchronousTumor_OrNot> <No> 1 1 1 1
<410029> <hasDiagnosis_has_SynchronousTumor_OrNot> <No> 1 1 1 1
<410037> <hasDiagnosis_has_SynchronousTumor_OrNot> <No> 1 1 1 1
<409286> <hasDiagnosis_has_SynchronousTumor_OrNot> <No> 1 1 1 1
<203549> <hasDiagnosis_has_SynchronousTumor_OrNot> <No> 1 1 1 1
<212844> <hasDiagnosis_has_SynchronousTumor_OrNot> <No> 0 0 0 0
<214372> <hasDiagnosis_has_SynchronousTumor_OrNot> <No> 1 1 1 1
<2311661> <hasDiagnosis_has_SynchronousTumor_OrNot> <No> 1 1 1 1
<2310589> <hasDiagnosis_has_SynchronousTumor_OrNot> <No> 1 1 1 1
<2812509> <hasDiagnosis_has_SynchronousTumor_OrNot> <No> 1 1 1 1
<2816475> <hasDiagnosis_has_SynchronousTumor_OrNot> <No> 0 0 0 0
<2915961> <hasDiagnosis_has_SynchronousTumor_OrNot> <No> 1 1 1 1
<311603> <hasDiagnosis_has_SynchronousTumor_OrNot> <No> 1 1 1 1
<3410353> <hasDiagnosis_has_SynchronousTumor_OrNot> <No> 1 1 1 1
<3514411> <hasDiagnosis_has_SynchronousTumor_OrNot> <No> 1 1 1 1
<3710922> <hasDiagnosis_has_SynchronousTumor_OrNot> <No> 1 1 1 1
<409399> <hasDiagnosis_has_SynchronousTumor_OrNot> <No> 0 0 0 0
<410015> <hasDiagnosis_has_SynchronousTumor_OrNot> <No> 0 0 0 0
<410038> <hasDiagnosis_has_SynchronousTumor_OrNot> <No> 1 1 1 1
<209240> <hasDiagnosis_has_SynchronousTumor_OrNot> <No> 0 0 0 0
<2310510> <hasDiagnosis_has_SynchronousTumor_OrNot> <No> 1 1 1 1
<3011388> <hasDiagnosis_has_SynchronousTumor_OrNot> <No> 1 1 1 1
<3514522> <hasDiagnosis_has_SynchronousTumor_OrNot> <No> 1 1 1 1
<409867> <hasDiagnosis_has_SynchronousTumor_OrNot> <No> 1 1 1 1
<409987> <hasDiagnosis_has_SynchronousTumor_OrNot> <No> 0 0 0 0
<409429> <hasDiagnosis_has_SynchronousTumor_OrNot> <No> 0 0 0 0
<1511167> <hasDiagnosis_has_SynchronousTumor_OrNot> <No> 1 1 1 1
<311757> <hasDiagnosis_has_SynchronousTumor_OrNot> <No> 1 1 1 1
<313008> <hasDiagnosis_has_SynchronousTumor_OrNot> <No> 1 1 1 1
<409369> <hasDiagnosis_has_SynchronousTumor_OrNot> <No> 1 1 1 1
<409747> <hasDiagnosis_has_SynchronousTumor_OrNot> <No> 1 1 1 1
<2809383> <hasDiagnosis_has_SynchronousTumor_OrNot> <No> 0 0 0 0
<18015734> <hasDiagnosis_has_SynchronousTumor_OrNot> <No> 1 1 1 1
<409652> <hasDiagnosis_has_SynchronousTumor_OrNot> <No> 1 1 1 1
<212441> <hasDiagnosis_has_SynchronousTumor_OrNot> <No> 1 1 1 1
<2311997> <hasDiagnosis_has_SynchronousTumor_OrNot> <No> 1 1 1 1
<3412522> <hasDiagnosis_has_SynchronousTumor_OrNot> <No> 1 1 1 1
<410000> <hasDiagnosis_has_SynchronousTumor_OrNot> <No> 1 1 1 1
<1516202> <hasDiagnosis_has_SynchronousTumor_OrNot> <No> 1 1 1 1
<2815632> <hasDiagnosis_has_SynchronousTumor_OrNot> <No> 1 1 1 1
<3510307> <hasDiagnosis_has_SynchronousTumor_OrNot> <No> 1 1 1 1
<2811953> <hasDiagnosis_has_SynchronousTumor_OrNot> <No> 0 0 0 0
<210007> <hasDiagnosis_has_SynchronousTumor_OrNot> <Yes> 0 0 0 0
<3511351> <hasDiagnosis_has_SynchronousTumor_OrNot> <No> 1 1 1 1
<410076> <hasDiagnosis_has_SynchronousTumor_OrNot> <No> 0 0 0 0
<212409> <hasDiagnosis_has_SynchronousTumor_OrNot> <No> 1 1 1 1
<410228> <hasDiagnosis_has_SynchronousTumor_OrNot> <No> 1 1 1 1
<410300> <hasDiagnosis_has_SynchronousTumor_OrNot> <No> 1 1 1 1
<410376> <hasDiagnosis_has_SynchronousTumor_OrNot> <No> 1 1 1 1
<412740> <hasDiagnosis_has_SynchronousTumor_OrNot> <No> 2 2 1 1
<413119> <hasDiagnosis_has_SynchronousTumor_OrNot> <No> 0 0 0 0
<416036> <hasDiagnosis_has_SynchronousTumor_OrNot> <No> 0 0 0 0
<416039> <hasDiagnosis_has_SynchronousTumor_OrNot> <No> 1 1 1 1
<416831> <hasDiagnosis_has_SynchronousTumor_OrNot> <No> 1 1 1 1
<417024> <hasDiagnosis_has_SynchronousTumor_OrNot> <No> 1 1 1 1
<417109> <hasDiagnosis_has_SynchronousTumor_OrNot> <No> 1 1 1 1
<417194> <hasDiagnosis_has_SynchronousTumor_OrNot> <No> 1 1 1 1
<417506> <hasDiagnosis_has_SynchronousTumor_OrNot> <No> 1 1 1 1
<417573> <hasDiagnosis_has_SynchronousTumor_OrNot> <No> 1 1 1 1
<4314192> <hasDiagnosis_has_SynchronousTumor_OrNot> <No> 1 1 1 1
<4314194> <hasDiagnosis_has_SynchronousTumor_OrNot> <No> 1 1 1 1
<4910722> <hasDiagnosis_has_SynchronousTumor_OrNot> <No> 1 1 1 1
<4910726> <hasDiagnosis_has_SynchronousTumor_OrNot> <No> 1 1 1 1
<4910731> <hasDiagnosis_has_SynchronousTumor_OrNot> <No> 1 1 1 1
<4910753> <hasDiagnosis_has_SynchronousTumor_OrNot> <No> 1 1 1 1
<4911088> <hasDiagnosis_has_SynchronousTumor_OrNot> <No> 1 1 1 1
<4911027> <hasDiagnosis_has_SynchronousTumor_OrNot> <No> 1 1 1 1
<5110840> <hasDiagnosis_has_SynchronousTumor_OrNot> <No> 1 1 1 1
<5112352> <hasDiagnosis_has_SynchronousTumor_OrNot> <No> 1 1 1 1
<5112406> <hasDiagnosis_has_SynchronousTumor_OrNot> <No> 1 1 1 1
<5113266> <hasDiagnosis_has_SynchronousTumor_OrNot> <No> 1 1 1 1
<5115342> <hasDiagnosis_has_SynchronousTumor_OrNot> <No> 1 1 1 1
<5116837> <hasDiagnosis_has_SynchronousTumor_OrNot> <No> 1 1 1 1
<5117238> <hasDiagnosis_has_SynchronousTumor_OrNot> <No> 1 1 1 1
<5116020> <hasDiagnosis_has_SynchronousTumor_OrNot> <No> 1 1 1 1
<512947> <hasDiagnosis_has_SynchronousTumor_OrNot> <No> 0 0 0 0
<513503> <hasDiagnosis_has_SynchronousTumor_OrNot> <No> 1 1 1 1
<513558> <hasDiagnosis_has_SynchronousTumor_OrNot> <No> 1 1 1 1
<513573> <hasDiagnosis_has_SynchronousTumor_OrNot> <No> 0 0 0 0
<513685> <hasDiagnosis_has_SynchronousTumor_OrNot> <No> 1 1 1 1
<513798> <hasDiagnosis_has_SynchronousTumor_OrNot> <No> 0 0 0 0
<513816> <hasDiagnosis_has_SynchronousTumor_OrNot> <No> 0 0 0 0
<514273> <hasDiagnosis_has_SynchronousTumor_OrNot> <No> 1 1 1 1
<417209> <hasDiagnosis_has_SynchronousTumor_OrNot> <No> 1 1 1 1
<413017> <hasDiagnosis_has_SynchronousTumor_OrNot> <No> 1 1 1 1
<4910778> <hasDiagnosis_has_SynchronousTumor_OrNot> <No> 1 1 1 1
<4910881> <hasDiagnosis_has_SynchronousTumor_OrNot> <No> 1 1 1 1
<4910953> <hasDiagnosis_has_SynchronousTumor_OrNot> <Yes> 0 0 0 0
<5111776> <hasDiagnosis_has_SynchronousTumor_OrNot> <No> 1 1 1 1
<5114908> <hasDiagnosis_has_SynchronousTumor_OrNot> <No> 1 1 1 1
<409597> <hasDiagnosis_has_SynchronousTumor_OrNot> <No> 0 0 0 0
<3510211> <hasDiagnosis_has_SynchronousTumor_OrNot> <No> 1 1 1 1
<215377> <hasDiagnosis_has_SynchronousTumor_OrNot> <No> 1 1 1 1
<209239> <hasDiagnosis_has_SynchronousTumor_OrNot> <No> 1 1 1 1
<1516187> <hasDiagnosis_has_SynchronousTumor_OrNot> <No> 1 1 1 1
<211021> <hasDiagnosis_has_SynchronousTumor_OrNot> <No> 1 1 1 1
<410105> <hasDiagnosis_has_SynchronousTumor_OrNot> <No> 1 1 1 1
<415181> <hasDiagnosis_has_SynchronousTumor_OrNot> <No> 0 0 0 0
<4611306> <hasDiagnosis_has_SynchronousTumor_OrNot> <No> 1 1 1 1
<4910767> <hasDiagnosis_has_SynchronousTumor_OrNot> <No> 1 1 1 1
<5112061> <hasDiagnosis_has_SynchronousTumor_OrNot> <No> 1 1 1 1
<5114014> <hasDiagnosis_has_SynchronousTumor_OrNot> <No> 1 1 1 1
<5116884> <hasDiagnosis_has_SynchronousTumor_OrNot> <No> 1 1 1 1
<513047> <hasDiagnosis_has_SynchronousTumor_OrNot> <No> 1 1 1 1
<513611> <hasDiagnosis_has_SynchronousTumor_OrNot> <No> 1 1 1 1
<513628> <hasDiagnosis_has_SynchronousTumor_OrNot> <No> 1 1 1 1
<513892> <hasDiagnosis_has_SynchronousTumor_OrNot> <No> 0 0 0 0
<516152> <hasDiagnosis_has_SynchronousTumor_OrNot> <No> 1 1 1 1
<512618> <hasDiagnosis_has_SynchronousTumor_OrNot> <No> 1 1 1 1
<412100> <hasDiagnosis_has_SynchronousTumor_OrNot> <No> 1 1 1 1
<413117> <hasDiagnosis_has_SynchronousTumor_OrNot> <No> 1 1 1 1
<4314434> <hasDiagnosis_has_SynchronousTumor_OrNot> <No> 1 1 1 1
<4910934> <hasDiagnosis_has_SynchronousTumor_OrNot> <No> 0 0 0 0
<5111951> <hasDiagnosis_has_SynchronousTumor_OrNot> <No> 1 1 1 1
<417026> <hasDiagnosis_has_SynchronousTumor_OrNot> <No> 1 1 1 1
<5112289> <hasDiagnosis_has_SynchronousTumor_OrNot> <No> 1 1 1 1
<513092> <hasDiagnosis_has_SynchronousTumor_OrNot> <No> 1 1 1 1
<413877> <hasDiagnosis_has_SynchronousTumor_OrNot> <No> 1 1 1 1
<417030> <hasDiagnosis_has_SynchronousTumor_OrNot> <No> 1 1 1 1
<416969> <hasDiagnosis_has_SynchronousTumor_OrNot> <No> 1 1 1 1
<5111781> <hasDiagnosis_has_SynchronousTumor_OrNot> <No> 1 1 1 1
<513983> <hasDiagnosis_has_SynchronousTumor_OrNot> <No> 1 1 1 1
<513653> <hasDiagnosis_has_SynchronousTumor_OrNot> <No> 0 0 0 0
<512504> <hasDiagnosis_has_SynchronousTumor_OrNot> <No> 1 1 1 1
<513895> <hasDiagnosis_has_SynchronousTumor_OrNot> <No> 0 0 0 0
<514311> <hasDiagnosis_has_SynchronousTumor_OrNot> <No> 1 1 1 1
<4313054> <hasDiagnosis_has_SynchronousTumor_OrNot> <No> 1 1 1 1
<513959> <hasDiagnosis_has_SynchronousTumor_OrNot> <No> 0 0 0 0
<512465> <hasDiagnosis_has_SynchronousTumor_OrNot> <No> 1 1 1 1
<413293> <hasDiagnosis_has_SynchronousTumor_OrNot> <No> 1 1 1 1
<415127> <hasDiagnosis_has_SynchronousTumor_OrNot> <No> 1 1 1 1
<416673> <hasDiagnosis_has_SynchronousTumor_OrNot> <No> 1 1 1 1
<415910> <hasDiagnosis_has_SynchronousTumor_OrNot> <No> 0 0 0 0
<415975> <hasDiagnosis_has_SynchronousTumor_OrNot> <No> 0 0 0 0
<416501> <hasDiagnosis_has_SynchronousTumor_OrNot> <No> 1 1 1 1
<516340> <hasDiagnosis_has_SynchronousTumor_OrNot> <No> 1 1 1 1
<5312670> <hasDiagnosis_has_SynchronousTumor_OrNot> <No> 0 0 0 0
<5312676> <hasDiagnosis_has_SynchronousTumor_OrNot> <No> 1 1 1 1
<5312992> <hasDiagnosis_has_SynchronousTumor_OrNot> <No> 1 1 1 1
<5313367> <hasDiagnosis_has_SynchronousTumor_OrNot> <No> 1 1 1 1
<5313802> <hasDiagnosis_has_SynchronousTumor_OrNot> <No> 0 0 0 0
<5315050> <hasDiagnosis_has_SynchronousTumor_OrNot> <No> 1 1 1 1
<5315611> <hasDiagnosis_has_SynchronousTumor_OrNot> <No> 1 1 1 1
<5315716> <hasDiagnosis_has_SynchronousTumor_OrNot> <No> 1 1 1 1
<5315883> <hasDiagnosis_has_SynchronousTumor_OrNot> <No> 1 1 1 1
<5316073> <hasDiagnosis_has_SynchronousTumor_OrNot> <No> 1 1 1 1
<5316354> <hasDiagnosis_has_SynchronousTumor_OrNot> <No> 1 1 1 1
<5316652> <hasDiagnosis_has_SynchronousTumor_OrNot> <No> 1 1 1 1
<5316883> <hasDiagnosis_has_SynchronousTumor_OrNot> <No> 1 1 1 1
<5317336> <hasDiagnosis_has_SynchronousTumor_OrNot> <No> 1 1 1 1
<5317576> <hasDiagnosis_has_SynchronousTumor_OrNot> <No> 1 1 1 1
<5317582> <hasDiagnosis_has_SynchronousTumor_OrNot> <No> 1 1 1 1
<5510631> <hasDiagnosis_has_SynchronousTumor_OrNot> <No> 1 1 1 1
<5815258> <hasDiagnosis_has_SynchronousTumor_OrNot> <No> 1 1 1 1
<6300679> <hasDiagnosis_has_SynchronousTumor_OrNot> <No> 1 1 1 1
<6312062> <hasDiagnosis_has_SynchronousTumor_OrNot> <No> 1 1 1 1
<6312156> <hasDiagnosis_has_SynchronousTumor_OrNot> <No> 1 1 1 1
<6312282> <hasDiagnosis_has_SynchronousTumor_OrNot> <No> 1 1 1 1
<6315840> <hasDiagnosis_has_SynchronousTumor_OrNot> <No> 0 0 0 0
<6315969> <hasDiagnosis_has_SynchronousTumor_OrNot> <No> 0 0 0 0
<6315971> <hasDiagnosis_has_SynchronousTumor_OrNot> <No> 1 1 1 1
<6317010> <hasDiagnosis_has_SynchronousTumor_OrNot> <No> 1 1 1 1
<6611284> <hasDiagnosis_has_SynchronousTumor_OrNot> <No> 1 1 1 1
<710884> <hasDiagnosis_has_SynchronousTumor_OrNot> <No> 1 1 1 1
<711040> <hasDiagnosis_has_SynchronousTumor_OrNot> <Yes> 2 2 1 1
<7214959> <hasDiagnosis_has_SynchronousTumor_OrNot> <No> 1 1 1 1
<8311456> <hasDiagnosis_has_SynchronousTumor_OrNot> <No> 1 1 1 1
<8311963> <hasDiagnosis_has_SynchronousTumor_OrNot> <No> 1 1 1 1
<909695> <hasDiagnosis_has_SynchronousTumor_OrNot> <No> 0 0 0 0
<911555> <hasDiagnosis_has_SynchronousTumor_OrNot> <No> 1 1 1 1
<916870> <hasDiagnosis_has_SynchronousTumor_OrNot> <No> 1 1 1 1
<9408882> <hasDiagnosis_has_SynchronousTumor_OrNot> <No> 1 1 1 1
<9414070> <hasDiagnosis_has_SynchronousTumor_OrNot> <No> 1 1 1 1
<9414355> <hasDiagnosis_has_SynchronousTumor_OrNot> <No> 1 1 1 1
<9416389> <hasDiagnosis_has_SynchronousTumor_OrNot> <No> 1 1 1 1
<9417525> <hasDiagnosis_has_SynchronousTumor_OrNot> <No> 1 1 1 1
<9711522> <hasDiagnosis_has_SynchronousTumor_OrNot> <No> 1 1 1 1
<4910882> <hasDiagnosis_has_SynchronousTumor_OrNot> <No> 1 1 1 1
<4910646> <hasDiagnosis_has_SynchronousTumor_OrNot> <No> 1 1 1 1
<414387> <hasDiagnosis_has_SynchronousTumor_OrNot> <No> 1 1 1 1
<514134> <hasDiagnosis_has_SynchronousTumor_OrNot> <No> 1 1 1 1
<516204> <hasDiagnosis_has_SynchronousTumor_OrNot> <No> 1 1 1 1
<5313162> <hasDiagnosis_has_SynchronousTumor_OrNot> <No> 1 1 1 1
<5314827> <hasDiagnosis_has_SynchronousTumor_OrNot> <No> 1 1 1 1
<5315429> <hasDiagnosis_has_SynchronousTumor_OrNot> <No> 1 1 1 1
<5315783> <hasDiagnosis_has_SynchronousTumor_OrNot> <No> 1 1 1 1
<5315949> <hasDiagnosis_has_SynchronousTumor_OrNot> <No> 1 1 1 1
<6311829> <hasDiagnosis_has_SynchronousTumor_OrNot> <No> 1 1 1 1
<710812> <hasDiagnosis_has_SynchronousTumor_OrNot> <No> 1 1 1 1
<916858> <hasDiagnosis_has_SynchronousTumor_OrNot> <No> 1 1 1 1
<9407913> <hasDiagnosis_has_SynchronousTumor_OrNot> <No> 0 0 0 0
<9909859> <hasDiagnosis_has_SynchronousTumor_OrNot> <No> 1 1 1 1
<9911295> <hasDiagnosis_has_SynchronousTumor_OrNot> <No> 1 1 1 1
<516733> <hasDiagnosis_has_SynchronousTumor_OrNot> <No> 0 0 0 0
<5313925> <hasDiagnosis_has_SynchronousTumor_OrNot> <No> 1 1 1 1
<5314837> <hasDiagnosis_has_SynchronousTumor_OrNot> <No> 1 1 1 1
<5315424> <hasDiagnosis_has_SynchronousTumor_OrNot> <No> 1 1 1 1
<5814928> <hasDiagnosis_has_SynchronousTumor_OrNot> <No> 1 1 1 1
<6311769> <hasDiagnosis_has_SynchronousTumor_OrNot> <No> 1 1 1 1
<6312320> <hasDiagnosis_has_SynchronousTumor_OrNot> <No> 1 1 1 1
<6312361> <hasDiagnosis_has_SynchronousTumor_OrNot> <No> 0 0 0 0
<6315476> <hasDiagnosis_has_SynchronousTumor_OrNot> <No> 0 0 0 0
<911441> <hasDiagnosis_has_SynchronousTumor_OrNot> <No> 0 0 0 0
<9409193> <hasDiagnosis_has_SynchronousTumor_OrNot> <No> 1 1 1 1
<9409315> <hasDiagnosis_has_SynchronousTumor_OrNot> <No> 1 1 1 1
<513517> <hasDiagnosis_has_SynchronousTumor_OrNot> <No> 1 1 1 1
<513600> <hasDiagnosis_has_SynchronousTumor_OrNot> <No> 1 1 1 1
<5313372> <hasDiagnosis_has_SynchronousTumor_OrNot> <No> 1 1 1 1
<7411515> <hasDiagnosis_has_SynchronousTumor_OrNot> <No> 1 1 1 1
<9414080> <hasDiagnosis_has_SynchronousTumor_OrNot> <No> 1 1 1 1
<9415325> <hasDiagnosis_has_SynchronousTumor_OrNot> <No> 1 1 1 1
<5316048> <hasDiagnosis_has_SynchronousTumor_OrNot> <No> 1 1 1 1
<6312736> <hasDiagnosis_has_SynchronousTumor_OrNot> <No> 0 0 0 0
<9409182> <hasDiagnosis_has_SynchronousTumor_OrNot> <No> 1 1 1 1
<6304657> <hasDiagnosis_has_SynchronousTumor_OrNot> <Yes> 0 0 0 0
<909678> <hasDiagnosis_has_SynchronousTumor_OrNot> <No> 1 1 1 1
<6316834> <hasDiagnosis_has_SynchronousTumor_OrNot> <No> 1 1 1 1
<911557> <hasDiagnosis_has_SynchronousTumor_OrNot> <No> 1 1 1 1
<916674> <hasDiagnosis_has_SynchronousTumor_OrNot> <No> 1 1 1 1
<5313225> <hasDiagnosis_has_SynchronousTumor_OrNot> <No> 1 1 1 1
<7110317> <hasDiagnosis_has_SynchronousTumor_OrNot> <No> 1 1 1 1
<916792> <hasDiagnosis_has_SynchronousTumor_OrNot> <No> 1 1 1 1
<516393> <hasDiagnosis_has_SynchronousTumor_OrNot> <No> 1 1 1 1
<909767> <hasDiagnosis_has_SynchronousTumor_OrNot> <No> 0 0 0 0
<5313125> <hasDiagnosis_has_SynchronousTumor_OrNot> <No> 1 1 1 1
<5313953> <hasDiagnosis_has_SynchronousTumor_OrNot> <No> 1 1 1 1
<9912046> <hasDiagnosis_has_SynchronousTumor_OrNot> <No> 1 1 1 1
<9710761> <hasDiagnosis_has_SynchronousTumor_OrNot> <No> 1 1 1 1
<9710042> <hasDiagnosis_has_SynchronousTumor_OrNot> <No> 1 1 1 1
<11312171> <hasDiagnosis_has_SynchronousTumor_OrNot> <No> 1 1 1 1
<205588> <hasDiagnosis_has_SynchronousTumor_OrNot> <No> 1 1 1 1
<217112> <hasDiagnosis_has_SynchronousTumor_OrNot> <No> 1 1 1 1
<211362> <hasDiagnosis_has_SynchronousTumor_OrNot> <No> 0 0 0 0
<5313493> <hasDiagnosis_has_SynchronousTumor_OrNot> <No> 1 1 1 1
<6314338> <hasDiagnosis_has_SynchronousTumor_OrNot> <No> 1 1 1 1
<516358> <hasDiagnosis_has_SynchronousTumor_OrNot> <No> 0 0 0 0
<5316163> <hasDiagnosis_has_SynchronousTumor_OrNot> <No> 1 1 1 1
<516962> <hasDiagnosis_has_SynchronousTumor_OrNot> <No> 1 1 1 1
<6317175> <hasDiagnosis_has_SynchronousTumor_OrNot> <No> 1 1 1 1
<5315518> <hasDiagnosis_has_SynchronousTumor_OrNot> <No> 1 1 1 1
<10816571> <hasDiagnosis_has_SynchronousTumor_OrNot> <No> 1 1 1 1
<5315852> <hasDiagnosis_has_SynchronousTumor_OrNot> <No> 1 1 1 1
<6317434> <hasDiagnosis_has_SynchronousTumor_OrNot> <No> 1 1 1 1
