<103536> <hasDiagnosis_hasDiagnosisStage> <IA> 0 0 0 0
<104464> <hasDiagnosis_hasDiagnosisStage> <IV> 0 0 0 0
<10600739> <hasDiagnosis_hasDiagnosisStage> <IV> 0 0 0 0
<10611561> <hasDiagnosis_hasDiagnosisStage> <IVB> 0 0 0 0
<10612152> <hasDiagnosis_hasDiagnosisStage> <IVB> 0 0 0 0
<106872> <hasDiagnosis_hasDiagnosisStage> <IIIA> 0 0 0 0
<107992> <hasDiagnosis_hasDiagnosisStage> <IV> 0 0 0 0
<10802678> <hasDiagnosis_hasDiagnosisStage> <Otros> 0 0 0 0
<10815689> <hasDiagnosis_hasDiagnosisStage> <IIIA> 0 0 0 0
<10817079> <hasDiagnosis_hasDiagnosisStage> <IVA> 0 0 0 0
<103592> <hasDiagnosis_hasDiagnosisStage> <IIB> 0 0 0 0
<10606136> <hasDiagnosis_hasDiagnosisStage> <Limitado> 0 0 0 0
<112538> <hasDiagnosis_hasDiagnosisStage> <Limitado> 0 0 0 0
<112907> <hasDiagnosis_hasDiagnosisStage> <IV> 0 0 0 0
<11312201> <hasDiagnosis_hasDiagnosisStage> <IA3> 0 0 0 0
<11317032> <hasDiagnosis_hasDiagnosisStage> <IVB> 0 0 0 0
<11405900> <hasDiagnosis_hasDiagnosisStage> <IV> 0 0 0 0
<11911238> <hasDiagnosis_hasDiagnosisStage> <IV> 0 0 0 0
<1201023> <hasDiagnosis_hasDiagnosisStage> <IV> 0 0 0 0
<1201127> <hasDiagnosis_hasDiagnosisStage> <IV> 0 0 0 0
<12914269> <hasDiagnosis_hasDiagnosisStage> <IB> 0 0 0 0
<12914330> <hasDiagnosis_hasDiagnosisStage> <IVA> 0 0 0 0
<12914349> <hasDiagnosis_hasDiagnosisStage> <IVA> 0 0 0 0
<12914532> <hasDiagnosis_hasDiagnosisStage> <IIIB> 0 0 0 0
<11405910> <hasDiagnosis_hasDiagnosisStage> <IV> 0 0 0 0
<11312119> <hasDiagnosis_hasDiagnosisStage> <IVA> 0 0 0 0
<11405988> <hasDiagnosis_hasDiagnosisStage> <IIIA> 0 0 0 0
<12914951> <hasDiagnosis_hasDiagnosisStage> <Limitado> 0 0 0 0
<1300501> <hasDiagnosis_hasDiagnosisStage> <IV> 0 0 0 0
<1300624> <hasDiagnosis_hasDiagnosisStage> <IV> 0 0 0 0
<1303244> <hasDiagnosis_hasDiagnosisStage> <IV> 0 0 0 0
<1304759> <hasDiagnosis_hasDiagnosisStage> <IV> 0 0 0 0
<1305060> <hasDiagnosis_hasDiagnosisStage> <IV> 0 0 0 0
<1305519> <hasDiagnosis_hasDiagnosisStage> <IV> 0 0 0 0
<1305545> <hasDiagnosis_hasDiagnosisStage> <IV> 0 0 0 0
<1305593> <hasDiagnosis_hasDiagnosisStage> <IIIA> 0 0 0 0
<1306087> <hasDiagnosis_hasDiagnosisStage> <IIIB> 0 0 0 0
<1306683> <hasDiagnosis_hasDiagnosisStage> <IIIB> 0 0 0 0
<1311228> <hasDiagnosis_hasDiagnosisStage> <Limitado> 0 0 0 0
<1313272> <hasDiagnosis_hasDiagnosisStage> <IVA> 0 0 0 0
<10601102> <hasDiagnosis_hasDiagnosisStage> <IIIA> 0 0 0 0
<10615937> <hasDiagnosis_hasDiagnosisStage> <IVB> 0 0 0 0
<1213088> <hasDiagnosis_hasDiagnosisStage> <IIIC> 0 0 0 0
<1300994> <hasDiagnosis_hasDiagnosisStage> <IV> 0 0 0 0
<1301672> <hasDiagnosis_hasDiagnosisStage> <IV> 0 0 0 0
<1302093> <hasDiagnosis_hasDiagnosisStage> <IV> 0 0 0 0
<1305695> <hasDiagnosis_hasDiagnosisStage> <IV> 0 0 0 0
<1306241> <hasDiagnosis_hasDiagnosisStage> <IV> 0 0 0 0
<1315106> <hasDiagnosis_hasDiagnosisStage> <IV> 0 0 0 0
<1315168> <hasDiagnosis_hasDiagnosisStage> <IV> 0 0 0 0
<1503659> <hasDiagnosis_hasDiagnosisStage> <IV> 0 0 0 0
<1504009> <hasDiagnosis_hasDiagnosisStage> <IB> 0 0 0 0
<1504541> <hasDiagnosis_hasDiagnosisStage> <IV> 0 0 0 0
<1314573> <hasDiagnosis_hasDiagnosisStage> <IB> 0 0 0 0
<15707831> <hasDiagnosis_hasDiagnosisStage> <Limitado> 0 0 0 0
<15709469> <hasDiagnosis_hasDiagnosisStage> <IIIA> 0 0 0 0
<15714597> <hasDiagnosis_hasDiagnosisStage> <IB> 0 0 0 0
<15714651> <hasDiagnosis_hasDiagnosisStage> <IVA> 0 0 0 0
<201929> <hasDiagnosis_hasDiagnosisStage> <IIIA> 0 0 0 0
<15702255> <hasDiagnosis_hasDiagnosisStage> <IV> 0 0 0 0
<203787> <hasDiagnosis_hasDiagnosisStage> <IIIB> 0 0 0 0
<206171> <hasDiagnosis_hasDiagnosisStage> <IA> 0 0 0 0
<206869> <hasDiagnosis_hasDiagnosisStage> <IV> 0 0 0 0
<2102594> <hasDiagnosis_hasDiagnosisStage> <IIIA> 0 0 0 0
<202939> <hasDiagnosis_hasDiagnosisStage> <IV> 0 0 0 0
<2101070> <hasDiagnosis_hasDiagnosisStage> <IV> 0 0 0 0
<205077> <hasDiagnosis_hasDiagnosisStage> <IIIA> 0 0 0 0
<10815705> <hasDiagnosis_hasDiagnosisStage> <IVB> 0 0 0 0
<109230> <hasDiagnosis_hasDiagnosisStage> <IV> 0 0 0 0
<10802688> <hasDiagnosis_hasDiagnosisStage> <Limitado> 0 0 0 0
<12914270> <hasDiagnosis_hasDiagnosisStage> <IVB> 0 0 0 0
<12914061> <hasDiagnosis_hasDiagnosisStage> <Limitado> 0 0 0 0
<1301887> <hasDiagnosis_hasDiagnosisStage> <IV> 0 0 0 0
<1312937> <hasDiagnosis_hasDiagnosisStage> <IIB> 0 0 0 0
<1315352> <hasDiagnosis_hasDiagnosisStage> <IV> 0 0 0 0
<201625> <hasDiagnosis_hasDiagnosisStage> <IVA> 0 0 0 0
<206686> <hasDiagnosis_hasDiagnosisStage> <IV> 0 0 0 0
<202771> <hasDiagnosis_hasDiagnosisStage> <Limitado> 0 0 0 0
<2300866> <hasDiagnosis_hasDiagnosisStage> <IIIB> 0 0 0 0
<216099> <hasDiagnosis_hasDiagnosisStage> <IIIA> 0 0 0 0
<2300318> <hasDiagnosis_hasDiagnosisStage> <IV> 0 0 0 0
<2300971> <hasDiagnosis_hasDiagnosisStage> <IA> 0 0 0 0
<1509174> <hasDiagnosis_hasDiagnosisStage> <IVB> 0 0 0 0
<210432> <hasDiagnosis_hasDiagnosisStage> <IIIB> 0 0 0 0
<2303159> <hasDiagnosis_hasDiagnosisStage> <IV> 0 0 0 0
<206464> <hasDiagnosis_hasDiagnosisStage> <IIIA> 0 0 0 0
<2100779> <hasDiagnosis_hasDiagnosisStage> <IIIA> 0 0 0 0
<2100836> <hasDiagnosis_hasDiagnosisStage> <IV> 0 0 0 0
<2302972> <hasDiagnosis_hasDiagnosisStage> <IV> 0 0 0 0
<1511189> <hasDiagnosis_hasDiagnosisStage> <IVB> 0 0 0 0
<205484> <hasDiagnosis_hasDiagnosisStage> <Limitado> 0 0 0 0
<2101500> <hasDiagnosis_hasDiagnosisStage> <IIIA> 0 0 0 0
<1305694> <hasDiagnosis_hasDiagnosisStage> <IV> 0 0 0 0
<15714659> <hasDiagnosis_hasDiagnosisStage> <IVB> 0 0 0 0
<207214> <hasDiagnosis_hasDiagnosisStage> <IIIB> 0 0 0 0
<1306376> <hasDiagnosis_hasDiagnosisStage> <IV> 0 0 0 0
<2100902> <hasDiagnosis_hasDiagnosisStage> <IV> 0 0 0 0
<207003> <hasDiagnosis_hasDiagnosisStage> <IV> 0 0 0 0
<206678> <hasDiagnosis_hasDiagnosisStage> <IV> 0 0 0 0
<1507752> <hasDiagnosis_hasDiagnosisStage> <IIA> 0 0 0 0
<2300577> <hasDiagnosis_hasDiagnosisStage> <IIIA> 0 0 0 0
<2304848> <hasDiagnosis_hasDiagnosisStage> <IV> 0 0 0 0
<2306986> <hasDiagnosis_hasDiagnosisStage> <IIIC> 0 0 0 0
<2311649> <hasDiagnosis_hasDiagnosisStage> <IIA> 0 0 0 0
<2405885> <hasDiagnosis_hasDiagnosisStage> <IV> 0 0 0 0
<2808249> <hasDiagnosis_hasDiagnosisStage> <IIIA> 0 0 0 0
<2808293> <hasDiagnosis_hasDiagnosisStage> <IIIA> 0 0 0 0
<2810616> <hasDiagnosis_hasDiagnosisStage> <IIIA> 0 0 0 0
<2807859> <hasDiagnosis_hasDiagnosisStage> <IIIA> 0 0 0 0
<2803726> <hasDiagnosis_hasDiagnosisStage> <IV> 0 0 0 0
<2815303> <hasDiagnosis_hasDiagnosisStage> <IVA> 0 0 0 0
<2903128> <hasDiagnosis_hasDiagnosisStage> <IV> 0 0 0 0
<300305> <hasDiagnosis_hasDiagnosisStage> <IIA> 0 0 0 0
<1503528> <hasDiagnosis_hasDiagnosisStage> <Extendido> 0 0 0 0
<1511169> <hasDiagnosis_hasDiagnosisStage> <IA2> 0 0 0 0
<15714634> <hasDiagnosis_hasDiagnosisStage> <Extendido> 0 0 0 0
<205584> <hasDiagnosis_hasDiagnosisStage> <Extendido> 0 0 0 0
<207789> <hasDiagnosis_hasDiagnosisStage> <Extendido> 0 0 0 0
<209574> <hasDiagnosis_hasDiagnosisStage> <Extendido> 0 0 0 0
<116557> <hasDiagnosis_hasDiagnosisStage> <Extendido> 0 0 0 0
<1501038> <hasDiagnosis_hasDiagnosisStage> <Extendido> 0 0 0 0
<2304915> <hasDiagnosis_hasDiagnosisStage> <Extendido> 0 0 0 0
<206001> <hasDiagnosis_hasDiagnosisStage> <Extendido> 0 0 0 0
<210138> <hasDiagnosis_hasDiagnosisStage> <Extendido> 0 0 0 0
<2307044> <hasDiagnosis_hasDiagnosisStage> <Extendido> 0 0 0 0
<2307326> <hasDiagnosis_hasDiagnosisStage> <Extendido> 0 0 0 0
<2506019> <hasDiagnosis_hasDiagnosisStage> <Extendido> 0 0 0 0
<15701856> <hasDiagnosis_hasDiagnosisStage> <IV> 0 0 0 0
<1512993> <hasDiagnosis_hasDiagnosisStage> <IIIA> 0 0 0 0
<202494> <hasDiagnosis_hasDiagnosisStage> <IIIA> 0 0 0 0
<204396> <hasDiagnosis_hasDiagnosisStage> <IV> 0 0 0 0
<2100738> <hasDiagnosis_hasDiagnosisStage> <IIIB> 0 0 0 0
<205359> <hasDiagnosis_hasDiagnosisStage> <IIIA> 0 0 0 0
<2100774> <hasDiagnosis_hasDiagnosisStage> <IV> 0 0 0 0
<1300499> <hasDiagnosis_hasDiagnosisStage> <IV> 0 0 0 0
<2115849> <hasDiagnosis_hasDiagnosisStage> <Limitado> 0 0 0 0
<1306799> <hasDiagnosis_hasDiagnosisStage> <IIIB> 0 0 0 0
<215252> <hasDiagnosis_hasDiagnosisStage> <IIIA> 0 0 0 0
<2904008> <hasDiagnosis_hasDiagnosisStage> <IB> 0 0 0 0
<3012900> <hasDiagnosis_hasDiagnosisStage> <IV> 0 0 0 0
<3016862> <hasDiagnosis_hasDiagnosisStage> <IVB> 0 0 0 0
<2900547> <hasDiagnosis_hasDiagnosisStage> <Limitado> 0 0 0 0
<2814327> <hasDiagnosis_hasDiagnosisStage> <IIIB> 0 0 0 0
<2915962> <hasDiagnosis_hasDiagnosisStage> <IIIA> 0 0 0 0
<2813543> <hasDiagnosis_hasDiagnosisStage> <IB> 0 0 0 0
<2911843> <hasDiagnosis_hasDiagnosisStage> <IV> 0 0 0 0
<304751> <hasDiagnosis_hasDiagnosisStage> <IIIA> 0 0 0 0
<304946> <hasDiagnosis_hasDiagnosisStage> <IVA> 0 0 0 0
<307590> <hasDiagnosis_hasDiagnosisStage> <IV> 0 0 0 0
<3404376> <hasDiagnosis_hasDiagnosisStage> <Limitado> 0 0 0 0
<3406981> <hasDiagnosis_hasDiagnosisStage> <IV> 0 0 0 0
<3407081> <hasDiagnosis_hasDiagnosisStage> <IIIA> 0 0 0 0
<3507848> <hasDiagnosis_hasDiagnosisStage> <IVA> 0 0 0 0
<3507851> <hasDiagnosis_hasDiagnosisStage> <IIIB> 0 0 0 0
<3507856> <hasDiagnosis_hasDiagnosisStage> <IVA> 0 0 0 0
<3508902> <hasDiagnosis_hasDiagnosisStage> <IA> 0 0 0 0
<3510732> <hasDiagnosis_hasDiagnosisStage> <IVB> 0 0 0 0
<3514370> <hasDiagnosis_hasDiagnosisStage> <IIIA> 0 0 0 0
<409496> <hasDiagnosis_hasDiagnosisStage> <IV> 0 0 0 0
<409711> <hasDiagnosis_hasDiagnosisStage> <IVA> 0 0 0 0
<410104> <hasDiagnosis_hasDiagnosisStage> <IVB> 0 0 0 0
<3805651> <hasDiagnosis_hasDiagnosisStage> <IV> 0 0 0 0
<3511061> <hasDiagnosis_hasDiagnosisStage> <IV> 0 0 0 0
<411048> <hasDiagnosis_hasDiagnosisStage> <IVA> 0 0 0 0
<416483> <hasDiagnosis_hasDiagnosisStage> <IVB> 0 0 0 0
<4201556> <hasDiagnosis_hasDiagnosisStage> <IV> 0 0 0 0
<416068> <hasDiagnosis_hasDiagnosisStage> <IVA> 0 0 0 0
<416504> <hasDiagnosis_hasDiagnosisStage> <IVA> 0 0 0 0
<2311134> <hasDiagnosis_hasDiagnosisStage> <IVA> 0 0 0 0
<2808926> <hasDiagnosis_hasDiagnosisStage> <IVA> 0 0 0 0
<2903131> <hasDiagnosis_hasDiagnosisStage> <IIIB> 0 0 0 0
<3411355> <hasDiagnosis_hasDiagnosisStage> <IIIB> 0 0 0 0
<3510315> <hasDiagnosis_hasDiagnosisStage> <IVB> 0 0 0 0
<1306206> <hasDiagnosis_hasDiagnosisStage> <IV> 0 0 0 0
<1314709> <hasDiagnosis_hasDiagnosisStage> <IVA> 0 0 0 0
<1305468> <hasDiagnosis_hasDiagnosisStage> <IV> 0 0 0 0
<1312861> <hasDiagnosis_hasDiagnosisStage> <IB> 0 0 0 0
<205098> <hasDiagnosis_hasDiagnosisStage> <IV> 0 0 0 0
<2312687> <hasDiagnosis_hasDiagnosisStage> <IIIB> 0 0 0 0
<2305086> <hasDiagnosis_hasDiagnosisStage> <IV> 0 0 0 0
<3007186> <hasDiagnosis_hasDiagnosisStage> <IB> 0 0 0 0
<300865> <hasDiagnosis_hasDiagnosisStage> <IIIA> 0 0 0 0
<314439> <hasDiagnosis_hasDiagnosisStage> <IVA> 0 0 0 0
<3508706> <hasDiagnosis_hasDiagnosisStage> <IVB> 0 0 0 0
<2300030> <hasDiagnosis_hasDiagnosisStage> <IIIA> 0 0 0 0
<2811806> <hasDiagnosis_hasDiagnosisStage> <IB> 0 0 0 0
<2903724> <hasDiagnosis_hasDiagnosisStage> <IIIA> 0 0 0 0
<311822> <hasDiagnosis_hasDiagnosisStage> <IIIB> 0 0 0 0
<3508633> <hasDiagnosis_hasDiagnosisStage> <IIIB> 0 0 0 0
<3514522> <hasDiagnosis_hasDiagnosisStage> <IV> 0 0 0 0
<3509110> <hasDiagnosis_hasDiagnosisStage> <IV> 0 0 0 0
<407503> <hasDiagnosis_hasDiagnosisStage> <IV> 0 0 0 0
<409433> <hasDiagnosis_hasDiagnosisStage> <IVB> 0 0 0 0
<416436> <hasDiagnosis_hasDiagnosisStage> <IIB> 0 0 0 0
<415914> <hasDiagnosis_hasDiagnosisStage> <IVA> 0 0 0 0
<3505624> <hasDiagnosis_hasDiagnosisStage> <IV> 0 0 0 0
<410010> <hasDiagnosis_hasDiagnosisStage> <IVA> 0 0 0 0
<417137> <hasDiagnosis_hasDiagnosisStage> <Limitado> 0 0 0 0
<3012748> <hasDiagnosis_hasDiagnosisStage> <IVA> 0 0 0 0
<2903720> <hasDiagnosis_hasDiagnosisStage> <IV> 0 0 0 0
<3315525> <hasDiagnosis_hasDiagnosisStage> <IIIA> 0 0 0 0
<409736> <hasDiagnosis_hasDiagnosisStage> <IVA> 0 0 0 0
<415180> <hasDiagnosis_hasDiagnosisStage> <IVA> 0 0 0 0
<3905813> <hasDiagnosis_hasDiagnosisStage> <IIB> 0 0 0 0
<417142> <hasDiagnosis_hasDiagnosisStage> <IIIA> 0 0 0 0
<304516> <hasDiagnosis_hasDiagnosisStage> <IIIA> 0 0 0 0
<2112870> <hasDiagnosis_hasDiagnosisStage> <Limitado> 0 0 0 0
<2905397> <hasDiagnosis_hasDiagnosisStage> <IVA> 0 0 0 0
<2115592> <hasDiagnosis_hasDiagnosisStage> <IIIC> 0 0 0 0
<310255> <hasDiagnosis_hasDiagnosisStage> <IIIA> 0 0 0 0
<4910488> <hasDiagnosis_hasDiagnosisStage> <IVB> 0 0 0 0
<4910719> <hasDiagnosis_hasDiagnosisStage> <Limitado> 0 0 0 0
<4911124> <hasDiagnosis_hasDiagnosisStage> <IIIB> 0 0 0 0
<501324> <hasDiagnosis_hasDiagnosisStage> <IB> 0 0 0 0
<503100> <hasDiagnosis_hasDiagnosisStage> <Limitado> 0 0 0 0
<4313228> <hasDiagnosis_hasDiagnosisStage> <IIB> 0 0 0 0
<503840> <hasDiagnosis_hasDiagnosisStage> <Limitado> 0 0 0 0
<507543> <hasDiagnosis_hasDiagnosisStage> <IIIA> 0 0 0 0
<508442> <hasDiagnosis_hasDiagnosisStage> <IV> 0 0 0 0
<5103259> <hasDiagnosis_hasDiagnosisStage> <IV> 0 0 0 0
<3812240> <hasDiagnosis_hasDiagnosisStage> <Extendido> 0 0 0 0
<416657> <hasDiagnosis_hasDiagnosisStage> <Extendido> 0 0 0 0
<317444> <hasDiagnosis_hasDiagnosisStage> <IA2> 0 0 0 0
<410037> <hasDiagnosis_hasDiagnosisStage> <Extendido> 0 0 0 0
<2303242> <hasDiagnosis_hasDiagnosisStage> <Extendido> 0 0 0 0
<2816697> <hasDiagnosis_hasDiagnosisStage> <Extendido> 0 0 0 0
<4313227> <hasDiagnosis_hasDiagnosisStage> <IA2> 0 0 0 0
<4911121> <hasDiagnosis_hasDiagnosisStage> <Extendido> 0 0 0 0
<503429> <hasDiagnosis_hasDiagnosisStage> <Extendido> 0 0 0 0
<503003> <hasDiagnosis_hasDiagnosisStage> <Extendido> 0 0 0 0
<3005809> <hasDiagnosis_hasDiagnosisStage> <IV> 0 0 0 0
<311528> <hasDiagnosis_hasDiagnosisStage> <IVA> 0 0 0 0
<3812101> <hasDiagnosis_hasDiagnosisStage> <IIIA> 0 0 0 0
<410252> <hasDiagnosis_hasDiagnosisStage> <IVA> 0 0 0 0
<3510755> <hasDiagnosis_hasDiagnosisStage> <II> 0 0 0 0
<2304563> <hasDiagnosis_hasDiagnosisStage> <IV> 0 0 0 0
<415880> <hasDiagnosis_hasDiagnosisStage> <IVA> 0 0 0 0
<2507346> <hasDiagnosis_hasDiagnosisStage> <IIIA> 0 0 0 0
<417208> <hasDiagnosis_hasDiagnosisStage> <IIB> 0 0 0 0
<3404239> <hasDiagnosis_hasDiagnosisStage> <IV> 0 0 0 0
<2311054> <hasDiagnosis_hasDiagnosisStage> <IVA> 0 0 0 0
<4312675> <hasDiagnosis_hasDiagnosisStage> <IVB> 0 0 0 0
<4911136> <hasDiagnosis_hasDiagnosisStage> <IVA> 0 0 0 0
<5117583> <hasDiagnosis_hasDiagnosisStage> <IIIA> 0 0 0 0
<5106267> <hasDiagnosis_hasDiagnosisStage> <IV> 0 0 0 0
<512612> <hasDiagnosis_hasDiagnosisStage> <IV> 0 0 0 0
<513920> <hasDiagnosis_hasDiagnosisStage> <IIIB> 0 0 0 0
<516175> <hasDiagnosis_hasDiagnosisStage> <IVB> 0 0 0 0
<513585> <hasDiagnosis_hasDiagnosisStage> <IV> 0 0 0 0
<516118> <hasDiagnosis_hasDiagnosisStage> <IIIA> 0 0 0 0
<5315366> <hasDiagnosis_hasDiagnosisStage> <IV> 0 0 0 0
<5315651> <hasDiagnosis_hasDiagnosisStage> <IV> 0 0 0 0
<4910496> <hasDiagnosis_hasDiagnosisStage> <IIIA> 0 0 0 0
<508142> <hasDiagnosis_hasDiagnosisStage> <IV> 0 0 0 0
<508557> <hasDiagnosis_hasDiagnosisStage> <IV> 0 0 0 0
<509096> <hasDiagnosis_hasDiagnosisStage> <IIIB> 0 0 0 0
<5316073> <hasDiagnosis_hasDiagnosisStage> <IIIB> 0 0 0 0
<5107176> <hasDiagnosis_hasDiagnosisStage> <IIIA> 0 0 0 0
<5104168> <hasDiagnosis_hasDiagnosisStage> <IV> 0 0 0 0
<512576> <hasDiagnosis_hasDiagnosisStage> <IV> 0 0 0 0
<513279> <hasDiagnosis_hasDiagnosisStage> <IA> 0 0 0 0
<5316033> <hasDiagnosis_hasDiagnosisStage> <IVA> 0 0 0 0
<501240> <hasDiagnosis_hasDiagnosisStage> <IIIB> 0 0 0 0
<4911268> <hasDiagnosis_hasDiagnosisStage> <IV> 0 0 0 0
<5109611> <hasDiagnosis_hasDiagnosisStage> <IV> 0 0 0 0
<5111445> <hasDiagnosis_hasDiagnosisStage> <IV> 0 0 0 0
<2916022> <hasDiagnosis_hasDiagnosisStage> <Limitado> 0 0 0 0
<410123> <hasDiagnosis_hasDiagnosisStage> <IVA> 0 0 0 0
<415910> <hasDiagnosis_hasDiagnosisStage> <IVA> 0 0 0 0
<4602212> <hasDiagnosis_hasDiagnosisStage> <IV> 0 0 0 0
<501263> <hasDiagnosis_hasDiagnosisStage> <IA> 0 0 0 0
<513038> <hasDiagnosis_hasDiagnosisStage> <IVB> 0 0 0 0
<516195> <hasDiagnosis_hasDiagnosisStage> <IVA> 0 0 0 0
<503088> <hasDiagnosis_hasDiagnosisStage> <Limitado> 0 0 0 0
<512333> <hasDiagnosis_hasDiagnosisStage> <Otros> 0 0 0 0
<5116542> <hasDiagnosis_hasDiagnosisStage> <IVA> 0 0 0 0
<516906> <hasDiagnosis_hasDiagnosisStage> <IV> 0 0 0 0
<501284> <hasDiagnosis_hasDiagnosisStage> <IIIA> 0 0 0 0
<501329> <hasDiagnosis_hasDiagnosisStage> <IV> 0 0 0 0
<5107577> <hasDiagnosis_hasDiagnosisStage> <IIB> 0 0 0 0
<5314424> <hasDiagnosis_hasDiagnosisStage> <IIIB> 0 0 0 0
<5106264> <hasDiagnosis_hasDiagnosisStage> <IV> 0 0 0 0
<4910881> <hasDiagnosis_hasDiagnosisStage> <IA1> 0 0 0 0
<5111894> <hasDiagnosis_hasDiagnosisStage> <IB> 0 0 0 0
<507482> <hasDiagnosis_hasDiagnosisStage> <IV> 0 0 0 0
<512366> <hasDiagnosis_hasDiagnosisStage> <IV> 0 0 0 0
<514211> <hasDiagnosis_hasDiagnosisStage> <IIIC> 0 0 0 0
<513188> <hasDiagnosis_hasDiagnosisStage> <IIIA> 0 0 0 0
<516668> <hasDiagnosis_hasDiagnosisStage> <IV> 0 0 0 0
<4313848> <hasDiagnosis_hasDiagnosisStage> <IIIA> 0 0 0 0
<513643> <hasDiagnosis_hasDiagnosisStage> <IIIA> 0 0 0 0
<513952> <hasDiagnosis_hasDiagnosisStage> <IIA> 0 0 0 0
<4911217> <hasDiagnosis_hasDiagnosisStage> <IV> 0 0 0 0
<4910743> <hasDiagnosis_hasDiagnosisStage> <IIIA> 0 0 0 0
<503904> <hasDiagnosis_hasDiagnosisStage> <Limitado> 0 0 0 0
<512809> <hasDiagnosis_hasDiagnosisStage> <IVB> 0 0 0 0
<513690> <hasDiagnosis_hasDiagnosisStage> <IIIA> 0 0 0 0
<5315253> <hasDiagnosis_hasDiagnosisStage> <IV> 0 0 0 0
<4910863> <hasDiagnosis_hasDiagnosisStage> <IVA> 0 0 0 0
<508458> <hasDiagnosis_hasDiagnosisStage> <IV> 0 0 0 0
<513777> <hasDiagnosis_hasDiagnosisStage> <IIIA> 0 0 0 0
<4602213> <hasDiagnosis_hasDiagnosisStage> <IV> 0 0 0 0
<5106412> <hasDiagnosis_hasDiagnosisStage> <IV> 0 0 0 0
<508504> <hasDiagnosis_hasDiagnosisStage> <IV> 0 0 0 0
<5106834> <hasDiagnosis_hasDiagnosisStage> <IV> 0 0 0 0
<5316206> <hasDiagnosis_hasDiagnosisStage> <IVA> 0 0 0 0
<5316544> <hasDiagnosis_hasDiagnosisStage> <IIIA> 0 0 0 0
<5502774> <hasDiagnosis_hasDiagnosisStage> <IV> 0 0 0 0
<5505427> <hasDiagnosis_hasDiagnosisStage> <IV> 0 0 0 0
<5814889> <hasDiagnosis_hasDiagnosisStage> <IVB> 0 0 0 0
<6301700> <hasDiagnosis_hasDiagnosisStage> <IIIA> 0 0 0 0
<6304786> <hasDiagnosis_hasDiagnosisStage> <IIB> 0 0 0 0
<6312020> <hasDiagnosis_hasDiagnosisStage> <IVA> 0 0 0 0
<6313193> <hasDiagnosis_hasDiagnosisStage> <IIIA> 0 0 0 0
<6314348> <hasDiagnosis_hasDiagnosisStage> <IV> 0 0 0 0
<5112106> <hasDiagnosis_hasDiagnosisStage> <Extendido> 0 0 0 0
<514258> <hasDiagnosis_hasDiagnosisStage> <Extendido> 0 0 0 0
<503966> <hasDiagnosis_hasDiagnosisStage> <Extendido> 0 0 0 0
<5315646> <hasDiagnosis_hasDiagnosisStage> <Extendido> 0 0 0 0
<5315239> <hasDiagnosis_hasDiagnosisStage> <Extendido> 0 0 0 0
<503813> <hasDiagnosis_hasDiagnosisStage> <Extendido> 0 0 0 0
<5502858> <hasDiagnosis_hasDiagnosisStage> <Extendido> 0 0 0 0
<6316313> <hasDiagnosis_hasDiagnosisStage> <Extendido> 0 0 0 0
<6317210> <hasDiagnosis_hasDiagnosisStage> <Extendido> 0 0 0 0
<5112061> <hasDiagnosis_hasDiagnosisStage> <IVA> 0 0 0 0
<513845> <hasDiagnosis_hasDiagnosisStage> <IIIB> 0 0 0 0
<5105448> <hasDiagnosis_hasDiagnosisStage> <IIIA> 0 0 0 0
<513039> <hasDiagnosis_hasDiagnosisStage> <IVB> 0 0 0 0
<508136> <hasDiagnosis_hasDiagnosisStage> <IV> 0 0 0 0
<514302> <hasDiagnosis_hasDiagnosisStage> <IVA> 0 0 0 0
<4605940> <hasDiagnosis_hasDiagnosisStage> <IV> 0 0 0 0
<5313162> <hasDiagnosis_hasDiagnosisStage> <Otros> 0 0 0 0
<5313334> <hasDiagnosis_hasDiagnosisStage> <IV> 0 0 0 0
<701646> <hasDiagnosis_hasDiagnosisStage> <IV> 0 0 0 0
<701654> <hasDiagnosis_hasDiagnosisStage> <IB> 0 0 0 0
<702321> <hasDiagnosis_hasDiagnosisStage> <IV> 0 0 0 0
<709277> <hasDiagnosis_hasDiagnosisStage> <IIIB> 0 0 0 0
<908574> <hasDiagnosis_hasDiagnosisStage> <IV> 0 0 0 0
<911816> <hasDiagnosis_hasDiagnosisStage> <IVB> 0 0 0 0
<9705033> <hasDiagnosis_hasDiagnosisStage> <Otros> 0 0 0 0
<9705187> <hasDiagnosis_hasDiagnosisStage> <IIA> 0 0 0 0
<9705275> <hasDiagnosis_hasDiagnosisStage> <Limitado> 0 0 0 0
<9910497> <hasDiagnosis_hasDiagnosisStage> <IVB> 0 0 0 0
<9912935> <hasDiagnosis_hasDiagnosisStage> <IVB> 0 0 0 0
<9913133> <hasDiagnosis_hasDiagnosisStage> <IVA> 0 0 0 0
<5316598> <hasDiagnosis_hasDiagnosisStage> <IVB> 0 0 0 0
<5501636> <hasDiagnosis_hasDiagnosisStage> <IV> 0 0 0 0
<6315421> <hasDiagnosis_hasDiagnosisStage> <IVA> 0 0 0 0
<6605747> <hasDiagnosis_hasDiagnosisStage> <IIIB> 0 0 0 0
<7005697> <hasDiagnosis_hasDiagnosisStage> <IV> 0 0 0 0
<7404357> <hasDiagnosis_hasDiagnosisStage> <IIIB> 0 0 0 0
<900431> <hasDiagnosis_hasDiagnosisStage> <IV> 0 0 0 0
<911442> <hasDiagnosis_hasDiagnosisStage> <IIIA> 0 0 0 0
<916999> <hasDiagnosis_hasDiagnosisStage> <IVB> 0 0 0 0
<9703653> <hasDiagnosis_hasDiagnosisStage> <IV> 0 0 0 0
<9909855> <hasDiagnosis_hasDiagnosisStage> <IIIB> 0 0 0 0
<9713409> <hasDiagnosis_hasDiagnosisStage> <IIB> 0 0 0 0
<900434> <hasDiagnosis_hasDiagnosisStage> <IV> 0 0 0 0
<9408682> <hasDiagnosis_hasDiagnosisStage> <IVB> 0 0 0 0
<9703267> <hasDiagnosis_hasDiagnosisStage> <IV> 0 0 0 0
<9909401> <hasDiagnosis_hasDiagnosisStage> <IIIB> 0 0 0 0
<5501786> <hasDiagnosis_hasDiagnosisStage> <IIIA> 0 0 0 0
<6900553> <hasDiagnosis_hasDiagnosisStage> <Otros> 0 0 0 0
<708900> <hasDiagnosis_hasDiagnosisStage> <IIIA> 0 0 0 0
<705933> <hasDiagnosis_hasDiagnosisStage> <IB> 0 0 0 0
<9408796> <hasDiagnosis_hasDiagnosisStage> <IIIA> 0 0 0 0
<6314490> <hasDiagnosis_hasDiagnosisStage> <IIIA> 0 0 0 0
<9409778> <hasDiagnosis_hasDiagnosisStage> <IB> 0 0 0 0
<6316683> <hasDiagnosis_hasDiagnosisStage> <IV> 0 0 0 0
<705611> <hasDiagnosis_hasDiagnosisStage> <IV> 0 0 0 0
<705612> <hasDiagnosis_hasDiagnosisStage> <IV> 0 0 0 0
<9408741> <hasDiagnosis_hasDiagnosisStage> <IIIA> 0 0 0 0
<6300707> <hasDiagnosis_hasDiagnosisStage> <IV> 0 0 0 0
<100377> <hasDiagnosis_hasDiagnosisStage> <IV> 0 0 0 0
<101782> <hasDiagnosis_hasDiagnosisStage> <IB> 0 0 0 0
<104501> <hasDiagnosis_hasDiagnosisStage> <IV> 0 0 0 0
<10601122> <hasDiagnosis_hasDiagnosisStage> <IIIB> 0 0 0 0
<10601386> <hasDiagnosis_hasDiagnosisStage> <IIA> 0 0 0 0
<10606701> <hasDiagnosis_hasDiagnosisStage> <IV> 0 0 0 0
<10612175> <hasDiagnosis_hasDiagnosisStage> <IIIC> 0 0 0 0
<10612972> <hasDiagnosis_hasDiagnosisStage> <IA1> 0 0 0 0
<10803939> <hasDiagnosis_hasDiagnosisStage> <IIIA> 0 0 0 0
<10810455> <hasDiagnosis_hasDiagnosisStage> <IIIA> 0 0 0 0
<110034> <hasDiagnosis_hasDiagnosisStage> <IVA> 0 0 0 0
<110553> <hasDiagnosis_hasDiagnosisStage> <IA> 0 0 0 0
<111115> <hasDiagnosis_hasDiagnosisStage> <IIB> 0 0 0 0
<111410> <hasDiagnosis_hasDiagnosisStage> <IIIA> 0 0 0 0
<112251> <hasDiagnosis_hasDiagnosisStage> <IIB> 0 0 0 0
<11312277> <hasDiagnosis_hasDiagnosisStage> <IIIB> 0 0 0 0
<11405716> <hasDiagnosis_hasDiagnosisStage> <IV> 0 0 0 0
<11405834> <hasDiagnosis_hasDiagnosisStage> <IV> 0 0 0 0
<1200079> <hasDiagnosis_hasDiagnosisStage> <IV> 0 0 0 0
<1200135> <hasDiagnosis_hasDiagnosisStage> <IV> 0 0 0 0
<1213438> <hasDiagnosis_hasDiagnosisStage> <IVA> 0 0 0 0
<12914601> <hasDiagnosis_hasDiagnosisStage> <IIIB> 0 0 0 0
<1201060> <hasDiagnosis_hasDiagnosisStage> <IV> 0 0 0 0
<10606316> <hasDiagnosis_hasDiagnosisStage> <IIIA> 0 0 0 0
<1300453> <hasDiagnosis_hasDiagnosisStage> <IV> 0 0 0 0
<1302024> <hasDiagnosis_hasDiagnosisStage> <IIIB> 0 0 0 0
<1302930> <hasDiagnosis_hasDiagnosisStage> <IIIA> 0 0 0 0
<1303313> <hasDiagnosis_hasDiagnosisStage> <IIIA> 0 0 0 0
<1303500> <hasDiagnosis_hasDiagnosisStage> <IV> 0 0 0 0
<1304762> <hasDiagnosis_hasDiagnosisStage> <IV> 0 0 0 0
<1305516> <hasDiagnosis_hasDiagnosisStage> <IV> 0 0 0 0
<1306052> <hasDiagnosis_hasDiagnosisStage> <IV> 0 0 0 0
<1306186> <hasDiagnosis_hasDiagnosisStage> <IIIB> 0 0 0 0
<1306457> <hasDiagnosis_hasDiagnosisStage> <IV> 0 0 0 0
<1310312> <hasDiagnosis_hasDiagnosisStage> <IV> 0 0 0 0
<1312831> <hasDiagnosis_hasDiagnosisStage> <IVB> 0 0 0 0
<1314783> <hasDiagnosis_hasDiagnosisStage> <IV> 0 0 0 0
<1314958> <hasDiagnosis_hasDiagnosisStage> <IIIB> 0 0 0 0
<1315143> <hasDiagnosis_hasDiagnosisStage> <IV> 0 0 0 0
<1315389> <hasDiagnosis_hasDiagnosisStage> <IV> 0 0 0 0
<704852> <hasDiagnosis_hasDiagnosisStage> <Extendido> 0 0 0 0
<7216149> <hasDiagnosis_hasDiagnosisStage> <Extendido> 0 0 0 0
<9713364> <hasDiagnosis_hasDiagnosisStage> <Extendido> 0 0 0 0
<6608752> <hasDiagnosis_hasDiagnosisStage> <Extendido> 0 0 0 0
<7000477> <hasDiagnosis_hasDiagnosisStage> <Extendido> 0 0 0 0
<916877> <hasDiagnosis_hasDiagnosisStage> <Extendido> 0 0 0 0
<6312756> <hasDiagnosis_hasDiagnosisStage> <Extendido> 0 0 0 0
<908621> <hasDiagnosis_hasDiagnosisStage> <Extendido> 0 0 0 0
<1202556> <hasDiagnosis_hasDiagnosisStage> <Extendido> 0 0 0 0
<1305590> <hasDiagnosis_hasDiagnosisStage> <Extendido> 0 0 0 0
<1315176> <hasDiagnosis_hasDiagnosisStage> <Extendido> 0 0 0 0
<906927> <hasDiagnosis_hasDiagnosisStage> <IV> 0 0 0 0
<906954> <hasDiagnosis_hasDiagnosisStage> <IB> 0 0 0 0
<9704907> <hasDiagnosis_hasDiagnosisStage> <IIIA> 0 0 0 0
<9710540> <hasDiagnosis_hasDiagnosisStage> <IA3> 0 0 0 0
<5514259> <hasDiagnosis_hasDiagnosisStage> <IIIB> 0 0 0 0
<6400586> <hasDiagnosis_hasDiagnosisStage> <Limitado> 0 0 0 0
<9414066> <hasDiagnosis_hasDiagnosisStage> <IIB> 0 0 0 0
<9711716> <hasDiagnosis_hasDiagnosisStage> <IA1> 0 0 0 0
<9708627> <hasDiagnosis_hasDiagnosisStage> <IVA> 0 0 0 0
<108115> <hasDiagnosis_hasDiagnosisStage> <IV> 0 0 0 0
<113212> <hasDiagnosis_hasDiagnosisStage> <IA> 0 0 0 0
<1213292> <hasDiagnosis_hasDiagnosisStage> <IV> 0 0 0 0
<1311480> <hasDiagnosis_hasDiagnosisStage> <IIIB> 0 0 0 0
<1314705> <hasDiagnosis_hasDiagnosisStage> <IVA> 0 0 0 0
<1500916> <hasDiagnosis_hasDiagnosisStage> <Limitado> 0 0 0 0
<1501011> <hasDiagnosis_hasDiagnosisStage> <IV> 0 0 0 0
<1503660> <hasDiagnosis_hasDiagnosisStage> <IV> 0 0 0 0
<1500954> <hasDiagnosis_hasDiagnosisStage> <IB> 0 0 0 0
<1511066> <hasDiagnosis_hasDiagnosisStage> <Limitado> 0 0 0 0
<1514101> <hasDiagnosis_hasDiagnosisStage> <IV> 0 0 0 0
<1514649> <hasDiagnosis_hasDiagnosisStage> <IVB> 0 0 0 0
<1513583> <hasDiagnosis_hasDiagnosisStage> <IIA> 0 0 0 0
<15714605> <hasDiagnosis_hasDiagnosisStage> <IVA> 0 0 0 0
<208932> <hasDiagnosis_hasDiagnosisStage> <IV> 0 0 0 0
<205384> <hasDiagnosis_hasDiagnosisStage> <IV> 0 0 0 0
<203346> <hasDiagnosis_hasDiagnosisStage> <IIIA> 0 0 0 0
<2100609> <hasDiagnosis_hasDiagnosisStage> <IV> 0 0 0 0
<204397> <hasDiagnosis_hasDiagnosisStage> <Limitado> 0 0 0 0
<2100833> <hasDiagnosis_hasDiagnosisStage> <IV> 0 0 0 0
<2100975> <hasDiagnosis_hasDiagnosisStage> <IIIA> 0 0 0 0
<210520> <hasDiagnosis_hasDiagnosisStage> <IIIB> 0 0 0 0
<214824> <hasDiagnosis_hasDiagnosisStage> <IIIA> 0 0 0 0
<12914002> <hasDiagnosis_hasDiagnosisStage> <Limitado> 0 0 0 0
<11313453> <hasDiagnosis_hasDiagnosisStage> <IIIA> 0 0 0 0
<12915803> <hasDiagnosis_hasDiagnosisStage> <IIB> 0 0 0 0
<1302642> <hasDiagnosis_hasDiagnosisStage> <IIIA> 0 0 0 0
<201821> <hasDiagnosis_hasDiagnosisStage> <IV> 0 0 0 0
<2109340> <hasDiagnosis_hasDiagnosisStage> <IIIB> 0 0 0 0
<1314748> <hasDiagnosis_hasDiagnosisStage> <IVA> 0 0 0 0
<1314986> <hasDiagnosis_hasDiagnosisStage> <IVA> 0 0 0 0
<1315089> <hasDiagnosis_hasDiagnosisStage> <Otros> 0 0 0 0
<201565> <hasDiagnosis_hasDiagnosisStage> <IV> 0 0 0 0
<209904> <hasDiagnosis_hasDiagnosisStage> <IV> 0 0 0 0
<205411> <hasDiagnosis_hasDiagnosisStage> <IIIA> 0 0 0 0
<211887> <hasDiagnosis_hasDiagnosisStage> <IA3> 0 0 0 0
<1315120> <hasDiagnosis_hasDiagnosisStage> <IV> 0 0 0 0
<15700324> <hasDiagnosis_hasDiagnosisStage> <IIIB> 0 0 0 0
<205541> <hasDiagnosis_hasDiagnosisStage> <IIIA> 0 0 0 0
<205958> <hasDiagnosis_hasDiagnosisStage> <IV> 0 0 0 0
<202784> <hasDiagnosis_hasDiagnosisStage> <IA> 0 0 0 0
<210178> <hasDiagnosis_hasDiagnosisStage> <IV> 0 0 0 0
<1315236> <hasDiagnosis_hasDiagnosisStage> <IIIA> 0 0 0 0
<1509547> <hasDiagnosis_hasDiagnosisStage> <IIIA> 0 0 0 0
<202666> <hasDiagnosis_hasDiagnosisStage> <IV> 0 0 0 0
<1315484> <hasDiagnosis_hasDiagnosisStage> <IVB> 0 0 0 0
<1503663> <hasDiagnosis_hasDiagnosisStage> <IV> 0 0 0 0
<15706385> <hasDiagnosis_hasDiagnosisStage> <IIIA> 0 0 0 0
<2100830> <hasDiagnosis_hasDiagnosisStage> <IIA> 0 0 0 0
<15700194> <hasDiagnosis_hasDiagnosisStage> <IV> 0 0 0 0
<2300970> <hasDiagnosis_hasDiagnosisStage> <IIIA> 0 0 0 0
<204784> <hasDiagnosis_hasDiagnosisStage> <IV> 0 0 0 0
<1511055> <hasDiagnosis_hasDiagnosisStage> <IIB> 0 0 0 0
<1516811> <hasDiagnosis_hasDiagnosisStage> <IIA> 0 0 0 0
<206466> <hasDiagnosis_hasDiagnosisStage> <IIIA> 0 0 0 0
<2114610> <hasDiagnosis_hasDiagnosisStage> <IVB> 0 0 0 0
<204616> <hasDiagnosis_hasDiagnosisStage> <IIIA> 0 0 0 0
<210009> <hasDiagnosis_hasDiagnosisStage> <IV> 0 0 0 0
<211326> <hasDiagnosis_hasDiagnosisStage> <I> 0 0 0 0
<215273> <hasDiagnosis_hasDiagnosisStage> <IV> 0 0 0 0
<2804753> <hasDiagnosis_hasDiagnosisStage> <IIIA> 0 0 0 0
<2801913> <hasDiagnosis_hasDiagnosisStage> <IIIA> 0 0 0 0
<2312701> <hasDiagnosis_hasDiagnosisStage> <IIIB> 0 0 0 0
<2808908> <hasDiagnosis_hasDiagnosisStage> <IIIB> 0 0 0 0
<2310705> <hasDiagnosis_hasDiagnosisStage> <IVB> 0 0 0 0
<2811804> <hasDiagnosis_hasDiagnosisStage> <IIIB> 0 0 0 0
<2903699> <hasDiagnosis_hasDiagnosisStage> <IIIA> 0 0 0 0
<2903963> <hasDiagnosis_hasDiagnosisStage> <IV> 0 0 0 0
<2904565> <hasDiagnosis_hasDiagnosisStage> <Limitado> 0 0 0 0
<2917280> <hasDiagnosis_hasDiagnosisStage> <IVB> 0 0 0 0
<2917314> <hasDiagnosis_hasDiagnosisStage> <IV> 0 0 0 0
<2917481> <hasDiagnosis_hasDiagnosisStage> <IIIA> 0 0 0 0
<2917492> <hasDiagnosis_hasDiagnosisStage> <I> 0 0 0 0
<3012673> <hasDiagnosis_hasDiagnosisStage> <IVB> 0 0 0 0
<302637> <hasDiagnosis_hasDiagnosisStage> <IV> 0 0 0 0
<2811836> <hasDiagnosis_hasDiagnosisStage> <IVB> 0 0 0 0
<1514714> <hasDiagnosis_hasDiagnosisStage> <Extendido> 0 0 0 0
<1314907> <hasDiagnosis_hasDiagnosisStage> <Extendido> 0 0 0 0
<2300681> <hasDiagnosis_hasDiagnosisStage> <Extendido> 0 0 0 0
<204156> <hasDiagnosis_hasDiagnosisStage> <Extendido> 0 0 0 0
<15710135> <hasDiagnosis_hasDiagnosisStage> <Extendido> 0 0 0 0
<2304710> <hasDiagnosis_hasDiagnosisStage> <Extendido> 0 0 0 0
<1504913> <hasDiagnosis_hasDiagnosisStage> <IIIA> 0 0 0 0
<1516966> <hasDiagnosis_hasDiagnosisStage> <IA1> 0 0 0 0
<2304416> <hasDiagnosis_hasDiagnosisStage> <IV> 0 0 0 0
<2100732> <hasDiagnosis_hasDiagnosisStage> <IIB> 0 0 0 0
<1305677> <hasDiagnosis_hasDiagnosisStage> <IV> 0 0 0 0
<207217> <hasDiagnosis_hasDiagnosisStage> <IV> 0 0 0 0
<212746> <hasDiagnosis_hasDiagnosisStage> <IVA> 0 0 0 0
<15717534> <hasDiagnosis_hasDiagnosisStage> <IIIA> 0 0 0 0
<2305128> <hasDiagnosis_hasDiagnosisStage> <IV> 0 0 0 0
<2407187> <hasDiagnosis_hasDiagnosisStage> <IIIA> 0 0 0 0
<2903727> <hasDiagnosis_hasDiagnosisStage> <IV> 0 0 0 0
<3005804> <hasDiagnosis_hasDiagnosisStage> <IV> 0 0 0 0
<302486> <hasDiagnosis_hasDiagnosisStage> <IV> 0 0 0 0
<3009626> <hasDiagnosis_hasDiagnosisStage> <IA> 0 0 0 0
<302339> <hasDiagnosis_hasDiagnosisStage> <IIA> 0 0 0 0
<3302347> <hasDiagnosis_hasDiagnosisStage> <IIA> 0 0 0 0
<3414713> <hasDiagnosis_hasDiagnosisStage> <IVA> 0 0 0 0
<317298> <hasDiagnosis_hasDiagnosisStage> <IIIA> 0 0 0 0
<3317033> <hasDiagnosis_hasDiagnosisStage> <IVB> 0 0 0 0
<3505878> <hasDiagnosis_hasDiagnosisStage> <IIIA> 0 0 0 0
<3307310> <hasDiagnosis_hasDiagnosisStage> <IIIB> 0 0 0 0
<3510216> <hasDiagnosis_hasDiagnosisStage> <IIIC> 0 0 0 0
<3705020> <hasDiagnosis_hasDiagnosisStage> <IA> 0 0 0 0
<407410> <hasDiagnosis_hasDiagnosisStage> <IV> 0 0 0 0
<409729> <hasDiagnosis_hasDiagnosisStage> <IIB> 0 0 0 0
<409839> <hasDiagnosis_hasDiagnosisStage> <IVB> 0 0 0 0
<3702767> <hasDiagnosis_hasDiagnosisStage> <IIA> 0 0 0 0
<3704790> <hasDiagnosis_hasDiagnosisStage> <IIB> 0 0 0 0
<3511059> <hasDiagnosis_hasDiagnosisStage> <IV> 0 0 0 0
<415770> <hasDiagnosis_hasDiagnosisStage> <IVB> 0 0 0 0
<417093> <hasDiagnosis_hasDiagnosisStage> <IVB> 0 0 0 0
<417318> <hasDiagnosis_hasDiagnosisStage> <IB> 0 0 0 0
<1300616> <hasDiagnosis_hasDiagnosisStage> <IV> 0 0 0 0
<210007> <hasDiagnosis_hasDiagnosisStage> <IV> 0 0 0 0
<2304676> <hasDiagnosis_hasDiagnosisStage> <IIIB> 0 0 0 0
<1305056> <hasDiagnosis_hasDiagnosisStage> <IIIA> 0 0 0 0
<211293> <hasDiagnosis_hasDiagnosisStage> <IA> 0 0 0 0
<1511158> <hasDiagnosis_hasDiagnosisStage> <Limitado> 0 0 0 0
<3007072> <hasDiagnosis_hasDiagnosisStage> <IV> 0 0 0 0
<2900485> <hasDiagnosis_hasDiagnosisStage> <IV> 0 0 0 0
<412722> <hasDiagnosis_hasDiagnosisStage> <IVA> 0 0 0 0
<416673> <hasDiagnosis_hasDiagnosisStage> <IVB> 0 0 0 0
<417196> <hasDiagnosis_hasDiagnosisStage> <IIA> 0 0 0 0
<409284> <hasDiagnosis_hasDiagnosisStage> <IVA> 0 0 0 0
<2301079> <hasDiagnosis_hasDiagnosisStage> <IIB> 0 0 0 0
<2807021> <hasDiagnosis_hasDiagnosisStage> <IV> 0 0 0 0
<2808113> <hasDiagnosis_hasDiagnosisStage> <IIIA> 0 0 0 0
<2807338> <hasDiagnosis_hasDiagnosisStage> <IV> 0 0 0 0
<3016702> <hasDiagnosis_hasDiagnosisStage> <IVB> 0 0 0 0
<3404321> <hasDiagnosis_hasDiagnosisStage> <IV> 0 0 0 0
<409600> <hasDiagnosis_hasDiagnosisStage> <IIIA> 0 0 0 0
<3508886> <hasDiagnosis_hasDiagnosisStage> <IB> 0 0 0 0
<3812273> <hasDiagnosis_hasDiagnosisStage> <IVB> 0 0 0 0
<3812436> <hasDiagnosis_hasDiagnosisStage> <IIIB> 0 0 0 0
<3509132> <hasDiagnosis_hasDiagnosisStage> <IVB> 0 0 0 0
<410241> <hasDiagnosis_hasDiagnosisStage> <IIIB> 0 0 0 0
<416920> <hasDiagnosis_hasDiagnosisStage> <IVA> 0 0 0 0
<410204> <hasDiagnosis_hasDiagnosisStage> <IIB> 0 0 0 0
<301412> <hasDiagnosis_hasDiagnosisStage> <IV> 0 0 0 0
<2806060> <hasDiagnosis_hasDiagnosisStage> <IV> 0 0 0 0
<300401> <hasDiagnosis_hasDiagnosisStage> <IIIA> 0 0 0 0
<3405159> <hasDiagnosis_hasDiagnosisStage> <IV> 0 0 0 0
<3307151> <hasDiagnosis_hasDiagnosisStage> <IIIB> 0 0 0 0
<3713962> <hasDiagnosis_hasDiagnosisStage> <IB> 0 0 0 0
<3405257> <hasDiagnosis_hasDiagnosisStage> <IIIB> 0 0 0 0
<2900868> <hasDiagnosis_hasDiagnosisStage> <IIIA> 0 0 0 0
<2808747> <hasDiagnosis_hasDiagnosisStage> <IIIA> 0 0 0 0
<3405334> <hasDiagnosis_hasDiagnosisStage> <IVA> 0 0 0 0
<410250> <hasDiagnosis_hasDiagnosisStage> <IVA> 0 0 0 0
<3712401> <hasDiagnosis_hasDiagnosisStage> <IIIA> 0 0 0 0
<412230> <hasDiagnosis_hasDiagnosisStage> <IVA> 0 0 0 0
<2816476> <hasDiagnosis_hasDiagnosisStage> <IVA> 0 0 0 0
<4911222> <hasDiagnosis_hasDiagnosisStage> <IVA> 0 0 0 0
<503017> <hasDiagnosis_hasDiagnosisStage> <Limitado> 0 0 0 0
<503869> <hasDiagnosis_hasDiagnosisStage> <Limitado> 0 0 0 0
<507267> <hasDiagnosis_hasDiagnosisStage> <IV> 0 0 0 0
<508232> <hasDiagnosis_hasDiagnosisStage> <IV> 0 0 0 0
<508276> <hasDiagnosis_hasDiagnosisStage> <IV> 0 0 0 0
<508449> <hasDiagnosis_hasDiagnosisStage> <IIIB> 0 0 0 0
<508526> <hasDiagnosis_hasDiagnosisStage> <IV> 0 0 0 0
<5104171> <hasDiagnosis_hasDiagnosisStage> <IV> 0 0 0 0
<305554> <hasDiagnosis_hasDiagnosisStage> <Extendido> 0 0 0 0
<317292> <hasDiagnosis_hasDiagnosisStage> <Extendido> 0 0 0 0
<3507953> <hasDiagnosis_hasDiagnosisStage> <Extendido> 0 0 0 0
<410032> <hasDiagnosis_hasDiagnosisStage> <Extendido> 0 0 0 0
<2900876> <hasDiagnosis_hasDiagnosisStage> <Extendido> 0 0 0 0
<310422> <hasDiagnosis_hasDiagnosisStage> <Extendido> 0 0 0 0
<3812255> <hasDiagnosis_hasDiagnosisStage> <Extendido> 0 0 0 0
<4314569> <hasDiagnosis_hasDiagnosisStage> <Extendido> 0 0 0 0
<316446> <hasDiagnosis_hasDiagnosisStage> <IVA> 0 0 0 0
<3805110> <hasDiagnosis_hasDiagnosisStage> <Limitado> 0 0 0 0
<2917462> <hasDiagnosis_hasDiagnosisStage> <Limitado> 0 0 0 0
<3410526> <hasDiagnosis_hasDiagnosisStage> <IVA> 0 0 0 0
<413883> <hasDiagnosis_hasDiagnosisStage> <IVA> 0 0 0 0
<3704467> <hasDiagnosis_hasDiagnosisStage> <IIB> 0 0 0 0
<416529> <hasDiagnosis_hasDiagnosisStage> <IVB> 0 0 0 0
<5102919> <hasDiagnosis_hasDiagnosisStage> <IVB> 0 0 0 0
<512369> <hasDiagnosis_hasDiagnosisStage> <IVA> 0 0 0 0
<513052> <hasDiagnosis_hasDiagnosisStage> <IIIB> 0 0 0 0
<513849> <hasDiagnosis_hasDiagnosisStage> <IA> 0 0 0 0
<514412> <hasDiagnosis_hasDiagnosisStage> <IIIC> 0 0 0 0
<513569> <hasDiagnosis_hasDiagnosisStage> <IA> 0 0 0 0
<516241> <hasDiagnosis_hasDiagnosisStage> <IIIB> 0 0 0 0
<517244> <hasDiagnosis_hasDiagnosisStage> <IA> 0 0 0 0
<5313280> <hasDiagnosis_hasDiagnosisStage> <IIIB> 0 0 0 0
<5314735> <hasDiagnosis_hasDiagnosisStage> <IVA> 0 0 0 0
<5315222> <hasDiagnosis_hasDiagnosisStage> <IIA> 0 0 0 0
<4315830> <hasDiagnosis_hasDiagnosisStage> <IVB> 0 0 0 0
<508422> <hasDiagnosis_hasDiagnosisStage> <IV> 0 0 0 0
<503880> <hasDiagnosis_hasDiagnosisStage> <Limitado> 0 0 0 0
<5104270> <hasDiagnosis_hasDiagnosisStage> <IIA> 0 0 0 0
<513665> <hasDiagnosis_hasDiagnosisStage> <IV> 0 0 0 0
<513835> <hasDiagnosis_hasDiagnosisStage> <IIIB> 0 0 0 0
<513819> <hasDiagnosis_hasDiagnosisStage> <IIIB> 0 0 0 0
<5313035> <hasDiagnosis_hasDiagnosisStage> <IA> 0 0 0 0
<410172> <hasDiagnosis_hasDiagnosisStage> <IVA> 0 0 0 0
<508273> <hasDiagnosis_hasDiagnosisStage> <IV> 0 0 0 0
<5102738> <hasDiagnosis_hasDiagnosisStage> <IV> 0 0 0 0
<5104275> <hasDiagnosis_hasDiagnosisStage> <IIIA> 0 0 0 0
<5111378> <hasDiagnosis_hasDiagnosisStage> <IIIA> 0 0 0 0
<512430> <hasDiagnosis_hasDiagnosisStage> <IVA> 0 0 0 0
<514332> <hasDiagnosis_hasDiagnosisStage> <IVB> 0 0 0 0
<516315> <hasDiagnosis_hasDiagnosisStage> <IIIB> 0 0 0 0
<5315864> <hasDiagnosis_hasDiagnosisStage> <IVA> 0 0 0 0
<501360> <hasDiagnosis_hasDiagnosisStage> <IIIA> 0 0 0 0
<507893> <hasDiagnosis_hasDiagnosisStage> <IV> 0 0 0 0
<2810551> <hasDiagnosis_hasDiagnosisStage> <IVB> 0 0 0 0
<3411786> <hasDiagnosis_hasDiagnosisStage> <IIIB> 0 0 0 0
<415196> <hasDiagnosis_hasDiagnosisStage> <IVB> 0 0 0 0
<2812344> <hasDiagnosis_hasDiagnosisStage> <IVB> 0 0 0 0
<417370> <hasDiagnosis_hasDiagnosisStage> <IIB> 0 0 0 0
<3602560> <hasDiagnosis_hasDiagnosisStage> <IV> 0 0 0 0
<3804791> <hasDiagnosis_hasDiagnosisStage> <IV> 0 0 0 0
<3511343> <hasDiagnosis_hasDiagnosisStage> <IIIA> 0 0 0 0
<2311896> <hasDiagnosis_hasDiagnosisStage> <IA3> 0 0 0 0
<504152> <hasDiagnosis_hasDiagnosisStage> <Limitado> 0 0 0 0
<5106452> <hasDiagnosis_hasDiagnosisStage> <IB> 0 0 0 0
<4313339> <hasDiagnosis_hasDiagnosisStage> <IIIA> 0 0 0 0
<507264> <hasDiagnosis_hasDiagnosisStage> <IV> 0 0 0 0
<514183> <hasDiagnosis_hasDiagnosisStage> <IIIA> 0 0 0 0
<514310> <hasDiagnosis_hasDiagnosisStage> <IIIB> 0 0 0 0
<513534> <hasDiagnosis_hasDiagnosisStage> <IA> 0 0 0 0
<513976> <hasDiagnosis_hasDiagnosisStage> <IIIB> 0 0 0 0
<516780> <hasDiagnosis_hasDiagnosisStage> <IV> 0 0 0 0
<503810> <hasDiagnosis_hasDiagnosisStage> <Limitado> 0 0 0 0
<508443> <hasDiagnosis_hasDiagnosisStage> <IV> 0 0 0 0
<513537> <hasDiagnosis_hasDiagnosisStage> <IIIA> 0 0 0 0
<5107402> <hasDiagnosis_hasDiagnosisStage> <IVB> 0 0 0 0
<514127> <hasDiagnosis_hasDiagnosisStage> <IB> 0 0 0 0
<513818> <hasDiagnosis_hasDiagnosisStage> <IIIA> 0 0 0 0
<501358> <hasDiagnosis_hasDiagnosisStage> <IIIB> 0 0 0 0
<410344> <hasDiagnosis_hasDiagnosisStage> <IIB> 0 0 0 0
<5116111> <hasDiagnosis_hasDiagnosisStage> <Limitado> 0 0 0 0
<516370> <hasDiagnosis_hasDiagnosisStage> <IV> 0 0 0 0
<4604553> <hasDiagnosis_hasDiagnosisStage> <IIIB> 0 0 0 0
<513890> <hasDiagnosis_hasDiagnosisStage> <IIA> 0 0 0 0
<509091> <hasDiagnosis_hasDiagnosisStage> <IV> 0 0 0 0
<5110838> <hasDiagnosis_hasDiagnosisStage> <IIIB> 0 0 0 0
<415921> <hasDiagnosis_hasDiagnosisStage> <IVA> 0 0 0 0
<5106116> <hasDiagnosis_hasDiagnosisStage> <IVB> 0 0 0 0
<513152> <hasDiagnosis_hasDiagnosisStage> <IV> 0 0 0 0
<5104190> <hasDiagnosis_hasDiagnosisStage> <IB> 0 0 0 0
<5110225> <hasDiagnosis_hasDiagnosisStage> <Otros> 0 0 0 0
<4910740> <hasDiagnosis_hasDiagnosisStage> <IIIA> 0 0 0 0
<5316636> <hasDiagnosis_hasDiagnosisStage> <IB> 0 0 0 0
<5316905> <hasDiagnosis_hasDiagnosisStage> <IIIA> 0 0 0 0
<6315362> <hasDiagnosis_hasDiagnosisStage> <IV> 0 0 0 0
<6315515> <hasDiagnosis_hasDiagnosisStage> <IV> 0 0 0 0
<6315713> <hasDiagnosis_hasDiagnosisStage> <IV> 0 0 0 0
<6315840> <hasDiagnosis_hasDiagnosisStage> <IV> 0 0 0 0
<6316146> <hasDiagnosis_hasDiagnosisStage> <IV> 0 0 0 0
<6400304> <hasDiagnosis_hasDiagnosisStage> <IV> 0 0 0 0
<6400653> <hasDiagnosis_hasDiagnosisStage> <IV> 0 0 0 0
<6402742> <hasDiagnosis_hasDiagnosisStage> <IIB> 0 0 0 0
<6900350> <hasDiagnosis_hasDiagnosisStage> <IV> 0 0 0 0
<7000638> <hasDiagnosis_hasDiagnosisStage> <IIIA> 0 0 0 0
<701792> <hasDiagnosis_hasDiagnosisStage> <IA> 0 0 0 0
<708725> <hasDiagnosis_hasDiagnosisStage> <IV> 0 0 0 0
<4910901> <hasDiagnosis_hasDiagnosisStage> <Extendido> 0 0 0 0
<417017> <hasDiagnosis_hasDiagnosisStage> <Extendido> 0 0 0 0
<503182> <hasDiagnosis_hasDiagnosisStage> <Extendido> 0 0 0 0
<503955> <hasDiagnosis_hasDiagnosisStage> <Extendido> 0 0 0 0
<5116374> <hasDiagnosis_hasDiagnosisStage> <Extendido> 0 0 0 0
<5110040> <hasDiagnosis_hasDiagnosisStage> <IV> 0 0 0 0
<513779> <hasDiagnosis_hasDiagnosisStage> <IIA> 0 0 0 0
<5114977> <hasDiagnosis_hasDiagnosisStage> <IVB> 0 0 0 0
<313910> <hasDiagnosis_hasDiagnosisStage> <IIIB> 0 0 0 0
<4910646> <hasDiagnosis_hasDiagnosisStage> <Limitado> 0 0 0 0
<5304700> <hasDiagnosis_hasDiagnosisStage> <IV> 0 0 0 0
<5106741> <hasDiagnosis_hasDiagnosisStage> <IIIB> 0 0 0 0
<6300925> <hasDiagnosis_hasDiagnosisStage> <IB> 0 0 0 0
<6304839> <hasDiagnosis_hasDiagnosisStage> <IV> 0 0 0 0
<711018> <hasDiagnosis_hasDiagnosisStage> <IVB> 0 0 0 0
<712819> <hasDiagnosis_hasDiagnosisStage> <IB> 0 0 0 0
<7404345> <hasDiagnosis_hasDiagnosisStage> <IIIA> 0 0 0 0
<6404040> <hasDiagnosis_hasDiagnosisStage> <IV> 0 0 0 0
<7409436> <hasDiagnosis_hasDiagnosisStage> <IIIB> 0 0 0 0
<7410921> <hasDiagnosis_hasDiagnosisStage> <IIIB> 0 0 0 0
<916865> <hasDiagnosis_hasDiagnosisStage> <IVB> 0 0 0 0
<9408690> <hasDiagnosis_hasDiagnosisStage> <IV> 0 0 0 0
<9701709> <hasDiagnosis_hasDiagnosisStage> <IIIB> 0 0 0 0
<9703782> <hasDiagnosis_hasDiagnosisStage> <IA> 0 0 0 0
<9708701> <hasDiagnosis_hasDiagnosisStage> <IIIB> 0 0 0 0
<9710080> <hasDiagnosis_hasDiagnosisStage> <IIIA> 0 0 0 0
<9913146> <hasDiagnosis_hasDiagnosisStage> <IVB> 0 0 0 0
<5314661> <hasDiagnosis_hasDiagnosisStage> <IV> 0 0 0 0
<5511026> <hasDiagnosis_hasDiagnosisStage> <IVB> 0 0 0 0
<7404249> <hasDiagnosis_hasDiagnosisStage> <IV> 0 0 0 0
<7404581> <hasDiagnosis_hasDiagnosisStage> <IV> 0 0 0 0
<909712> <hasDiagnosis_hasDiagnosisStage> <IVB> 0 0 0 0
<9408729> <hasDiagnosis_hasDiagnosisStage> <Limitado> 0 0 0 0
<9709422> <hasDiagnosis_hasDiagnosisStage> <IIIB> 0 0 0 0
<9913147> <hasDiagnosis_hasDiagnosisStage> <IB> 0 0 0 0
<9805652> <hasDiagnosis_hasDiagnosisStage> <IV> 0 0 0 0
<9909858> <hasDiagnosis_hasDiagnosisStage> <Limitado> 0 0 0 0
<9910151> <hasDiagnosis_hasDiagnosisStage> <IIIB> 0 0 0 0
<5314852> <hasDiagnosis_hasDiagnosisStage> <IV> 0 0 0 0
<6300489> <hasDiagnosis_hasDiagnosisStage> <IV> 0 0 0 0
<6315590> <hasDiagnosis_hasDiagnosisStage> <Otros> 0 0 0 0
<6315788> <hasDiagnosis_hasDiagnosisStage> <IV> 0 0 0 0
<701617> <hasDiagnosis_hasDiagnosisStage> <IIIA> 0 0 0 0
<907366> <hasDiagnosis_hasDiagnosisStage> <Limitado> 0 0 0 0
<7411006> <hasDiagnosis_hasDiagnosisStage> <IVB> 0 0 0 0
<9911651> <hasDiagnosis_hasDiagnosisStage> <IVB> 0 0 0 0
<9912930> <hasDiagnosis_hasDiagnosisStage> <IVB> 0 0 0 0
<701774> <hasDiagnosis_hasDiagnosisStage> <IV> 0 0 0 0
<9704911> <hasDiagnosis_hasDiagnosisStage> <IB> 0 0 0 0
<5316058> <hasDiagnosis_hasDiagnosisStage> <IVA> 0 0 0 0
<6311635> <hasDiagnosis_hasDiagnosisStage> <IIIC> 0 0 0 0
<509049> <hasDiagnosis_hasDiagnosisStage> <IIIA> 0 0 0 0
<5102900> <hasDiagnosis_hasDiagnosisStage> <IIIB> 0 0 0 0
<416933> <hasDiagnosis_hasDiagnosisStage> <IVB> 0 0 0 0
<5316532> <hasDiagnosis_hasDiagnosisStage> <IVA> 0 0 0 0
<6312405> <hasDiagnosis_hasDiagnosisStage> <IV> 0 0 0 0
<6312156> <hasDiagnosis_hasDiagnosisStage> <IV> 0 0 0 0
<6312681> <hasDiagnosis_hasDiagnosisStage> <IV> 0 0 0 0
<9702934> <hasDiagnosis_hasDiagnosisStage> <IA> 0 0 0 0
<5305304> <hasDiagnosis_hasDiagnosisStage> <IB> 0 0 0 0
<112497> <hasDiagnosis_hasDiagnosisStage> <IIIC> 0 0 0 0
<211381> <hasDiagnosis_hasDiagnosisStage> <IV> 0 0 0 0
<203402> <hasDiagnosis_hasDiagnosisStage> <IB> 0 0 0 0
<4910811> <hasDiagnosis_hasDiagnosisStage> <IVA> 0 0 0 0
<701763> <hasDiagnosis_hasDiagnosisStage> <IV> 0 0 0 0
<6400543> <hasDiagnosis_hasDiagnosisStage> <IV> 0 0 0 0
<111017> <hasDiagnosis_hasDiagnosisStage> <III> 0 0 0 0
<1314954> <hasDiagnosis_hasDiagnosisStage> <IIIC> 0 0 0 0
<1516649> <hasDiagnosis_hasDiagnosisStage> <IVA> 0 0 0 0
<715075> <hasDiagnosis_hasDiagnosisStage> <Extendido> 0 0 0 0
<7216741> <hasDiagnosis_hasDiagnosisStage> <Extendido> 0 0 0 0
<6300285> <hasDiagnosis_hasDiagnosisStage> <Extendido> 0 0 0 0
<9711212> <hasDiagnosis_hasDiagnosisStage> <IA2> 0 0 0 0
<5316249> <hasDiagnosis_hasDiagnosisStage> <Extendido> 0 0 0 0
<911692> <hasDiagnosis_hasDiagnosisStage> <IIIB> 0 0 0 0
<9908914> <hasDiagnosis_hasDiagnosisStage> <IIB> 0 0 0 0
<9914486> <hasDiagnosis_hasDiagnosisStage> <IIIB> 0 0 0 0
<5315847> <hasDiagnosis_hasDiagnosisStage> <IIIB> 0 0 0 0
<710812> <hasDiagnosis_hasDiagnosisStage> <IVA> 0 0 0 0
<6317000> <hasDiagnosis_hasDiagnosisStage> <IVB> 0 0 0 0
<909692> <hasDiagnosis_hasDiagnosisStage> <IVA> 0 0 0 0
<2101491> <hasDiagnosis_hasDiagnosisStage> <IIIB> 0 0 0 0
<2806023> <hasDiagnosis_hasDiagnosisStage> <IVB> 0 0 0 0
<1514618> <hasDiagnosis_hasDiagnosisStage> <IIIB> 0 0 0 0
<512775> <hasDiagnosis_hasDiagnosisStage> <IVA> 0 0 0 0
<7110333> <hasDiagnosis_hasDiagnosisStage> <IIIA> 0 0 0 0
<207693> <hasDiagnosis_hasDiagnosisStage> <I> 0 0 0 0
<202180> <hasDiagnosis_hasDiagnosisStage> <IVA> 0 0 0 0
<2910970> <hasDiagnosis_hasDiagnosisStage> <IVA> 0 0 0 0
<415189> <hasDiagnosis_hasDiagnosisStage> <IIIB> 0 0 0 0
<2809288> <hasDiagnosis_hasDiagnosisStage> <IVA> 0 0 0 0
<3805443> <hasDiagnosis_hasDiagnosisStage> <IIB> 0 0 0 0
<11911364> <hasDiagnosis_hasDiagnosisStage> <Extendido> 0 0 0 0
<1213927> <hasDiagnosis_hasDiagnosisStage> <IA2> 0 0 0 0
<1513587> <hasDiagnosis_hasDiagnosisStage> <Extendido> 0 0 0 0
<2305253> <hasDiagnosis_hasDiagnosisStage> <Extendido> 0 0 0 0
<503221> <hasDiagnosis_hasDiagnosisStage> <Extendido> 0 0 0 0
<316789> <hasDiagnosis_hasDiagnosisStage> <Extendido> 0 0 0 0
<5103510> <hasDiagnosis_hasDiagnosisStage> <Extendido> 0 0 0 0
<12915784> <hasDiagnosis_hasDiagnosisStage> <IA2> 0 0 0 0
<4201541> <hasDiagnosis_hasDiagnosisStage> <Extendido> 0 0 0 0
<4313255> <hasDiagnosis_hasDiagnosisStage> <Extendido> 0 0 0 0
<5313025> <hasDiagnosis_hasDiagnosisStage> <Extendido> 0 0 0 0
<5110538> <hasDiagnosis_hasDiagnosisStage> <Extendido> 0 0 0 0
<2813854> <hasDiagnosis_hasDiagnosisStage> <Extendido> 0 0 0 0
