<1007344> <age_category> <old> 0 0 0 0
<101796> <age_category> <old> 0 0 0 0
<101931> <age_category> <old> 0 0 0 0
<101934> <age_category> <young> 0 0 0 0
<101947> <age_category> <old> 0 0 0 0
<102873> <age_category> <old> 0 0 0 0
<10607055> <age_category> <old> 0 0 0 0
<10607196> <age_category> <old> 0 0 0 0
<10610716> <age_category> <old> 0 0 0 0
<10610945> <age_category> <old> 0 0 0 0
<10612017> <age_category> <old> 0 0 0 0
<10615295> <age_category> <old> 0 0 0 0
<10617327> <age_category> <old> 0 0 0 0
<107686> <age_category> <old> 0 0 0 0
<107730> <age_category> <old> 0 0 0 0
<107839> <age_category> <young> 0 0 0 0
<107952> <age_category> <old> 0 0 0 0
<107983> <age_category> <old> 0 0 0 0
<10806083> <age_category> <old> 0 0 0 0
<10807129> <age_category> <old> 0 0 0 0
<10816368> <age_category> <old> 0 0 0 0
<109125> <age_category> <young> 0 0 0 0
<109570> <age_category> <old> 0 0 0 0
<109781> <age_category> <old> 0 0 0 0
<109876> <age_category> <old> 0 0 0 0
<110111> <age_category> <old> 0 0 0 0
<110251> <age_category> <old> 0 0 0 0
<110725> <age_category> <old> 0 0 0 0
<111391> <age_category> <old> 0 0 0 0
<111487> <age_category> <old> 0 0 0 0
<10612121> <age_category> <old> 0 0 0 0
<10612209> <age_category> <old> 0 0 0 0
<10612593> <age_category> <old> 0 0 0 0
<10806009> <age_category> <old> 0 0 0 0
<112112> <age_category> <old> 0 0 0 0
<112280> <age_category> <old> 0 0 0 0
<112498> <age_category> <old> 0 0 0 0
<112836> <age_category> <old> 0 0 0 0
<11311926> <age_category> <old> 0 0 0 0
<11311944> <age_category> <young> 0 0 0 0
<11311946> <age_category> <old> 0 0 0 0
<11312005> <age_category> <old> 0 0 0 0
<11312079> <age_category> <old> 0 0 0 0
<11312166> <age_category> <young> 0 0 0 0
<11312169> <age_category> <old> 0 0 0 0
<11312312> <age_category> <old> 0 0 0 0
<11317032> <age_category> <old> 0 0 0 0
<11405994> <age_category> <old> 0 0 0 0
<116552> <age_category> <old> 0 0 0 0
<11911303> <age_category> <old> 0 0 0 0
<11911305> <age_category> <old> 0 0 0 0
<1200521> <age_category> <young> 0 0 0 0
<1200713> <age_category> <old> 0 0 0 0
<1200815> <age_category> <old> 0 0 0 0
<1200980> <age_category> <old> 0 0 0 0
<1201096> <age_category> <old> 0 0 0 0
<1201106> <age_category> <old> 0 0 0 0
<1201391> <age_category> <old> 0 0 0 0
<1202332> <age_category> <old> 0 0 0 0
<1213684> <age_category> <young> 0 0 0 0
<1214005> <age_category> <old> 0 0 0 0
<1215045> <age_category> <old> 0 0 0 0
<1215755> <age_category> <old> 0 0 0 0
<12913876> <age_category> <old> 0 0 0 0
<12913963> <age_category> <old> 0 0 0 0
<12914174> <age_category> <old> 0 0 0 0
<12914236> <age_category> <old> 0 0 0 0
<12914336> <age_category> <old> 0 0 0 0
<12914906> <age_category> <old> 0 0 0 0
<12915272> <age_category> <young> 0 0 0 0
<1300463> <age_category> <young> 0 0 0 0
<1300470> <age_category> <old> 0 0 0 0
<1300505> <age_category> <old> 0 0 0 0
<1300640> <age_category> <old> 0 0 0 0
<1300776> <age_category> <old> 0 0 0 0
<1300942> <age_category> <old> 0 0 0 0
<1302062> <age_category> <old> 0 0 0 0
<1302363> <age_category> <old> 0 0 0 0
<1302478> <age_category> <old> 0 0 0 0
<1302561> <age_category> <old> 0 0 0 0
<1303362> <age_category> <young> 0 0 0 0
<1303483> <age_category> <old> 0 0 0 0
<1303742> <age_category> <old> 0 0 0 0
<1305058> <age_category> <old> 0 0 0 0
<1305431> <age_category> <old> 0 0 0 0
<1305593> <age_category> <old> 0 0 0 0
<1305595> <age_category> <old> 0 0 0 0
<1305768> <age_category> <old> 0 0 0 0
<1305773> <age_category> <old> 0 0 0 0
<1305915> <age_category> <old> 0 0 0 0
<1306035> <age_category> <old> 0 0 0 0
<1306124> <age_category> <old> 0 0 0 0
<1306184> <age_category> <old> 0 0 0 0
<1306208> <age_category> <old> 0 0 0 0
<1306299> <age_category> <old> 0 0 0 0
<1306302> <age_category> <old> 0 0 0 0
<1306313> <age_category> <old> 0 0 0 0
<1306575> <age_category> <old> 0 0 0 0
<1306594> <age_category> <old> 0 0 0 0
<1308145> <age_category> <old> 0 0 0 0
<1309865> <age_category> <old> 0 0 0 0
<1309914> <age_category> <old> 0 0 0 0
<1310031> <age_category> <young> 0 0 0 0
<1310121> <age_category> <old> 0 0 0 0
<1310581> <age_category> <old> 0 0 0 0
<1310772> <age_category> <old> 0 0 0 0
<1311069> <age_category> <old> 0 0 0 0
<1311270> <age_category> <old> 0 0 0 0
<1312830> <age_category> <old> 0 0 0 0
<1313253> <age_category> <young> 0 0 0 0
<1313380> <age_category> <old> 0 0 0 0
<1313451> <age_category> <old> 0 0 0 0
<1314272> <age_category> <old> 0 0 0 0
<1314284> <age_category> <old> 0 0 0 0
<1314580> <age_category> <old> 0 0 0 0
<1314646> <age_category> <old> 0 0 0 0
<1314679> <age_category> <old> 0 0 0 0
<1314797> <age_category> <old> 0 0 0 0
<1314806> <age_category> <old> 0 0 0 0
<1314932> <age_category> <old> 0 0 0 0
<1315003> <age_category> <old> 0 0 0 0
<1315055> <age_category> <old> 0 0 0 0
<1315058> <age_category> <old> 0 0 0 0
<1315134> <age_category> <old> 0 0 0 0
<1315140> <age_category> <old> 0 0 0 0
<1315177> <age_category> <old> 0 0 0 0
<1315348> <age_category> <old> 0 0 0 0
<1315352> <age_category> <young> 0 0 0 0
<1315389> <age_category> <old> 0 0 0 0
<1315449> <age_category> <old> 0 0 0 0
<1315487> <age_category> <old> 0 0 0 0
<1315512> <age_category> <old> 0 0 0 0
<1315532> <age_category> <old> 0 0 0 0
<1315534> <age_category> <old> 0 0 0 0
<1315619> <age_category> <old> 0 0 0 0
<1315801> <age_category> <old> 0 0 0 0
<11312325> <age_category> <old> 0 0 0 0
<11314477> <age_category> <old> 0 0 0 0
<1200712> <age_category> <old> 0 0 0 0
<1304953> <age_category> <old> 0 0 0 0
<1306061> <age_category> <old> 0 0 0 0
<1306173> <age_category> <old> 0 0 0 0
<1315059> <age_category> <old> 0 0 0 0
<1315228> <age_category> <old> 0 0 0 0
<1315434> <age_category> <old> 0 0 0 0
<14602708> <age_category> <old> 0 0 0 0
<14702396> <age_category> <old> 0 0 0 0
<14704833> <age_category> <old> 0 0 0 0
<14705779> <age_category> <old> 0 0 0 0
<14705782> <age_category> <old> 0 0 0 0
<1500917> <age_category> <young> 0 0 0 0
<1501008> <age_category> <old> 0 0 0 0
<1503657> <age_category> <old> 0 0 0 0
<1504402> <age_category> <old> 0 0 0 0
<1505392> <age_category> <old> 0 0 0 0
<1507752> <age_category> <old> 0 0 0 0
<1507760> <age_category> <old> 0 0 0 0
<1508002> <age_category> <old> 0 0 0 0
<1508807> <age_category> <young> 0 0 0 0
<1511068> <age_category> <old> 0 0 0 0
<1511135> <age_category> <old> 0 0 0 0
<1511139> <age_category> <young> 0 0 0 0
<1511160> <age_category> <old> 0 0 0 0
<1511173> <age_category> <old> 0 0 0 0
<1511176> <age_category> <old> 0 0 0 0
<1514038> <age_category> <old> 0 0 0 0
<1514205> <age_category> <old> 0 0 0 0
<1514321> <age_category> <young> 0 0 0 0
<1516162> <age_category> <old> 0 0 0 0
<1516181> <age_category> <old> 0 0 0 0
<1516811> <age_category> <old> 0 0 0 0
<15415792> <age_category> <old> 0 0 0 0
<15700201> <age_category> <old> 0 0 0 0
<15700266> <age_category> <old> 0 0 0 0
<15700355> <age_category> <old> 0 0 0 0
<15700572> <age_category> <old> 0 0 0 0
<15701407> <age_category> <old> 0 0 0 0
<15701583> <age_category> <old> 0 0 0 0
<15702836> <age_category> <old> 0 0 0 0
<15703036> <age_category> <old> 0 0 0 0
<15703638> <age_category> <old> 0 0 0 0
<15706111> <age_category> <old> 0 0 0 0
<15706414> <age_category> <old> 0 0 0 0
<15706846> <age_category> <old> 0 0 0 0
<15707817> <age_category> <old> 0 0 0 0
<15710136> <age_category> <old> 0 0 0 0
<15710140> <age_category> <young> 0 0 0 0
<15714591> <age_category> <old> 0 0 0 0
<15714596> <age_category> <old> 0 0 0 0
<15714630> <age_category> <old> 0 0 0 0
<15714633> <age_category> <old> 0 0 0 0
<15714655> <age_category> <old> 0 0 0 0
<15715030> <age_category> <old> 0 0 0 0
<15717536> <age_category> <old> 0 0 0 0
<18015734> <age_category> <old> 0 0 0 0
<201470> <age_category> <old> 0 0 0 0
<201477> <age_category> <old> 0 0 0 0
<201482> <age_category> <old> 0 0 0 0
<201492> <age_category> <old> 0 0 0 0
<201540> <age_category> <old> 0 0 0 0
<201577> <age_category> <old> 0 0 0 0
<201638> <age_category> <old> 0 0 0 0
<201682> <age_category> <young> 0 0 0 0
<201795> <age_category> <old> 0 0 0 0
<201923> <age_category> <old> 0 0 0 0
<202022> <age_category> <old> 0 0 0 0
<202042> <age_category> <old> 0 0 0 0
<202119> <age_category> <old> 0 0 0 0
<202131> <age_category> <old> 0 0 0 0
<202202> <age_category> <old> 0 0 0 0
<202275> <age_category> <old> 0 0 0 0
<202276> <age_category> <young> 0 0 0 0
<202343> <age_category> <old> 0 0 0 0
<202401> <age_category> <old> 0 0 0 0
<202447> <age_category> <old> 0 0 0 0
<202698> <age_category> <old> 0 0 0 0
<202784> <age_category> <old> 0 0 0 0
<203155> <age_category> <old> 0 0 0 0
<203196> <age_category> <old> 0 0 0 0
<203253> <age_category> <old> 0 0 0 0
<203507> <age_category> <old> 0 0 0 0
<203540> <age_category> <old> 0 0 0 0
<203547> <age_category> <young> 0 0 0 0
<203781> <age_category> <old> 0 0 0 0
<204048> <age_category> <old> 0 0 0 0
<204222> <age_category> <old> 0 0 0 0
<204316> <age_category> <old> 0 0 0 0
<204422> <age_category> <old> 0 0 0 0
<204734> <age_category> <old> 0 0 0 0
<204917> <age_category> <old> 0 0 0 0
<204937> <age_category> <old> 0 0 0 0
<205098> <age_category> <young> 0 0 0 0
<205109> <age_category> <old> 0 0 0 0
<205116> <age_category> <old> 0 0 0 0
<205356> <age_category> <old> 0 0 0 0
<205413> <age_category> <young> 0 0 0 0
<205442> <age_category> <old> 0 0 0 0
<205501> <age_category> <old> 0 0 0 0
<206597> <age_category> <old> 0 0 0 0
<206670> <age_category> <old> 0 0 0 0
<207388> <age_category> <old> 0 0 0 0
<207777> <age_category> <old> 0 0 0 0
<208703> <age_category> <old> 0 0 0 0
<209148> <age_category> <old> 0 0 0 0
<209280> <age_category> <old> 0 0 0 0
<209493> <age_category> <old> 0 0 0 0
<209682> <age_category> <young> 0 0 0 0
<209728> <age_category> <old> 0 0 0 0
<209949> <age_category> <old> 0 0 0 0
<2100726> <age_category> <old> 0 0 0 0
<2100780> <age_category> <old> 0 0 0 0
<210088> <age_category> <old> 0 0 0 0
<2100931> <age_category> <old> 0 0 0 0
<1505172> <age_category> <old> 0 0 0 0
<1511106> <age_category> <old> 0 0 0 0
<202088> <age_category> <old> 0 0 0 0
<202247> <age_category> <old> 0 0 0 0
<202415> <age_category> <old> 0 0 0 0
<203391> <age_category> <old> 0 0 0 0
<210026> <age_category> <old> 0 0 0 0
<210138> <age_category> <old> 0 0 0 0
<2101416> <age_category> <old> 0 0 0 0
<210173> <age_category> <young> 0 0 0 0
<2102625> <age_category> <old> 0 0 0 0
<2103670> <age_category> <old> 0 0 0 0
<2105967> <age_category> <old> 0 0 0 0
<2106447> <age_category> <old> 0 0 0 0
<2107236> <age_category> <old> 0 0 0 0
<2107237> <age_category> <old> 0 0 0 0
<2107239> <age_category> <old> 0 0 0 0
<2107863> <age_category> <old> 0 0 0 0
<211113> <age_category> <old> 0 0 0 0
<211141> <age_category> <old> 0 0 0 0
<211149> <age_category> <old> 0 0 0 0
<2111533> <age_category> <old> 0 0 0 0
<211508> <age_category> <old> 0 0 0 0
<2116059> <age_category> <old> 0 0 0 0
<211878> <age_category> <old> 0 0 0 0
<212151> <age_category> <old> 0 0 0 0
<212233> <age_category> <old> 0 0 0 0
<212420> <age_category> <young> 0 0 0 0
<212476> <age_category> <old> 0 0 0 0
<212482> <age_category> <old> 0 0 0 0
<212625> <age_category> <old> 0 0 0 0
<213331> <age_category> <old> 0 0 0 0
<213831> <age_category> <old> 0 0 0 0
<215255> <age_category> <old> 0 0 0 0
<215333> <age_category> <old> 0 0 0 0
<217091> <age_category> <old> 0 0 0 0
<217233> <age_category> <old> 0 0 0 0
<2300061> <age_category> <old> 0 0 0 0
<2300062> <age_category> <young> 0 0 0 0
<2300123> <age_category> <old> 0 0 0 0
<2300153> <age_category> <old> 0 0 0 0
<2300220> <age_category> <old> 0 0 0 0
<2300970> <age_category> <old> 0 0 0 0
<2301093> <age_category> <old> 0 0 0 0
<2302841> <age_category> <old> 0 0 0 0
<2303258> <age_category> <old> 0 0 0 0
<2303822> <age_category> <old> 0 0 0 0
<2304145> <age_category> <old> 0 0 0 0
<2304633> <age_category> <old> 0 0 0 0
<2304637> <age_category> <old> 0 0 0 0
<2304646> <age_category> <old> 0 0 0 0
<2304716> <age_category> <old> 0 0 0 0
<2304931> <age_category> <old> 0 0 0 0
<2305059> <age_category> <young> 0 0 0 0
<2305179> <age_category> <old> 0 0 0 0
<2305281> <age_category> <old> 0 0 0 0
<2305366> <age_category> <young> 0 0 0 0
<2305371> <age_category> <old> 0 0 0 0
<2305672> <age_category> <young> 0 0 0 0
<2309461> <age_category> <old> 0 0 0 0
<2310086> <age_category> <old> 0 0 0 0
<2311675> <age_category> <old> 0 0 0 0
<2311940> <age_category> <old> 0 0 0 0
<2312047> <age_category> <old> 0 0 0 0
<2312212> <age_category> <old> 0 0 0 0
<2312402> <age_category> <old> 0 0 0 0
<2312708> <age_category> <old> 0 0 0 0
<2312764> <age_category> <old> 0 0 0 0
<2312786> <age_category> <old> 0 0 0 0
<2405884> <age_category> <old> 0 0 0 0
<2407185> <age_category> <old> 0 0 0 0
<2507340> <age_category> <old> 0 0 0 0
<2715043> <age_category> <old> 0 0 0 0
<2715745> <age_category> <old> 0 0 0 0
<2801912> <age_category> <old> 0 0 0 0
<2801985> <age_category> <old> 0 0 0 0
<2804652> <age_category> <old> 0 0 0 0
<2805043> <age_category> <old> 0 0 0 0
<2805151> <age_category> <old> 0 0 0 0
<2806972> <age_category> <old> 0 0 0 0
<2808057> <age_category> <old> 0 0 0 0
<2808293> <age_category> <old> 0 0 0 0
<2808648> <age_category> <old> 0 0 0 0
<2808885> <age_category> <old> 0 0 0 0
<2809215> <age_category> <old> 0 0 0 0
<2809667> <age_category> <old> 0 0 0 0
<2810274> <age_category> <old> 0 0 0 0
<2810359> <age_category> <young> 0 0 0 0
<2810365> <age_category> <old> 0 0 0 0
<2810546> <age_category> <old> 0 0 0 0
<2810652> <age_category> <old> 0 0 0 0
<2811571> <age_category> <old> 0 0 0 0
<2811836> <age_category> <old> 0 0 0 0
<2812351> <age_category> <old> 0 0 0 0
<2813124> <age_category> <old> 0 0 0 0
<2813149> <age_category> <old> 0 0 0 0
<2816112> <age_category> <old> 0 0 0 0
<2816455> <age_category> <old> 0 0 0 0
<2816462> <age_category> <old> 0 0 0 0
<2816637> <age_category> <old> 0 0 0 0
<210672> <age_category> <old> 0 0 0 0
<2300031> <age_category> <old> 0 0 0 0
<2300052> <age_category> <old> 0 0 0 0
<2302880> <age_category> <old> 0 0 0 0
<2311634> <age_category> <old> 0 0 0 0
<2810993> <age_category> <old> 0 0 0 0
<2811736> <age_category> <old> 0 0 0 0
<2814206> <age_category> <old> 0 0 0 0
<2816580> <age_category> <old> 0 0 0 0
<2817219> <age_category> <old> 0 0 0 0
<2901103> <age_category> <old> 0 0 0 0
<2902453> <age_category> <old> 0 0 0 0
<2902543> <age_category> <old> 0 0 0 0
<2910747> <age_category> <old> 0 0 0 0
<2910972> <age_category> <old> 0 0 0 0
<2911372> <age_category> <old> 0 0 0 0
<2911373> <age_category> <old> 0 0 0 0
<2916022> <age_category> <old> 0 0 0 0
<2917282> <age_category> <old> 0 0 0 0
<2917350> <age_category> <young> 0 0 0 0
<2917355> <age_category> <old> 0 0 0 0
<2917490> <age_category> <old> 0 0 0 0
<300273> <age_category> <old> 0 0 0 0
<300333> <age_category> <old> 0 0 0 0
<3005723> <age_category> <young> 0 0 0 0
<3006789> <age_category> <old> 0 0 0 0
<3006809> <age_category> <old> 0 0 0 0
<300858> <age_category> <old> 0 0 0 0
<300901> <age_category> <old> 0 0 0 0
<300941> <age_category> <young> 0 0 0 0
<301136> <age_category> <old> 0 0 0 0
<301376> <age_category> <old> 0 0 0 0
<301970> <age_category> <old> 0 0 0 0
<302037> <age_category> <old> 0 0 0 0
<302303> <age_category> <old> 0 0 0 0
<303863> <age_category> <old> 0 0 0 0
<304513> <age_category> <old> 0 0 0 0
<304780> <age_category> <old> 0 0 0 0
<304945> <age_category> <old> 0 0 0 0
<304976> <age_category> <old> 0 0 0 0
<305124> <age_category> <young> 0 0 0 0
<305236> <age_category> <old> 0 0 0 0
<305333> <age_category> <old> 0 0 0 0
<306339> <age_category> <old> 0 0 0 0
<306669> <age_category> <old> 0 0 0 0
<306881> <age_category> <old> 0 0 0 0
<306959> <age_category> <old> 0 0 0 0
<307014> <age_category> <old> 0 0 0 0
<307041> <age_category> <old> 0 0 0 0
<307921> <age_category> <old> 0 0 0 0
<307942> <age_category> <old> 0 0 0 0
<307946> <age_category> <old> 0 0 0 0
<308334> <age_category> <old> 0 0 0 0
<308669> <age_category> <young> 0 0 0 0
<310637> <age_category> <young> 0 0 0 0
<311526> <age_category> <old> 0 0 0 0
<311605> <age_category> <old> 0 0 0 0
<311826> <age_category> <old> 0 0 0 0
<312302> <age_category> <old> 0 0 0 0
<312394> <age_category> <old> 0 0 0 0
<313681> <age_category> <old> 0 0 0 0
<314396> <age_category> <old> 0 0 0 0
<3302194> <age_category> <young> 0 0 0 0
<3306045> <age_category> <old> 0 0 0 0
<3306092> <age_category> <old> 0 0 0 0
<3306128> <age_category> <old> 0 0 0 0
<3307150> <age_category> <old> 0 0 0 0
<3307193> <age_category> <old> 0 0 0 0
<3308075> <age_category> <old> 0 0 0 0
<3309849> <age_category> <old> 0 0 0 0
<3316688> <age_category> <old> 0 0 0 0
<3404082> <age_category> <old> 0 0 0 0
<3404227> <age_category> <old> 0 0 0 0
<3405008> <age_category> <old> 0 0 0 0
<3405182> <age_category> <old> 0 0 0 0
<3405200> <age_category> <old> 0 0 0 0
<3405596> <age_category> <old> 0 0 0 0
<3408105> <age_category> <old> 0 0 0 0
<3408298> <age_category> <old> 0 0 0 0
<3410388> <age_category> <old> 0 0 0 0
<3412598> <age_category> <old> 0 0 0 0
<3505866> <age_category> <young> 0 0 0 0
<3505878> <age_category> <old> 0 0 0 0
<3507662> <age_category> <old> 0 0 0 0
<3507847> <age_category> <old> 0 0 0 0
<3507977> <age_category> <old> 0 0 0 0
<3508580> <age_category> <old> 0 0 0 0
<3508633> <age_category> <old> 0 0 0 0
<3508916> <age_category> <old> 0 0 0 0
<3509165> <age_category> <old> 0 0 0 0
<3509505> <age_category> <old> 0 0 0 0
<3509823> <age_category> <old> 0 0 0 0
<3510011> <age_category> <old> 0 0 0 0
<3510530> <age_category> <young> 0 0 0 0
<3510579> <age_category> <old> 0 0 0 0
<3510773> <age_category> <old> 0 0 0 0
<3602421> <age_category> <old> 0 0 0 0
<3602463> <age_category> <old> 0 0 0 0
<3702759> <age_category> <old> 0 0 0 0
<3702927> <age_category> <old> 0 0 0 0
<3703767> <age_category> <old> 0 0 0 0
<3704552> <age_category> <old> 0 0 0 0
<3705979> <age_category> <old> 0 0 0 0
<3710103> <age_category> <young> 0 0 0 0
<3710922> <age_category> <old> 0 0 0 0
<3713069> <age_category> <old> 0 0 0 0
<3713962> <age_category> <old> 0 0 0 0
<3802391> <age_category> <old> 0 0 0 0
<3805977> <age_category> <old> 0 0 0 0
<3811766> <age_category> <young> 0 0 0 0
<3812104> <age_category> <old> 0 0 0 0
<3812191> <age_category> <old> 0 0 0 0
<3812247> <age_category> <old> 0 0 0 0
<3812330> <age_category> <old> 0 0 0 0
<3812566> <age_category> <young> 0 0 0 0
<3900406> <age_category> <young> 0 0 0 0
<407421> <age_category> <old> 0 0 0 0
<407501> <age_category> <young> 0 0 0 0
<407636> <age_category> <old> 0 0 0 0
<2903732> <age_category> <old> 0 0 0 0
<2911370> <age_category> <old> 0 0 0 0
<307005> <age_category> <old> 0 0 0 0
<3309478> <age_category> <old> 0 0 0 0
<3405331> <age_category> <old> 0 0 0 0
<3409818> <age_category> <old> 0 0 0 0
<3510755> <age_category> <old> 0 0 0 0
<407670> <age_category> <old> 0 0 0 0
<407795> <age_category> <old> 0 0 0 0
<408769> <age_category> <old> 0 0 0 0
<409378> <age_category> <old> 0 0 0 0
<409410> <age_category> <old> 0 0 0 0
<409543> <age_category> <old> 0 0 0 0
<409747> <age_category> <old> 0 0 0 0
<409750> <age_category> <old> 0 0 0 0
<409916> <age_category> <old> 0 0 0 0
<410022> <age_category> <old> 0 0 0 0
<410191> <age_category> <old> 0 0 0 0
<410336> <age_category> <old> 0 0 0 0
<410395> <age_category> <old> 0 0 0 0
<413477> <age_category> <old> 0 0 0 0
<413766> <age_category> <old> 0 0 0 0
<413886> <age_category> <old> 0 0 0 0
<415180> <age_category> <old> 0 0 0 0
<415182> <age_category> <old> 0 0 0 0
<415188> <age_category> <old> 0 0 0 0
<415197> <age_category> <old> 0 0 0 0
<415200> <age_category> <old> 0 0 0 0
<415562> <age_category> <old> 0 0 0 0
<415793> <age_category> <old> 0 0 0 0
<415942> <age_category> <old> 0 0 0 0
<415945> <age_category> <old> 0 0 0 0
<416436> <age_category> <old> 0 0 0 0
<416539> <age_category> <old> 0 0 0 0
<416569> <age_category> <old> 0 0 0 0
<416654> <age_category> <old> 0 0 0 0
<416686> <age_category> <old> 0 0 0 0
<416756> <age_category> <old> 0 0 0 0
<416776> <age_category> <young> 0 0 0 0
<416840> <age_category> <old> 0 0 0 0
<416944> <age_category> <old> 0 0 0 0
<417024> <age_category> <old> 0 0 0 0
<417107> <age_category> <old> 0 0 0 0
<417147> <age_category> <old> 0 0 0 0
<417164> <age_category> <old> 0 0 0 0
<417176> <age_category> <young> 0 0 0 0
<417241> <age_category> <old> 0 0 0 0
<417245> <age_category> <old> 0 0 0 0
<417273> <age_category> <old> 0 0 0 0
<417471> <age_category> <young> 0 0 0 0
<417511> <age_category> <old> 0 0 0 0
<417557> <age_category> <old> 0 0 0 0
<417558> <age_category> <young> 0 0 0 0
<417586> <age_category> <old> 0 0 0 0
<4201558> <age_category> <old> 0 0 0 0
<4305619> <age_category> <old> 0 0 0 0
<4313230> <age_category> <old> 0 0 0 0
<4313601> <age_category> <old> 0 0 0 0
<4601116> <age_category> <young> 0 0 0 0
<4601465> <age_category> <old> 0 0 0 0
<4602207> <age_category> <young> 0 0 0 0
<4602212> <age_category> <young> 0 0 0 0
<4602351> <age_category> <old> 0 0 0 0
<4605031> <age_category> <old> 0 0 0 0
<4605311> <age_category> <old> 0 0 0 0
<4605314> <age_category> <old> 0 0 0 0
<4605317> <age_category> <old> 0 0 0 0
<4608614> <age_category> <old> 0 0 0 0
<4609972> <age_category> <old> 0 0 0 0
<4612485> <age_category> <old> 0 0 0 0
<4612742> <age_category> <old> 0 0 0 0
<4613263> <age_category> <old> 0 0 0 0
<4910458> <age_category> <old> 0 0 0 0
<4910460> <age_category> <old> 0 0 0 0
<4910481> <age_category> <old> 0 0 0 0
<4910790> <age_category> <old> 0 0 0 0
<4910888> <age_category> <old> 0 0 0 0
<4910910> <age_category> <old> 0 0 0 0
<4910965> <age_category> <young> 0 0 0 0
<4911025> <age_category> <old> 0 0 0 0
<4911199> <age_category> <old> 0 0 0 0
<501275> <age_category> <old> 0 0 0 0
<501295> <age_category> <old> 0 0 0 0
<501300> <age_category> <old> 0 0 0 0
<501317> <age_category> <old> 0 0 0 0
<502999> <age_category> <old> 0 0 0 0
<503107> <age_category> <old> 0 0 0 0
<503171> <age_category> <old> 0 0 0 0
<503293> <age_category> <old> 0 0 0 0
<503302> <age_category> <old> 0 0 0 0
<503808> <age_category> <old> 0 0 0 0
<503810> <age_category> <old> 0 0 0 0
<503875> <age_category> <old> 0 0 0 0
<503908> <age_category> <old> 0 0 0 0
<503914> <age_category> <old> 0 0 0 0
<503931> <age_category> <old> 0 0 0 0
<503943> <age_category> <old> 0 0 0 0
<507482> <age_category> <old> 0 0 0 0
<507510> <age_category> <old> 0 0 0 0
<507517> <age_category> <old> 0 0 0 0
<507723> <age_category> <old> 0 0 0 0
<410183> <age_category> <old> 0 0 0 0
<412986> <age_category> <old> 0 0 0 0
<413479> <age_category> <old> 0 0 0 0
<415726> <age_category> <old> 0 0 0 0
<416960> <age_category> <old> 0 0 0 0
<417038> <age_category> <old> 0 0 0 0
<417095> <age_category> <old> 0 0 0 0
<4604108> <age_category> <old> 0 0 0 0
<4612153> <age_category> <old> 0 0 0 0
<501254> <age_category> <old> 0 0 0 0
<503415> <age_category> <old> 0 0 0 0
<504134> <age_category> <old> 0 0 0 0
<507358> <age_category> <old> 0 0 0 0
<507900> <age_category> <old> 0 0 0 0
<507905> <age_category> <old> 0 0 0 0
<508141> <age_category> <old> 0 0 0 0
<508256> <age_category> <old> 0 0 0 0
<508386> <age_category> <old> 0 0 0 0
<508388> <age_category> <old> 0 0 0 0
<508406> <age_category> <old> 0 0 0 0
<508423> <age_category> <old> 0 0 0 0
<508466> <age_category> <old> 0 0 0 0
<508547> <age_category> <young> 0 0 0 0
<508961> <age_category> <old> 0 0 0 0
<508969> <age_category> <old> 0 0 0 0
<509039> <age_category> <old> 0 0 0 0
<509057> <age_category> <old> 0 0 0 0
<509074> <age_category> <old> 0 0 0 0
<5102818> <age_category> <old> 0 0 0 0
<5102979> <age_category> <old> 0 0 0 0
<5103667> <age_category> <old> 0 0 0 0
<5104125> <age_category> <old> 0 0 0 0
<5104274> <age_category> <old> 0 0 0 0
<5104383> <age_category> <old> 0 0 0 0
<5104668> <age_category> <old> 0 0 0 0
<5104855> <age_category> <old> 0 0 0 0
<5105132> <age_category> <old> 0 0 0 0
<5105206> <age_category> <old> 0 0 0 0
<5105589> <age_category> <young> 0 0 0 0
<5106179> <age_category> <old> 0 0 0 0
<5106267> <age_category> <old> 0 0 0 0
<5106401> <age_category> <old> 0 0 0 0
<5106487> <age_category> <old> 0 0 0 0
<5107024> <age_category> <old> 0 0 0 0
<5107176> <age_category> <old> 0 0 0 0
<5107932> <age_category> <old> 0 0 0 0
<5107933> <age_category> <old> 0 0 0 0
<5109298> <age_category> <old> 0 0 0 0
<5109934> <age_category> <old> 0 0 0 0
<5110838> <age_category> <old> 0 0 0 0
<5110840> <age_category> <old> 0 0 0 0
<5110980> <age_category> <old> 0 0 0 0
<5111266> <age_category> <old> 0 0 0 0
<5111664> <age_category> <old> 0 0 0 0
<5112300> <age_category> <old> 0 0 0 0
<5112406> <age_category> <old> 0 0 0 0
<5113298> <age_category> <old> 0 0 0 0
<5113773> <age_category> <old> 0 0 0 0
<5114548> <age_category> <old> 0 0 0 0
<5115785> <age_category> <old> 0 0 0 0
<5117581> <age_category> <old> 0 0 0 0
<512429> <age_category> <old> 0 0 0 0
<512463> <age_category> <old> 0 0 0 0
<512551> <age_category> <old> 0 0 0 0
<512605> <age_category> <old> 0 0 0 0
<512620> <age_category> <young> 0 0 0 0
<512767> <age_category> <old> 0 0 0 0
<512973> <age_category> <old> 0 0 0 0
<513202> <age_category> <old> 0 0 0 0
<513278> <age_category> <old> 0 0 0 0
<513702> <age_category> <old> 0 0 0 0
<513790> <age_category> <old> 0 0 0 0
<513791> <age_category> <old> 0 0 0 0
<513890> <age_category> <old> 0 0 0 0
<513945> <age_category> <old> 0 0 0 0
<514007> <age_category> <old> 0 0 0 0
<514138> <age_category> <old> 0 0 0 0
<508196> <age_category> <old> 0 0 0 0
<508971> <age_category> <old> 0 0 0 0
<5103232> <age_category> <old> 0 0 0 0
<5105448> <age_category> <old> 0 0 0 0
<5116773> <age_category> <old> 0 0 0 0
<513039> <age_category> <old> 0 0 0 0
<514182> <age_category> <old> 0 0 0 0
<514228> <age_category> <old> 0 0 0 0
<514229> <age_category> <old> 0 0 0 0
<514293> <age_category> <old> 0 0 0 0
<514310> <age_category> <old> 0 0 0 0
<514313> <age_category> <old> 0 0 0 0
<515850> <age_category> <old> 0 0 0 0
<516152> <age_category> <old> 0 0 0 0
<516155> <age_category> <old> 0 0 0 0
<516243> <age_category> <old> 0 0 0 0
<516631> <age_category> <young> 0 0 0 0
<516742> <age_category> <old> 0 0 0 0
<516760> <age_category> <old> 0 0 0 0
<516863> <age_category> <old> 0 0 0 0
<517131> <age_category> <old> 0 0 0 0
<517149> <age_category> <young> 0 0 0 0
<517405> <age_category> <old> 0 0 0 0
<517510> <age_category> <old> 0 0 0 0
<5301718> <age_category> <old> 0 0 0 0
<5301871> <age_category> <young> 0 0 0 0
<5303990> <age_category> <old> 0 0 0 0
<5305304> <age_category> <old> 0 0 0 0
<5307296> <age_category> <old> 0 0 0 0
<5310666> <age_category> <old> 0 0 0 0
<5312648> <age_category> <old> 0 0 0 0
<5313035> <age_category> <old> 0 0 0 0
<5313433> <age_category> <young> 0 0 0 0
<5314042> <age_category> <old> 0 0 0 0
<5314291> <age_category> <old> 0 0 0 0
<5314377> <age_category> <old> 0 0 0 0
<5315063> <age_category> <old> 0 0 0 0
<5315119> <age_category> <old> 0 0 0 0
<5315148> <age_category> <old> 0 0 0 0
<5315191> <age_category> <old> 0 0 0 0
<5315205> <age_category> <old> 0 0 0 0
<5315282> <age_category> <old> 0 0 0 0
<5315366> <age_category> <young> 0 0 0 0
<5315386> <age_category> <old> 0 0 0 0
<5315863> <age_category> <old> 0 0 0 0
<5315886> <age_category> <old> 0 0 0 0
<5316213> <age_category> <old> 0 0 0 0
<5316437> <age_category> <old> 0 0 0 0
<5316532> <age_category> <young> 0 0 0 0
<5317295> <age_category> <old> 0 0 0 0
<5501900> <age_category> <old> 0 0 0 0
<5502916> <age_category> <young> 0 0 0 0
<5506797> <age_category> <old> 0 0 0 0
<5506845> <age_category> <old> 0 0 0 0
<5507678> <age_category> <old> 0 0 0 0
<5511709> <age_category> <old> 0 0 0 0
<5512128> <age_category> <young> 0 0 0 0
<5514257> <age_category> <old> 0 0 0 0
<6300093> <age_category> <old> 0 0 0 0
<6300095> <age_category> <old> 0 0 0 0
<6300235> <age_category> <old> 0 0 0 0
<6301771> <age_category> <old> 0 0 0 0
<6302618> <age_category> <old> 0 0 0 0
<6303499> <age_category> <old> 0 0 0 0
<6304671> <age_category> <old> 0 0 0 0
<6304711> <age_category> <old> 0 0 0 0
<6311704> <age_category> <old> 0 0 0 0
<6311800> <age_category> <old> 0 0 0 0
<6311976> <age_category> <old> 0 0 0 0
<6312202> <age_category> <old> 0 0 0 0
<6312405> <age_category> <young> 0 0 0 0
<6312717> <age_category> <old> 0 0 0 0
<6312863> <age_category> <old> 0 0 0 0
<6313252> <age_category> <old> 0 0 0 0
<6313335> <age_category> <old> 0 0 0 0
<6313607> <age_category> <old> 0 0 0 0
<6315214> <age_category> <old> 0 0 0 0
<6315262> <age_category> <old> 0 0 0 0
<6315413> <age_category> <old> 0 0 0 0
<6315511> <age_category> <old> 0 0 0 0
<6315909> <age_category> <old> 0 0 0 0
<6316138> <age_category> <old> 0 0 0 0
<6316412> <age_category> <old> 0 0 0 0
<6316799> <age_category> <old> 0 0 0 0
<6316989> <age_category> <old> 0 0 0 0
<6316991> <age_category> <old> 0 0 0 0
<6317141> <age_category> <old> 0 0 0 0
<6317374> <age_category> <old> 0 0 0 0
<6400376> <age_category> <old> 0 0 0 0
<6400585> <age_category> <old> 0 0 0 0
<6400587> <age_category> <old> 0 0 0 0
<6400645> <age_category> <old> 0 0 0 0
<6400647> <age_category> <old> 0 0 0 0
<6401405> <age_category> <old> 0 0 0 0
<6402699> <age_category> <old> 0 0 0 0
<6403164> <age_category> <young> 0 0 0 0
<6616122> <age_category> <old> 0 0 0 0
<6900350> <age_category> <old> 0 0 0 0
<6900596> <age_category> <old> 0 0 0 0
<515719> <age_category> <old> 0 0 0 0
<515853> <age_category> <old> 0 0 0 0
<516358> <age_category> <old> 0 0 0 0
<516625> <age_category> <old> 0 0 0 0
<517566> <age_category> <old> 0 0 0 0
<5310685> <age_category> <young> 0 0 0 0
<5313972> <age_category> <old> 0 0 0 0
<5314480> <age_category> <old> 0 0 0 0
<5509601> <age_category> <young> 0 0 0 0
<6300793> <age_category> <old> 0 0 0 0
<6300925> <age_category> <old> 0 0 0 0
<6315219> <age_category> <old> 0 0 0 0
<6315589> <age_category> <old> 0 0 0 0
<6316013> <age_category> <young> 0 0 0 0
<6316497> <age_category> <old> 0 0 0 0
<6316725> <age_category> <old> 0 0 0 0
<6900351> <age_category> <old> 0 0 0 0
<7000353> <age_category> <old> 0 0 0 0
<701630> <age_category> <old> 0 0 0 0
<701656> <age_category> <old> 0 0 0 0
<701689> <age_category> <old> 0 0 0 0
<701732> <age_category> <old> 0 0 0 0
<701738> <age_category> <old> 0 0 0 0
<702320> <age_category> <old> 0 0 0 0
<703387> <age_category> <old> 0 0 0 0
<707605> <age_category> <old> 0 0 0 0
<708845> <age_category> <old> 0 0 0 0
<708937> <age_category> <old> 0 0 0 0
<7101187> <age_category> <old> 0 0 0 0
<7105924> <age_category> <old> 0 0 0 0
<710822> <age_category> <old> 0 0 0 0
<710825> <age_category> <old> 0 0 0 0
<710827> <age_category> <old> 0 0 0 0
<7215922> <age_category> <old> 0 0 0 0
<7216150> <age_category> <young> 0 0 0 0
<7404248> <age_category> <old> 0 0 0 0
<7404251> <age_category> <old> 0 0 0 0
<7404432> <age_category> <old> 0 0 0 0
<7405345> <age_category> <old> 0 0 0 0
<7406545> <age_category> <old> 0 0 0 0
<7407113> <age_category> <old> 0 0 0 0
<7717009> <age_category> <old> 0 0 0 0
<8310162> <age_category> <old> 0 0 0 0
<8311456> <age_category> <old> 0 0 0 0
<901964> <age_category> <old> 0 0 0 0
<903040> <age_category> <young> 0 0 0 0
<906915> <age_category> <old> 0 0 0 0
<906926> <age_category> <old> 0 0 0 0
<907064> <age_category> <old> 0 0 0 0
<909624> <age_category> <old> 0 0 0 0
<909695> <age_category> <old> 0 0 0 0
<911551> <age_category> <old> 0 0 0 0
<911617> <age_category> <old> 0 0 0 0
<916815> <age_category> <old> 0 0 0 0
<916830> <age_category> <old> 0 0 0 0
<917235> <age_category> <old> 0 0 0 0
<917442> <age_category> <old> 0 0 0 0
<9407206> <age_category> <old> 0 0 0 0
<9407222> <age_category> <old> 0 0 0 0
<9407281> <age_category> <old> 0 0 0 0
<9408668> <age_category> <old> 0 0 0 0
<9408693> <age_category> <old> 0 0 0 0
<9408736> <age_category> <old> 0 0 0 0
<9408796> <age_category> <old> 0 0 0 0
<9408797> <age_category> <old> 0 0 0 0
<9409973> <age_category> <old> 0 0 0 0
<9410572> <age_category> <old> 0 0 0 0
<9411416> <age_category> <old> 0 0 0 0
<9413572> <age_category> <old> 0 0 0 0
<9413897> <age_category> <old> 0 0 0 0
<9415459> <age_category> <old> 0 0 0 0
<9702991> <age_category> <old> 0 0 0 0
<9703783> <age_category> <old> 0 0 0 0
<9706535> <age_category> <old> 0 0 0 0
<9709939> <age_category> <old> 0 0 0 0
<9807408> <age_category> <old> 0 0 0 0
<9909401> <age_category> <old> 0 0 0 0
<9910151> <age_category> <old> 0 0 0 0
<9910497> <age_category> <old> 0 0 0 0
<9911655> <age_category> <old> 0 0 0 0
<7404459> <age_category> <old> 0 0 0 0
<7405339> <age_category> <old> 0 0 0 0
<909656> <age_category> <old> 0 0 0 0
<917122> <age_category> <old> 0 0 0 0
<9414084> <age_category> <old> 0 0 0 0
<9703511> <age_category> <old> 0 0 0 0
<9714391> <age_category> <old> 0 0 0 0
<9914486> <age_category> <old> 0 0 0 0
<10802682> <age_category> <old> 0 0 0 0
<204053> <age_category> <old> 0 0 0 0
<206744> <age_category> <old> 0 0 0 0
<2806023> <age_category> <old> 0 0 0 0
<2813854> <age_category> <young> 0 0 0 0
<2103335> <age_category> <old> 0 0 0 0
<2902542> <age_category> <old> 0 0 0 0
<501242> <age_category> <old> 0 0 0 0
<501302> <age_category> <young> 0 0 0 0
<503192> <age_category> <old> 0 0 0 0
<512775> <age_category> <old> 0 0 0 0
<5315809> <age_category> <old> 0 0 0 0
<6315991> <age_category> <old> 0 0 0 0
