<1009268> <has_previousCancerHistory_OrNot> <No> 1 1 1 1
<101716> <has_previousCancerHistory_OrNot> <No> 1 1 1 1
<101789> <has_previousCancerHistory_OrNot> <No> 1 1 1 1
<102121> <has_previousCancerHistory_OrNot> <Yes> 0 0 0 0
<102352> <has_previousCancerHistory_OrNot> <Yes> 0 0 0 0
<102861> <has_previousCancerHistory_OrNot> <No> 1 1 1 1
<102909> <has_previousCancerHistory_OrNot> <No> 0 0 0 0
<103642> <has_previousCancerHistory_OrNot> <No> 0 0 0 0
<103794> <has_previousCancerHistory_OrNot> <No> 1 1 1 1
<10600375> <has_previousCancerHistory_OrNot> <No> 0 0 0 0
<10601101> <has_previousCancerHistory_OrNot> <No> 0 0 0 0
<10607053> <has_previousCancerHistory_OrNot> <No> 1 1 1 1
<10610206> <has_previousCancerHistory_OrNot> <No> 1 1 1 1
<10610297> <has_previousCancerHistory_OrNot> <Yes> 0 0 0 0
<10613180> <has_previousCancerHistory_OrNot> <No> 1 1 1 1
<10613593> <has_previousCancerHistory_OrNot> <No> 1 1 1 1
<107576> <has_previousCancerHistory_OrNot> <Yes> 0 0 0 0
<107814> <has_previousCancerHistory_OrNot> <No> 1 1 1 1
<10803798> <has_previousCancerHistory_OrNot> <No> 1 1 1 1
<108248> <has_previousCancerHistory_OrNot> <No> 0 0 0 0
<108282> <has_previousCancerHistory_OrNot> <Yes> 0 0 0 0
<109517> <has_previousCancerHistory_OrNot> <No> 1 1 1 1
<109544> <has_previousCancerHistory_OrNot> <No> 1 1 1 1
<109759> <has_previousCancerHistory_OrNot> <No> 1 1 1 1
<110629> <has_previousCancerHistory_OrNot> <Yes> 0 0 0 0
<110691> <has_previousCancerHistory_OrNot> <No> 1 1 1 1
<110975> <has_previousCancerHistory_OrNot> <No> 1 1 1 1
<111989> <has_previousCancerHistory_OrNot> <No> 1 1 1 1
<11311968> <has_previousCancerHistory_OrNot> <Yes> 0 0 0 0
<11312075> <has_previousCancerHistory_OrNot> <No> 1 1 1 1
<11312217> <has_previousCancerHistory_OrNot> <No> 1 1 1 1
<11312221> <has_previousCancerHistory_OrNot> <No> 1 1 1 1
<11312256> <has_previousCancerHistory_OrNot> <No> 1 1 1 1
<11312259> <has_previousCancerHistory_OrNot> <No> 1 1 1 1
<11312299> <has_previousCancerHistory_OrNot> <No> 1 1 1 1
<11312417> <has_previousCancerHistory_OrNot> <No> 1 1 1 1
<11312640> <has_previousCancerHistory_OrNot> <No> 1 1 1 1
<11312854> <has_previousCancerHistory_OrNot> <No> 1 1 1 1
<11313191> <has_previousCancerHistory_OrNot> <Yes> 0 0 0 0
<11313454> <has_previousCancerHistory_OrNot> <No> 1 1 1 1
<11313705> <has_previousCancerHistory_OrNot> <No> 1 1 1 1
<11405818> <has_previousCancerHistory_OrNot> <No> 1 1 1 1
<11405990> <has_previousCancerHistory_OrNot> <No> 0 0 0 0
<11911237> <has_previousCancerHistory_OrNot> <No> 1 1 1 1
<11911323> <has_previousCancerHistory_OrNot> <No> 1 1 1 1
<1200111> <has_previousCancerHistory_OrNot> <Yes> 0 0 0 0
<1200126> <has_previousCancerHistory_OrNot> <No> 0 0 0 0
<1200207> <has_previousCancerHistory_OrNot> <No> 1 1 1 1
<1200711> <has_previousCancerHistory_OrNot> <Yes> 0 0 0 0
<1200818> <has_previousCancerHistory_OrNot> <No> 1 1 1 1
<1201394> <has_previousCancerHistory_OrNot> <No> 1 1 1 1
<1202387> <has_previousCancerHistory_OrNot> <No> 1 1 1 1
<1213106> <has_previousCancerHistory_OrNot> <No> 1 1 1 1
<1213440> <has_previousCancerHistory_OrNot> <No> 1 1 1 1
<10612968> <has_previousCancerHistory_OrNot> <No> 1 1 1 1
<108344> <has_previousCancerHistory_OrNot> <Yes> 0 0 0 0
<109386> <has_previousCancerHistory_OrNot> <No> 1 1 1 1
<109740> <has_previousCancerHistory_OrNot> <No> 1 1 1 1
<112881> <has_previousCancerHistory_OrNot> <Yes> 0 0 0 0
<116605> <has_previousCancerHistory_OrNot> <No> 1 1 1 1
<1214919> <has_previousCancerHistory_OrNot> <Yes> 0 0 0 0
<12913720> <has_previousCancerHistory_OrNot> <No> 1 1 1 1
<12914236> <has_previousCancerHistory_OrNot> <No> 1 1 1 1
<12914330> <has_previousCancerHistory_OrNot> <No> 1 1 1 1
<12914460> <has_previousCancerHistory_OrNot> <No> 1 1 1 1
<12914515> <has_previousCancerHistory_OrNot> <No> 1 1 1 1
<12914530> <has_previousCancerHistory_OrNot> <No> 1 1 1 1
<12914567> <has_previousCancerHistory_OrNot> <No> 1 1 1 1
<12914697> <has_previousCancerHistory_OrNot> <No> 1 1 1 1
<12914766> <has_previousCancerHistory_OrNot> <No> 1 1 1 1
<12915098> <has_previousCancerHistory_OrNot> <Yes> 0 0 0 0
<12915798> <has_previousCancerHistory_OrNot> <No> 1 1 1 1
<1300139> <has_previousCancerHistory_OrNot> <No> 1 1 1 1
<1300414> <has_previousCancerHistory_OrNot> <No> 1 1 1 1
<1300452> <has_previousCancerHistory_OrNot> <No> 0 0 0 0
<1300453> <has_previousCancerHistory_OrNot> <No> 1 1 1 1
<1300474> <has_previousCancerHistory_OrNot> <No> 1 1 1 1
<1300635> <has_previousCancerHistory_OrNot> <No> 1 1 1 1
<1300782> <has_previousCancerHistory_OrNot> <No> 1 1 1 1
<1300784> <has_previousCancerHistory_OrNot> <No> 1 1 1 1
<1300789> <has_previousCancerHistory_OrNot> <No> 0 0 0 0
<1300989> <has_previousCancerHistory_OrNot> <No> 1 1 1 1
<1302157> <has_previousCancerHistory_OrNot> <No> 0 0 0 0
<1302261> <has_previousCancerHistory_OrNot> <No> 0 0 0 0
<1302363> <has_previousCancerHistory_OrNot> <No> 0 0 0 0
<1302501> <has_previousCancerHistory_OrNot> <No> 0 0 0 0
<1302715> <has_previousCancerHistory_OrNot> <No> 0 0 0 0
<1303455> <has_previousCancerHistory_OrNot> <No> 0 0 0 0
<1303606> <has_previousCancerHistory_OrNot> <No> 0 0 0 0
<1303775> <has_previousCancerHistory_OrNot> <No> 0 0 0 0
<1305088> <has_previousCancerHistory_OrNot> <UNK> 0 0 0 0
<1305471> <has_previousCancerHistory_OrNot> <No> 0 0 0 0
<1305506> <has_previousCancerHistory_OrNot> <No> 0 0 0 0
<1305520> <has_previousCancerHistory_OrNot> <No> 0 0 0 0
<1305571> <has_previousCancerHistory_OrNot> <No> 0 0 0 0
<1305600> <has_previousCancerHistory_OrNot> <No> 1 1 1 1
<1305680> <has_previousCancerHistory_OrNot> <Yes> 2 2 1 1
<1305687> <has_previousCancerHistory_OrNot> <No> 0 0 0 0
<1305693> <has_previousCancerHistory_OrNot> <No> 1 1 1 1
<1306062> <has_previousCancerHistory_OrNot> <No> 0 0 0 0
<1306296> <has_previousCancerHistory_OrNot> <No> 0 0 0 0
<1306302> <has_previousCancerHistory_OrNot> <No> 0 0 0 0
<1306374> <has_previousCancerHistory_OrNot> <No> 0 0 0 0
<1309754> <has_previousCancerHistory_OrNot> <No> 1 1 1 1
<1309947> <has_previousCancerHistory_OrNot> <No> 1 1 1 1
<1310734> <has_previousCancerHistory_OrNot> <No> 1 1 1 1
<1311258> <has_previousCancerHistory_OrNot> <No> 1 1 1 1
<1312908> <has_previousCancerHistory_OrNot> <No> 1 1 1 1
<1313609> <has_previousCancerHistory_OrNot> <No> 1 1 1 1
<1313810> <has_previousCancerHistory_OrNot> <No> 1 1 1 1
<1313857> <has_previousCancerHistory_OrNot> <No> 1 1 1 1
<1314595> <has_previousCancerHistory_OrNot> <No> 1 1 1 1
<1314763> <has_previousCancerHistory_OrNot> <No> 1 1 1 1
<1315060> <has_previousCancerHistory_OrNot> <Yes> 0 0 0 0
<1315103> <has_previousCancerHistory_OrNot> <No> 1 1 1 1
<1315140> <has_previousCancerHistory_OrNot> <No> 1 1 1 1
<1315215> <has_previousCancerHistory_OrNot> <No> 1 1 1 1
<1315330> <has_previousCancerHistory_OrNot> <No> 1 1 1 1
<1315384> <has_previousCancerHistory_OrNot> <No> 1 1 1 1
<1315390> <has_previousCancerHistory_OrNot> <No> 1 1 1 1
<1315391> <has_previousCancerHistory_OrNot> <No> 1 1 1 1
<1315408> <has_previousCancerHistory_OrNot> <No> 1 1 1 1
<1315409> <has_previousCancerHistory_OrNot> <No> 1 1 1 1
<1315514> <has_previousCancerHistory_OrNot> <No> 1 1 1 1
<1315564> <has_previousCancerHistory_OrNot> <No> 1 1 1 1
<1315599> <has_previousCancerHistory_OrNot> <Yes> 0 0 0 0
<1315617> <has_previousCancerHistory_OrNot> <No> 1 1 1 1
<14603594> <has_previousCancerHistory_OrNot> <UNK> 0 0 0 0
<14703264> <has_previousCancerHistory_OrNot> <No> 0 0 0 0
<14705785> <has_previousCancerHistory_OrNot> <No> 0 0 0 0
<14705786> <has_previousCancerHistory_OrNot> <No> 0 0 0 0
<14705930> <has_previousCancerHistory_OrNot> <No> 0 0 0 0
<14706803> <has_previousCancerHistory_OrNot> <No> 0 0 0 0
<1500964> <has_previousCancerHistory_OrNot> <No> 0 0 0 0
<1501005> <has_previousCancerHistory_OrNot> <No> 0 0 0 0
<1504569> <has_previousCancerHistory_OrNot> <No> 0 0 0 0
<1504845> <has_previousCancerHistory_OrNot> <No> 1 1 1 1
<1504930> <has_previousCancerHistory_OrNot> <No> 0 0 0 0
<1505965> <has_previousCancerHistory_OrNot> <No> 0 0 0 0
<1214686> <has_previousCancerHistory_OrNot> <No> 1 1 1 1
<1216550> <has_previousCancerHistory_OrNot> <No> 1 1 1 1
<1300786> <has_previousCancerHistory_OrNot> <No> 1 1 1 1
<1302286> <has_previousCancerHistory_OrNot> <No> 0 0 0 0
<1305071> <has_previousCancerHistory_OrNot> <No> 1 1 1 1
<1305689> <has_previousCancerHistory_OrNot> <No> 1 1 1 1
<1312655> <has_previousCancerHistory_OrNot> <No> 1 1 1 1
<1313391> <has_previousCancerHistory_OrNot> <Yes> 0 0 0 0
<1314705> <has_previousCancerHistory_OrNot> <No> 1 1 1 1
<1504387> <has_previousCancerHistory_OrNot> <No> 1 1 1 1
<1505368> <has_previousCancerHistory_OrNot> <No> 1 1 1 1
<1506277> <has_previousCancerHistory_OrNot> <No> 1 1 1 1
<1506948> <has_previousCancerHistory_OrNot> <No> 1 1 1 1
<1507242> <has_previousCancerHistory_OrNot> <No> 1 1 1 1
<1508759> <has_previousCancerHistory_OrNot> <Yes> 0 0 0 0
<1509513> <has_previousCancerHistory_OrNot> <No> 1 1 1 1
<1509909> <has_previousCancerHistory_OrNot> <No> 1 1 1 1
<1511096> <has_previousCancerHistory_OrNot> <UNK> 0 0 0 0
<1511116> <has_previousCancerHistory_OrNot> <No> 1 1 1 1
<1511140> <has_previousCancerHistory_OrNot> <No> 1 1 1 1
<1511156> <has_previousCancerHistory_OrNot> <No> 1 1 1 1
<1511160> <has_previousCancerHistory_OrNot> <Yes> 2 2 1 1
<1511170> <has_previousCancerHistory_OrNot> <No> 1 1 1 1
<1511181> <has_previousCancerHistory_OrNot> <Yes> 0 0 0 0
<1513557> <has_previousCancerHistory_OrNot> <No> 1 1 1 1
<1513565> <has_previousCancerHistory_OrNot> <No> 1 1 1 1
<1514033> <has_previousCancerHistory_OrNot> <No> 1 1 1 1
<15700160> <has_previousCancerHistory_OrNot> <No> 1 1 1 1
<15701650> <has_previousCancerHistory_OrNot> <No> 0 0 0 0
<15701659> <has_previousCancerHistory_OrNot> <Yes> 0 0 0 0
<15701725> <has_previousCancerHistory_OrNot> <No> 1 1 1 1
<15701729> <has_previousCancerHistory_OrNot> <No> 1 1 1 1
<15701754> <has_previousCancerHistory_OrNot> <No> 1 1 1 1
<15701757> <has_previousCancerHistory_OrNot> <No> 1 1 1 1
<15702370> <has_previousCancerHistory_OrNot> <No> 1 1 1 1
<15703026> <has_previousCancerHistory_OrNot> <No> 1 1 1 1
<15703035> <has_previousCancerHistory_OrNot> <No> 1 1 1 1
<15706037> <has_previousCancerHistory_OrNot> <Yes> 0 0 0 0
<15706420> <has_previousCancerHistory_OrNot> <No> 1 1 1 1
<15706838> <has_previousCancerHistory_OrNot> <No> 1 1 1 1
<15707824> <has_previousCancerHistory_OrNot> <No> 1 1 1 1
<15709464> <has_previousCancerHistory_OrNot> <No> 1 1 1 1
<15714596> <has_previousCancerHistory_OrNot> <No> 1 1 1 1
<15714624> <has_previousCancerHistory_OrNot> <Yes> 0 0 0 0
<15714636> <has_previousCancerHistory_OrNot> <No> 1 1 1 1
<15715024> <has_previousCancerHistory_OrNot> <No> 1 1 1 1
<15717535> <has_previousCancerHistory_OrNot> <No> 1 1 1 1
<17713441> <has_previousCancerHistory_OrNot> <No> 1 1 1 1
<201498> <has_previousCancerHistory_OrNot> <No> 0 0 0 0
<201560> <has_previousCancerHistory_OrNot> <No> 0 0 0 0
<201561> <has_previousCancerHistory_OrNot> <No> 0 0 0 0
<201567> <has_previousCancerHistory_OrNot> <No> 0 0 0 0
<201576> <has_previousCancerHistory_OrNot> <No> 0 0 0 0
<201604> <has_previousCancerHistory_OrNot> <No> 0 0 0 0
<201613> <has_previousCancerHistory_OrNot> <No> 0 0 0 0
<201681> <has_previousCancerHistory_OrNot> <No> 0 0 0 0
<201693> <has_previousCancerHistory_OrNot> <No> 0 0 0 0
<201800> <has_previousCancerHistory_OrNot> <No> 0 0 0 0
<201809> <has_previousCancerHistory_OrNot> <No> 1 1 1 1
<201810> <has_previousCancerHistory_OrNot> <No> 0 0 0 0
<201814> <has_previousCancerHistory_OrNot> <No> 0 0 0 0
<201865> <has_previousCancerHistory_OrNot> <No> 0 0 0 0
<201883> <has_previousCancerHistory_OrNot> <No> 0 0 0 0
<201940> <has_previousCancerHistory_OrNot> <No> 0 0 0 0
<201942> <has_previousCancerHistory_OrNot> <No> 0 0 0 0
<201948> <has_previousCancerHistory_OrNot> <No> 0 0 0 0
<202027> <has_previousCancerHistory_OrNot> <No> 0 0 0 0
<202218> <has_previousCancerHistory_OrNot> <No> 1 1 1 1
<202220> <has_previousCancerHistory_OrNot> <No> 1 1 1 1
<202250> <has_previousCancerHistory_OrNot> <No> 0 0 0 0
<202263> <has_previousCancerHistory_OrNot> <No> 0 0 0 0
<202275> <has_previousCancerHistory_OrNot> <No> 0 0 0 0
<202308> <has_previousCancerHistory_OrNot> <No> 0 0 0 0
<202359> <has_previousCancerHistory_OrNot> <No> 0 0 0 0
<202473> <has_previousCancerHistory_OrNot> <No> 0 0 0 0
<202581> <has_previousCancerHistory_OrNot> <Yes> 0 0 0 0
<202582> <has_previousCancerHistory_OrNot> <No> 0 0 0 0
<202649> <has_previousCancerHistory_OrNot> <No> 0 0 0 0
<203215> <has_previousCancerHistory_OrNot> <No> 0 0 0 0
<203218> <has_previousCancerHistory_OrNot> <UNK> 0 0 0 0
<203507> <has_previousCancerHistory_OrNot> <No> 0 0 0 0
<203544> <has_previousCancerHistory_OrNot> <No> 0 0 0 0
<203635> <has_previousCancerHistory_OrNot> <Yes> 0 0 0 0
<203746> <has_previousCancerHistory_OrNot> <No> 1 1 1 1
<204316> <has_previousCancerHistory_OrNot> <No> 0 0 0 0
<204317> <has_previousCancerHistory_OrNot> <No> 0 0 0 0
<204488> <has_previousCancerHistory_OrNot> <No> 0 0 0 0
<204613> <has_previousCancerHistory_OrNot> <UNK> 0 0 0 0
<204616> <has_previousCancerHistory_OrNot> <No> 0 0 0 0
<204627> <has_previousCancerHistory_OrNot> <No> 0 0 0 0
<205116> <has_previousCancerHistory_OrNot> <No> 0 0 0 0
<205330> <has_previousCancerHistory_OrNot> <No> 0 0 0 0
<205389> <has_previousCancerHistory_OrNot> <No> 0 0 0 0
<205501> <has_previousCancerHistory_OrNot> <Yes> 0 0 0 0
<205888> <has_previousCancerHistory_OrNot> <Yes> 0 0 0 0
<206002> <has_previousCancerHistory_OrNot> <No> 0 0 0 0
<206155> <has_previousCancerHistory_OrNot> <Yes> 0 0 0 0
<206169> <has_previousCancerHistory_OrNot> <No> 0 0 0 0
<206170> <has_previousCancerHistory_OrNot> <UNK> 0 0 0 0
<206464> <has_previousCancerHistory_OrNot> <No> 0 0 0 0
<206692> <has_previousCancerHistory_OrNot> <No> 0 0 0 0
<206708> <has_previousCancerHistory_OrNot> <No> 0 0 0 0
<206719> <has_previousCancerHistory_OrNot> <No> 0 0 0 0
<206752> <has_previousCancerHistory_OrNot> <No> 0 0 0 0
<207224> <has_previousCancerHistory_OrNot> <No> 0 0 0 0
<207238> <has_previousCancerHistory_OrNot> <No> 0 0 0 0
<207914> <has_previousCancerHistory_OrNot> <No> 0 0 0 0
<207982> <has_previousCancerHistory_OrNot> <Yes> 0 0 0 0
<208710> <has_previousCancerHistory_OrNot> <No> 1 1 1 1
<208932> <has_previousCancerHistory_OrNot> <No> 0 0 0 0
<209163> <has_previousCancerHistory_OrNot> <No> 0 0 0 0
<209240> <has_previousCancerHistory_OrNot> <No> 0 0 0 0
<209612> <has_previousCancerHistory_OrNot> <No> 1 1 1 1
<209940> <has_previousCancerHistory_OrNot> <No> 1 1 1 1
<209986> <has_previousCancerHistory_OrNot> <No> 1 1 1 1
<2100658> <has_previousCancerHistory_OrNot> <No> 1 1 1 1
<2100734> <has_previousCancerHistory_OrNot> <No> 1 1 1 1
<2100741> <has_previousCancerHistory_OrNot> <No> 1 1 1 1
<2100950> <has_previousCancerHistory_OrNot> <Yes> 0 0 0 0
<1511109> <has_previousCancerHistory_OrNot> <No> 1 1 1 1
<15701722> <has_previousCancerHistory_OrNot> <Yes> 0 0 0 0
<202136> <has_previousCancerHistory_OrNot> <No> 0 0 0 0
<202137> <has_previousCancerHistory_OrNot> <No> 0 0 0 0
<204625> <has_previousCancerHistory_OrNot> <No> 0 0 0 0
<209945> <has_previousCancerHistory_OrNot> <No> 1 1 1 1
<2100809> <has_previousCancerHistory_OrNot> <Yes> 0 0 0 0
<2101069> <has_previousCancerHistory_OrNot> <No> 1 1 1 1
<2102591> <has_previousCancerHistory_OrNot> <No> 1 1 1 1
<210387> <has_previousCancerHistory_OrNot> <No> 1 1 1 1
<210478> <has_previousCancerHistory_OrNot> <No> 1 1 1 1
<2105967> <has_previousCancerHistory_OrNot> <No> 0 0 0 0
<2108329> <has_previousCancerHistory_OrNot> <No> 1 1 1 1
<2109200> <has_previousCancerHistory_OrNot> <No> 1 1 1 1
<211362> <has_previousCancerHistory_OrNot> <No> 0 0 0 0
<2114405> <has_previousCancerHistory_OrNot> <No> 1 1 1 1
<211707> <has_previousCancerHistory_OrNot> <No> 1 1 1 1
<211725> <has_previousCancerHistory_OrNot> <No> 1 1 1 1
<211730> <has_previousCancerHistory_OrNot> <No> 1 1 1 1
<211879> <has_previousCancerHistory_OrNot> <Yes> 0 0 0 0
<212275> <has_previousCancerHistory_OrNot> <No> 1 1 1 1
<212844> <has_previousCancerHistory_OrNot> <No> 0 0 0 0
<212858> <has_previousCancerHistory_OrNot> <No> 1 1 1 1
<212906> <has_previousCancerHistory_OrNot> <No> 1 1 1 1
<213308> <has_previousCancerHistory_OrNot> <No> 1 1 1 1
<213448> <has_previousCancerHistory_OrNot> <No> 1 1 1 1
<213449> <has_previousCancerHistory_OrNot> <No> 1 1 1 1
<213468> <has_previousCancerHistory_OrNot> <No> 1 1 1 1
<214201> <has_previousCancerHistory_OrNot> <No> 1 1 1 1
<214540> <has_previousCancerHistory_OrNot> <No> 1 1 1 1
<215379> <has_previousCancerHistory_OrNot> <No> 1 1 1 1
<217100> <has_previousCancerHistory_OrNot> <No> 1 1 1 1
<217116> <has_previousCancerHistory_OrNot> <No> 1 1 1 1
<2300022> <has_previousCancerHistory_OrNot> <No> 1 1 1 1
<2301093> <has_previousCancerHistory_OrNot> <No> 1 1 1 1
<2301196> <has_previousCancerHistory_OrNot> <No> 0 0 0 0
<2301197> <has_previousCancerHistory_OrNot> <No> 1 1 1 1
<2302066> <has_previousCancerHistory_OrNot> <No> 0 0 0 0
<2303589> <has_previousCancerHistory_OrNot> <No> 1 1 1 1
<2304322> <has_previousCancerHistory_OrNot> <No> 1 1 1 1
<2304572> <has_previousCancerHistory_OrNot> <No> 0 0 0 0
<2304676> <has_previousCancerHistory_OrNot> <Yes> 0 0 0 0
<2304764> <has_previousCancerHistory_OrNot> <No> 1 1 1 1
<2304964> <has_previousCancerHistory_OrNot> <No> 0 0 0 0
<2305000> <has_previousCancerHistory_OrNot> <No> 1 1 1 1
<2305025> <has_previousCancerHistory_OrNot> <No> 1 1 1 1
<2305377> <has_previousCancerHistory_OrNot> <No> 1 1 1 1
<2306745> <has_previousCancerHistory_OrNot> <No> 1 1 1 1
<2307323> <has_previousCancerHistory_OrNot> <No> 0 0 0 0
<2307324> <has_previousCancerHistory_OrNot> <No> 0 0 0 0
<2307993> <has_previousCancerHistory_OrNot> <No> 0 0 0 0
<2310177> <has_previousCancerHistory_OrNot> <No> 1 1 1 1
<2312609> <has_previousCancerHistory_OrNot> <No> 1 1 1 1
<2405795> <has_previousCancerHistory_OrNot> <No> 1 1 1 1
<2406481> <has_previousCancerHistory_OrNot> <No> 1 1 1 1
<2407221> <has_previousCancerHistory_OrNot> <No> 1 1 1 1
<2506016> <has_previousCancerHistory_OrNot> <No> 0 0 0 0
<2510439> <has_previousCancerHistory_OrNot> <No> 1 1 1 1
<2801985> <has_previousCancerHistory_OrNot> <No> 1 1 1 1
<2803646> <has_previousCancerHistory_OrNot> <No> 1 1 1 1
<2803740> <has_previousCancerHistory_OrNot> <No> 1 1 1 1
<2804200> <has_previousCancerHistory_OrNot> <Yes> 0 0 0 0
<2804744> <has_previousCancerHistory_OrNot> <No> 1 1 1 1
<2804753> <has_previousCancerHistory_OrNot> <Yes> 0 0 0 0
<2804859> <has_previousCancerHistory_OrNot> <No> 0 0 0 0
<2804869> <has_previousCancerHistory_OrNot> <No> 1 1 1 1
<2806248> <has_previousCancerHistory_OrNot> <No> 1 1 1 1
<2806929> <has_previousCancerHistory_OrNot> <No> 1 1 1 1
<2807553> <has_previousCancerHistory_OrNot> <Yes> 0 0 0 0
<2807758> <has_previousCancerHistory_OrNot> <No> 1 1 1 1
<2808648> <has_previousCancerHistory_OrNot> <No> 0 0 0 0
<2809383> <has_previousCancerHistory_OrNot> <No> 0 0 0 0
<2809990> <has_previousCancerHistory_OrNot> <No> 1 1 1 1
<212022> <has_previousCancerHistory_OrNot> <No> 1 1 1 1
<2300014> <has_previousCancerHistory_OrNot> <No> 0 0 0 0
<2303894> <has_previousCancerHistory_OrNot> <No> 1 1 1 1
<2304963> <has_previousCancerHistory_OrNot> <No> 0 0 0 0
<2309223> <has_previousCancerHistory_OrNot> <No> 1 1 1 1
<2310246> <has_previousCancerHistory_OrNot> <No> 1 1 1 1
<2310515> <has_previousCancerHistory_OrNot> <Yes> 0 0 0 0
<2311056> <has_previousCancerHistory_OrNot> <No> 0 0 0 0
<2801977> <has_previousCancerHistory_OrNot> <No> 1 1 1 1
<2808356> <has_previousCancerHistory_OrNot> <No> 0 0 0 0
<2810449> <has_previousCancerHistory_OrNot> <No> 1 1 1 1
<2811001> <has_previousCancerHistory_OrNot> <No> 1 1 1 1
<2811264> <has_previousCancerHistory_OrNot> <Yes> 0 0 0 0
<2811292> <has_previousCancerHistory_OrNot> <No> 0 0 0 0
<2811459> <has_previousCancerHistory_OrNot> <No> 1 1 1 1
<2812342> <has_previousCancerHistory_OrNot> <No> 1 1 1 1
<2812344> <has_previousCancerHistory_OrNot> <No> 1 1 1 1
<2813070> <has_previousCancerHistory_OrNot> <No> 1 1 1 1
<2813543> <has_previousCancerHistory_OrNot> <No> 0 0 0 0
<2815315> <has_previousCancerHistory_OrNot> <No> 1 1 1 1
<2816555> <has_previousCancerHistory_OrNot> <No> 1 1 1 1
<2816692> <has_previousCancerHistory_OrNot> <No> 1 1 1 1
<2900541> <has_previousCancerHistory_OrNot> <No> 0 0 0 0
<2900876> <has_previousCancerHistory_OrNot> <No> 1 1 1 1
<2901429> <has_previousCancerHistory_OrNot> <Yes> 0 0 0 0
<2902456> <has_previousCancerHistory_OrNot> <No> 1 1 1 1
<2902513> <has_previousCancerHistory_OrNot> <No> 1 1 1 1
<2902521> <has_previousCancerHistory_OrNot> <No> 1 1 1 1
<2903120> <has_previousCancerHistory_OrNot> <No> 1 1 1 1
<2903708> <has_previousCancerHistory_OrNot> <No> 1 1 1 1
<2903709> <has_previousCancerHistory_OrNot> <Yes> 0 0 0 0
<2903717> <has_previousCancerHistory_OrNot> <Yes> 0 0 0 0
<2903723> <has_previousCancerHistory_OrNot> <Yes> 0 0 0 0
<2904206> <has_previousCancerHistory_OrNot> <Yes> 0 0 0 0
<2905791> <has_previousCancerHistory_OrNot> <No> 1 1 1 1
<2907761> <has_previousCancerHistory_OrNot> <No> 1 1 1 1
<2910711> <has_previousCancerHistory_OrNot> <No> 1 1 1 1
<2910972> <has_previousCancerHistory_OrNot> <No> 1 1 1 1
<2917312> <has_previousCancerHistory_OrNot> <No> 1 1 1 1
<2917344> <has_previousCancerHistory_OrNot> <No> 1 1 1 1
<2917364> <has_previousCancerHistory_OrNot> <No> 1 1 1 1
<2917483> <has_previousCancerHistory_OrNot> <No> 1 1 1 1
<2917503> <has_previousCancerHistory_OrNot> <No> 1 1 1 1
<300273> <has_previousCancerHistory_OrNot> <Yes> 0 0 0 0
<300365> <has_previousCancerHistory_OrNot> <No> 1 1 1 1
<3005894> <has_previousCancerHistory_OrNot> <No> 0 0 0 0
<3007641> <has_previousCancerHistory_OrNot> <No> 1 1 1 1
<300854> <has_previousCancerHistory_OrNot> <No> 1 1 1 1
<301135> <has_previousCancerHistory_OrNot> <Yes> 0 0 0 0
<301136> <has_previousCancerHistory_OrNot> <No> 0 0 0 0
<3011404> <has_previousCancerHistory_OrNot> <Yes> 0 0 0 0
<3012660> <has_previousCancerHistory_OrNot> <No> 0 0 0 0
<3012900> <has_previousCancerHistory_OrNot> <Yes> 0 0 0 0
<301410> <has_previousCancerHistory_OrNot> <No> 1 1 1 1
<3017419> <has_previousCancerHistory_OrNot> <No> 1 1 1 1
<3017435> <has_previousCancerHistory_OrNot> <No> 1 1 1 1
<302487> <has_previousCancerHistory_OrNot> <No> 0 0 0 0
<302629> <has_previousCancerHistory_OrNot> <No> 0 0 0 0
<303329> <has_previousCancerHistory_OrNot> <Yes> 0 0 0 0
<303385> <has_previousCancerHistory_OrNot> <No> 1 1 1 1
<303689> <has_previousCancerHistory_OrNot> <No> 0 0 0 0
<303852> <has_previousCancerHistory_OrNot> <Yes> 0 0 0 0
<303872> <has_previousCancerHistory_OrNot> <No> 1 1 1 1
<304982> <has_previousCancerHistory_OrNot> <No> 1 1 1 1
<305073> <has_previousCancerHistory_OrNot> <No> 1 1 1 1
<305124> <has_previousCancerHistory_OrNot> <No> 1 1 1 1
<305191> <has_previousCancerHistory_OrNot> <No> 1 1 1 1
<306130> <has_previousCancerHistory_OrNot> <No> 1 1 1 1
<306858> <has_previousCancerHistory_OrNot> <No> 1 1 1 1
<306881> <has_previousCancerHistory_OrNot> <No> 1 1 1 1
<311538> <has_previousCancerHistory_OrNot> <No> 1 1 1 1
<311605> <has_previousCancerHistory_OrNot> <No> 1 1 1 1
<311606> <has_previousCancerHistory_OrNot> <No> 1 1 1 1
<311826> <has_previousCancerHistory_OrNot> <No> 1 1 1 1
<311883> <has_previousCancerHistory_OrNot> <No> 1 1 1 1
<312132> <has_previousCancerHistory_OrNot> <No> 0 0 0 0
<312922> <has_previousCancerHistory_OrNot> <No> 1 1 1 1
<313682> <has_previousCancerHistory_OrNot> <No> 0 0 0 0
<317293> <has_previousCancerHistory_OrNot> <No> 1 1 1 1
<3302346> <has_previousCancerHistory_OrNot> <No> 1 1 1 1
<3307153> <has_previousCancerHistory_OrNot> <No> 0 0 0 0
<3310785> <has_previousCancerHistory_OrNot> <No> 1 1 1 1
<3402695> <has_previousCancerHistory_OrNot> <Yes> 0 0 0 0
<3404061> <has_previousCancerHistory_OrNot> <Yes> 0 0 0 0
<3404213> <has_previousCancerHistory_OrNot> <No> 0 0 0 0
<3404267> <has_previousCancerHistory_OrNot> <No> 0 0 0 0
<3404376> <has_previousCancerHistory_OrNot> <No> 0 0 0 0
<3404394> <has_previousCancerHistory_OrNot> <No> 0 0 0 0
<3404573> <has_previousCancerHistory_OrNot> <No> 0 0 0 0
<3405201> <has_previousCancerHistory_OrNot> <No> 0 0 0 0
<3405500> <has_previousCancerHistory_OrNot> <Yes> 0 0 0 0
<3405533> <has_previousCancerHistory_OrNot> <No> 1 1 1 1
<3405565> <has_previousCancerHistory_OrNot> <No> 0 0 0 0
<3406729> <has_previousCancerHistory_OrNot> <No> 0 0 0 0
<3407081> <has_previousCancerHistory_OrNot> <No> 0 0 0 0
<3407819> <has_previousCancerHistory_OrNot> <No> 0 0 0 0
<3408696> <has_previousCancerHistory_OrNot> <Yes> 0 0 0 0
<3408805> <has_previousCancerHistory_OrNot> <No> 1 1 1 1
<3410355> <has_previousCancerHistory_OrNot> <Yes> 0 0 0 0
<3411354> <has_previousCancerHistory_OrNot> <No> 1 1 1 1
<3505878> <has_previousCancerHistory_OrNot> <No> 0 0 0 0
<3505950> <has_previousCancerHistory_OrNot> <No> 0 0 0 0
<2903739> <has_previousCancerHistory_OrNot> <No> 1 1 1 1
<2905970> <has_previousCancerHistory_OrNot> <No> 1 1 1 1
<3007069> <has_previousCancerHistory_OrNot> <No> 1 1 1 1
<300788> <has_previousCancerHistory_OrNot> <Yes> 0 0 0 0
<301371> <has_previousCancerHistory_OrNot> <No> 1 1 1 1
<305232> <has_previousCancerHistory_OrNot> <No> 1 1 1 1
<306610> <has_previousCancerHistory_OrNot> <No> 0 0 0 0
<3307209> <has_previousCancerHistory_OrNot> <No> 0 0 0 0
<3308065> <has_previousCancerHistory_OrNot> <No> 0 0 0 0
<3309478> <has_previousCancerHistory_OrNot> <No> 1 1 1 1
<3410526> <has_previousCancerHistory_OrNot> <Yes> 0 0 0 0
<3507662> <has_previousCancerHistory_OrNot> <No> 0 0 0 0
<3507751> <has_previousCancerHistory_OrNot> <No> 0 0 0 0
<3507867> <has_previousCancerHistory_OrNot> <No> 0 0 0 0
<3508319> <has_previousCancerHistory_OrNot> <No> 0 0 0 0
<3508583> <has_previousCancerHistory_OrNot> <No> 0 0 0 0
<3508617> <has_previousCancerHistory_OrNot> <No> 0 0 0 0
<3508618> <has_previousCancerHistory_OrNot> <No> 0 0 0 0
<3508650> <has_previousCancerHistory_OrNot> <No> 0 0 0 0
<3508879> <has_previousCancerHistory_OrNot> <No> 0 0 0 0
<3509119> <has_previousCancerHistory_OrNot> <Yes> 0 0 0 0
<3509329> <has_previousCancerHistory_OrNot> <No> 1 1 1 1
<3509361> <has_previousCancerHistory_OrNot> <No> 1 1 1 1
<3510012> <has_previousCancerHistory_OrNot> <No> 1 1 1 1
<3510124> <has_previousCancerHistory_OrNot> <No> 1 1 1 1
<3510408> <has_previousCancerHistory_OrNot> <No> 1 1 1 1
<3510424> <has_previousCancerHistory_OrNot> <No> 0 0 0 0
<3510858> <has_previousCancerHistory_OrNot> <No> 1 1 1 1
<3510859> <has_previousCancerHistory_OrNot> <No> 1 1 1 1
<3510861> <has_previousCancerHistory_OrNot> <No> 1 1 1 1
<3602377> <has_previousCancerHistory_OrNot> <No> 0 0 0 0
<3602428> <has_previousCancerHistory_OrNot> <No> 0 0 0 0
<3602430> <has_previousCancerHistory_OrNot> <No> 0 0 0 0
<3602463> <has_previousCancerHistory_OrNot> <No> 0 0 0 0
<3602569> <has_previousCancerHistory_OrNot> <No> 1 1 1 1
<3703641> <has_previousCancerHistory_OrNot> <Yes> 0 0 0 0
<3709411> <has_previousCancerHistory_OrNot> <No> 1 1 1 1
<3802471> <has_previousCancerHistory_OrNot> <No> 0 0 0 0
<3804115> <has_previousCancerHistory_OrNot> <No> 1 1 1 1
<3811807> <has_previousCancerHistory_OrNot> <No> 1 1 1 1
<3905713> <has_previousCancerHistory_OrNot> <Yes> 0 0 0 0
<409399> <has_previousCancerHistory_OrNot> <Yes> 0 0 0 0
<409429> <has_previousCancerHistory_OrNot> <No> 0 0 0 0
<409433> <has_previousCancerHistory_OrNot> <No> 1 1 1 1
<409553> <has_previousCancerHistory_OrNot> <No> 1 1 1 1
<409615> <has_previousCancerHistory_OrNot> <No> 1 1 1 1
<409697> <has_previousCancerHistory_OrNot> <No> 1 1 1 1
<409752> <has_previousCancerHistory_OrNot> <No> 1 1 1 1
<409790> <has_previousCancerHistory_OrNot> <No> 1 1 1 1
<409806> <has_previousCancerHistory_OrNot> <No> 1 1 1 1
<409844> <has_previousCancerHistory_OrNot> <No> 1 1 1 1
<409856> <has_previousCancerHistory_OrNot> <Yes> 0 0 0 0
<409987> <has_previousCancerHistory_OrNot> <No> 0 0 0 0
<410022> <has_previousCancerHistory_OrNot> <No> 1 1 1 1
<410039> <has_previousCancerHistory_OrNot> <No> 1 1 1 1
<410048> <has_previousCancerHistory_OrNot> <No> 1 1 1 1
<410195> <has_previousCancerHistory_OrNot> <No> 1 1 1 1
<410352> <has_previousCancerHistory_OrNot> <No> 1 1 1 1
<410379> <has_previousCancerHistory_OrNot> <No> 1 1 1 1
<411064> <has_previousCancerHistory_OrNot> <No> 1 1 1 1
<411449> <has_previousCancerHistory_OrNot> <No> 1 1 1 1
<411544> <has_previousCancerHistory_OrNot> <Yes> 0 0 0 0
<412009> <has_previousCancerHistory_OrNot> <No> 1 1 1 1
<412011> <has_previousCancerHistory_OrNot> <No> 0 0 0 0
<412991> <has_previousCancerHistory_OrNot> <No> 0 0 0 0
<413119> <has_previousCancerHistory_OrNot> <Yes> 0 0 0 0
<413287> <has_previousCancerHistory_OrNot> <No> 1 1 1 1
<413471> <has_previousCancerHistory_OrNot> <No> 1 1 1 1
<413478> <has_previousCancerHistory_OrNot> <Yes> 0 0 0 0
<413480> <has_previousCancerHistory_OrNot> <No> 1 1 1 1
<413873> <has_previousCancerHistory_OrNot> <No> 1 1 1 1
<414354> <has_previousCancerHistory_OrNot> <No> 1 1 1 1
<415718> <has_previousCancerHistory_OrNot> <No> 1 1 1 1
<415769> <has_previousCancerHistory_OrNot> <No> 1 1 1 1
<415770> <has_previousCancerHistory_OrNot> <No> 1 1 1 1
<415885> <has_previousCancerHistory_OrNot> <No> 1 1 1 1
<415915> <has_previousCancerHistory_OrNot> <No> 1 1 1 1
<415919> <has_previousCancerHistory_OrNot> <No> 1 1 1 1
<415979> <has_previousCancerHistory_OrNot> <No> 1 1 1 1
<416055> <has_previousCancerHistory_OrNot> <No> 1 1 1 1
<416069> <has_previousCancerHistory_OrNot> <No> 1 1 1 1
<416654> <has_previousCancerHistory_OrNot> <No> 1 1 1 1
<416663> <has_previousCancerHistory_OrNot> <No> 1 1 1 1
<416671> <has_previousCancerHistory_OrNot> <No> 1 1 1 1
<416705> <has_previousCancerHistory_OrNot> <Yes> 0 0 0 0
<416706> <has_previousCancerHistory_OrNot> <No> 1 1 1 1
<416730> <has_previousCancerHistory_OrNot> <No> 1 1 1 1
<416808> <has_previousCancerHistory_OrNot> <Yes> 0 0 0 0
<416964> <has_previousCancerHistory_OrNot> <No> 1 1 1 1
<416973> <has_previousCancerHistory_OrNot> <No> 1 1 1 1
<416977> <has_previousCancerHistory_OrNot> <No> 1 1 1 1
<417054> <has_previousCancerHistory_OrNot> <No> 1 1 1 1
<417203> <has_previousCancerHistory_OrNot> <No> 1 1 1 1
<417318> <has_previousCancerHistory_OrNot> <No> 1 1 1 1
<417471> <has_previousCancerHistory_OrNot> <No> 1 1 1 1
<4201558> <has_previousCancerHistory_OrNot> <No> 1 1 1 1
<4305873> <has_previousCancerHistory_OrNot> <No> 1 1 1 1
<4313602> <has_previousCancerHistory_OrNot> <No> 1 1 1 1
<4315830> <has_previousCancerHistory_OrNot> <No> 1 1 1 1
<4601105> <has_previousCancerHistory_OrNot> <No> 1 1 1 1
<4601116> <has_previousCancerHistory_OrNot> <Yes> 0 0 0 0
<4602354> <has_previousCancerHistory_OrNot> <No> 0 0 0 0
<4603339> <has_previousCancerHistory_OrNot> <Yes> 0 0 0 0
<4604111> <has_previousCancerHistory_OrNot> <No> 1 1 1 1
<3510325> <has_previousCancerHistory_OrNot> <Yes> 0 0 0 0
<3801515> <has_previousCancerHistory_OrNot> <No> 0 0 0 0
<409406> <has_previousCancerHistory_OrNot> <Yes> 0 0 0 0
<411869> <has_previousCancerHistory_OrNot> <Yes> 0 0 0 0
<415579> <has_previousCancerHistory_OrNot> <No> 1 1 1 1
<415726> <has_previousCancerHistory_OrNot> <Yes> 0 0 0 0
<416508> <has_previousCancerHistory_OrNot> <No> 1 1 1 1
<417057> <has_previousCancerHistory_OrNot> <Yes> 0 0 0 0
<4605637> <has_previousCancerHistory_OrNot> <No> 1 1 1 1
<4608615> <has_previousCancerHistory_OrNot> <No> 2 2 1 1
<4609968> <has_previousCancerHistory_OrNot> <No> 1 1 1 1
<4609972> <has_previousCancerHistory_OrNot> <Yes> 0 0 0 0
<4910609> <has_previousCancerHistory_OrNot> <No> 1 1 1 1
<4910673> <has_previousCancerHistory_OrNot> <No> 1 1 1 1
<4910697> <has_previousCancerHistory_OrNot> <No> 1 1 1 1
<4910904> <has_previousCancerHistory_OrNot> <No> 1 1 1 1
<4910918> <has_previousCancerHistory_OrNot> <No> 1 1 1 1
<4911081> <has_previousCancerHistory_OrNot> <No> 1 1 1 1
<4911219> <has_previousCancerHistory_OrNot> <No> 1 1 1 1
<501218> <has_previousCancerHistory_OrNot> <No> 0 0 0 0
<501256> <has_previousCancerHistory_OrNot> <No> 0 0 0 0
<501272> <has_previousCancerHistory_OrNot> <No> 0 0 0 0
<501324> <has_previousCancerHistory_OrNot> <Yes> 0 0 0 0
<502997> <has_previousCancerHistory_OrNot> <Yes> 0 0 0 0
<503042> <has_previousCancerHistory_OrNot> <UNK> 0 0 0 0
<503175> <has_previousCancerHistory_OrNot> <No> 0 0 0 0
<503188> <has_previousCancerHistory_OrNot> <No> 1 1 1 1
<503246> <has_previousCancerHistory_OrNot> <No> 0 0 0 0
<503293> <has_previousCancerHistory_OrNot> <No> 0 0 0 0
<503298> <has_previousCancerHistory_OrNot> <Yes> 0 0 0 0
<503434> <has_previousCancerHistory_OrNot> <No> 0 0 0 0
<503840> <has_previousCancerHistory_OrNot> <No> 0 0 0 0
<503890> <has_previousCancerHistory_OrNot> <No> 0 0 0 0
<503913> <has_previousCancerHistory_OrNot> <No> 0 0 0 0
<503925> <has_previousCancerHistory_OrNot> <Yes> 0 0 0 0
<503957> <has_previousCancerHistory_OrNot> <No> 1 1 1 1
<504071> <has_previousCancerHistory_OrNot> <No> 1 1 1 1
<504150> <has_previousCancerHistory_OrNot> <No> 1 1 1 1
<504151> <has_previousCancerHistory_OrNot> <No> 1 1 1 1
<505696> <has_previousCancerHistory_OrNot> <No> 0 0 0 0
<507289> <has_previousCancerHistory_OrNot> <No> 0 0 0 0
<507473> <has_previousCancerHistory_OrNot> <Yes> 0 0 0 0
<507489> <has_previousCancerHistory_OrNot> <No> 0 0 0 0
<507524> <has_previousCancerHistory_OrNot> <No> 0 0 0 0
<507528> <has_previousCancerHistory_OrNot> <No> 0 0 0 0
<507739> <has_previousCancerHistory_OrNot> <Yes> 0 0 0 0
<507743> <has_previousCancerHistory_OrNot> <No> 0 0 0 0
<507784> <has_previousCancerHistory_OrNot> <No> 0 0 0 0
<508021> <has_previousCancerHistory_OrNot> <No> 0 0 0 0
<508045> <has_previousCancerHistory_OrNot> <No> 0 0 0 0
<508167> <has_previousCancerHistory_OrNot> <No> 0 0 0 0
<508392> <has_previousCancerHistory_OrNot> <No> 0 0 0 0
<508444> <has_previousCancerHistory_OrNot> <No> 0 0 0 0
<508481> <has_previousCancerHistory_OrNot> <No> 0 0 0 0
<508484> <has_previousCancerHistory_OrNot> <Yes> 0 0 0 0
<508491> <has_previousCancerHistory_OrNot> <Yes> 0 0 0 0
<508498> <has_previousCancerHistory_OrNot> <No> 0 0 0 0
<508515> <has_previousCancerHistory_OrNot> <No> 0 0 0 0
<508536> <has_previousCancerHistory_OrNot> <No> 0 0 0 0
<508537> <has_previousCancerHistory_OrNot> <No> 0 0 0 0
<508538> <has_previousCancerHistory_OrNot> <No> 0 0 0 0
<508548> <has_previousCancerHistory_OrNot> <No> 0 0 0 0
<508826> <has_previousCancerHistory_OrNot> <No> 1 1 1 1
<508828> <has_previousCancerHistory_OrNot> <No> 0 0 0 0
<509027> <has_previousCancerHistory_OrNot> <No> 0 0 0 0
<509036> <has_previousCancerHistory_OrNot> <No> 0 0 0 0
<509356> <has_previousCancerHistory_OrNot> <Yes> 0 0 0 0
<5102744> <has_previousCancerHistory_OrNot> <No> 1 1 1 1
<5102778> <has_previousCancerHistory_OrNot> <Yes> 0 0 0 0
<5102779> <has_previousCancerHistory_OrNot> <No> 0 0 0 0
<5102818> <has_previousCancerHistory_OrNot> <No> 1 1 1 1
<5102921> <has_previousCancerHistory_OrNot> <No> 1 1 1 1
<5102981> <has_previousCancerHistory_OrNot> <No> 0 0 0 0
<5103103> <has_previousCancerHistory_OrNot> <Yes> 0 0 0 0
<5103187> <has_previousCancerHistory_OrNot> <Yes> 0 0 0 0
<5103666> <has_previousCancerHistory_OrNot> <No> 0 0 0 0
<5103802> <has_previousCancerHistory_OrNot> <No> 1 1 1 1
<5104169> <has_previousCancerHistory_OrNot> <No> 1 1 1 1
<5104272> <has_previousCancerHistory_OrNot> <No> 1 1 1 1
<5104626> <has_previousCancerHistory_OrNot> <No> 1 1 1 1
<5105006> <has_previousCancerHistory_OrNot> <No> 1 1 1 1
<5105203> <has_previousCancerHistory_OrNot> <No> 1 1 1 1
<5105456> <has_previousCancerHistory_OrNot> <No> 1 1 1 1
<4910766> <has_previousCancerHistory_OrNot> <No> 1 1 1 1
<508383> <has_previousCancerHistory_OrNot> <No> 0 0 0 0
<508863> <has_previousCancerHistory_OrNot> <No> 1 1 1 1
<509304> <has_previousCancerHistory_OrNot> <No> 1 1 1 1
<5103444> <has_previousCancerHistory_OrNot> <No> 1 1 1 1
<5104952> <has_previousCancerHistory_OrNot> <No> 1 1 1 1
<5106078> <has_previousCancerHistory_OrNot> <No> 1 1 1 1
<5106292> <has_previousCancerHistory_OrNot> <No> 1 1 1 1
<5106750> <has_previousCancerHistory_OrNot> <No> 1 1 1 1
<5106753> <has_previousCancerHistory_OrNot> <No> 1 1 1 1
<5107015> <has_previousCancerHistory_OrNot> <No> 0 0 0 0
<5107026> <has_previousCancerHistory_OrNot> <No> 1 1 1 1
<5107029> <has_previousCancerHistory_OrNot> <Yes> 0 0 0 0
<5107112> <has_previousCancerHistory_OrNot> <Yes> 0 0 0 0
<5107160> <has_previousCancerHistory_OrNot> <No> 1 1 1 1
<5107395> <has_previousCancerHistory_OrNot> <Yes> 0 0 0 0
<5107716> <has_previousCancerHistory_OrNot> <No> 1 1 1 1
<5108149> <has_previousCancerHistory_OrNot> <No> 1 1 1 1
<5109121> <has_previousCancerHistory_OrNot> <No> 0 0 0 0
<5109139> <has_previousCancerHistory_OrNot> <No> 0 0 0 0
<5111390> <has_previousCancerHistory_OrNot> <No> 1 1 1 1
<5112443> <has_previousCancerHistory_OrNot> <No> 1 1 1 1
<5112506> <has_previousCancerHistory_OrNot> <No> 1 1 1 1
<5114505> <has_previousCancerHistory_OrNot> <No> 1 1 1 1
<5115483> <has_previousCancerHistory_OrNot> <No> 1 1 1 1
<5115701> <has_previousCancerHistory_OrNot> <Yes> 0 0 0 0
<5115860> <has_previousCancerHistory_OrNot> <No> 1 1 1 1
<512370> <has_previousCancerHistory_OrNot> <No> 1 1 1 1
<512551> <has_previousCancerHistory_OrNot> <No> 1 1 1 1
<512616> <has_previousCancerHistory_OrNot> <No> 1 1 1 1
<512626> <has_previousCancerHistory_OrNot> <No> 1 1 1 1
<512811> <has_previousCancerHistory_OrNot> <No> 1 1 1 1
<513211> <has_previousCancerHistory_OrNot> <No> 1 1 1 1
<513307> <has_previousCancerHistory_OrNot> <No> 1 1 1 1
<513309> <has_previousCancerHistory_OrNot> <Yes> 0 0 0 0
<513536> <has_previousCancerHistory_OrNot> <No> 1 1 1 1
<513544> <has_previousCancerHistory_OrNot> <Yes> 0 0 0 0
<513578> <has_previousCancerHistory_OrNot> <No> 1 1 1 1
<513599> <has_previousCancerHistory_OrNot> <No> 1 1 1 1
<513640> <has_previousCancerHistory_OrNot> <No> 1 1 1 1
<513670> <has_previousCancerHistory_OrNot> <No> 1 1 1 1
<513696> <has_previousCancerHistory_OrNot> <No> 1 1 1 1
<513717> <has_previousCancerHistory_OrNot> <No> 1 1 1 1
<513729> <has_previousCancerHistory_OrNot> <No> 1 1 1 1
<513737> <has_previousCancerHistory_OrNot> <Yes> 0 0 0 0
<513799> <has_previousCancerHistory_OrNot> <No> 1 1 1 1
<513906> <has_previousCancerHistory_OrNot> <Yes> 0 0 0 0
<513951> <has_previousCancerHistory_OrNot> <No> 1 1 1 1
<514058> <has_previousCancerHistory_OrNot> <No> 1 1 1 1
<514086> <has_previousCancerHistory_OrNot> <No> 1 1 1 1
<514124> <has_previousCancerHistory_OrNot> <Yes> 0 0 0 0
<514128> <has_previousCancerHistory_OrNot> <No> 1 1 1 1
<514214> <has_previousCancerHistory_OrNot> <No> 1 1 1 1
<514215> <has_previousCancerHistory_OrNot> <No> 1 1 1 1
<514299> <has_previousCancerHistory_OrNot> <Yes> 0 0 0 0
<514310> <has_previousCancerHistory_OrNot> <No> 1 1 1 1
<514367> <has_previousCancerHistory_OrNot> <No> 1 1 1 1
<514421> <has_previousCancerHistory_OrNot> <No> 1 1 1 1
<516708> <has_previousCancerHistory_OrNot> <No> 1 1 1 1
<516780> <has_previousCancerHistory_OrNot> <No> 1 1 1 1
<516952> <has_previousCancerHistory_OrNot> <Yes> 0 0 0 0
<517004> <has_previousCancerHistory_OrNot> <No> 1 1 1 1
<5301978> <has_previousCancerHistory_OrNot> <No> 0 0 0 0
<5301981> <has_previousCancerHistory_OrNot> <No> 0 0 0 0
<5303091> <has_previousCancerHistory_OrNot> <No> 1 1 1 1
<5304765> <has_previousCancerHistory_OrNot> <No> 0 0 0 0
<5304878> <has_previousCancerHistory_OrNot> <No> 1 1 1 1
<5106774> <has_previousCancerHistory_OrNot> <No> 1 1 1 1
<5111726> <has_previousCancerHistory_OrNot> <No> 1 1 1 1
<5116773> <has_previousCancerHistory_OrNot> <No> 1 1 1 1
<513649> <has_previousCancerHistory_OrNot> <No> 1 1 1 1
<514059> <has_previousCancerHistory_OrNot> <No> 1 1 1 1
<516177> <has_previousCancerHistory_OrNot> <Yes> 0 0 0 0
<516267> <has_previousCancerHistory_OrNot> <No> 1 1 1 1
<516914> <has_previousCancerHistory_OrNot> <No> 1 1 1 1
<517269> <has_previousCancerHistory_OrNot> <No> 0 0 0 0
<5312707> <has_previousCancerHistory_OrNot> <No> 1 1 1 1
<5313390> <has_previousCancerHistory_OrNot> <No> 1 1 1 1
<5313455> <has_previousCancerHistory_OrNot> <Yes> 0 0 0 0
<5314029> <has_previousCancerHistory_OrNot> <No> 1 1 1 1
<5314458> <has_previousCancerHistory_OrNot> <No> 1 1 1 1
<5314514> <has_previousCancerHistory_OrNot> <No> 1 1 1 1
<5314810> <has_previousCancerHistory_OrNot> <No> 1 1 1 1
<5314901> <has_previousCancerHistory_OrNot> <No> 1 1 1 1
<5315222> <has_previousCancerHistory_OrNot> <No> 1 1 1 1
<5315336> <has_previousCancerHistory_OrNot> <No> 1 1 1 1
<5315355> <has_previousCancerHistory_OrNot> <No> 1 1 1 1
<5315367> <has_previousCancerHistory_OrNot> <No> 1 1 1 1
<5315440> <has_previousCancerHistory_OrNot> <No> 1 1 1 1
<5315716> <has_previousCancerHistory_OrNot> <No> 1 1 1 1
<5315775> <has_previousCancerHistory_OrNot> <No> 1 1 1 1
<5315813> <has_previousCancerHistory_OrNot> <No> 1 1 1 1
<5315886> <has_previousCancerHistory_OrNot> <No> 1 1 1 1
<5316229> <has_previousCancerHistory_OrNot> <No> 1 1 1 1
<5316254> <has_previousCancerHistory_OrNot> <No> 1 1 1 1
<5316380> <has_previousCancerHistory_OrNot> <No> 0 0 0 0
<5316453> <has_previousCancerHistory_OrNot> <No> 1 1 1 1
<5316570> <has_previousCancerHistory_OrNot> <No> 1 1 1 1
<5316634> <has_previousCancerHistory_OrNot> <No> 1 1 1 1
<5502059> <has_previousCancerHistory_OrNot> <No> 0 0 0 0
<5507420> <has_previousCancerHistory_OrNot> <No> 0 0 0 0
<5509419> <has_previousCancerHistory_OrNot> <No> 1 1 1 1
<5510990> <has_previousCancerHistory_OrNot> <Yes> 0 0 0 0
<5517179> <has_previousCancerHistory_OrNot> <Yes> 0 0 0 0
<6300092> <has_previousCancerHistory_OrNot> <Yes> 0 0 0 0
<6300116> <has_previousCancerHistory_OrNot> <Yes> 0 0 0 0
<6300239> <has_previousCancerHistory_OrNot> <No> 1 1 1 1
<6302481> <has_previousCancerHistory_OrNot> <No> 0 0 0 0
<6303447> <has_previousCancerHistory_OrNot> <No> 1 1 1 1
<6304711> <has_previousCancerHistory_OrNot> <Yes> 0 0 0 0
<6311575> <has_previousCancerHistory_OrNot> <No> 1 1 1 1
<6311791> <has_previousCancerHistory_OrNot> <No> 1 1 1 1
<6311795> <has_previousCancerHistory_OrNot> <No> 1 1 1 1
<6312285> <has_previousCancerHistory_OrNot> <No> 1 1 1 1
<6312696> <has_previousCancerHistory_OrNot> <No> 1 1 1 1
<6312697> <has_previousCancerHistory_OrNot> <No> 1 1 1 1
<6312716> <has_previousCancerHistory_OrNot> <No> 1 1 1 1
<6312736> <has_previousCancerHistory_OrNot> <No> 0 0 0 0
<6312863> <has_previousCancerHistory_OrNot> <No> 0 0 0 0
<6312905> <has_previousCancerHistory_OrNot> <No> 1 1 1 1
<6313252> <has_previousCancerHistory_OrNot> <No> 1 1 1 1
<6313533> <has_previousCancerHistory_OrNot> <No> 1 1 1 1
<6313588> <has_previousCancerHistory_OrNot> <Yes> 0 0 0 0
<6314491> <has_previousCancerHistory_OrNot> <No> 1 1 1 1
<6315235> <has_previousCancerHistory_OrNot> <No> 1 1 1 1
<6315572> <has_previousCancerHistory_OrNot> <No> 1 1 1 1
<6315711> <has_previousCancerHistory_OrNot> <Yes> 0 0 0 0
<6315840> <has_previousCancerHistory_OrNot> <No> 0 0 0 0
<6316010> <has_previousCancerHistory_OrNot> <No> 1 1 1 1
<6316312> <has_previousCancerHistory_OrNot> <No> 1 1 1 1
<6316796> <has_previousCancerHistory_OrNot> <No> 1 1 1 1
<6317016> <has_previousCancerHistory_OrNot> <No> 1 1 1 1
<6317166> <has_previousCancerHistory_OrNot> <No> 1 1 1 1
<6400543> <has_previousCancerHistory_OrNot> <Yes> 0 0 0 0
<6402097> <has_previousCancerHistory_OrNot> <No> 1 1 1 1
<6402112> <has_previousCancerHistory_OrNot> <No> 1 1 1 1
<6402605> <has_previousCancerHistory_OrNot> <No> 1 1 1 1
<6605730> <has_previousCancerHistory_OrNot> <No> 1 1 1 1
<6900834> <has_previousCancerHistory_OrNot> <No> 0 0 0 0
<7013090> <has_previousCancerHistory_OrNot> <No> 1 1 1 1
<701630> <has_previousCancerHistory_OrNot> <No> 1 1 1 1
<702443> <has_previousCancerHistory_OrNot> <No> 1 1 1 1
<704849> <has_previousCancerHistory_OrNot> <No> 1 1 1 1
<705611> <has_previousCancerHistory_OrNot> <No> 0 0 0 0
<705933> <has_previousCancerHistory_OrNot> <No> 1 1 1 1
<5310685> <has_previousCancerHistory_OrNot> <No> 1 1 1 1
<5314979> <has_previousCancerHistory_OrNot> <Yes> 0 0 0 0
<5315251> <has_previousCancerHistory_OrNot> <No> 1 1 1 1
<5315339> <has_previousCancerHistory_OrNot> <Yes> 0 0 0 0
<5316002> <has_previousCancerHistory_OrNot> <No> 1 1 1 1
<5316287> <has_previousCancerHistory_OrNot> <No> 1 1 1 1
<6315571> <has_previousCancerHistory_OrNot> <No> 1 1 1 1
<6315994> <has_previousCancerHistory_OrNot> <No> 1 1 1 1
<6317223> <has_previousCancerHistory_OrNot> <No> 1 1 1 1
<6900552> <has_previousCancerHistory_OrNot> <No> 0 0 0 0
<702709> <has_previousCancerHistory_OrNot> <No> 1 1 1 1
<708345> <has_previousCancerHistory_OrNot> <Yes> 0 0 0 0
<709782> <has_previousCancerHistory_OrNot> <No> 1 1 1 1
<7101190> <has_previousCancerHistory_OrNot> <No> 1 1 1 1
<7101195> <has_previousCancerHistory_OrNot> <No> 1 1 1 1
<710791> <has_previousCancerHistory_OrNot> <No> 1 1 1 1
<712795> <has_previousCancerHistory_OrNot> <Yes> 0 0 0 0
<714528> <has_previousCancerHistory_OrNot> <No> 1 1 1 1
<7214965> <has_previousCancerHistory_OrNot> <No> 1 1 1 1
<7216322> <has_previousCancerHistory_OrNot> <No> 1 1 1 1
<7216778> <has_previousCancerHistory_OrNot> <No> 1 1 1 1
<7404361> <has_previousCancerHistory_OrNot> <Yes> 0 0 0 0
<7404368> <has_previousCancerHistory_OrNot> <No> 1 1 1 1
<7404986> <has_previousCancerHistory_OrNot> <No> 0 0 0 0
<7408722> <has_previousCancerHistory_OrNot> <No> 0 0 0 0
<7411006> <has_previousCancerHistory_OrNot> <No> 1 1 1 1
<8311457> <has_previousCancerHistory_OrNot> <No> 1 1 1 1
<906907> <has_previousCancerHistory_OrNot> <No> 0 0 0 0
<906912> <has_previousCancerHistory_OrNot> <No> 1 1 1 1
<906915> <has_previousCancerHistory_OrNot> <No> 0 0 0 0
<906942> <has_previousCancerHistory_OrNot> <No> 1 1 1 1
<907009> <has_previousCancerHistory_OrNot> <Yes> 0 0 0 0
<907025> <has_previousCancerHistory_OrNot> <Yes> 0 0 0 0
<908623> <has_previousCancerHistory_OrNot> <No> 0 0 0 0
<909703> <has_previousCancerHistory_OrNot> <No> 1 1 1 1
<917123> <has_previousCancerHistory_OrNot> <No> 1 1 1 1
<917127> <has_previousCancerHistory_OrNot> <No> 1 1 1 1
<917236> <has_previousCancerHistory_OrNot> <No> 1 1 1 1
<9408740> <has_previousCancerHistory_OrNot> <Yes> 0 0 0 0
<9408784> <has_previousCancerHistory_OrNot> <No> 0 0 0 0
<9409367> <has_previousCancerHistory_OrNot> <No> 0 0 0 0
<9414073> <has_previousCancerHistory_OrNot> <No> 1 1 1 1
<9415326> <has_previousCancerHistory_OrNot> <No> 1 1 1 1
<9415535> <has_previousCancerHistory_OrNot> <Yes> 0 0 0 0
<9700557> <has_previousCancerHistory_OrNot> <Yes> 0 0 0 0
<9703269> <has_previousCancerHistory_OrNot> <No> 0 0 0 0
<9703520> <has_previousCancerHistory_OrNot> <No> 0 0 0 0
<9704019> <has_previousCancerHistory_OrNot> <No> 0 0 0 0
<9705414> <has_previousCancerHistory_OrNot> <Yes> 0 0 0 0
<9705415> <has_previousCancerHistory_OrNot> <No> 0 0 0 0
<9708701> <has_previousCancerHistory_OrNot> <No> 1 1 1 1
<9709423> <has_previousCancerHistory_OrNot> <No> 1 1 1 1
<9710043> <has_previousCancerHistory_OrNot> <No> 1 1 1 1
<9712646> <has_previousCancerHistory_OrNot> <No> 1 1 1 1
<9807408> <has_previousCancerHistory_OrNot> <No> 1 1 1 1
<9910157> <has_previousCancerHistory_OrNot> <No> 1 1 1 1
<9910303> <has_previousCancerHistory_OrNot> <Yes> 0 0 0 0
<9913134> <has_previousCancerHistory_OrNot> <Yes> 0 0 0 0
<9913144> <has_previousCancerHistory_OrNot> <No> 1 1 1 1
<7105403> <has_previousCancerHistory_OrNot> <No> 1 1 1 1
<7105406> <has_previousCancerHistory_OrNot> <No> 1 1 1 1
<909634> <has_previousCancerHistory_OrNot> <No> 1 1 1 1
<911692> <has_previousCancerHistory_OrNot> <No> 1 1 1 1
<916867> <has_previousCancerHistory_OrNot> <No> 1 1 1 1
<9414066> <has_previousCancerHistory_OrNot> <No> 1 1 1 1
<109965> <has_previousCancerHistory_OrNot> <Yes> 0 0 0 0
<1514618> <has_previousCancerHistory_OrNot> <No> 1 1 1 1
<204299> <has_previousCancerHistory_OrNot> <No> 0 0 0 0
<2305171> <has_previousCancerHistory_OrNot> <No> 1 1 1 1
<2808720> <has_previousCancerHistory_OrNot> <No> 0 0 0 0
<3306067> <has_previousCancerHistory_OrNot> <No> 0 0 0 0
<416510> <has_previousCancerHistory_OrNot> <Yes> 0 0 0 0
<416921> <has_previousCancerHistory_OrNot> <No> 1 1 1 1
<3805443> <has_previousCancerHistory_OrNot> <No> 1 1 1 1
<503192> <has_previousCancerHistory_OrNot> <No> 1 1 1 1
<901174> <has_previousCancerHistory_OrNot> <No> 1 1 1 1
<902425> <has_previousCancerHistory_OrNot> <No> 1 1 1 1
