<101716> <hasElectronicCigarettes> <No> 1 1 1 1
<101833> <hasElectronicCigarettes> <No> 1 1 1 1
<102262> <hasElectronicCigarettes> <No> 1 1 1 1
<104464> <hasElectronicCigarettes> <No> 1 1 1 1
<10611834> <hasElectronicCigarettes> <No> 1 1 1 1
<10612183> <hasElectronicCigarettes> <No> 1 1 1 1
<107661> <hasElectronicCigarettes> <No> 1 1 1 1
<10803413> <hasElectronicCigarettes> <No> 1 1 1 1
<10803800> <hasElectronicCigarettes> <No> 1 1 1 1
<10817080> <hasElectronicCigarettes> <No> 1 1 1 1
<1006461> <hasElectronicCigarettes> <No> 1 1 1 1
<10606315> <hasElectronicCigarettes> <No> 1 1 1 1
<10612121> <hasElectronicCigarettes> <No> 1 1 1 1
<108593> <hasElectronicCigarettes> <No> 1 1 1 1
<109234> <hasElectronicCigarettes> <No> 1 1 1 1
<109263> <hasElectronicCigarettes> <No> 1 1 1 1
<109545> <hasElectronicCigarettes> <No> 1 1 1 1
<110034> <hasElectronicCigarettes> <No> 1 1 1 1
<110056> <hasElectronicCigarettes> <No> 2 2 1 1
<110077> <hasElectronicCigarettes> <No> 1 1 1 1
<110234> <hasElectronicCigarettes> <No> 1 1 1 1
<110683> <hasElectronicCigarettes> <No> 1 1 1 1
<111271> <hasElectronicCigarettes> <No> 1 1 1 1
<111476> <hasElectronicCigarettes> <No> 1 1 1 1
<112114> <hasElectronicCigarettes> <No> 1 1 1 1
<112538> <hasElectronicCigarettes> <No> 1 1 1 1
<11312311> <hasElectronicCigarettes> <No> 1 1 1 1
<11312324> <hasElectronicCigarettes> <No> 1 1 1 1
<11313488> <hasElectronicCigarettes> <No> 1 1 1 1
<11313713> <hasElectronicCigarettes> <No> 1 1 1 1
<11313881> <hasElectronicCigarettes> <No> 1 1 1 1
<11314104> <hasElectronicCigarettes> <No> 1 1 1 1
<11314148> <hasElectronicCigarettes> <No> 1 1 1 1
<11314168> <hasElectronicCigarettes> <No> 1 1 1 1
<11315838> <hasElectronicCigarettes> <No> 1 1 1 1
<11317039> <hasElectronicCigarettes> <No> 1 1 1 1
<11317075> <hasElectronicCigarettes> <No> 1 1 1 1
<11405715> <hasElectronicCigarettes> <No> 1 1 1 1
<11405822> <hasElectronicCigarettes> <No> 1 1 1 1
<116633> <hasElectronicCigarettes> <No> 1 1 1 1
<1200072> <hasElectronicCigarettes> <No> 1 1 1 1
<1200519> <hasElectronicCigarettes> <No> 1 1 1 1
<1200982> <hasElectronicCigarettes> <No> 1 1 1 1
<1201021> <hasElectronicCigarettes> <No> 1 1 1 1
<1213175> <hasElectronicCigarettes> <No> 1 1 1 1
<1213299> <hasElectronicCigarettes> <No> 1 1 1 1
<1214017> <hasElectronicCigarettes> <No> 2 2 1 1
<12913807> <hasElectronicCigarettes> <No> 1 1 1 1
<12913876> <hasElectronicCigarettes> <No> 1 1 1 1
<12914119> <hasElectronicCigarettes> <No> 1 1 1 1
<12914173> <hasElectronicCigarettes> <No> 1 1 1 1
<12914473> <hasElectronicCigarettes> <No> 1 1 1 1
<1300691> <hasElectronicCigarettes> <No> 1 1 1 1
<1305072> <hasElectronicCigarettes> <No> 1 1 1 1
<1305461> <hasElectronicCigarettes> <No> 1 1 1 1
<1306500> <hasElectronicCigarettes> <No> 1 1 1 1
<1306612> <hasElectronicCigarettes> <No> 1 1 1 1
<1309512> <hasElectronicCigarettes> <No> 1 1 1 1
<1309865> <hasElectronicCigarettes> <No> 1 1 1 1
<1310121> <hasElectronicCigarettes> <No> 1 1 1 1
<1310323> <hasElectronicCigarettes> <No> 1 1 1 1
<1310573> <hasElectronicCigarettes> <No> 1 1 1 1
<1312875> <hasElectronicCigarettes> <No> 1 1 1 1
<1312920> <hasElectronicCigarettes> <No> 1 1 1 1
<1313452> <hasElectronicCigarettes> <No> 1 1 1 1
<1313888> <hasElectronicCigarettes> <No> 1 1 1 1
<1314878> <hasElectronicCigarettes> <No> 1 1 1 1
<1314907> <hasElectronicCigarettes> <No> 1 1 1 1
<1315469> <hasElectronicCigarettes> <No> 1 1 1 1
<14702226> <hasElectronicCigarettes> <No> 1 1 1 1
<1500600> <hasElectronicCigarettes> <No> 1 1 1 1
<1500844> <hasElectronicCigarettes> <No> 1 1 1 1
<1500851> <hasElectronicCigarettes> <No> 1 1 1 1
<1501199> <hasElectronicCigarettes> <No> 1 1 1 1
<1504894> <hasElectronicCigarettes> <No> 1 1 1 1
<1505049> <hasElectronicCigarettes> <No> 1 1 1 1
<1505370> <hasElectronicCigarettes> <No> 1 1 1 1
<1510115> <hasElectronicCigarettes> <No> 1 1 1 1
<1511171> <hasElectronicCigarettes> <No> 1 1 1 1
<1511186> <hasElectronicCigarettes> <No> 1 1 1 1
<1511192> <hasElectronicCigarettes> <No> 1 1 1 1
<1512931> <hasElectronicCigarettes> <No> 1 1 1 1
<1514101> <hasElectronicCigarettes> <No> 1 1 1 1
<1514715> <hasElectronicCigarettes> <No> 1 1 1 1
<1514826> <hasElectronicCigarettes> <No> 1 1 1 1
<1514829> <hasElectronicCigarettes> <No> 1 1 1 1
<1515343> <hasElectronicCigarettes> <No> 1 1 1 1
<15700159> <hasElectronicCigarettes> <No> 1 1 1 1
<15700193> <hasElectronicCigarettes> <No> 1 1 1 1
<15700324> <hasElectronicCigarettes> <No> 1 1 1 1
<15701756> <hasElectronicCigarettes> <No> 1 1 1 1
<15704690> <hasElectronicCigarettes> <No> 1 1 1 1
<15704692> <hasElectronicCigarettes> <No> 1 1 1 1
<15704697> <hasElectronicCigarettes> <No> 1 1 1 1
<15706090> <hasElectronicCigarettes> <No> 1 1 1 1
<15706134> <hasElectronicCigarettes> <No> 1 1 1 1
<15706425> <hasElectronicCigarettes> <No> 1 1 1 1
<15709784> <hasElectronicCigarettes> <No> 1 1 1 1
<15709816> <hasElectronicCigarettes> <No> 1 1 1 1
<15710140> <hasElectronicCigarettes> <No> 1 1 1 1
<15714599> <hasElectronicCigarettes> <No> 1 1 1 1
<15714623> <hasElectronicCigarettes> <No> 1 1 1 1
<15714624> <hasElectronicCigarettes> <No> 1 1 1 1
<15714659> <hasElectronicCigarettes> <No> 1 1 1 1
<15715029> <hasElectronicCigarettes> <No> 1 1 1 1
<1804186> <hasElectronicCigarettes> <No> 1 1 1 1
<201537> <hasElectronicCigarettes> <No> 1 1 1 1
<202022> <hasElectronicCigarettes> <No> 1 1 1 1
<202648> <hasElectronicCigarettes> <No> 1 1 1 1
<202788> <hasElectronicCigarettes> <No> 1 1 1 1
<203321> <hasElectronicCigarettes> <No> 0 0 0 0
<203407> <hasElectronicCigarettes> <No> 1 1 1 1
<204078> <hasElectronicCigarettes> <No> 1 1 1 1
<204389> <hasElectronicCigarettes> <No> 0 0 0 0
<205437> <hasElectronicCigarettes> <No> 1 1 1 1
<110072> <hasElectronicCigarettes> <No> 1 1 1 1
<11312636> <hasElectronicCigarettes> <No> 1 1 1 1
<1213189> <hasElectronicCigarettes> <No> 1 1 1 1
<12913753> <hasElectronicCigarettes> <No> 1 1 1 1
<1300383> <hasElectronicCigarettes> <No> 1 1 1 1
<1300994> <hasElectronicCigarettes> <No> 1 1 1 1
<1305446> <hasElectronicCigarettes> <No> 1 1 1 1
<1306634> <hasElectronicCigarettes> <No> 0 0 0 0
<1509690> <hasElectronicCigarettes> <No> 1 1 1 1
<2100664> <hasElectronicCigarettes> <No> 1 1 1 1
<2100672> <hasElectronicCigarettes> <No> 1 1 1 1
<2100835> <hasElectronicCigarettes> <No> 1 1 1 1
<2100881> <hasElectronicCigarettes> <No> 1 1 1 1
<2100951> <hasElectronicCigarettes> <No> 1 1 1 1
<2100974> <hasElectronicCigarettes> <No> 0 0 0 0
<2100976> <hasElectronicCigarettes> <No> 1 1 1 1
<2101880> <hasElectronicCigarettes> <No> 1 1 1 1
<2102188> <hasElectronicCigarettes> <No> 1 1 1 1
<2102269> <hasElectronicCigarettes> <No> 1 1 1 1
<2102404> <hasElectronicCigarettes> <No> 1 1 1 1
<2102772> <hasElectronicCigarettes> <No> 1 1 1 1
<2103334> <hasElectronicCigarettes> <No> 1 1 1 1
<210390> <hasElectronicCigarettes> <No> 1 1 1 1
<210415> <hasElectronicCigarettes> <No> 1 1 1 1
<2107254> <hasElectronicCigarettes> <No> 1 1 1 1
<2115608> <hasElectronicCigarettes> <No> 1 1 1 1
<212399> <hasElectronicCigarettes> <No> 1 1 1 1
<212477> <hasElectronicCigarettes> <No> 1 1 1 1
<2300016> <hasElectronicCigarettes> <No> 1 1 1 1
<2300036> <hasElectronicCigarettes> <No> 1 1 1 1
<2300042> <hasElectronicCigarettes> <No> 1 1 1 1
<2300123> <hasElectronicCigarettes> <No> 1 1 1 1
<2301079> <hasElectronicCigarettes> <No> 1 1 1 1
<2302933> <hasElectronicCigarettes> <No> 1 1 1 1
<2303284> <hasElectronicCigarettes> <No> 1 1 1 1
<2304574> <hasElectronicCigarettes> <No> 0 0 0 0
<2304915> <hasElectronicCigarettes> <No> 1 1 1 1
<2307326> <hasElectronicCigarettes> <No> 1 1 1 1
<2312609> <hasElectronicCigarettes> <No> 1 1 1 1
<2402265> <hasElectronicCigarettes> <No> 1 1 1 1
<2406839> <hasElectronicCigarettes> <No> 1 1 1 1
<2407271> <hasElectronicCigarettes> <No> 1 1 1 1
<2408596> <hasElectronicCigarettes> <No> 1 1 1 1
<2803647> <hasElectronicCigarettes> <No> 1 1 1 1
<2804437> <hasElectronicCigarettes> <No> 1 1 1 1
<2804597> <hasElectronicCigarettes> <No> 1 1 1 1
<2805009> <hasElectronicCigarettes> <No> 1 1 1 1
<2805243> <hasElectronicCigarettes> <No> 1 1 1 1
<2806070> <hasElectronicCigarettes> <No> 1 1 1 1
<2806091> <hasElectronicCigarettes> <No> 1 1 1 1
<2806103> <hasElectronicCigarettes> <No> 1 1 1 1
<2806189> <hasElectronicCigarettes> <No> 1 1 1 1
<2807104> <hasElectronicCigarettes> <No> 1 1 1 1
<2807106> <hasElectronicCigarettes> <No> 1 1 1 1
<2807658> <hasElectronicCigarettes> <No> 1 1 1 1
<2812735> <hasElectronicCigarettes> <No> 1 1 1 1
<2901449> <hasElectronicCigarettes> <No> 1 1 1 1
<2902513> <hasElectronicCigarettes> <No> 1 1 1 1
<2903126> <hasElectronicCigarettes> <No> 1 1 1 1
<2903129> <hasElectronicCigarettes> <No> 1 1 1 1
<2904306> <hasElectronicCigarettes> <No> 1 1 1 1
<2915962> <hasElectronicCigarettes> <No> 1 1 1 1
<2917316> <hasElectronicCigarettes> <No> 1 1 1 1
<2917342> <hasElectronicCigarettes> <No> 1 1 1 1
<2917354> <hasElectronicCigarettes> <No> 1 1 1 1
<2917459> <hasElectronicCigarettes> <No> 1 1 1 1
<3001058> <hasElectronicCigarettes> <No> 1 1 1 1
<3001059> <hasElectronicCigarettes> <No> 1 1 1 1
<300253> <hasElectronicCigarettes> <No> 1 1 1 1
<300401> <hasElectronicCigarettes> <No> 1 1 1 1
<3005804> <hasElectronicCigarettes> <No> 1 1 1 1
<3006426> <hasElectronicCigarettes> <No> 1 1 1 1
<301178> <hasElectronicCigarettes> <No> 1 1 1 1
<3012657> <hasElectronicCigarettes> <No> 1 1 1 1
<3015520> <hasElectronicCigarettes> <No> 1 1 1 1
<3016860> <hasElectronicCigarettes> <No> 1 1 1 1
<303854> <hasElectronicCigarettes> <No> 1 1 1 1
<304971> <hasElectronicCigarettes> <No> 1 1 1 1
<307629> <hasElectronicCigarettes> <No> 1 1 1 1
<308187> <hasElectronicCigarettes> <No> 1 1 1 1
<311910> <hasElectronicCigarettes> <No> 1 1 1 1
<314433> <hasElectronicCigarettes> <No> 1 1 1 1
<314440> <hasElectronicCigarettes> <No> 1 1 1 1
<3404058> <hasElectronicCigarettes> <No> 1 1 1 1
<3407244> <hasElectronicCigarettes> <No> 1 1 1 1
<3408096> <hasElectronicCigarettes> <No> 1 1 1 1
<3412518> <hasElectronicCigarettes> <No> 1 1 1 1
<3412522> <hasElectronicCigarettes> <No> 1 1 1 1
<3414699> <hasElectronicCigarettes> <No> 1 1 1 1
<3417163> <hasElectronicCigarettes> <No> 1 1 1 1
<3602135> <hasElectronicCigarettes> <No> 1 1 1 1
<3602375> <hasElectronicCigarettes> <No> 1 1 1 1
<3602567> <hasElectronicCigarettes> <No> 1 1 1 1
<3703770> <hasElectronicCigarettes> <Yes> 0 0 0 0
<3704498> <hasElectronicCigarettes> <No> 1 1 1 1
<3704499> <hasElectronicCigarettes> <No> 2 2 1 1
<3704576> <hasElectronicCigarettes> <No> 1 1 1 1
<2300238> <hasElectronicCigarettes> <No> 1 1 1 1
<2311634> <hasElectronicCigarettes> <No> 1 1 1 1
<302692> <hasElectronicCigarettes> <No> 1 1 1 1
<317258> <hasElectronicCigarettes> <No> 1 1 1 1
<3412594> <hasElectronicCigarettes> <No> 1 1 1 1
<3602559> <hasElectronicCigarettes> <No> 1 1 1 1
<3712205> <hasElectronicCigarettes> <No> 1 1 1 1
<3713069> <hasElectronicCigarettes> <No> 1 1 1 1
<3801548> <hasElectronicCigarettes> <No> 1 1 1 1
<3812239> <hasElectronicCigarettes> <No> 1 1 1 1
<3812240> <hasElectronicCigarettes> <No> 1 1 1 1
<3900405> <hasElectronicCigarettes> <No> 1 1 1 1
<407498> <hasElectronicCigarettes> <No> 1 1 1 1
<407537> <hasElectronicCigarettes> <No> 1 1 1 1
<407606> <hasElectronicCigarettes> <No> 0 0 0 0
<416397> <hasElectronicCigarettes> <No> 1 1 1 1
<416419> <hasElectronicCigarettes> <No> 1 1 1 1
<416428> <hasElectronicCigarettes> <No> 1 1 1 1
<416492> <hasElectronicCigarettes> <No> 1 1 1 1
<416504> <hasElectronicCigarettes> <No> 1 1 1 1
<416750> <hasElectronicCigarettes> <No> 1 1 1 1
<416758> <hasElectronicCigarettes> <No> 1 1 1 1
<416827> <hasElectronicCigarettes> <No> 1 1 1 1
<416840> <hasElectronicCigarettes> <No> 1 1 1 1
<417209> <hasElectronicCigarettes> <No> 1 1 1 1
<417273> <hasElectronicCigarettes> <No> 1 1 1 1
<4201846> <hasElectronicCigarettes> <No> 1 1 1 1
<4313341> <hasElectronicCigarettes> <No> 1 1 1 1
<4313413> <hasElectronicCigarettes> <No> 1 1 1 1
<4313417> <hasElectronicCigarettes> <No> 1 1 1 1
<4313608> <hasElectronicCigarettes> <No> 1 1 1 1
<4313997> <hasElectronicCigarettes> <No> 1 1 1 1
<4602355> <hasElectronicCigarettes> <No> 1 1 1 1
<4608365> <hasElectronicCigarettes> <No> 1 1 1 1
<4610267> <hasElectronicCigarettes> <No> 1 1 1 1
<4612749> <hasElectronicCigarettes> <No> 1 1 1 1
<4615210> <hasElectronicCigarettes> <No> 1 1 1 1
<501399> <hasElectronicCigarettes> <No> 1 1 1 1
<502993> <hasElectronicCigarettes> <No> 1 1 1 1
<503048> <hasElectronicCigarettes> <No> 1 1 1 1
<503913> <hasElectronicCigarettes> <No> 0 0 0 0
<509323> <hasElectronicCigarettes> <No> 1 1 1 1
<5102818> <hasElectronicCigarettes> <No> 1 1 1 1
<5103189> <hasElectronicCigarettes> <No> 1 1 1 1
<5103762> <hasElectronicCigarettes> <No> 1 1 1 1
<5104229> <hasElectronicCigarettes> <No> 1 1 1 1
<5104449> <hasElectronicCigarettes> <No> 1 1 1 1
<5104729> <hasElectronicCigarettes> <No> 1 1 1 1
<5104815> <hasElectronicCigarettes> <No> 1 1 1 1
<5105456> <hasElectronicCigarettes> <No> 1 1 1 1
<5106239> <hasElectronicCigarettes> <No> 1 1 1 1
<5106356> <hasElectronicCigarettes> <No> 1 1 1 1
<5106395> <hasElectronicCigarettes> <No> 1 1 1 1
<5106448> <hasElectronicCigarettes> <No> 0 0 0 0
<5106492> <hasElectronicCigarettes> <No> 1 1 1 1
<5106605> <hasElectronicCigarettes> <No> 1 1 1 1
<5106606> <hasElectronicCigarettes> <No> 1 1 1 1
<5106755> <hasElectronicCigarettes> <No> 1 1 1 1
<5107028> <hasElectronicCigarettes> <No> 1 1 1 1
<5107085> <hasElectronicCigarettes> <No> 2 2 1 1
<5107087> <hasElectronicCigarettes> <No> 1 1 1 1
<5109724> <hasElectronicCigarettes> <No> 1 1 1 1
<5109727> <hasElectronicCigarettes> <No> 1 1 1 1
<5109770> <hasElectronicCigarettes> <No> 1 1 1 1
<5109842> <hasElectronicCigarettes> <No> 1 1 1 1
<5110400> <hasElectronicCigarettes> <No> 1 1 1 1
<5110622> <hasElectronicCigarettes> <No> 1 1 1 1
<5114031> <hasElectronicCigarettes> <No> 1 1 1 1
<5114368> <hasElectronicCigarettes> <No> 1 1 1 1
<5114505> <hasElectronicCigarettes> <No> 1 1 1 1
<5114566> <hasElectronicCigarettes> <No> 1 1 1 1
<5115558> <hasElectronicCigarettes> <No> 1 1 1 1
<5116019> <hasElectronicCigarettes> <No> 1 1 1 1
<5116959> <hasElectronicCigarettes> <No> 1 1 1 1
<5117238> <hasElectronicCigarettes> <No> 1 1 1 1
<513782> <hasElectronicCigarettes> <No> 1 1 1 1
<5301097> <hasElectronicCigarettes> <No> 1 1 1 1
<5303092> <hasElectronicCigarettes> <No> 1 1 1 1
<5304703> <hasElectronicCigarettes> <No> 1 1 1 1
<5304884> <hasElectronicCigarettes> <No> 1 1 1 1
<5312992> <hasElectronicCigarettes> <No> 1 1 1 1
<5313125> <hasElectronicCigarettes> <No> 1 1 1 1
<5313306> <hasElectronicCigarettes> <No> 1 1 1 1
<5313529> <hasElectronicCigarettes> <No> 1 1 1 1
<5313802> <hasElectronicCigarettes> <No> 0 0 0 0
<5313925> <hasElectronicCigarettes> <No> 1 1 1 1
<5314074> <hasElectronicCigarettes> <No> 1 1 1 1
<5314248> <hasElectronicCigarettes> <No> 1 1 1 1
<5314297> <hasElectronicCigarettes> <No> 1 1 1 1
<5314489> <hasElectronicCigarettes> <No> 1 1 1 1
<5314771> <hasElectronicCigarettes> <No> 1 1 1 1
<5314780> <hasElectronicCigarettes> <No> 1 1 1 1
<5314960> <hasElectronicCigarettes> <No> 1 1 1 1
<5315037> <hasElectronicCigarettes> <No> 1 1 1 1
<5315132> <hasElectronicCigarettes> <No> 1 1 1 1
<5315282> <hasElectronicCigarettes> <No> 1 1 1 1
<5315284> <hasElectronicCigarettes> <No> 1 1 1 1
<5315695> <hasElectronicCigarettes> <No> 1 1 1 1
<5315871> <hasElectronicCigarettes> <No> 1 1 1 1
<417270> <hasElectronicCigarettes> <No> 1 1 1 1
<4313173> <hasElectronicCigarettes> <No> 1 1 1 1
<503081> <hasElectronicCigarettes> <No> 0 0 0 0
<5104329> <hasElectronicCigarettes> <No> 2 2 1 1
<5106743> <hasElectronicCigarettes> <No> 1 1 1 1
<5107717> <hasElectronicCigarettes> <No> 1 1 1 1
<5314979> <hasElectronicCigarettes> <No> 1 1 1 1
<5315251> <hasElectronicCigarettes> <No> 1 1 1 1
<5315929> <hasElectronicCigarettes> <No> 1 1 1 1
<5316033> <hasElectronicCigarettes> <No> 1 1 1 1
<5316073> <hasElectronicCigarettes> <No> 1 1 1 1
<5316184> <hasElectronicCigarettes> <No> 1 1 1 1
<5316221> <hasElectronicCigarettes> <No> 1 1 1 1
<5316515> <hasElectronicCigarettes> <No> 1 1 1 1
<5316544> <hasElectronicCigarettes> <No> 1 1 1 1
<5317076> <hasElectronicCigarettes> <No> 1 1 1 1
<5317333> <hasElectronicCigarettes> <No> 1 1 1 1
<5502114> <hasElectronicCigarettes> <No> 1 1 1 1
<5505030> <hasElectronicCigarettes> <No> 1 1 1 1
<5511876> <hasElectronicCigarettes> <No> 1 1 1 1
<6007013> <hasElectronicCigarettes> <No> 1 1 1 1
<6300237> <hasElectronicCigarettes> <No> 1 1 1 1
<6301526> <hasElectronicCigarettes> <No> 1 1 1 1
<6301694> <hasElectronicCigarettes> <No> 1 1 1 1
<6301760> <hasElectronicCigarettes> <No> 1 1 1 1
<6304792> <hasElectronicCigarettes> <No> 1 1 1 1
<6400529> <hasElectronicCigarettes> <No> 1 1 1 1
<6400645> <hasElectronicCigarettes> <No> 1 1 1 1
<6611315> <hasElectronicCigarettes> <No> 1 1 1 1
<7012946> <hasElectronicCigarettes> <No> 1 1 1 1
<701653> <hasElectronicCigarettes> <No> 1 1 1 1
<702748> <hasElectronicCigarettes> <No> 1 1 1 1
<703053> <hasElectronicCigarettes> <No> 1 1 1 1
<707424> <hasElectronicCigarettes> <No> 1 1 1 1
<707695> <hasElectronicCigarettes> <No> 1 1 1 1
<708910> <hasElectronicCigarettes> <No> 1 1 1 1
<710583> <hasElectronicCigarettes> <No> 1 1 1 1
<7110329> <hasElectronicCigarettes> <No> 1 1 1 1
<711529> <hasElectronicCigarettes> <No> 1 1 1 1
<7215922> <hasElectronicCigarettes> <No> 1 1 1 1
<7404357> <hasElectronicCigarettes> <No> 1 1 1 1
<7404360> <hasElectronicCigarettes> <No> 1 1 1 1
<7404581> <hasElectronicCigarettes> <No> 1 1 1 1
<7404609> <hasElectronicCigarettes> <No> 1 1 1 1
<7405224> <hasElectronicCigarettes> <No> 1 1 1 1
<906867> <hasElectronicCigarettes> <No> 1 1 1 1
<907025> <hasElectronicCigarettes> <No> 0 0 0 0
<909620> <hasElectronicCigarettes> <No> 1 1 1 1
<909694> <hasElectronicCigarettes> <No> 1 1 1 1
<916792> <hasElectronicCigarettes> <No> 1 1 1 1
<916875> <hasElectronicCigarettes> <No> 1 1 1 1
<9709198> <hasElectronicCigarettes> <No> 1 1 1 1
<9712189> <hasElectronicCigarettes> <No> 1 1 1 1
<9712641> <hasElectronicCigarettes> <No> 1 1 1 1
<9909552> <hasElectronicCigarettes> <No> 2 2 1 1
<9910152> <hasElectronicCigarettes> <No> 1 1 1 1
<9912929> <hasElectronicCigarettes> <No> 1 1 1 1
<9913135> <hasElectronicCigarettes> <No> 1 1 1 1
<9913144> <hasElectronicCigarettes> <No> 1 1 1 1
<9914879> <hasElectronicCigarettes> <No> 1 1 1 1
<5315949> <hasElectronicCigarettes> <No> 1 1 1 1
<5316171> <hasElectronicCigarettes> <No> 1 1 1 1
<6301666> <hasElectronicCigarettes> <No> 1 1 1 1
<6402756> <hasElectronicCigarettes> <No> 1 1 1 1
<7404349> <hasElectronicCigarettes> <No> 1 1 1 1
<916867> <hasElectronicCigarettes> <No> 1 1 1 1
<9708627> <hasElectronicCigarettes> <No> 1 1 1 1
<9911643> <hasElectronicCigarettes> <No> 1 1 1 1
<208304> <hasElectronicCigarettes> <No> 0 0 0 0
