<101594> <hasCarcinogen_hasCarcinogenYears_category> <hasCarcinogenYears_between40and50> 0 0 0 0
<101790> <hasCarcinogen_hasCarcinogenYears_category> <hasCarcinogenYears_between30and40> 0 0 0 0
<101918> <hasCarcinogen_hasCarcinogenYears_category> <hasCarcinogenYears_between20and30> 0 0 0 0
<102049> <hasCarcinogen_hasCarcinogenYears_category> <hasCarcinogenYears_between20and30> 0 0 0 0
<102072> <hasCarcinogen_hasCarcinogenYears_category> <hasCarcinogenYears_between10and20> 0 0 0 0
<103502> <hasCarcinogen_hasCarcinogenYears_category> <hasCarcinogenYears_lessThan10> 0 0 0 0
<110984> <hasCarcinogen_hasCarcinogenYears_category> <hasCarcinogenYears_between30and40> 0 0 0 0
<111144> <hasCarcinogen_hasCarcinogenYears_category> <hasCarcinogenYears_between10and20> 0 0 0 0
<111483> <hasCarcinogen_hasCarcinogenYears_category> <hasCarcinogenYears_between40and50> 0 0 0 0
<111893> <hasCarcinogen_hasCarcinogenYears_category> <hasCarcinogenYears_between30and40> 0 0 0 0
<112091> <hasCarcinogen_hasCarcinogenYears_category> <hasCarcinogenYears_between40and50> 0 0 0 0
<11312358> <hasCarcinogen_hasCarcinogenYears_category> <hasCarcinogenYears_between30and40> 0 0 0 0
<11313612> <hasCarcinogen_hasCarcinogenYears_category> <hasCarcinogenYears_between30and40> 0 0 0 0
<11314168> <hasCarcinogen_hasCarcinogenYears_category> <hasCarcinogenYears_between30and40> 0 0 0 0
<11317182> <hasCarcinogen_hasCarcinogenYears_category> <hasCarcinogenYears_between20and30> 0 0 0 0
<11317218> <hasCarcinogen_hasCarcinogenYears_category> <hasCarcinogenYears_moreThan50> 0 0 0 0
<1200715> <hasCarcinogen_hasCarcinogenYears_category> <hasCarcinogenYears_between40and50> 0 0 0 0
<1201019> <hasCarcinogen_hasCarcinogenYears_category> <hasCarcinogenYears_between30and40> 0 0 0 0
<1201390> <hasCarcinogen_hasCarcinogenYears_category> <hasCarcinogenYears_between30and40> 0 0 0 0
<1314929> <hasCarcinogen_hasCarcinogenYears_category> <hasCarcinogenYears_between10and20> 0 0 0 0
<15700202> <hasCarcinogen_hasCarcinogenYears_category> <hasCarcinogenYears_between30and40> 0 0 0 0
<15700354> <hasCarcinogen_hasCarcinogenYears_category> <hasCarcinogenYears_between10and20> 0 0 0 0
<15704505> <hasCarcinogen_hasCarcinogenYears_category> <hasCarcinogenYears_between10and20> 0 0 0 0
<201810> <hasCarcinogen_hasCarcinogenYears_category> <hasCarcinogenYears_between20and30> 0 0 0 0
<202075> <hasCarcinogen_hasCarcinogenYears_category> <hasCarcinogenYears_between40and50> 0 0 0 0
<202115> <hasCarcinogen_hasCarcinogenYears_category> <hasCarcinogenYears_between10and20> 0 0 0 0
<202250> <hasCarcinogen_hasCarcinogenYears_category> <hasCarcinogenYears_between20and30> 0 0 0 0
<102073> <hasCarcinogen_hasCarcinogenYears_category> <hasCarcinogenYears_between20and30> 0 0 0 0
<2100775> <hasCarcinogen_hasCarcinogenYears_category> <hasCarcinogenYears_between20and30> 0 0 0 0
<2115592> <hasCarcinogen_hasCarcinogenYears_category> <hasCarcinogenYears_between40and50> 0 0 0 0
<2303159> <hasCarcinogen_hasCarcinogenYears_category> <hasCarcinogenYears_between20and30> 0 0 0 0
<2305279> <hasCarcinogen_hasCarcinogenYears_category> <hasCarcinogenYears_between20and30> 0 0 0 0
<2311648> <hasCarcinogen_hasCarcinogenYears_category> <hasCarcinogenYears_between20and30> 0 0 0 0
<2312687> <hasCarcinogen_hasCarcinogenYears_category> <hasCarcinogenYears_between30and40> 0 0 0 0
<3001046> <hasCarcinogen_hasCarcinogenYears_category> <hasCarcinogenYears_between30and40> 0 0 0 0
<306882> <hasCarcinogen_hasCarcinogenYears_category> <hasCarcinogenYears_between10and20> 0 0 0 0
<4313316> <hasCarcinogen_hasCarcinogenYears_category> <hasCarcinogenYears_lessThan10> 0 0 0 0
<4313413> <hasCarcinogen_hasCarcinogenYears_category> <hasCarcinogenYears_between30and40> 0 0 0 0
<4607093> <hasCarcinogen_hasCarcinogenYears_category> <hasCarcinogenYears_moreThan50> 0 0 0 0
<4611772> <hasCarcinogen_hasCarcinogenYears_category> <hasCarcinogenYears_between30and40> 0 0 0 0
<6401436> <hasCarcinogen_hasCarcinogenYears_category> <hasCarcinogenYears_between20and30> 0 0 0 0
<6402167> <hasCarcinogen_hasCarcinogenYears_category> <hasCarcinogenYears_between10and20> 0 0 0 0
<6402399> <hasCarcinogen_hasCarcinogenYears_category> <hasCarcinogenYears_lessThan10> 0 0 0 0
<704307> <hasCarcinogen_hasCarcinogenYears_category> <hasCarcinogenYears_between10and20> 0 0 0 0
<916434> <hasCarcinogen_hasCarcinogenYears_category> <hasCarcinogenYears_between20and30> 0 0 0 0
<11312635> <hasCarcinogen_hasCarcinogenYears_category> <hasCarcinogenYears_between20and30> 0 0 0 0
<11313931> <hasCarcinogen_hasCarcinogenYears_category> <hasCarcinogenYears_between40and50> 0 0 0 0
<1200982> <hasCarcinogen_hasCarcinogenYears_category> <hasCarcinogenYears_between30and40> 0 0 0 0
<2305899> <hasCarcinogen_hasCarcinogenYears_category> <hasCarcinogenYears_between30and40> 0 0 0 0
<3000608> <hasCarcinogen_hasCarcinogenYears_category> <hasCarcinogenYears_moreThan50> 0 0 0 0
<6400372> <hasCarcinogen_hasCarcinogenYears_category> <hasCarcinogenYears_between30and40> 0 0 0 0
<706444> <hasCarcinogen_hasCarcinogenYears_category> <hasCarcinogenYears_between40and50> 0 0 0 0
<9909446> <hasCarcinogen_hasCarcinogenYears_category> <hasCarcinogenYears_lessThan10> 0 0 0 0
<2309468> <hasCarcinogen_hasCarcinogenYears_category> <hasCarcinogenYears_between30and40> 0 0 0 0
<300460> <hasCarcinogen_hasCarcinogenYears_category> <hasCarcinogenYears_between30and40> 0 0 0 0
<4614563> <hasCarcinogen_hasCarcinogenYears_category> <hasCarcinogenYears_between20and30> 0 0 0 0
<707567> <hasCarcinogen_hasCarcinogenYears_category> <hasCarcinogenYears_lessThan10> 0 0 0 0
<9408692> <hasCarcinogen_hasCarcinogenYears_category> <hasCarcinogenYears_between20and30> 0 0 0 0
<2309807> <hasCarcinogen_hasCarcinogenYears_category> <hasCarcinogenYears_between30and40> 0 0 0 0
<701646> <hasCarcinogen_hasCarcinogenYears_category> <hasCarcinogenYears_between20and30> 0 0 0 0
<6400650> <hasCarcinogen_hasCarcinogenYears_category> <hasCarcinogenYears_between10and20> 0 0 0 0
<1202556> <hasCarcinogen_hasCarcinogenYears_category> <hasCarcinogenYears_between20and30> 0 0 0 0
<6402109> <hasCarcinogen_hasCarcinogenYears_category> <hasCarcinogenYears_between30and40> 0 0 0 0
<1300781> <hasCarcinogen_hasCarcinogenYears_category> <hasCarcinogenYears_between10and20> 0 0 0 0
<15706422> <hasCarcinogen_hasCarcinogenYears_category> <hasCarcinogenYears_between40and50> 0 0 0 0
<202028> <hasCarcinogen_hasCarcinogenYears_category> <hasCarcinogenYears_between40and50> 0 0 0 0
<202549> <hasCarcinogen_hasCarcinogenYears_category> <hasCarcinogenYears_between40and50> 0 0 0 0
<2101415> <hasCarcinogen_hasCarcinogenYears_category> <hasCarcinogenYears_between20and30> 0 0 0 0
<2300450> <hasCarcinogen_hasCarcinogenYears_category> <hasCarcinogenYears_lessThan10> 0 0 0 0
<2304399> <hasCarcinogen_hasCarcinogenYears_category> <hasCarcinogenYears_between30and40> 0 0 0 0
<2304455> <hasCarcinogen_hasCarcinogenYears_category> <hasCarcinogenYears_between10and20> 0 0 0 0
<2305054> <hasCarcinogen_hasCarcinogenYears_category> <hasCarcinogenYears_between30and40> 0 0 0 0
<2307927> <hasCarcinogen_hasCarcinogenYears_category> <hasCarcinogenYears_between30and40> 0 0 0 0
<3017419> <hasCarcinogen_hasCarcinogenYears_category> <hasCarcinogenYears_between10and20> 0 0 0 0
<4605317> <hasCarcinogen_hasCarcinogenYears_category> <hasCarcinogenYears_between40and50> 0 0 0 0
<4607099> <hasCarcinogen_hasCarcinogenYears_category> <hasCarcinogenYears_lessThan10> 0 0 0 0
<4613269> <hasCarcinogen_hasCarcinogenYears_category> <hasCarcinogenYears_between20and30> 0 0 0 0
<4616285> <hasCarcinogen_hasCarcinogenYears_category> <hasCarcinogenYears_between20and30> 0 0 0 0
<5116878> <hasCarcinogen_hasCarcinogenYears_category> <hasCarcinogenYears_lessThan10> 0 0 0 0
<202123> <hasCarcinogen_hasCarcinogenYears_category> <hasCarcinogenYears_between40and50> 0 0 0 0
<202056> <hasCarcinogen_hasCarcinogenYears_category> <hasCarcinogenYears_between30and40> 0 0 0 0
<2307332> <hasCarcinogen_hasCarcinogenYears_category> <hasCarcinogenYears_between20and30> 0 0 0 0
<1201096> <hasCarcinogen_hasCarcinogenYears_category> <hasCarcinogenYears_between10and20> 0 0 0 0
<202022> <hasCarcinogen_hasCarcinogenYears_category> <hasCarcinogenYears_between30and40> 0 0 0 0
<2112828> <hasCarcinogen_hasCarcinogenYears_category> <hasCarcinogenYears_between30and40> 0 0 0 0
<2300010> <hasCarcinogen_hasCarcinogenYears_category> <hasCarcinogenYears_between40and50> 0 0 0 0
<2300570> <hasCarcinogen_hasCarcinogenYears_category> <hasCarcinogenYears_moreThan50> 0 0 0 0
<2715744> <hasCarcinogen_hasCarcinogenYears_category> <hasCarcinogenYears_between30and40> 0 0 0 0
<306289> <hasCarcinogen_hasCarcinogenYears_category> <hasCarcinogenYears_between40and50> 0 0 0 0
<313722> <hasCarcinogen_hasCarcinogenYears_category> <hasCarcinogenYears_between40and50> 0 0 0 0
<6400275> <hasCarcinogen_hasCarcinogenYears_category> <hasCarcinogenYears_between10and20> 0 0 0 0
<9408575> <hasCarcinogen_hasCarcinogenYears_category> <hasCarcinogenYears_between20and30> 0 0 0 0
<1200712> <hasCarcinogen_hasCarcinogenYears_category> <hasCarcinogenYears_between30and40> 0 0 0 0
<2308335> <hasCarcinogen_hasCarcinogenYears_category> <hasCarcinogenYears_between20and30> 0 0 0 0
<2312755> <hasCarcinogen_hasCarcinogenYears_category> <hasCarcinogenYears_between20and30> 0 0 0 0
<300588> <hasCarcinogen_hasCarcinogenYears_category> <hasCarcinogenYears_between30and40> 0 0 0 0
<202117> <hasCarcinogen_hasCarcinogenYears_category> <hasCarcinogenYears_between40and50> 0 0 0 0
<202107> <hasCarcinogen_hasCarcinogenYears_category> <hasCarcinogenYears_between40and50> 0 0 0 0
