<101780> <hasBio> <ROS1> 0 0 0 0
<15710134> <hasBio> <ROS1> 0 0 0 0
<2103458> <hasBio> <ROS1> 0 0 0 0
<3508927> <hasBio> <ROS1> 0 0 0 0
<217091> <hasBio> <MET> 0 0 0 0
<1007344> <hasBio> <EGFR> 0 0 0 0
<102008> <hasBio> <EGFR> 0 0 0 0
<102139> <hasBio> <EGFR> 0 0 0 0
<10600642> <hasBio> <EGFR> 0 0 0 0
<10812805> <hasBio> <EGFR> 0 0 0 0
<111009> <hasBio> <EGFR> 0 0 0 0
<12915272> <hasBio> <EGFR> 0 0 0 0
<1302067> <hasBio> <EGFR> 0 0 0 0
<1309947> <hasBio> <EGFR> 0 0 0 0
<1315019> <hasBio> <EGFR> 0 0 0 0
<1316972> <hasBio> <EGFR> 0 0 0 0
<1516334> <hasBio> <EGFR> 0 0 0 0
<15706871> <hasBio> <EGFR> 0 0 0 0
<18015740> <hasBio> <EGFR> 0 0 0 0
<201683> <hasBio> <EGFR> 0 0 0 0
<201831> <hasBio> <EGFR> 0 0 0 0
<202449> <hasBio> <EGFR> 0 0 0 0
<202666> <hasBio> <EGFR> 0 0 0 0
<204221> <hasBio> <EGFR> 0 0 0 0
<213396> <hasBio> <EGFR> 0 0 0 0
<2300015> <hasBio> <EGFR> 0 0 0 0
<2900532> <hasBio> <EGFR> 0 0 0 0
<300271> <hasBio> <EGFR> 0 0 0 0
<316452> <hasBio> <EGFR> 0 0 0 0
<3404233> <hasBio> <EGFR> 0 0 0 0
<3812404> <hasBio> <EGFR> 0 0 0 0
<407501> <hasBio> <EGFR> 0 0 0 0
<4605634> <hasBio> <EGFR> 0 0 0 0
<508281> <hasBio> <EGFR> 0 0 0 0
<5103231> <hasBio> <EGFR> 0 0 0 0
<5103667> <hasBio> <EGFR> 0 0 0 0
<5109129> <hasBio> <EGFR> 0 0 0 0
<512369> <hasBio> <EGFR> 0 0 0 0
<512424> <hasBio> <EGFR> 0 0 0 0
<513956> <hasBio> <EGFR> 0 0 0 0
<516180> <hasBio> <EGFR> 0 0 0 0
<5315774> <hasBio> <EGFR> 0 0 0 0
<6311704> <hasBio> <EGFR> 0 0 0 0
<7000288> <hasBio> <EGFR> 0 0 0 0
<702443> <hasBio> <EGFR> 0 0 0 0
<703814> <hasBio> <EGFR> 0 0 0 0
<7214821> <hasBio> <EGFR> 0 0 0 0
<903643> <hasBio> <EGFR> 0 0 0 0
<916896> <hasBio> <EGFR> 0 0 0 0
<9409216> <hasBio> <EGFR> 0 0 0 0
<102861> <hasBio> <PDL1> 0 0 0 0
<112496> <hasBio> <PDL1> 0 0 0 0
<112497> <hasBio> <PDL1> 0 0 0 0
<11312433> <hasBio> <PDL1> 0 0 0 0
<11312637> <hasBio> <PDL1> 0 0 0 0
<11912319> <hasBio> <PDL1> 0 0 0 0
<1215811> <hasBio> <PDL1> 0 0 0 0
<1300492> <hasBio> <PDL1> 0 0 0 0
<1300506> <hasBio> <PDL1> 0 0 0 0
<1302232> <hasBio> <PDL1> 0 0 0 0
<1305591> <hasBio> <PDL1> 0 0 0 0
<1310245> <hasBio> <PDL1> 0 0 0 0
<1310339> <hasBio> <PDL1> 0 0 0 0
<1314451> <hasBio> <PDL1> 0 0 0 0
<1314609> <hasBio> <PDL1> 0 0 0 0
<1314668> <hasBio> <PDL1> 0 0 0 0
<1314851> <hasBio> <PDL1> 0 0 0 0
<1314912> <hasBio> <PDL1> 0 0 0 0
<1315678> <hasBio> <PDL1> 0 0 0 0
<1504894> <hasBio> <PDL1> 0 0 0 0
<1504962> <hasBio> <PDL1> 0 0 0 0
<1509309> <hasBio> <PDL1> 0 0 0 0
<1315416> <hasBio> <ROS1> 0 0 0 0
<1305851> <hasBio> <EGFR> 0 0 0 0
<1310517> <hasBio> <EGFR> 0 0 0 0
<202191> <hasBio> <EGFR> 0 0 0 0
<204625> <hasBio> <EGFR> 0 0 0 0
<2300028> <hasBio> <EGFR> 0 0 0 0
<508203> <hasBio> <EGFR> 0 0 0 0
<513047> <hasBio> <EGFR> 0 0 0 0
<513058> <hasBio> <EGFR> 0 0 0 0
<5316305> <hasBio> <EGFR> 0 0 0 0
<5509601> <hasBio> <EGFR> 0 0 0 0
<701675> <hasBio> <EGFR> 0 0 0 0
<1314606> <hasBio> <PDL1> 0 0 0 0
<1509771> <hasBio> <PDL1> 0 0 0 0
<1511095> <hasBio> <PDL1> 0 0 0 0
<1511156> <hasBio> <PDL1> 0 0 0 0
<1511157> <hasBio> <PDL1> 0 0 0 0
<1511187> <hasBio> <PDL1> 0 0 0 0
<1513007> <hasBio> <PDL1> 0 0 0 0
<1516282> <hasBio> <PDL1> 0 0 0 0
<15703034> <hasBio> <PDL1> 0 0 0 0
<15717533> <hasBio> <PDL1> 0 0 0 0
<15717542> <hasBio> <PDL1> 0 0 0 0
<201948> <hasBio> <PDL1> 0 0 0 0
<206692> <hasBio> <PDL1> 0 0 0 0
<210028> <hasBio> <PDL1> 0 0 0 0
<210173> <hasBio> <PDL1> 0 0 0 0
<210207> <hasBio> <PDL1> 0 0 0 0
<2103526> <hasBio> <PDL1> 0 0 0 0
<210406> <hasBio> <PDL1> 0 0 0 0
<2108686> <hasBio> <PDL1> 0 0 0 0
<212422> <hasBio> <PDL1> 0 0 0 0
<212447> <hasBio> <PDL1> 0 0 0 0
<212876> <hasBio> <PDL1> 0 0 0 0
<214153> <hasBio> <PDL1> 0 0 0 0
<214992> <hasBio> <PDL1> 0 0 0 0
<216063> <hasBio> <PDL1> 0 0 0 0
<216101> <hasBio> <PDL1> 0 0 0 0
<217025> <hasBio> <PDL1> 0 0 0 0
<2303749> <hasBio> <PDL1> 0 0 0 0
<2307184> <hasBio> <PDL1> 0 0 0 0
<2310407> <hasBio> <PDL1> 0 0 0 0
<2312644> <hasBio> <PDL1> 0 0 0 0
<2406201> <hasBio> <PDL1> 0 0 0 0
<2806033> <hasBio> <PDL1> 0 0 0 0
<2807407> <hasBio> <PDL1> 0 0 0 0
<2808311> <hasBio> <PDL1> 0 0 0 0
<2810365> <hasBio> <PDL1> 0 0 0 0
<2811579> <hasBio> <PDL1> 0 0 0 0
<2815311> <hasBio> <PDL1> 0 0 0 0
<2900872> <hasBio> <PDL1> 0 0 0 0
<2903738> <hasBio> <PDL1> 0 0 0 0
<2905284> <hasBio> <PDL1> 0 0 0 0
<2907761> <hasBio> <PDL1> 0 0 0 0
<2909437> <hasBio> <PDL1> 0 0 0 0
<2917301> <hasBio> <PDL1> 0 0 0 0
<2917481> <hasBio> <PDL1> 0 0 0 0
<3017129> <hasBio> <PDL1> 0 0 0 0
<305236> <hasBio> <PDL1> 0 0 0 0
<305463> <hasBio> <PDL1> 0 0 0 0
<306471> <hasBio> <PDL1> 0 0 0 0
<307923> <hasBio> <PDL1> 0 0 0 0
<308644> <hasBio> <PDL1> 0 0 0 0
<311486> <hasBio> <PDL1> 0 0 0 0
<3405596> <hasBio> <PDL1> 0 0 0 0
<3408700> <hasBio> <PDL1> 0 0 0 0
<3509274> <hasBio> <PDL1> 0 0 0 0
<3510648> <hasBio> <PDL1> 0 0 0 0
<3510987> <hasBio> <PDL1> 0 0 0 0
<409514> <hasBio> <PDL1> 0 0 0 0
<410271> <hasBio> <PDL1> 0 0 0 0
<412991> <hasBio> <PDL1> 0 0 0 0
<413004> <hasBio> <PDL1> 0 0 0 0
<416426> <hasBio> <PDL1> 0 0 0 0
<416956> <hasBio> <PDL1> 0 0 0 0
<417133> <hasBio> <PDL1> 0 0 0 0
<417165> <hasBio> <PDL1> 0 0 0 0
<417416> <hasBio> <PDL1> 0 0 0 0
<4312942> <hasBio> <PDL1> 0 0 0 0
<4600802> <hasBio> <PDL1> 0 0 0 0
<4610265> <hasBio> <PDL1> 0 0 0 0
<4611770> <hasBio> <PDL1> 0 0 0 0
<4615072> <hasBio> <PDL1> 0 0 0 0
<4911019> <hasBio> <PDL1> 0 0 0 0
<4911541> <hasBio> <PDL1> 0 0 0 0
<5107080> <hasBio> <PDL1> 0 0 0 0
<5109292> <hasBio> <PDL1> 0 0 0 0
<5109297> <hasBio> <PDL1> 0 0 0 0
<5111329> <hasBio> <PDL1> 0 0 0 0
<5113385> <hasBio> <PDL1> 0 0 0 0
<5115888> <hasBio> <PDL1> 0 0 0 0
<513093> <hasBio> <PDL1> 0 0 0 0
<514214> <hasBio> <PDL1> 0 0 0 0
<514369> <hasBio> <PDL1> 0 0 0 0
<5304703> <hasBio> <PDL1> 0 0 0 0
<5312288> <hasBio> <PDL1> 0 0 0 0
<5313280> <hasBio> <PDL1> 0 0 0 0
<5315833> <hasBio> <PDL1> 0 0 0 0
<5315845> <hasBio> <PDL1> 0 0 0 0
<5315959> <hasBio> <PDL1> 0 0 0 0
<5316598> <hasBio> <PDL1> 0 0 0 0
<5502766> <hasBio> <PDL1> 0 0 0 0
<5504653> <hasBio> <PDL1> 0 0 0 0
<5504936> <hasBio> <PDL1> 0 0 0 0
<5505386> <hasBio> <PDL1> 0 0 0 0
<702838> <hasBio> <PDL1> 0 0 0 0
<706989> <hasBio> <PDL1> 0 0 0 0
<7215009> <hasBio> <PDL1> 0 0 0 0
<1511188> <hasBio> <PDL1> 0 0 0 0
<204567> <hasBio> <PDL1> 0 0 0 0
<2311056> <hasBio> <PDL1> 0 0 0 0
<304534> <hasBio> <PDL1> 0 0 0 0
<311642> <hasBio> <PDL1> 0 0 0 0
<3702950> <hasBio> <PDL1> 0 0 0 0
<410183> <hasBio> <PDL1> 0 0 0 0
<411869> <hasBio> <PDL1> 0 0 0 0
<4602209> <hasBio> <PDL1> 0 0 0 0
<514188> <hasBio> <PDL1> 0 0 0 0
<7407019> <hasBio> <PDL1> 0 0 0 0
<901090> <hasBio> <PDL1> 0 0 0 0
<906884> <hasBio> <PDL1> 0 0 0 0
<906892> <hasBio> <PDL1> 0 0 0 0
<909723> <hasBio> <PDL1> 0 0 0 0
<911622> <hasBio> <PDL1> 0 0 0 0
<911811> <hasBio> <PDL1> 0 0 0 0
<917442> <hasBio> <PDL1> 0 0 0 0
<9414249> <hasBio> <PDL1> 0 0 0 0
<9416378> <hasBio> <PDL1> 0 0 0 0
<9417525> <hasBio> <PDL1> 0 0 0 0
<9704099> <hasBio> <PDL1> 0 0 0 0
<9711211> <hasBio> <PDL1> 0 0 0 0
<9711715> <hasBio> <PDL1> 0 0 0 0
<9914663> <hasBio> <PDL1> 0 0 0 0
<11312249> <hasBio> <KRAS> 0 0 0 0
<11312310> <hasBio> <KRAS> 0 0 0 0
<1313314> <hasBio> <BRAF> 0 0 0 0
<14706776> <hasBio> <KRAS> 0 0 0 0
<1509559> <hasBio> <BRAF> 0 0 0 0
<212747> <hasBio> <KRAS> 0 0 0 0
<416798> <hasBio> <KRAS> 0 0 0 0
<4615211> <hasBio> <KRAS> 0 0 0 0
<715073> <hasBio> <KRAS> 0 0 0 0
<715150> <hasBio> <KRAS> 0 0 0 0
<1305683> <hasBio> <ALK> 0 0 0 0
<1508849> <hasBio> <ALK> 0 0 0 0
<1509353> <hasBio> <ALK> 0 0 0 0
<201821> <hasBio> <ALK> 0 0 0 0
<202179> <hasBio> <ALK> 0 0 0 0
<203545> <hasBio> <ALK> 0 0 0 0
<210473> <hasBio> <ALK> 0 0 0 0
<507260> <hasBio> <ALK> 0 0 0 0
<5103230> <hasBio> <ALK> 0 0 0 0
<5106485> <hasBio> <ALK> 0 0 0 0
<5107460> <hasBio> <ALK> 0 0 0 0
<5112572> <hasBio> <HER2> 0 0 0 0
<907010> <hasBio> <PDL1> 0 0 0 0
<9407304> <hasBio> <PDL1> 0 0 0 0
<9408798> <hasBio> <PDL1> 0 0 0 0
<9414375> <hasBio> <PDL1> 0 0 0 0
<208568> <hasBio> <BRAF> 0 0 0 0
<210487> <hasBio> <KRAS> 0 0 0 0
<507256> <hasBio> <ALK> 0 0 0 0
<110891> <hasBio> <PDL1> 0 0 0 0
