<101546> <hasRollingTobacco> <No> 1 1 1 1
<101717> <hasRollingTobacco> <No> 1 1 1 1
<102120> <hasRollingTobacco> <No> 1 1 1 1
<102365> <hasRollingTobacco> <No> 1 1 1 1
<104451> <hasRollingTobacco> <Yes> 0 0 0 0
<104468> <hasRollingTobacco> <No> 1 1 1 1
<10601208> <hasRollingTobacco> <Yes> 0 0 0 0
<10607298> <hasRollingTobacco> <No> 1 1 1 1
<10612018> <hasRollingTobacco> <No> 1 1 1 1
<107814> <hasRollingTobacco> <Yes> 0 0 0 0
<108006> <hasRollingTobacco> <No> 1 1 1 1
<108318> <hasRollingTobacco> <No> 1 1 1 1
<109154> <hasRollingTobacco> <No> 1 1 1 1
<109233> <hasRollingTobacco> <No> 1 1 1 1
<109398> <hasRollingTobacco> <No> 1 1 1 1
<109438> <hasRollingTobacco> <No> 1 1 1 1
<109761> <hasRollingTobacco> <No> 1 1 1 1
<109831> <hasRollingTobacco> <No> 1 1 1 1
<110094> <hasRollingTobacco> <No> 1 1 1 1
<110234> <hasRollingTobacco> <No> 1 1 1 1
<110251> <hasRollingTobacco> <Yes> 0 0 0 0
<112032> <hasRollingTobacco> <No> 1 1 1 1
<112495> <hasRollingTobacco> <No> 1 1 1 1
<112540> <hasRollingTobacco> <No> 1 1 1 1
<112837> <hasRollingTobacco> <No> 1 1 1 1
<112907> <hasRollingTobacco> <No> 1 1 1 1
<11312376> <hasRollingTobacco> <No> 1 1 1 1
<11314502> <hasRollingTobacco> <No> 1 1 1 1
<11317084> <hasRollingTobacco> <No> 1 1 1 1
<113207> <hasRollingTobacco> <No> 1 1 1 1
<113210> <hasRollingTobacco> <No> 1 1 1 1
<107818> <hasRollingTobacco> <No> 1 1 1 1
<10802829> <hasRollingTobacco> <No> 1 1 1 1
<11405817> <hasRollingTobacco> <No> 1 1 1 1
<11911930> <hasRollingTobacco> <No> 1 1 1 1
<1200111> <hasRollingTobacco> <No> 1 1 1 1
<1200521> <hasRollingTobacco> <No> 1 1 1 1
<1200840> <hasRollingTobacco> <No> 1 1 1 1
<1201391> <hasRollingTobacco> <No> 1 1 1 1
<1201897> <hasRollingTobacco> <No> 1 1 1 1
<1202068> <hasRollingTobacco> <No> 1 1 1 1
<1213168> <hasRollingTobacco> <No> 1 1 1 1
<12914317> <hasRollingTobacco> <No> 1 1 1 1
<12914341> <hasRollingTobacco> <No> 1 1 1 1
<12915798> <hasRollingTobacco> <No> 1 1 1 1
<1300500> <hasRollingTobacco> <Yes> 0 0 0 0
<1300743> <hasRollingTobacco> <No> 1 1 1 1
<1300789> <hasRollingTobacco> <No> 0 0 0 0
<1301608> <hasRollingTobacco> <No> 1 1 1 1
<1305854> <hasRollingTobacco> <No> 1 1 1 1
<1310971> <hasRollingTobacco> <No> 1 1 1 1
<1311117> <hasRollingTobacco> <No> 1 1 1 1
<1311198> <hasRollingTobacco> <No> 1 1 1 1
<1312563> <hasRollingTobacco> <No> 1 1 1 1
<1313288> <hasRollingTobacco> <No> 1 1 1 1
<1313301> <hasRollingTobacco> <No> 1 1 1 1
<1313389> <hasRollingTobacco> <No> 1 1 1 1
<1314581> <hasRollingTobacco> <No> 1 1 1 1
<1314865> <hasRollingTobacco> <No> 1 1 1 1
<1315456> <hasRollingTobacco> <No> 1 1 1 1
<1316024> <hasRollingTobacco> <No> 1 1 1 1
<14612706> <hasRollingTobacco> <No> 1 1 1 1
<14702287> <hasRollingTobacco> <No> 1 1 1 1
<14705082> <hasRollingTobacco> <No> 1 1 1 1
<1500605> <hasRollingTobacco> <No> 1 1 1 1
<1509494> <hasRollingTobacco> <No> 1 1 1 1
<1509744> <hasRollingTobacco> <No> 1 1 1 1
<1509751> <hasRollingTobacco> <No> 1 1 1 1
<1511091> <hasRollingTobacco> <No> 1 1 1 1
<1511157> <hasRollingTobacco> <No> 1 1 1 1
<1511191> <hasRollingTobacco> <No> 1 1 1 1
<1513064> <hasRollingTobacco> <No> 1 1 1 1
<1513565> <hasRollingTobacco> <No> 1 1 1 1
<1514825> <hasRollingTobacco> <No> 1 1 1 1
<15700160> <hasRollingTobacco> <No> 1 1 1 1
<15700193> <hasRollingTobacco> <No> 1 1 1 1
<15706357> <hasRollingTobacco> <No> 1 1 1 1
<15706842> <hasRollingTobacco> <No> 1 1 1 1
<15707824> <hasRollingTobacco> <No> 1 1 1 1
<15708053> <hasRollingTobacco> <No> 1 1 1 1
<15709793> <hasRollingTobacco> <No> 1 1 1 1
<15710142> <hasRollingTobacco> <No> 1 1 1 1
<15715006> <hasRollingTobacco> <No> 1 1 1 1
<15715011> <hasRollingTobacco> <No> 1 1 1 1
<201825> <hasRollingTobacco> <No> 1 1 1 1
<2100666> <hasRollingTobacco> <No> 1 1 1 1
<2101160> <hasRollingTobacco> <No> 0 0 0 0
<2101168> <hasRollingTobacco> <No> 1 1 1 1
<2101877> <hasRollingTobacco> <No> 1 1 1 1
<2102011> <hasRollingTobacco> <No> 1 1 1 1
<2102185> <hasRollingTobacco> <No> 1 1 1 1
<2102404> <hasRollingTobacco> <No> 1 1 1 1
<2102644> <hasRollingTobacco> <No> 1 1 1 1
<2102881> <hasRollingTobacco> <No> 1 1 1 1
<2106674> <hasRollingTobacco> <No> 1 1 1 1
<2107120> <hasRollingTobacco> <No> 1 1 1 1
<2110562> <hasRollingTobacco> <No> 1 1 1 1
<2115501> <hasRollingTobacco> <No> 1 1 1 1
<2300035> <hasRollingTobacco> <No> 1 1 1 1
<2300061> <hasRollingTobacco> <No> 1 1 1 1
<2300064> <hasRollingTobacco> <No> 1 1 1 1
<2300486> <hasRollingTobacco> <No> 1 1 1 1
<2301510> <hasRollingTobacco> <No> 1 1 1 1
<2302693> <hasRollingTobacco> <No> 1 1 1 1
<2302790> <hasRollingTobacco> <No> 1 1 1 1
<2303159> <hasRollingTobacco> <No> 1 1 1 1
<2303283> <hasRollingTobacco> <No> 1 1 1 1
<2303535> <hasRollingTobacco> <No> 1 1 1 1
<2303891> <hasRollingTobacco> <No> 1 1 1 1
<2304574> <hasRollingTobacco> <No> 0 0 0 0
<2304630> <hasRollingTobacco> <No> 1 1 1 1
<2304678> <hasRollingTobacco> <No> 1 1 1 1
<2406839> <hasRollingTobacco> <No> 1 1 1 1
<2804753> <hasRollingTobacco> <No> 1 1 1 1
<2805001> <hasRollingTobacco> <No> 1 1 1 1
<2805016> <hasRollingTobacco> <No> 1 1 1 1
<2805825> <hasRollingTobacco> <No> 1 1 1 1
<2806026> <hasRollingTobacco> <No> 1 1 1 1
<1216677> <hasRollingTobacco> <No> 1 1 1 1
<1300801> <hasRollingTobacco> <No> 1 1 1 1
<1515204> <hasRollingTobacco> <No> 1 1 1 1
<15701751> <hasRollingTobacco> <No> 1 1 1 1
<2100732> <hasRollingTobacco> <No> 1 1 1 1
<2100809> <hasRollingTobacco> <No> 1 1 1 1
<2300029> <hasRollingTobacco> <No> 1 1 1 1
<2302925> <hasRollingTobacco> <No> 1 1 1 1
<2303245> <hasRollingTobacco> <No> 1 1 1 1
<2304732> <hasRollingTobacco> <No> 1 1 1 1
<2311630> <hasRollingTobacco> <No> 1 1 1 1
<2407355> <hasRollingTobacco> <No> 1 1 1 1
<2804502> <hasRollingTobacco> <No> 1 1 1 1
<2807683> <hasRollingTobacco> <No> 1 1 1 1
<2813068> <hasRollingTobacco> <No> 1 1 1 1
<2902456> <hasRollingTobacco> <Yes> 0 0 0 0
<2902530> <hasRollingTobacco> <No> 0 0 0 0
<2903721> <hasRollingTobacco> <No> 1 1 1 1
<2903736> <hasRollingTobacco> <No> 1 1 1 1
<2908942> <hasRollingTobacco> <No> 1 1 1 1
<2911877> <hasRollingTobacco> <No> 1 1 1 1
<2917355> <hasRollingTobacco> <No> 1 1 1 1
<2917468> <hasRollingTobacco> <No> 1 1 1 1
<2917485> <hasRollingTobacco> <No> 1 1 1 1
<3001058> <hasRollingTobacco> <No> 1 1 1 1
<300305> <hasRollingTobacco> <No> 1 1 1 1
<3004528> <hasRollingTobacco> <Yes> 0 0 0 0
<3005655> <hasRollingTobacco> <No> 1 1 1 1
<300582> <hasRollingTobacco> <No> 1 1 1 1
<3007186> <hasRollingTobacco> <No> 1 1 1 1
<300863> <hasRollingTobacco> <No> 1 1 1 1
<301138> <hasRollingTobacco> <No> 1 1 1 1
<301413> <hasRollingTobacco> <No> 1 1 1 1
<305124> <hasRollingTobacco> <No> 1 1 1 1
<306282> <hasRollingTobacco> <No> 1 1 1 1
<306459> <hasRollingTobacco> <No> 1 1 1 1
<307272> <hasRollingTobacco> <No> 1 1 1 1
<307598> <hasRollingTobacco> <No> 1 1 1 1
<310255> <hasRollingTobacco> <No> 1 1 1 1
<310422> <hasRollingTobacco> <No> 1 1 1 1
<311526> <hasRollingTobacco> <No> 1 1 1 1
<311567> <hasRollingTobacco> <No> 1 1 1 1
<311596> <hasRollingTobacco> <No> 1 1 1 1
<313682> <hasRollingTobacco> <Yes> 1 1 1 1
<317252> <hasRollingTobacco> <No> 1 1 1 1
<317260> <hasRollingTobacco> <No> 1 1 1 1
<317261> <hasRollingTobacco> <No> 1 1 1 1
<3316704> <hasRollingTobacco> <No> 1 1 1 1
<3404974> <hasRollingTobacco> <No> 1 1 1 1
<3407248> <hasRollingTobacco> <No> 1 1 1 1
<3414696> <hasRollingTobacco> <No> 1 1 1 1
<3416947> <hasRollingTobacco> <No> 1 1 1 1
<3508844> <hasRollingTobacco> <Yes> 1 1 1 1
<3510217> <hasRollingTobacco> <No> 1 1 1 1
<3510319> <hasRollingTobacco> <No> 1 1 1 1
<3510579> <hasRollingTobacco> <No> 1 1 1 1
<3510987> <hasRollingTobacco> <No> 1 1 1 1
<3602433> <hasRollingTobacco> <No> 1 1 1 1
<3611073> <hasRollingTobacco> <No> 1 1 1 1
<3702910> <hasRollingTobacco> <No> 1 1 1 1
<3703223> <hasRollingTobacco> <No> 1 1 1 1
<3712205> <hasRollingTobacco> <No> 1 1 1 1
<3712401> <hasRollingTobacco> <No> 1 1 1 1
<3812240> <hasRollingTobacco> <No> 1 1 1 1
<3812386> <hasRollingTobacco> <No> 1 1 1 1
<3915368> <hasRollingTobacco> <No> 1 1 1 1
<407606> <hasRollingTobacco> <No> 0 0 0 0
<416424> <hasRollingTobacco> <No> 1 1 1 1
<416439> <hasRollingTobacco> <No> 1 1 1 1
<416449> <hasRollingTobacco> <No> 1 1 1 1
<416466> <hasRollingTobacco> <Yes> 0 0 0 0
<416732> <hasRollingTobacco> <No> 1 1 1 1
<417054> <hasRollingTobacco> <No> 1 1 1 1
<417061> <hasRollingTobacco> <No> 1 1 1 1
<417170> <hasRollingTobacco> <No> 1 1 1 1
<417300> <hasRollingTobacco> <No> 1 1 1 1
<417452> <hasRollingTobacco> <No> 1 1 1 1
<417506> <hasRollingTobacco> <No> 1 1 1 1
<4314178> <hasRollingTobacco> <No> 1 1 1 1
<4600251> <hasRollingTobacco> <No> 1 1 1 1
<4600306> <hasRollingTobacco> <No> 1 1 1 1
<4603257> <hasRollingTobacco> <No> 1 1 1 1
<4603821> <hasRollingTobacco> <No> 1 1 1 1
<4604096> <hasRollingTobacco> <Yes> 2 2 1 1
<4604549> <hasRollingTobacco> <Yes> 2 2 1 1
<4605029> <hasRollingTobacco> <No> 1 1 1 1
<4605310> <hasRollingTobacco> <No> 1 1 1 1
<4607100> <hasRollingTobacco> <No> 1 1 1 1
<4608613> <hasRollingTobacco> <No> 1 1 1 1
<4616285> <hasRollingTobacco> <Yes> 2 2 1 1
<508827> <hasRollingTobacco> <No> 1 1 1 1
<5102920> <hasRollingTobacco> <No> 1 1 1 1
<5102963> <hasRollingTobacco> <No> 1 1 1 1
<5103103> <hasRollingTobacco> <No> 1 1 1 1
<5103144> <hasRollingTobacco> <No> 1 1 1 1
<5103864> <hasRollingTobacco> <No> 1 1 1 1
<5104001> <hasRollingTobacco> <No> 1 1 1 1
<5104190> <hasRollingTobacco> <No> 1 1 1 1
<5104229> <hasRollingTobacco> <No> 1 1 1 1
<5104724> <hasRollingTobacco> <No> 1 1 1 1
<5105099> <hasRollingTobacco> <No> 1 1 1 1
<5105158> <hasRollingTobacco> <No> 1 1 1 1
<5105203> <hasRollingTobacco> <No> 1 1 1 1
<5106253> <hasRollingTobacco> <No> 1 1 1 1
<5106403> <hasRollingTobacco> <No> 1 1 1 1
<5106450> <hasRollingTobacco> <No> 1 1 1 1
<5106492> <hasRollingTobacco> <No> 1 1 1 1
<5106751> <hasRollingTobacco> <No> 1 1 1 1
<5107336> <hasRollingTobacco> <No> 1 1 1 1
<5107507> <hasRollingTobacco> <No> 1 1 1 1
<5107703> <hasRollingTobacco> <No> 1 1 1 1
<2813072> <hasRollingTobacco> <No> 1 1 1 1
<2903119> <hasRollingTobacco> <No> 1 1 1 1
<2917362> <hasRollingTobacco> <No> 1 1 1 1
<300588> <hasRollingTobacco> <No> 1 1 1 1
<301176> <hasRollingTobacco> <No> 1 1 1 1
<306952> <hasRollingTobacco> <No> 1 1 1 1
<316789> <hasRollingTobacco> <No> 1 1 1 1
<416495> <hasRollingTobacco> <No> 1 1 1 1
<416934> <hasRollingTobacco> <No> 1 1 1 1
<417242> <hasRollingTobacco> <No> 1 1 1 1
<5104120> <hasRollingTobacco> <No> 1 1 1 1
<5106873> <hasRollingTobacco> <Yes> 0 0 0 0
<5107111> <hasRollingTobacco> <No> 1 1 1 1
<5109585> <hasRollingTobacco> <No> 1 1 1 1
<5109724> <hasRollingTobacco> <No> 1 1 1 1
<5110400> <hasRollingTobacco> <No> 1 1 1 1
<5110404> <hasRollingTobacco> <No> 1 1 1 1
<5110838> <hasRollingTobacco> <No> 1 1 1 1
<5111782> <hasRollingTobacco> <No> 1 1 1 1
<5112125> <hasRollingTobacco> <No> 1 1 1 1
<5112269> <hasRollingTobacco> <No> 1 1 1 1
<5112958> <hasRollingTobacco> <No> 1 1 1 1
<5113385> <hasRollingTobacco> <No> 1 1 1 1
<5113487> <hasRollingTobacco> <No> 1 1 1 1
<5113887> <hasRollingTobacco> <No> 1 1 1 1
<5114576> <hasRollingTobacco> <No> 1 1 1 1
<5115686> <hasRollingTobacco> <No> 1 1 1 1
<5116142> <hasRollingTobacco> <No> 1 1 1 1
<5116959> <hasRollingTobacco> <No> 1 1 1 1
<5117422> <hasRollingTobacco> <No> 1 1 1 1
<512314> <hasRollingTobacco> <No> 1 1 1 1
<513744> <hasRollingTobacco> <No> 1 1 1 1
<5303093> <hasRollingTobacco> <No> 1 1 1 1
<5305174> <hasRollingTobacco> <No> 1 1 1 1
<5312261> <hasRollingTobacco> <No> 1 1 1 1
<5312326> <hasRollingTobacco> <No> 1 1 1 1
<5313306> <hasRollingTobacco> <No> 1 1 1 1
<5313802> <hasRollingTobacco> <No> 0 0 0 0
<5313896> <hasRollingTobacco> <No> 1 1 1 1
<5313953> <hasRollingTobacco> <No> 1 1 1 1
<5314106> <hasRollingTobacco> <No> 1 1 1 1
<5314810> <hasRollingTobacco> <No> 1 1 1 1
<5314901> <hasRollingTobacco> <No> 1 1 1 1
<5315116> <hasRollingTobacco> <No> 1 1 1 1
<5315332> <hasRollingTobacco> <No> 1 1 1 1
<5315400> <hasRollingTobacco> <No> 1 1 1 1
<5315548> <hasRollingTobacco> <No> 1 1 1 1
<5315610> <hasRollingTobacco> <No> 1 1 1 1
<5315648> <hasRollingTobacco> <No> 1 1 1 1
<5315767> <hasRollingTobacco> <No> 1 1 1 1
<5315821> <hasRollingTobacco> <No> 1 1 1 1
<5315872> <hasRollingTobacco> <No> 1 1 1 1
<5315911> <hasRollingTobacco> <No> 1 1 1 1
<5316048> <hasRollingTobacco> <No> 1 1 1 1
<5316060> <hasRollingTobacco> <No> 1 1 1 1
<5316061> <hasRollingTobacco> <No> 1 1 1 1
<5316300> <hasRollingTobacco> <No> 1 1 1 1
<5316489> <hasRollingTobacco> <No> 1 1 1 1
<5316516> <hasRollingTobacco> <No> 1 1 1 1
<5316538> <hasRollingTobacco> <No> 1 1 1 1
<5316661> <hasRollingTobacco> <No> 1 1 1 1
<5317230> <hasRollingTobacco> <No> 1 1 1 1
<5502711> <hasRollingTobacco> <No> 1 1 1 1
<5511084> <hasRollingTobacco> <No> 1 1 1 1
<5815159> <hasRollingTobacco> <No> 1 1 1 1
<6007011> <hasRollingTobacco> <No> 1 1 1 1
<6301801> <hasRollingTobacco> <No> 1 1 1 1
<6303489> <hasRollingTobacco> <No> 1 1 1 1
<6304786> <hasRollingTobacco> <No> 1 1 1 1
<6402102> <hasRollingTobacco> <Yes> 0 0 0 0
<7000349> <hasRollingTobacco> <No> 1 1 1 1
<7000382> <hasRollingTobacco> <No> 1 1 1 1
<7000483> <hasRollingTobacco> <No> 1 1 1 1
<7012914> <hasRollingTobacco> <No> 1 1 1 1
<701607> <hasRollingTobacco> <No> 1 1 1 1
<701645> <hasRollingTobacco> <No> 0 0 0 0
<701770> <hasRollingTobacco> <No> 1 1 1 1
<702952> <hasRollingTobacco> <No> 1 1 1 1
<703644> <hasRollingTobacco> <No> 1 1 1 1
<703827> <hasRollingTobacco> <No> 1 1 1 1
<705027> <hasRollingTobacco> <No> 1 1 1 1
<705933> <hasRollingTobacco> <No> 1 1 1 1
<706168> <hasRollingTobacco> <No> 1 1 1 1
<707679> <hasRollingTobacco> <No> 1 1 1 1
<709846> <hasRollingTobacco> <No> 1 1 1 1
<710825> <hasRollingTobacco> <No> 1 1 1 1
<7110317> <hasRollingTobacco> <No> 1 1 1 1
<7410073> <hasRollingTobacco> <Yes> 0 0 0 0
<901902> <hasRollingTobacco> <No> 1 1 1 1
<906926> <hasRollingTobacco> <No> 1 1 1 1
<911552> <hasRollingTobacco> <No> 1 1 1 1
<9416342> <hasRollingTobacco> <Yes> 2 2 1 1
<9708929> <hasRollingTobacco> <No> 1 1 1 1
<9709939> <hasRollingTobacco> <No> 1 1 1 1
<9710454> <hasRollingTobacco> <No> 1 1 1 1
<9711313> <hasRollingTobacco> <No> 1 1 1 1
<9711522> <hasRollingTobacco> <No> 1 1 1 1
<9711672> <hasRollingTobacco> <No> 1 1 1 1
<9910147> <hasRollingTobacco> <Yes> 0 0 0 0
<9911653> <hasRollingTobacco> <No> 1 1 1 1
<5109296> <hasRollingTobacco> <No> 1 1 1 1
<5113935> <hasRollingTobacco> <No> 1 1 1 1
<513691> <hasRollingTobacco> <No> 1 1 1 1
<5301422> <hasRollingTobacco> <No> 1 1 1 1
<5313581> <hasRollingTobacco> <No> 1 1 1 1
<5314380> <hasRollingTobacco> <No> 1 1 1 1
<5316268> <hasRollingTobacco> <No> 1 1 1 1
<5316881> <hasRollingTobacco> <No> 1 1 1 1
<5317386> <hasRollingTobacco> <No> 1 1 1 1
<6605848> <hasRollingTobacco> <No> 1 1 1 1
<7404349> <hasRollingTobacco> <No> 1 1 1 1
<900446> <hasRollingTobacco> <No> 1 1 1 1
<900447> <hasRollingTobacco> <No> 1 1 1 1
<110891> <hasRollingTobacco> <Yes> 0 0 0 0
<2100778> <hasRollingTobacco> <No> 1 1 1 1
<2902542> <hasRollingTobacco> <No> 1 1 1 1
<417399> <hasRollingTobacco> <No> 1 1 1 1
<9711719> <hasRollingTobacco> <No> 1 1 1 1
