<100391> <hasRace> <Caucasian> 0 0 0 0
<101435> <hasRace> <Caucasian> 0 0 0 0
<101715> <hasRace> <Caucasian> 0 0 0 0
<101828> <hasRace> <Caucasian> 0 0 0 0
<101934> <hasRace> <Caucasian> 0 0 0 0
<102082> <hasRace> <Caucasian> 0 0 0 0
<102366> <hasRace> <Caucasian> 0 0 0 0
<102935> <hasRace> <Caucasian> 0 0 0 0
<104476> <hasRace> <Caucasian> 0 0 0 0
<10600739> <hasRace> <Caucasian> 0 0 0 0
<10601210> <hasRace> <Caucasian> 0 0 0 0
<10607059> <hasRace> <Caucasian> 0 0 0 0
<10612122> <hasRace> <Latin> 0 0 0 0
<10612130> <hasRace> <Caucasian> 0 0 0 0
<10612175> <hasRace> <Latin> 0 0 0 0
<10616110> <hasRace> <Latin> 0 0 0 0
<108007> <hasRace> <Caucasian> 0 0 0 0
<10800998> <hasRace> <Caucasian> 0 0 0 0
<10800999> <hasRace> <Caucasian> 0 0 0 0
<10802687> <hasRace> <Caucasian> 0 0 0 0
<10803412> <hasRace> <Caucasian> 0 0 0 0
<10815371> <hasRace> <Caucasian> 0 0 0 0
<10815687> <hasRace> <Caucasian> 0 0 0 0
<10815705> <hasRace> <Caucasian> 0 0 0 0
<10816217> <hasRace> <Caucasian> 0 0 0 0
<10816593> <hasRace> <Caucasian> 0 0 0 0
<109253> <hasRace> <Caucasian> 0 0 0 0
<109269> <hasRace> <Caucasian> 0 0 0 0
<109509> <hasRace> <Caucasian> 0 0 0 0
<10612593> <hasRace> <Caucasian> 0 0 0 0
<10615937> <hasRace> <Latin> 0 0 0 0
<109875> <hasRace> <Caucasian> 0 0 0 0
<110868> <hasRace> <Caucasian> 0 0 0 0
<111482> <hasRace> <Caucasian> 0 0 0 0
<111992> <hasRace> <Caucasian> 0 0 0 0
<112542> <hasRace> <Caucasian> 0 0 0 0
<112833> <hasRace> <Caucasian> 0 0 0 0
<11311945> <hasRace> <Caucasian> 0 0 0 0
<11312376> <hasRace> <Caucasian> 0 0 0 0
<11312467> <hasRace> <Caucasian> 0 0 0 0
<11317173> <hasRace> <Caucasian> 0 0 0 0
<11405659> <hasRace> <Caucasian> 0 0 0 0
<11405715> <hasRace> <Caucasian> 0 0 0 0
<11405738> <hasRace> <Caucasian> 0 0 0 0
<11405986> <hasRace> <Caucasian> 0 0 0 0
<11405994> <hasRace> <Caucasian> 0 0 0 0
<116536> <hasRace> <Caucasian> 0 0 0 0
<11911323> <hasRace> <Caucasian> 0 0 0 0
<11911407> <hasRace> <Caucasian> 0 0 0 0
<11911749> <hasRace> <Caucasian> 0 0 0 0
<11911962> <hasRace> <Caucasian> 0 0 0 0
<11913098> <hasRace> <Caucasian> 0 0 0 0
<1200076> <hasRace> <Caucasian> 0 0 0 0
<1200518> <hasRace> <Caucasian> 0 0 0 0
<1200717> <hasRace> <Caucasian> 0 0 0 0
<1200947> <hasRace> <Caucasian> 0 0 0 0
<1200949> <hasRace> <Caucasian> 0 0 0 0
<1200984> <hasRace> <Caucasian> 0 0 0 0
<1201892> <hasRace> <Caucasian> 0 0 0 0
<1201967> <hasRace> <Caucasian> 0 0 0 0
<1202148> <hasRace> <Caucasian> 0 0 0 0
<1213175> <hasRace> <Caucasian> 0 0 0 0
<1213938> <hasRace> <Caucasian> 0 0 0 0
<1214805> <hasRace> <Caucasian> 0 0 0 0
<1214875> <hasRace> <Caucasian> 0 0 0 0
<1214999> <hasRace> <Caucasian> 0 0 0 0
<1215244> <hasRace> <Caucasian> 0 0 0 0
<1215702> <hasRace> <Caucasian> 0 0 0 0
<1216113> <hasRace> <Caucasian> 0 0 0 0
<1216817> <hasRace> <Caucasian> 0 0 0 0
<12913863> <hasRace> <Caucasian> 0 0 0 0
<12914154> <hasRace> <Caucasian> 0 0 0 0
<12914270> <hasRace> <Caucasian> 0 0 0 0
<12914279> <hasRace> <Caucasian> 0 0 0 0
<12914319> <hasRace> <Caucasian> 0 0 0 0
<12914346> <hasRace> <Caucasian> 0 0 0 0
<12914464> <hasRace> <Caucasian> 0 0 0 0
<12914471> <hasRace> <Caucasian> 0 0 0 0
<12914740> <hasRace> <Caucasian> 0 0 0 0
<12914742> <hasRace> <Caucasian> 0 0 0 0
<12915109> <hasRace> <Caucasian> 0 0 0 0
<1215799> <hasRace> <Caucasian> 0 0 0 0
<12914232> <hasRace> <Caucasian> 0 0 0 0
<1300146> <hasRace> <Caucasian> 0 0 0 0
<1300445> <hasRace> <Caucasian> 0 0 0 0
<1300492> <hasRace> <Caucasian> 0 0 0 0
<1300789> <hasRace> <Caucasian> 0 0 0 0
<1300897> <hasRace> <Caucasian> 0 0 0 0
<1301887> <hasRace> <Caucasian> 0 0 0 0
<1302061> <hasRace> <Caucasian> 0 0 0 0
<1302930> <hasRace> <Caucasian> 0 0 0 0
<1303640> <hasRace> <Caucasian> 0 0 0 0
<1304712> <hasRace> <Caucasian> 0 0 0 0
<1305453> <hasRace> <Caucasian> 0 0 0 0
<1305528> <hasRace> <Caucasian> 0 0 0 0
<1305539> <hasRace> <Caucasian> 0 0 0 0
<1305597> <hasRace> <Caucasian> 0 0 0 0
<1305679> <hasRace> <Caucasian> 0 0 0 0
<1305852> <hasRace> <Caucasian> 0 0 0 0
<1306020> <hasRace> <Caucasian> 0 0 0 0
<1306118> <hasRace> <Caucasian> 0 0 0 0
<1306144> <hasRace> <Caucasian> 0 0 0 0
<1306145> <hasRace> <Caucasian> 0 0 0 0
<1306182> <hasRace> <Caucasian> 0 0 0 0
<1300683> <hasRace> <Caucasian> 0 0 0 0
<1306061> <hasRace> <Caucasian> 0 0 0 0
<1306327> <hasRace> <Caucasian> 0 0 0 0
<1306362> <hasRace> <Caucasian> 0 0 0 0
<1306635> <hasRace> <Caucasian> 0 0 0 0
<1306716> <hasRace> <Caucasian> 0 0 0 0
<1309485> <hasRace> <Caucasian> 0 0 0 0
<1310041> <hasRace> <Caucasian> 0 0 0 0
<1310539> <hasRace> <Caucasian> 0 0 0 0
<1310581> <hasRace> <Caucasian> 0 0 0 0
<1311210> <hasRace> <Caucasian> 0 0 0 0
<1311539> <hasRace> <Caucasian> 0 0 0 0
<1312861> <hasRace> <Caucasian> 0 0 0 0
<1313265> <hasRace> <Caucasian> 0 0 0 0
<1313467> <hasRace> <Caucasian> 0 0 0 0
<1314568> <hasRace> <Caucasian> 0 0 0 0
<1314608> <hasRace> <Caucasian> 0 0 0 0
<1314710> <hasRace> <Caucasian> 0 0 0 0
<1314809> <hasRace> <Caucasian> 0 0 0 0
<1314842> <hasRace> <Caucasian> 0 0 0 0
<1314914> <hasRace> <Caucasian> 0 0 0 0
<1314950> <hasRace> <Caucasian> 0 0 0 0
<1314967> <hasRace> <Caucasian> 0 0 0 0
<1314575> <hasRace> <Caucasian> 0 0 0 0
<1314808> <hasRace> <Caucasian> 0 0 0 0
<1315083> <hasRace> <Caucasian> 0 0 0 0
<1315141> <hasRace> <Caucasian> 0 0 0 0
<1315226> <hasRace> <Caucasian> 0 0 0 0
<1315292> <hasRace> <Caucasian> 0 0 0 0
<1315392> <hasRace> <Latin> 0 0 0 0
<1315419> <hasRace> <Caucasian> 0 0 0 0
<1316912> <hasRace> <Caucasian> 0 0 0 0
<14700263> <hasRace> <Caucasian> 0 0 0 0
<14706816> <hasRace> <Caucasian> 0 0 0 0
<14715892> <hasRace> <Caucasian> 0 0 0 0
<1500600> <hasRace> <Caucasian> 0 0 0 0
<1500601> <hasRace> <Caucasian> 0 0 0 0
<1500844> <hasRace> <Caucasian> 0 0 0 0
<1500957> <hasRace> <Caucasian> 0 0 0 0
<1501038> <hasRace> <Caucasian> 0 0 0 0
<1503663> <hasRace> <Caucasian> 0 0 0 0
<1504180> <hasRace> <Caucasian> 0 0 0 0
<1500705> <hasRace> <Caucasian> 0 0 0 0
<1507242> <hasRace> <Caucasian> 0 0 0 0
<1509309> <hasRace> <Caucasian> 0 0 0 0
<1509345> <hasRace> <Caucasian> 0 0 0 0
<1509414> <hasRace> <Caucasian> 0 0 0 0
<1509566> <hasRace> <Caucasian> 0 0 0 0
<1509751> <hasRace> <Caucasian> 0 0 0 0
<1509771> <hasRace> <Caucasian> 0 0 0 0
<1510275> <hasRace> <Caucasian> 0 0 0 0
<1511053> <hasRace> <Caucasian> 0 0 0 0
<1511090> <hasRace> <Caucasian> 0 0 0 0
<1511125> <hasRace> <Caucasian> 0 0 0 0
<1511176> <hasRace> <Caucasian> 0 0 0 0
<1511185> <hasRace> <Caucasian> 0 0 0 0
<1513006> <hasRace> <Caucasian> 0 0 0 0
<1514207> <hasRace> <Caucasian> 0 0 0 0
<1514714> <hasRace> <Caucasian> 0 0 0 0
<1516162> <hasRace> <Caucasian> 0 0 0 0
<1516768> <hasRace> <Caucasian> 0 0 0 0
<15700354> <hasRace> <Caucasian> 0 0 0 0
<15700571> <hasRace> <Caucasian> 0 0 0 0
<15701728> <hasRace> <Caucasian> 0 0 0 0
<15703027> <hasRace> <Caucasian> 0 0 0 0
<15703035> <hasRace> <Caucasian> 0 0 0 0
<15703036> <hasRace> <Caucasian> 0 0 0 0
<15706134> <hasRace> <Caucasian> 0 0 0 0
<15706137> <hasRace> <Caucasian> 0 0 0 0
<15706382> <hasRace> <Caucasian> 0 0 0 0
<1516209> <hasRace> <Caucasian> 0 0 0 0
<1516740> <hasRace> <Caucasian> 0 0 0 0
<1516767> <hasRace> <Caucasian> 0 0 0 0
<15704696> <hasRace> <Caucasian> 0 0 0 0
<15706098> <hasRace> <Caucasian> 0 0 0 0
<15706419> <hasRace> <Caucasian> 0 0 0 0
<15706424> <hasRace> <Latin> 0 0 0 0
<15709804> <hasRace> <Caucasian> 0 0 0 0
<15709816> <hasRace> <Caucasian> 0 0 0 0
<15710136> <hasRace> <Caucasian> 0 0 0 0
<15714635> <hasRace> <Caucasian> 0 0 0 0
<15714657> <hasRace> <Caucasian> 0 0 0 0
<15715021> <hasRace> <Caucasian> 0 0 0 0
<15717530> <hasRace> <Caucasian> 0 0 0 0
<15717533> <hasRace> <Caucasian> 0 0 0 0
<201570> <hasRace> <Caucasian> 0 0 0 0
<201602> <hasRace> <Caucasian> 0 0 0 0
<201605> <hasRace> <Caucasian> 0 0 0 0
<201798> <hasRace> <Caucasian> 0 0 0 0
<201844> <hasRace> <Caucasian> 0 0 0 0
<201942> <hasRace> <Caucasian> 0 0 0 0
<202022> <hasRace> <Caucasian> 0 0 0 0
<202075> <hasRace> <Caucasian> 0 0 0 0
<202078> <hasRace> <Caucasian> 0 0 0 0
<202087> <hasRace> <Caucasian> 0 0 0 0
<202177> <hasRace> <Caucasian> 0 0 0 0
<202342> <hasRace> <Caucasian> 0 0 0 0
<202511> <hasRace> <Caucasian> 0 0 0 0
<202785> <hasRace> <Caucasian> 0 0 0 0
<201483> <hasRace> <Caucasian> 0 0 0 0
<202607> <hasRace> <Caucasian> 0 0 0 0
<203196> <hasRace> <Caucasian> 0 0 0 0
<203253> <hasRace> <Caucasian> 0 0 0 0
<203377> <hasRace> <Caucasian> 0 0 0 0
<203389> <hasRace> <Caucasian> 0 0 0 0
<203539> <hasRace> <Caucasian> 0 0 0 0
<203746> <hasRace> <Caucasian> 0 0 0 0
<203792> <hasRace> <Caucasian> 0 0 0 0
<204020> <hasRace> <Caucasian> 0 0 0 0
<204214> <hasRace> <Other> 0 0 0 0
<204215> <hasRace> <Caucasian> 0 0 0 0
<204278> <hasRace> <Caucasian> 0 0 0 0
<204320> <hasRace> <Caucasian> 0 0 0 0
<204405> <hasRace> <Caucasian> 0 0 0 0
<204481> <hasRace> <Caucasian> 0 0 0 0
<204926> <hasRace> <Caucasian> 0 0 0 0
<205015> <hasRace> <Caucasian> 0 0 0 0
<205116> <hasRace> <Caucasian> 0 0 0 0
<205479> <hasRace> <Caucasian> 0 0 0 0
<205503> <hasRace> <Caucasian> 0 0 0 0
<205572> <hasRace> <Caucasian> 0 0 0 0
<205893> <hasRace> <Caucasian> 0 0 0 0
<206085> <hasRace> <Caucasian> 0 0 0 0
<206152> <hasRace> <Caucasian> 0 0 0 0
<206328> <hasRace> <Caucasian> 0 0 0 0
<206514> <hasRace> <Caucasian> 0 0 0 0
<206740> <hasRace> <Caucasian> 0 0 0 0
<206786> <hasRace> <Caucasian> 0 0 0 0
<207224> <hasRace> <Caucasian> 0 0 0 0
<207297> <hasRace> <Caucasian> 0 0 0 0
<207914> <hasRace> <Caucasian> 0 0 0 0
<203596> <hasRace> <Caucasian> 0 0 0 0
<204341> <hasRace> <Caucasian> 0 0 0 0
<207227> <hasRace> <Caucasian> 0 0 0 0
<208630> <hasRace> <Caucasian> 0 0 0 0
<208888> <hasRace> <Caucasian> 0 0 0 0
<209456> <hasRace> <Caucasian> 0 0 0 0
<209490> <hasRace> <Caucasian> 0 0 0 0
<209734> <hasRace> <Caucasian> 0 0 0 0
<209924> <hasRace> <Caucasian> 0 0 0 0
<2100628> <hasRace> <Caucasian> 0 0 0 0
<2100677> <hasRace> <Caucasian> 0 0 0 0
<2100728> <hasRace> <Caucasian> 0 0 0 0
<2100951> <hasRace> <Caucasian> 0 0 0 0
<2100974> <hasRace> <Caucasian> 0 0 0 0
<2101039> <hasRace> <Caucasian> 0 0 0 0
<2101072> <hasRace> <Caucasian> 0 0 0 0
<2101202> <hasRace> <Caucasian> 0 0 0 0
<210155> <hasRace> <Caucasian> 0 0 0 0
<210156> <hasRace> <Caucasian> 0 0 0 0
<210178> <hasRace> <Caucasian> 0 0 0 0
<2102765> <hasRace> <Caucasian> 0 0 0 0
<2102839> <hasRace> <Caucasian> 0 0 0 0
<2103473> <hasRace> <Caucasian> 0 0 0 0
<2103750> <hasRace> <Caucasian> 0 0 0 0
<2104017> <hasRace> <Caucasian> 0 0 0 0
<2104237> <hasRace> <Caucasian> 0 0 0 0
<2107236> <hasRace> <Caucasian> 0 0 0 0
<2107254> <hasRace> <Caucasian> 0 0 0 0
<211072> <hasRace> <Caucasian> 0 0 0 0
<2110957> <hasRace> <Caucasian> 0 0 0 0
<2101035> <hasRace> <African> 0 0 0 0
<208039> <hasRace> <Caucasian> 0 0 0 0
<209239> <hasRace> <Caucasian> 0 0 0 0
<211345> <hasRace> <Caucasian> 0 0 0 0
<2115546> <hasRace> <Caucasian> 0 0 0 0
<2115766> <hasRace> <Latin> 0 0 0 0
<211810> <hasRace> <Caucasian> 0 0 0 0
<212151> <hasRace> <Caucasian> 0 0 0 0
<212409> <hasRace> <Caucasian> 0 0 0 0
<212508> <hasRace> <Caucasian> 0 0 0 0
<212570> <hasRace> <Caucasian> 0 0 0 0
<212682> <hasRace> <Caucasian> 0 0 0 0
<212763> <hasRace> <Caucasian> 0 0 0 0
<212827> <hasRace> <Caucasian> 0 0 0 0
<212906> <hasRace> <Caucasian> 0 0 0 0
<212927> <hasRace> <Caucasian> 0 0 0 0
<213432> <hasRace> <Caucasian> 0 0 0 0
<213742> <hasRace> <Caucasian> 0 0 0 0
<213811> <hasRace> <Caucasian> 0 0 0 0
<215333> <hasRace> <Caucasian> 0 0 0 0
<217116> <hasRace> <Caucasian> 0 0 0 0
<2300037> <hasRace> <Caucasian> 0 0 0 0
<2300124> <hasRace> <Latin> 0 0 0 0
<2302050> <hasRace> <Caucasian> 0 0 0 0
<215275> <hasRace> <Caucasian> 0 0 0 0
<2302790> <hasRace> <Caucasian> 0 0 0 0
<2303157> <hasRace> <Caucasian> 0 0 0 0
<2303589> <hasRace> <Caucasian> 0 0 0 0
<2303793> <hasRace> <Caucasian> 0 0 0 0
<2303892> <hasRace> <Caucasian> 0 0 0 0
<2304423> <hasRace> <Caucasian> 0 0 0 0
<2304455> <hasRace> <Caucasian> 0 0 0 0
<2304710> <hasRace> <Caucasian> 0 0 0 0
<2304825> <hasRace> <Caucasian> 0 0 0 0
<2304915> <hasRace> <Caucasian> 0 0 0 0
<2305059> <hasRace> <Caucasian> 0 0 0 0
<2305197> <hasRace> <Caucasian> 0 0 0 0
<2305242> <hasRace> <Caucasian> 0 0 0 0
<2305244> <hasRace> <Caucasian> 0 0 0 0
<2306177> <hasRace> <Caucasian> 0 0 0 0
<2306987> <hasRace> <Caucasian> 0 0 0 0
<2307314> <hasRace> <Caucasian> 0 0 0 0
<2307332> <hasRace> <Caucasian> 0 0 0 0
<2309998> <hasRace> <Caucasian> 0 0 0 0
<2310177> <hasRace> <Caucasian> 0 0 0 0
<2310701> <hasRace> <Caucasian> 0 0 0 0
<2311995> <hasRace> <Caucasian> 0 0 0 0
<2312380> <hasRace> <Caucasian> 0 0 0 0
<2312395> <hasRace> <Caucasian> 0 0 0 0
<2312516> <hasRace> <Caucasian> 0 0 0 0
<2312812> <hasRace> <Caucasian> 0 0 0 0
<2403488> <hasRace> <Caucasian> 0 0 0 0
<2307406> <hasRace> <Caucasian> 0 0 0 0
<2405884> <hasRace> <Caucasian> 0 0 0 0
<2510439> <hasRace> <Caucasian> 0 0 0 0
<2513350> <hasRace> <Caucasian> 0 0 0 0
<2801985> <hasRace> <Caucasian> 0 0 0 0
<2803714> <hasRace> <Caucasian> 0 0 0 0
<2804343> <hasRace> <Caucasian> 0 0 0 0
<2804688> <hasRace> <Caucasian> 0 0 0 0
<2804773> <hasRace> <Caucasian> 0 0 0 0
<2806033> <hasRace> <Caucasian> 0 0 0 0
<2806248> <hasRace> <Caucasian> 0 0 0 0
<2806622> <hasRace> <Caucasian> 0 0 0 0
<2806968> <hasRace> <Caucasian> 0 0 0 0
<2807337> <hasRace> <Caucasian> 0 0 0 0
<2807407> <hasRace> <Caucasian> 0 0 0 0
<2807683> <hasRace> <Caucasian> 0 0 0 0
<2808231> <hasRace> <Caucasian> 0 0 0 0
<2808358> <hasRace> <Caucasian> 0 0 0 0
<2808588> <hasRace> <Caucasian> 0 0 0 0
<2808648> <hasRace> <Caucasian> 0 0 0 0
<2808667> <hasRace> <Caucasian> 0 0 0 0
<2808679> <hasRace> <Caucasian> 0 0 0 0
<2808922> <hasRace> <Caucasian> 0 0 0 0
<2809260> <hasRace> <Caucasian> 0 0 0 0
<2809271> <hasRace> <Caucasian> 0 0 0 0
<2809366> <hasRace> <Caucasian> 0 0 0 0
<2809379> <hasRace> <Caucasian> 0 0 0 0
<2810603> <hasRace> <Caucasian> 0 0 0 0
<2810617> <hasRace> <Caucasian> 0 0 0 0
<2810992> <hasRace> <Caucasian> 0 0 0 0
<2801917> <hasRace> <Caucasian> 0 0 0 0
<2804179> <hasRace> <Caucasian> 0 0 0 0
<2806180> <hasRace> <Caucasian> 0 0 0 0
<2811260> <hasRace> <Caucasian> 0 0 0 0
<2811307> <hasRace> <Caucasian> 0 0 0 0
<2811836> <hasRace> <Caucasian> 0 0 0 0
<2815303> <hasRace> <Caucasian> 0 0 0 0
<2815313> <hasRace> <Caucasian> 0 0 0 0
<2815318> <hasRace> <Caucasian> 0 0 0 0
<2816458> <hasRace> <Caucasian> 0 0 0 0
<2816464> <hasRace> <Caucasian> 0 0 0 0
<2816524> <hasRace> <Caucasian> 0 0 0 0
<2900485> <hasRace> <Caucasian> 0 0 0 0
<2900535> <hasRace> <Caucasian> 0 0 0 0
<2901449> <hasRace> <Caucasian> 0 0 0 0
<2902450> <hasRace> <Caucasian> 0 0 0 0
<2902524> <hasRace> <Caucasian> 0 0 0 0
<2902529> <hasRace> <Caucasian> 0 0 0 0
<2903116> <hasRace> <Caucasian> 0 0 0 0
<2903137> <hasRace> <Caucasian> 0 0 0 0
<2903699> <hasRace> <Caucasian> 0 0 0 0
<2903717> <hasRace> <Caucasian> 0 0 0 0
<2904036> <hasRace> <Caucasian> 0 0 0 0
<2904306> <hasRace> <Caucasian> 0 0 0 0
<2906749> <hasRace> <Caucasian> 0 0 0 0
<2908357> <hasRace> <Caucasian> 0 0 0 0
<2916022> <hasRace> <Caucasian> 0 0 0 0
<2916077> <hasRace> <Caucasian> 0 0 0 0
<2917351> <hasRace> <Caucasian> 0 0 0 0
<2917352> <hasRace> <Caucasian> 0 0 0 0
<2917366> <hasRace> <Caucasian> 0 0 0 0
<2917473> <hasRace> <Caucasian> 0 0 0 0
<2811736> <hasRace> <Caucasian> 0 0 0 0
<2811959> <hasRace> <Caucasian> 0 0 0 0
<2900878> <hasRace> <Caucasian> 0 0 0 0
<2914772> <hasRace> <Caucasian> 0 0 0 0
<2917502> <hasRace> <Caucasian> 0 0 0 0
<300328> <hasRace> <Caucasian> 0 0 0 0
<3006430> <hasRace> <Caucasian> 0 0 0 0
<3006806> <hasRace> <Caucasian> 0 0 0 0
<3007186> <hasRace> <Caucasian> 0 0 0 0
<3007569> <hasRace> <Caucasian> 0 0 0 0
<301015> <hasRace> <Caucasian> 0 0 0 0
<301091> <hasRace> <Caucasian> 0 0 0 0
<3011404> <hasRace> <Caucasian> 0 0 0 0
<3012673> <hasRace> <Caucasian> 0 0 0 0
<301379> <hasRace> <Caucasian> 0 0 0 0
<301984> <hasRace> <Caucasian> 0 0 0 0
<302629> <hasRace> <Caucasian> 0 0 0 0
<302640> <hasRace> <Caucasian> 0 0 0 0
<303372> <hasRace> <Caucasian> 0 0 0 0
<303674> <hasRace> <Caucasian> 0 0 0 0
<304748> <hasRace> <Caucasian> 0 0 0 0
<304751> <hasRace> <Caucasian> 0 0 0 0
<304781> <hasRace> <Caucasian> 0 0 0 0
<304945> <hasRace> <Caucasian> 0 0 0 0
<305191> <hasRace> <Caucasian> 0 0 0 0
<306094> <hasRace> <Caucasian> 0 0 0 0
<306669> <hasRace> <Caucasian> 0 0 0 0
<306951> <hasRace> <Caucasian> 0 0 0 0
<307058> <hasRace> <Caucasian> 0 0 0 0
<311427> <hasRace> <Caucasian> 0 0 0 0
<311444> <hasRace> <Caucasian> 0 0 0 0
<311587> <hasRace> <Caucasian> 0 0 0 0
<311595> <hasRace> <Caucasian> 0 0 0 0
<311640> <hasRace> <Caucasian> 0 0 0 0
<311682> <hasRace> <Caucasian> 0 0 0 0
<313032> <hasRace> <Caucasian> 0 0 0 0
<316447> <hasRace> <Caucasian> 0 0 0 0
<317155> <hasRace> <Caucasian> 0 0 0 0
<317438> <hasRace> <Caucasian> 0 0 0 0
<3306041> <hasRace> <Caucasian> 0 0 0 0
<3306161> <hasRace> <Caucasian> 0 0 0 0
<3308062> <hasRace> <Caucasian> 0 0 0 0
<3404230> <hasRace> <Caucasian> 0 0 0 0
<306852> <hasRace> <Caucasian> 0 0 0 0
<307630> <hasRace> <Caucasian> 0 0 0 0
<309882> <hasRace> <Caucasian> 0 0 0 0
<311428> <hasRace> <Caucasian> 0 0 0 0
<311479> <hasRace> <Caucasian> 0 0 0 0
<311673> <hasRace> <Caucasian> 0 0 0 0
<3307209> <hasRace> <Caucasian> 0 0 0 0
<3404392> <hasRace> <Caucasian> 0 0 0 0
<3404590> <hasRace> <Caucasian> 0 0 0 0
<3404803> <hasRace> <Caucasian> 0 0 0 0
<3405320> <hasRace> <Caucasian> 0 0 0 0
<3406729> <hasRace> <Caucasian> 0 0 0 0
<3406974> <hasRace> <Caucasian> 0 0 0 0
<3408299> <hasRace> <Caucasian> 0 0 0 0
<3507674> <hasRace> <Caucasian> 0 0 0 0
<3507867> <hasRace> <Caucasian> 0 0 0 0
<3508802> <hasRace> <Caucasian> 0 0 0 0
<3508860> <hasRace> <Caucasian> 0 0 0 0
<3508881> <hasRace> <Caucasian> 0 0 0 0
<3508916> <hasRace> <Caucasian> 0 0 0 0
<3509110> <hasRace> <Caucasian> 0 0 0 0
<3509116> <hasRace> <Caucasian> 0 0 0 0
<3509361> <hasRace> <Caucasian> 0 0 0 0
<3510124> <hasRace> <Caucasian> 0 0 0 0
<3510319> <hasRace> <Caucasian> 0 0 0 0
<3510411> <hasRace> <Caucasian> 0 0 0 0
<3510920> <hasRace> <Caucasian> 0 0 0 0
<3510987> <hasRace> <Caucasian> 0 0 0 0
<3511338> <hasRace> <Caucasian> 0 0 0 0
<3407382> <hasRace> <Caucasian> 0 0 0 0
<3413957> <hasRace> <Caucasian> 0 0 0 0
<3507611> <hasRace> <Caucasian> 0 0 0 0
<3510211> <hasRace> <Caucasian> 0 0 0 0
<3514526> <hasRace> <Caucasian> 0 0 0 0
<3602417> <hasRace> <Caucasian> 0 0 0 0
<3602430> <hasRace> <Caucasian> 0 0 0 0
<3703237> <hasRace> <Caucasian> 0 0 0 0
<3704934> <hasRace> <Caucasian> 0 0 0 0
<3801512> <hasRace> <Caucasian> 0 0 0 0
<3801525> <hasRace> <Caucasian> 0 0 0 0
<3801837> <hasRace> <Caucasian> 0 0 0 0
<3811766> <hasRace> <Caucasian> 0 0 0 0
<3812104> <hasRace> <Caucasian> 0 0 0 0
<3812386> <hasRace> <Caucasian> 0 0 0 0
<407495> <hasRace> <Caucasian> 0 0 0 0
<407636> <hasRace> <Caucasian> 0 0 0 0
<408751> <hasRace> <Caucasian> 0 0 0 0
<408808> <hasRace> <Caucasian> 0 0 0 0
<409331> <hasRace> <Caucasian> 0 0 0 0
<409343> <hasRace> <Caucasian> 0 0 0 0
<409529> <hasRace> <Caucasian> 0 0 0 0
<409614> <hasRace> <Caucasian> 0 0 0 0
<409647> <hasRace> <Caucasian> 0 0 0 0
<409764> <hasRace> <Caucasian> 0 0 0 0
<409843> <hasRace> <Caucasian> 0 0 0 0
<409861> <hasRace> <Caucasian> 0 0 0 0
<409877> <hasRace> <Caucasian> 0 0 0 0
<3704286> <hasRace> <Caucasian> 0 0 0 0
<3801515> <hasRace> <Caucasian> 0 0 0 0
<409930> <hasRace> <Caucasian> 0 0 0 0
<410004> <hasRace> <Caucasian> 0 0 0 0
<410022> <hasRace> <Caucasian> 0 0 0 0
<410075> <hasRace> <Caucasian> 0 0 0 0
<410096> <hasRace> <Caucasian> 0 0 0 0
<410097> <hasRace> <Caucasian> 0 0 0 0
<410116> <hasRace> <Caucasian> 0 0 0 0
<410130> <hasRace> <Caucasian> 0 0 0 0
<410212> <hasRace> <Caucasian> 0 0 0 0
<410260> <hasRace> <Caucasian> 0 0 0 0
<410261> <hasRace> <Caucasian> 0 0 0 0
<410271> <hasRace> <Caucasian> 0 0 0 0
<410294> <hasRace> <Caucasian> 0 0 0 0
<411448> <hasRace> <Caucasian> 0 0 0 0
<411544> <hasRace> <Caucasian> 0 0 0 0
<412731> <hasRace> <Caucasian> 0 0 0 0
<412991> <hasRace> <Caucasian> 0 0 0 0
<412995> <hasRace> <Caucasian> 0 0 0 0
<413017> <hasRace> <Caucasian> 0 0 0 0
<413477> <hasRace> <Caucasian> 0 0 0 0
<415739> <hasRace> <Caucasian> 0 0 0 0
<415875> <hasRace> <Caucasian> 0 0 0 0
<415976> <hasRace> <Caucasian> 0 0 0 0
<416036> <hasRace> <Caucasian> 0 0 0 0
<416390> <hasRace> <Caucasian> 0 0 0 0
<416397> <hasRace> <Caucasian> 0 0 0 0
<416492> <hasRace> <Caucasian> 0 0 0 0
<416671> <hasRace> <Caucasian> 0 0 0 0
<415726> <hasRace> <Caucasian> 0 0 0 0
<416798> <hasRace> <Caucasian> 0 0 0 0
<416964> <hasRace> <Caucasian> 0 0 0 0
<417133> <hasRace> <Caucasian> 0 0 0 0
<417273> <hasRace> <Caucasian> 0 0 0 0
<417277> <hasRace> <Caucasian> 0 0 0 0
<417287> <hasRace> <Caucasian> 0 0 0 0
<417373> <hasRace> <Caucasian> 0 0 0 0
<417397> <hasRace> <Caucasian> 0 0 0 0
<417514> <hasRace> <Caucasian> 0 0 0 0
<4201534> <hasRace> <Caucasian> 0 0 0 0
<4205843> <hasRace> <Caucasian> 0 0 0 0
<4305831> <hasRace> <Caucasian> 0 0 0 0
<4313378> <hasRace> <Caucasian> 0 0 0 0
<4601108> <hasRace> <Caucasian> 0 0 0 0
<4602328> <hasRace> <Caucasian> 0 0 0 0
<4604105> <hasRace> <Caucasian> 0 0 0 0
<4607096> <hasRace> <Caucasian> 0 0 0 0
<4608363> <hasRace> <Caucasian> 0 0 0 0
<4608612> <hasRace> <Caucasian> 0 0 0 0
<4613405> <hasRace> <Caucasian> 0 0 0 0
<417014> <hasRace> <Caucasian> 0 0 0 0
<4313328> <hasRace> <Caucasian> 0 0 0 0
<4611306> <hasRace> <Caucasian> 0 0 0 0
<4615213> <hasRace> <Caucasian> 0 0 0 0
<4910676> <hasRace> <Caucasian> 0 0 0 0
<4910731> <hasRace> <Caucasian> 0 0 0 0
<4910743> <hasRace> <Caucasian> 0 0 0 0
<4910775> <hasRace> <Caucasian> 0 0 0 0
<4910896> <hasRace> <Caucasian> 0 0 0 0
<4910897> <hasRace> <Caucasian> 0 0 0 0
<4910974> <hasRace> <Caucasian> 0 0 0 0
<4911130> <hasRace> <Caucasian> 0 0 0 0
<501246> <hasRace> <Caucasian> 0 0 0 0
<501253> <hasRace> <Caucasian> 0 0 0 0
<501256> <hasRace> <Caucasian> 0 0 0 0
<501286> <hasRace> <Caucasian> 0 0 0 0
<501314> <hasRace> <Caucasian> 0 0 0 0
<501331> <hasRace> <Caucasian> 0 0 0 0
<501337> <hasRace> <Caucasian> 0 0 0 0
<501401> <hasRace> <Caucasian> 0 0 0 0
<503086> <hasRace> <Caucasian> 0 0 0 0
<503172> <hasRace> <Caucasian> 0 0 0 0
<503175> <hasRace> <Caucasian> 0 0 0 0
<4910796> <hasRace> <Caucasian> 0 0 0 0
<503397> <hasRace> <Caucasian> 0 0 0 0
<503423> <hasRace> <Caucasian> 0 0 0 0
<503805> <hasRace> <Caucasian> 0 0 0 0
<503876> <hasRace> <Latin> 0 0 0 0
<503946> <hasRace> <Caucasian> 0 0 0 0
<503971> <hasRace> <Latin> 0 0 0 0
<503994> <hasRace> <Caucasian> 0 0 0 0
<504130> <hasRace> <Caucasian> 0 0 0 0
<507477> <hasRace> <Caucasian> 0 0 0 0
<507482> <hasRace> <Caucasian> 0 0 0 0
<507489> <hasRace> <Caucasian> 0 0 0 0
<507522> <hasRace> <Caucasian> 0 0 0 0
<507654> <hasRace> <Caucasian> 0 0 0 0
<507728> <hasRace> <Caucasian> 0 0 0 0
<507784> <hasRace> <Caucasian> 0 0 0 0
<507796> <hasRace> <Caucasian> 0 0 0 0
<507905> <hasRace> <Caucasian> 0 0 0 0
<508012> <hasRace> <Caucasian> 0 0 0 0
<508035> <hasRace> <Caucasian> 0 0 0 0
<508041> <hasRace> <Caucasian> 0 0 0 0
<508168> <hasRace> <Caucasian> 0 0 0 0
<508190> <hasRace> <Caucasian> 0 0 0 0
<508198> <hasRace> <Caucasian> 0 0 0 0
<508200> <hasRace> <Caucasian> 0 0 0 0
<508229> <hasRace> <Caucasian> 0 0 0 0
<508232> <hasRace> <Caucasian> 0 0 0 0
<508290> <hasRace> <Caucasian> 0 0 0 0
<508374> <hasRace> <Caucasian> 0 0 0 0
<508446> <hasRace> <Caucasian> 0 0 0 0
<508488> <hasRace> <Caucasian> 0 0 0 0
<508499> <hasRace> <Caucasian> 0 0 0 0
<508538> <hasRace> <Caucasian> 0 0 0 0
<508549> <hasRace> <Caucasian> 0 0 0 0
<508555> <hasRace> <Caucasian> 0 0 0 0
<508870> <hasRace> <Caucasian> 0 0 0 0
<508871> <hasRace> <Caucasian> 0 0 0 0
<508988> <hasRace> <Caucasian> 0 0 0 0
<509018> <hasRace> <Caucasian> 0 0 0 0
<509045> <hasRace> <Caucasian> 0 0 0 0
<509104> <hasRace> <Caucasian> 0 0 0 0
<509819> <hasRace> <Caucasian> 0 0 0 0
<5102755> <hasRace> <Caucasian> 0 0 0 0
<5102780> <hasRace> <Caucasian> 0 0 0 0
<5102903> <hasRace> <Caucasian> 0 0 0 0
<508402> <hasRace> <Caucasian> 0 0 0 0
<508561> <hasRace> <Caucasian> 0 0 0 0
<5103304> <hasRace> <Caucasian> 0 0 0 0
<5103656> <hasRace> <Caucasian> 0 0 0 0
<5104010> <hasRace> <Caucasian> 0 0 0 0
<5104370> <hasRace> <Caucasian> 0 0 0 0
<5104483> <hasRace> <Caucasian> 0 0 0 0
<5104537> <hasRace> <Caucasian> 0 0 0 0
<5106243> <hasRace> <Caucasian> 0 0 0 0
<5106254> <hasRace> <Caucasian> 0 0 0 0
<5106366> <hasRace> <Caucasian> 0 0 0 0
<5106529> <hasRace> <Caucasian> 0 0 0 0
<5106765> <hasRace> <Caucasian> 0 0 0 0
<5107017> <hasRace> <Caucasian> 0 0 0 0
<5107402> <hasRace> <Caucasian> 0 0 0 0
<5109127> <hasRace> <Caucasian> 0 0 0 0
<5109588> <hasRace> <Caucasian> 0 0 0 0
<5109639> <hasRace> <Asian> 0 0 0 0
<5103444> <hasRace> <Caucasian> 0 0 0 0
<5106934> <hasRace> <Caucasian> 0 0 0 0
<5110494> <hasRace> <Caucasian> 0 0 0 0
<5112560> <hasRace> <Caucasian> 0 0 0 0
<5113361> <hasRace> <Caucasian> 0 0 0 0
<5113487> <hasRace> <Caucasian> 0 0 0 0
<5113774> <hasRace> <Caucasian> 0 0 0 0
<5114509> <hasRace> <Caucasian> 0 0 0 0
<5114576> <hasRace> <Caucasian> 0 0 0 0
<5115342> <hasRace> <Caucasian> 0 0 0 0
<5115573> <hasRace> <Caucasian> 0 0 0 0
<5116049> <hasRace> <Caucasian> 0 0 0 0
<5116849> <hasRace> <Caucasian> 0 0 0 0
<5116866> <hasRace> <Caucasian> 0 0 0 0
<5117238> <hasRace> <Caucasian> 0 0 0 0
<5117395> <hasRace> <Caucasian> 0 0 0 0
<5117498> <hasRace> <Caucasian> 0 0 0 0
<512339> <hasRace> <Caucasian> 0 0 0 0
<512767> <hasRace> <Caucasian> 0 0 0 0
<512782> <hasRace> <Caucasian> 0 0 0 0
<513201> <hasRace> <Caucasian> 0 0 0 0
<5112268> <hasRace> <Caucasian> 0 0 0 0
<5114014> <hasRace> <Latin> 0 0 0 0
<5114271> <hasRace> <Caucasian> 0 0 0 0
<5114978> <hasRace> <Caucasian> 0 0 0 0
<5117396> <hasRace> <Caucasian> 0 0 0 0
<5117421> <hasRace> <Caucasian> 0 0 0 0
<512460> <hasRace> <Caucasian> 0 0 0 0
<513251> <hasRace> <Caucasian> 0 0 0 0
<513365> <hasRace> <Caucasian> 0 0 0 0
<513517> <hasRace> <Caucasian> 0 0 0 0
<513535> <hasRace> <Caucasian> 0 0 0 0
<513558> <hasRace> <Caucasian> 0 0 0 0
<513596> <hasRace> <Caucasian> 0 0 0 0
<513635> <hasRace> <Caucasian> 0 0 0 0
<513728> <hasRace> <Caucasian> 0 0 0 0
<513783> <hasRace> <Caucasian> 0 0 0 0
<513816> <hasRace> <Caucasian> 0 0 0 0
<513822> <hasRace> <Caucasian> 0 0 0 0
<513834> <hasRace> <Caucasian> 0 0 0 0
<513937> <hasRace> <Caucasian> 0 0 0 0
<513947> <hasRace> <Caucasian> 0 0 0 0
<514115> <hasRace> <Caucasian> 0 0 0 0
<514133> <hasRace> <Caucasian> 0 0 0 0
<514137> <hasRace> <Caucasian> 0 0 0 0
<514184> <hasRace> <Caucasian> 0 0 0 0
<514185> <hasRace> <Caucasian> 0 0 0 0
<514187> <hasRace> <Caucasian> 0 0 0 0
<514308> <hasRace> <Caucasian> 0 0 0 0
<514365> <hasRace> <Caucasian> 0 0 0 0
<515822> <hasRace> <Caucasian> 0 0 0 0
<513262> <hasRace> <Caucasian> 0 0 0 0
<513352> <hasRace> <Caucasian> 0 0 0 0
<513649> <hasRace> <Caucasian> 0 0 0 0
<513699> <hasRace> <Caucasian> 0 0 0 0
<514059> <hasRace> <Caucasian> 0 0 0 0
<516170> <hasRace> <Caucasian> 0 0 0 0
<516183> <hasRace> <Caucasian> 0 0 0 0
<516257> <hasRace> <Caucasian> 0 0 0 0
<516340> <hasRace> <Caucasian> 0 0 0 0
<516802> <hasRace> <Caucasian> 0 0 0 0
<516822> <hasRace> <Caucasian> 0 0 0 0
<516906> <hasRace> <Caucasian> 0 0 0 0
<516952> <hasRace> <Caucasian> 0 0 0 0
<517510> <hasRace> <Caucasian> 0 0 0 0
<5301657> <hasRace> <Caucasian> 0 0 0 0
<5304770> <hasRace> <Caucasian> 0 0 0 0
<5304826> <hasRace> <Caucasian> 0 0 0 0
<5305489> <hasRace> <Caucasian> 0 0 0 0
<5305504> <hasRace> <Caucasian> 0 0 0 0
<5305646> <hasRace> <Caucasian> 0 0 0 0
<5305648> <hasRace> <Caucasian> 0 0 0 0
<5305962> <hasRace> <Caucasian> 0 0 0 0
<5307063> <hasRace> <Caucasian> 0 0 0 0
<5312288> <hasRace> <Caucasian> 0 0 0 0
<5313125> <hasRace> <Caucasian> 0 0 0 0
<5313354> <hasRace> <Caucasian> 0 0 0 0
<5313439> <hasRace> <Caucasian> 0 0 0 0
<5313577> <hasRace> <Caucasian> 0 0 0 0
<5313925> <hasRace> <Caucasian> 0 0 0 0
<5313928> <hasRace> <Caucasian> 0 0 0 0
<5313996> <hasRace> <Caucasian> 0 0 0 0
<516237> <hasRace> <Caucasian> 0 0 0 0
<516317> <hasRace> <Caucasian> 0 0 0 0
<5313981> <hasRace> <Caucasian> 0 0 0 0
<5314252> <hasRace> <Caucasian> 0 0 0 0
<5314334> <hasRace> <Caucasian> 0 0 0 0
<5314513> <hasRace> <Caucasian> 0 0 0 0
<5314771> <hasRace> <Caucasian> 0 0 0 0
<5314775> <hasRace> <Caucasian> 0 0 0 0
<5315119> <hasRace> <Caucasian> 0 0 0 0
<5315424> <hasRace> <Caucasian> 0 0 0 0
<5315468> <hasRace> <Caucasian> 0 0 0 0
<5315570> <hasRace> <Caucasian> 0 0 0 0
<5315774> <hasRace> <Caucasian> 0 0 0 0
<5315863> <hasRace> <Caucasian> 0 0 0 0
<5316045> <hasRace> <Caucasian> 0 0 0 0
<5316199> <hasRace> <Caucasian> 0 0 0 0
<5316290> <hasRace> <Caucasian> 0 0 0 0
<5316331> <hasRace> <Caucasian> 0 0 0 0
<5316598> <hasRace> <Caucasian> 0 0 0 0
<5315647> <hasRace> <Caucasian> 0 0 0 0
<5316072> <hasRace> <Caucasian> 0 0 0 0
<5316881> <hasRace> <Caucasian> 0 0 0 0
<5317097> <hasRace> <Caucasian> 0 0 0 0
<5501999> <hasRace> <Caucasian> 0 0 0 0
<5502736> <hasRace> <Caucasian> 0 0 0 0
<5502858> <hasRace> <Caucasian> 0 0 0 0
<5504936> <hasRace> <Caucasian> 0 0 0 0
<5506110> <hasRace> <Caucasian> 0 0 0 0
<5506114> <hasRace> <Caucasian> 0 0 0 0
<6300141> <hasRace> <Caucasian> 0 0 0 0
<6300514> <hasRace> <Caucasian> 0 0 0 0
<6301705> <hasRace> <Caucasian> 0 0 0 0
<6301765> <hasRace> <Caucasian> 0 0 0 0
<6301769> <hasRace> <Caucasian> 0 0 0 0
<6303431> <hasRace> <Caucasian> 0 0 0 0
<6303474> <hasRace> <Caucasian> 0 0 0 0
<6305047> <hasRace> <Caucasian> 0 0 0 0
<6311635> <hasRace> <Caucasian> 0 0 0 0
<6311706> <hasRace> <Caucasian> 0 0 0 0
<6312026> <hasRace> <Caucasian> 0 0 0 0
<6312821> <hasRace> <Caucasian> 0 0 0 0
<6312894> <hasRace> <Caucasian> 0 0 0 0
<6313533> <hasRace> <Caucasian> 0 0 0 0
<5501740> <hasRace> <Caucasian> 0 0 0 0
<5504722> <hasRace> <Caucasian> 0 0 0 0
<5805567> <hasRace> <Caucasian> 0 0 0 0
<6311566> <hasRace> <Caucasian> 0 0 0 0
<6314340> <hasRace> <Caucasian> 0 0 0 0
<6315214> <hasRace> <Caucasian> 0 0 0 0
<6315233> <hasRace> <Caucasian> 0 0 0 0
<6315314> <hasRace> <Caucasian> 0 0 0 0
<6315536> <hasRace> <Caucasian> 0 0 0 0
<6315567> <hasRace> <Caucasian> 0 0 0 0
<6315786> <hasRace> <Caucasian> 0 0 0 0
<6315787> <hasRace> <Caucasian> 0 0 0 0
<6315971> <hasRace> <Caucasian> 0 0 0 0
<6316147> <hasRace> <Caucasian> 0 0 0 0
<6316408> <hasRace> <Caucasian> 0 0 0 0
<6316627> <hasRace> <Caucasian> 0 0 0 0
<6316630> <hasRace> <Caucasian> 0 0 0 0
<6317197> <hasRace> <Caucasian> 0 0 0 0
<6317404> <hasRace> <Caucasian> 0 0 0 0
<6400268> <hasRace> <Caucasian> 0 0 0 0
<6400652> <hasRace> <Caucasian> 0 0 0 0
<6402111> <hasRace> <Caucasian> 0 0 0 0
<6605847> <hasRace> <Caucasian> 0 0 0 0
<6900596> <hasRace> <Caucasian> 0 0 0 0
<7000634> <hasRace> <Latin> 0 0 0 0
<701586> <hasRace> <Caucasian> 0 0 0 0
<701654> <hasRace> <Caucasian> 0 0 0 0
<6315247> <hasRace> <Caucasian> 0 0 0 0
<6315989> <hasRace> <Caucasian> 0 0 0 0
<6316502> <hasRace> <Caucasian> 0 0 0 0
<6611286> <hasRace> <Caucasian> 0 0 0 0
<7000353> <hasRace> <Caucasian> 0 0 0 0
<702838> <hasRace> <Caucasian> 0 0 0 0
<703644> <hasRace> <Caucasian> 0 0 0 0
<704288> <hasRace> <Caucasian> 0 0 0 0
<706271> <hasRace> <Caucasian> 0 0 0 0
<706441> <hasRace> <Caucasian> 0 0 0 0
<707715> <hasRace> <Caucasian> 0 0 0 0
<707840> <hasRace> <Caucasian> 0 0 0 0
<708242> <hasRace> <Caucasian> 0 0 0 0
<709277> <hasRace> <Caucasian> 0 0 0 0
<709342> <hasRace> <Caucasian> 0 0 0 0
<709680> <hasRace> <Caucasian> 0 0 0 0
<709925> <hasRace> <Caucasian> 0 0 0 0
<710431> <hasRace> <Caucasian> 0 0 0 0
<7105409> <hasRace> <Caucasian> 0 0 0 0
<7105709> <hasRace> <Caucasian> 0 0 0 0
<710884> <hasRace> <Caucasian> 0 0 0 0
<7110331> <hasRace> <Caucasian> 0 0 0 0
<714517> <hasRace> <Caucasian> 0 0 0 0
<7214835> <hasRace> <Caucasian> 0 0 0 0
<7216018> <hasRace> <Caucasian> 0 0 0 0
<7216322> <hasRace> <Caucasian> 0 0 0 0
<7404073> <hasRace> <Caucasian> 0 0 0 0
<7404258> <hasRace> <Caucasian> 0 0 0 0
<7404355> <hasRace> <Caucasian> 0 0 0 0
<7404362> <hasRace> <Caucasian> 0 0 0 0
<7405338> <hasRace> <Caucasian> 0 0 0 0
<7406483> <hasRace> <Caucasian> 0 0 0 0
<7406504> <hasRace> <Caucasian> 0 0 0 0
<7406568> <hasRace> <Caucasian> 0 0 0 0
<7406615> <hasRace> <Caucasian> 0 0 0 0
<7406616> <hasRace> <Caucasian> 0 0 0 0
<7409436> <hasRace> <Caucasian> 0 0 0 0
<8306648> <hasRace> <Caucasian> 0 0 0 0
<900254> <hasRace> <Caucasian> 0 0 0 0
<7105403> <hasRace> <Caucasian> 0 0 0 0
<7216040> <hasRace> <Caucasian> 0 0 0 0
<7717055> <hasRace> <Caucasian> 0 0 0 0
<8312415> <hasRace> <Caucasian> 0 0 0 0
<900429> <hasRace> <Caucasian> 0 0 0 0
<901961> <hasRace> <Caucasian> 0 0 0 0
<901963> <hasRace> <Caucasian> 0 0 0 0
<906819> <hasRace> <Caucasian> 0 0 0 0
<906910> <hasRace> <Caucasian> 0 0 0 0
<907009> <hasRace> <Caucasian> 0 0 0 0
<908272> <hasRace> <Caucasian> 0 0 0 0
<908791> <hasRace> <Caucasian> 0 0 0 0
<909749> <hasRace> <Caucasian> 0 0 0 0
<911626> <hasRace> <Caucasian> 0 0 0 0
<911815> <hasRace> <Caucasian> 0 0 0 0
<915900> <hasRace> <Caucasian> 0 0 0 0
<915901> <hasRace> <Caucasian> 0 0 0 0
<916422> <hasRace> <Caucasian> 0 0 0 0
<916812> <hasRace> <Caucasian> 0 0 0 0
<916815> <hasRace> <Caucasian> 0 0 0 0
<916828> <hasRace> <Caucasian> 0 0 0 0
<916896> <hasRace> <Caucasian> 0 0 0 0
<917440> <hasRace> <Caucasian> 0 0 0 0
<9408666> <hasRace> <Caucasian> 0 0 0 0
<9408691> <hasRace> <Caucasian> 0 0 0 0
<9408738> <hasRace> <Caucasian> 0 0 0 0
<901957> <hasRace> <Caucasian> 0 0 0 0
<905828> <hasRace> <Caucasian> 0 0 0 0
<908709> <hasRace> <Caucasian> 0 0 0 0
<909656> <hasRace> <Caucasian> 0 0 0 0
<916868> <hasRace> <Caucasian> 0 0 0 0
<9408683> <hasRace> <Caucasian> 0 0 0 0
<9408884> <hasRace> <Caucasian> 0 0 0 0
<9409216> <hasRace> <Caucasian> 0 0 0 0
<9409337> <hasRace> <Caucasian> 0 0 0 0
<9409434> <hasRace> <Caucasian> 0 0 0 0
<9414088> <hasRace> <Caucasian> 0 0 0 0
<9415652> <hasRace> <Caucasian> 0 0 0 0
<9703785> <hasRace> <Caucasian> 0 0 0 0
<9705160> <hasRace> <Caucasian> 0 0 0 0
<9705166> <hasRace> <Caucasian> 0 0 0 0
<9709203> <hasRace> <Caucasian> 0 0 0 0
<9713409> <hasRace> <Caucasian> 0 0 0 0
<9714052> <hasRace> <Caucasian> 0 0 0 0
<9803105> <hasRace> <Caucasian> 0 0 0 0
<9805652> <hasRace> <Caucasian> 0 0 0 0
<9910500> <hasRace> <Caucasian> 0 0 0 0
<9912933> <hasRace> <Caucasian> 0 0 0 0
<9913134> <hasRace> <Caucasian> 0 0 0 0
<9913147> <hasRace> <Caucasian> 0 0 0 0
<9914883> <hasRace> <Caucasian> 0 0 0 0
<9914892> <hasRace> <Caucasian> 0 0 0 0
<9414084> <hasRace> <Caucasian> 0 0 0 0
<9417512> <hasRace> <Caucasian> 0 0 0 0
<1200981> <hasRace> <Caucasian> 0 0 0 0
<1214096> <hasRace> <Caucasian> 0 0 0 0
<15710131> <hasRace> <Caucasian> 0 0 0 0
<204299> <hasRace> <Caucasian> 0 0 0 0
<2406875> <hasRace> <Caucasian> 0 0 0 0
