<11312159> <hasEBUS> <EBUS> 0 0 0 0
<11317082> <hasEBUS> <EBUS> 0 0 0 0
<11405657> <hasEBUS> <EBUS> 0 0 0 0
<1213669> <hasEBUS> <EBUS> 0 0 0 0
<12915115> <hasEBUS> <EBUS> 0 0 0 0
<14702158> <hasEBUS> <EBUS> 0 0 0 0
<1501033> <hasEBUS> <EBUS> 0 0 0 0
<1516231> <hasEBUS> <EBUS> 0 0 0 0
<1516280> <hasEBUS> <EBUS> 0 0 0 0
<15702252> <hasEBUS> <EBUS> 0 0 0 0
<15706135> <hasEBUS> <EBUS> 0 0 0 0
<15706247> <hasEBUS> <EBUS> 0 0 0 0
<15706389> <hasEBUS> <EBUS> 0 0 0 0
<15709792> <hasEBUS> <EBUS> 0 0 0 0
<201683> <hasEBUS> <EBUS> 0 0 0 0
<203147> <hasEBUS> <EBUS> 0 0 0 0
<205412> <hasEBUS> <EBUS> 0 0 0 0
<205467> <hasEBUS> <EBUS> 0 0 0 0
<207689> <hasEBUS> <EBUS> 0 0 0 0
<209926> <hasEBUS> <EBUS> 0 0 0 0
<2100726> <hasEBUS> <EBUS> 0 0 0 0
<2101166> <hasEBUS> <EBUS> 0 0 0 0
<210712> <hasEBUS> <EBUS> 0 0 0 0
<214156> <hasEBUS> <EBUS> 0 0 0 0
<216130> <hasEBUS> <EBUS> 0 0 0 0
<1200944> <hasEBUS> <EBUS> 0 0 0 0
<1504387> <hasEBUS> <EBUS> 0 0 0 0
<1509915> <hasEBUS> <EBUS> 0 0 0 0
<202274> <hasEBUS> <EBUS> 0 0 0 0
<205418> <hasEBUS> <EBUS> 0 0 0 0
<10802682> <hasEBUS> <EBUS> 0 0 0 0
<202180> <hasEBUS> <EBUS> 0 0 0 0
<2803646> <hasEBUS> <EBUS> 0 0 0 0
<2806058> <hasEBUS> <EBUS> 0 0 0 0
<2810610> <hasEBUS> <EBUS> 0 0 0 0
<2900539> <hasEBUS> <EBUS> 0 0 0 0
<2903123> <hasEBUS> <EBUS> 0 0 0 0
<2903137> <hasEBUS> <EBUS> 0 0 0 0
<2916023> <hasEBUS> <EBUS> 0 0 0 0
<3007587> <hasEBUS> <EBUS> 0 0 0 0
<3012725> <hasEBUS> <EBUS> 0 0 0 0
<311527> <hasEBUS> <EBUS> 0 0 0 0
<3302199> <hasEBUS> <EBUS> 0 0 0 0
<3508802> <hasEBUS> <EBUS> 0 0 0 0
<3510434> <hasEBUS> <EBUS> 0 0 0 0
<3602571> <hasEBUS> <EBUS> 0 0 0 0
<3801527> <hasEBUS> <EBUS> 0 0 0 0
<416840> <hasEBUS> <EBUS> 0 0 0 0
<417245> <hasEBUS> <EBUS> 0 0 0 0
<4615210> <hasEBUS> <EBUS> 0 0 0 0
<501269> <hasEBUS> <EBUS> 0 0 0 0
<501341> <hasEBUS> <EBUS> 0 0 0 0
<501350> <hasEBUS> <EBUS> 0 0 0 0
<503203> <hasEBUS> <EBUS> 0 0 0 0
<503904> <hasEBUS> <EBUS> 0 0 0 0
<508295> <hasEBUS> <EBUS> 0 0 0 0
<508375> <hasEBUS> <EBUS> 0 0 0 0
<5103187> <hasEBUS> <EBUS> 0 0 0 0
<5103286> <hasEBUS> <EBUS> 0 0 0 0
<5104775> <hasEBUS> <EBUS> 0 0 0 0
<5105203> <hasEBUS> <EBUS> 0 0 0 0
<5106770> <hasEBUS> <EBUS> 0 0 0 0
<5107460> <hasEBUS> <EBUS> 0 0 0 0
<5111862> <hasEBUS> <EBUS> 0 0 0 0
<5112352> <hasEBUS> <EBUS> 0 0 0 0
<5113361> <hasEBUS> <EBUS> 0 0 0 0
<5114030> <hasEBUS> <EBUS> 0 0 0 0
<5115785> <hasEBUS> <EBUS> 0 0 0 0
<512619> <hasEBUS> <EBUS> 0 0 0 0
<513600> <hasEBUS> <EBUS> 0 0 0 0
<513665> <hasEBUS> <EBUS> 0 0 0 0
<513780> <hasEBUS> <EBUS> 0 0 0 0
<514007> <hasEBUS> <EBUS> 0 0 0 0
<514012> <hasEBUS> <EBUS> 0 0 0 0
<514092> <hasEBUS> <EBUS> 0 0 0 0
<516124> <hasEBUS> <EBUS> 0 0 0 0
<516176> <hasEBUS> <EBUS> 0 0 0 0
<516201> <hasEBUS> <EBUS> 0 0 0 0
<516203> <hasEBUS> <EBUS> 0 0 0 0
<516717> <hasEBUS> <EBUS> 0 0 0 0
<6300147> <hasEBUS> <EBUS> 0 0 0 0
<6301773> <hasEBUS> <EBUS> 0 0 0 0
<6302588> <hasEBUS> <EBUS> 0 0 0 0
<6302615> <hasEBUS> <EBUS> 0 0 0 0
<6304711> <hasEBUS> <EBUS> 0 0 0 0
<6304715> <hasEBUS> <EBUS> 0 0 0 0
<6311575> <hasEBUS> <EBUS> 0 0 0 0
<6311629> <hasEBUS> <EBUS> 0 0 0 0
<6312405> <hasEBUS> <EBUS> 0 0 0 0
<6312664> <hasEBUS> <EBUS> 0 0 0 0
<6313336> <hasEBUS> <EBUS> 0 0 0 0
<6315298> <hasEBUS> <EBUS> 0 0 0 0
<6315478> <hasEBUS> <EBUS> 0 0 0 0
<6316511> <hasEBUS> <EBUS> 0 0 0 0
<6316835> <hasEBUS> <EBUS> 0 0 0 0
<6317276> <hasEBUS> <EBUS> 0 0 0 0
<6400303> <hasEBUS> <EBUS> 0 0 0 0
<6402409> <hasEBUS> <EBUS> 0 0 0 0
<6900340> <hasEBUS> <EBUS> 0 0 0 0
<701645> <hasEBUS> <EBUS> 0 0 0 0
<702153> <hasEBUS> <EBUS> 0 0 0 0
<707426> <hasEBUS> <EBUS> 0 0 0 0
<708900> <hasEBUS> <EBUS> 0 0 0 0
<711015> <hasEBUS> <EBUS> 0 0 0 0
<7717006> <hasEBUS> <EBUS> 0 0 0 0
<906795> <hasEBUS> <EBUS> 0 0 0 0
<908812> <hasEBUS> <EBUS> 0 0 0 0
<909723> <hasEBUS> <EBUS> 0 0 0 0
<916825> <hasEBUS> <EBUS> 0 0 0 0
<5107102> <hasEBUS> <EBUS> 0 0 0 0
<5107177> <hasEBUS> <EBUS> 0 0 0 0
<513754> <hasEBUS> <EBUS> 0 0 0 0
<909714> <hasEBUS> <EBUS> 0 0 0 0
