<1007348> <sex> <Male> 0 0 0 0
<101789> <sex> <Male> 0 0 0 0
<101802> <sex> <Male> 0 0 0 0
<102366> <sex> <Male> 0 0 0 0
<103588> <sex> <Male> 0 0 0 0
<104470> <sex> <Male> 0 0 0 0
<10611835> <sex> <Male> 0 0 0 0
<10612126> <sex> <Male> 0 0 0 0
<10612187> <sex> <Male> 0 0 0 0
<10802687> <sex> <Male> 0 0 0 0
<10803798> <sex> <Male> 0 0 0 0
<10806007> <sex> <Male> 0 0 0 0
<108162> <sex> <Male> 0 0 0 0
<10816593> <sex> <Male> 0 0 0 0
<108215> <sex> <Male> 0 0 0 0
<108320> <sex> <Male> 0 0 0 0
<109155> <sex> <Male> 0 0 0 0
<109606> <sex> <Male> 0 0 0 0
<107951> <sex> <Female> 0 0 0 0
<108023> <sex> <Female> 0 0 0 0
<10601102> <sex> <Male> 0 0 0 0
<10607134> <sex> <Male> 0 0 0 0
<10610638> <sex> <Male> 0 0 0 0
<10612327> <sex> <Male> 0 0 0 0
<10801083> <sex> <Male> 0 0 0 0
<109628> <sex> <Male> 0 0 0 0
<110033> <sex> <Male> 0 0 0 0
<110111> <sex> <Male> 0 0 0 0
<110126> <sex> <Male> 0 0 0 0
<110132> <sex> <Male> 0 0 0 0
<110894> <sex> <Male> 0 0 0 0
<111322> <sex> <Male> 0 0 0 0
<112089> <sex> <Male> 0 0 0 0
<112840> <sex> <Male> 0 0 0 0
<11312877> <sex> <Male> 0 0 0 0
<11313618> <sex> <Male> 0 0 0 0
<11405738> <sex> <Male> 0 0 0 0
<11405993> <sex> <Male> 0 0 0 0
<11911407> <sex> <Male> 0 0 0 0
<11911711> <sex> <Male> 0 0 0 0
<109631> <sex> <Female> 0 0 0 0
<111982> <sex> <Female> 0 0 0 0
<11312215> <sex> <Female> 0 0 0 0
<11313454> <sex> <Female> 0 0 0 0
<11317521> <sex> <Female> 0 0 0 0
<11405817> <sex> <Male> 0 0 0 0
<1200075> <sex> <Male> 0 0 0 0
<1200818> <sex> <Male> 0 0 0 0
<1200839> <sex> <Male> 0 0 0 0
<1201130> <sex> <Male> 0 0 0 0
<1201897> <sex> <Male> 0 0 0 0
<1201968> <sex> <Male> 0 0 0 0
<1213220> <sex> <Male> 0 0 0 0
<1213289> <sex> <Male> 0 0 0 0
<1214975> <sex> <Male> 0 0 0 0
<1216676> <sex> <Male> 0 0 0 0
<12913721> <sex> <Male> 0 0 0 0
<12913807> <sex> <Male> 0 0 0 0
<12914146> <sex> <Male> 0 0 0 0
<12914261> <sex> <Male> 0 0 0 0
<12914394> <sex> <Male> 0 0 0 0
<12914460> <sex> <Male> 0 0 0 0
<12914474> <sex> <Male> 0 0 0 0
<12914905> <sex> <Male> 0 0 0 0
<12915078> <sex> <Male> 0 0 0 0
<11912348> <sex> <Female> 0 0 0 0
<1200457> <sex> <Female> 0 0 0 0
<1201125> <sex> <Female> 0 0 0 0
<1214894> <sex> <Female> 0 0 0 0
<12914519> <sex> <Male> 0 0 0 0
<12915743> <sex> <Male> 0 0 0 0
<12915798> <sex> <Male> 0 0 0 0
<1300493> <sex> <Male> 0 0 0 0
<1300504> <sex> <Male> 0 0 0 0
<1300640> <sex> <Male> 0 0 0 0
<1300689> <sex> <Male> 0 0 0 0
<1301641> <sex> <Male> 0 0 0 0
<1301990> <sex> <Male> 0 0 0 0
<1303500> <sex> <Male> 0 0 0 0
<1305518> <sex> <Male> 0 0 0 0
<1305597> <sex> <Male> 0 0 0 0
<1305771> <sex> <Male> 0 0 0 0
<1305773> <sex> <Male> 0 0 0 0
<1305915> <sex> <Male> 0 0 0 0
<1306024> <sex> <Male> 0 0 0 0
<1306027> <sex> <Male> 0 0 0 0
<1306030> <sex> <Male> 0 0 0 0
<1306208> <sex> <Male> 0 0 0 0
<1304725> <sex> <Female> 0 0 0 0
<1305681> <sex> <Female> 0 0 0 0
<1305920> <sex> <Female> 0 0 0 0
<1306124> <sex> <Female> 0 0 0 0
<12915780> <sex> <Male> 0 0 0 0
<1301916> <sex> <Male> 0 0 0 0
<1304673> <sex> <Male> 0 0 0 0
<1305688> <sex> <Male> 0 0 0 0
<1306173> <sex> <Male> 0 0 0 0
<1306337> <sex> <Male> 0 0 0 0
<1306717> <sex> <Male> 0 0 0 0
<1308144> <sex> <Male> 0 0 0 0
<1310477> <sex> <Male> 0 0 0 0
<1310608> <sex> <Male> 0 0 0 0
<1310837> <sex> <Male> 0 0 0 0
<1312798> <sex> <Male> 0 0 0 0
<1313301> <sex> <Male> 0 0 0 0
<1313380> <sex> <Male> 0 0 0 0
<1313444> <sex> <Male> 0 0 0 0
<1313451> <sex> <Male> 0 0 0 0
<1314217> <sex> <Male> 0 0 0 0
<1314449> <sex> <Male> 0 0 0 0
<1314666> <sex> <Male> 0 0 0 0
<1314718> <sex> <Male> 0 0 0 0
<1314778> <sex> <Male> 0 0 0 0
<1314807> <sex> <Male> 0 0 0 0
<1314945> <sex> <Male> 0 0 0 0
<1314950> <sex> <Male> 0 0 0 0
<1310343> <sex> <Female> 0 0 0 0
<1312823> <sex> <Female> 0 0 0 0
<1312861> <sex> <Female> 0 0 0 0
<1313399> <sex> <Female> 0 0 0 0
<1313422> <sex> <Female> 0 0 0 0
<1314710> <sex> <Female> 0 0 0 0
<1306323> <sex> <Male> 0 0 0 0
<1312869> <sex> <Male> 0 0 0 0
<1314860> <sex> <Male> 0 0 0 0
<1315056> <sex> <Male> 0 0 0 0
<1315137> <sex> <Male> 0 0 0 0
<1315174> <sex> <Male> 0 0 0 0
<1315602> <sex> <Male> 0 0 0 0
<1315658> <sex> <Male> 0 0 0 0
<1315802> <sex> <Male> 0 0 0 0
<14702160> <sex> <Male> 0 0 0 0
<14704323> <sex> <Male> 0 0 0 0
<14707033> <sex> <Male> 0 0 0 0
<14707387> <sex> <Male> 0 0 0 0
<1502802> <sex> <Male> 0 0 0 0
<1504085> <sex> <Male> 0 0 0 0
<1504930> <sex> <Male> 0 0 0 0
<1505080> <sex> <Male> 0 0 0 0
<1505380> <sex> <Male> 0 0 0 0
<1505395> <sex> <Male> 0 0 0 0
<1505482> <sex> <Male> 0 0 0 0
<1315645> <sex> <Female> 0 0 0 0
<1315660> <sex> <Female> 0 0 0 0
<1501041> <sex> <Female> 0 0 0 0
<1504007> <sex> <Female> 0 0 0 0
<1505050> <sex> <Female> 0 0 0 0
<1315416> <sex> <Male> 0 0 0 0
<1315434> <sex> <Male> 0 0 0 0
<1500705> <sex> <Male> 0 0 0 0
<1504948> <sex> <Male> 0 0 0 0
<1508849> <sex> <Male> 0 0 0 0
<1509412> <sex> <Male> 0 0 0 0
<1511101> <sex> <Male> 0 0 0 0
<1511135> <sex> <Male> 0 0 0 0
<1511162> <sex> <Male> 0 0 0 0
<1513050> <sex> <Male> 0 0 0 0
<1514324> <sex> <Male> 0 0 0 0
<1515321> <sex> <Male> 0 0 0 0
<1516672> <sex> <Male> 0 0 0 0
<1516852> <sex> <Male> 0 0 0 0
<15700667> <sex> <Male> 0 0 0 0
<15703637> <sex> <Male> 0 0 0 0
<15704694> <sex> <Male> 0 0 0 0
<15706040> <sex> <Male> 0 0 0 0
<15706112> <sex> <Male> 0 0 0 0
<15706135> <sex> <Male> 0 0 0 0
<15706335> <sex> <Male> 0 0 0 0
<1508759> <sex> <Female> 0 0 0 0
<1508816> <sex> <Female> 0 0 0 0
<1511138> <sex> <Female> 0 0 0 0
<1512936> <sex> <Female> 0 0 0 0
<1513965> <sex> <Female> 0 0 0 0
<1516282> <sex> <Female> 0 0 0 0
<1517231> <sex> <Female> 0 0 0 0
<15702836> <sex> <Female> 0 0 0 0
<15703029> <sex> <Female> 0 0 0 0
<15704505> <sex> <Female> 0 0 0 0
<15704702> <sex> <Female> 0 0 0 0
<15701722> <sex> <Male> 0 0 0 0
<15701751> <sex> <Male> 0 0 0 0
<15709776> <sex> <Male> 0 0 0 0
<15709787> <sex> <Male> 0 0 0 0
<15709798> <sex> <Male> 0 0 0 0
<15709814> <sex> <Male> 0 0 0 0
<15714623> <sex> <Male> 0 0 0 0
<15717528> <sex> <Male> 0 0 0 0
<15717531> <sex> <Male> 0 0 0 0
<201492> <sex> <Male> 0 0 0 0
<201498> <sex> <Male> 0 0 0 0
<201568> <sex> <Male> 0 0 0 0
<201714> <sex> <Male> 0 0 0 0
<201825> <sex> <Male> 0 0 0 0
<202044> <sex> <Male> 0 0 0 0
<202181> <sex> <Male> 0 0 0 0
<202383> <sex> <Male> 0 0 0 0
<202510> <sex> <Male> 0 0 0 0
<202651> <sex> <Male> 0 0 0 0
<202751> <sex> <Male> 0 0 0 0
<15715017> <sex> <Female> 0 0 0 0
<201924> <sex> <Female> 0 0 0 0
<202405> <sex> <Female> 0 0 0 0
<203346> <sex> <Male> 0 0 0 0
<203405> <sex> <Male> 0 0 0 0
<203477> <sex> <Male> 0 0 0 0
<204078> <sex> <Male> 0 0 0 0
<204391> <sex> <Male> 0 0 0 0
<204538> <sex> <Male> 0 0 0 0
<204733> <sex> <Male> 0 0 0 0
<204893> <sex> <Male> 0 0 0 0
<205466> <sex> <Male> 0 0 0 0
<206085> <sex> <Male> 0 0 0 0
<206086> <sex> <Male> 0 0 0 0
<206514> <sex> <Male> 0 0 0 0
<206564> <sex> <Male> 0 0 0 0
<206695> <sex> <Male> 0 0 0 0
<206869> <sex> <Male> 0 0 0 0
<207233> <sex> <Male> 0 0 0 0
<207467> <sex> <Male> 0 0 0 0
<207621> <sex> <Male> 0 0 0 0
<207710> <sex> <Male> 0 0 0 0
<207916> <sex> <Male> 0 0 0 0
<203547> <sex> <Female> 0 0 0 0
<203549> <sex> <Female> 0 0 0 0
<204303> <sex> <Female> 0 0 0 0
<204596> <sex> <Female> 0 0 0 0
<204799> <sex> <Female> 0 0 0 0
<205439> <sex> <Female> 0 0 0 0
<207003> <sex> <Female> 0 0 0 0
<207924> <sex> <Male> 0 0 0 0
<208151> <sex> <Male> 0 0 0 0
<208578> <sex> <Male> 0 0 0 0
<208710> <sex> <Male> 0 0 0 0
<209427> <sex> <Male> 0 0 0 0
<209430> <sex> <Male> 0 0 0 0
<209696> <sex> <Male> 0 0 0 0
<2100630> <sex> <Male> 0 0 0 0
<2100779> <sex> <Male> 0 0 0 0
<2100956> <sex> <Male> 0 0 0 0
<2100975> <sex> <Male> 0 0 0 0
<2101073> <sex> <Male> 0 0 0 0
<2101168> <sex> <Male> 0 0 0 0
<2101878> <sex> <Male> 0 0 0 0
<2102392> <sex> <Male> 0 0 0 0
<2102839> <sex> <Male> 0 0 0 0
<210446> <sex> <Male> 0 0 0 0
<210495> <sex> <Male> 0 0 0 0
<2107255> <sex> <Male> 0 0 0 0
<2110961> <sex> <Male> 0 0 0 0
<2100772> <sex> <Female> 0 0 0 0
<2100831> <sex> <Female> 0 0 0 0
<2100903> <sex> <Female> 0 0 0 0
<2102292> <sex> <Female> 0 0 0 0
<2103847> <sex> <Female> 0 0 0 0
<210387> <sex> <Female> 0 0 0 0
<210509> <sex> <Female> 0 0 0 0
<211057> <sex> <Male> 0 0 0 0
<211126> <sex> <Male> 0 0 0 0
<2111533> <sex> <Male> 0 0 0 0
<211382> <sex> <Male> 0 0 0 0
<2114769> <sex> <Male> 0 0 0 0
<211492> <sex> <Male> 0 0 0 0
<211790> <sex> <Male> 0 0 0 0
<211888> <sex> <Male> 0 0 0 0
<212208> <sex> <Male> 0 0 0 0
<212233> <sex> <Male> 0 0 0 0
<212927> <sex> <Male> 0 0 0 0
<213489> <sex> <Male> 0 0 0 0
<216094> <sex> <Male> 0 0 0 0
<216127> <sex> <Male> 0 0 0 0
<212671> <sex> <Female> 0 0 0 0
<213448> <sex> <Female> 0 0 0 0
<215667> <sex> <Female> 0 0 0 0
<2300049> <sex> <Female> 0 0 0 0
<2300866> <sex> <Female> 0 0 0 0
<212746> <sex> <Male> 0 0 0 0
<2300558> <sex> <Male> 0 0 0 0
<2302933> <sex> <Male> 0 0 0 0
<2303258> <sex> <Male> 0 0 0 0
<2303796> <sex> <Male> 0 0 0 0
<2303797> <sex> <Male> 0 0 0 0
<2304118> <sex> <Male> 0 0 0 0
<2304621> <sex> <Male> 0 0 0 0
<2305899> <sex> <Male> 0 0 0 0
<2309459> <sex> <Male> 0 0 0 0
<2309773> <sex> <Male> 0 0 0 0
<2310177> <sex> <Male> 0 0 0 0
<2310522> <sex> <Male> 0 0 0 0
<2310805> <sex> <Male> 0 0 0 0
<2311299> <sex> <Male> 0 0 0 0
<2312685> <sex> <Male> 0 0 0 0
<2304764> <sex> <Female> 0 0 0 0
<2312864> <sex> <Female> 0 0 0 0
<2405630> <sex> <Male> 0 0 0 0
<2406877> <sex> <Male> 0 0 0 0
<2407220> <sex> <Male> 0 0 0 0
<2407307> <sex> <Male> 0 0 0 0
<2715693> <sex> <Male> 0 0 0 0
<2801996> <sex> <Male> 0 0 0 0
<2804437> <sex> <Male> 0 0 0 0
<2804520> <sex> <Male> 0 0 0 0
<2804597> <sex> <Male> 0 0 0 0
<2806070> <sex> <Male> 0 0 0 0
<2807106> <sex> <Male> 0 0 0 0
<2808173> <sex> <Male> 0 0 0 0
<2808726> <sex> <Male> 0 0 0 0
<2808772> <sex> <Male> 0 0 0 0
<2808815> <sex> <Male> 0 0 0 0
<2808917> <sex> <Male> 0 0 0 0
<2809260> <sex> <Male> 0 0 0 0
<2809275> <sex> <Male> 0 0 0 0
<2809383> <sex> <Male> 0 0 0 0
<2809659> <sex> <Male> 0 0 0 0
<2809667> <sex> <Male> 0 0 0 0
<2810864> <sex> <Male> 0 0 0 0
<2405633> <sex> <Female> 0 0 0 0
<2801917> <sex> <Male> 0 0 0 0
<2801977> <sex> <Male> 0 0 0 0
<2804159> <sex> <Male> 0 0 0 0
<2806072> <sex> <Male> 0 0 0 0
<2811003> <sex> <Male> 0 0 0 0
<2811804> <sex> <Male> 0 0 0 0
<2812730> <sex> <Male> 0 0 0 0
<2812738> <sex> <Male> 0 0 0 0
<2813040> <sex> <Male> 0 0 0 0
<2813131> <sex> <Male> 0 0 0 0
<2815997> <sex> <Male> 0 0 0 0
<2816637> <sex> <Male> 0 0 0 0
<2816843> <sex> <Male> 0 0 0 0
<2900540> <sex> <Male> 0 0 0 0
<2901427> <sex> <Male> 0 0 0 0
<2904570> <sex> <Male> 0 0 0 0
<2917285> <sex> <Male> 0 0 0 0
<2917303> <sex> <Male> 0 0 0 0
<2917460> <sex> <Male> 0 0 0 0
<2917468> <sex> <Male> 0 0 0 0
<2903690> <sex> <Female> 0 0 0 0
<2917348> <sex> <Female> 0 0 0 0
<2917493> <sex> <Male> 0 0 0 0
<3000394> <sex> <Male> 0 0 0 0
<3000454> <sex> <Male> 0 0 0 0
<3000595> <sex> <Male> 0 0 0 0
<3000764> <sex> <Male> 0 0 0 0
<300336> <sex> <Male> 0 0 0 0
<300403> <sex> <Male> 0 0 0 0
<3006396> <sex> <Male> 0 0 0 0
<300858> <sex> <Male> 0 0 0 0
<301131> <sex> <Male> 0 0 0 0
<3012665> <sex> <Male> 0 0 0 0
<3016943> <sex> <Male> 0 0 0 0
<3017074> <sex> <Male> 0 0 0 0
<302637> <sex> <Male> 0 0 0 0
<302892> <sex> <Male> 0 0 0 0
<304511> <sex> <Male> 0 0 0 0
<304782> <sex> <Male> 0 0 0 0
<304814> <sex> <Male> 0 0 0 0
<304982> <sex> <Male> 0 0 0 0
<305238> <sex> <Male> 0 0 0 0
<3000700> <sex> <Female> 0 0 0 0
<300367> <sex> <Female> 0 0 0 0
<3006288> <sex> <Female> 0 0 0 0
<3006734> <sex> <Female> 0 0 0 0
<301132> <sex> <Female> 0 0 0 0
<301445> <sex> <Female> 0 0 0 0
<3006779> <sex> <Male> 0 0 0 0
<3011363> <sex> <Male> 0 0 0 0
<3016537> <sex> <Male> 0 0 0 0
<303628> <sex> <Male> 0 0 0 0
<306668> <sex> <Male> 0 0 0 0
<306898> <sex> <Male> 0 0 0 0
<307427> <sex> <Male> 0 0 0 0
<309894> <sex> <Male> 0 0 0 0
<310238> <sex> <Male> 0 0 0 0
<310420> <sex> <Male> 0 0 0 0
<311784> <sex> <Male> 0 0 0 0
<312131> <sex> <Male> 0 0 0 0
<313679> <sex> <Male> 0 0 0 0
<313911> <sex> <Male> 0 0 0 0
<314395> <sex> <Male> 0 0 0 0
<314437> <sex> <Male> 0 0 0 0
<317140> <sex> <Male> 0 0 0 0
<3302199> <sex> <Male> 0 0 0 0
<3304895> <sex> <Male> 0 0 0 0
<3316689> <sex> <Male> 0 0 0 0
<306857> <sex> <Female> 0 0 0 0
<306899> <sex> <Female> 0 0 0 0
<307116> <sex> <Female> 0 0 0 0
<310310> <sex> <Female> 0 0 0 0
<311595> <sex> <Female> 0 0 0 0
<311599> <sex> <Female> 0 0 0 0
<312136> <sex> <Female> 0 0 0 0
<312922> <sex> <Female> 0 0 0 0
<3308074> <sex> <Female> 0 0 0 0
<3310784> <sex> <Female> 0 0 0 0
<3404076> <sex> <Female> 0 0 0 0
<3404089> <sex> <Male> 0 0 0 0
<3404267> <sex> <Male> 0 0 0 0
<3404548> <sex> <Male> 0 0 0 0
<3405201> <sex> <Male> 0 0 0 0
<3405217> <sex> <Male> 0 0 0 0
<3406724> <sex> <Male> 0 0 0 0
<3408298> <sex> <Male> 0 0 0 0
<3411357> <sex> <Male> 0 0 0 0
<3413980> <sex> <Male> 0 0 0 0
<3507315> <sex> <Male> 0 0 0 0
<3509134> <sex> <Male> 0 0 0 0
<3509952> <sex> <Male> 0 0 0 0
<3510436> <sex> <Male> 0 0 0 0
<3510650> <sex> <Male> 0 0 0 0
<3510923> <sex> <Male> 0 0 0 0
<3511229> <sex> <Male> 0 0 0 0
<3405290> <sex> <Female> 0 0 0 0
<3412590> <sex> <Female> 0 0 0 0
<3507484> <sex> <Female> 0 0 0 0
<3509117> <sex> <Female> 0 0 0 0
<3509180> <sex> <Female> 0 0 0 0
<3510679> <sex> <Female> 0 0 0 0
<3507607> <sex> <Male> 0 0 0 0
<3507611> <sex> <Male> 0 0 0 0
<3510857> <sex> <Male> 0 0 0 0
<3602423> <sex> <Male> 0 0 0 0
<3602564> <sex> <Male> 0 0 0 0
<3611073> <sex> <Male> 0 0 0 0
<3704995> <sex> <Male> 0 0 0 0
<3710370> <sex> <Male> 0 0 0 0
<3712205> <sex> <Male> 0 0 0 0
<3811766> <sex> <Male> 0 0 0 0
<3812191> <sex> <Male> 0 0 0 0
<3812260> <sex> <Male> 0 0 0 0
<3900232> <sex> <Male> 0 0 0 0
<405751> <sex> <Male> 0 0 0 0
<407656> <sex> <Male> 0 0 0 0
<408818> <sex> <Male> 0 0 0 0
<409433> <sex> <Male> 0 0 0 0
<409543> <sex> <Male> 0 0 0 0
<409560> <sex> <Male> 0 0 0 0
<3602375> <sex> <Female> 0 0 0 0
<3602468> <sex> <Female> 0 0 0 0
<3703587> <sex> <Female> 0 0 0 0
<3705020> <sex> <Female> 0 0 0 0
<3801479> <sex> <Female> 0 0 0 0
<3812060> <sex> <Female> 0 0 0 0
<3900217> <sex> <Female> 0 0 0 0
<407453> <sex> <Female> 0 0 0 0
<409169> <sex> <Female> 0 0 0 0
<409523> <sex> <Female> 0 0 0 0
<409898> <sex> <Male> 0 0 0 0
<410235> <sex> <Male> 0 0 0 0
<410327> <sex> <Male> 0 0 0 0
<410358> <sex> <Male> 0 0 0 0
<411499> <sex> <Male> 0 0 0 0
<411548> <sex> <Male> 0 0 0 0
<413142> <sex> <Male> 0 0 0 0
<415403> <sex> <Male> 0 0 0 0
<415582> <sex> <Male> 0 0 0 0
<415779> <sex> <Male> 0 0 0 0
<415918> <sex> <Male> 0 0 0 0
<416139> <sex> <Male> 0 0 0 0
<416308> <sex> <Male> 0 0 0 0
<416424> <sex> <Male> 0 0 0 0
<416473> <sex> <Male> 0 0 0 0
<416478> <sex> <Male> 0 0 0 0
<416567> <sex> <Male> 0 0 0 0
<410230> <sex> <Female> 0 0 0 0
<410105> <sex> <Male> 0 0 0 0
<416840> <sex> <Male> 0 0 0 0
<416939> <sex> <Male> 0 0 0 0
<416965> <sex> <Male> 0 0 0 0
<417107> <sex> <Male> 0 0 0 0
<417170> <sex> <Male> 0 0 0 0
<417430> <sex> <Male> 0 0 0 0
<417454> <sex> <Male> 0 0 0 0
<417475> <sex> <Male> 0 0 0 0
<4201849> <sex> <Male> 0 0 0 0
<4305616> <sex> <Male> 0 0 0 0
<4313402> <sex> <Male> 0 0 0 0
<4313411> <sex> <Male> 0 0 0 0
<4314194> <sex> <Male> 0 0 0 0
<4314309> <sex> <Male> 0 0 0 0
<4600306> <sex> <Male> 0 0 0 0
<4602351> <sex> <Male> 0 0 0 0
<4610265> <sex> <Male> 0 0 0 0
<4611301> <sex> <Male> 0 0 0 0
<4614561> <sex> <Male> 0 0 0 0
<4614562> <sex> <Male> 0 0 0 0
<416851> <sex> <Female> 0 0 0 0
<416951> <sex> <Female> 0 0 0 0
<417417> <sex> <Female> 0 0 0 0
<4312724> <sex> <Female> 0 0 0 0
<4313339> <sex> <Female> 0 0 0 0
<4314193> <sex> <Female> 0 0 0 0
<4613261> <sex> <Female> 0 0 0 0
<4313327> <sex> <Male> 0 0 0 0
<4910496> <sex> <Male> 0 0 0 0
<4910550> <sex> <Male> 0 0 0 0
<4910645> <sex> <Male> 0 0 0 0
<4910682> <sex> <Male> 0 0 0 0
<4910720> <sex> <Male> 0 0 0 0
<4910768> <sex> <Male> 0 0 0 0
<4910866> <sex> <Male> 0 0 0 0
<4910889> <sex> <Male> 0 0 0 0
<4910916> <sex> <Male> 0 0 0 0
<4911023> <sex> <Male> 0 0 0 0
<4911130> <sex> <Male> 0 0 0 0
<4911265> <sex> <Male> 0 0 0 0
<501251> <sex> <Male> 0 0 0 0
<501268> <sex> <Male> 0 0 0 0
<501311> <sex> <Male> 0 0 0 0
<501359> <sex> <Male> 0 0 0 0
<502983> <sex> <Male> 0 0 0 0
<4910841> <sex> <Female> 0 0 0 0
<501341> <sex> <Female> 0 0 0 0
<4911034> <sex> <Male> 0 0 0 0
<503204> <sex> <Male> 0 0 0 0
<503220> <sex> <Male> 0 0 0 0
<503298> <sex> <Male> 0 0 0 0
<503397> <sex> <Male> 0 0 0 0
<503910> <sex> <Male> 0 0 0 0
<503916> <sex> <Male> 0 0 0 0
<503919> <sex> <Male> 0 0 0 0
<503966> <sex> <Male> 0 0 0 0
<507580> <sex> <Male> 0 0 0 0
<507724> <sex> <Male> 0 0 0 0
<507729> <sex> <Male> 0 0 0 0
<507775> <sex> <Male> 0 0 0 0
<507787> <sex> <Male> 0 0 0 0
<507796> <sex> <Male> 0 0 0 0
<507893> <sex> <Male> 0 0 0 0
<507908> <sex> <Male> 0 0 0 0
<508046> <sex> <Male> 0 0 0 0
<508124> <sex> <Male> 0 0 0 0
<503416> <sex> <Female> 0 0 0 0
<503867> <sex> <Female> 0 0 0 0
<503931> <sex> <Female> 0 0 0 0
<508024> <sex> <Female> 0 0 0 0
<508174> <sex> <Female> 0 0 0 0
<508192> <sex> <Female> 0 0 0 0
<508232> <sex> <Female> 0 0 0 0
<507560> <sex> <Male> 0 0 0 0
<508205> <sex> <Male> 0 0 0 0
<508305> <sex> <Male> 0 0 0 0
<508372> <sex> <Male> 0 0 0 0
<508382> <sex> <Male> 0 0 0 0
<508386> <sex> <Male> 0 0 0 0
<508413> <sex> <Male> 0 0 0 0
<508416> <sex> <Male> 0 0 0 0
<508445> <sex> <Male> 0 0 0 0
<508450> <sex> <Male> 0 0 0 0
<509007> <sex> <Male> 0 0 0 0
<509025> <sex> <Male> 0 0 0 0
<509033> <sex> <Male> 0 0 0 0
<509061> <sex> <Male> 0 0 0 0
<509074> <sex> <Male> 0 0 0 0
<509104> <sex> <Male> 0 0 0 0
<509146> <sex> <Male> 0 0 0 0
<509354> <sex> <Male> 0 0 0 0
<5102779> <sex> <Male> 0 0 0 0
<5102819> <sex> <Male> 0 0 0 0
<5102826> <sex> <Male> 0 0 0 0
<5102956> <sex> <Male> 0 0 0 0
<5103162> <sex> <Male> 0 0 0 0
<5103225> <sex> <Male> 0 0 0 0
<508499> <sex> <Female> 0 0 0 0
<508400> <sex> <Male> 0 0 0 0
<508997> <sex> <Male> 0 0 0 0
<509078> <sex> <Male> 0 0 0 0
<5103316> <sex> <Male> 0 0 0 0
<5103345> <sex> <Male> 0 0 0 0
<5103616> <sex> <Male> 0 0 0 0
<5103649> <sex> <Male> 0 0 0 0
<5104168> <sex> <Male> 0 0 0 0
<5104229> <sex> <Male> 0 0 0 0
<5104449> <sex> <Male> 0 0 0 0
<5106558> <sex> <Male> 0 0 0 0
<5106576> <sex> <Male> 0 0 0 0
<5106770> <sex> <Male> 0 0 0 0
<5106800> <sex> <Male> 0 0 0 0
<5106880> <sex> <Male> 0 0 0 0
<5107015> <sex> <Male> 0 0 0 0
<5107028> <sex> <Male> 0 0 0 0
<5107363> <sex> <Male> 0 0 0 0
<5107507> <sex> <Male> 0 0 0 0
<5109587> <sex> <Male> 0 0 0 0
<5109727> <sex> <Male> 0 0 0 0
<5109842> <sex> <Male> 0 0 0 0
<5110354> <sex> <Male> 0 0 0 0
<5103763> <sex> <Female> 0 0 0 0
<5104123> <sex> <Female> 0 0 0 0
<5104483> <sex> <Female> 0 0 0 0
<5109129> <sex> <Female> 0 0 0 0
<5109585> <sex> <Female> 0 0 0 0
<5109638> <sex> <Female> 0 0 0 0
<5103342> <sex> <Male> 0 0 0 0
<5106484> <sex> <Male> 0 0 0 0
<5106934> <sex> <Male> 0 0 0 0
<5110938> <sex> <Male> 0 0 0 0
<5111895> <sex> <Male> 0 0 0 0
<5112300> <sex> <Male> 0 0 0 0
<5112917> <sex> <Male> 0 0 0 0
<5114548> <sex> <Male> 0 0 0 0
<5115411> <sex> <Male> 0 0 0 0
<5115860> <sex> <Male> 0 0 0 0
<5115888> <sex> <Male> 0 0 0 0
<5116848> <sex> <Male> 0 0 0 0
<5116879> <sex> <Male> 0 0 0 0
<512356> <sex> <Male> 0 0 0 0
<512462> <sex> <Male> 0 0 0 0
<512621> <sex> <Male> 0 0 0 0
<513037> <sex> <Male> 0 0 0 0
<513038> <sex> <Male> 0 0 0 0
<513053> <sex> <Male> 0 0 0 0
<513085> <sex> <Male> 0 0 0 0
<513087> <sex> <Male> 0 0 0 0
<513145> <sex> <Male> 0 0 0 0
<513164> <sex> <Male> 0 0 0 0
<513166> <sex> <Male> 0 0 0 0
<5112106> <sex> <Female> 0 0 0 0
<5114566> <sex> <Female> 0 0 0 0
<5116042> <sex> <Female> 0 0 0 0
<5116141> <sex> <Female> 0 0 0 0
<5117583> <sex> <Female> 0 0 0 0
<512389> <sex> <Female> 0 0 0 0
<512414> <sex> <Female> 0 0 0 0
<512616> <sex> <Female> 0 0 0 0
<512809> <sex> <Female> 0 0 0 0
<5113216> <sex> <Male> 0 0 0 0
<513504> <sex> <Male> 0 0 0 0
<513582> <sex> <Male> 0 0 0 0
<513613> <sex> <Male> 0 0 0 0
<513652> <sex> <Male> 0 0 0 0
<513767> <sex> <Male> 0 0 0 0
<513809> <sex> <Male> 0 0 0 0
<513835> <sex> <Male> 0 0 0 0
<513884> <sex> <Male> 0 0 0 0
<513942> <sex> <Male> 0 0 0 0
<513951> <sex> <Male> 0 0 0 0
<513976> <sex> <Male> 0 0 0 0
<513989> <sex> <Male> 0 0 0 0
<514093> <sex> <Male> 0 0 0 0
<514255> <sex> <Male> 0 0 0 0
<514304> <sex> <Male> 0 0 0 0
<514364> <sex> <Male> 0 0 0 0
<514371> <sex> <Male> 0 0 0 0
<514446> <sex> <Male> 0 0 0 0
<514453> <sex> <Male> 0 0 0 0
<513576> <sex> <Female> 0 0 0 0
<513745> <sex> <Female> 0 0 0 0
<513954> <sex> <Female> 0 0 0 0
<514112> <sex> <Female> 0 0 0 0
<514115> <sex> <Female> 0 0 0 0
<514128> <sex> <Female> 0 0 0 0
<514210> <sex> <Female> 0 0 0 0
<515731> <sex> <Female> 0 0 0 0
<513736> <sex> <Male> 0 0 0 0
<516269> <sex> <Male> 0 0 0 0
<516987> <sex> <Male> 0 0 0 0
<516988> <sex> <Male> 0 0 0 0
<5301600> <sex> <Male> 0 0 0 0
<5301981> <sex> <Male> 0 0 0 0
<5304660> <sex> <Male> 0 0 0 0
<5304765> <sex> <Male> 0 0 0 0
<5312951> <sex> <Male> 0 0 0 0
<5313192> <sex> <Male> 0 0 0 0
<5313462> <sex> <Male> 0 0 0 0
<5313674> <sex> <Male> 0 0 0 0
<5313704> <sex> <Male> 0 0 0 0
<516192> <sex> <Female> 0 0 0 0
<5301872> <sex> <Female> 0 0 0 0
<5304450> <sex> <Female> 0 0 0 0
<5305963> <sex> <Female> 0 0 0 0
<5314041> <sex> <Male> 0 0 0 0
<5314385> <sex> <Male> 0 0 0 0
<5314683> <sex> <Male> 0 0 0 0
<5315002> <sex> <Male> 0 0 0 0
<5315033> <sex> <Male> 0 0 0 0
<5315063> <sex> <Male> 0 0 0 0
<5315116> <sex> <Male> 0 0 0 0
<5315240> <sex> <Male> 0 0 0 0
<5315284> <sex> <Male> 0 0 0 0
<5315336> <sex> <Male> 0 0 0 0
<5315424> <sex> <Male> 0 0 0 0
<5315568> <sex> <Male> 0 0 0 0
<5315570> <sex> <Male> 0 0 0 0
<5315596> <sex> <Male> 0 0 0 0
<5315611> <sex> <Male> 0 0 0 0
<5315665> <sex> <Male> 0 0 0 0
<5315872> <sex> <Male> 0 0 0 0
<5316044> <sex> <Male> 0 0 0 0
<5316168> <sex> <Male> 0 0 0 0
<5316254> <sex> <Male> 0 0 0 0
<5316260> <sex> <Male> 0 0 0 0
<5316292> <sex> <Male> 0 0 0 0
<5316515> <sex> <Male> 0 0 0 0
<5316589> <sex> <Male> 0 0 0 0
<5317136> <sex> <Male> 0 0 0 0
<5317232> <sex> <Male> 0 0 0 0
<5317384> <sex> <Male> 0 0 0 0
<5314897> <sex> <Female> 0 0 0 0
<5315386> <sex> <Female> 0 0 0 0
<5315995> <sex> <Female> 0 0 0 0
<5316303> <sex> <Female> 0 0 0 0
<5316400> <sex> <Female> 0 0 0 0
<5316903> <sex> <Female> 0 0 0 0
<5314979> <sex> <Male> 0 0 0 0
<5315429> <sex> <Male> 0 0 0 0
<5315847> <sex> <Male> 0 0 0 0
<5315968> <sex> <Male> 0 0 0 0
<5315985> <sex> <Male> 0 0 0 0
<5316046> <sex> <Male> 0 0 0 0
<5317386> <sex> <Male> 0 0 0 0
<5505386> <sex> <Male> 0 0 0 0
<5510631> <sex> <Male> 0 0 0 0
<5814969> <sex> <Male> 0 0 0 0
<5815157> <sex> <Male> 0 0 0 0
<6300237> <sex> <Male> 0 0 0 0
<6300371> <sex> <Male> 0 0 0 0
<6300669> <sex> <Male> 0 0 0 0
<6300709> <sex> <Male> 0 0 0 0
<6301771> <sex> <Male> 0 0 0 0
<6304786> <sex> <Male> 0 0 0 0
<6311511> <sex> <Male> 0 0 0 0
<6311831> <sex> <Male> 0 0 0 0
<6311988> <sex> <Male> 0 0 0 0
<6312035> <sex> <Male> 0 0 0 0
<6312757> <sex> <Male> 0 0 0 0
<6313243> <sex> <Male> 0 0 0 0
<6313434> <sex> <Male> 0 0 0 0
<5505273> <sex> <Female> 0 0 0 0
<5510248> <sex> <Female> 0 0 0 0
<6300215> <sex> <Female> 0 0 0 0
<6300241> <sex> <Female> 0 0 0 0
<6311828> <sex> <Female> 0 0 0 0
<5502531> <sex> <Male> 0 0 0 0
<5504722> <sex> <Male> 0 0 0 0
<6311566> <sex> <Male> 0 0 0 0
<6313604> <sex> <Male> 0 0 0 0
<6315265> <sex> <Male> 0 0 0 0
<6315413> <sex> <Male> 0 0 0 0
<6315536> <sex> <Male> 0 0 0 0
<6315788> <sex> <Male> 0 0 0 0
<6315867> <sex> <Male> 0 0 0 0
<6316009> <sex> <Male> 0 0 0 0
<6316145> <sex> <Male> 0 0 0 0
<6316147> <sex> <Male> 0 0 0 0
<6316330> <sex> <Male> 0 0 0 0
<6316408> <sex> <Male> 0 0 0 0
<6317029> <sex> <Male> 0 0 0 0
<6317374> <sex> <Male> 0 0 0 0
<6400584> <sex> <Male> 0 0 0 0
<6402754> <sex> <Male> 0 0 0 0
<6404039> <sex> <Male> 0 0 0 0
<6605755> <sex> <Male> 0 0 0 0
<6900407> <sex> <Male> 0 0 0 0
<6901061> <sex> <Male> 0 0 0 0
<701642> <sex> <Male> 0 0 0 0
<702151> <sex> <Male> 0 0 0 0
<6315711> <sex> <Female> 0 0 0 0
<6316644> <sex> <Female> 0 0 0 0
<6900828> <sex> <Female> 0 0 0 0
<701596> <sex> <Female> 0 0 0 0
<6314246> <sex> <Male> 0 0 0 0
<6316978> <sex> <Male> 0 0 0 0
<704308> <sex> <Male> 0 0 0 0
<709732> <sex> <Male> 0 0 0 0
<710884> <sex> <Male> 0 0 0 0
<7216775> <sex> <Male> 0 0 0 0
<7216778> <sex> <Male> 0 0 0 0
<7405341> <sex> <Male> 0 0 0 0
<7405347> <sex> <Male> 0 0 0 0
<7408722> <sex> <Male> 0 0 0 0
<7409124> <sex> <Male> 0 0 0 0
<7409151> <sex> <Male> 0 0 0 0
<8306657> <sex> <Male> 0 0 0 0
<8306665> <sex> <Male> 0 0 0 0
<703814> <sex> <Female> 0 0 0 0
<705524> <sex> <Female> 0 0 0 0
<709342> <sex> <Female> 0 0 0 0
<709528> <sex> <Female> 0 0 0 0
<7105602> <sex> <Female> 0 0 0 0
<711015> <sex> <Female> 0 0 0 0
<711018> <sex> <Female> 0 0 0 0
<7404367> <sex> <Female> 0 0 0 0
<7405113> <sex> <Female> 0 0 0 0
<900430> <sex> <Male> 0 0 0 0
<900448> <sex> <Male> 0 0 0 0
<901089> <sex> <Male> 0 0 0 0
<901489> <sex> <Male> 0 0 0 0
<906910> <sex> <Male> 0 0 0 0
<906976> <sex> <Male> 0 0 0 0
<906980> <sex> <Male> 0 0 0 0
<907156> <sex> <Male> 0 0 0 0
<907203> <sex> <Male> 0 0 0 0
<908620> <sex> <Male> 0 0 0 0
<909670> <sex> <Male> 0 0 0 0
<916611> <sex> <Male> 0 0 0 0
<916946> <sex> <Male> 0 0 0 0
<916998> <sex> <Male> 0 0 0 0
<917160> <sex> <Male> 0 0 0 0
<9407206> <sex> <Male> 0 0 0 0
<9407280> <sex> <Male> 0 0 0 0
<9408684> <sex> <Male> 0 0 0 0
<901145> <sex> <Female> 0 0 0 0
<901154> <sex> <Female> 0 0 0 0
<906906> <sex> <Female> 0 0 0 0
<906938> <sex> <Female> 0 0 0 0
<907202> <sex> <Female> 0 0 0 0
<907700> <sex> <Female> 0 0 0 0
<908676> <sex> <Female> 0 0 0 0
<908785> <sex> <Female> 0 0 0 0
<911694> <sex> <Female> 0 0 0 0
<906954> <sex> <Male> 0 0 0 0
<9408685> <sex> <Male> 0 0 0 0
<9408891> <sex> <Male> 0 0 0 0
<9409964> <sex> <Male> 0 0 0 0
<9413546> <sex> <Male> 0 0 0 0
<9413651> <sex> <Male> 0 0 0 0
<9414077> <sex> <Male> 0 0 0 0
<9417551> <sex> <Male> 0 0 0 0
<9703888> <sex> <Male> 0 0 0 0
<9708701> <sex> <Male> 0 0 0 0
<9712293> <sex> <Male> 0 0 0 0
<9712641> <sex> <Male> 0 0 0 0
<9713410> <sex> <Male> 0 0 0 0
<9804314> <sex> <Male> 0 0 0 0
<9912933> <sex> <Male> 0 0 0 0
<9913132> <sex> <Male> 0 0 0 0
<9417523> <sex> <Female> 0 0 0 0
<9703886> <sex> <Female> 0 0 0 0
<9704021> <sex> <Female> 0 0 0 0
<9708865> <sex> <Female> 0 0 0 0
<9710080> <sex> <Female> 0 0 0 0
<9911653> <sex> <Female> 0 0 0 0
<9414066> <sex> <Male> 0 0 0 0
<9415463> <sex> <Male> 0 0 0 0
<9704795> <sex> <Male> 0 0 0 0
<9911643> <sex> <Male> 0 0 0 0
<204299> <sex> <Male> 0 0 0 0
<2100808> <sex> <Male> 0 0 0 0
<2300032> <sex> <Male> 0 0 0 0
<2813854> <sex> <Male> 0 0 0 0
<3805443> <sex> <Male> 0 0 0 0
<4911037> <sex> <Male> 0 0 0 0
<516640> <sex> <Male> 0 0 0 0
<9911092> <sex> <Male> 0 0 0 0
<11312298> <sex> <Female> 0 0 0 0
<5107459> <sex> <Female> 0 0 0 0
<5116401> <sex> <Female> 0 0 0 0
<6315991> <sex> <Female> 0 0 0 0
<7013770> <sex> <Female> 0 0 0 0
<1007344> <sex> <Female> 0 0 0 0
<102127> <sex> <Female> 0 0 0 0
<109630> <sex> <Female> 0 0 0 0
<1213292> <sex> <Female> 0 0 0 0
<1305473> <sex> <Female> 0 0 0 0
<1315085> <sex> <Female> 0 0 0 0
<2101074> <sex> <Female> 0 0 0 0
<211021> <sex> <Female> 0 0 0 0
<2305154> <sex> <Female> 0 0 0 0
<2905700> <sex> <Female> 0 0 0 0
<2910926> <sex> <Female> 0 0 0 0
<2911375> <sex> <Female> 0 0 0 0
<304811> <sex> <Female> 0 0 0 0
<314392> <sex> <Female> 0 0 0 0
<409920> <sex> <Female> 0 0 0 0
<415181> <sex> <Female> 0 0 0 0
<416529> <sex> <Female> 0 0 0 0
<4201851> <sex> <Female> 0 0 0 0
<501270> <sex> <Female> 0 0 0 0
<5103510> <sex> <Female> 0 0 0 0
<5108858> <sex> <Female> 0 0 0 0
<513636> <sex> <Female> 0 0 0 0
<513639> <sex> <Female> 0 0 0 0
<514314> <sex> <Female> 0 0 0 0
<517563> <sex> <Female> 0 0 0 0
<5312480> <sex> <Female> 0 0 0 0
<5316343> <sex> <Female> 0 0 0 0
<6311506> <sex> <Female> 0 0 0 0
<6312848> <sex> <Female> 0 0 0 0
<710812> <sex> <Female> 0 0 0 0
<7717055> <sex> <Female> 0 0 0 0
