<100408> <hasCurrentCancerType> <patient_with_Non_small_cell_lung_cancer> 0 0 0 0
<1006640> <hasCurrentCancerType> <patient_with_Non_small_cell_lung_cancer> 0 0 0 0
<1009249> <hasCurrentCancerType> <patient_with_Non_small_cell_lung_cancer> 0 0 0 0
<101715> <hasCurrentCancerType> <patient_with_Non_small_cell_lung_cancer> 0 0 0 0
<102127> <hasCurrentCancerType> <patient_with_Non_small_cell_lung_cancer> 0 0 0 0
<102073> <hasCurrentCancerType> <patient_with_Non_small_cell_lung_cancer> 0 0 0 0
<103755> <hasCurrentCancerType> <patient_with_Non_small_cell_lung_cancer> 0 0 0 0
<104468> <hasCurrentCancerType> <patient_with_Non_small_cell_lung_cancer> 0 0 0 0
<10606701> <hasCurrentCancerType> <patient_with_Non_small_cell_lung_cancer> 0 0 0 0
<10610006> <hasCurrentCancerType> <patient_with_Non_small_cell_lung_cancer> 0 0 0 0
<10610643> <hasCurrentCancerType> <patient_with_Non_small_cell_lung_cancer> 0 0 0 0
<10612109> <hasCurrentCancerType> <patient_with_Non_small_cell_lung_cancer> 0 0 0 0
<10613178> <hasCurrentCancerType> <Small_cell_lung_cancer> 0 0 0 0
<107949> <hasCurrentCancerType> <patient_with_Non_small_cell_lung_cancer> 0 0 0 0
<107952> <hasCurrentCancerType> <patient_with_Non_small_cell_lung_cancer> 0 0 0 0
<107959> <hasCurrentCancerType> <patient_with_Non_small_cell_lung_cancer> 0 0 0 0
<108005> <hasCurrentCancerType> <patient_with_Non_small_cell_lung_cancer> 0 0 0 0
<10800999> <hasCurrentCancerType> <patient_with_Non_small_cell_lung_cancer> 0 0 0 0
<10815371> <hasCurrentCancerType> <patient_with_Non_small_cell_lung_cancer> 0 0 0 0
<108318> <hasCurrentCancerType> <patient_with_Non_small_cell_lung_cancer> 0 0 0 0
<108342> <hasCurrentCancerType> <patient_with_Non_small_cell_lung_cancer> 0 0 0 0
<109398> <hasCurrentCancerType> <patient_with_Non_small_cell_lung_cancer> 0 0 0 0
<109477> <hasCurrentCancerType> <patient_with_Non_small_cell_lung_cancer> 0 0 0 0
<109606> <hasCurrentCancerType> <patient_with_Non_small_cell_lung_cancer> 0 0 0 0
<109416> <hasCurrentCancerType> <Epithelial_thumic_tumor> 0 0 0 0
<10612121> <hasCurrentCancerType> <Small_cell_lung_cancer> 0 0 0 0
<107818> <hasCurrentCancerType> <patient_with_Non_small_cell_lung_cancer> 0 0 0 0
<108172> <hasCurrentCancerType> <patient_with_Non_small_cell_lung_cancer> 0 0 0 0
<110251> <hasCurrentCancerType> <patient_with_Non_small_cell_lung_cancer> 0 0 0 0
<111989> <hasCurrentCancerType> <patient_with_Non_small_cell_lung_cancer> 0 0 0 0
<112112> <hasCurrentCancerType> <patient_with_Non_small_cell_lung_cancer> 0 0 0 0
<112174> <hasCurrentCancerType> <patient_with_Non_small_cell_lung_cancer> 0 0 0 0
<112540> <hasCurrentCancerType> <Small_cell_lung_cancer> 0 0 0 0
<11312266> <hasCurrentCancerType> <Mesothelioma> 0 0 0 0
<11312267> <hasCurrentCancerType> <patient_with_Non_small_cell_lung_cancer> 0 0 0 0
<11312417> <hasCurrentCancerType> <patient_with_Non_small_cell_lung_cancer> 0 0 0 0
<11312470> <hasCurrentCancerType> <Small_cell_lung_cancer> 0 0 0 0
<11313510> <hasCurrentCancerType> <patient_with_Non_small_cell_lung_cancer> 0 0 0 0
<11313615> <hasCurrentCancerType> <patient_with_Non_small_cell_lung_cancer> 0 0 0 0
<11313860> <hasCurrentCancerType> <patient_with_Non_small_cell_lung_cancer> 0 0 0 0
<11313931> <hasCurrentCancerType> <patient_with_Non_small_cell_lung_cancer> 0 0 0 0
<11315836> <hasCurrentCancerType> <patient_with_Non_small_cell_lung_cancer> 0 0 0 0
<11317212> <hasCurrentCancerType> <patient_with_Non_small_cell_lung_cancer> 0 0 0 0
<11405988> <hasCurrentCancerType> <patient_with_Non_small_cell_lung_cancer> 0 0 0 0
<116560> <hasCurrentCancerType> <patient_with_Non_small_cell_lung_cancer> 0 0 0 0
<116633> <hasCurrentCancerType> <patient_with_Non_small_cell_lung_cancer> 0 0 0 0
<11911405> <hasCurrentCancerType> <patient_with_Non_small_cell_lung_cancer> 0 0 0 0
<111417> <hasCurrentCancerType> <patient_with_Non_small_cell_lung_cancer> 0 0 0 0
<11312283> <hasCurrentCancerType> <patient_with_Non_small_cell_lung_cancer> 0 0 0 0
<11314107> <hasCurrentCancerType> <patient_with_Non_small_cell_lung_cancer> 0 0 0 0
<11911852> <hasCurrentCancerType> <patient_with_Non_small_cell_lung_cancer> 0 0 0 0
<1200456> <hasCurrentCancerType> <patient_with_Non_small_cell_lung_cancer> 0 0 0 0
<1201023> <hasCurrentCancerType> <patient_with_Non_small_cell_lung_cancer> 0 0 0 0
<1201096> <hasCurrentCancerType> <Small_cell_lung_cancer> 0 0 0 0
<1201106> <hasCurrentCancerType> <Small_cell_lung_cancer> 0 0 0 0
<1201125> <hasCurrentCancerType> <patient_with_Non_small_cell_lung_cancer> 0 0 0 0
<1202408> <hasCurrentCancerType> <patient_with_Non_small_cell_lung_cancer> 0 0 0 0
<1213217> <hasCurrentCancerType> <patient_with_Non_small_cell_lung_cancer> 0 0 0 0
<1213625> <hasCurrentCancerType> <patient_with_Non_small_cell_lung_cancer> 0 0 0 0
<1214019> <hasCurrentCancerType> <patient_with_Non_small_cell_lung_cancer> 0 0 0 0
<1214682> <hasCurrentCancerType> <patient_with_Non_small_cell_lung_cancer> 0 0 0 0
<1214873> <hasCurrentCancerType> <Small_cell_lung_cancer> 0 0 0 0
<1214923> <hasCurrentCancerType> <patient_with_Non_small_cell_lung_cancer> 0 0 0 0
<1216676> <hasCurrentCancerType> <patient_with_Non_small_cell_lung_cancer> 0 0 0 0
<12913966> <hasCurrentCancerType> <patient_with_Non_small_cell_lung_cancer> 0 0 0 0
<12914464> <hasCurrentCancerType> <Small_cell_lung_cancer> 0 0 0 0
<12914819> <hasCurrentCancerType> <patient_with_Non_small_cell_lung_cancer> 0 0 0 0
<12914841> <hasCurrentCancerType> <patient_with_Non_small_cell_lung_cancer> 0 0 0 0
<12915098> <hasCurrentCancerType> <patient_with_Non_small_cell_lung_cancer> 0 0 0 0
<12915113> <hasCurrentCancerType> <patient_with_Non_small_cell_lung_cancer> 0 0 0 0
<1202334> <hasCurrentCancerType> <patient_with_Non_small_cell_lung_cancer> 0 0 0 0
<1300152> <hasCurrentCancerType> <patient_with_Non_small_cell_lung_cancer> 0 0 0 0
<1300643> <hasCurrentCancerType> <patient_with_Non_small_cell_lung_cancer> 0 0 0 0
<1300690> <hasCurrentCancerType> <patient_with_Non_small_cell_lung_cancer> 0 0 0 0
<1300790> <hasCurrentCancerType> <patient_with_Non_small_cell_lung_cancer> 0 0 0 0
<1301887> <hasCurrentCancerType> <patient_with_Non_small_cell_lung_cancer> 0 0 0 0
<1301928> <hasCurrentCancerType> <patient_with_Non_small_cell_lung_cancer> 0 0 0 0
<1301932> <hasCurrentCancerType> <patient_with_Non_small_cell_lung_cancer> 0 0 0 0
<1301997> <hasCurrentCancerType> <patient_with_Non_small_cell_lung_cancer> 0 0 0 0
<1302061> <hasCurrentCancerType> <patient_with_Non_small_cell_lung_cancer> 0 0 0 0
<1302245> <hasCurrentCancerType> <patient_with_Non_small_cell_lung_cancer> 0 0 0 0
<1302643> <hasCurrentCancerType> <patient_with_Non_small_cell_lung_cancer> 0 0 0 0
<1302932> <hasCurrentCancerType> <patient_with_Non_small_cell_lung_cancer> 0 0 0 0
<1303305> <hasCurrentCancerType> <patient_with_Non_small_cell_lung_cancer> 0 0 0 0
<1303455> <hasCurrentCancerType> <patient_with_Non_small_cell_lung_cancer> 0 0 0 0
<1303485> <hasCurrentCancerType> <patient_with_Non_small_cell_lung_cancer> 0 0 0 0
<1303776> <hasCurrentCancerType> <patient_with_Non_small_cell_lung_cancer> 0 0 0 0
<1304433> <hasCurrentCancerType> <patient_with_Non_small_cell_lung_cancer> 0 0 0 0
<1305056> <hasCurrentCancerType> <patient_with_Non_small_cell_lung_cancer> 0 0 0 0
<1305445> <hasCurrentCancerType> <patient_with_Non_small_cell_lung_cancer> 0 0 0 0
<1305468> <hasCurrentCancerType> <patient_with_Non_small_cell_lung_cancer> 0 0 0 0
<1305492> <hasCurrentCancerType> <patient_with_Non_small_cell_lung_cancer> 0 0 0 0
<1305527> <hasCurrentCancerType> <patient_with_Non_small_cell_lung_cancer> 0 0 0 0
<1305768> <hasCurrentCancerType> <patient_with_Non_small_cell_lung_cancer> 0 0 0 0
<1306056> <hasCurrentCancerType> <patient_with_Non_small_cell_lung_cancer> 0 0 0 0
<1306185> <hasCurrentCancerType> <patient_with_Non_small_cell_lung_cancer> 0 0 0 0
<1302093> <hasCurrentCancerType> <patient_with_Non_small_cell_lung_cancer> 0 0 0 0
<1305473> <hasCurrentCancerType> <patient_with_Non_small_cell_lung_cancer> 0 0 0 0
<1305529> <hasCurrentCancerType> <patient_with_Non_small_cell_lung_cancer> 0 0 0 0
<1306212> <hasCurrentCancerType> <patient_with_Non_small_cell_lung_cancer> 0 0 0 0
<1306352> <hasCurrentCancerType> <patient_with_Non_small_cell_lung_cancer> 0 0 0 0
<1306712> <hasCurrentCancerType> <patient_with_Non_small_cell_lung_cancer> 0 0 0 0
<1308145> <hasCurrentCancerType> <patient_with_Non_small_cell_lung_cancer> 0 0 0 0
<1309917> <hasCurrentCancerType> <patient_with_Non_small_cell_lung_cancer> 0 0 0 0
<1310220> <hasCurrentCancerType> <patient_with_Non_small_cell_lung_cancer> 0 0 0 0
<1312651> <hasCurrentCancerType> <patient_with_Non_small_cell_lung_cancer> 0 0 0 0
<1313446> <hasCurrentCancerType> <patient_with_Non_small_cell_lung_cancer> 0 0 0 0
<1314032> <hasCurrentCancerType> <patient_with_Non_small_cell_lung_cancer> 0 0 0 0
<1314284> <hasCurrentCancerType> <patient_with_Non_small_cell_lung_cancer> 0 0 0 0
<1314350> <hasCurrentCancerType> <patient_with_Non_small_cell_lung_cancer> 0 0 0 0
<1314609> <hasCurrentCancerType> <patient_with_Non_small_cell_lung_cancer> 0 0 0 0
<1314646> <hasCurrentCancerType> <patient_with_Non_small_cell_lung_cancer> 0 0 0 0
<1314666> <hasCurrentCancerType> <patient_with_Non_small_cell_lung_cancer> 0 0 0 0
<1314809> <hasCurrentCancerType> <patient_with_Non_small_cell_lung_cancer> 0 0 0 0
<1314811> <hasCurrentCancerType> <patient_with_Non_small_cell_lung_cancer> 0 0 0 0
<1314844> <hasCurrentCancerType> <patient_with_Non_small_cell_lung_cancer> 0 0 0 0
<1306317> <hasCurrentCancerType> <patient_with_Non_small_cell_lung_cancer> 0 0 0 0
<1306323> <hasCurrentCancerType> <patient_with_Non_small_cell_lung_cancer> 0 0 0 0
<1308184> <hasCurrentCancerType> <patient_with_Non_small_cell_lung_cancer> 0 0 0 0
<1313362> <hasCurrentCancerType> <patient_with_Non_small_cell_lung_cancer> 0 0 0 0
<1313391> <hasCurrentCancerType> <patient_with_Non_small_cell_lung_cancer> 0 0 0 0
<1314575> <hasCurrentCancerType> <patient_with_Non_small_cell_lung_cancer> 0 0 0 0
<1315053> <hasCurrentCancerType> <patient_with_Non_small_cell_lung_cancer> 0 0 0 0
<1315100> <hasCurrentCancerType> <patient_with_Non_small_cell_lung_cancer> 0 0 0 0
<1315105> <hasCurrentCancerType> <patient_with_Non_small_cell_lung_cancer> 0 0 0 0
<1315261> <hasCurrentCancerType> <patient_with_Non_small_cell_lung_cancer> 0 0 0 0
<1315345> <hasCurrentCancerType> <patient_with_Non_small_cell_lung_cancer> 0 0 0 0
<1315432> <hasCurrentCancerType> <patient_with_Non_small_cell_lung_cancer> 0 0 0 0
<1315436> <hasCurrentCancerType> <patient_with_Non_small_cell_lung_cancer> 0 0 0 0
<1315456> <hasCurrentCancerType> <patient_with_Non_small_cell_lung_cancer> 0 0 0 0
<1315800> <hasCurrentCancerType> <patient_with_Non_small_cell_lung_cancer> 0 0 0 0
<1316026> <hasCurrentCancerType> <patient_with_Non_small_cell_lung_cancer> 0 0 0 0
<1316106> <hasCurrentCancerType> <patient_with_Non_small_cell_lung_cancer> 0 0 0 0
<14705786> <hasCurrentCancerType> <patient_with_Non_small_cell_lung_cancer> 0 0 0 0
<1501047> <hasCurrentCancerType> <patient_with_Non_small_cell_lung_cancer> 0 0 0 0
<1501053> <hasCurrentCancerType> <Small_cell_lung_cancer> 0 0 0 0
<1504862> <hasCurrentCancerType> <Small_cell_lung_cancer> 0 0 0 0
<1315420> <hasCurrentCancerType> <patient_with_Non_small_cell_lung_cancer> 0 0 0 0
<1315434> <hasCurrentCancerType> <patient_with_Non_small_cell_lung_cancer> 0 0 0 0
<14704408> <hasCurrentCancerType> <patient_with_Non_small_cell_lung_cancer> 0 0 0 0
<1506946> <hasCurrentCancerType> <Small_cell_lung_cancer> 0 0 0 0
<1506948> <hasCurrentCancerType> <patient_with_Non_small_cell_lung_cancer> 0 0 0 0
<1509575> <hasCurrentCancerType> <Small_cell_lung_cancer> 0 0 0 0
<1509579> <hasCurrentCancerType> <patient_with_Non_small_cell_lung_cancer> 0 0 0 0
<1511096> <hasCurrentCancerType> <patient_with_Non_small_cell_lung_cancer> 0 0 0 0
<1511174> <hasCurrentCancerType> <patient_with_Non_small_cell_lung_cancer> 0 0 0 0
<1512988> <hasCurrentCancerType> <Small_cell_lung_cancer> 0 0 0 0
<1513565> <hasCurrentCancerType> <patient_with_Non_small_cell_lung_cancer> 0 0 0 0
<1514222> <hasCurrentCancerType> <patient_with_Non_small_cell_lung_cancer> 0 0 0 0
<1516181> <hasCurrentCancerType> <patient_with_Non_small_cell_lung_cancer> 0 0 0 0
<1516301> <hasCurrentCancerType> <patient_with_Non_small_cell_lung_cancer> 0 0 0 0
<1516649> <hasCurrentCancerType> <patient_with_Non_small_cell_lung_cancer> 0 0 0 0
<15700170> <hasCurrentCancerType> <patient_with_Non_small_cell_lung_cancer> 0 0 0 0
<15700571> <hasCurrentCancerType> <patient_with_Non_small_cell_lung_cancer> 0 0 0 0
<15701647> <hasCurrentCancerType> <patient_with_Non_small_cell_lung_cancer> 0 0 0 0
<15704506> <hasCurrentCancerType> <patient_with_Non_small_cell_lung_cancer> 0 0 0 0
<15706138> <hasCurrentCancerType> <patient_with_Non_small_cell_lung_cancer> 0 0 0 0
<15706381> <hasCurrentCancerType> <patient_with_Non_small_cell_lung_cancer> 0 0 0 0
<15706384> <hasCurrentCancerType> <patient_with_Non_small_cell_lung_cancer> 0 0 0 0
<1506933> <hasCurrentCancerType> <patient_with_Non_small_cell_lung_cancer> 0 0 0 0
<1511106> <hasCurrentCancerType> <patient_with_Non_small_cell_lung_cancer> 0 0 0 0
<1516209> <hasCurrentCancerType> <patient_with_Non_small_cell_lung_cancer> 0 0 0 0
<15706414> <hasCurrentCancerType> <patient_with_Non_small_cell_lung_cancer> 0 0 0 0
<15707834> <hasCurrentCancerType> <patient_with_Non_small_cell_lung_cancer> 0 0 0 0
<15709464> <hasCurrentCancerType> <patient_with_Non_small_cell_lung_cancer> 0 0 0 0
<15709796> <hasCurrentCancerType> <patient_with_Non_small_cell_lung_cancer> 0 0 0 0
<15709808> <hasCurrentCancerType> <patient_with_Non_small_cell_lung_cancer> 0 0 0 0
<15714599> <hasCurrentCancerType> <patient_with_Non_small_cell_lung_cancer> 0 0 0 0
<15714634> <hasCurrentCancerType> <Small_cell_lung_cancer> 0 0 0 0
<15714635> <hasCurrentCancerType> <patient_with_Non_small_cell_lung_cancer> 0 0 0 0
<16100626> <hasCurrentCancerType> <Carcinoid_tumor> 0 0 0 0
<1804199> <hasCurrentCancerType> <patient_with_Non_small_cell_lung_cancer> 0 0 0 0
<201613> <hasCurrentCancerType> <Mesothelioma> 0 0 0 0
<201683> <hasCurrentCancerType> <patient_with_Non_small_cell_lung_cancer> 0 0 0 0
<201840> <hasCurrentCancerType> <patient_with_Non_small_cell_lung_cancer> 0 0 0 0
<201915> <hasCurrentCancerType> <Small_cell_lung_cancer> 0 0 0 0
<201951> <hasCurrentCancerType> <patient_with_Non_small_cell_lung_cancer> 0 0 0 0
<202087> <hasCurrentCancerType> <patient_with_Non_small_cell_lung_cancer> 0 0 0 0
<202134> <hasCurrentCancerType> <patient_with_Non_small_cell_lung_cancer> 0 0 0 0
<202216> <hasCurrentCancerType> <Carcinoid_tumor> 0 0 0 0
<202220> <hasCurrentCancerType> <patient_with_Non_small_cell_lung_cancer> 0 0 0 0
<202263> <hasCurrentCancerType> <patient_with_Non_small_cell_lung_cancer> 0 0 0 0
<202280> <hasCurrentCancerType> <Carcinoid_tumor> 0 0 0 0
<202344> <hasCurrentCancerType> <patient_with_Non_small_cell_lung_cancer> 0 0 0 0
<201483> <hasCurrentCancerType> <patient_with_Non_small_cell_lung_cancer> 0 0 0 0
<201539> <hasCurrentCancerType> <patient_with_Non_small_cell_lung_cancer> 0 0 0 0
<202136> <hasCurrentCancerType> <Small_cell_lung_cancer> 0 0 0 0
<203200> <hasCurrentCancerType> <patient_with_Non_small_cell_lung_cancer> 0 0 0 0
<203393> <hasCurrentCancerType> <patient_with_Non_small_cell_lung_cancer> 0 0 0 0
<203544> <hasCurrentCancerType> <patient_with_Non_small_cell_lung_cancer> 0 0 0 0
<203599> <hasCurrentCancerType> <patient_with_Non_small_cell_lung_cancer> 0 0 0 0
<203634> <hasCurrentCancerType> <patient_with_Non_small_cell_lung_cancer> 0 0 0 0
<203974> <hasCurrentCancerType> <patient_with_Non_small_cell_lung_cancer> 0 0 0 0
<204158> <hasCurrentCancerType> <patient_with_Non_small_cell_lung_cancer> 0 0 0 0
<204221> <hasCurrentCancerType> <patient_with_Non_small_cell_lung_cancer> 0 0 0 0
<204225> <hasCurrentCancerType> <patient_with_Non_small_cell_lung_cancer> 0 0 0 0
<204278> <hasCurrentCancerType> <patient_with_Non_small_cell_lung_cancer> 0 0 0 0
<204280> <hasCurrentCancerType> <patient_with_Non_small_cell_lung_cancer> 0 0 0 0
<204404> <hasCurrentCancerType> <patient_with_Non_small_cell_lung_cancer> 0 0 0 0
<204538> <hasCurrentCancerType> <patient_with_Non_small_cell_lung_cancer> 0 0 0 0
<204559> <hasCurrentCancerType> <patient_with_Non_small_cell_lung_cancer> 0 0 0 0
<204595> <hasCurrentCancerType> <patient_with_Non_small_cell_lung_cancer> 0 0 0 0
<204734> <hasCurrentCancerType> <patient_with_Non_small_cell_lung_cancer> 0 0 0 0
<204836> <hasCurrentCancerType> <patient_with_Non_small_cell_lung_cancer> 0 0 0 0
<205559> <hasCurrentCancerType> <patient_with_Non_small_cell_lung_cancer> 0 0 0 0
<205588> <hasCurrentCancerType> <patient_with_Non_small_cell_lung_cancer> 0 0 0 0
<205960> <hasCurrentCancerType> <patient_with_Non_small_cell_lung_cancer> 0 0 0 0
<206055> <hasCurrentCancerType> <Small_cell_lung_cancer> 0 0 0 0
<206721> <hasCurrentCancerType> <patient_with_Non_small_cell_lung_cancer> 0 0 0 0
<207049> <hasCurrentCancerType> <patient_with_Non_small_cell_lung_cancer> 0 0 0 0
<207178> <hasCurrentCancerType> <patient_with_Non_small_cell_lung_cancer> 0 0 0 0
<207230> <hasCurrentCancerType> <patient_with_Non_small_cell_lung_cancer> 0 0 0 0
<207791> <hasCurrentCancerType> <patient_with_Non_small_cell_lung_cancer> 0 0 0 0
<205359> <hasCurrentCancerType> <patient_with_Non_small_cell_lung_cancer> 0 0 0 0
<207935> <hasCurrentCancerType> <patient_with_Non_small_cell_lung_cancer> 0 0 0 0
<207996> <hasCurrentCancerType> <patient_with_Non_small_cell_lung_cancer> 0 0 0 0
<208147> <hasCurrentCancerType> <patient_with_Non_small_cell_lung_cancer> 0 0 0 0
<209490> <hasCurrentCancerType> <Small_cell_lung_cancer> 0 0 0 0
<209904> <hasCurrentCancerType> <patient_with_Non_small_cell_lung_cancer> 0 0 0 0
<210028> <hasCurrentCancerType> <patient_with_Non_small_cell_lung_cancer> 0 0 0 0
<2100660> <hasCurrentCancerType> <patient_with_Non_small_cell_lung_cancer> 0 0 0 0
<2100666> <hasCurrentCancerType> <patient_with_Non_small_cell_lung_cancer> 0 0 0 0
<2100744> <hasCurrentCancerType> <patient_with_Non_small_cell_lung_cancer> 0 0 0 0
<2100805> <hasCurrentCancerType> <patient_with_Non_small_cell_lung_cancer> 0 0 0 0
<2100806> <hasCurrentCancerType> <patient_with_Non_small_cell_lung_cancer> 0 0 0 0
<2100881> <hasCurrentCancerType> <patient_with_Non_small_cell_lung_cancer> 0 0 0 0
<210106> <hasCurrentCancerType> <patient_with_Non_small_cell_lung_cancer> 0 0 0 0
<2101161> <hasCurrentCancerType> <patient_with_Non_small_cell_lung_cancer> 0 0 0 0
<2101431> <hasCurrentCancerType> <patient_with_Non_small_cell_lung_cancer> 0 0 0 0
<2101458> <hasCurrentCancerType> <patient_with_Non_small_cell_lung_cancer> 0 0 0 0
<210175> <hasCurrentCancerType> <Small_cell_lung_cancer> 0 0 0 0
<2101881> <hasCurrentCancerType> <patient_with_Non_small_cell_lung_cancer> 0 0 0 0
<2102404> <hasCurrentCancerType> <patient_with_Non_small_cell_lung_cancer> 0 0 0 0
<2102594> <hasCurrentCancerType> <patient_with_Non_small_cell_lung_cancer> 0 0 0 0
<2102644> <hasCurrentCancerType> <patient_with_Non_small_cell_lung_cancer> 0 0 0 0
<2102765> <hasCurrentCancerType> <patient_with_Non_small_cell_lung_cancer> 0 0 0 0
<2107119> <hasCurrentCancerType> <patient_with_Non_small_cell_lung_cancer> 0 0 0 0
<2107765> <hasCurrentCancerType> <patient_with_Non_small_cell_lung_cancer> 0 0 0 0
<2107865> <hasCurrentCancerType> <Mesothelioma> 0 0 0 0
<2100738> <hasCurrentCancerType> <patient_with_Non_small_cell_lung_cancer> 0 0 0 0
<210451> <hasCurrentCancerType> <patient_with_Non_small_cell_lung_cancer> 0 0 0 0
<211207> <hasCurrentCancerType> <patient_with_Non_small_cell_lung_cancer> 0 0 0 0
<211245> <hasCurrentCancerType> <patient_with_Non_small_cell_lung_cancer> 0 0 0 0
<2114401> <hasCurrentCancerType> <patient_with_Non_small_cell_lung_cancer> 0 0 0 0
<2114409> <hasCurrentCancerType> <patient_with_Non_small_cell_lung_cancer> 0 0 0 0
<2114610> <hasCurrentCancerType> <patient_with_Non_small_cell_lung_cancer> 0 0 0 0
<2115499> <hasCurrentCancerType> <Small_cell_lung_cancer> 0 0 0 0
<211898> <hasCurrentCancerType> <patient_with_Non_small_cell_lung_cancer> 0 0 0 0
<212492> <hasCurrentCancerType> <patient_with_Non_small_cell_lung_cancer> 0 0 0 0
<212569> <hasCurrentCancerType> <Small_cell_lung_cancer> 0 0 0 0
<212791> <hasCurrentCancerType> <patient_with_Non_small_cell_lung_cancer> 0 0 0 0
<213236> <hasCurrentCancerType> <patient_with_Non_small_cell_lung_cancer> 0 0 0 0
<213302> <hasCurrentCancerType> <patient_with_Non_small_cell_lung_cancer> 0 0 0 0
<213811> <hasCurrentCancerType> <patient_with_Non_small_cell_lung_cancer> 0 0 0 0
<214238> <hasCurrentCancerType> <patient_with_Non_small_cell_lung_cancer> 0 0 0 0
<214466> <hasCurrentCancerType> <patient_with_Non_small_cell_lung_cancer> 0 0 0 0
<215279> <hasCurrentCancerType> <patient_with_Non_small_cell_lung_cancer> 0 0 0 0
<215379> <hasCurrentCancerType> <patient_with_Non_small_cell_lung_cancer> 0 0 0 0
<215667> <hasCurrentCancerType> <patient_with_Non_small_cell_lung_cancer> 0 0 0 0
<216137> <hasCurrentCancerType> <patient_with_Non_small_cell_lung_cancer> 0 0 0 0
<217085> <hasCurrentCancerType> <patient_with_Non_small_cell_lung_cancer> 0 0 0 0
<2300013> <hasCurrentCancerType> <patient_with_Non_small_cell_lung_cancer> 0 0 0 0
<2300019> <hasCurrentCancerType> <patient_with_Non_small_cell_lung_cancer> 0 0 0 0
<2300149> <hasCurrentCancerType> <patient_with_Non_small_cell_lung_cancer> 0 0 0 0
<2300548> <hasCurrentCancerType> <patient_with_Non_small_cell_lung_cancer> 0 0 0 0
<2300610> <hasCurrentCancerType> <Small_cell_lung_cancer> 0 0 0 0
<2301079> <hasCurrentCancerType> <patient_with_Non_small_cell_lung_cancer> 0 0 0 0
<2301151> <hasCurrentCancerType> <patient_with_Non_small_cell_lung_cancer> 0 0 0 0
<214550> <hasCurrentCancerType> <patient_with_Non_small_cell_lung_cancer> 0 0 0 0
<2303532> <hasCurrentCancerType> <patient_with_Non_small_cell_lung_cancer> 0 0 0 0
<2303822> <hasCurrentCancerType> <Small_cell_lung_cancer> 0 0 0 0
<2303895> <hasCurrentCancerType> <Small_cell_lung_cancer> 0 0 0 0
<2304145> <hasCurrentCancerType> <patient_with_Non_small_cell_lung_cancer> 0 0 0 0
<2304399> <hasCurrentCancerType> <patient_with_Non_small_cell_lung_cancer> 0 0 0 0
<2304634> <hasCurrentCancerType> <patient_with_Non_small_cell_lung_cancer> 0 0 0 0
<2304848> <hasCurrentCancerType> <patient_with_Non_small_cell_lung_cancer> 0 0 0 0
<2305022> <hasCurrentCancerType> <patient_with_Non_small_cell_lung_cancer> 0 0 0 0
<2305271> <hasCurrentCancerType> <patient_with_Non_small_cell_lung_cancer> 0 0 0 0
<2305280> <hasCurrentCancerType> <patient_with_Non_small_cell_lung_cancer> 0 0 0 0
<2309461> <hasCurrentCancerType> <Small_cell_lung_cancer> 0 0 0 0
<2309468> <hasCurrentCancerType> <patient_with_Non_small_cell_lung_cancer> 0 0 0 0
<2310243> <hasCurrentCancerType> <patient_with_Non_small_cell_lung_cancer> 0 0 0 0
<2310510> <hasCurrentCancerType> <Small_cell_lung_cancer> 0 0 0 0
<2310591> <hasCurrentCancerType> <patient_with_Non_small_cell_lung_cancer> 0 0 0 0
<2311652> <hasCurrentCancerType> <patient_with_Non_small_cell_lung_cancer> 0 0 0 0
<2311681> <hasCurrentCancerType> <patient_with_Non_small_cell_lung_cancer> 0 0 0 0
<2311938> <hasCurrentCancerType> <patient_with_Non_small_cell_lung_cancer> 0 0 0 0
<2312286> <hasCurrentCancerType> <patient_with_Non_small_cell_lung_cancer> 0 0 0 0
<2312541> <hasCurrentCancerType> <patient_with_Non_small_cell_lung_cancer> 0 0 0 0
<2312896> <hasCurrentCancerType> <patient_with_Non_small_cell_lung_cancer> 0 0 0 0
<2405614> <hasCurrentCancerType> <patient_with_Non_small_cell_lung_cancer> 0 0 0 0
<2306174> <hasCurrentCancerType> <patient_with_Non_small_cell_lung_cancer> 0 0 0 0
<2311634> <hasCurrentCancerType> <patient_with_Non_small_cell_lung_cancer> 0 0 0 0
<2406201> <hasCurrentCancerType> <patient_with_Non_small_cell_lung_cancer> 0 0 0 0
<2407220> <hasCurrentCancerType> <patient_with_Non_small_cell_lung_cancer> 0 0 0 0
<2507353> <hasCurrentCancerType> <patient_with_Non_small_cell_lung_cancer> 0 0 0 0
<2513350> <hasCurrentCancerType> <patient_with_Non_small_cell_lung_cancer> 0 0 0 0
<2801875> <hasCurrentCancerType> <patient_with_Non_small_cell_lung_cancer> 0 0 0 0
<2804386> <hasCurrentCancerType> <patient_with_Non_small_cell_lung_cancer> 0 0 0 0
<2804485> <hasCurrentCancerType> <patient_with_Non_small_cell_lung_cancer> 0 0 0 0
<2804520> <hasCurrentCancerType> <patient_with_Non_small_cell_lung_cancer> 0 0 0 0
<2804688> <hasCurrentCancerType> <patient_with_Non_small_cell_lung_cancer> 0 0 0 0
<2804785> <hasCurrentCancerType> <patient_with_Non_small_cell_lung_cancer> 0 0 0 0
<2804851> <hasCurrentCancerType> <patient_with_Non_small_cell_lung_cancer> 0 0 0 0
<2805432> <hasCurrentCancerType> <patient_with_Non_small_cell_lung_cancer> 0 0 0 0
<2806026> <hasCurrentCancerType> <Small_cell_lung_cancer> 0 0 0 0
<2806157> <hasCurrentCancerType> <patient_with_Non_small_cell_lung_cancer> 0 0 0 0
<2807687> <hasCurrentCancerType> <patient_with_Non_small_cell_lung_cancer> 0 0 0 0
<2808113> <hasCurrentCancerType> <patient_with_Non_small_cell_lung_cancer> 0 0 0 0
<2808597> <hasCurrentCancerType> <Small_cell_lung_cancer> 0 0 0 0
<2808799> <hasCurrentCancerType> <patient_with_Non_small_cell_lung_cancer> 0 0 0 0
<2808909> <hasCurrentCancerType> <patient_with_Non_small_cell_lung_cancer> 0 0 0 0
<2808922> <hasCurrentCancerType> <Small_cell_lung_cancer> 0 0 0 0
<2809224> <hasCurrentCancerType> <patient_with_Non_small_cell_lung_cancer> 0 0 0 0
<2809366> <hasCurrentCancerType> <patient_with_Non_small_cell_lung_cancer> 0 0 0 0
<2810365> <hasCurrentCancerType> <patient_with_Non_small_cell_lung_cancer> 0 0 0 0
<2810613> <hasCurrentCancerType> <patient_with_Non_small_cell_lung_cancer> 0 0 0 0
<2810651> <hasCurrentCancerType> <patient_with_Non_small_cell_lung_cancer> 0 0 0 0
<2810876> <hasCurrentCancerType> <patient_with_Non_small_cell_lung_cancer> 0 0 0 0
<2810878> <hasCurrentCancerType> <Small_cell_lung_cancer> 0 0 0 0
<2801977> <hasCurrentCancerType> <patient_with_Non_small_cell_lung_cancer> 0 0 0 0
<2804993> <hasCurrentCancerType> <patient_with_Non_small_cell_lung_cancer> 0 0 0 0
<2805436> <hasCurrentCancerType> <patient_with_Non_small_cell_lung_cancer> 0 0 0 0
<2806069> <hasCurrentCancerType> <patient_with_Non_small_cell_lung_cancer> 0 0 0 0
<2810548> <hasCurrentCancerType> <patient_with_Non_small_cell_lung_cancer> 0 0 0 0
<2811261> <hasCurrentCancerType> <patient_with_Non_small_cell_lung_cancer> 0 0 0 0
<2812030> <hasCurrentCancerType> <Small_cell_lung_cancer> 0 0 0 0
<2812735> <hasCurrentCancerType> <patient_with_Non_small_cell_lung_cancer> 0 0 0 0
<2813864> <hasCurrentCancerType> <patient_with_Non_small_cell_lung_cancer> 0 0 0 0
<2815305> <hasCurrentCancerType> <patient_with_Non_small_cell_lung_cancer> 0 0 0 0
<2900494> <hasCurrentCancerType> <patient_with_Non_small_cell_lung_cancer> 0 0 0 0
<2900533> <hasCurrentCancerType> <patient_with_Non_small_cell_lung_cancer> 0 0 0 0
<2900578> <hasCurrentCancerType> <Small_cell_lung_cancer> 0 0 0 0
<2900880> <hasCurrentCancerType> <patient_with_Non_small_cell_lung_cancer> 0 0 0 0
<2903730> <hasCurrentCancerType> <patient_with_Non_small_cell_lung_cancer> 0 0 0 0
<2906761> <hasCurrentCancerType> <patient_with_Non_small_cell_lung_cancer> 0 0 0 0
<2911880> <hasCurrentCancerType> <patient_with_Non_small_cell_lung_cancer> 0 0 0 0
<2914927> <hasCurrentCancerType> <patient_with_Non_small_cell_lung_cancer> 0 0 0 0
<2916085> <hasCurrentCancerType> <patient_with_Non_small_cell_lung_cancer> 0 0 0 0
<2917290> <hasCurrentCancerType> <patient_with_Non_small_cell_lung_cancer> 0 0 0 0
<2917308> <hasCurrentCancerType> <patient_with_Non_small_cell_lung_cancer> 0 0 0 0
<2917345> <hasCurrentCancerType> <Small_cell_lung_cancer> 0 0 0 0
<2917364> <hasCurrentCancerType> <patient_with_Non_small_cell_lung_cancer> 0 0 0 0
<2811461> <hasCurrentCancerType> <patient_with_Non_small_cell_lung_cancer> 0 0 0 0
<2816477> <hasCurrentCancerType> <patient_with_Non_small_cell_lung_cancer> 0 0 0 0
<2900534> <hasCurrentCancerType> <patient_with_Non_small_cell_lung_cancer> 0 0 0 0
<2903729> <hasCurrentCancerType> <patient_with_Non_small_cell_lung_cancer> 0 0 0 0
<2904008> <hasCurrentCancerType> <patient_with_Non_small_cell_lung_cancer> 0 0 0 0
<2910926> <hasCurrentCancerType> <patient_with_Non_small_cell_lung_cancer> 0 0 0 0
<2911370> <hasCurrentCancerType> <patient_with_Non_small_cell_lung_cancer> 0 0 0 0
<2917356> <hasCurrentCancerType> <Small_cell_lung_cancer> 0 0 0 0
<2917490> <hasCurrentCancerType> <Small_cell_lung_cancer> 0 0 0 0
<3000701> <hasCurrentCancerType> <patient_with_Non_small_cell_lung_cancer> 0 0 0 0
<3001049> <hasCurrentCancerType> <patient_with_Non_small_cell_lung_cancer> 0 0 0 0
<3001058> <hasCurrentCancerType> <patient_with_Non_small_cell_lung_cancer> 0 0 0 0
<300321> <hasCurrentCancerType> <Carcinoid_tumor> 0 0 0 0
<3006280> <hasCurrentCancerType> <patient_with_Non_small_cell_lung_cancer> 0 0 0 0
<3006438> <hasCurrentCancerType> <patient_with_Non_small_cell_lung_cancer> 0 0 0 0
<301181> <hasCurrentCancerType> <patient_with_Non_small_cell_lung_cancer> 0 0 0 0
<3012654> <hasCurrentCancerType> <patient_with_Non_small_cell_lung_cancer> 0 0 0 0
<3015520> <hasCurrentCancerType> <patient_with_Non_small_cell_lung_cancer> 0 0 0 0
<3017257> <hasCurrentCancerType> <patient_with_Non_small_cell_lung_cancer> 0 0 0 0
<3017515> <hasCurrentCancerType> <patient_with_Non_small_cell_lung_cancer> 0 0 0 0
<302234> <hasCurrentCancerType> <patient_with_Non_small_cell_lung_cancer> 0 0 0 0
<302238> <hasCurrentCancerType> <patient_with_Non_small_cell_lung_cancer> 0 0 0 0
<304515> <hasCurrentCancerType> <patient_with_Non_small_cell_lung_cancer> 0 0 0 0
<304519> <hasCurrentCancerType> <patient_with_Non_small_cell_lung_cancer> 0 0 0 0
<304748> <hasCurrentCancerType> <patient_with_Non_small_cell_lung_cancer> 0 0 0 0
<304817> <hasCurrentCancerType> <patient_with_Non_small_cell_lung_cancer> 0 0 0 0
<305227> <hasCurrentCancerType> <Other> 0 0 0 0
<302694> <hasCurrentCancerType> <patient_with_Non_small_cell_lung_cancer> 0 0 0 0
<304750> <hasCurrentCancerType> <patient_with_Non_small_cell_lung_cancer> 0 0 0 0
<306857> <hasCurrentCancerType> <patient_with_Non_small_cell_lung_cancer> 0 0 0 0
<306878> <hasCurrentCancerType> <patient_with_Non_small_cell_lung_cancer> 0 0 0 0
<306897> <hasCurrentCancerType> <Small_cell_lung_cancer> 0 0 0 0
<307595> <hasCurrentCancerType> <patient_with_Non_small_cell_lung_cancer> 0 0 0 0
<307921> <hasCurrentCancerType> <patient_with_Non_small_cell_lung_cancer> 0 0 0 0
<309919> <hasCurrentCancerType> <patient_with_Non_small_cell_lung_cancer> 0 0 0 0
<310414> <hasCurrentCancerType> <patient_with_Non_small_cell_lung_cancer> 0 0 0 0
<311430> <hasCurrentCancerType> <patient_with_Non_small_cell_lung_cancer> 0 0 0 0
<311838> <hasCurrentCancerType> <patient_with_Non_small_cell_lung_cancer> 0 0 0 0
<313911> <hasCurrentCancerType> <patient_with_Non_small_cell_lung_cancer> 0 0 0 0
<314435> <hasCurrentCancerType> <Small_cell_lung_cancer> 0 0 0 0
<317155> <hasCurrentCancerType> <patient_with_Non_small_cell_lung_cancer> 0 0 0 0
<317410> <hasCurrentCancerType> <Small_cell_lung_cancer> 0 0 0 0
<317438> <hasCurrentCancerType> <patient_with_Non_small_cell_lung_cancer> 0 0 0 0
<317497> <hasCurrentCancerType> <patient_with_Non_small_cell_lung_cancer> 0 0 0 0
<3304895> <hasCurrentCancerType> <patient_with_Non_small_cell_lung_cancer> 0 0 0 0
<3308092> <hasCurrentCancerType> <patient_with_Non_small_cell_lung_cancer> 0 0 0 0
<3308097> <hasCurrentCancerType> <patient_with_Non_small_cell_lung_cancer> 0 0 0 0
<3317013> <hasCurrentCancerType> <patient_with_Non_small_cell_lung_cancer> 0 0 0 0
<3317488> <hasCurrentCancerType> <patient_with_Non_small_cell_lung_cancer> 0 0 0 0
<3404227> <hasCurrentCancerType> <patient_with_Non_small_cell_lung_cancer> 0 0 0 0
<3404233> <hasCurrentCancerType> <Small_cell_lung_cancer> 0 0 0 0
<309882> <hasCurrentCancerType> <Small_cell_lung_cancer> 0 0 0 0
<310491> <hasCurrentCancerType> <patient_with_Non_small_cell_lung_cancer> 0 0 0 0
<3404377> <hasCurrentCancerType> <patient_with_Non_small_cell_lung_cancer> 0 0 0 0
<3404463> <hasCurrentCancerType> <patient_with_Non_small_cell_lung_cancer> 0 0 0 0
<3404558> <hasCurrentCancerType> <patient_with_Non_small_cell_lung_cancer> 0 0 0 0
<3405061> <hasCurrentCancerType> <patient_with_Non_small_cell_lung_cancer> 0 0 0 0
<3405156> <hasCurrentCancerType> <patient_with_Non_small_cell_lung_cancer> 0 0 0 0
<3405225> <hasCurrentCancerType> <patient_with_Non_small_cell_lung_cancer> 0 0 0 0
<3405599> <hasCurrentCancerType> <patient_with_Non_small_cell_lung_cancer> 0 0 0 0
<3407826> <hasCurrentCancerType> <patient_with_Non_small_cell_lung_cancer> 0 0 0 0
<3410502> <hasCurrentCancerType> <patient_with_Non_small_cell_lung_cancer> 0 0 0 0
<3411357> <hasCurrentCancerType> <patient_with_Non_small_cell_lung_cancer> 0 0 0 0
<3411788> <hasCurrentCancerType> <patient_with_Non_small_cell_lung_cancer> 0 0 0 0
<3505875> <hasCurrentCancerType> <patient_with_Non_small_cell_lung_cancer> 0 0 0 0
<3507392> <hasCurrentCancerType> <patient_with_Non_small_cell_lung_cancer> 0 0 0 0
<3507466> <hasCurrentCancerType> <Small_cell_lung_cancer> 0 0 0 0
<3508886> <hasCurrentCancerType> <patient_with_Non_small_cell_lung_cancer> 0 0 0 0
<3508940> <hasCurrentCancerType> <patient_with_Non_small_cell_lung_cancer> 0 0 0 0
<3509318> <hasCurrentCancerType> <patient_with_Non_small_cell_lung_cancer> 0 0 0 0
<3509568> <hasCurrentCancerType> <patient_with_Non_small_cell_lung_cancer> 0 0 0 0
<3510430> <hasCurrentCancerType> <Other> 0 0 0 0
<3510649> <hasCurrentCancerType> <Small_cell_lung_cancer> 0 0 0 0
<3510684> <hasCurrentCancerType> <Small_cell_lung_cancer> 0 0 0 0
<3510765> <hasCurrentCancerType> <Mesothelioma> 0 0 0 0
<3410526> <hasCurrentCancerType> <patient_with_Non_small_cell_lung_cancer> 0 0 0 0
<3510154> <hasCurrentCancerType> <patient_with_Non_small_cell_lung_cancer> 0 0 0 0
<3514523> <hasCurrentCancerType> <patient_with_Non_small_cell_lung_cancer> 0 0 0 0
<3602431> <hasCurrentCancerType> <patient_with_Non_small_cell_lung_cancer> 0 0 0 0
<3602433> <hasCurrentCancerType> <patient_with_Non_small_cell_lung_cancer> 0 0 0 0
<3602464> <hasCurrentCancerType> <patient_with_Non_small_cell_lung_cancer> 0 0 0 0
<3602571> <hasCurrentCancerType> <patient_with_Non_small_cell_lung_cancer> 0 0 0 0
<3704933> <hasCurrentCancerType> <patient_with_Non_small_cell_lung_cancer> 0 0 0 0
<3712382> <hasCurrentCancerType> <Small_cell_lung_cancer> 0 0 0 0
<3712383> <hasCurrentCancerType> <patient_with_Non_small_cell_lung_cancer> 0 0 0 0
<3801837> <hasCurrentCancerType> <patient_with_Non_small_cell_lung_cancer> 0 0 0 0
<3805651> <hasCurrentCancerType> <patient_with_Non_small_cell_lung_cancer> 0 0 0 0
<3812260> <hasCurrentCancerType> <patient_with_Non_small_cell_lung_cancer> 0 0 0 0
<3812355> <hasCurrentCancerType> <patient_with_Non_small_cell_lung_cancer> 0 0 0 0
<3812445> <hasCurrentCancerType> <patient_with_Non_small_cell_lung_cancer> 0 0 0 0
<3905705> <hasCurrentCancerType> <patient_with_Non_small_cell_lung_cancer> 0 0 0 0
<409429> <hasCurrentCancerType> <patient_with_Non_small_cell_lung_cancer> 0 0 0 0
<409496> <hasCurrentCancerType> <patient_with_Non_small_cell_lung_cancer> 0 0 0 0
<409519> <hasCurrentCancerType> <patient_with_Non_small_cell_lung_cancer> 0 0 0 0
<409697> <hasCurrentCancerType> <patient_with_Non_small_cell_lung_cancer> 0 0 0 0
<409799> <hasCurrentCancerType> <patient_with_Non_small_cell_lung_cancer> 0 0 0 0
<3514406> <hasCurrentCancerType> <patient_with_Non_small_cell_lung_cancer> 0 0 0 0
<409599> <hasCurrentCancerType> <patient_with_Non_small_cell_lung_cancer> 0 0 0 0
<409912> <hasCurrentCancerType> <patient_with_Non_small_cell_lung_cancer> 0 0 0 0
<410089> <hasCurrentCancerType> <patient_with_Non_small_cell_lung_cancer> 0 0 0 0
<410271> <hasCurrentCancerType> <patient_with_Non_small_cell_lung_cancer> 0 0 0 0
<410391> <hasCurrentCancerType> <patient_with_Non_small_cell_lung_cancer> 0 0 0 0
<411035> <hasCurrentCancerType> <Small_cell_lung_cancer> 0 0 0 0
<411046> <hasCurrentCancerType> <patient_with_Non_small_cell_lung_cancer> 0 0 0 0
<411494> <hasCurrentCancerType> <patient_with_Non_small_cell_lung_cancer> 0 0 0 0
<411498> <hasCurrentCancerType> <patient_with_Non_small_cell_lung_cancer> 0 0 0 0
<412291> <hasCurrentCancerType> <patient_with_Non_small_cell_lung_cancer> 0 0 0 0
<412740> <hasCurrentCancerType> <patient_with_Non_small_cell_lung_cancer> 0 0 0 0
<412995> <hasCurrentCancerType> <patient_with_Non_small_cell_lung_cancer> 0 0 0 0
<413469> <hasCurrentCancerType> <patient_with_Non_small_cell_lung_cancer> 0 0 0 0
<413988> <hasCurrentCancerType> <patient_with_Non_small_cell_lung_cancer> 0 0 0 0
<415131> <hasCurrentCancerType> <patient_with_Non_small_cell_lung_cancer> 0 0 0 0
<415554> <hasCurrentCancerType> <patient_with_Non_small_cell_lung_cancer> 0 0 0 0
<415583> <hasCurrentCancerType> <patient_with_Non_small_cell_lung_cancer> 0 0 0 0
<415584> <hasCurrentCancerType> <patient_with_Non_small_cell_lung_cancer> 0 0 0 0
<415987> <hasCurrentCancerType> <patient_with_Non_small_cell_lung_cancer> 0 0 0 0
<416028> <hasCurrentCancerType> <patient_with_Non_small_cell_lung_cancer> 0 0 0 0
<416034> <hasCurrentCancerType> <patient_with_Non_small_cell_lung_cancer> 0 0 0 0
<416057> <hasCurrentCancerType> <patient_with_Non_small_cell_lung_cancer> 0 0 0 0
<416428> <hasCurrentCancerType> <patient_with_Non_small_cell_lung_cancer> 0 0 0 0
<416438> <hasCurrentCancerType> <patient_with_Non_small_cell_lung_cancer> 0 0 0 0
<416444> <hasCurrentCancerType> <Small_cell_lung_cancer> 0 0 0 0
<411870> <hasCurrentCancerType> <patient_with_Non_small_cell_lung_cancer> 0 0 0 0
<415128> <hasCurrentCancerType> <patient_with_Non_small_cell_lung_cancer> 0 0 0 0
<416508> <hasCurrentCancerType> <patient_with_Non_small_cell_lung_cancer> 0 0 0 0
<417024> <hasCurrentCancerType> <Small_cell_lung_cancer> 0 0 0 0
<417030> <hasCurrentCancerType> <patient_with_Non_small_cell_lung_cancer> 0 0 0 0
<417054> <hasCurrentCancerType> <patient_with_Non_small_cell_lung_cancer> 0 0 0 0
<417176> <hasCurrentCancerType> <patient_with_Non_small_cell_lung_cancer> 0 0 0 0
<417245> <hasCurrentCancerType> <patient_with_Non_small_cell_lung_cancer> 0 0 0 0
<417281> <hasCurrentCancerType> <patient_with_Non_small_cell_lung_cancer> 0 0 0 0
<417413> <hasCurrentCancerType> <Small_cell_lung_cancer> 0 0 0 0
<417416> <hasCurrentCancerType> <patient_with_Non_small_cell_lung_cancer> 0 0 0 0
<417554> <hasCurrentCancerType> <patient_with_Non_small_cell_lung_cancer> 0 0 0 0
<417585> <hasCurrentCancerType> <patient_with_Non_small_cell_lung_cancer> 0 0 0 0
<417587> <hasCurrentCancerType> <patient_with_Non_small_cell_lung_cancer> 0 0 0 0
<4312942> <hasCurrentCancerType> <patient_with_Non_small_cell_lung_cancer> 0 0 0 0
<4315829> <hasCurrentCancerType> <patient_with_Non_small_cell_lung_cancer> 0 0 0 0
<4600212> <hasCurrentCancerType> <patient_with_Non_small_cell_lung_cancer> 0 0 0 0
<4601113> <hasCurrentCancerType> <patient_with_Non_small_cell_lung_cancer> 0 0 0 0
<4605035> <hasCurrentCancerType> <Small_cell_lung_cancer> 0 0 0 0
<4605943> <hasCurrentCancerType> <patient_with_Non_small_cell_lung_cancer> 0 0 0 0
<4607093> <hasCurrentCancerType> <patient_with_Non_small_cell_lung_cancer> 0 0 0 0
<416967> <hasCurrentCancerType> <patient_with_Non_small_cell_lung_cancer> 0 0 0 0
<4910463> <hasCurrentCancerType> <patient_with_Non_small_cell_lung_cancer> 0 0 0 0
<4910545> <hasCurrentCancerType> <patient_with_Non_small_cell_lung_cancer> 0 0 0 0
<4910656> <hasCurrentCancerType> <patient_with_Non_small_cell_lung_cancer> 0 0 0 0
<4910662> <hasCurrentCancerType> <patient_with_Non_small_cell_lung_cancer> 0 0 0 0
<4910677> <hasCurrentCancerType> <Small_cell_lung_cancer> 0 0 0 0
<4910709> <hasCurrentCancerType> <patient_with_Non_small_cell_lung_cancer> 0 0 0 0
<4910723> <hasCurrentCancerType> <patient_with_Non_small_cell_lung_cancer> 0 0 0 0
<4910799> <hasCurrentCancerType> <patient_with_Non_small_cell_lung_cancer> 0 0 0 0
<4910820> <hasCurrentCancerType> <Small_cell_lung_cancer> 0 0 0 0
<4910931> <hasCurrentCancerType> <patient_with_Non_small_cell_lung_cancer> 0 0 0 0
<4911019> <hasCurrentCancerType> <patient_with_Non_small_cell_lung_cancer> 0 0 0 0
<4911041> <hasCurrentCancerType> <Small_cell_lung_cancer> 0 0 0 0
<4911081> <hasCurrentCancerType> <patient_with_Non_small_cell_lung_cancer> 0 0 0 0
<501234> <hasCurrentCancerType> <patient_with_Non_small_cell_lung_cancer> 0 0 0 0
<501259> <hasCurrentCancerType> <patient_with_Non_small_cell_lung_cancer> 0 0 0 0
<501265> <hasCurrentCancerType> <patient_with_Non_small_cell_lung_cancer> 0 0 0 0
<501273> <hasCurrentCancerType> <patient_with_Non_small_cell_lung_cancer> 0 0 0 0
<501280> <hasCurrentCancerType> <patient_with_Non_small_cell_lung_cancer> 0 0 0 0
<501316> <hasCurrentCancerType> <patient_with_Non_small_cell_lung_cancer> 0 0 0 0
<501322> <hasCurrentCancerType> <patient_with_Non_small_cell_lung_cancer> 0 0 0 0
<501323> <hasCurrentCancerType> <patient_with_Non_small_cell_lung_cancer> 0 0 0 0
<502985> <hasCurrentCancerType> <Small_cell_lung_cancer> 0 0 0 0
<503048> <hasCurrentCancerType> <Small_cell_lung_cancer> 0 0 0 0
<503107> <hasCurrentCancerType> <Small_cell_lung_cancer> 0 0 0 0
<503109> <hasCurrentCancerType> <Small_cell_lung_cancer> 0 0 0 0
<503171> <hasCurrentCancerType> <Small_cell_lung_cancer> 0 0 0 0
<4911215> <hasCurrentCancerType> <Small_cell_lung_cancer> 0 0 0 0
<501335> <hasCurrentCancerType> <patient_with_Non_small_cell_lung_cancer> 0 0 0 0
<503419> <hasCurrentCancerType> <Small_cell_lung_cancer> 0 0 0 0
<503806> <hasCurrentCancerType> <Small_cell_lung_cancer> 0 0 0 0
<503840> <hasCurrentCancerType> <Small_cell_lung_cancer> 0 0 0 0
<503843> <hasCurrentCancerType> <Small_cell_lung_cancer> 0 0 0 0
<503880> <hasCurrentCancerType> <Small_cell_lung_cancer> 0 0 0 0
<503902> <hasCurrentCancerType> <Small_cell_lung_cancer> 0 0 0 0
<503929> <hasCurrentCancerType> <Small_cell_lung_cancer> 0 0 0 0
<504137> <hasCurrentCancerType> <Small_cell_lung_cancer> 0 0 0 0
<504163> <hasCurrentCancerType> <Small_cell_lung_cancer> 0 0 0 0
<505696> <hasCurrentCancerType> <patient_with_Non_small_cell_lung_cancer> 0 0 0 0
<507728> <hasCurrentCancerType> <patient_with_Non_small_cell_lung_cancer> 0 0 0 0
<507731> <hasCurrentCancerType> <patient_with_Non_small_cell_lung_cancer> 0 0 0 0
<507770> <hasCurrentCancerType> <patient_with_Non_small_cell_lung_cancer> 0 0 0 0
<507781> <hasCurrentCancerType> <patient_with_Non_small_cell_lung_cancer> 0 0 0 0
<507895> <hasCurrentCancerType> <patient_with_Non_small_cell_lung_cancer> 0 0 0 0
<507899> <hasCurrentCancerType> <patient_with_Non_small_cell_lung_cancer> 0 0 0 0
<507906> <hasCurrentCancerType> <patient_with_Non_small_cell_lung_cancer> 0 0 0 0
<508159> <hasCurrentCancerType> <patient_with_Non_small_cell_lung_cancer> 0 0 0 0
<508160> <hasCurrentCancerType> <patient_with_Non_small_cell_lung_cancer> 0 0 0 0
<508199> <hasCurrentCancerType> <patient_with_Non_small_cell_lung_cancer> 0 0 0 0
<507582> <hasCurrentCancerType> <patient_with_Non_small_cell_lung_cancer> 0 0 0 0
<507652> <hasCurrentCancerType> <patient_with_Non_small_cell_lung_cancer> 0 0 0 0
<507907> <hasCurrentCancerType> <patient_with_Non_small_cell_lung_cancer> 0 0 0 0
<508176> <hasCurrentCancerType> <patient_with_Non_small_cell_lung_cancer> 0 0 0 0
<508196> <hasCurrentCancerType> <patient_with_Non_small_cell_lung_cancer> 0 0 0 0
<508234> <hasCurrentCancerType> <patient_with_Non_small_cell_lung_cancer> 0 0 0 0
<508271> <hasCurrentCancerType> <patient_with_Non_small_cell_lung_cancer> 0 0 0 0
<508384> <hasCurrentCancerType> <patient_with_Non_small_cell_lung_cancer> 0 0 0 0
<508413> <hasCurrentCancerType> <patient_with_Non_small_cell_lung_cancer> 0 0 0 0
<508415> <hasCurrentCancerType> <patient_with_Non_small_cell_lung_cancer> 0 0 0 0
<508439> <hasCurrentCancerType> <patient_with_Non_small_cell_lung_cancer> 0 0 0 0
<508466> <hasCurrentCancerType> <patient_with_Non_small_cell_lung_cancer> 0 0 0 0
<508485> <hasCurrentCancerType> <patient_with_Non_small_cell_lung_cancer> 0 0 0 0
<508487> <hasCurrentCancerType> <patient_with_Non_small_cell_lung_cancer> 0 0 0 0
<508496> <hasCurrentCancerType> <patient_with_Non_small_cell_lung_cancer> 0 0 0 0
<508526> <hasCurrentCancerType> <patient_with_Non_small_cell_lung_cancer> 0 0 0 0
<509003> <hasCurrentCancerType> <patient_with_Non_small_cell_lung_cancer> 0 0 0 0
<509008> <hasCurrentCancerType> <patient_with_Non_small_cell_lung_cancer> 0 0 0 0
<509035> <hasCurrentCancerType> <patient_with_Non_small_cell_lung_cancer> 0 0 0 0
<509047> <hasCurrentCancerType> <patient_with_Non_small_cell_lung_cancer> 0 0 0 0
<509057> <hasCurrentCancerType> <patient_with_Non_small_cell_lung_cancer> 0 0 0 0
<509102> <hasCurrentCancerType> <patient_with_Non_small_cell_lung_cancer> 0 0 0 0
<5103225> <hasCurrentCancerType> <patient_with_Non_small_cell_lung_cancer> 0 0 0 0
<508291> <hasCurrentCancerType> <patient_with_Non_small_cell_lung_cancer> 0 0 0 0
<508452> <hasCurrentCancerType> <patient_with_Non_small_cell_lung_cancer> 0 0 0 0
<508534> <hasCurrentCancerType> <patient_with_Non_small_cell_lung_cancer> 0 0 0 0
<508967> <hasCurrentCancerType> <patient_with_Non_small_cell_lung_cancer> 0 0 0 0
<5102777> <hasCurrentCancerType> <patient_with_Non_small_cell_lung_cancer> 0 0 0 0
<5102864> <hasCurrentCancerType> <patient_with_Non_small_cell_lung_cancer> 0 0 0 0
<5103509> <hasCurrentCancerType> <patient_with_Non_small_cell_lung_cancer> 0 0 0 0
<5104075> <hasCurrentCancerType> <patient_with_Non_small_cell_lung_cancer> 0 0 0 0
<5104119> <hasCurrentCancerType> <Small_cell_lung_cancer> 0 0 0 0
<5104260> <hasCurrentCancerType> <patient_with_Non_small_cell_lung_cancer> 0 0 0 0
<5104273> <hasCurrentCancerType> <patient_with_Non_small_cell_lung_cancer> 0 0 0 0
<5104312> <hasCurrentCancerType> <Carcinoid_tumor> 0 0 0 0
<5104483> <hasCurrentCancerType> <patient_with_Non_small_cell_lung_cancer> 0 0 0 0
<5104539> <hasCurrentCancerType> <patient_with_Non_small_cell_lung_cancer> 0 0 0 0
<5104918> <hasCurrentCancerType> <Mesothelioma> 0 0 0 0
<5105006> <hasCurrentCancerType> <patient_with_Non_small_cell_lung_cancer> 0 0 0 0
<5105136> <hasCurrentCancerType> <Small_cell_lung_cancer> 0 0 0 0
<5105185> <hasCurrentCancerType> <patient_with_Non_small_cell_lung_cancer> 0 0 0 0
<5105221> <hasCurrentCancerType> <Small_cell_lung_cancer> 0 0 0 0
<5105550> <hasCurrentCancerType> <patient_with_Non_small_cell_lung_cancer> 0 0 0 0
<5106264> <hasCurrentCancerType> <patient_with_Non_small_cell_lung_cancer> 0 0 0 0
<5106265> <hasCurrentCancerType> <patient_with_Non_small_cell_lung_cancer> 0 0 0 0
<5106516> <hasCurrentCancerType> <patient_with_Non_small_cell_lung_cancer> 0 0 0 0
<5106770> <hasCurrentCancerType> <patient_with_Non_small_cell_lung_cancer> 0 0 0 0
<5107006> <hasCurrentCancerType> <patient_with_Non_small_cell_lung_cancer> 0 0 0 0
<5107028> <hasCurrentCancerType> <patient_with_Non_small_cell_lung_cancer> 0 0 0 0
<5107087> <hasCurrentCancerType> <patient_with_Non_small_cell_lung_cancer> 0 0 0 0
<5107283> <hasCurrentCancerType> <patient_with_Non_small_cell_lung_cancer> 0 0 0 0
<5109518> <hasCurrentCancerType> <patient_with_Non_small_cell_lung_cancer> 0 0 0 0
<5109724> <hasCurrentCancerType> <patient_with_Non_small_cell_lung_cancer> 0 0 0 0
<5109727> <hasCurrentCancerType> <patient_with_Non_small_cell_lung_cancer> 0 0 0 0
<5109860> <hasCurrentCancerType> <patient_with_Non_small_cell_lung_cancer> 0 0 0 0
<5109931> <hasCurrentCancerType> <Small_cell_lung_cancer> 0 0 0 0
<5103312> <hasCurrentCancerType> <patient_with_Non_small_cell_lung_cancer> 0 0 0 0
<5104641> <hasCurrentCancerType> <patient_with_Non_small_cell_lung_cancer> 0 0 0 0
<5104952> <hasCurrentCancerType> <patient_with_Non_small_cell_lung_cancer> 0 0 0 0
<5105448> <hasCurrentCancerType> <patient_with_Non_small_cell_lung_cancer> 0 0 0 0
<5106773> <hasCurrentCancerType> <patient_with_Non_small_cell_lung_cancer> 0 0 0 0
<5108858> <hasCurrentCancerType> <patient_with_Non_small_cell_lung_cancer> 0 0 0 0
<5111637> <hasCurrentCancerType> <patient_with_Non_small_cell_lung_cancer> 0 0 0 0
<5111714> <hasCurrentCancerType> <patient_with_Non_small_cell_lung_cancer> 0 0 0 0
<5111734> <hasCurrentCancerType> <patient_with_Non_small_cell_lung_cancer> 0 0 0 0
<5112353> <hasCurrentCancerType> <patient_with_Non_small_cell_lung_cancer> 0 0 0 0
<5113086> <hasCurrentCancerType> <patient_with_Non_small_cell_lung_cancer> 0 0 0 0
<5113941> <hasCurrentCancerType> <patient_with_Non_small_cell_lung_cancer> 0 0 0 0
<5115954> <hasCurrentCancerType> <patient_with_Non_small_cell_lung_cancer> 0 0 0 0
<5116102> <hasCurrentCancerType> <Small_cell_lung_cancer> 0 0 0 0
<5116959> <hasCurrentCancerType> <patient_with_Non_small_cell_lung_cancer> 0 0 0 0
<5117309> <hasCurrentCancerType> <patient_with_Non_small_cell_lung_cancer> 0 0 0 0
<512357> <hasCurrentCancerType> <patient_with_Non_small_cell_lung_cancer> 0 0 0 0
<512429> <hasCurrentCancerType> <Small_cell_lung_cancer> 0 0 0 0
<512527> <hasCurrentCancerType> <Small_cell_lung_cancer> 0 0 0 0
<512605> <hasCurrentCancerType> <patient_with_Non_small_cell_lung_cancer> 0 0 0 0
<512949> <hasCurrentCancerType> <patient_with_Non_small_cell_lung_cancer> 0 0 0 0
<513188> <hasCurrentCancerType> <patient_with_Non_small_cell_lung_cancer> 0 0 0 0
<5113216> <hasCurrentCancerType> <patient_with_Non_small_cell_lung_cancer> 0 0 0 0
<5114271> <hasCurrentCancerType> <patient_with_Non_small_cell_lung_cancer> 0 0 0 0
<5116838> <hasCurrentCancerType> <patient_with_Non_small_cell_lung_cancer> 0 0 0 0
<513544> <hasCurrentCancerType> <patient_with_Non_small_cell_lung_cancer> 0 0 0 0
<513576> <hasCurrentCancerType> <Small_cell_lung_cancer> 0 0 0 0
<513641> <hasCurrentCancerType> <patient_with_Non_small_cell_lung_cancer> 0 0 0 0
<513670> <hasCurrentCancerType> <patient_with_Non_small_cell_lung_cancer> 0 0 0 0
<513707> <hasCurrentCancerType> <patient_with_Non_small_cell_lung_cancer> 0 0 0 0
<513734> <hasCurrentCancerType> <patient_with_Non_small_cell_lung_cancer> 0 0 0 0
<513764> <hasCurrentCancerType> <patient_with_Non_small_cell_lung_cancer> 0 0 0 0
<513809> <hasCurrentCancerType> <patient_with_Non_small_cell_lung_cancer> 0 0 0 0
<513875> <hasCurrentCancerType> <patient_with_Non_small_cell_lung_cancer> 0 0 0 0
<513950> <hasCurrentCancerType> <patient_with_Non_small_cell_lung_cancer> 0 0 0 0
<513977> <hasCurrentCancerType> <Carcinoid_tumor> 0 0 0 0
<514021> <hasCurrentCancerType> <patient_with_Non_small_cell_lung_cancer> 0 0 0 0
<514053> <hasCurrentCancerType> <Small_cell_lung_cancer> 0 0 0 0
<514128> <hasCurrentCancerType> <Small_cell_lung_cancer> 0 0 0 0
<514136> <hasCurrentCancerType> <patient_with_Non_small_cell_lung_cancer> 0 0 0 0
<514218> <hasCurrentCancerType> <patient_with_Non_small_cell_lung_cancer> 0 0 0 0
<514262> <hasCurrentCancerType> <patient_with_Non_small_cell_lung_cancer> 0 0 0 0
<514361> <hasCurrentCancerType> <patient_with_Non_small_cell_lung_cancer> 0 0 0 0
<514363> <hasCurrentCancerType> <patient_with_Non_small_cell_lung_cancer> 0 0 0 0
<514364> <hasCurrentCancerType> <patient_with_Non_small_cell_lung_cancer> 0 0 0 0
<513636> <hasCurrentCancerType> <patient_with_Non_small_cell_lung_cancer> 0 0 0 0
<514254> <hasCurrentCancerType> <patient_with_Non_small_cell_lung_cancer> 0 0 0 0
<516190> <hasCurrentCancerType> <patient_with_Non_small_cell_lung_cancer> 0 0 0 0
<516203> <hasCurrentCancerType> <patient_with_Non_small_cell_lung_cancer> 0 0 0 0
<516360> <hasCurrentCancerType> <patient_with_Non_small_cell_lung_cancer> 0 0 0 0
<516631> <hasCurrentCancerType> <patient_with_Non_small_cell_lung_cancer> 0 0 0 0
<516760> <hasCurrentCancerType> <patient_with_Non_small_cell_lung_cancer> 0 0 0 0
<516810> <hasCurrentCancerType> <patient_with_Non_small_cell_lung_cancer> 0 0 0 0
<516987> <hasCurrentCancerType> <patient_with_Non_small_cell_lung_cancer> 0 0 0 0
<517131> <hasCurrentCancerType> <Small_cell_lung_cancer> 0 0 0 0
<5301016> <hasCurrentCancerType> <patient_with_Non_small_cell_lung_cancer> 0 0 0 0
<5304311> <hasCurrentCancerType> <patient_with_Non_small_cell_lung_cancer> 0 0 0 0
<5304698> <hasCurrentCancerType> <patient_with_Non_small_cell_lung_cancer> 0 0 0 0
<5304766> <hasCurrentCancerType> <patient_with_Non_small_cell_lung_cancer> 0 0 0 0
<5304864> <hasCurrentCancerType> <patient_with_Non_small_cell_lung_cancer> 0 0 0 0
<5304874> <hasCurrentCancerType> <patient_with_Non_small_cell_lung_cancer> 0 0 0 0
<5304885> <hasCurrentCancerType> <patient_with_Non_small_cell_lung_cancer> 0 0 0 0
<5307646> <hasCurrentCancerType> <patient_with_Non_small_cell_lung_cancer> 0 0 0 0
<5310664> <hasCurrentCancerType> <patient_with_Non_small_cell_lung_cancer> 0 0 0 0
<5313125> <hasCurrentCancerType> <patient_with_Non_small_cell_lung_cancer> 0 0 0 0
<5313249> <hasCurrentCancerType> <patient_with_Non_small_cell_lung_cancer> 0 0 0 0
<5313264> <hasCurrentCancerType> <patient_with_Non_small_cell_lung_cancer> 0 0 0 0
<5313439> <hasCurrentCancerType> <patient_with_Non_small_cell_lung_cancer> 0 0 0 0
<5313442> <hasCurrentCancerType> <patient_with_Non_small_cell_lung_cancer> 0 0 0 0
<5313704> <hasCurrentCancerType> <patient_with_Non_small_cell_lung_cancer> 0 0 0 0
<516191> <hasCurrentCancerType> <patient_with_Non_small_cell_lung_cancer> 0 0 0 0
<516625> <hasCurrentCancerType> <patient_with_Non_small_cell_lung_cancer> 0 0 0 0
<5301422> <hasCurrentCancerType> <patient_with_Non_small_cell_lung_cancer> 0 0 0 0
<5305812> <hasCurrentCancerType> <patient_with_Non_small_cell_lung_cancer> 0 0 0 0
<5314042> <hasCurrentCancerType> <patient_with_Non_small_cell_lung_cancer> 0 0 0 0
<5314256> <hasCurrentCancerType> <patient_with_Non_small_cell_lung_cancer> 0 0 0 0
<5314936> <hasCurrentCancerType> <Small_cell_lung_cancer> 0 0 0 0
<5315424> <hasCurrentCancerType> <patient_with_Non_small_cell_lung_cancer> 0 0 0 0
<5315471> <hasCurrentCancerType> <Small_cell_lung_cancer> 0 0 0 0
<5315612> <hasCurrentCancerType> <patient_with_Non_small_cell_lung_cancer> 0 0 0 0
<5315730> <hasCurrentCancerType> <patient_with_Non_small_cell_lung_cancer> 0 0 0 0
<5315920> <hasCurrentCancerType> <patient_with_Non_small_cell_lung_cancer> 0 0 0 0
<5315963> <hasCurrentCancerType> <patient_with_Non_small_cell_lung_cancer> 0 0 0 0
<5315977> <hasCurrentCancerType> <patient_with_Non_small_cell_lung_cancer> 0 0 0 0
<5316044> <hasCurrentCancerType> <patient_with_Non_small_cell_lung_cancer> 0 0 0 0
<5316071> <hasCurrentCancerType> <patient_with_Non_small_cell_lung_cancer> 0 0 0 0
<5316086> <hasCurrentCancerType> <patient_with_Non_small_cell_lung_cancer> 0 0 0 0
<5316184> <hasCurrentCancerType> <patient_with_Non_small_cell_lung_cancer> 0 0 0 0
<5316186> <hasCurrentCancerType> <patient_with_Non_small_cell_lung_cancer> 0 0 0 0
<5316395> <hasCurrentCancerType> <patient_with_Non_small_cell_lung_cancer> 0 0 0 0
<5316516> <hasCurrentCancerType> <patient_with_Non_small_cell_lung_cancer> 0 0 0 0
<5317230> <hasCurrentCancerType> <patient_with_Non_small_cell_lung_cancer> 0 0 0 0
<5314480> <hasCurrentCancerType> <Small_cell_lung_cancer> 0 0 0 0
<5314980> <hasCurrentCancerType> <patient_with_Non_small_cell_lung_cancer> 0 0 0 0
<5316005> <hasCurrentCancerType> <patient_with_Non_small_cell_lung_cancer> 0 0 0 0
<5501635> <hasCurrentCancerType> <patient_with_Non_small_cell_lung_cancer> 0 0 0 0
<5501786> <hasCurrentCancerType> <patient_with_Non_small_cell_lung_cancer> 0 0 0 0
<5501787> <hasCurrentCancerType> <patient_with_Non_small_cell_lung_cancer> 0 0 0 0
<5502186> <hasCurrentCancerType> <patient_with_Non_small_cell_lung_cancer> 0 0 0 0
<5502766> <hasCurrentCancerType> <patient_with_Non_small_cell_lung_cancer> 0 0 0 0
<5502854> <hasCurrentCancerType> <patient_with_Non_small_cell_lung_cancer> 0 0 0 0
<5503861> <hasCurrentCancerType> <patient_with_Non_small_cell_lung_cancer> 0 0 0 0
<5504973> <hasCurrentCancerType> <Carcinoid_tumor> 0 0 0 0
<5510112> <hasCurrentCancerType> <patient_with_Non_small_cell_lung_cancer> 0 0 0 0
<5517181> <hasCurrentCancerType> <patient_with_Non_small_cell_lung_cancer> 0 0 0 0
<5814969> <hasCurrentCancerType> <Other> 0 0 0 0
<6010372> <hasCurrentCancerType> <patient_with_Non_small_cell_lung_cancer> 0 0 0 0
<6300067> <hasCurrentCancerType> <patient_with_Non_small_cell_lung_cancer> 0 0 0 0
<6300614> <hasCurrentCancerType> <patient_with_Non_small_cell_lung_cancer> 0 0 0 0
<6300926> <hasCurrentCancerType> <patient_with_Non_small_cell_lung_cancer> 0 0 0 0
<6302586> <hasCurrentCancerType> <patient_with_Non_small_cell_lung_cancer> 0 0 0 0
<6302602> <hasCurrentCancerType> <patient_with_Non_small_cell_lung_cancer> 0 0 0 0
<6303427> <hasCurrentCancerType> <patient_with_Non_small_cell_lung_cancer> 0 0 0 0
<6303503> <hasCurrentCancerType> <patient_with_Non_small_cell_lung_cancer> 0 0 0 0
<6305051> <hasCurrentCancerType> <patient_with_Non_small_cell_lung_cancer> 0 0 0 0
<6312020> <hasCurrentCancerType> <patient_with_Non_small_cell_lung_cancer> 0 0 0 0
<6312024> <hasCurrentCancerType> <patient_with_Non_small_cell_lung_cancer> 0 0 0 0
<6312035> <hasCurrentCancerType> <patient_with_Non_small_cell_lung_cancer> 0 0 0 0
<6313527> <hasCurrentCancerType> <Small_cell_lung_cancer> 0 0 0 0
<6314490> <hasCurrentCancerType> <patient_with_Non_small_cell_lung_cancer> 0 0 0 0
<6315306> <hasCurrentCancerType> <patient_with_Non_small_cell_lung_cancer> 0 0 0 0
<6315418> <hasCurrentCancerType> <patient_with_Non_small_cell_lung_cancer> 0 0 0 0
<6315787> <hasCurrentCancerType> <patient_with_Non_small_cell_lung_cancer> 0 0 0 0
<6315790> <hasCurrentCancerType> <patient_with_Non_small_cell_lung_cancer> 0 0 0 0
<6316311> <hasCurrentCancerType> <patient_with_Non_small_cell_lung_cancer> 0 0 0 0
<6316646> <hasCurrentCancerType> <patient_with_Non_small_cell_lung_cancer> 0 0 0 0
<6316723> <hasCurrentCancerType> <patient_with_Non_small_cell_lung_cancer> 0 0 0 0
<6400527> <hasCurrentCancerType> <patient_with_Non_small_cell_lung_cancer> 0 0 0 0
<6401488> <hasCurrentCancerType> <Small_cell_lung_cancer> 0 0 0 0
<6402098> <hasCurrentCancerType> <patient_with_Non_small_cell_lung_cancer> 0 0 0 0
<6402409> <hasCurrentCancerType> <patient_with_Non_small_cell_lung_cancer> 0 0 0 0
<6404342> <hasCurrentCancerType> <patient_with_Non_small_cell_lung_cancer> 0 0 0 0
<701836> <hasCurrentCancerType> <patient_with_Non_small_cell_lung_cancer> 0 0 0 0
<6605729> <hasCurrentCancerType> <patient_with_Non_small_cell_lung_cancer> 0 0 0 0
<703626> <hasCurrentCancerType> <patient_with_Non_small_cell_lung_cancer> 0 0 0 0
<703741> <hasCurrentCancerType> <patient_with_Non_small_cell_lung_cancer> 0 0 0 0
<704307> <hasCurrentCancerType> <patient_with_Non_small_cell_lung_cancer> 0 0 0 0
<704308> <hasCurrentCancerType> <Small_cell_lung_cancer> 0 0 0 0
<704661> <hasCurrentCancerType> <patient_with_Non_small_cell_lung_cancer> 0 0 0 0
<705376> <hasCurrentCancerType> <patient_with_Non_small_cell_lung_cancer> 0 0 0 0
<709404> <hasCurrentCancerType> <patient_with_Non_small_cell_lung_cancer> 0 0 0 0
<709846> <hasCurrentCancerType> <patient_with_Non_small_cell_lung_cancer> 0 0 0 0
<7101192> <hasCurrentCancerType> <patient_with_Non_small_cell_lung_cancer> 0 0 0 0
<7105778> <hasCurrentCancerType> <patient_with_Non_small_cell_lung_cancer> 0 0 0 0
<7110317> <hasCurrentCancerType> <patient_with_Non_small_cell_lung_cancer> 0 0 0 0
<711611> <hasCurrentCancerType> <patient_with_Non_small_cell_lung_cancer> 0 0 0 0
<713247> <hasCurrentCancerType> <patient_with_Non_small_cell_lung_cancer> 0 0 0 0
<7404583> <hasCurrentCancerType> <patient_with_Non_small_cell_lung_cancer> 0 0 0 0
<7404588> <hasCurrentCancerType> <patient_with_Non_small_cell_lung_cancer> 0 0 0 0
<7407327> <hasCurrentCancerType> <patient_with_Non_small_cell_lung_cancer> 0 0 0 0
<7409211> <hasCurrentCancerType> <patient_with_Non_small_cell_lung_cancer> 0 0 0 0
<7410798> <hasCurrentCancerType> <patient_with_Non_small_cell_lung_cancer> 0 0 0 0
<7411022> <hasCurrentCancerType> <patient_with_Non_small_cell_lung_cancer> 0 0 0 0
<7411518> <hasCurrentCancerType> <patient_with_Non_small_cell_lung_cancer> 0 0 0 0
<8310162> <hasCurrentCancerType> <patient_with_Non_small_cell_lung_cancer> 0 0 0 0
<709394> <hasCurrentCancerType> <patient_with_Non_small_cell_lung_cancer> 0 0 0 0
<717575> <hasCurrentCancerType> <patient_with_Non_small_cell_lung_cancer> 0 0 0 0
<900563> <hasCurrentCancerType> <patient_with_Non_small_cell_lung_cancer> 0 0 0 0
<901902> <hasCurrentCancerType> <patient_with_Non_small_cell_lung_cancer> 0 0 0 0
<901906> <hasCurrentCancerType> <patient_with_Non_small_cell_lung_cancer> 0 0 0 0
<902422> <hasCurrentCancerType> <patient_with_Non_small_cell_lung_cancer> 0 0 0 0
<906996> <hasCurrentCancerType> <Small_cell_lung_cancer> 0 0 0 0
<907009> <hasCurrentCancerType> <patient_with_Non_small_cell_lung_cancer> 0 0 0 0
<907060> <hasCurrentCancerType> <Small_cell_lung_cancer> 0 0 0 0
<907110> <hasCurrentCancerType> <patient_with_Non_small_cell_lung_cancer> 0 0 0 0
<907205> <hasCurrentCancerType> <patient_with_Non_small_cell_lung_cancer> 0 0 0 0
<908624> <hasCurrentCancerType> <patient_with_Non_small_cell_lung_cancer> 0 0 0 0
<908877> <hasCurrentCancerType> <patient_with_Non_small_cell_lung_cancer> 0 0 0 0
<909650> <hasCurrentCancerType> <patient_with_Non_small_cell_lung_cancer> 0 0 0 0
<916610> <hasCurrentCancerType> <patient_with_Non_small_cell_lung_cancer> 0 0 0 0
<916793> <hasCurrentCancerType> <patient_with_Non_small_cell_lung_cancer> 0 0 0 0
<917236> <hasCurrentCancerType> <patient_with_Non_small_cell_lung_cancer> 0 0 0 0
<917450> <hasCurrentCancerType> <patient_with_Non_small_cell_lung_cancer> 0 0 0 0
<917451> <hasCurrentCancerType> <Small_cell_lung_cancer> 0 0 0 0
<9408651> <hasCurrentCancerType> <patient_with_Non_small_cell_lung_cancer> 0 0 0 0
<9408691> <hasCurrentCancerType> <patient_with_Non_small_cell_lung_cancer> 0 0 0 0
<909656> <hasCurrentCancerType> <patient_with_Non_small_cell_lung_cancer> 0 0 0 0
<916874> <hasCurrentCancerType> <patient_with_Non_small_cell_lung_cancer> 0 0 0 0
<917443> <hasCurrentCancerType> <Small_cell_lung_cancer> 0 0 0 0
<9409428> <hasCurrentCancerType> <patient_with_Non_small_cell_lung_cancer> 0 0 0 0
<9413579> <hasCurrentCancerType> <patient_with_Non_small_cell_lung_cancer> 0 0 0 0
<9415460> <hasCurrentCancerType> <patient_with_Non_small_cell_lung_cancer> 0 0 0 0
<9703842> <hasCurrentCancerType> <patient_with_Non_small_cell_lung_cancer> 0 0 0 0
<9703885> <hasCurrentCancerType> <patient_with_Non_small_cell_lung_cancer> 0 0 0 0
<9704612> <hasCurrentCancerType> <patient_with_Non_small_cell_lung_cancer> 0 0 0 0
<9709319> <hasCurrentCancerType> <patient_with_Non_small_cell_lung_cancer> 0 0 0 0
<9709321> <hasCurrentCancerType> <patient_with_Non_small_cell_lung_cancer> 0 0 0 0
<9710761> <hasCurrentCancerType> <patient_with_Non_small_cell_lung_cancer> 0 0 0 0
<9711718> <hasCurrentCancerType> <patient_with_Non_small_cell_lung_cancer> 0 0 0 0
<9714046> <hasCurrentCancerType> <patient_with_Non_small_cell_lung_cancer> 0 0 0 0
<9805652> <hasCurrentCancerType> <patient_with_Non_small_cell_lung_cancer> 0 0 0 0
<9905793> <hasCurrentCancerType> <patient_with_Non_small_cell_lung_cancer> 0 0 0 0
<9910147> <hasCurrentCancerType> <patient_with_Non_small_cell_lung_cancer> 0 0 0 0
<9413897> <hasCurrentCancerType> <Epithelial_thumic_tumor> 0 0 0 0
<9415559> <hasCurrentCancerType> <patient_with_Non_small_cell_lung_cancer> 0 0 0 0
<9416379> <hasCurrentCancerType> <patient_with_Non_small_cell_lung_cancer> 0 0 0 0
<9700544> <hasCurrentCancerType> <patient_with_Non_small_cell_lung_cancer> 0 0 0 0
<9705424> <hasCurrentCancerType> <Small_cell_lung_cancer> 0 0 0 0
<107612> <hasCurrentCancerType> <patient_with_Non_small_cell_lung_cancer> 0 0 0 0
<1300761> <hasCurrentCancerType> <patient_with_Non_small_cell_lung_cancer> 0 0 0 0
<1306141> <hasCurrentCancerType> <patient_with_Non_small_cell_lung_cancer> 0 0 0 0
<209554> <hasCurrentCancerType> <patient_with_Non_small_cell_lung_cancer> 0 0 0 0
<416745> <hasCurrentCancerType> <Small_cell_lung_cancer> 0 0 0 0
<4910783> <hasCurrentCancerType> <patient_with_Non_small_cell_lung_cancer> 0 0 0 0
<512464> <hasCurrentCancerType> <patient_with_Non_small_cell_lung_cancer> 0 0 0 0
<514322> <hasCurrentCancerType> <patient_with_Non_small_cell_lung_cancer> 0 0 0 0
<517268> <hasCurrentCancerType> <patient_with_Non_small_cell_lung_cancer> 0 0 0 0
<5315209> <hasCurrentCancerType> <patient_with_Non_small_cell_lung_cancer> 0 0 0 0
<6316521> <hasCurrentCancerType> <patient_with_Non_small_cell_lung_cancer> 0 0 0 0
<900424> <hasCurrentCancerType> <patient_with_Non_small_cell_lung_cancer> 0 0 0 0
<1201107> <hasCurrentCancerType> <Epithelial_thumic_tumor> 0 0 0 0
