<101435> <hasSmokeEnvironment> <Not_a_Secondhand_Smoker> 0 0 0 0
<101670> <hasSmokeEnvironment> <Previous_Secondhand_Smoker> 0 0 0 0
<101834> <hasSmokeEnvironment> <Previous_Secondhand_Smoker> 0 0 0 0
<101922> <hasSmokeEnvironment> <Not_a_Secondhand_Smoker> 0 0 0 0
<101927> <hasSmokeEnvironment> <Previous_Secondhand_Smoker> 0 0 0 0
<102080> <hasSmokeEnvironment> <Previous_Secondhand_Smoker> 0 0 0 0
<102127> <hasSmokeEnvironment> <Previous_Secondhand_Smoker> 0 0 0 0
<102385> <hasSmokeEnvironment> <Previous_Secondhand_Smoker> 0 0 0 0
<102874> <hasSmokeEnvironment> <Previous_Secondhand_Smoker> 0 0 0 0
<103794> <hasSmokeEnvironment> <Previous_Secondhand_Smoker> 0 0 0 0
<104464> <hasSmokeEnvironment> <Previous_Secondhand_Smoker> 0 0 0 0
<104464> <hasSmokeEnvironment> <Not_a_Secondhand_Smoker> 0 0 0 0
<10600617> <hasSmokeEnvironment> <Secondhand_Smoker> 0 0 0 0
<10601123> <hasSmokeEnvironment> <Previous_Secondhand_Smoker> 0 0 0 0
<10607059> <hasSmokeEnvironment> <Secondhand_Smoker> 0 0 0 0
<10611437> <hasSmokeEnvironment> <Secondhand_Smoker> 0 0 0 0
<10611834> <hasSmokeEnvironment> <Not_a_Secondhand_Smoker> 0 0 0 0
<10612187> <hasSmokeEnvironment> <Not_a_Secondhand_Smoker> 0 0 0 0
<10612329> <hasSmokeEnvironment> <Previous_Secondhand_Smoker> 0 0 0 0
<10612977> <hasSmokeEnvironment> <Secondhand_Smoker> 0 0 0 0
<107643> <hasSmokeEnvironment> <Previous_Secondhand_Smoker> 0 0 0 0
<107930> <hasSmokeEnvironment> <Previous_Secondhand_Smoker> 0 0 0 0
<107954> <hasSmokeEnvironment> <Not_a_Secondhand_Smoker> 0 0 0 0
<107984> <hasSmokeEnvironment> <Not_a_Secondhand_Smoker> 0 0 0 0
<10812842> <hasSmokeEnvironment> <Not_a_Secondhand_Smoker> 0 0 0 0
<10816929> <hasSmokeEnvironment> <Not_a_Secondhand_Smoker> 0 0 0 0
<109400> <hasSmokeEnvironment> <Not_a_Secondhand_Smoker> 0 0 0 0
<109445> <hasSmokeEnvironment> <Not_a_Secondhand_Smoker> 0 0 0 0
<109449> <hasSmokeEnvironment> <Not_a_Secondhand_Smoker> 0 0 0 0
<109706> <hasSmokeEnvironment> <Previous_Secondhand_Smoker> 0 0 0 0
<109715> <hasSmokeEnvironment> <Secondhand_Smoker> 0 0 0 0
<109759> <hasSmokeEnvironment> <Not_a_Secondhand_Smoker> 0 0 0 0
<109761> <hasSmokeEnvironment> <Not_a_Secondhand_Smoker> 0 0 0 0
<109781> <hasSmokeEnvironment> <Not_a_Secondhand_Smoker> 0 0 0 0
<110203> <hasSmokeEnvironment> <Not_a_Secondhand_Smoker> 0 0 0 0
<110630> <hasSmokeEnvironment> <Previous_Secondhand_Smoker> 0 0 0 0
<110973> <hasSmokeEnvironment> <Secondhand_Smoker> 0 0 0 0
<111017> <hasSmokeEnvironment> <Not_a_Secondhand_Smoker> 0 0 0 0
<111487> <hasSmokeEnvironment> <Not_a_Secondhand_Smoker> 0 0 0 0
<111993> <hasSmokeEnvironment> <Secondhand_Smoker> 0 0 0 0
<112089> <hasSmokeEnvironment> <Not_a_Secondhand_Smoker> 0 0 0 0
<112182> <hasSmokeEnvironment> <Secondhand_Smoker> 0 0 0 0
<112439> <hasSmokeEnvironment> <Previous_Secondhand_Smoker> 0 0 0 0
<10610638> <hasSmokeEnvironment> <Not_a_Secondhand_Smoker> 0 0 0 0
<10612209> <hasSmokeEnvironment> <Secondhand_Smoker> 0 0 0 0
<10612327> <hasSmokeEnvironment> <Not_a_Secondhand_Smoker> 0 0 0 0
<107429> <hasSmokeEnvironment> <Not_a_Secondhand_Smoker> 0 0 0 0
<109159> <hasSmokeEnvironment> <Not_a_Secondhand_Smoker> 0 0 0 0
<111417> <hasSmokeEnvironment> <Secondhand_Smoker> 0 0 0 0
<11312221> <hasSmokeEnvironment> <Not_a_Secondhand_Smoker> 0 0 0 0
<11312358> <hasSmokeEnvironment> <Not_a_Secondhand_Smoker> 0 0 0 0
<11312433> <hasSmokeEnvironment> <Previous_Secondhand_Smoker> 0 0 0 0
<11313506> <hasSmokeEnvironment> <Not_a_Secondhand_Smoker> 0 0 0 0
<11314493> <hasSmokeEnvironment> <Not_a_Secondhand_Smoker> 0 0 0 0
<116557> <hasSmokeEnvironment> <Not_a_Secondhand_Smoker> 0 0 0 0
<1200715> <hasSmokeEnvironment> <Not_a_Secondhand_Smoker> 0 0 0 0
<1200978> <hasSmokeEnvironment> <Previous_Secondhand_Smoker> 0 0 0 0
<1200985> <hasSmokeEnvironment> <Not_a_Secondhand_Smoker> 0 0 0 0
<1201094> <hasSmokeEnvironment> <Secondhand_Smoker> 0 0 0 0
<1201106> <hasSmokeEnvironment> <Not_a_Secondhand_Smoker> 0 0 0 0
<1201115> <hasSmokeEnvironment> <Not_a_Secondhand_Smoker> 0 0 0 0
<1201393> <hasSmokeEnvironment> <Not_a_Secondhand_Smoker> 0 0 0 0
<1213106> <hasSmokeEnvironment> <Previous_Secondhand_Smoker> 0 0 0 0
<1214923> <hasSmokeEnvironment> <Secondhand_Smoker> 0 0 0 0
<1214926> <hasSmokeEnvironment> <Secondhand_Smoker> 0 0 0 0
<1216547> <hasSmokeEnvironment> <Previous_Secondhand_Smoker> 0 0 0 0
<12913743> <hasSmokeEnvironment> <Previous_Secondhand_Smoker> 0 0 0 0
<12913869> <hasSmokeEnvironment> <Not_a_Secondhand_Smoker> 0 0 0 0
<12914024> <hasSmokeEnvironment> <Previous_Secondhand_Smoker> 0 0 0 0
<12914024> <hasSmokeEnvironment> <Not_a_Secondhand_Smoker> 0 0 0 0
<12914118> <hasSmokeEnvironment> <Previous_Secondhand_Smoker> 0 0 0 0
<12914145> <hasSmokeEnvironment> <Not_a_Secondhand_Smoker> 0 0 0 0
<12914177> <hasSmokeEnvironment> <Not_a_Secondhand_Smoker> 0 0 0 0
<12914294> <hasSmokeEnvironment> <Previous_Secondhand_Smoker> 0 0 0 0
<12914294> <hasSmokeEnvironment> <Not_a_Secondhand_Smoker> 0 0 0 0
<12914318> <hasSmokeEnvironment> <Not_a_Secondhand_Smoker> 0 0 0 0
<12914330> <hasSmokeEnvironment> <Not_a_Secondhand_Smoker> 0 0 0 0
<12914470> <hasSmokeEnvironment> <Previous_Secondhand_Smoker> 0 0 0 0
<113212> <hasSmokeEnvironment> <Not_a_Secondhand_Smoker> 0 0 0 0
<11405817> <hasSmokeEnvironment> <Previous_Secondhand_Smoker> 0 0 0 0
<1201898> <hasSmokeEnvironment> <Not_a_Secondhand_Smoker> 0 0 0 0
<1216550> <hasSmokeEnvironment> <Previous_Secondhand_Smoker> 0 0 0 0
<1217369> <hasSmokeEnvironment> <Previous_Secondhand_Smoker> 0 0 0 0
<12914004> <hasSmokeEnvironment> <Previous_Secondhand_Smoker> 0 0 0 0
<12914570> <hasSmokeEnvironment> <Previous_Secondhand_Smoker> 0 0 0 0
<1301004> <hasSmokeEnvironment> <Not_a_Secondhand_Smoker> 0 0 0 0
<1305684> <hasSmokeEnvironment> <Not_a_Secondhand_Smoker> 0 0 0 0
<1305690> <hasSmokeEnvironment> <Previous_Secondhand_Smoker> 0 0 0 0
<1305694> <hasSmokeEnvironment> <Not_a_Secondhand_Smoker> 0 0 0 0
<1306185> <hasSmokeEnvironment> <Secondhand_Smoker> 0 0 0 0
<1306322> <hasSmokeEnvironment> <Secondhand_Smoker> 0 0 0 0
<1306575> <hasSmokeEnvironment> <Previous_Secondhand_Smoker> 0 0 0 0
<1312656> <hasSmokeEnvironment> <Not_a_Secondhand_Smoker> 0 0 0 0
<1312789> <hasSmokeEnvironment> <Secondhand_Smoker> 0 0 0 0
<1312793> <hasSmokeEnvironment> <Secondhand_Smoker> 0 0 0 0
<1313389> <hasSmokeEnvironment> <Previous_Secondhand_Smoker> 0 0 0 0
<1313399> <hasSmokeEnvironment> <Secondhand_Smoker> 0 0 0 0
<1313419> <hasSmokeEnvironment> <Secondhand_Smoker> 0 0 0 0
<1313423> <hasSmokeEnvironment> <Previous_Secondhand_Smoker> 0 0 0 0
<1314289> <hasSmokeEnvironment> <Not_a_Secondhand_Smoker> 0 0 0 0
<1314295> <hasSmokeEnvironment> <Previous_Secondhand_Smoker> 0 0 0 0
<1314452> <hasSmokeEnvironment> <Not_a_Secondhand_Smoker> 0 0 0 0
<1314749> <hasSmokeEnvironment> <Secondhand_Smoker> 0 0 0 0
<1300704> <hasSmokeEnvironment> <Not_a_Secondhand_Smoker> 0 0 0 0
<1306241> <hasSmokeEnvironment> <Previous_Secondhand_Smoker> 0 0 0 0
<14505794> <hasSmokeEnvironment> <Not_a_Secondhand_Smoker> 0 0 0 0
<1509353> <hasSmokeEnvironment> <Not_a_Secondhand_Smoker> 0 0 0 0
<1511086> <hasSmokeEnvironment> <Previous_Secondhand_Smoker> 0 0 0 0
<1511180> <hasSmokeEnvironment> <Not_a_Secondhand_Smoker> 0 0 0 0
<1512723> <hasSmokeEnvironment> <Previous_Secondhand_Smoker> 0 0 0 0
<1514487> <hasSmokeEnvironment> <Not_a_Secondhand_Smoker> 0 0 0 0
<1514644> <hasSmokeEnvironment> <Not_a_Secondhand_Smoker> 0 0 0 0
<1514714> <hasSmokeEnvironment> <Secondhand_Smoker> 0 0 0 0
<15415792> <hasSmokeEnvironment> <Not_a_Secondhand_Smoker> 0 0 0 0
<15700189> <hasSmokeEnvironment> <Secondhand_Smoker> 0 0 0 0
<15700267> <hasSmokeEnvironment> <Previous_Secondhand_Smoker> 0 0 0 0
<15700301> <hasSmokeEnvironment> <Previous_Secondhand_Smoker> 0 0 0 0
<15701649> <hasSmokeEnvironment> <Secondhand_Smoker> 0 0 0 0
<15701727> <hasSmokeEnvironment> <Not_a_Secondhand_Smoker> 0 0 0 0
<15702367> <hasSmokeEnvironment> <Not_a_Secondhand_Smoker> 0 0 0 0
<15702833> <hasSmokeEnvironment> <Secondhand_Smoker> 0 0 0 0
<15703026> <hasSmokeEnvironment> <Previous_Secondhand_Smoker> 0 0 0 0
<1314860> <hasSmokeEnvironment> <Previous_Secondhand_Smoker> 0 0 0 0
<1509349> <hasSmokeEnvironment> <Secondhand_Smoker> 0 0 0 0
<1513571> <hasSmokeEnvironment> <Secondhand_Smoker> 0 0 0 0
<15704699> <hasSmokeEnvironment> <Previous_Secondhand_Smoker> 0 0 0 0
<15704699> <hasSmokeEnvironment> <Not_a_Secondhand_Smoker> 0 0 0 0
<15704702> <hasSmokeEnvironment> <Not_a_Secondhand_Smoker> 0 0 0 0
<15706357> <hasSmokeEnvironment> <Not_a_Secondhand_Smoker> 0 0 0 0
<15706420> <hasSmokeEnvironment> <Secondhand_Smoker> 0 0 0 0
<15706425> <hasSmokeEnvironment> <Secondhand_Smoker> 0 0 0 0
<15714658> <hasSmokeEnvironment> <Not_a_Secondhand_Smoker> 0 0 0 0
<18015738> <hasSmokeEnvironment> <Secondhand_Smoker> 0 0 0 0
<18015754> <hasSmokeEnvironment> <Secondhand_Smoker> 0 0 0 0
<1804201> <hasSmokeEnvironment> <Not_a_Secondhand_Smoker> 0 0 0 0
<201665> <hasSmokeEnvironment> <Secondhand_Smoker> 0 0 0 0
<201884> <hasSmokeEnvironment> <Not_a_Secondhand_Smoker> 0 0 0 0
<2100729> <hasSmokeEnvironment> <Secondhand_Smoker> 0 0 0 0
<2100833> <hasSmokeEnvironment> <Not_a_Secondhand_Smoker> 0 0 0 0
<2100931> <hasSmokeEnvironment> <Secondhand_Smoker> 0 0 0 0
<2110959> <hasSmokeEnvironment> <Not_a_Secondhand_Smoker> 0 0 0 0
<2115546> <hasSmokeEnvironment> <Previous_Secondhand_Smoker> 0 0 0 0
<2115607> <hasSmokeEnvironment> <Secondhand_Smoker> 0 0 0 0
<2117005> <hasSmokeEnvironment> <Not_a_Secondhand_Smoker> 0 0 0 0
<2300318> <hasSmokeEnvironment> <Previous_Secondhand_Smoker> 0 0 0 0
<2300867> <hasSmokeEnvironment> <Not_a_Secondhand_Smoker> 0 0 0 0
<2301197> <hasSmokeEnvironment> <Secondhand_Smoker> 0 0 0 0
<2302621> <hasSmokeEnvironment> <Not_a_Secondhand_Smoker> 0 0 0 0
<209960> <hasSmokeEnvironment> <Secondhand_Smoker> 0 0 0 0
<2101162> <hasSmokeEnvironment> <Previous_Secondhand_Smoker> 0 0 0 0
<2107764> <hasSmokeEnvironment> <Not_a_Secondhand_Smoker> 0 0 0 0
<2300025> <hasSmokeEnvironment> <Secondhand_Smoker> 0 0 0 0
<2304491> <hasSmokeEnvironment> <Previous_Secondhand_Smoker> 0 0 0 0
<2305152> <hasSmokeEnvironment> <Previous_Secondhand_Smoker> 0 0 0 0
<2311860> <hasSmokeEnvironment> <Not_a_Secondhand_Smoker> 0 0 0 0
<2312981> <hasSmokeEnvironment> <Not_a_Secondhand_Smoker> 0 0 0 0
<2715745> <hasSmokeEnvironment> <Secondhand_Smoker> 0 0 0 0
<2805825> <hasSmokeEnvironment> <Not_a_Secondhand_Smoker> 0 0 0 0
<2807141> <hasSmokeEnvironment> <Previous_Secondhand_Smoker> 0 0 0 0
<2304804> <hasSmokeEnvironment> <Not_a_Secondhand_Smoker> 0 0 0 0
<2309802> <hasSmokeEnvironment> <Previous_Secondhand_Smoker> 0 0 0 0
<2805169> <hasSmokeEnvironment> <Secondhand_Smoker> 0 0 0 0
<2904036> <hasSmokeEnvironment> <Not_a_Secondhand_Smoker> 0 0 0 0
<2904209> <hasSmokeEnvironment> <Secondhand_Smoker> 0 0 0 0
<2917286> <hasSmokeEnvironment> <Not_a_Secondhand_Smoker> 0 0 0 0
<2917301> <hasSmokeEnvironment> <Previous_Secondhand_Smoker> 0 0 0 0
<2917364> <hasSmokeEnvironment> <Not_a_Secondhand_Smoker> 0 0 0 0
<2917473> <hasSmokeEnvironment> <Previous_Secondhand_Smoker> 0 0 0 0
<3000764> <hasSmokeEnvironment> <Not_a_Secondhand_Smoker> 0 0 0 0
<3000765> <hasSmokeEnvironment> <Previous_Secondhand_Smoker> 0 0 0 0
<3001063> <hasSmokeEnvironment> <Secondhand_Smoker> 0 0 0 0
<300272> <hasSmokeEnvironment> <Secondhand_Smoker> 0 0 0 0
<300273> <hasSmokeEnvironment> <Not_a_Secondhand_Smoker> 0 0 0 0
<300326> <hasSmokeEnvironment> <Secondhand_Smoker> 0 0 0 0
<300334> <hasSmokeEnvironment> <Previous_Secondhand_Smoker> 0 0 0 0
<300402> <hasSmokeEnvironment> <Not_a_Secondhand_Smoker> 0 0 0 0
<300856> <hasSmokeEnvironment> <Previous_Secondhand_Smoker> 0 0 0 0
<300859> <hasSmokeEnvironment> <Previous_Secondhand_Smoker> 0 0 0 0
<300933> <hasSmokeEnvironment> <Secondhand_Smoker> 0 0 0 0
<3011342> <hasSmokeEnvironment> <Not_a_Secondhand_Smoker> 0 0 0 0
<301178> <hasSmokeEnvironment> <Not_a_Secondhand_Smoker> 0 0 0 0
<301179> <hasSmokeEnvironment> <Previous_Secondhand_Smoker> 0 0 0 0
<301179> <hasSmokeEnvironment> <Secondhand_Smoker> 0 0 0 0
<301440> <hasSmokeEnvironment> <Not_a_Secondhand_Smoker> 0 0 0 0
<302037> <hasSmokeEnvironment> <Not_a_Secondhand_Smoker> 0 0 0 0
<305235> <hasSmokeEnvironment> <Previous_Secondhand_Smoker> 0 0 0 0
<305239> <hasSmokeEnvironment> <Not_a_Secondhand_Smoker> 0 0 0 0
<306121> <hasSmokeEnvironment> <Secondhand_Smoker> 0 0 0 0
<2917356> <hasSmokeEnvironment> <Not_a_Secondhand_Smoker> 0 0 0 0
<300332> <hasSmokeEnvironment> <Not_a_Secondhand_Smoker> 0 0 0 0
<301382> <hasSmokeEnvironment> <Previous_Secondhand_Smoker> 0 0 0 0
<302694> <hasSmokeEnvironment> <Secondhand_Smoker> 0 0 0 0
<306532> <hasSmokeEnvironment> <Secondhand_Smoker> 0 0 0 0
<307042> <hasSmokeEnvironment> <Previous_Secondhand_Smoker> 0 0 0 0
<307922> <hasSmokeEnvironment> <Previous_Secondhand_Smoker> 0 0 0 0
<309158> <hasSmokeEnvironment> <Not_a_Secondhand_Smoker> 0 0 0 0
<311538> <hasSmokeEnvironment> <Not_a_Secondhand_Smoker> 0 0 0 0
<311908> <hasSmokeEnvironment> <Previous_Secondhand_Smoker> 0 0 0 0
<312394> <hasSmokeEnvironment> <Previous_Secondhand_Smoker> 0 0 0 0
<314396> <hasSmokeEnvironment> <Previous_Secondhand_Smoker> 0 0 0 0
<317190> <hasSmokeEnvironment> <Previous_Secondhand_Smoker> 0 0 0 0
<317192> <hasSmokeEnvironment> <Previous_Secondhand_Smoker> 0 0 0 0
<317246> <hasSmokeEnvironment> <Not_a_Secondhand_Smoker> 0 0 0 0
<317249> <hasSmokeEnvironment> <Previous_Secondhand_Smoker> 0 0 0 0
<3305141> <hasSmokeEnvironment> <Previous_Secondhand_Smoker> 0 0 0 0
<3306041> <hasSmokeEnvironment> <Previous_Secondhand_Smoker> 0 0 0 0
<3307032> <hasSmokeEnvironment> <Secondhand_Smoker> 0 0 0 0
<3314953> <hasSmokeEnvironment> <Secondhand_Smoker> 0 0 0 0
<3407253> <hasSmokeEnvironment> <Previous_Secondhand_Smoker> 0 0 0 0
<3411393> <hasSmokeEnvironment> <Not_a_Secondhand_Smoker> 0 0 0 0
<3408306> <hasSmokeEnvironment> <Not_a_Secondhand_Smoker> 0 0 0 0
<3702927> <hasSmokeEnvironment> <Previous_Secondhand_Smoker> 0 0 0 0
<3704544> <hasSmokeEnvironment> <Not_a_Secondhand_Smoker> 0 0 0 0
<3704552> <hasSmokeEnvironment> <Secondhand_Smoker> 0 0 0 0
<3710363> <hasSmokeEnvironment> <Secondhand_Smoker> 0 0 0 0
<3711765> <hasSmokeEnvironment> <Previous_Secondhand_Smoker> 0 0 0 0
<3712400> <hasSmokeEnvironment> <Not_a_Secondhand_Smoker> 0 0 0 0
<3802331> <hasSmokeEnvironment> <Not_a_Secondhand_Smoker> 0 0 0 0
<3805651> <hasSmokeEnvironment> <Not_a_Secondhand_Smoker> 0 0 0 0
<3812436> <hasSmokeEnvironment> <Previous_Secondhand_Smoker> 0 0 0 0
<407410> <hasSmokeEnvironment> <Not_a_Secondhand_Smoker> 0 0 0 0
<407499> <hasSmokeEnvironment> <Not_a_Secondhand_Smoker> 0 0 0 0
<3707095> <hasSmokeEnvironment> <Not_a_Secondhand_Smoker> 0 0 0 0
<3709642> <hasSmokeEnvironment> <Not_a_Secondhand_Smoker> 0 0 0 0
<416387> <hasSmokeEnvironment> <Not_a_Secondhand_Smoker> 0 0 0 0
<4305616> <hasSmokeEnvironment> <Secondhand_Smoker> 0 0 0 0
<4313228> <hasSmokeEnvironment> <Secondhand_Smoker> 0 0 0 0
<4313230> <hasSmokeEnvironment> <Secondhand_Smoker> 0 0 0 0
<4313316> <hasSmokeEnvironment> <Secondhand_Smoker> 0 0 0 0
<4313490> <hasSmokeEnvironment> <Secondhand_Smoker> 0 0 0 0
<4314000> <hasSmokeEnvironment> <Not_a_Secondhand_Smoker> 0 0 0 0
<4314194> <hasSmokeEnvironment> <Not_a_Secondhand_Smoker> 0 0 0 0
<4600804> <hasSmokeEnvironment> <Not_a_Secondhand_Smoker> 0 0 0 0
<4601465> <hasSmokeEnvironment> <Not_a_Secondhand_Smoker> 0 0 0 0
<4602351> <hasSmokeEnvironment> <Previous_Secondhand_Smoker> 0 0 0 0
<4603779> <hasSmokeEnvironment> <Previous_Secondhand_Smoker> 0 0 0 0
<4604112> <hasSmokeEnvironment> <Secondhand_Smoker> 0 0 0 0
<4605310> <hasSmokeEnvironment> <Secondhand_Smoker> 0 0 0 0
<4607099> <hasSmokeEnvironment> <Previous_Secondhand_Smoker> 0 0 0 0
<4608362> <hasSmokeEnvironment> <Previous_Secondhand_Smoker> 0 0 0 0
<4608612> <hasSmokeEnvironment> <Not_a_Secondhand_Smoker> 0 0 0 0
<4608613> <hasSmokeEnvironment> <Previous_Secondhand_Smoker> 0 0 0 0
<4610262> <hasSmokeEnvironment> <Not_a_Secondhand_Smoker> 0 0 0 0
<4611772> <hasSmokeEnvironment> <Secondhand_Smoker> 0 0 0 0
<4611773> <hasSmokeEnvironment> <Not_a_Secondhand_Smoker> 0 0 0 0
<4613269> <hasSmokeEnvironment> <Not_a_Secondhand_Smoker> 0 0 0 0
<4614562> <hasSmokeEnvironment> <Previous_Secondhand_Smoker> 0 0 0 0
<4615211> <hasSmokeEnvironment> <Not_a_Secondhand_Smoker> 0 0 0 0
<4312720> <hasSmokeEnvironment> <Not_a_Secondhand_Smoker> 0 0 0 0
<4605308> <hasSmokeEnvironment> <Not_a_Secondhand_Smoker> 0 0 0 0
<4608616> <hasSmokeEnvironment> <Previous_Secondhand_Smoker> 0 0 0 0
<507261> <hasSmokeEnvironment> <Not_a_Secondhand_Smoker> 0 0 0 0
<507258> <hasSmokeEnvironment> <Not_a_Secondhand_Smoker> 0 0 0 0
<5103316> <hasSmokeEnvironment> <Not_a_Secondhand_Smoker> 0 0 0 0
<5103349> <hasSmokeEnvironment> <Previous_Secondhand_Smoker> 0 0 0 0
<5103515> <hasSmokeEnvironment> <Not_a_Secondhand_Smoker> 0 0 0 0
<5104125> <hasSmokeEnvironment> <Not_a_Secondhand_Smoker> 0 0 0 0
<5104228> <hasSmokeEnvironment> <Previous_Secondhand_Smoker> 0 0 0 0
<5104668> <hasSmokeEnvironment> <Secondhand_Smoker> 0 0 0 0
<5104947> <hasSmokeEnvironment> <Not_a_Secondhand_Smoker> 0 0 0 0
<5105131> <hasSmokeEnvironment> <Not_a_Secondhand_Smoker> 0 0 0 0
<5105383> <hasSmokeEnvironment> <Previous_Secondhand_Smoker> 0 0 0 0
<5106239> <hasSmokeEnvironment> <Not_a_Secondhand_Smoker> 0 0 0 0
<5106250> <hasSmokeEnvironment> <Not_a_Secondhand_Smoker> 0 0 0 0
<5106353> <hasSmokeEnvironment> <Not_a_Secondhand_Smoker> 0 0 0 0
<5106368> <hasSmokeEnvironment> <Not_a_Secondhand_Smoker> 0 0 0 0
<5106393> <hasSmokeEnvironment> <Not_a_Secondhand_Smoker> 0 0 0 0
<5106488> <hasSmokeEnvironment> <Not_a_Secondhand_Smoker> 0 0 0 0
<5106606> <hasSmokeEnvironment> <Not_a_Secondhand_Smoker> 0 0 0 0
<5106765> <hasSmokeEnvironment> <Not_a_Secondhand_Smoker> 0 0 0 0
<5106772> <hasSmokeEnvironment> <Not_a_Secondhand_Smoker> 0 0 0 0
<5107088> <hasSmokeEnvironment> <Previous_Secondhand_Smoker> 0 0 0 0
<5107179> <hasSmokeEnvironment> <Previous_Secondhand_Smoker> 0 0 0 0
<5107706> <hasSmokeEnvironment> <Not_a_Secondhand_Smoker> 0 0 0 0
<5108859> <hasSmokeEnvironment> <Not_a_Secondhand_Smoker> 0 0 0 0
<5109609> <hasSmokeEnvironment> <Previous_Secondhand_Smoker> 0 0 0 0
<5111472> <hasSmokeEnvironment> <Not_a_Secondhand_Smoker> 0 0 0 0
<5111713> <hasSmokeEnvironment> <Not_a_Secondhand_Smoker> 0 0 0 0
<5111714> <hasSmokeEnvironment> <Not_a_Secondhand_Smoker> 0 0 0 0
<5111734> <hasSmokeEnvironment> <Not_a_Secondhand_Smoker> 0 0 0 0
<5111951> <hasSmokeEnvironment> <Not_a_Secondhand_Smoker> 0 0 0 0
<5111971> <hasSmokeEnvironment> <Not_a_Secondhand_Smoker> 0 0 0 0
<5112406> <hasSmokeEnvironment> <Previous_Secondhand_Smoker> 0 0 0 0
<5113130> <hasSmokeEnvironment> <Not_a_Secondhand_Smoker> 0 0 0 0
<5103232> <hasSmokeEnvironment> <Not_a_Secondhand_Smoker> 0 0 0 0
<5103824> <hasSmokeEnvironment> <Not_a_Secondhand_Smoker> 0 0 0 0
<5104329> <hasSmokeEnvironment> <Secondhand_Smoker> 0 0 0 0
<5106873> <hasSmokeEnvironment> <Previous_Secondhand_Smoker> 0 0 0 0
<5109812> <hasSmokeEnvironment> <Not_a_Secondhand_Smoker> 0 0 0 0
<5113216> <hasSmokeEnvironment> <Not_a_Secondhand_Smoker> 0 0 0 0
<5115785> <hasSmokeEnvironment> <Previous_Secondhand_Smoker> 0 0 0 0
<5115952> <hasSmokeEnvironment> <Not_a_Secondhand_Smoker> 0 0 0 0
<5116038> <hasSmokeEnvironment> <Not_a_Secondhand_Smoker> 0 0 0 0
<5116372> <hasSmokeEnvironment> <Not_a_Secondhand_Smoker> 0 0 0 0
<5117581> <hasSmokeEnvironment> <Not_a_Secondhand_Smoker> 0 0 0 0
<5305803> <hasSmokeEnvironment> <Not_a_Secondhand_Smoker> 0 0 0 0
<5501486> <hasSmokeEnvironment> <Not_a_Secondhand_Smoker> 0 0 0 0
<5502711> <hasSmokeEnvironment> <Not_a_Secondhand_Smoker> 0 0 0 0
<5503964> <hasSmokeEnvironment> <Previous_Secondhand_Smoker> 0 0 0 0
<5815095> <hasSmokeEnvironment> <Secondhand_Smoker> 0 0 0 0
<5815260> <hasSmokeEnvironment> <Not_a_Secondhand_Smoker> 0 0 0 0
<6300068> <hasSmokeEnvironment> <Secondhand_Smoker> 0 0 0 0
<6300285> <hasSmokeEnvironment> <Not_a_Secondhand_Smoker> 0 0 0 0
<6301532> <hasSmokeEnvironment> <Secondhand_Smoker> 0 0 0 0
<6302589> <hasSmokeEnvironment> <Previous_Secondhand_Smoker> 0 0 0 0
<6302589> <hasSmokeEnvironment> <Secondhand_Smoker> 0 0 0 0
<6304715> <hasSmokeEnvironment> <Secondhand_Smoker> 0 0 0 0
<6311511> <hasSmokeEnvironment> <Secondhand_Smoker> 0 0 0 0
<6311574> <hasSmokeEnvironment> <Secondhand_Smoker> 0 0 0 0
<6315216> <hasSmokeEnvironment> <Secondhand_Smoker> 0 0 0 0
<6400372> <hasSmokeEnvironment> <Previous_Secondhand_Smoker> 0 0 0 0
<6400372> <hasSmokeEnvironment> <Secondhand_Smoker> 0 0 0 0
<6400587> <hasSmokeEnvironment> <Not_a_Secondhand_Smoker> 0 0 0 0
<6402109> <hasSmokeEnvironment> <Previous_Secondhand_Smoker> 0 0 0 0
<6402190> <hasSmokeEnvironment> <Previous_Secondhand_Smoker> 0 0 0 0
<6402271> <hasSmokeEnvironment> <Previous_Secondhand_Smoker> 0 0 0 0
<6402901> <hasSmokeEnvironment> <Secondhand_Smoker> 0 0 0 0
<6900554> <hasSmokeEnvironment> <Not_a_Secondhand_Smoker> 0 0 0 0
<701645> <hasSmokeEnvironment> <Secondhand_Smoker> 0 0 0 0
<701653> <hasSmokeEnvironment> <Secondhand_Smoker> 0 0 0 0
<702908> <hasSmokeEnvironment> <Previous_Secondhand_Smoker> 0 0 0 0
<703741> <hasSmokeEnvironment> <Not_a_Secondhand_Smoker> 0 0 0 0
<704604> <hasSmokeEnvironment> <Previous_Secondhand_Smoker> 0 0 0 0
<705523> <hasSmokeEnvironment> <Secondhand_Smoker> 0 0 0 0
<705756> <hasSmokeEnvironment> <Previous_Secondhand_Smoker> 0 0 0 0
<707284> <hasSmokeEnvironment> <Previous_Secondhand_Smoker> 0 0 0 0
<707345> <hasSmokeEnvironment> <Secondhand_Smoker> 0 0 0 0
<707426> <hasSmokeEnvironment> <Not_a_Secondhand_Smoker> 0 0 0 0
<707694> <hasSmokeEnvironment> <Previous_Secondhand_Smoker> 0 0 0 0
<707695> <hasSmokeEnvironment> <Previous_Secondhand_Smoker> 0 0 0 0
<6401476> <hasSmokeEnvironment> <Previous_Secondhand_Smoker> 0 0 0 0
<6402268> <hasSmokeEnvironment> <Secondhand_Smoker> 0 0 0 0
<704495> <hasSmokeEnvironment> <Secondhand_Smoker> 0 0 0 0
<708900> <hasSmokeEnvironment> <Previous_Secondhand_Smoker> 0 0 0 0
<708937> <hasSmokeEnvironment> <Previous_Secondhand_Smoker> 0 0 0 0
<709463> <hasSmokeEnvironment> <Previous_Secondhand_Smoker> 0 0 0 0
<710659> <hasSmokeEnvironment> <Not_a_Secondhand_Smoker> 0 0 0 0
<711040> <hasSmokeEnvironment> <Secondhand_Smoker> 0 0 0 0
<8306648> <hasSmokeEnvironment> <Previous_Secondhand_Smoker> 0 0 0 0
<900249> <hasSmokeEnvironment> <Not_a_Secondhand_Smoker> 0 0 0 0
<906895> <hasSmokeEnvironment> <Not_a_Secondhand_Smoker> 0 0 0 0
<907202> <hasSmokeEnvironment> <Previous_Secondhand_Smoker> 0 0 0 0
<908576> <hasSmokeEnvironment> <Secondhand_Smoker> 0 0 0 0
<911697> <hasSmokeEnvironment> <Not_a_Secondhand_Smoker> 0 0 0 0
<911813> <hasSmokeEnvironment> <Previous_Secondhand_Smoker> 0 0 0 0
<916421> <hasSmokeEnvironment> <Previous_Secondhand_Smoker> 0 0 0 0
<916615> <hasSmokeEnvironment> <Previous_Secondhand_Smoker> 0 0 0 0
<916721> <hasSmokeEnvironment> <Not_a_Secondhand_Smoker> 0 0 0 0
<916859> <hasSmokeEnvironment> <Previous_Secondhand_Smoker> 0 0 0 0
<917156> <hasSmokeEnvironment> <Previous_Secondhand_Smoker> 0 0 0 0
<707755> <hasSmokeEnvironment> <Previous_Secondhand_Smoker> 0 0 0 0
<916562> <hasSmokeEnvironment> <Secondhand_Smoker> 0 0 0 0
<9909295> <hasSmokeEnvironment> <Previous_Secondhand_Smoker> 0 0 0 0
<9909855> <hasSmokeEnvironment> <Secondhand_Smoker> 0 0 0 0
<9910146> <hasSmokeEnvironment> <Not_a_Secondhand_Smoker> 0 0 0 0
<9910500> <hasSmokeEnvironment> <Previous_Secondhand_Smoker> 0 0 0 0
<9911094> <hasSmokeEnvironment> <Not_a_Secondhand_Smoker> 0 0 0 0
<9912932> <hasSmokeEnvironment> <Previous_Secondhand_Smoker> 0 0 0 0
<9914879> <hasSmokeEnvironment> <Not_a_Secondhand_Smoker> 0 0 0 0
<9908914> <hasSmokeEnvironment> <Not_a_Secondhand_Smoker> 0 0 0 0
<9909443> <hasSmokeEnvironment> <Not_a_Secondhand_Smoker> 0 0 0 0
<11312298> <hasSmokeEnvironment> <Not_a_Secondhand_Smoker> 0 0 0 0
<1200981> <hasSmokeEnvironment> <Not_a_Secondhand_Smoker> 0 0 0 0
<5115926> <hasSmokeEnvironment> <Not_a_Secondhand_Smoker> 0 0 0 0
