<1006643> <hasSmokingHabit> <UNK> 0 0 0 0
<101680> <hasSmokingHabit> <PreviousSmoker> 0 0 0 0
<101780> <hasSmokingHabit> <PreviousSmoker> 0 0 0 0
<101802> <hasSmokingHabit> <PreviousSmoker> 0 0 0 0
<101828> <hasSmokingHabit> <CurrentSmoker> 0 0 0 0
<103755> <hasSmokingHabit> <PreviousSmoker> 0 0 0 0
<10600760> <hasSmokingHabit> <CurrentSmoker> 0 0 0 0
<10607053> <hasSmokingHabit> <PreviousSmoker> 0 0 0 0
<10610441> <hasSmokingHabit> <PreviousSmoker> 0 0 0 0
<10611559> <hasSmokingHabit> <NonSmoker> 0 0 0 0
<10612122> <hasSmokingHabit> <CurrentSmoker> 0 0 0 0
<10612130> <hasSmokingHabit> <CurrentSmoker> 0 0 0 0
<10612210> <hasSmokingHabit> <PreviousSmoker> 0 0 0 0
<10612971> <hasSmokingHabit> <PreviousSmoker> 0 0 0 0
<107952> <hasSmokingHabit> <NonSmoker> 0 0 0 0
<108001> <hasSmokingHabit> <NonSmoker> 0 0 0 0
<10802688> <hasSmokingHabit> <CurrentSmoker> 0 0 0 0
<10803798> <hasSmokingHabit> <PreviousSmoker> 0 0 0 0
<10805581> <hasSmokingHabit> <CurrentSmoker> 0 0 0 0
<10805583> <hasSmokingHabit> <PreviousSmoker> 0 0 0 0
<10807129> <hasSmokingHabit> <PreviousSmoker> 0 0 0 0
<108100> <hasSmokingHabit> <CurrentSmoker> 0 0 0 0
<10810457> <hasSmokingHabit> <PreviousSmoker> 0 0 0 0
<10817080> <hasSmokingHabit> <CurrentSmoker> 0 0 0 0
<109384> <hasSmokingHabit> <PreviousSmoker> 0 0 0 0
<109791> <hasSmokingHabit> <CurrentSmoker> 0 0 0 0
<109805> <hasSmokingHabit> <NonSmoker> 0 0 0 0
<109950> <hasSmokingHabit> <NonSmoker> 0 0 0 0
<110203> <hasSmokingHabit> <CurrentSmoker> 0 0 0 0
<110249> <hasSmokingHabit> <PreviousSmoker> 0 0 0 0
<110721> <hasSmokingHabit> <PreviousSmoker> 0 0 0 0
<111269> <hasSmokingHabit> <PreviousSmoker> 0 0 0 0
<111271> <hasSmokingHabit> <CurrentSmoker> 0 0 0 0
<111409> <hasSmokingHabit> <PreviousSmoker> 0 0 0 0
<111893> <hasSmokingHabit> <CurrentSmoker> 0 0 0 0
<111985> <hasSmokingHabit> <PreviousSmoker> 0 0 0 0
<111991> <hasSmokingHabit> <NonSmoker> 0 0 0 0
<112182> <hasSmokingHabit> <CurrentSmoker> 0 0 0 0
<112438> <hasSmokingHabit> <CurrentSmoker> 0 0 0 0
<112440> <hasSmokingHabit> <CurrentSmoker> 0 0 0 0
<102124> <hasSmokingHabit> <PreviousSmoker> 0 0 0 0
<10611562> <hasSmokingHabit> <PreviousSmoker> 0 0 0 0
<107825> <hasSmokingHabit> <PreviousSmoker> 0 0 0 0
<110072> <hasSmokingHabit> <PreviousSmoker> 0 0 0 0
<112633> <hasSmokingHabit> <CurrentSmoker> 0 0 0 0
<112907> <hasSmokingHabit> <CurrentSmoker> 0 0 0 0
<11311925> <hasSmokingHabit> <PreviousSmoker> 0 0 0 0
<11312467> <hasSmokingHabit> <PreviousSmoker> 0 0 0 0
<11312635> <hasSmokingHabit> <PreviousSmoker> 0 0 0 0
<11313474> <hasSmokingHabit> <CurrentSmoker> 0 0 0 0
<11313874> <hasSmokingHabit> <PreviousSmoker> 0 0 0 0
<113204> <hasSmokingHabit> <PreviousSmoker> 0 0 0 0
<116600> <hasSmokingHabit> <PreviousSmoker> 0 0 0 0
<11911234> <hasSmokingHabit> <CurrentSmoker> 0 0 0 0
<11911751> <hasSmokingHabit> <PreviousSmoker> 0 0 0 0
<11911929> <hasSmokingHabit> <CurrentSmoker> 0 0 0 0
<11912145> <hasSmokingHabit> <PreviousSmoker> 0 0 0 0
<11912146> <hasSmokingHabit> <CurrentSmoker> 0 0 0 0
<11913104> <hasSmokingHabit> <PreviousSmoker> 0 0 0 0
<1200087> <hasSmokingHabit> <CurrentSmoker> 0 0 0 0
<1200135> <hasSmokingHabit> <PreviousSmoker> 0 0 0 0
<1200525> <hasSmokingHabit> <PreviousSmoker> 0 0 0 0
<1200982> <hasSmokingHabit> <CurrentSmoker> 0 0 0 0
<1201396> <hasSmokingHabit> <PreviousSmoker> 0 0 0 0
<1201896> <hasSmokingHabit> <CurrentSmoker> 0 0 0 0
<1202408> <hasSmokingHabit> <CurrentSmoker> 0 0 0 0
<1203406> <hasSmokingHabit> <CurrentSmoker> 0 0 0 0
<1213167> <hasSmokingHabit> <CurrentSmoker> 0 0 0 0
<1213220> <hasSmokingHabit> <PreviousSmoker> 0 0 0 0
<1214687> <hasSmokingHabit> <NonSmoker> 0 0 0 0
<1214688> <hasSmokingHabit> <PreviousSmoker> 0 0 0 0
<12914288> <hasSmokingHabit> <PreviousSmoker> 0 0 0 0
<12914462> <hasSmokingHabit> <CurrentSmoker> 0 0 0 0
<12914518> <hasSmokingHabit> <CurrentSmoker> 0 0 0 0
<12914530> <hasSmokingHabit> <PreviousSmoker> 0 0 0 0
<11311920> <hasSmokingHabit> <PreviousSmoker> 0 0 0 0
<11312218> <hasSmokingHabit> <CurrentSmoker> 0 0 0 0
<116624> <hasSmokingHabit> <PreviousSmoker> 0 0 0 0
<11911708> <hasSmokingHabit> <CurrentSmoker> 0 0 0 0
<1200944> <hasSmokingHabit> <CurrentSmoker> 0 0 0 0
<1201110> <hasSmokingHabit> <PreviousSmoker> 0 0 0 0
<1216677> <hasSmokingHabit> <PreviousSmoker> 0 0 0 0
<12914784> <hasSmokingHabit> <PreviousSmoker> 0 0 0 0
<12915897> <hasSmokingHabit> <PreviousSmoker> 0 0 0 0
<1300682> <hasSmokingHabit> <CurrentSmoker> 0 0 0 0
<1300989> <hasSmokingHabit> <CurrentSmoker> 0 0 0 0
<1301207> <hasSmokingHabit> <NonSmoker> 0 0 0 0
<1301673> <hasSmokingHabit> <NonSmoker> 0 0 0 0
<1301994> <hasSmokingHabit> <CurrentSmoker> 0 0 0 0
<1301997> <hasSmokingHabit> <PreviousSmoker> 0 0 0 0
<1302048> <hasSmokingHabit> <NonSmoker> 0 0 0 0
<1302143> <hasSmokingHabit> <CurrentSmoker> 0 0 0 0
<1303240> <hasSmokingHabit> <PreviousSmoker> 0 0 0 0
<1303244> <hasSmokingHabit> <CurrentSmoker> 0 0 0 0
<1303360> <hasSmokingHabit> <PreviousSmoker> 0 0 0 0
<1303483> <hasSmokingHabit> <PreviousSmoker> 0 0 0 0
<1303761> <hasSmokingHabit> <CurrentSmoker> 0 0 0 0
<1304207> <hasSmokingHabit> <CurrentSmoker> 0 0 0 0
<1305495> <hasSmokingHabit> <NonSmoker> 0 0 0 0
<1305499> <hasSmokingHabit> <PreviousSmoker> 0 0 0 0
<1305773> <hasSmokingHabit> <PreviousSmoker> 0 0 0 0
<1305915> <hasSmokingHabit> <PreviousSmoker> 0 0 0 0
<1306027> <hasSmokingHabit> <PreviousSmoker> 0 0 0 0
<1306030> <hasSmokingHabit> <PreviousSmoker> 0 0 0 0
<1306087> <hasSmokingHabit> <PreviousSmoker> 0 0 0 0
<1306260> <hasSmokingHabit> <CurrentSmoker> 0 0 0 0
<1306351> <hasSmokingHabit> <PreviousSmoker> 0 0 0 0
<1306515> <hasSmokingHabit> <PreviousSmoker> 0 0 0 0
<1306718> <hasSmokingHabit> <PreviousSmoker> 0 0 0 0
<1308143> <hasSmokingHabit> <PreviousSmoker> 0 0 0 0
<1308164> <hasSmokingHabit> <CurrentSmoker> 0 0 0 0
<1310063> <hasSmokingHabit> <PreviousSmoker> 0 0 0 0
<1310098> <hasSmokingHabit> <CurrentSmoker> 0 0 0 0
<1310186> <hasSmokingHabit> <CurrentSmoker> 0 0 0 0
<1310189> <hasSmokingHabit> <PreviousSmoker> 0 0 0 0
<1310196> <hasSmokingHabit> <CurrentSmoker> 0 0 0 0
<1310349> <hasSmokingHabit> <CurrentSmoker> 0 0 0 0
<1310508> <hasSmokingHabit> <PreviousSmoker> 0 0 0 0
<1310900> <hasSmokingHabit> <CurrentSmoker> 0 0 0 0
<1311013> <hasSmokingHabit> <PreviousSmoker> 0 0 0 0
<1311514> <hasSmokingHabit> <PreviousSmoker> 0 0 0 0
<1312656> <hasSmokingHabit> <NonSmoker> 0 0 0 0
<1312850> <hasSmokingHabit> <CurrentSmoker> 0 0 0 0
<1312919> <hasSmokingHabit> <CurrentSmoker> 0 0 0 0
<1313422> <hasSmokingHabit> <CurrentSmoker> 0 0 0 0
<1313450> <hasSmokingHabit> <PreviousSmoker> 0 0 0 0
<1314217> <hasSmokingHabit> <PreviousSmoker> 0 0 0 0
<1314555> <hasSmokingHabit> <UNK> 0 0 0 0
<1314559> <hasSmokingHabit> <CurrentSmoker> 0 0 0 0
<1314668> <hasSmokingHabit> <PreviousSmoker> 0 0 0 0
<1314702> <hasSmokingHabit> <PreviousSmoker> 0 0 0 0
<1314843> <hasSmokingHabit> <CurrentSmoker> 0 0 0 0
<1300791> <hasSmokingHabit> <PreviousSmoker> 0 0 0 0
<1305695> <hasSmokingHabit> <NonSmoker> 0 0 0 0
<1306212> <hasSmokingHabit> <PreviousSmoker> 0 0 0 0
<1306864> <hasSmokingHabit> <CurrentSmoker> 0 0 0 0
<1314844> <hasSmokingHabit> <CurrentSmoker> 0 0 0 0
<1314982> <hasSmokingHabit> <CurrentSmoker> 0 0 0 0
<1315229> <hasSmokingHabit> <CurrentSmoker> 0 0 0 0
<1315292> <hasSmokingHabit> <UNK> 0 0 0 0
<1315396> <hasSmokingHabit> <CurrentSmoker> 0 0 0 0
<1315405> <hasSmokingHabit> <CurrentSmoker> 0 0 0 0
<1315456> <hasSmokingHabit> <PreviousSmoker> 0 0 0 0
<14612703> <hasSmokingHabit> <PreviousSmoker> 0 0 0 0
<14702158> <hasSmokingHabit> <PreviousSmoker> 0 0 0 0
<14702163> <hasSmokingHabit> <CurrentSmoker> 0 0 0 0
<14705209> <hasSmokingHabit> <CurrentSmoker> 0 0 0 0
<14705784> <hasSmokingHabit> <CurrentSmoker> 0 0 0 0
<14707385> <hasSmokingHabit> <PreviousSmoker> 0 0 0 0
<14715974> <hasSmokingHabit> <CurrentSmoker> 0 0 0 0
<1500890> <hasSmokingHabit> <PreviousSmoker> 0 0 0 0
<1504444> <hasSmokingHabit> <PreviousSmoker> 0 0 0 0
<1505978> <hasSmokingHabit> <CurrentSmoker> 0 0 0 0
<1509527> <hasSmokingHabit> <NonSmoker> 0 0 0 0
<1509598> <hasSmokingHabit> <PreviousSmoker> 0 0 0 0
<1509605> <hasSmokingHabit> <CurrentSmoker> 0 0 0 0
<1509735> <hasSmokingHabit> <PreviousSmoker> 0 0 0 0
<1511087> <hasSmokingHabit> <PreviousSmoker> 0 0 0 0
<1511096> <hasSmokingHabit> <NonSmoker> 0 0 0 0
<1511151> <hasSmokingHabit> <PreviousSmoker> 0 0 0 0
<1511184> <hasSmokingHabit> <CurrentSmoker> 0 0 0 0
<1513557> <hasSmokingHabit> <CurrentSmoker> 0 0 0 0
<1513583> <hasSmokingHabit> <NonSmoker> 0 0 0 0
<1514617> <hasSmokingHabit> <PreviousSmoker> 0 0 0 0
<1514619> <hasSmokingHabit> <CurrentSmoker> 0 0 0 0
<1514825> <hasSmokingHabit> <CurrentSmoker> 0 0 0 0
<1516162> <hasSmokingHabit> <PreviousSmoker> 0 0 0 0
<1516288> <hasSmokingHabit> <PreviousSmoker> 0 0 0 0
<1516293> <hasSmokingHabit> <CurrentSmoker> 0 0 0 0
<1516299> <hasSmokingHabit> <PreviousSmoker> 0 0 0 0
<1516304> <hasSmokingHabit> <CurrentSmoker> 0 0 0 0
<15700157> <hasSmokingHabit> <PreviousSmoker> 0 0 0 0
<15700159> <hasSmokingHabit> <PreviousSmoker> 0 0 0 0
<15700189> <hasSmokingHabit> <NonSmoker> 0 0 0 0
<15700571> <hasSmokingHabit> <NonSmoker> 0 0 0 0
<15700752> <hasSmokingHabit> <NonSmoker> 0 0 0 0
<15701750> <hasSmokingHabit> <NonSmoker> 0 0 0 0
<15701757> <hasSmokingHabit> <PreviousSmoker> 0 0 0 0
<15701935> <hasSmokingHabit> <NonSmoker> 0 0 0 0
<15702367> <hasSmokingHabit> <PreviousSmoker> 0 0 0 0
<15702369> <hasSmokingHabit> <PreviousSmoker> 0 0 0 0
<15703025> <hasSmokingHabit> <CurrentSmoker> 0 0 0 0
<1315434> <hasSmokingHabit> <CurrentSmoker> 0 0 0 0
<1504913> <hasSmokingHabit> <CurrentSmoker> 0 0 0 0
<1508321> <hasSmokingHabit> <CurrentSmoker> 0 0 0 0
<1511183> <hasSmokingHabit> <PreviousSmoker> 0 0 0 0
<15701856> <hasSmokingHabit> <NonSmoker> 0 0 0 0
<15702253> <hasSmokingHabit> <PreviousSmoker> 0 0 0 0
<15706102> <hasSmokingHabit> <NonSmoker> 0 0 0 0
<15706135> <hasSmokingHabit> <PreviousSmoker> 0 0 0 0
<15706421> <hasSmokingHabit> <PreviousSmoker> 0 0 0 0
<15707817> <hasSmokingHabit> <PreviousSmoker> 0 0 0 0
<15709789> <hasSmokingHabit> <PreviousSmoker> 0 0 0 0
<15709814> <hasSmokingHabit> <CurrentSmoker> 0 0 0 0
<15714588> <hasSmokingHabit> <CurrentSmoker> 0 0 0 0
<15714600> <hasSmokingHabit> <CurrentSmoker> 0 0 0 0
<15714636> <hasSmokingHabit> <PreviousSmoker> 0 0 0 0
<15714638> <hasSmokingHabit> <CurrentSmoker> 0 0 0 0
<15715007> <hasSmokingHabit> <CurrentSmoker> 0 0 0 0
<15715021> <hasSmokingHabit> <CurrentSmoker> 0 0 0 0
<200556> <hasSmokingHabit> <NonSmoker> 0 0 0 0
<200708> <hasSmokingHabit> <NonSmoker> 0 0 0 0
<201498> <hasSmokingHabit> <PreviousSmoker> 0 0 0 0
<201568> <hasSmokingHabit> <CurrentSmoker> 0 0 0 0
<201706> <hasSmokingHabit> <PreviousSmoker> 0 0 0 0
<201942> <hasSmokingHabit> <CurrentSmoker> 0 0 0 0
<202028> <hasSmokingHabit> <CurrentSmoker> 0 0 0 0
<202649> <hasSmokingHabit> <CurrentSmoker> 0 0 0 0
<202651> <hasSmokingHabit> <PreviousSmoker> 0 0 0 0
<203389> <hasSmokingHabit> <UNK> 0 0 0 0
<203393> <hasSmokingHabit> <PreviousSmoker> 0 0 0 0
<203477> <hasSmokingHabit> <CurrentSmoker> 0 0 0 0
<203548> <hasSmokingHabit> <CurrentSmoker> 0 0 0 0
<203633> <hasSmokingHabit> <CurrentSmoker> 0 0 0 0
<204024> <hasSmokingHabit> <CurrentSmoker> 0 0 0 0
<204030> <hasSmokingHabit> <PreviousSmoker> 0 0 0 0
<204156> <hasSmokingHabit> <CurrentSmoker> 0 0 0 0
<204280> <hasSmokingHabit> <CurrentSmoker> 0 0 0 0
<204282> <hasSmokingHabit> <NonSmoker> 0 0 0 0
<204337> <hasSmokingHabit> <CurrentSmoker> 0 0 0 0
<204338> <hasSmokingHabit> <CurrentSmoker> 0 0 0 0
<204461> <hasSmokingHabit> <NonSmoker> 0 0 0 0
<204783> <hasSmokingHabit> <CurrentSmoker> 0 0 0 0
<205046> <hasSmokingHabit> <PreviousSmoker> 0 0 0 0
<205502> <hasSmokingHabit> <CurrentSmoker> 0 0 0 0
<205557> <hasSmokingHabit> <CurrentSmoker> 0 0 0 0
<206270> <hasSmokingHabit> <CurrentSmoker> 0 0 0 0
<206537> <hasSmokingHabit> <PreviousSmoker> 0 0 0 0
<206598> <hasSmokingHabit> <PreviousSmoker> 0 0 0 0
<206695> <hasSmokingHabit> <PreviousSmoker> 0 0 0 0
<206752> <hasSmokingHabit> <NonSmoker> 0 0 0 0
<207000> <hasSmokingHabit> <NonSmoker> 0 0 0 0
<207689> <hasSmokingHabit> <PreviousSmoker> 0 0 0 0
<207692> <hasSmokingHabit> <PreviousSmoker> 0 0 0 0
<207914> <hasSmokingHabit> <PreviousSmoker> 0 0 0 0
<15709786> <hasSmokingHabit> <PreviousSmoker> 0 0 0 0
<16000085> <hasSmokingHabit> <NonSmoker> 0 0 0 0
<201539> <hasSmokingHabit> <CurrentSmoker> 0 0 0 0
<202117> <hasSmokingHabit> <PreviousSmoker> 0 0 0 0
<203391> <hasSmokingHabit> <PreviousSmoker> 0 0 0 0
<203546> <hasSmokingHabit> <PreviousSmoker> 0 0 0 0
<204567> <hasSmokingHabit> <CurrentSmoker> 0 0 0 0
<205094> <hasSmokingHabit> <CurrentSmoker> 0 0 0 0
<205465> <hasSmokingHabit> <PreviousSmoker> 0 0 0 0
<208710> <hasSmokingHabit> <PreviousSmoker> 0 0 0 0
<209924> <hasSmokingHabit> <PreviousSmoker> 0 0 0 0
<2100629> <hasSmokingHabit> <PreviousSmoker> 0 0 0 0
<2100837> <hasSmokingHabit> <PreviousSmoker> 0 0 0 0
<2101069> <hasSmokingHabit> <CurrentSmoker> 0 0 0 0
<2101077> <hasSmokingHabit> <PreviousSmoker> 0 0 0 0
<210122> <hasSmokingHabit> <PreviousSmoker> 0 0 0 0
<2101878> <hasSmokingHabit> <PreviousSmoker> 0 0 0 0
<210207> <hasSmokingHabit> <CurrentSmoker> 0 0 0 0
<2102292> <hasSmokingHabit> <CurrentSmoker> 0 0 0 0
<210231> <hasSmokingHabit> <PreviousSmoker> 0 0 0 0
<2103450> <hasSmokingHabit> <CurrentSmoker> 0 0 0 0
<2104237> <hasSmokingHabit> <CurrentSmoker> 0 0 0 0
<210473> <hasSmokingHabit> <NonSmoker> 0 0 0 0
<2107423> <hasSmokingHabit> <CurrentSmoker> 0 0 0 0
<2109197> <hasSmokingHabit> <NonSmoker> 0 0 0 0
<2110957> <hasSmokingHabit> <PreviousSmoker> 0 0 0 0
<2110958> <hasSmokingHabit> <CurrentSmoker> 0 0 0 0
<2111335> <hasSmokingHabit> <CurrentSmoker> 0 0 0 0
<2112065> <hasSmokingHabit> <PreviousSmoker> 0 0 0 0
<211337> <hasSmokingHabit> <CurrentSmoker> 0 0 0 0
<211360> <hasSmokingHabit> <CurrentSmoker> 0 0 0 0
<2115501> <hasSmokingHabit> <PreviousSmoker> 0 0 0 0
<211768> <hasSmokingHabit> <CurrentSmoker> 0 0 0 0
<212399> <hasSmokingHabit> <PreviousSmoker> 0 0 0 0
<212450> <hasSmokingHabit> <PreviousSmoker> 0 0 0 0
<213831> <hasSmokingHabit> <CurrentSmoker> 0 0 0 0
<214201> <hasSmokingHabit> <CurrentSmoker> 0 0 0 0
<217025> <hasSmokingHabit> <PreviousSmoker> 0 0 0 0
<217085> <hasSmokingHabit> <PreviousSmoker> 0 0 0 0
<217108> <hasSmokingHabit> <CurrentSmoker> 0 0 0 0
<217532> <hasSmokingHabit> <CurrentSmoker> 0 0 0 0
<2300008> <hasSmokingHabit> <PreviousSmoker> 0 0 0 0
<2300030> <hasSmokingHabit> <PreviousSmoker> 0 0 0 0
<2300150> <hasSmokingHabit> <NonSmoker> 0 0 0 0
<2300338> <hasSmokingHabit> <CurrentSmoker> 0 0 0 0
<2300548> <hasSmokingHabit> <PreviousSmoker> 0 0 0 0
<2302066> <hasSmokingHabit> <NonSmoker> 0 0 0 0
<2302090> <hasSmokingHabit> <CurrentSmoker> 0 0 0 0
<2302196> <hasSmokingHabit> <CurrentSmoker> 0 0 0 0
<2302469> <hasSmokingHabit> <CurrentSmoker> 0 0 0 0
<208568> <hasSmokingHabit> <PreviousSmoker> 0 0 0 0
<210482> <hasSmokingHabit> <NonSmoker> 0 0 0 0
<2302693> <hasSmokingHabit> <CurrentSmoker> 0 0 0 0
<2303822> <hasSmokingHabit> <CurrentSmoker> 0 0 0 0
<2304145> <hasSmokingHabit> <CurrentSmoker> 0 0 0 0
<2304458> <hasSmokingHabit> <CurrentSmoker> 0 0 0 0
<2304577> <hasSmokingHabit> <CurrentSmoker> 0 0 0 0
<2304904> <hasSmokingHabit> <CurrentSmoker> 0 0 0 0
<2305103> <hasSmokingHabit> <NonSmoker> 0 0 0 0
<2306730> <hasSmokingHabit> <CurrentSmoker> 0 0 0 0
<2306900> <hasSmokingHabit> <PreviousSmoker> 0 0 0 0
<2306984> <hasSmokingHabit> <PreviousSmoker> 0 0 0 0
<2309214> <hasSmokingHabit> <CurrentSmoker> 0 0 0 0
<2309998> <hasSmokingHabit> <CurrentSmoker> 0 0 0 0
<2310177> <hasSmokingHabit> <PreviousSmoker> 0 0 0 0
<2310324> <hasSmokingHabit> <CurrentSmoker> 0 0 0 0
<2311940> <hasSmokingHabit> <NonSmoker> 0 0 0 0
<2312053> <hasSmokingHabit> <CurrentSmoker> 0 0 0 0
<2312402> <hasSmokingHabit> <CurrentSmoker> 0 0 0 0
<2312541> <hasSmokingHabit> <PreviousSmoker> 0 0 0 0
<2312690> <hasSmokingHabit> <CurrentSmoker> 0 0 0 0
<2312913> <hasSmokingHabit> <NonSmoker> 0 0 0 0
<2406698> <hasSmokingHabit> <CurrentSmoker> 0 0 0 0
<2409619> <hasSmokingHabit> <CurrentSmoker> 0 0 0 0
<2507372> <hasSmokingHabit> <CurrentSmoker> 0 0 0 0
<2801996> <hasSmokingHabit> <CurrentSmoker> 0 0 0 0
<2803714> <hasSmokingHabit> <CurrentSmoker> 0 0 0 0
<2804753> <hasSmokingHabit> <CurrentSmoker> 0 0 0 0
<2805168> <hasSmokingHabit> <CurrentSmoker> 0 0 0 0
<2805194> <hasSmokingHabit> <PreviousSmoker> 0 0 0 0
<2806285> <hasSmokingHabit> <PreviousSmoker> 0 0 0 0
<2807137> <hasSmokingHabit> <NonSmoker> 0 0 0 0
<2807335> <hasSmokingHabit> <PreviousSmoker> 0 0 0 0
<2807352> <hasSmokingHabit> <NonSmoker> 0 0 0 0
<2807657> <hasSmokingHabit> <PreviousSmoker> 0 0 0 0
<2807759> <hasSmokingHabit> <PreviousSmoker> 0 0 0 0
<2808763> <hasSmokingHabit> <PreviousSmoker> 0 0 0 0
<2808830> <hasSmokingHabit> <CurrentSmoker> 0 0 0 0
<2808885> <hasSmokingHabit> <CurrentSmoker> 0 0 0 0
<2809755> <hasSmokingHabit> <CurrentSmoker> 0 0 0 0
<2810470> <hasSmokingHabit> <PreviousSmoker> 0 0 0 0
<2810604> <hasSmokingHabit> <PreviousSmoker> 0 0 0 0
<2810606> <hasSmokingHabit> <CurrentSmoker> 0 0 0 0
<2810616> <hasSmokingHabit> <PreviousSmoker> 0 0 0 0
<2811221> <hasSmokingHabit> <PreviousSmoker> 0 0 0 0
<2811292> <hasSmokingHabit> <CurrentSmoker> 0 0 0 0
<2811569> <hasSmokingHabit> <PreviousSmoker> 0 0 0 0
<2811745> <hasSmokingHabit> <CurrentSmoker> 0 0 0 0
<2811954> <hasSmokingHabit> <PreviousSmoker> 0 0 0 0
<2812509> <hasSmokingHabit> <CurrentSmoker> 0 0 0 0
<2812733> <hasSmokingHabit> <PreviousSmoker> 0 0 0 0
<2812794> <hasSmokingHabit> <CurrentSmoker> 0 0 0 0
<2814417> <hasSmokingHabit> <UNK> 0 0 0 0
<2815874> <hasSmokingHabit> <CurrentSmoker> 0 0 0 0
<2816097> <hasSmokingHabit> <PreviousSmoker> 0 0 0 0
<2816112> <hasSmokingHabit> <CurrentSmoker> 0 0 0 0
<2309223> <hasSmokingHabit> <PreviousSmoker> 0 0 0 0
<2311056> <hasSmokingHabit> <CurrentSmoker> 0 0 0 0
<2808600> <hasSmokingHabit> <CurrentSmoker> 0 0 0 0
<2810047> <hasSmokingHabit> <CurrentSmoker> 0 0 0 0
<2814325> <hasSmokingHabit> <CurrentSmoker> 0 0 0 0
<2816692> <hasSmokingHabit> <PreviousSmoker> 0 0 0 0
<2817220> <hasSmokingHabit> <PreviousSmoker> 0 0 0 0
<2900546> <hasSmokingHabit> <CurrentSmoker> 0 0 0 0
<2900871> <hasSmokingHabit> <PreviousSmoker> 0 0 0 0
<2901384> <hasSmokingHabit> <CurrentSmoker> 0 0 0 0
<2902519> <hasSmokingHabit> <NonSmoker> 0 0 0 0
<2903716> <hasSmokingHabit> <CurrentSmoker> 0 0 0 0
<2903717> <hasSmokingHabit> <PreviousSmoker> 0 0 0 0
<2903963> <hasSmokingHabit> <CurrentSmoker> 0 0 0 0
<2908941> <hasSmokingHabit> <CurrentSmoker> 0 0 0 0
<2915960> <hasSmokingHabit> <CurrentSmoker> 0 0 0 0
<2917359> <hasSmokingHabit> <CurrentSmoker> 0 0 0 0
<2917361> <hasSmokingHabit> <PreviousSmoker> 0 0 0 0
<2917365> <hasSmokingHabit> <PreviousSmoker> 0 0 0 0
<2917485> <hasSmokingHabit> <PreviousSmoker> 0 0 0 0
<3000595> <hasSmokingHabit> <CurrentSmoker> 0 0 0 0
<3006259> <hasSmokingHabit> <NonSmoker> 0 0 0 0
<3006870> <hasSmokingHabit> <CurrentSmoker> 0 0 0 0
<3007163> <hasSmokingHabit> <PreviousSmoker> 0 0 0 0
<300857> <hasSmokingHabit> <NonSmoker> 0 0 0 0
<3011339> <hasSmokingHabit> <CurrentSmoker> 0 0 0 0
<3011388> <hasSmokingHabit> <PreviousSmoker> 0 0 0 0
<301440> <hasSmokingHabit> <PreviousSmoker> 0 0 0 0
<301442> <hasSmokingHabit> <PreviousSmoker> 0 0 0 0
<3015430> <hasSmokingHabit> <CurrentSmoker> 0 0 0 0
<3017058> <hasSmokingHabit> <CurrentSmoker> 0 0 0 0
<302040> <hasSmokingHabit> <NonSmoker> 0 0 0 0
<302894> <hasSmokingHabit> <CurrentSmoker> 0 0 0 0
<303674> <hasSmokingHabit> <PreviousSmoker> 0 0 0 0
<303689> <hasSmokingHabit> <CurrentSmoker> 0 0 0 0
<304812> <hasSmokingHabit> <CurrentSmoker> 0 0 0 0
<304817> <hasSmokingHabit> <CurrentSmoker> 0 0 0 0
<306130> <hasSmokingHabit> <CurrentSmoker> 0 0 0 0
<2911375> <hasSmokingHabit> <PreviousSmoker> 0 0 0 0
<3006390> <hasSmokingHabit> <NonSmoker> 0 0 0 0
<300900> <hasSmokingHabit> <PreviousSmoker> 0 0 0 0
<3012040> <hasSmokingHabit> <PreviousSmoker> 0 0 0 0
<303603> <hasSmokingHabit> <CurrentSmoker> 0 0 0 0
<306878> <hasSmokingHabit> <NonSmoker> 0 0 0 0
<307014> <hasSmokingHabit> <CurrentSmoker> 0 0 0 0
<307427> <hasSmokingHabit> <CurrentSmoker> 0 0 0 0
<307428> <hasSmokingHabit> <PreviousSmoker> 0 0 0 0
<308010> <hasSmokingHabit> <PreviousSmoker> 0 0 0 0
<308333> <hasSmokingHabit> <NonSmoker> 0 0 0 0
<308334> <hasSmokingHabit> <PreviousSmoker> 0 0 0 0
<309891> <hasSmokingHabit> <CurrentSmoker> 0 0 0 0
<310313> <hasSmokingHabit> <CurrentSmoker> 0 0 0 0
<310420> <hasSmokingHabit> <CurrentSmoker> 0 0 0 0
<3105727> <hasSmokingHabit> <CurrentSmoker> 0 0 0 0
<3105905> <hasSmokingHabit> <PreviousSmoker> 0 0 0 0
<310637> <hasSmokingHabit> <CurrentSmoker> 0 0 0 0
<311526> <hasSmokingHabit> <PreviousSmoker> 0 0 0 0
<311744> <hasSmokingHabit> <CurrentSmoker> 0 0 0 0
<312303> <hasSmokingHabit> <CurrentSmoker> 0 0 0 0
<317254> <hasSmokingHabit> <CurrentSmoker> 0 0 0 0
<317261> <hasSmokingHabit> <PreviousSmoker> 0 0 0 0
<317408> <hasSmokingHabit> <CurrentSmoker> 0 0 0 0
<3306163> <hasSmokingHabit> <CurrentSmoker> 0 0 0 0
<3308072> <hasSmokingHabit> <PreviousSmoker> 0 0 0 0
<3308097> <hasSmokingHabit> <PreviousSmoker> 0 0 0 0
<3308117> <hasSmokingHabit> <CurrentSmoker> 0 0 0 0
<3308126> <hasSmokingHabit> <CurrentSmoker> 0 0 0 0
<3315444> <hasSmokingHabit> <CurrentSmoker> 0 0 0 0
<3404061> <hasSmokingHabit> <CurrentSmoker> 0 0 0 0
<3404233> <hasSmokingHabit> <CurrentSmoker> 0 0 0 0
<3404236> <hasSmokingHabit> <PreviousSmoker> 0 0 0 0
<3405218> <hasSmokingHabit> <CurrentSmoker> 0 0 0 0
<3405564> <hasSmokingHabit> <PreviousSmoker> 0 0 0 0
<3406017> <hasSmokingHabit> <PreviousSmoker> 0 0 0 0
<3406724> <hasSmokingHabit> <PreviousSmoker> 0 0 0 0
<3407253> <hasSmokingHabit> <NonSmoker> 0 0 0 0
<3410524> <hasSmokingHabit> <CurrentSmoker> 0 0 0 0
<3413978> <hasSmokingHabit> <CurrentSmoker> 0 0 0 0
<3505621> <hasSmokingHabit> <PreviousSmoker> 0 0 0 0
<3505950> <hasSmokingHabit> <PreviousSmoker> 0 0 0 0
<3507392> <hasSmokingHabit> <PreviousSmoker> 0 0 0 0
<3508580> <hasSmokingHabit> <NonSmoker> 0 0 0 0
<3508881> <hasSmokingHabit> <CurrentSmoker> 0 0 0 0
<3508904> <hasSmokingHabit> <PreviousSmoker> 0 0 0 0
<3508943> <hasSmokingHabit> <PreviousSmoker> 0 0 0 0
<3509116> <hasSmokingHabit> <NonSmoker> 0 0 0 0
<3509246> <hasSmokingHabit> <CurrentSmoker> 0 0 0 0
<3509318> <hasSmokingHabit> <PreviousSmoker> 0 0 0 0
<3509329> <hasSmokingHabit> <PreviousSmoker> 0 0 0 0
<306852> <hasSmokingHabit> <CurrentSmoker> 0 0 0 0
<306952> <hasSmokingHabit> <PreviousSmoker> 0 0 0 0
<309882> <hasSmokingHabit> <CurrentSmoker> 0 0 0 0
<311642> <hasSmokingHabit> <CurrentSmoker> 0 0 0 0
<311956> <hasSmokingHabit> <PreviousSmoker> 0 0 0 0
<317046> <hasSmokingHabit> <CurrentSmoker> 0 0 0 0
<317265> <hasSmokingHabit> <PreviousSmoker> 0 0 0 0
<3315052> <hasSmokingHabit> <CurrentSmoker> 0 0 0 0
<3315446> <hasSmokingHabit> <CurrentSmoker> 0 0 0 0
<3405199> <hasSmokingHabit> <PreviousSmoker> 0 0 0 0
<3408306> <hasSmokingHabit> <PreviousSmoker> 0 0 0 0
<3509311> <hasSmokingHabit> <PreviousSmoker> 0 0 0 0
<3509564> <hasSmokingHabit> <PreviousSmoker> 0 0 0 0
<3509922> <hasSmokingHabit> <CurrentSmoker> 0 0 0 0
<3602417> <hasSmokingHabit> <PreviousSmoker> 0 0 0 0
<3702764> <hasSmokingHabit> <PreviousSmoker> 0 0 0 0
<3704527> <hasSmokingHabit> <PreviousSmoker> 0 0 0 0
<3710087> <hasSmokingHabit> <CurrentSmoker> 0 0 0 0
<3712205> <hasSmokingHabit> <PreviousSmoker> 0 0 0 0
<3801549> <hasSmokingHabit> <PreviousSmoker> 0 0 0 0
<3802503> <hasSmokingHabit> <PreviousSmoker> 0 0 0 0
<3812404> <hasSmokingHabit> <NonSmoker> 0 0 0 0
<407421> <hasSmokingHabit> <PreviousSmoker> 0 0 0 0
<407633> <hasSmokingHabit> <NonSmoker> 0 0 0 0
<407636> <hasSmokingHabit> <NonSmoker> 0 0 0 0
<409520> <hasSmokingHabit> <PreviousSmoker> 0 0 0 0
<409660> <hasSmokingHabit> <CurrentSmoker> 0 0 0 0
<409733> <hasSmokingHabit> <PreviousSmoker> 0 0 0 0
<409856> <hasSmokingHabit> <PreviousSmoker> 0 0 0 0
<409935> <hasSmokingHabit> <NonSmoker> 0 0 0 0
<410010> <hasSmokingHabit> <UNK> 0 0 0 0
<410095> <hasSmokingHabit> <PreviousSmoker> 0 0 0 0
<410097> <hasSmokingHabit> <CurrentSmoker> 0 0 0 0
<410212> <hasSmokingHabit> <PreviousSmoker> 0 0 0 0
<410380> <hasSmokingHabit> <NonSmoker> 0 0 0 0
<410393> <hasSmokingHabit> <CurrentSmoker> 0 0 0 0
<411546> <hasSmokingHabit> <CurrentSmoker> 0 0 0 0
<411990> <hasSmokingHabit> <PreviousSmoker> 0 0 0 0
<413142> <hasSmokingHabit> <CurrentSmoker> 0 0 0 0
<415403> <hasSmokingHabit> <PreviousSmoker> 0 0 0 0
<415720> <hasSmokingHabit> <CurrentSmoker> 0 0 0 0
<415728> <hasSmokingHabit> <CurrentSmoker> 0 0 0 0
<415779> <hasSmokingHabit> <PreviousSmoker> 0 0 0 0
<415976> <hasSmokingHabit> <PreviousSmoker> 0 0 0 0
<3510857> <hasSmokingHabit> <PreviousSmoker> 0 0 0 0
<3801859> <hasSmokingHabit> <NonSmoker> 0 0 0 0
<409542> <hasSmokingHabit> <CurrentSmoker> 0 0 0 0
<410017> <hasSmokingHabit> <PreviousSmoker> 0 0 0 0
<411869> <hasSmokingHabit> <PreviousSmoker> 0 0 0 0
<413769> <hasSmokingHabit> <CurrentSmoker> 0 0 0 0
<416328> <hasSmokingHabit> <PreviousSmoker> 0 0 0 0
<416390> <hasSmokingHabit> <PreviousSmoker> 0 0 0 0
<416426> <hasSmokingHabit> <CurrentSmoker> 0 0 0 0
<416444> <hasSmokingHabit> <CurrentSmoker> 0 0 0 0
<416481> <hasSmokingHabit> <PreviousSmoker> 0 0 0 0
<416504> <hasSmokingHabit> <PreviousSmoker> 0 0 0 0
<416622> <hasSmokingHabit> <CurrentSmoker> 0 0 0 0
<416642> <hasSmokingHabit> <PreviousSmoker> 0 0 0 0
<416938> <hasSmokingHabit> <PreviousSmoker> 0 0 0 0
<416979> <hasSmokingHabit> <CurrentSmoker> 0 0 0 0
<417059> <hasSmokingHabit> <CurrentSmoker> 0 0 0 0
<417077> <hasSmokingHabit> <PreviousSmoker> 0 0 0 0
<417176> <hasSmokingHabit> <PreviousSmoker> 0 0 0 0
<417284> <hasSmokingHabit> <CurrentSmoker> 0 0 0 0
<417570> <hasSmokingHabit> <PreviousSmoker> 0 0 0 0
<4305831> <hasSmokingHabit> <CurrentSmoker> 0 0 0 0
<4313174> <hasSmokingHabit> <PreviousSmoker> 0 0 0 0
<4313369> <hasSmokingHabit> <PreviousSmoker> 0 0 0 0
<4313606> <hasSmokingHabit> <PreviousSmoker> 0 0 0 0
<4600803> <hasSmokingHabit> <PreviousSmoker> 0 0 0 0
<4604109> <hasSmokingHabit> <PreviousSmoker> 0 0 0 0
<4611770> <hasSmokingHabit> <CurrentSmoker> 0 0 0 0
<4612751> <hasSmokingHabit> <CurrentSmoker> 0 0 0 0
<4910489> <hasSmokingHabit> <CurrentSmoker> 0 0 0 0
<4910550> <hasSmokingHabit> <PreviousSmoker> 0 0 0 0
<4910554> <hasSmokingHabit> <CurrentSmoker> 0 0 0 0
<4910633> <hasSmokingHabit> <PreviousSmoker> 0 0 0 0
<4910706> <hasSmokingHabit> <CurrentSmoker> 0 0 0 0
<4910722> <hasSmokingHabit> <CurrentSmoker> 0 0 0 0
<4910790> <hasSmokingHabit> <CurrentSmoker> 0 0 0 0
<4910936> <hasSmokingHabit> <CurrentSmoker> 0 0 0 0
<4911041> <hasSmokingHabit> <CurrentSmoker> 0 0 0 0
<4911083> <hasSmokingHabit> <CurrentSmoker> 0 0 0 0
<4911130> <hasSmokingHabit> <PreviousSmoker> 0 0 0 0
<4911131> <hasSmokingHabit> <CurrentSmoker> 0 0 0 0
<4911217> <hasSmokingHabit> <NonSmoker> 0 0 0 0
<4911218> <hasSmokingHabit> <CurrentSmoker> 0 0 0 0
<4911220> <hasSmokingHabit> <PreviousSmoker> 0 0 0 0
<4911242> <hasSmokingHabit> <CurrentSmoker> 0 0 0 0
<501216> <hasSmokingHabit> <NonSmoker> 0 0 0 0
<501222> <hasSmokingHabit> <CurrentSmoker> 0 0 0 0
<501233> <hasSmokingHabit> <CurrentSmoker> 0 0 0 0
<501277> <hasSmokingHabit> <CurrentSmoker> 0 0 0 0
<501289> <hasSmokingHabit> <CurrentSmoker> 0 0 0 0
<416307> <hasSmokingHabit> <PreviousSmoker> 0 0 0 0
<416513> <hasSmokingHabit> <CurrentSmoker> 0 0 0 0
<417204> <hasSmokingHabit> <PreviousSmoker> 0 0 0 0
<4602209> <hasSmokingHabit> <CurrentSmoker> 0 0 0 0
<4910680> <hasSmokingHabit> <PreviousSmoker> 0 0 0 0
<4910741> <hasSmokingHabit> <CurrentSmoker> 0 0 0 0
<4910788> <hasSmokingHabit> <PreviousSmoker> 0 0 0 0
<4910851> <hasSmokingHabit> <CurrentSmoker> 0 0 0 0
<4910883> <hasSmokingHabit> <PreviousSmoker> 0 0 0 0
<4911079> <hasSmokingHabit> <PreviousSmoker> 0 0 0 0
<501319> <hasSmokingHabit> <CurrentSmoker> 0 0 0 0
<501325> <hasSmokingHabit> <NonSmoker> 0 0 0 0
<501349> <hasSmokingHabit> <CurrentSmoker> 0 0 0 0
<503000> <hasSmokingHabit> <CurrentSmoker> 0 0 0 0
<503002> <hasSmokingHabit> <CurrentSmoker> 0 0 0 0
<503108> <hasSmokingHabit> <CurrentSmoker> 0 0 0 0
<503291> <hasSmokingHabit> <PreviousSmoker> 0 0 0 0
<503302> <hasSmokingHabit> <CurrentSmoker> 0 0 0 0
<503336> <hasSmokingHabit> <PreviousSmoker> 0 0 0 0
<503442> <hasSmokingHabit> <PreviousSmoker> 0 0 0 0
<503833> <hasSmokingHabit> <CurrentSmoker> 0 0 0 0
<503875> <hasSmokingHabit> <CurrentSmoker> 0 0 0 0
<503913> <hasSmokingHabit> <CurrentSmoker> 0 0 0 0
<503952> <hasSmokingHabit> <CurrentSmoker> 0 0 0 0
<504152> <hasSmokingHabit> <CurrentSmoker> 0 0 0 0
<504163> <hasSmokingHabit> <CurrentSmoker> 0 0 0 0
<505890> <hasSmokingHabit> <PreviousSmoker> 0 0 0 0
<507562> <hasSmokingHabit> <PreviousSmoker> 0 0 0 0
<507581> <hasSmokingHabit> <PreviousSmoker> 0 0 0 0
<507727> <hasSmokingHabit> <PreviousSmoker> 0 0 0 0
<507738> <hasSmokingHabit> <PreviousSmoker> 0 0 0 0
<507808> <hasSmokingHabit> <PreviousSmoker> 0 0 0 0
<507811> <hasSmokingHabit> <PreviousSmoker> 0 0 0 0
<507892> <hasSmokingHabit> <PreviousSmoker> 0 0 0 0
<508022> <hasSmokingHabit> <CurrentSmoker> 0 0 0 0
<508032> <hasSmokingHabit> <PreviousSmoker> 0 0 0 0
<508040> <hasSmokingHabit> <PreviousSmoker> 0 0 0 0
<508045> <hasSmokingHabit> <PreviousSmoker> 0 0 0 0
<508048> <hasSmokingHabit> <CurrentSmoker> 0 0 0 0
<508060> <hasSmokingHabit> <NonSmoker> 0 0 0 0
<508063> <hasSmokingHabit> <CurrentSmoker> 0 0 0 0
<508068> <hasSmokingHabit> <PreviousSmoker> 0 0 0 0
<508116> <hasSmokingHabit> <PreviousSmoker> 0 0 0 0
<508170> <hasSmokingHabit> <PreviousSmoker> 0 0 0 0
<508195> <hasSmokingHabit> <NonSmoker> 0 0 0 0
<508238> <hasSmokingHabit> <NonSmoker> 0 0 0 0
<508241> <hasSmokingHabit> <PreviousSmoker> 0 0 0 0
<508405> <hasSmokingHabit> <CurrentSmoker> 0 0 0 0
<508448> <hasSmokingHabit> <PreviousSmoker> 0 0 0 0
<508493> <hasSmokingHabit> <PreviousSmoker> 0 0 0 0
<508515> <hasSmokingHabit> <PreviousSmoker> 0 0 0 0
<508521> <hasSmokingHabit> <PreviousSmoker> 0 0 0 0
<508533> <hasSmokingHabit> <PreviousSmoker> 0 0 0 0
<508565> <hasSmokingHabit> <CurrentSmoker> 0 0 0 0
<508828> <hasSmokingHabit> <NonSmoker> 0 0 0 0
<508953> <hasSmokingHabit> <PreviousSmoker> 0 0 0 0
<509005> <hasSmokingHabit> <PreviousSmoker> 0 0 0 0
<509029> <hasSmokingHabit> <PreviousSmoker> 0 0 0 0
<509049> <hasSmokingHabit> <PreviousSmoker> 0 0 0 0
<509064> <hasSmokingHabit> <PreviousSmoker> 0 0 0 0
<509068> <hasSmokingHabit> <PreviousSmoker> 0 0 0 0
<509084> <hasSmokingHabit> <PreviousSmoker> 0 0 0 0
<509088> <hasSmokingHabit> <PreviousSmoker> 0 0 0 0
<509095> <hasSmokingHabit> <PreviousSmoker> 0 0 0 0
<5103097> <hasSmokingHabit> <PreviousSmoker> 0 0 0 0
<508441> <hasSmokingHabit> <PreviousSmoker> 0 0 0 0
<509032> <hasSmokingHabit> <PreviousSmoker> 0 0 0 0
<5103143> <hasSmokingHabit> <PreviousSmoker> 0 0 0 0
<5103319> <hasSmokingHabit> <PreviousSmoker> 0 0 0 0
<5103649> <hasSmokingHabit> <PreviousSmoker> 0 0 0 0
<5103759> <hasSmokingHabit> <NonSmoker> 0 0 0 0
<5103778> <hasSmokingHabit> <PreviousSmoker> 0 0 0 0
<5104229> <hasSmokingHabit> <PreviousSmoker> 0 0 0 0
<5104449> <hasSmokingHabit> <CurrentSmoker> 0 0 0 0
<5104483> <hasSmokingHabit> <NonSmoker> 0 0 0 0
<5104555> <hasSmokingHabit> <PreviousSmoker> 0 0 0 0
<5104635> <hasSmokingHabit> <PreviousSmoker> 0 0 0 0
<5104729> <hasSmokingHabit> <PreviousSmoker> 0 0 0 0
<5105810> <hasSmokingHabit> <PreviousSmoker> 0 0 0 0
<5106032> <hasSmokingHabit> <CurrentSmoker> 0 0 0 0
<5106116> <hasSmokingHabit> <PreviousSmoker> 0 0 0 0
<5106294> <hasSmokingHabit> <PreviousSmoker> 0 0 0 0
<5106394> <hasSmokingHabit> <PreviousSmoker> 0 0 0 0
<5106395> <hasSmokingHabit> <PreviousSmoker> 0 0 0 0
<5106541> <hasSmokingHabit> <PreviousSmoker> 0 0 0 0
<5106572> <hasSmokingHabit> <PreviousSmoker> 0 0 0 0
<5107017> <hasSmokingHabit> <CurrentSmoker> 0 0 0 0
<5107103> <hasSmokingHabit> <PreviousSmoker> 0 0 0 0
<5107213> <hasSmokingHabit> <PreviousSmoker> 0 0 0 0
<5107363> <hasSmokingHabit> <PreviousSmoker> 0 0 0 0
<5108009> <hasSmokingHabit> <PreviousSmoker> 0 0 0 0
<5109587> <hasSmokingHabit> <CurrentSmoker> 0 0 0 0
<5109611> <hasSmokingHabit> <NonSmoker> 0 0 0 0
<5109727> <hasSmokingHabit> <CurrentSmoker> 0 0 0 0
<5109983> <hasSmokingHabit> <NonSmoker> 0 0 0 0
<5110224> <hasSmokingHabit> <NonSmoker> 0 0 0 0
<5110401> <hasSmokingHabit> <PreviousSmoker> 0 0 0 0
<5110402> <hasSmokingHabit> <CurrentSmoker> 0 0 0 0
<5110403> <hasSmokingHabit> <PreviousSmoker> 0 0 0 0
<5110622> <hasSmokingHabit> <CurrentSmoker> 0 0 0 0
<5111378> <hasSmokingHabit> <CurrentSmoker> 0 0 0 0
<5111471> <hasSmokingHabit> <NonSmoker> 0 0 0 0
<5111687> <hasSmokingHabit> <CurrentSmoker> 0 0 0 0
<5111781> <hasSmokingHabit> <PreviousSmoker> 0 0 0 0
<5111894> <hasSmokingHabit> <PreviousSmoker> 0 0 0 0
<5113594> <hasSmokingHabit> <CurrentSmoker> 0 0 0 0
<5115245> <hasSmokingHabit> <CurrentSmoker> 0 0 0 0
<5115280> <hasSmokingHabit> <CurrentSmoker> 0 0 0 0
<5103354> <hasSmokingHabit> <PreviousSmoker> 0 0 0 0
<5104223> <hasSmokingHabit> <CurrentSmoker> 0 0 0 0
<5106400> <hasSmokingHabit> <CurrentSmoker> 0 0 0 0
<5107219> <hasSmokingHabit> <PreviousSmoker> 0 0 0 0
<5115925> <hasSmokingHabit> <CurrentSmoker> 0 0 0 0
<512431> <hasSmokingHabit> <PreviousSmoker> 0 0 0 0
<512511> <hasSmokingHabit> <NonSmoker> 0 0 0 0
<512602> <hasSmokingHabit> <CurrentSmoker> 0 0 0 0
<512940> <hasSmokingHabit> <PreviousSmoker> 0 0 0 0
<513084> <hasSmokingHabit> <PreviousSmoker> 0 0 0 0
<513140> <hasSmokingHabit> <PreviousSmoker> 0 0 0 0
<513188> <hasSmokingHabit> <CurrentSmoker> 0 0 0 0
<513198> <hasSmokingHabit> <CurrentSmoker> 0 0 0 0
<513377> <hasSmokingHabit> <CurrentSmoker> 0 0 0 0
<513499> <hasSmokingHabit> <PreviousSmoker> 0 0 0 0
<513501> <hasSmokingHabit> <PreviousSmoker> 0 0 0 0
<513512> <hasSmokingHabit> <CurrentSmoker> 0 0 0 0
<513541> <hasSmokingHabit> <CurrentSmoker> 0 0 0 0
<513595> <hasSmokingHabit> <CurrentSmoker> 0 0 0 0
<513640> <hasSmokingHabit> <CurrentSmoker> 0 0 0 0
<513660> <hasSmokingHabit> <PreviousSmoker> 0 0 0 0
<513690> <hasSmokingHabit> <PreviousSmoker> 0 0 0 0
<513745> <hasSmokingHabit> <PreviousSmoker> 0 0 0 0
<513822> <hasSmokingHabit> <PreviousSmoker> 0 0 0 0
<513859> <hasSmokingHabit> <PreviousSmoker> 0 0 0 0
<513907> <hasSmokingHabit> <PreviousSmoker> 0 0 0 0
<514012> <hasSmokingHabit> <PreviousSmoker> 0 0 0 0
<514127> <hasSmokingHabit> <CurrentSmoker> 0 0 0 0
<514130> <hasSmokingHabit> <PreviousSmoker> 0 0 0 0
<514140> <hasSmokingHabit> <CurrentSmoker> 0 0 0 0
<514210> <hasSmokingHabit> <PreviousSmoker> 0 0 0 0
<514312> <hasSmokingHabit> <CurrentSmoker> 0 0 0 0
<514414> <hasSmokingHabit> <CurrentSmoker> 0 0 0 0
<514423> <hasSmokingHabit> <NonSmoker> 0 0 0 0
<516667> <hasSmokingHabit> <CurrentSmoker> 0 0 0 0
<516863> <hasSmokingHabit> <CurrentSmoker> 0 0 0 0
<5301600> <hasSmokingHabit> <PreviousSmoker> 0 0 0 0
<5301981> <hasSmokingHabit> <CurrentSmoker> 0 0 0 0
<5303096> <hasSmokingHabit> <NonSmoker> 0 0 0 0
<513047> <hasSmokingHabit> <CurrentSmoker> 0 0 0 0
<513662> <hasSmokingHabit> <PreviousSmoker> 0 0 0 0
<513870> <hasSmokingHabit> <PreviousSmoker> 0 0 0 0
<514181> <hasSmokingHabit> <CurrentSmoker> 0 0 0 0
<516191> <hasSmokingHabit> <NonSmoker> 0 0 0 0
<516232> <hasSmokingHabit> <PreviousSmoker> 0 0 0 0
<5305286> <hasSmokingHabit> <PreviousSmoker> 0 0 0 0
<5305799> <hasSmokingHabit> <CurrentSmoker> 0 0 0 0
<5305800> <hasSmokingHabit> <CurrentSmoker> 0 0 0 0
<5307063> <hasSmokingHabit> <CurrentSmoker> 0 0 0 0
<5307296> <hasSmokingHabit> <CurrentSmoker> 0 0 0 0
<5312992> <hasSmokingHabit> <CurrentSmoker> 0 0 0 0
<5313214> <hasSmokingHabit> <PreviousSmoker> 0 0 0 0
<5313433> <hasSmokingHabit> <PreviousSmoker> 0 0 0 0
<5314458> <hasSmokingHabit> <CurrentSmoker> 0 0 0 0
<5314676> <hasSmokingHabit> <CurrentSmoker> 0 0 0 0
<5314795> <hasSmokingHabit> <PreviousSmoker> 0 0 0 0
<5314897> <hasSmokingHabit> <NonSmoker> 0 0 0 0
<5314966> <hasSmokingHabit> <CurrentSmoker> 0 0 0 0
<5315440> <hasSmokingHabit> <NonSmoker> 0 0 0 0
<5315441> <hasSmokingHabit> <CurrentSmoker> 0 0 0 0
<5315480> <hasSmokingHabit> <CurrentSmoker> 0 0 0 0
<5315695> <hasSmokingHabit> <PreviousSmoker> 0 0 0 0
<5316003> <hasSmokingHabit> <CurrentSmoker> 0 0 0 0
<5316061> <hasSmokingHabit> <CurrentSmoker> 0 0 0 0
<5316186> <hasSmokingHabit> <PreviousSmoker> 0 0 0 0
<5316197> <hasSmokingHabit> <CurrentSmoker> 0 0 0 0
<5316294> <hasSmokingHabit> <CurrentSmoker> 0 0 0 0
<5316395> <hasSmokingHabit> <CurrentSmoker> 0 0 0 0
<5316515> <hasSmokingHabit> <PreviousSmoker> 0 0 0 0
<5316656> <hasSmokingHabit> <PreviousSmoker> 0 0 0 0
<5316693> <hasSmokingHabit> <NonSmoker> 0 0 0 0
<5502113> <hasSmokingHabit> <NonSmoker> 0 0 0 0
<5504031> <hasSmokingHabit> <CurrentSmoker> 0 0 0 0
<5504667> <hasSmokingHabit> <CurrentSmoker> 0 0 0 0
<5505420> <hasSmokingHabit> <CurrentSmoker> 0 0 0 0
<5511325> <hasSmokingHabit> <CurrentSmoker> 0 0 0 0
<5814885> <hasSmokingHabit> <CurrentSmoker> 0 0 0 0
<5815095> <hasSmokingHabit> <CurrentSmoker> 0 0 0 0
<6007011> <hasSmokingHabit> <PreviousSmoker> 0 0 0 0
<6300235> <hasSmokingHabit> <CurrentSmoker> 0 0 0 0
<6300237> <hasSmokingHabit> <PreviousSmoker> 0 0 0 0
<6300487> <hasSmokingHabit> <PreviousSmoker> 0 0 0 0
<6301668> <hasSmokingHabit> <PreviousSmoker> 0 0 0 0
<6301700> <hasSmokingHabit> <PreviousSmoker> 0 0 0 0
<6302481> <hasSmokingHabit> <NonSmoker> 0 0 0 0
<5305812> <hasSmokingHabit> <CurrentSmoker> 0 0 0 0
<5315506> <hasSmokingHabit> <NonSmoker> 0 0 0 0
<5316072> <hasSmokingHabit> <CurrentSmoker> 0 0 0 0
<5316306> <hasSmokingHabit> <PreviousSmoker> 0 0 0 0
<5316576> <hasSmokingHabit> <NonSmoker> 0 0 0 0
<6300107> <hasSmokingHabit> <PreviousSmoker> 0 0 0 0
<6303448> <hasSmokingHabit> <PreviousSmoker> 0 0 0 0
<6304654> <hasSmokingHabit> <PreviousSmoker> 0 0 0 0
<6304657> <hasSmokingHabit> <CurrentSmoker> 0 0 0 0
<6304821> <hasSmokingHabit> <PreviousSmoker> 0 0 0 0
<6311644> <hasSmokingHabit> <CurrentSmoker> 0 0 0 0
<6311647> <hasSmokingHabit> <CurrentSmoker> 0 0 0 0
<6311737> <hasSmokingHabit> <CurrentSmoker> 0 0 0 0
<6311739> <hasSmokingHabit> <CurrentSmoker> 0 0 0 0
<6311799> <hasSmokingHabit> <PreviousSmoker> 0 0 0 0
<6312037> <hasSmokingHabit> <PreviousSmoker> 0 0 0 0
<6312263> <hasSmokingHabit> <CurrentSmoker> 0 0 0 0
<6312629> <hasSmokingHabit> <PreviousSmoker> 0 0 0 0
<6312736> <hasSmokingHabit> <NonSmoker> 0 0 0 0
<6312863> <hasSmokingHabit> <PreviousSmoker> 0 0 0 0
<6312879> <hasSmokingHabit> <CurrentSmoker> 0 0 0 0
<6313607> <hasSmokingHabit> <CurrentSmoker> 0 0 0 0
<6314490> <hasSmokingHabit> <PreviousSmoker> 0 0 0 0
<6315216> <hasSmokingHabit> <PreviousSmoker> 0 0 0 0
<6315351> <hasSmokingHabit> <CurrentSmoker> 0 0 0 0
<6315536> <hasSmokingHabit> <PreviousSmoker> 0 0 0 0
<6315669> <hasSmokingHabit> <PreviousSmoker> 0 0 0 0
<6315818> <hasSmokingHabit> <NonSmoker> 0 0 0 0
<6315843> <hasSmokingHabit> <UNK> 0 0 0 0
<6316417> <hasSmokingHabit> <NonSmoker> 0 0 0 0
<6316627> <hasSmokingHabit> <CurrentSmoker> 0 0 0 0
<6316980> <hasSmokingHabit> <PreviousSmoker> 0 0 0 0
<6317028> <hasSmokingHabit> <CurrentSmoker> 0 0 0 0
<6317029> <hasSmokingHabit> <CurrentSmoker> 0 0 0 0
<6317195> <hasSmokingHabit> <PreviousSmoker> 0 0 0 0
<6400646> <hasSmokingHabit> <PreviousSmoker> 0 0 0 0
<6400647> <hasSmokingHabit> <NonSmoker> 0 0 0 0
<6401433> <hasSmokingHabit> <CurrentSmoker> 0 0 0 0
<6402102> <hasSmokingHabit> <CurrentSmoker> 0 0 0 0
<6402109> <hasSmokingHabit> <PreviousSmoker> 0 0 0 0
<6402399> <hasSmokingHabit> <PreviousSmoker> 0 0 0 0
<6605755> <hasSmokingHabit> <PreviousSmoker> 0 0 0 0
<6900554> <hasSmokingHabit> <PreviousSmoker> 0 0 0 0
<7000636> <hasSmokingHabit> <PreviousSmoker> 0 0 0 0
<702557> <hasSmokingHabit> <PreviousSmoker> 0 0 0 0
<705757> <hasSmokingHabit> <CurrentSmoker> 0 0 0 0
<706528> <hasSmokingHabit> <PreviousSmoker> 0 0 0 0
<707424> <hasSmokingHabit> <CurrentSmoker> 0 0 0 0
<707547> <hasSmokingHabit> <PreviousSmoker> 0 0 0 0
<707551> <hasSmokingHabit> <CurrentSmoker> 0 0 0 0
<707603> <hasSmokingHabit> <CurrentSmoker> 0 0 0 0
<707715> <hasSmokingHabit> <NonSmoker> 0 0 0 0
<6305639> <hasSmokingHabit> <CurrentSmoker> 0 0 0 0
<6312822> <hasSmokingHabit> <CurrentSmoker> 0 0 0 0
<6315455> <hasSmokingHabit> <PreviousSmoker> 0 0 0 0
<6315907> <hasSmokingHabit> <PreviousSmoker> 0 0 0 0
<6315989> <hasSmokingHabit> <PreviousSmoker> 0 0 0 0
<7105400> <hasSmokingHabit> <CurrentSmoker> 0 0 0 0
<7105830> <hasSmokingHabit> <PreviousSmoker> 0 0 0 0
<714413> <hasSmokingHabit> <CurrentSmoker> 0 0 0 0
<7404251> <hasSmokingHabit> <PreviousSmoker> 0 0 0 0
<7404348> <hasSmokingHabit> <PreviousSmoker> 0 0 0 0
<7404364> <hasSmokingHabit> <CurrentSmoker> 0 0 0 0
<7406504> <hasSmokingHabit> <PreviousSmoker> 0 0 0 0
<7409207> <hasSmokingHabit> <PreviousSmoker> 0 0 0 0
<8311465> <hasSmokingHabit> <NonSmoker> 0 0 0 0
<8311636> <hasSmokingHabit> <PreviousSmoker> 0 0 0 0
<900436> <hasSmokingHabit> <NonSmoker> 0 0 0 0
<901088> <hasSmokingHabit> <PreviousSmoker> 0 0 0 0
<901145> <hasSmokingHabit> <UNK> 0 0 0 0
<901404> <hasSmokingHabit> <NonSmoker> 0 0 0 0
<902014> <hasSmokingHabit> <PreviousSmoker> 0 0 0 0
<903031> <hasSmokingHabit> <PreviousSmoker> 0 0 0 0
<906888> <hasSmokingHabit> <CurrentSmoker> 0 0 0 0
<906889> <hasSmokingHabit> <CurrentSmoker> 0 0 0 0
<906908> <hasSmokingHabit> <CurrentSmoker> 0 0 0 0
<906909> <hasSmokingHabit> <NonSmoker> 0 0 0 0
<906939> <hasSmokingHabit> <NonSmoker> 0 0 0 0
<906978> <hasSmokingHabit> <NonSmoker> 0 0 0 0
<908574> <hasSmokingHabit> <PreviousSmoker> 0 0 0 0
<908713> <hasSmokingHabit> <CurrentSmoker> 0 0 0 0
<908782> <hasSmokingHabit> <CurrentSmoker> 0 0 0 0
<908785> <hasSmokingHabit> <NonSmoker> 0 0 0 0
<909525> <hasSmokingHabit> <PreviousSmoker> 0 0 0 0
<909623> <hasSmokingHabit> <PreviousSmoker> 0 0 0 0
<909662> <hasSmokingHabit> <CurrentSmoker> 0 0 0 0
<909701> <hasSmokingHabit> <PreviousSmoker> 0 0 0 0
<911816> <hasSmokingHabit> <CurrentSmoker> 0 0 0 0
<916421> <hasSmokingHabit> <CurrentSmoker> 0 0 0 0
<916615> <hasSmokingHabit> <CurrentSmoker> 0 0 0 0
<916720> <hasSmokingHabit> <PreviousSmoker> 0 0 0 0
<916892> <hasSmokingHabit> <CurrentSmoker> 0 0 0 0
<916932> <hasSmokingHabit> <PreviousSmoker> 0 0 0 0
<917117> <hasSmokingHabit> <PreviousSmoker> 0 0 0 0
<9407222> <hasSmokingHabit> <CurrentSmoker> 0 0 0 0
<9408741> <hasSmokingHabit> <PreviousSmoker> 0 0 0 0
<9409832> <hasSmokingHabit> <PreviousSmoker> 0 0 0 0
<9410282> <hasSmokingHabit> <PreviousSmoker> 0 0 0 0
<9413646> <hasSmokingHabit> <UNK> 0 0 0 0
<9415323> <hasSmokingHabit> <CurrentSmoker> 0 0 0 0
<712584> <hasSmokingHabit> <NonSmoker> 0 0 0 0
<7404459> <hasSmokingHabit> <NonSmoker> 0 0 0 0
<7404585> <hasSmokingHabit> <CurrentSmoker> 0 0 0 0
<900447> <hasSmokingHabit> <PreviousSmoker> 0 0 0 0
<906919> <hasSmokingHabit> <CurrentSmoker> 0 0 0 0
<909360> <hasSmokingHabit> <PreviousSmoker> 0 0 0 0
<9415463> <hasSmokingHabit> <PreviousSmoker> 0 0 0 0
<9415535> <hasSmokingHabit> <PreviousSmoker> 0 0 0 0
<9416407> <hasSmokingHabit> <PreviousSmoker> 0 0 0 0
<9417516> <hasSmokingHabit> <CurrentSmoker> 0 0 0 0
<9703324> <hasSmokingHabit> <PreviousSmoker> 0 0 0 0
<9704018> <hasSmokingHabit> <PreviousSmoker> 0 0 0 0
<9704797> <hasSmokingHabit> <NonSmoker> 0 0 0 0
<9704798> <hasSmokingHabit> <PreviousSmoker> 0 0 0 0
<9705165> <hasSmokingHabit> <NonSmoker> 0 0 0 0
<9705205> <hasSmokingHabit> <CurrentSmoker> 0 0 0 0
<9705423> <hasSmokingHabit> <CurrentSmoker> 0 0 0 0
<9708324> <hasSmokingHabit> <PreviousSmoker> 0 0 0 0
<9710044> <hasSmokingHabit> <PreviousSmoker> 0 0 0 0
<9711313> <hasSmokingHabit> <CurrentSmoker> 0 0 0 0
<9711674> <hasSmokingHabit> <PreviousSmoker> 0 0 0 0
<9713410> <hasSmokingHabit> <CurrentSmoker> 0 0 0 0
<9910303> <hasSmokingHabit> <CurrentSmoker> 0 0 0 0
<9911655> <hasSmokingHabit> <CurrentSmoker> 0 0 0 0
<9417512> <hasSmokingHabit> <CurrentSmoker> 0 0 0 0
<9700544> <hasSmokingHabit> <PreviousSmoker> 0 0 0 0
<9703620> <hasSmokingHabit> <PreviousSmoker> 0 0 0 0
<9710453> <hasSmokingHabit> <NonSmoker> 0 0 0 0
<9711690> <hasSmokingHabit> <PreviousSmoker> 0 0 0 0
<9714391> <hasSmokingHabit> <PreviousSmoker> 0 0 0 0
<9905860> <hasSmokingHabit> <CurrentSmoker> 0 0 0 0
<9905861> <hasSmokingHabit> <CurrentSmoker> 0 0 0 0
<9910301> <hasSmokingHabit> <CurrentSmoker> 0 0 0 0
<10802682> <hasSmokingHabit> <CurrentSmoker> 0 0 0 0
<11313190> <hasSmokingHabit> <CurrentSmoker> 0 0 0 0
<1214880> <hasSmokingHabit> <CurrentSmoker> 0 0 0 0
<1306209> <hasSmokingHabit> <CurrentSmoker> 0 0 0 0
<1306211> <hasSmokingHabit> <CurrentSmoker> 0 0 0 0
<2305122> <hasSmokingHabit> <CurrentSmoker> 0 0 0 0
<311032> <hasSmokingHabit> <NonSmoker> 0 0 0 0
<512775> <hasSmokingHabit> <PreviousSmoker> 0 0 0 0
<6315587> <hasSmokingHabit> <PreviousSmoker> 0 0 0 0
<6400368> <hasSmokingHabit> <PreviousSmoker> 0 0 0 0
<900565> <hasSmokingHabit> <UNK> 0 0 0 0
<901174> <hasSmokingHabit> <PreviousSmoker> 0 0 0 0
<916722> <hasSmokingHabit> <CurrentSmoker> 0 0 0 0
