<2903693> <hasCarcinogen_hasCarcinogenCityContact> <BILBAO> 0 0 0 0
<306897> <hasCarcinogen_hasCarcinogenCityContact> <aldaya> 0 0 0 0
<3505950> <hasCarcinogen_hasCarcinogenCityContact> <Carcaixent> 0 0 0 0
<3702759> <hasCarcinogen_hasCarcinogenCityContact> <LEON> 0 0 0 0
<3705811> <hasCarcinogen_hasCarcinogenCityContact> <LEON> 0 0 0 0
<4600821> <hasCarcinogen_hasCarcinogenCityContact> <Barcelona> 0 0 0 0
<4608615> <hasCarcinogen_hasCarcinogenCityContact> <municipios%20provincia%20de%20barcelona> 0 0 0 0
<6301801> <hasCarcinogen_hasCarcinogenCityContact> <Vitigudino%20%28Salamanca%29> 0 0 0 0
<708247> <hasCarcinogen_hasCarcinogenCityContact> <Madrid> 0 0 0 0
<1200207> <hasCarcinogen_hasCarcinogenCityContact> <almazora> 0 0 0 0
<3704790> <hasCarcinogen_hasCarcinogenCityContact> <LEON> 0 0 0 0
<3712248> <hasCarcinogen_hasCarcinogenCityContact> <LEON> 0 0 0 0
<1302232> <hasCarcinogen_hasCarcinogenCityContact> <Las%20Palmas%20de%20Gran%20Canaria> 0 0 0 0
<2310911> <hasCarcinogen_hasCarcinogenCityContact> <Orihuela> 0 0 0 0
<2902529> <hasCarcinogen_hasCarcinogenCityContact> <BILBAO> 0 0 0 0
<301442> <hasCarcinogen_hasCarcinogenCityContact> <Valencia> 0 0 0 0
<3703090> <hasCarcinogen_hasCarcinogenCityContact> <ACEBES%20DEL%20PARAMO/%20LEON> 0 0 0 0
<5116878> <hasCarcinogen_hasCarcinogenCityContact> <Valladolid> 0 0 0 0
<1305679> <hasCarcinogen_hasCarcinogenCityContact> <fuerteventura> 0 0 0 0
<3505878> <hasCarcinogen_hasCarcinogenCityContact> <QUART%20DE%20LES%20VALLS%2C%20VALENCIA> 0 0 0 0
<7105685> <hasCarcinogen_hasCarcinogenCityContact> <Lasarte> 0 0 0 0
<5106149> <hasCarcinogen_hasCarcinogenCityContact> <Cabez%C3%B3n%20de%20Pisuerga%20%28VA%29> 0 0 0 0
<1300994> <hasCarcinogen_hasCarcinogenCityContact> <Ag%C3%BCimes> 0 0 0 0
<4612745> <hasCarcinogen_hasCarcinogenCityContact> <TERRASSA> 0 0 0 0
<1300145> <hasCarcinogen_hasCarcinogenCityContact> <Santa%20Luc%C3%ADa> 0 0 0 0
<3505953> <hasCarcinogen_hasCarcinogenCityContact> <VALENCIA> 0 0 0 0
