<1300690> <hasPTNMdiagnosisType_ptnmDiagnosisType> <Biopsy> 1 1 1 1
<1214895> <hasPTNMdiagnosisType_ptnmDiagnosisType> <Biopsy> 1 1 1 1
<1315449> <hasPTNMdiagnosisType_ptnmDiagnosisType> <Biopsy> 1 1 1 1
<1511071> <hasPTNMdiagnosisType_ptnmDiagnosisType> <Biopsy> 1 1 1 1
<1516280> <hasPTNMdiagnosisType_ptnmDiagnosisType> <Biopsy> 1 1 1 1
<201822> <hasPTNMdiagnosisType_ptnmDiagnosisType> <Biopsy> 0 0 0 0
<1314032> <hasPTNMdiagnosisType_ptnmDiagnosisType> <Biopsy> 0 0 0 0
<1511086> <hasPTNMdiagnosisType_ptnmDiagnosisType> <Biopsy> 1 1 1 1
<203403> <hasPTNMdiagnosisType_ptnmDiagnosisType> <Cytology> 0 0 0 0
<111322> <hasPTNMdiagnosisType_ptnmDiagnosisType> <Biopsy> 1 1 1 1
<1314681> <hasPTNMdiagnosisType_ptnmDiagnosisType> <Biopsy> 0 0 0 0
<212449> <hasPTNMdiagnosisType_ptnmDiagnosisType> <Biopsy> 0 0 0 0
<2807659> <hasPTNMdiagnosisType_ptnmDiagnosisType> <Biopsy> 1 1 1 1
<2810274> <hasPTNMdiagnosisType_ptnmDiagnosisType> <Biopsy> 1 1 1 1
<3411357> <hasPTNMdiagnosisType_ptnmDiagnosisType> <Biopsy> 1 1 1 1
<3012673> <hasPTNMdiagnosisType_ptnmDiagnosisType> <Cytology> 0 0 0 0
<217110> <hasPTNMdiagnosisType_ptnmDiagnosisType> <Biopsy> 0 0 0 0
<3302182> <hasPTNMdiagnosisType_ptnmDiagnosisType> <Biopsy> 1 1 1 1
<1314909> <hasPTNMdiagnosisType_ptnmDiagnosisType> <Biopsy> 1 1 1 1
<12914349> <hasPTNMdiagnosisType_ptnmDiagnosisType> <Biopsy> 0 0 0 0
<1500913> <hasPTNMdiagnosisType_ptnmDiagnosisType> <Biopsy> 1 1 1 1
<11317067> <hasPTNMdiagnosisType_ptnmDiagnosisType> <Biopsy> 1 1 1 1
<307116> <hasPTNMdiagnosisType_ptnmDiagnosisType> <Biopsy> 1 1 1 1
<10612138> <hasPTNMdiagnosisType_ptnmDiagnosisType> <Biopsy> 1 1 1 1
<15706838> <hasPTNMdiagnosisType_ptnmDiagnosisType> <Biopsy> 0 0 0 0
<2100838> <hasPTNMdiagnosisType_ptnmDiagnosisType> <Biopsy> 0 0 0 0
<11314502> <hasPTNMdiagnosisType_ptnmDiagnosisType> <Biopsy> 0 0 0 0
<15715014> <hasPTNMdiagnosisType_ptnmDiagnosisType> <Cytology> 0 0 0 0
<1303761> <hasPTNMdiagnosisType_ptnmDiagnosisType> <Biopsy> 1 1 1 1
<116588> <hasPTNMdiagnosisType_ptnmDiagnosisType> <Biopsy> 1 1 1 1
<14704226> <hasPTNMdiagnosisType_ptnmDiagnosisType> <Biopsy> 1 1 1 1
<1500605> <hasPTNMdiagnosisType_ptnmDiagnosisType> <Biopsy> 1 1 1 1
<206600> <hasPTNMdiagnosisType_ptnmDiagnosisType> <Cytology> 0 0 0 0
<2307994> <hasPTNMdiagnosisType_ptnmDiagnosisType> <Biopsy> 0 0 0 0
<2804059> <hasPTNMdiagnosisType_ptnmDiagnosisType> <Biopsy> 1 1 1 1
<111012> <hasPTNMdiagnosisType_ptnmDiagnosisType> <Biopsy> 1 1 1 1
<107749> <hasPTNMdiagnosisType_ptnmDiagnosisType> <Biopsy> 1 1 1 1
<2101415> <hasPTNMdiagnosisType_ptnmDiagnosisType> <Biopsy> 1 1 1 1
<1508901> <hasPTNMdiagnosisType_ptnmDiagnosisType> <Biopsy> 0 0 0 0
<1314700> <hasPTNMdiagnosisType_ptnmDiagnosisType> <Biopsy> 1 1 1 1
<3405334> <hasPTNMdiagnosisType_ptnmDiagnosisType> <Biopsy> 1 1 1 1
<15700927> <hasPTNMdiagnosisType_ptnmDiagnosisType> <Biopsy> 1 1 1 1
<11312252> <hasPTNMdiagnosisType_ptnmDiagnosisType> <Biopsy> 0 0 0 0
<15701748> <hasPTNMdiagnosisType_ptnmDiagnosisType> <Biopsy> 1 1 1 1
<214467> <hasPTNMdiagnosisType_ptnmDiagnosisType> <Biopsy> 0 0 0 0
<202280> <hasPTNMdiagnosisType_ptnmDiagnosisType> <Cytology> 0 0 0 0
<1313319> <hasPTNMdiagnosisType_ptnmDiagnosisType> <Biopsy> 0 0 0 0
<1506932> <hasPTNMdiagnosisType_ptnmDiagnosisType> <Biopsy> 1 1 1 1
<201713> <hasPTNMdiagnosisType_ptnmDiagnosisType> <Biopsy> 1 1 1 1
<1200934> <hasPTNMdiagnosisType_ptnmDiagnosisType> <Biopsy> 1 1 1 1
<15701756> <hasPTNMdiagnosisType_ptnmDiagnosisType> <Biopsy> 1 1 1 1
<1200843> <hasPTNMdiagnosisType_ptnmDiagnosisType> <Biopsy> 1 1 1 1
<1312861> <hasPTNMdiagnosisType_ptnmDiagnosisType> <Biopsy> 0 0 0 0
<1509957> <hasPTNMdiagnosisType_ptnmDiagnosisType> <Biopsy> 1 1 1 1
<2302064> <hasPTNMdiagnosisType_ptnmDiagnosisType> <Biopsy> 1 1 1 1
<109390> <hasPTNMdiagnosisType_ptnmDiagnosisType> <Biopsy> 0 0 0 0
<3507662> <hasPTNMdiagnosisType_ptnmDiagnosisType> <Biopsy> 0 0 0 0
<207443> <hasPTNMdiagnosisType_ptnmDiagnosisType> <Cytology> 0 0 0 0
<1315434> <hasPTNMdiagnosisType_ptnmDiagnosisType> <Biopsy> 1 1 1 1
<1301672> <hasPTNMdiagnosisType_ptnmDiagnosisType> <Biopsy> 1 1 1 1
<101944> <hasPTNMdiagnosisType_ptnmDiagnosisType> <Biopsy> 1 1 1 1
<2103018> <hasPTNMdiagnosisType_ptnmDiagnosisType> <Biopsy> 0 0 0 0
<205065> <hasPTNMdiagnosisType_ptnmDiagnosisType> <Biopsy> 0 0 0 0
<202088> <hasPTNMdiagnosisType_ptnmDiagnosisType> <Biopsy> 0 0 0 0
<2303894> <hasPTNMdiagnosisType_ptnmDiagnosisType> <Biopsy> 1 1 1 1
<2101432> <hasPTNMdiagnosisType_ptnmDiagnosisType> <Cytology> 0 0 0 0
<206237> <hasPTNMdiagnosisType_ptnmDiagnosisType> <Biopsy> 0 0 0 0
<2107235> <hasPTNMdiagnosisType_ptnmDiagnosisType> <Biopsy> 1 1 1 1
<2311649> <hasPTNMdiagnosisType_ptnmDiagnosisType> <Biopsy> 0 0 0 0
<503177> <hasPTNMdiagnosisType_ptnmDiagnosisType> <Biopsy> 0 0 0 0
<509060> <hasPTNMdiagnosisType_ptnmDiagnosisType> <Biopsy> 0 0 0 0
<507721> <hasPTNMdiagnosisType_ptnmDiagnosisType> <Biopsy> 1 1 1 1
<507655> <hasPTNMdiagnosisType_ptnmDiagnosisType> <Biopsy> 0 0 0 0
<409903> <hasPTNMdiagnosisType_ptnmDiagnosisType> <Biopsy> 1 1 1 1
<5113971> <hasPTNMdiagnosisType_ptnmDiagnosisType> <Biopsy> 1 1 1 1
<508869> <hasPTNMdiagnosisType_ptnmDiagnosisType> <Biopsy> 0 0 0 0
<4911218> <hasPTNMdiagnosisType_ptnmDiagnosisType> <Cytology> 0 0 0 0
<503394> <hasPTNMdiagnosisType_ptnmDiagnosisType> <Biopsy> 0 0 0 0
<4910819> <hasPTNMdiagnosisType_ptnmDiagnosisType> <Biopsy> 1 1 1 1
<513797> <hasPTNMdiagnosisType_ptnmDiagnosisType> <Biopsy> 1 1 1 1
<5805668> <hasPTNMdiagnosisType_ptnmDiagnosisType> <Biopsy> 1 1 1 1
<6300679> <hasPTNMdiagnosisType_ptnmDiagnosisType> <Biopsy> 1 1 1 1
<9703784> <hasPTNMdiagnosisType_ptnmDiagnosisType> <Biopsy> 0 0 0 0
<9910152> <hasPTNMdiagnosisType_ptnmDiagnosisType> <Biopsy> 0 0 0 0
<906918> <hasPTNMdiagnosisType_ptnmDiagnosisType> <Cytology> 0 0 0 0
<911695> <hasPTNMdiagnosisType_ptnmDiagnosisType> <Biopsy> 1 1 1 1
<2306900> <hasPTNMdiagnosisType_ptnmDiagnosisType> <Biopsy> 0 0 0 0
<2101168> <hasPTNMdiagnosisType_ptnmDiagnosisType> <Biopsy> 1 1 1 1
<2304634> <hasPTNMdiagnosisType_ptnmDiagnosisType> <Biopsy> 0 0 0 0
<3602430> <hasPTNMdiagnosisType_ptnmDiagnosisType> <Cytology> 0 0 0 0
<503838> <hasPTNMdiagnosisType_ptnmDiagnosisType> <Biopsy> 0 0 0 0
<413766> <hasPTNMdiagnosisType_ptnmDiagnosisType> <Biopsy> 1 1 1 1
<415793> <hasPTNMdiagnosisType_ptnmDiagnosisType> <Biopsy> 1 1 1 1
<416121> <hasPTNMdiagnosisType_ptnmDiagnosisType> <Biopsy> 1 1 1 1
<5106519> <hasPTNMdiagnosisType_ptnmDiagnosisType> <Cytology> 0 0 0 0
<6301667> <hasPTNMdiagnosisType_ptnmDiagnosisType> <Cytology> 0 0 0 0
<906913> <hasPTNMdiagnosisType_ptnmDiagnosisType> <Cytology> 0 0 0 0
<707708> <hasPTNMdiagnosisType_ptnmDiagnosisType> <Biopsy> 0 0 0 0
<411501> <hasPTNMdiagnosisType_ptnmDiagnosisType> <Biopsy> 1 1 1 1
<508487> <hasPTNMdiagnosisType_ptnmDiagnosisType> <Biopsy> 0 0 0 0
<5301016> <hasPTNMdiagnosisType_ptnmDiagnosisType> <Biopsy> 1 1 1 1
<701761> <hasPTNMdiagnosisType_ptnmDiagnosisType> <Cytology> 0 0 0 0
<2917286> <hasPTNMdiagnosisType_ptnmDiagnosisType> <Biopsy> 1 1 1 1
<2816460> <hasPTNMdiagnosisType_ptnmDiagnosisType> <Biopsy> 1 1 1 1
<2407343> <hasPTNMdiagnosisType_ptnmDiagnosisType> <Cytology> 0 0 0 0
<2300003> <hasPTNMdiagnosisType_ptnmDiagnosisType> <Biopsy> 0 0 0 0
<5113913> <hasPTNMdiagnosisType_ptnmDiagnosisType> <Biopsy> 1 1 1 1
<415773> <hasPTNMdiagnosisType_ptnmDiagnosisType> <Biopsy> 1 1 1 1
<413117> <hasPTNMdiagnosisType_ptnmDiagnosisType> <Biopsy> 1 1 1 1
<508871> <hasPTNMdiagnosisType_ptnmDiagnosisType> <Cytology> 0 0 0 0
<4616336> <hasPTNMdiagnosisType_ptnmDiagnosisType> <Cytology> 0 0 0 0
<3511067> <hasPTNMdiagnosisType_ptnmDiagnosisType> <Biopsy> 0 0 0 0
<501299> <hasPTNMdiagnosisType_ptnmDiagnosisType> <Biopsy> 1 1 1 1
<5502312> <hasPTNMdiagnosisType_ptnmDiagnosisType> <Biopsy> 1 1 1 1
<9909857> <hasPTNMdiagnosisType_ptnmDiagnosisType> <Biopsy> 0 0 0 0
<6312678> <hasPTNMdiagnosisType_ptnmDiagnosisType> <Cytology> 0 0 0 0
<2312589> <hasPTNMdiagnosisType_ptnmDiagnosisType> <Biopsy> 0 0 0 0
<204706> <hasPTNMdiagnosisType_ptnmDiagnosisType> <Biopsy> 0 0 0 0
<415940> <hasPTNMdiagnosisType_ptnmDiagnosisType> <Biopsy> 1 1 1 1
<507489> <hasPTNMdiagnosisType_ptnmDiagnosisType> <Biopsy> 1 1 1 1
<2306830> <hasPTNMdiagnosisType_ptnmDiagnosisType> <Biopsy> 1 1 1 1
<2811827> <hasPTNMdiagnosisType_ptnmDiagnosisType> <Biopsy> 1 1 1 1
<2811836> <hasPTNMdiagnosisType_ptnmDiagnosisType> <Biopsy> 1 1 1 1
<109628> <hasPTNMdiagnosisType_ptnmDiagnosisType> <Biopsy> 1 1 1 1
<507563> <hasPTNMdiagnosisType_ptnmDiagnosisType> <Biopsy> 1 1 1 1
<5103363> <hasPTNMdiagnosisType_ptnmDiagnosisType> <Biopsy> 1 1 1 1
<5110668> <hasPTNMdiagnosisType_ptnmDiagnosisType> <Biopsy> 0 0 0 0
<4607099> <hasPTNMdiagnosisType_ptnmDiagnosisType> <Biopsy> 1 1 1 1
<202308> <hasPTNMdiagnosisType_ptnmDiagnosisType> <Biopsy> 0 0 0 0
<409649> <hasPTNMdiagnosisType_ptnmDiagnosisType> <Biopsy> 1 1 1 1
<408853> <hasPTNMdiagnosisType_ptnmDiagnosisType> <Biopsy> 1 1 1 1
<507770> <hasPTNMdiagnosisType_ptnmDiagnosisType> <Biopsy> 1 1 1 1
<5114902> <hasPTNMdiagnosisType_ptnmDiagnosisType> <Biopsy> 1 1 1 1
<5111347> <hasPTNMdiagnosisType_ptnmDiagnosisType> <Biopsy> 1 1 1 1
<313676> <hasPTNMdiagnosisType_ptnmDiagnosisType> <Biopsy> 1 1 1 1
<10605808> <hasPTNMdiagnosisType_ptnmDiagnosisType> <Biopsy> 1 1 1 1
<1315140> <hasPTNMdiagnosisType_ptnmDiagnosisType> <Biopsy> 1 1 1 1
<5104187> <hasPTNMdiagnosisType_ptnmDiagnosisType> <Biopsy> 1 1 1 1
<3703692> <hasPTNMdiagnosisType_ptnmDiagnosisType> <Biopsy> 0 0 0 0
<307590> <hasPTNMdiagnosisType_ptnmDiagnosisType> <Biopsy> 1 1 1 1
<2811049> <hasPTNMdiagnosisType_ptnmDiagnosisType> <Biopsy> 1 1 1 1
<9413579> <hasPTNMdiagnosisType_ptnmDiagnosisType> <Biopsy> 1 1 1 1
<301098> <hasPTNMdiagnosisType_ptnmDiagnosisType> <Biopsy> 0 0 0 0
<203786> <hasPTNMdiagnosisType_ptnmDiagnosisType> <Biopsy> 1 1 1 1
<5112289> <hasPTNMdiagnosisType_ptnmDiagnosisType> <Cytology> 0 0 0 0
<211888> <hasPTNMdiagnosisType_ptnmDiagnosisType> <Biopsy> 0 0 0 0
<6315217> <hasPTNMdiagnosisType_ptnmDiagnosisType> <Cytology> 0 0 0 0
<2806688> <hasPTNMdiagnosisType_ptnmDiagnosisType> <Biopsy> 1 1 1 1
<2402128> <hasPTNMdiagnosisType_ptnmDiagnosisType> <Biopsy> 1 1 1 1
<509424> <hasPTNMdiagnosisType_ptnmDiagnosisType> <Biopsy> 0 0 0 0
<1500888> <hasPTNMdiagnosisType_ptnmDiagnosisType> <Biopsy> 1 1 1 1
<5502766> <hasPTNMdiagnosisType_ptnmDiagnosisType> <Biopsy> 0 0 0 0
<516906> <hasPTNMdiagnosisType_ptnmDiagnosisType> <Biopsy> 1 1 1 1
<5316184> <hasPTNMdiagnosisType_ptnmDiagnosisType> <Biopsy> 1 1 1 1
<6311769> <hasPTNMdiagnosisType_ptnmDiagnosisType> <Cytology> 0 0 0 0
<5501741> <hasPTNMdiagnosisType_ptnmDiagnosisType> <Biopsy> 0 0 0 0
<9409334> <hasPTNMdiagnosisType_ptnmDiagnosisType> <Cytology> 0 0 0 0
<5114978> <hasPTNMdiagnosisType_ptnmDiagnosisType> <Biopsy> 1 1 1 1
<5314758> <hasPTNMdiagnosisType_ptnmDiagnosisType> <Biopsy> 1 1 1 1
<10615344> <hasPTNMdiagnosisType_ptnmDiagnosisType> <Biopsy> 1 1 1 1
<2300570> <hasPTNMdiagnosisType_ptnmDiagnosisType> <Biopsy> 1 1 1 1
<416752> <hasPTNMdiagnosisType_ptnmDiagnosisType> <Biopsy> 1 1 1 1
<1314860> <hasPTNMdiagnosisType_ptnmDiagnosisType> <Biopsy> 0 0 0 0
<508400> <hasPTNMdiagnosisType_ptnmDiagnosisType> <Cytology> 0 0 0 0
<4910704> <hasPTNMdiagnosisType_ptnmDiagnosisType> <Biopsy> 1 1 1 1
<5103099> <hasPTNMdiagnosisType_ptnmDiagnosisType> <Biopsy> 0 0 0 0
<2111531> <hasPTNMdiagnosisType_ptnmDiagnosisType> <Biopsy> 1 1 1 1
<514254> <hasPTNMdiagnosisType_ptnmDiagnosisType> <Biopsy> 1 1 1 1
<9408727> <hasPTNMdiagnosisType_ptnmDiagnosisType> <Biopsy> 1 1 1 1
<513781> <hasPTNMdiagnosisType_ptnmDiagnosisType> <Biopsy> 1 1 1 1
<102909> <hasPTNMdiagnosisType_ptnmDiagnosisType> <Biopsy> 0 0 0 0
<112439> <hasPTNMdiagnosisType_ptnmDiagnosisType> <Biopsy> 1 1 1 1
<11405903> <hasPTNMdiagnosisType_ptnmDiagnosisType> <Biopsy> 1 1 1 1
<11405913> <hasPTNMdiagnosisType_ptnmDiagnosisType> <Biopsy> 0 0 0 0
<1315474> <hasPTNMdiagnosisType_ptnmDiagnosisType> <Cytology> 0 0 0 0
<14505939> <hasPTNMdiagnosisType_ptnmDiagnosisType> <Biopsy> 1 1 1 1
<15706420> <hasPTNMdiagnosisType_ptnmDiagnosisType> <Biopsy> 0 0 0 0
<15708053> <hasPTNMdiagnosisType_ptnmDiagnosisType> <Biopsy> 1 1 1 1
<11317032> <hasPTNMdiagnosisType_ptnmDiagnosisType> <Biopsy> 1 1 1 1
<513732> <hasPTNMdiagnosisType_ptnmDiagnosisType> <Biopsy> 1 1 1 1
<12914109> <hasPTNMdiagnosisType_ptnmDiagnosisType> <Biopsy> 0 0 0 0
<15707820> <hasPTNMdiagnosisType_ptnmDiagnosisType> <Biopsy> 0 0 0 0
<1501034> <hasPTNMdiagnosisType_ptnmDiagnosisType> <Biopsy> 1 1 1 1
<16100626> <hasPTNMdiagnosisType_ptnmDiagnosisType> <Biopsy> 0 0 0 0
<2917337> <hasPTNMdiagnosisType_ptnmDiagnosisType> <Biopsy> 1 1 1 1
<3405288> <hasPTNMdiagnosisType_ptnmDiagnosisType> <Biopsy> 1 1 1 1
<3305146> <hasPTNMdiagnosisType_ptnmDiagnosisType> <Biopsy> 0 0 0 0
<2305119> <hasPTNMdiagnosisType_ptnmDiagnosisType> <Biopsy> 0 0 0 0
<202249> <hasPTNMdiagnosisType_ptnmDiagnosisType> <Biopsy> 0 0 0 0
<6315218> <hasPTNMdiagnosisType_ptnmDiagnosisType> <Cytology> 0 0 0 0
<7404073> <hasPTNMdiagnosisType_ptnmDiagnosisType> <Biopsy> 0 0 0 0
<1507379> <hasPTNMdiagnosisType_ptnmDiagnosisType> <Biopsy> 1 1 1 1
<1200984> <hasPTNMdiagnosisType_ptnmDiagnosisType> <Biopsy> 1 1 1 1
<1300891> <hasPTNMdiagnosisType_ptnmDiagnosisType> <Biopsy> 0 0 0 0
<15706414> <hasPTNMdiagnosisType_ptnmDiagnosisType> <Biopsy> 0 0 0 0
<201574> <hasPTNMdiagnosisType_ptnmDiagnosisType> <Biopsy> 0 0 0 0
<116584> <hasPTNMdiagnosisType_ptnmDiagnosisType> <Biopsy> 1 1 1 1
<12914546> <hasPTNMdiagnosisType_ptnmDiagnosisType> <Biopsy> 1 1 1 1
<1314822> <hasPTNMdiagnosisType_ptnmDiagnosisType> <Biopsy> 1 1 1 1
<9701709> <hasPTNMdiagnosisType_ptnmDiagnosisType> <Cytology> 0 0 0 0
<1312651> <hasPTNMdiagnosisType_ptnmDiagnosisType> <Biopsy> 1 1 1 1
<1504007> <hasPTNMdiagnosisType_ptnmDiagnosisType> <Biopsy> 1 1 1 1
<204509> <hasPTNMdiagnosisType_ptnmDiagnosisType> <Biopsy> 1 1 1 1
<312072> <hasPTNMdiagnosisType_ptnmDiagnosisType> <Biopsy> 1 1 1 1
<2804859> <hasPTNMdiagnosisType_ptnmDiagnosisType> <Biopsy> 1 1 1 1
<303873> <hasPTNMdiagnosisType_ptnmDiagnosisType> <Biopsy> 1 1 1 1
<303712> <hasPTNMdiagnosisType_ptnmDiagnosisType> <Biopsy> 1 1 1 1
<909749> <hasPTNMdiagnosisType_ptnmDiagnosisType> <Biopsy> 0 0 0 0
<1305683> <hasPTNMdiagnosisType_ptnmDiagnosisType> <Biopsy> 1 1 1 1
<1306364> <hasPTNMdiagnosisType_ptnmDiagnosisType> <Biopsy> 1 1 1 1
<5106368> <hasPTNMdiagnosisType_ptnmDiagnosisType> <Biopsy> 1 1 1 1
<116583> <hasPTNMdiagnosisType_ptnmDiagnosisType> <Biopsy> 1 1 1 1
<1300813> <hasPTNMdiagnosisType_ptnmDiagnosisType> <Biopsy> 1 1 1 1
<1511165> <hasPTNMdiagnosisType_ptnmDiagnosisType> <Biopsy> 1 1 1 1
<2305282> <hasPTNMdiagnosisType_ptnmDiagnosisType> <Biopsy> 0 0 0 0
<2812028> <hasPTNMdiagnosisType_ptnmDiagnosisType> <Biopsy> 1 1 1 1
<302487> <hasPTNMdiagnosisType_ptnmDiagnosisType> <Biopsy> 1 1 1 1
<3404376> <hasPTNMdiagnosisType_ptnmDiagnosisType> <Cytology> 0 0 0 0
<3514510> <hasPTNMdiagnosisType_ptnmDiagnosisType> <Biopsy> 1 1 1 1
<6608822> <hasPTNMdiagnosisType_ptnmDiagnosisType> <Cytology> 0 0 0 0
<900250> <hasPTNMdiagnosisType_ptnmDiagnosisType> <Biopsy> 1 1 1 1
<202648> <hasPTNMdiagnosisType_ptnmDiagnosisType> <Biopsy> 0 0 0 0
<102120> <hasPTNMdiagnosisType_ptnmDiagnosisType> <Biopsy> 0 0 0 0
<15700163> <hasPTNMdiagnosisType_ptnmDiagnosisType> <Biopsy> 0 0 0 0
<513790> <hasPTNMdiagnosisType_ptnmDiagnosisType> <Biopsy> 0 0 0 0
<2303242> <hasPTNMdiagnosisType_ptnmDiagnosisType> <Biopsy> 0 0 0 0
<212827> <hasPTNMdiagnosisType_ptnmDiagnosisType> <Biopsy> 0 0 0 0
<11405717> <hasPTNMdiagnosisType_ptnmDiagnosisType> <Biopsy> 0 0 0 0
<4910985> <hasPTNMdiagnosisType_ptnmDiagnosisType> <Biopsy> 1 1 1 1
<512576> <hasPTNMdiagnosisType_ptnmDiagnosisType> <Biopsy> 1 1 1 1
<9409380> <hasPTNMdiagnosisType_ptnmDiagnosisType> <Cytology> 0 0 0 0
<516270> <hasPTNMdiagnosisType_ptnmDiagnosisType> <Biopsy> 1 1 1 1
<7406501> <hasPTNMdiagnosisType_ptnmDiagnosisType> <Cytology> 0 0 0 0
<2303222> <hasPTNMdiagnosisType_ptnmDiagnosisType> <Biopsy> 0 0 0 0
<2307241> <hasPTNMdiagnosisType_ptnmDiagnosisType> <Biopsy> 1 1 1 1
<3006380> <hasPTNMdiagnosisType_ptnmDiagnosisType> <Biopsy> 1 1 1 1
<1315135> <hasPTNMdiagnosisType_ptnmDiagnosisType> <Biopsy> 1 1 1 1
<5308239> <hasPTNMdiagnosisType_ptnmDiagnosisType> <Cytology> 0 0 0 0
<110251> <hasPTNMdiagnosisType_ptnmDiagnosisType> <Biopsy> 1 1 1 1
<202650> <hasPTNMdiagnosisType_ptnmDiagnosisType> <Biopsy> 0 0 0 0
<11313931> <hasPTNMdiagnosisType_ptnmDiagnosisType> <Biopsy> 0 0 0 0
<9911295> <hasPTNMdiagnosisType_ptnmDiagnosisType> <Biopsy> 0 0 0 0
<201562> <hasPTNMdiagnosisType_ptnmDiagnosisType> <Cytology> 0 0 0 0
<3405336> <hasPTNMdiagnosisType_ptnmDiagnosisType> <Biopsy> 1 1 1 1
<513626> <hasPTNMdiagnosisType_ptnmDiagnosisType> <Biopsy> 1 1 1 1
<502993> <hasPTNMdiagnosisType_ptnmDiagnosisType> <Biopsy> 1 1 1 1
<107788> <hasPTNMdiagnosisType_ptnmDiagnosisType> <Biopsy> 1 1 1 1
<1314357> <hasPTNMdiagnosisType_ptnmDiagnosisType> <Biopsy> 0 0 0 0
<513703> <hasPTNMdiagnosisType_ptnmDiagnosisType> <Biopsy> 1 1 1 1
<1314039> <hasPTNMdiagnosisType_ptnmDiagnosisType> <Biopsy> 0 0 0 0
<109603> <hasPTNMdiagnosisType_ptnmDiagnosisType> <Biopsy> 1 1 1 1
<513855> <hasPTNMdiagnosisType_ptnmDiagnosisType> <Biopsy> 1 1 1 1
<317048> <hasPTNMdiagnosisType_ptnmDiagnosisType> <Biopsy> 1 1 1 1
<2302974> <hasPTNMdiagnosisType_ptnmDiagnosisType> <Biopsy> 1 1 1 1
<2807857> <hasPTNMdiagnosisType_ptnmDiagnosisType> <Biopsy> 1 1 1 1
<9905862> <hasPTNMdiagnosisType_ptnmDiagnosisType> <Biopsy> 1 1 1 1
<513376> <hasPTNMdiagnosisType_ptnmDiagnosisType> <Biopsy> 1 1 1 1
<408732> <hasPTNMdiagnosisType_ptnmDiagnosisType> <Biopsy> 0 0 0 0
<2310804> <hasPTNMdiagnosisType_ptnmDiagnosisType> <Biopsy> 1 1 1 1
<3510012> <hasPTNMdiagnosisType_ptnmDiagnosisType> <Biopsy> 1 1 1 1
<204614> <hasPTNMdiagnosisType_ptnmDiagnosisType> <Cytology> 0 0 0 0
<214917> <hasPTNMdiagnosisType_ptnmDiagnosisType> <Biopsy> 1 1 1 1
<3302347> <hasPTNMdiagnosisType_ptnmDiagnosisType> <Biopsy> 0 0 0 0
<214991> <hasPTNMdiagnosisType_ptnmDiagnosisType> <Biopsy> 0 0 0 0
<11405732> <hasPTNMdiagnosisType_ptnmDiagnosisType> <Biopsy> 1 1 1 1
<11312249> <hasPTNMdiagnosisType_ptnmDiagnosisType> <Biopsy> 1 1 1 1
<307005> <hasPTNMdiagnosisType_ptnmDiagnosisType> <Biopsy> 1 1 1 1
<9703839> <hasPTNMdiagnosisType_ptnmDiagnosisType> <Biopsy> 0 0 0 0
<3005712> <hasPTNMdiagnosisType_ptnmDiagnosisType> <Cytology> 0 0 0 0
<2406690> <hasPTNMdiagnosisType_ptnmDiagnosisType> <Biopsy> 0 0 0 0
<2817253> <hasPTNMdiagnosisType_ptnmDiagnosisType> <Biopsy> 1 1 1 1
<2808307> <hasPTNMdiagnosisType_ptnmDiagnosisType> <Biopsy> 1 1 1 1
<311640> <hasPTNMdiagnosisType_ptnmDiagnosisType> <Biopsy> 0 0 0 0
<3404551> <hasPTNMdiagnosisType_ptnmDiagnosisType> <Biopsy> 0 0 0 0
<1310914> <hasPTNMdiagnosisType_ptnmDiagnosisType> <Biopsy> 1 1 1 1
<2506015> <hasPTNMdiagnosisType_ptnmDiagnosisType> <Biopsy> 0 0 0 0
<417307> <hasPTNMdiagnosisType_ptnmDiagnosisType> <Biopsy> 1 1 1 1
<416501> <hasPTNMdiagnosisType_ptnmDiagnosisType> <Biopsy> 1 1 1 1
<501312> <hasPTNMdiagnosisType_ptnmDiagnosisType> <Biopsy> 0 0 0 0
<503290> <hasPTNMdiagnosisType_ptnmDiagnosisType> <Cytology> 0 0 0 0
<5113887> <hasPTNMdiagnosisType_ptnmDiagnosisType> <Biopsy> 1 1 1 1
<4600822> <hasPTNMdiagnosisType_ptnmDiagnosisType> <Biopsy> 0 0 0 0
<501298> <hasPTNMdiagnosisType_ptnmDiagnosisType> <Biopsy> 1 1 1 1
<211314> <hasPTNMdiagnosisType_ptnmDiagnosisType> <Biopsy> 1 1 1 1
<2100779> <hasPTNMdiagnosisType_ptnmDiagnosisType> <Biopsy> 1 1 1 1
<3801528> <hasPTNMdiagnosisType_ptnmDiagnosisType> <Cytology> 0 0 0 0
<407663> <hasPTNMdiagnosisType_ptnmDiagnosisType> <Biopsy> 1 1 1 1
<503299> <hasPTNMdiagnosisType_ptnmDiagnosisType> <Biopsy> 0 0 0 0
<5106366> <hasPTNMdiagnosisType_ptnmDiagnosisType> <Biopsy> 1 1 1 1
<5113016> <hasPTNMdiagnosisType_ptnmDiagnosisType> <Cytology> 0 0 0 0
<412100> <hasPTNMdiagnosisType_ptnmDiagnosisType> <Biopsy> 1 1 1 1
<4910829> <hasPTNMdiagnosisType_ptnmDiagnosisType> <Biopsy> 1 1 1 1
<3404266> <hasPTNMdiagnosisType_ptnmDiagnosisType> <Cytology> 0 0 0 0
<503108> <hasPTNMdiagnosisType_ptnmDiagnosisType> <Biopsy> 0 0 0 0
<507564> <hasPTNMdiagnosisType_ptnmDiagnosisType> <Biopsy> 0 0 0 0
<5111665> <hasPTNMdiagnosisType_ptnmDiagnosisType> <Biopsy> 1 1 1 1
<507514> <hasPTNMdiagnosisType_ptnmDiagnosisType> <Biopsy> 0 0 0 0
<3009980> <hasPTNMdiagnosisType_ptnmDiagnosisType> <Cytology> 0 0 0 0
<409647> <hasPTNMdiagnosisType_ptnmDiagnosisType> <Biopsy> 1 1 1 1
<4910693> <hasPTNMdiagnosisType_ptnmDiagnosisType> <Biopsy> 1 1 1 1
<503851> <hasPTNMdiagnosisType_ptnmDiagnosisType> <Biopsy> 1 1 1 1
<501303> <hasPTNMdiagnosisType_ptnmDiagnosisType> <Cytology> 0 0 0 0
<514275> <hasPTNMdiagnosisType_ptnmDiagnosisType> <Biopsy> 1 1 1 1
<514412> <hasPTNMdiagnosisType_ptnmDiagnosisType> <Biopsy> 0 0 0 0
<6315374> <hasPTNMdiagnosisType_ptnmDiagnosisType> <Cytology> 0 0 0 0
<6316143> <hasPTNMdiagnosisType_ptnmDiagnosisType> <Cytology> 0 0 0 0
<703772> <hasPTNMdiagnosisType_ptnmDiagnosisType> <Biopsy> 0 0 0 0
<6300069> <hasPTNMdiagnosisType_ptnmDiagnosisType> <Biopsy> 0 0 0 0
<701732> <hasPTNMdiagnosisType_ptnmDiagnosisType> <Biopsy> 0 0 0 0
<707772> <hasPTNMdiagnosisType_ptnmDiagnosisType> <Cytology> 0 0 0 0
<9713364> <hasPTNMdiagnosisType_ptnmDiagnosisType> <Biopsy> 1 1 1 1
<513709> <hasPTNMdiagnosisType_ptnmDiagnosisType> <Biopsy> 1 1 1 1
<709925> <hasPTNMdiagnosisType_ptnmDiagnosisType> <Biopsy> 1 1 1 1
<9910147> <hasPTNMdiagnosisType_ptnmDiagnosisType> <Biopsy> 1 1 1 1
<5316450> <hasPTNMdiagnosisType_ptnmDiagnosisType> <Biopsy> 1 1 1 1
<5315568> <hasPTNMdiagnosisType_ptnmDiagnosisType> <Biopsy> 1 1 1 1
<513782> <hasPTNMdiagnosisType_ptnmDiagnosisType> <Cytology> 0 0 0 0
<5301582> <hasPTNMdiagnosisType_ptnmDiagnosisType> <Biopsy> 1 1 1 1
<15700752> <hasPTNMdiagnosisType_ptnmDiagnosisType> <Biopsy> 0 0 0 0
<417203> <hasPTNMdiagnosisType_ptnmDiagnosisType> <Biopsy> 1 1 1 1
<3709219> <hasPTNMdiagnosisType_ptnmDiagnosisType> <Biopsy> 1 1 1 1
<516747> <hasPTNMdiagnosisType_ptnmDiagnosisType> <Biopsy> 0 0 0 0
<6301531> <hasPTNMdiagnosisType_ptnmDiagnosisType> <Biopsy> 1 1 1 1
<9409964> <hasPTNMdiagnosisType_ptnmDiagnosisType> <Biopsy> 0 0 0 0
<2307494> <hasPTNMdiagnosisType_ptnmDiagnosisType> <Biopsy> 0 0 0 0
<205114> <hasPTNMdiagnosisType_ptnmDiagnosisType> <Biopsy> 0 0 0 0
<2301147> <hasPTNMdiagnosisType_ptnmDiagnosisType> <Biopsy> 1 1 1 1
<1508125> <hasPTNMdiagnosisType_ptnmDiagnosisType> <Biopsy> 1 1 1 1
<2300325> <hasPTNMdiagnosisType_ptnmDiagnosisType> <Biopsy> 1 1 1 1
<2308776> <hasPTNMdiagnosisType_ptnmDiagnosisType> <Biopsy> 0 0 0 0
<15707823> <hasPTNMdiagnosisType_ptnmDiagnosisType> <Biopsy> 0 0 0 0
<314011> <hasPTNMdiagnosisType_ptnmDiagnosisType> <Biopsy> 1 1 1 1
<508983> <hasPTNMdiagnosisType_ptnmDiagnosisType> <Biopsy> 0 0 0 0
<507267> <hasPTNMdiagnosisType_ptnmDiagnosisType> <Biopsy> 0 0 0 0
<5105512> <hasPTNMdiagnosisType_ptnmDiagnosisType> <Biopsy> 1 1 1 1
<4910516> <hasPTNMdiagnosisType_ptnmDiagnosisType> <Biopsy> 1 1 1 1
<513235> <hasPTNMdiagnosisType_ptnmDiagnosisType> <Cytology> 0 0 0 0
<507738> <hasPTNMdiagnosisType_ptnmDiagnosisType> <Biopsy> 1 1 1 1
<513511> <hasPTNMdiagnosisType_ptnmDiagnosisType> <Biopsy> 1 1 1 1
<415885> <hasPTNMdiagnosisType_ptnmDiagnosisType> <Biopsy> 1 1 1 1
<5312456> <hasPTNMdiagnosisType_ptnmDiagnosisType> <Biopsy> 0 0 0 0
<702153> <hasPTNMdiagnosisType_ptnmDiagnosisType> <Cytology> 0 0 0 0
<916814> <hasPTNMdiagnosisType_ptnmDiagnosisType> <Cytology> 0 0 0 0
<514144> <hasPTNMdiagnosisType_ptnmDiagnosisType> <Biopsy> 0 0 0 0
<5316598> <hasPTNMdiagnosisType_ptnmDiagnosisType> <Biopsy> 1 1 1 1
<6315233> <hasPTNMdiagnosisType_ptnmDiagnosisType> <Cytology> 0 0 0 0
<907204> <hasPTNMdiagnosisType_ptnmDiagnosisType> <Cytology> 0 0 0 0
<2815508> <hasPTNMdiagnosisType_ptnmDiagnosisType> <Biopsy> 1 1 1 1
<2307124> <hasPTNMdiagnosisType_ptnmDiagnosisType> <Biopsy> 1 1 1 1
<18015758> <hasPTNMdiagnosisType_ptnmDiagnosisType> <Biopsy> 1 1 1 1
<15709783> <hasPTNMdiagnosisType_ptnmDiagnosisType> <Biopsy> 0 0 0 0
<503930> <hasPTNMdiagnosisType_ptnmDiagnosisType> <Cytology> 0 0 0 0
<4201847> <hasPTNMdiagnosisType_ptnmDiagnosisType> <Biopsy> 1 1 1 1
<6315670> <hasPTNMdiagnosisType_ptnmDiagnosisType> <Cytology> 0 0 0 0
<6402110> <hasPTNMdiagnosisType_ptnmDiagnosisType> <Cytology> 0 0 0 0
<2305271> <hasPTNMdiagnosisType_ptnmDiagnosisType> <Biopsy> 1 1 1 1
<214466> <hasPTNMdiagnosisType_ptnmDiagnosisType> <Cytology> 0 0 0 0
<2301460> <hasPTNMdiagnosisType_ptnmDiagnosisType> <Biopsy> 1 1 1 1
<4910786> <hasPTNMdiagnosisType_ptnmDiagnosisType> <Biopsy> 0 0 0 0
<417017> <hasPTNMdiagnosisType_ptnmDiagnosisType> <Biopsy> 1 1 1 1
<4201849> <hasPTNMdiagnosisType_ptnmDiagnosisType> <Biopsy> 0 0 0 0
<3307031> <hasPTNMdiagnosisType_ptnmDiagnosisType> <Biopsy> 1 1 1 1
<5303206> <hasPTNMdiagnosisType_ptnmDiagnosisType> <Biopsy> 0 0 0 0
<9409431> <hasPTNMdiagnosisType_ptnmDiagnosisType> <Biopsy> 0 0 0 0
<3602559> <hasPTNMdiagnosisType_ptnmDiagnosisType> <Biopsy> 0 0 0 0
<417081> <hasPTNMdiagnosisType_ptnmDiagnosisType> <Biopsy> 1 1 1 1
<512963> <hasPTNMdiagnosisType_ptnmDiagnosisType> <Biopsy> 1 1 1 1
<7000353> <hasPTNMdiagnosisType_ptnmDiagnosisType> <Biopsy> 0 0 0 0
<5315283> <hasPTNMdiagnosisType_ptnmDiagnosisType> <Biopsy> 0 0 0 0
<908787> <hasPTNMdiagnosisType_ptnmDiagnosisType> <Biopsy> 0 0 0 0
<514120> <hasPTNMdiagnosisType_ptnmDiagnosisType> <Cytology> 0 0 0 0
<2305052> <hasPTNMdiagnosisType_ptnmDiagnosisType> <Biopsy> 0 0 0 0
<3412534> <hasPTNMdiagnosisType_ptnmDiagnosisType> <Biopsy> 0 0 0 0
<302692> <hasPTNMdiagnosisType_ptnmDiagnosisType> <Biopsy> 0 0 0 0
<2811461> <hasPTNMdiagnosisType_ptnmDiagnosisType> <Biopsy> 0 0 0 0
<9408652> <hasPTNMdiagnosisType_ptnmDiagnosisType> <Cytology> 0 0 0 0
<909688> <hasPTNMdiagnosisType_ptnmDiagnosisType> <Biopsy> 1 1 1 1
<6400587> <hasPTNMdiagnosisType_ptnmDiagnosisType> <Biopsy> 1 1 1 1
<902418> <hasPTNMdiagnosisType_ptnmDiagnosisType> <Biopsy> 0 0 0 0
<512810> <hasPTNMdiagnosisType_ptnmDiagnosisType> <Biopsy> 1 1 1 1
<6302483> <hasPTNMdiagnosisType_ptnmDiagnosisType> <Biopsy> 0 0 0 0
<6315476> <hasPTNMdiagnosisType_ptnmDiagnosisType> <Cytology> 0 0 0 0
<907158> <hasPTNMdiagnosisType_ptnmDiagnosisType> <Biopsy> 0 0 0 0
<6304715> <hasPTNMdiagnosisType_ptnmDiagnosisType> <Biopsy> 0 0 0 0
<5315963> <hasPTNMdiagnosisType_ptnmDiagnosisType> <Biopsy> 0 0 0 0
<7406565> <hasPTNMdiagnosisType_ptnmDiagnosisType> <Cytology> 0 0 0 0
<513082> <hasPTNMdiagnosisType_ptnmDiagnosisType> <Biopsy> 0 0 0 0
<7408336> <hasPTNMdiagnosisType_ptnmDiagnosisType> <Biopsy> 1 1 1 1
<701689> <hasPTNMdiagnosisType_ptnmDiagnosisType> <Biopsy> 1 1 1 1
<9704480> <hasPTNMdiagnosisType_ptnmDiagnosisType> <Biopsy> 1 1 1 1
<2810873> <hasPTNMdiagnosisType_ptnmDiagnosisType> <Biopsy> 1 1 1 1
<514302> <hasPTNMdiagnosisType_ptnmDiagnosisType> <Biopsy> 1 1 1 1
<5317097> <hasPTNMdiagnosisType_ptnmDiagnosisType> <Biopsy> 1 1 1 1
<513845> <hasPTNMdiagnosisType_ptnmDiagnosisType> <Biopsy> 0 0 0 0
<5315358> <hasPTNMdiagnosisType_ptnmDiagnosisType> <Biopsy> 1 1 1 1
<204299> <hasPTNMdiagnosisType_ptnmDiagnosisType> <Cytology> 0 0 0 0
<902425> <hasPTNMdiagnosisType_ptnmDiagnosisType> <Biopsy> 1 1 1 1
<6317139> <hasPTNMdiagnosisType_ptnmDiagnosisType> <Cytology> 0 0 0 0
<415189> <hasPTNMdiagnosisType_ptnmDiagnosisType> <Biopsy> 1 1 1 1
<410356> <hasPTNMdiagnosisType_ptnmDiagnosisType> <Biopsy> 1 1 1 1
<513567> <hasPTNMdiagnosisType_ptnmDiagnosisType> <Biopsy> 1 1 1 1
<110036> <hasPTNMdiagnosisType_ptnmDiagnosisType> <Biopsy> 1 1 1 1
<110111> <hasPTNMdiagnosisType_ptnmDiagnosisType> <Biopsy> 1 1 1 1
<116560> <hasPTNMdiagnosisType_ptnmDiagnosisType> <Biopsy> 1 1 1 1
<1302710> <hasPTNMdiagnosisType_ptnmDiagnosisType> <Biopsy> 1 1 1 1
<1315427> <hasPTNMdiagnosisType_ptnmDiagnosisType> <Cytology> 0 0 0 0
<1305682> <hasPTNMdiagnosisType_ptnmDiagnosisType> <Cytology> 0 0 0 0
<11312306> <hasPTNMdiagnosisType_ptnmDiagnosisType> <Biopsy> 1 1 1 1
<1302058> <hasPTNMdiagnosisType_ptnmDiagnosisType> <Biopsy> 1 1 1 1
<1804202> <hasPTNMdiagnosisType_ptnmDiagnosisType> <Biopsy> 1 1 1 1
<11312103> <hasPTNMdiagnosisType_ptnmDiagnosisType> <Biopsy> 1 1 1 1
<1201891> <hasPTNMdiagnosisType_ptnmDiagnosisType> <Biopsy> 1 1 1 1
<1302023> <hasPTNMdiagnosisType_ptnmDiagnosisType> <Biopsy> 1 1 1 1
<2903753> <hasPTNMdiagnosisType_ptnmDiagnosisType> <Biopsy> 1 1 1 1
<3308126> <hasPTNMdiagnosisType_ptnmDiagnosisType> <Biopsy> 1 1 1 1
<205015> <hasPTNMdiagnosisType_ptnmDiagnosisType> <Cytology> 0 0 0 0
<2808854> <hasPTNMdiagnosisType_ptnmDiagnosisType> <Biopsy> 1 1 1 1
<206671> <hasPTNMdiagnosisType_ptnmDiagnosisType> <Biopsy> 0 0 0 0
<2310596> <hasPTNMdiagnosisType_ptnmDiagnosisType> <Biopsy> 0 0 0 0
<2806058> <hasPTNMdiagnosisType_ptnmDiagnosisType> <Biopsy> 1 1 1 1
<1306713> <hasPTNMdiagnosisType_ptnmDiagnosisType> <Biopsy> 0 0 0 0
<3405204> <hasPTNMdiagnosisType_ptnmDiagnosisType> <Cytology> 0 0 0 0
<11314501> <hasPTNMdiagnosisType_ptnmDiagnosisType> <Biopsy> 0 0 0 0
<2903724> <hasPTNMdiagnosisType_ptnmDiagnosisType> <Biopsy> 0 0 0 0
<1314761> <hasPTNMdiagnosisType_ptnmDiagnosisType> <Biopsy> 0 0 0 0
<203407> <hasPTNMdiagnosisType_ptnmDiagnosisType> <Biopsy> 0 0 0 0
<1303360> <hasPTNMdiagnosisType_ptnmDiagnosisType> <Biopsy> 1 1 1 1
<2302883> <hasPTNMdiagnosisType_ptnmDiagnosisType> <Biopsy> 1 1 1 1
<2304867> <hasPTNMdiagnosisType_ptnmDiagnosisType> <Biopsy> 0 0 0 0
<2817213> <hasPTNMdiagnosisType_ptnmDiagnosisType> <Biopsy> 1 1 1 1
<10800999> <hasPTNMdiagnosisType_ptnmDiagnosisType> <Biopsy> 0 0 0 0
<2813149> <hasPTNMdiagnosisType_ptnmDiagnosisType> <Biopsy> 1 1 1 1
<1300814> <hasPTNMdiagnosisType_ptnmDiagnosisType> <Biopsy> 1 1 1 1
<1312784> <hasPTNMdiagnosisType_ptnmDiagnosisType> <Biopsy> 0 0 0 0
<10600759> <hasPTNMdiagnosisType_ptnmDiagnosisType> <Biopsy> 1 1 1 1
<2300542> <hasPTNMdiagnosisType_ptnmDiagnosisType> <Biopsy> 1 1 1 1
<210068> <hasPTNMdiagnosisType_ptnmDiagnosisType> <Cytology> 0 0 0 0
<209549> <hasPTNMdiagnosisType_ptnmDiagnosisType> <Biopsy> 1 1 1 1
<111391> <hasPTNMdiagnosisType_ptnmDiagnosisType> <Biopsy> 1 1 1 1
<1304759> <hasPTNMdiagnosisType_ptnmDiagnosisType> <Biopsy> 1 1 1 1
<201625> <hasPTNMdiagnosisType_ptnmDiagnosisType> <Biopsy> 0 0 0 0
<11317084> <hasPTNMdiagnosisType_ptnmDiagnosisType> <Biopsy> 0 0 0 0
<3404547> <hasPTNMdiagnosisType_ptnmDiagnosisType> <Biopsy> 1 1 1 1
<3007078> <hasPTNMdiagnosisType_ptnmDiagnosisType> <Cytology> 0 0 0 0
<301363> <hasPTNMdiagnosisType_ptnmDiagnosisType> <Biopsy> 0 0 0 0
<1306321> <hasPTNMdiagnosisType_ptnmDiagnosisType> <Cytology> 0 0 0 0
<107954> <hasPTNMdiagnosisType_ptnmDiagnosisType> <Biopsy> 1 1 1 1
<11911323> <hasPTNMdiagnosisType_ptnmDiagnosisType> <Biopsy> 1 1 1 1
<202033> <hasPTNMdiagnosisType_ptnmDiagnosisType> <Biopsy> 0 0 0 0
<12914542> <hasPTNMdiagnosisType_ptnmDiagnosisType> <Biopsy> 0 0 0 0
<2311896> <hasPTNMdiagnosisType_ptnmDiagnosisType> <Biopsy> 1 1 1 1
<201543> <hasPTNMdiagnosisType_ptnmDiagnosisType> <Biopsy> 0 0 0 0
<2305296> <hasPTNMdiagnosisType_ptnmDiagnosisType> <Biopsy> 1 1 1 1
<2300450> <hasPTNMdiagnosisType_ptnmDiagnosisType> <Biopsy> 1 1 1 1
<102139> <hasPTNMdiagnosisType_ptnmDiagnosisType> <Biopsy> 0 0 0 0
<3405259> <hasPTNMdiagnosisType_ptnmDiagnosisType> <Biopsy> 0 0 0 0
<1200126> <hasPTNMdiagnosisType_ptnmDiagnosisType> <Biopsy> 1 1 1 1
<206691> <hasPTNMdiagnosisType_ptnmDiagnosisType> <Biopsy> 1 1 1 1
<2105324> <hasPTNMdiagnosisType_ptnmDiagnosisType> <Biopsy> 1 1 1 1
<1202334> <hasPTNMdiagnosisType_ptnmDiagnosisType> <Biopsy> 0 0 0 0
<1511193> <hasPTNMdiagnosisType_ptnmDiagnosisType> <Biopsy> 0 0 0 0
<102368> <hasPTNMdiagnosisType_ptnmDiagnosisType> <Biopsy> 1 1 1 1
<1300134> <hasPTNMdiagnosisType_ptnmDiagnosisType> <Biopsy> 1 1 1 1
<202494> <hasPTNMdiagnosisType_ptnmDiagnosisType> <Biopsy> 0 0 0 0
<1006461> <hasPTNMdiagnosisType_ptnmDiagnosisType> <Cytology> 0 0 0 0
<1314557> <hasPTNMdiagnosisType_ptnmDiagnosisType> <Biopsy> 1 1 1 1
<1314629> <hasPTNMdiagnosisType_ptnmDiagnosisType> <Biopsy> 1 1 1 1
<217068> <hasPTNMdiagnosisType_ptnmDiagnosisType> <Biopsy> 0 0 0 0
<204037> <hasPTNMdiagnosisType_ptnmDiagnosisType> <Biopsy> 0 0 0 0
<1310025> <hasPTNMdiagnosisType_ptnmDiagnosisType> <Biopsy> 1 1 1 1
<1306331> <hasPTNMdiagnosisType_ptnmDiagnosisType> <Biopsy> 1 1 1 1
<311916> <hasPTNMdiagnosisType_ptnmDiagnosisType> <Biopsy> 0 0 0 0
<2808642> <hasPTNMdiagnosisType_ptnmDiagnosisType> <Biopsy> 0 0 0 0
<1311258> <hasPTNMdiagnosisType_ptnmDiagnosisType> <Cytology> 0 0 0 0
<10600742> <hasPTNMdiagnosisType_ptnmDiagnosisType> <Biopsy> 0 0 0 0
<1304207> <hasPTNMdiagnosisType_ptnmDiagnosisType> <Biopsy> 0 0 0 0
<3302231> <hasPTNMdiagnosisType_ptnmDiagnosisType> <Biopsy> 0 0 0 0
<1516288> <hasPTNMdiagnosisType_ptnmDiagnosisType> <Biopsy> 1 1 1 1
<2900533> <hasPTNMdiagnosisType_ptnmDiagnosisType> <Biopsy> 0 0 0 0
<1516734> <hasPTNMdiagnosisType_ptnmDiagnosisType> <Biopsy> 1 1 1 1
<1300381> <hasPTNMdiagnosisType_ptnmDiagnosisType> <Biopsy> 1 1 1 1
<3405598> <hasPTNMdiagnosisType_ptnmDiagnosisType> <Biopsy> 1 1 1 1
<10802684> <hasPTNMdiagnosisType_ptnmDiagnosisType> <Biopsy> 0 0 0 0
<201829> <hasPTNMdiagnosisType_ptnmDiagnosisType> <Cytology> 0 0 0 0
<2903731> <hasPTNMdiagnosisType_ptnmDiagnosisType> <Biopsy> 0 0 0 0
<306532> <hasPTNMdiagnosisType_ptnmDiagnosisType> <Biopsy> 0 0 0 0
<2303895> <hasPTNMdiagnosisType_ptnmDiagnosisType> <Biopsy> 0 0 0 0
<311910> <hasPTNMdiagnosisType_ptnmDiagnosisType> <Biopsy> 1 1 1 1
<2806968> <hasPTNMdiagnosisType_ptnmDiagnosisType> <Biopsy> 0 0 0 0
<416824> <hasPTNMdiagnosisType_ptnmDiagnosisType> <Biopsy> 1 1 1 1
<501284> <hasPTNMdiagnosisType_ptnmDiagnosisType> <Biopsy> 0 0 0 0
<5109590> <hasPTNMdiagnosisType_ptnmDiagnosisType> <Biopsy> 0 0 0 0
<3509568> <hasPTNMdiagnosisType_ptnmDiagnosisType> <Cytology> 0 0 0 0
<410374> <hasPTNMdiagnosisType_ptnmDiagnosisType> <Biopsy> 0 0 0 0
<3000702> <hasPTNMdiagnosisType_ptnmDiagnosisType> <Biopsy> 0 0 0 0
<3414703> <hasPTNMdiagnosisType_ptnmDiagnosisType> <Biopsy> 1 1 1 1
<407498> <hasPTNMdiagnosisType_ptnmDiagnosisType> <Biopsy> 1 1 1 1
<508235> <hasPTNMdiagnosisType_ptnmDiagnosisType> <Biopsy> 1 1 1 1
<212441> <hasPTNMdiagnosisType_ptnmDiagnosisType> <Biopsy> 0 0 0 0
<508974> <hasPTNMdiagnosisType_ptnmDiagnosisType> <Biopsy> 0 0 0 0
<4610262> <hasPTNMdiagnosisType_ptnmDiagnosisType> <Biopsy> 1 1 1 1
<512577> <hasPTNMdiagnosisType_ptnmDiagnosisType> <Cytology> 0 0 0 0
<513575> <hasPTNMdiagnosisType_ptnmDiagnosisType> <Biopsy> 1 1 1 1
<5313028> <hasPTNMdiagnosisType_ptnmDiagnosisType> <Biopsy> 1 1 1 1
<6300121> <hasPTNMdiagnosisType_ptnmDiagnosisType> <Biopsy> 0 0 0 0
<710442> <hasPTNMdiagnosisType_ptnmDiagnosisType> <Biopsy> 1 1 1 1
<916895> <hasPTNMdiagnosisType_ptnmDiagnosisType> <Cytology> 0 0 0 0
<9703845> <hasPTNMdiagnosisType_ptnmDiagnosisType> <Biopsy> 0 0 0 0
<5305963> <hasPTNMdiagnosisType_ptnmDiagnosisType> <Biopsy> 1 1 1 1
<5504973> <hasPTNMdiagnosisType_ptnmDiagnosisType> <Biopsy> 1 1 1 1
<6402099> <hasPTNMdiagnosisType_ptnmDiagnosisType> <Biopsy> 0 0 0 0
<508035> <hasPTNMdiagnosisType_ptnmDiagnosisType> <Biopsy> 0 0 0 0
<7105406> <hasPTNMdiagnosisType_ptnmDiagnosisType> <Biopsy> 0 0 0 0
<906815> <hasPTNMdiagnosisType_ptnmDiagnosisType> <Cytology> 0 0 0 0
<2715042> <hasPTNMdiagnosisType_ptnmDiagnosisType> <Biopsy> 1 1 1 1
<2312068> <hasPTNMdiagnosisType_ptnmDiagnosisType> <Biopsy> 0 0 0 0
<301379> <hasPTNMdiagnosisType_ptnmDiagnosisType> <Biopsy> 1 1 1 1
<306901> <hasPTNMdiagnosisType_ptnmDiagnosisType> <Biopsy> 1 1 1 1
<3812104> <hasPTNMdiagnosisType_ptnmDiagnosisType> <Biopsy> 0 0 0 0
<416651> <hasPTNMdiagnosisType_ptnmDiagnosisType> <Biopsy> 0 0 0 0
<5106559> <hasPTNMdiagnosisType_ptnmDiagnosisType> <Biopsy> 0 0 0 0
<3801952> <hasPTNMdiagnosisType_ptnmDiagnosisType> <Biopsy> 1 1 1 1
<508241> <hasPTNMdiagnosisType_ptnmDiagnosisType> <Biopsy> 0 0 0 0
<415561> <hasPTNMdiagnosisType_ptnmDiagnosisType> <Biopsy> 1 1 1 1
<416406> <hasPTNMdiagnosisType_ptnmDiagnosisType> <Biopsy> 1 1 1 1
<513734> <hasPTNMdiagnosisType_ptnmDiagnosisType> <Biopsy> 1 1 1 1
<7000390> <hasPTNMdiagnosisType_ptnmDiagnosisType> <Cytology> 0 0 0 0
<508524> <hasPTNMdiagnosisType_ptnmDiagnosisType> <Cytology> 0 0 0 0
<6312677> <hasPTNMdiagnosisType_ptnmDiagnosisType> <Cytology> 0 0 0 0
<9409185> <hasPTNMdiagnosisType_ptnmDiagnosisType> <Cytology> 0 0 0 0
<6316316> <hasPTNMdiagnosisType_ptnmDiagnosisType> <Cytology> 0 0 0 0
<6302477> <hasPTNMdiagnosisType_ptnmDiagnosisType> <Biopsy> 1 1 1 1
<507480> <hasPTNMdiagnosisType_ptnmDiagnosisType> <Biopsy> 0 0 0 0
<2300339> <hasPTNMdiagnosisType_ptnmDiagnosisType> <Biopsy> 0 0 0 0
<5104014> <hasPTNMdiagnosisType_ptnmDiagnosisType> <Cytology> 0 0 0 0
<7404355> <hasPTNMdiagnosisType_ptnmDiagnosisType> <Biopsy> 0 0 0 0
<5314937> <hasPTNMdiagnosisType_ptnmDiagnosisType> <Biopsy> 1 1 1 1
<5316382> <hasPTNMdiagnosisType_ptnmDiagnosisType> <Biopsy> 1 1 1 1
<9704263> <hasPTNMdiagnosisType_ptnmDiagnosisType> <Biopsy> 0 0 0 0
<2808086> <hasPTNMdiagnosisType_ptnmDiagnosisType> <Biopsy> 1 1 1 1
<501294> <hasPTNMdiagnosisType_ptnmDiagnosisType> <Cytology> 0 0 0 0
<6300140> <hasPTNMdiagnosisType_ptnmDiagnosisType> <Biopsy> 1 1 1 1
<6315495> <hasPTNMdiagnosisType_ptnmDiagnosisType> <Cytology> 0 0 0 0
<2815308> <hasPTNMdiagnosisType_ptnmDiagnosisType> <Biopsy> 0 0 0 0
<3004528> <hasPTNMdiagnosisType_ptnmDiagnosisType> <Cytology> 0 0 0 0
<3510128> <hasPTNMdiagnosisType_ptnmDiagnosisType> <Biopsy> 0 0 0 0
<5106292> <hasPTNMdiagnosisType_ptnmDiagnosisType> <Biopsy> 0 0 0 0
<3705824> <hasPTNMdiagnosisType_ptnmDiagnosisType> <Biopsy> 1 1 1 1
<5113130> <hasPTNMdiagnosisType_ptnmDiagnosisType> <Cytology> 0 0 0 0
<2807669> <hasPTNMdiagnosisType_ptnmDiagnosisType> <Biopsy> 1 1 1 1
<508175> <hasPTNMdiagnosisType_ptnmDiagnosisType> <Cytology> 0 0 0 0
<2900873> <hasPTNMdiagnosisType_ptnmDiagnosisType> <Biopsy> 0 0 0 0
<4911242> <hasPTNMdiagnosisType_ptnmDiagnosisType> <Biopsy> 1 1 1 1
<3405322> <hasPTNMdiagnosisType_ptnmDiagnosisType> <Biopsy> 1 1 1 1
<513780> <hasPTNMdiagnosisType_ptnmDiagnosisType> <Biopsy> 1 1 1 1
<2915967> <hasPTNMdiagnosisType_ptnmDiagnosisType> <Cytology> 0 0 0 0
<508176> <hasPTNMdiagnosisType_ptnmDiagnosisType> <Cytology> 0 0 0 0
<512650> <hasPTNMdiagnosisType_ptnmDiagnosisType> <Biopsy> 1 1 1 1
<516819> <hasPTNMdiagnosisType_ptnmDiagnosisType> <Biopsy> 0 0 0 0
<6304820> <hasPTNMdiagnosisType_ptnmDiagnosisType> <Biopsy> 1 1 1 1
<907008> <hasPTNMdiagnosisType_ptnmDiagnosisType> <Biopsy> 0 0 0 0
<516226> <hasPTNMdiagnosisType_ptnmDiagnosisType> <Biopsy> 0 0 0 0
<3509332> <hasPTNMdiagnosisType_ptnmDiagnosisType> <Biopsy> 1 1 1 1
<5102976> <hasPTNMdiagnosisType_ptnmDiagnosisType> <Cytology> 0 0 0 0
<6402172> <hasPTNMdiagnosisType_ptnmDiagnosisType> <Biopsy> 1 1 1 1
<5107018> <hasPTNMdiagnosisType_ptnmDiagnosisType> <Biopsy> 1 1 1 1
<5103340> <hasPTNMdiagnosisType_ptnmDiagnosisType> <Cytology> 0 0 0 0
<410327> <hasPTNMdiagnosisType_ptnmDiagnosisType> <Biopsy> 0 0 0 0
<5104555> <hasPTNMdiagnosisType_ptnmDiagnosisType> <Biopsy> 1 1 1 1
<7105922> <hasPTNMdiagnosisType_ptnmDiagnosisType> <Biopsy> 1 1 1 1
<513176> <hasPTNMdiagnosisType_ptnmDiagnosisType> <Biopsy> 1 1 1 1
<514093> <hasPTNMdiagnosisType_ptnmDiagnosisType> <Biopsy> 1 1 1 1
<5112421> <hasPTNMdiagnosisType_ptnmDiagnosisType> <Biopsy> 1 1 1 1
<410395> <hasPTNMdiagnosisType_ptnmDiagnosisType> <Biopsy> 1 1 1 1
<6304789> <hasPTNMdiagnosisType_ptnmDiagnosisType> <Biopsy> 0 0 0 0
<5103189> <hasPTNMdiagnosisType_ptnmDiagnosisType> <Biopsy> 1 1 1 1
<5314925> <hasPTNMdiagnosisType_ptnmDiagnosisType> <Biopsy> 1 1 1 1
<501399> <hasPTNMdiagnosisType_ptnmDiagnosisType> <Biopsy> 0 0 0 0
<900696> <hasPTNMdiagnosisType_ptnmDiagnosisType> <Cytology> 0 0 0 0
<302304> <hasPTNMdiagnosisType_ptnmDiagnosisType> <Biopsy> 1 1 1 1
<5315519> <hasPTNMdiagnosisType_ptnmDiagnosisType> <Biopsy> 1 1 1 1
<2815632> <hasPTNMdiagnosisType_ptnmDiagnosisType> <Biopsy> 1 1 1 1
<10600625> <hasPTNMdiagnosisType_ptnmDiagnosisType> <Biopsy> 0 0 0 0
<10803935> <hasPTNMdiagnosisType_ptnmDiagnosisType> <Biopsy> 1 1 1 1
<11312079> <hasPTNMdiagnosisType_ptnmDiagnosisType> <Biopsy> 1 1 1 1
<1516726> <hasPTNMdiagnosisType_ptnmDiagnosisType> <Biopsy> 0 0 0 0
<201862> <hasPTNMdiagnosisType_ptnmDiagnosisType> <Biopsy> 1 1 1 1
<18015738> <hasPTNMdiagnosisType_ptnmDiagnosisType> <Biopsy> 1 1 1 1
<202201> <hasPTNMdiagnosisType_ptnmDiagnosisType> <Cytology> 0 0 0 0
<15700193> <hasPTNMdiagnosisType_ptnmDiagnosisType> <Biopsy> 1 1 1 1
<201861> <hasPTNMdiagnosisType_ptnmDiagnosisType> <Biopsy> 0 0 0 0
<109781> <hasPTNMdiagnosisType_ptnmDiagnosisType> <Biopsy> 1 1 1 1
<9911655> <hasPTNMdiagnosisType_ptnmDiagnosisType> <Biopsy> 1 1 1 1
<510292> <hasPTNMdiagnosisType_ptnmDiagnosisType> <Biopsy> 0 0 0 0
<512616> <hasPTNMdiagnosisType_ptnmDiagnosisType> <Biopsy> 1 1 1 1
<1306612> <hasPTNMdiagnosisType_ptnmDiagnosisType> <Biopsy> 0 0 0 0
<1316026> <hasPTNMdiagnosisType_ptnmDiagnosisType> <Biopsy> 1 1 1 1
<15714621> <hasPTNMdiagnosisType_ptnmDiagnosisType> <Biopsy> 0 0 0 0
<1306457> <hasPTNMdiagnosisType_ptnmDiagnosisType> <Cytology> 0 0 0 0
<15715007> <hasPTNMdiagnosisType_ptnmDiagnosisType> <Cytology> 0 0 0 0
<1314579> <hasPTNMdiagnosisType_ptnmDiagnosisType> <Biopsy> 0 0 0 0
<3012654> <hasPTNMdiagnosisType_ptnmDiagnosisType> <Cytology> 0 0 0 0
<301376> <hasPTNMdiagnosisType_ptnmDiagnosisType> <Biopsy> 1 1 1 1
<2805149> <hasPTNMdiagnosisType_ptnmDiagnosisType> <Biopsy> 1 1 1 1
<305124> <hasPTNMdiagnosisType_ptnmDiagnosisType> <Biopsy> 0 0 0 0
<2307184> <hasPTNMdiagnosisType_ptnmDiagnosisType> <Biopsy> 1 1 1 1
<205956> <hasPTNMdiagnosisType_ptnmDiagnosisType> <Biopsy> 0 0 0 0
<2107255> <hasPTNMdiagnosisType_ptnmDiagnosisType> <Biopsy> 1 1 1 1
<2101071> <hasPTNMdiagnosisType_ptnmDiagnosisType> <Biopsy> 1 1 1 1
<2306746> <hasPTNMdiagnosisType_ptnmDiagnosisType> <Biopsy> 1 1 1 1
<10806007> <hasPTNMdiagnosisType_ptnmDiagnosisType> <Biopsy> 1 1 1 1
<2405632> <hasPTNMdiagnosisType_ptnmDiagnosisType> <Biopsy> 1 1 1 1
<407636> <hasPTNMdiagnosisType_ptnmDiagnosisType> <Biopsy> 1 1 1 1
<6400268> <hasPTNMdiagnosisType_ptnmDiagnosisType> <Biopsy> 1 1 1 1
<11317521> <hasPTNMdiagnosisType_ptnmDiagnosisType> <Biopsy> 0 0 0 0
<1213684> <hasPTNMdiagnosisType_ptnmDiagnosisType> <Biopsy> 0 0 0 0
<101511> <hasPTNMdiagnosisType_ptnmDiagnosisType> <Biopsy> 1 1 1 1
<1300474> <hasPTNMdiagnosisType_ptnmDiagnosisType> <Biopsy> 0 0 0 0
<101503> <hasPTNMdiagnosisType_ptnmDiagnosisType> <Biopsy> 1 1 1 1
<9416371> <hasPTNMdiagnosisType_ptnmDiagnosisType> <Biopsy> 0 0 0 0
<202649> <hasPTNMdiagnosisType_ptnmDiagnosisType> <Cytology> 0 0 0 0
<1314284> <hasPTNMdiagnosisType_ptnmDiagnosisType> <Biopsy> 0 0 0 0
<15709787> <hasPTNMdiagnosisType_ptnmDiagnosisType> <Biopsy> 0 0 0 0
<2101170> <hasPTNMdiagnosisType_ptnmDiagnosisType> <Biopsy> 1 1 1 1
<2804869> <hasPTNMdiagnosisType_ptnmDiagnosisType> <Biopsy> 1 1 1 1
<314435> <hasPTNMdiagnosisType_ptnmDiagnosisType> <Biopsy> 0 0 0 0
<311641> <hasPTNMdiagnosisType_ptnmDiagnosisType> <Biopsy> 1 1 1 1
<2908357> <hasPTNMdiagnosisType_ptnmDiagnosisType> <Biopsy> 1 1 1 1
<2312698> <hasPTNMdiagnosisType_ptnmDiagnosisType> <Biopsy> 0 0 0 0
<304976> <hasPTNMdiagnosisType_ptnmDiagnosisType> <Biopsy> 1 1 1 1
<1314809> <hasPTNMdiagnosisType_ptnmDiagnosisType> <Biopsy> 1 1 1 1
<5314075> <hasPTNMdiagnosisType_ptnmDiagnosisType> <Biopsy> 1 1 1 1
<1314756> <hasPTNMdiagnosisType_ptnmDiagnosisType> <Biopsy> 0 0 0 0
<2809383> <hasPTNMdiagnosisType_ptnmDiagnosisType> <Cytology> 0 0 0 0
<15714599> <hasPTNMdiagnosisType_ptnmDiagnosisType> <Biopsy> 0 0 0 0
<303004> <hasPTNMdiagnosisType_ptnmDiagnosisType> <Biopsy> 1 1 1 1
<10607053> <hasPTNMdiagnosisType_ptnmDiagnosisType> <Biopsy> 1 1 1 1
<1313810> <hasPTNMdiagnosisType_ptnmDiagnosisType> <Biopsy> 0 0 0 0
<11312895> <hasPTNMdiagnosisType_ptnmDiagnosisType> <Biopsy> 0 0 0 0
<9408693> <hasPTNMdiagnosisType_ptnmDiagnosisType> <Biopsy> 1 1 1 1
<15715028> <hasPTNMdiagnosisType_ptnmDiagnosisType> <Cytology> 0 0 0 0
<203496> <hasPTNMdiagnosisType_ptnmDiagnosisType> <Cytology> 0 0 0 0
<2807335> <hasPTNMdiagnosisType_ptnmDiagnosisType> <Biopsy> 1 1 1 1
<2311860> <hasPTNMdiagnosisType_ptnmDiagnosisType> <Biopsy> 1 1 1 1
<2715747> <hasPTNMdiagnosisType_ptnmDiagnosisType> <Biopsy> 0 0 0 0
<2805212> <hasPTNMdiagnosisType_ptnmDiagnosisType> <Biopsy> 1 1 1 1
<109381> <hasPTNMdiagnosisType_ptnmDiagnosisType> <Biopsy> 1 1 1 1
<5107933> <hasPTNMdiagnosisType_ptnmDiagnosisType> <Cytology> 0 0 0 0
<1511156> <hasPTNMdiagnosisType_ptnmDiagnosisType> <Biopsy> 1 1 1 1
<109578> <hasPTNMdiagnosisType_ptnmDiagnosisType> <Biopsy> 1 1 1 1
<2101073> <hasPTNMdiagnosisType_ptnmDiagnosisType> <Biopsy> 0 0 0 0
<2903699> <hasPTNMdiagnosisType_ptnmDiagnosisType> <Biopsy> 0 0 0 0
<2114610> <hasPTNMdiagnosisType_ptnmDiagnosisType> <Biopsy> 1 1 1 1
<2304504> <hasPTNMdiagnosisType_ptnmDiagnosisType> <Cytology> 0 0 0 0
<2308348> <hasPTNMdiagnosisType_ptnmDiagnosisType> <Biopsy> 0 0 0 0
<1512938> <hasPTNMdiagnosisType_ptnmDiagnosisType> <Biopsy> 0 0 0 0
<11405743> <hasPTNMdiagnosisType_ptnmDiagnosisType> <Biopsy> 0 0 0 0
<209257> <hasPTNMdiagnosisType_ptnmDiagnosisType> <Cytology> 0 0 0 0
<210482> <hasPTNMdiagnosisType_ptnmDiagnosisType> <Biopsy> 0 0 0 0
<4910882> <hasPTNMdiagnosisType_ptnmDiagnosisType> <Biopsy> 1 1 1 1
<501270> <hasPTNMdiagnosisType_ptnmDiagnosisType> <Biopsy> 1 1 1 1
<6315605> <hasPTNMdiagnosisType_ptnmDiagnosisType> <Cytology> 0 0 0 0
<2811830> <hasPTNMdiagnosisType_ptnmDiagnosisType> <Biopsy> 0 0 0 0
<2903732> <hasPTNMdiagnosisType_ptnmDiagnosisType> <Biopsy> 1 1 1 1
<201539> <hasPTNMdiagnosisType_ptnmDiagnosisType> <Biopsy> 0 0 0 0
<1200935> <hasPTNMdiagnosisType_ptnmDiagnosisType> <Biopsy> 1 1 1 1
<10802829> <hasPTNMdiagnosisType_ptnmDiagnosisType> <Biopsy> 0 0 0 0
<10806009> <hasPTNMdiagnosisType_ptnmDiagnosisType> <Biopsy> 1 1 1 1
<2810464> <hasPTNMdiagnosisType_ptnmDiagnosisType> <Biopsy> 1 1 1 1
<1306035> <hasPTNMdiagnosisType_ptnmDiagnosisType> <Cytology> 0 0 0 0
<2811001> <hasPTNMdiagnosisType_ptnmDiagnosisType> <Biopsy> 0 0 0 0
<1214790> <hasPTNMdiagnosisType_ptnmDiagnosisType> <Biopsy> 0 0 0 0
<2900539> <hasPTNMdiagnosisType_ptnmDiagnosisType> <Cytology> 0 0 0 0
<2811950> <hasPTNMdiagnosisType_ptnmDiagnosisType> <Biopsy> 1 1 1 1
<15701585> <hasPTNMdiagnosisType_ptnmDiagnosisType> <Biopsy> 1 1 1 1
<3315444> <hasPTNMdiagnosisType_ptnmDiagnosisType> <Biopsy> 0 0 0 0
<2304637> <hasPTNMdiagnosisType_ptnmDiagnosisType> <Biopsy> 1 1 1 1
<10615934> <hasPTNMdiagnosisType_ptnmDiagnosisType> <Biopsy> 0 0 0 0
<2304453> <hasPTNMdiagnosisType_ptnmDiagnosisType> <Cytology> 0 0 0 0
<5316089> <hasPTNMdiagnosisType_ptnmDiagnosisType> <Biopsy> 1 1 1 1
<5315864> <hasPTNMdiagnosisType_ptnmDiagnosisType> <Biopsy> 1 1 1 1
<202131> <hasPTNMdiagnosisType_ptnmDiagnosisType> <Biopsy> 1 1 1 1
<206706> <hasPTNMdiagnosisType_ptnmDiagnosisType> <Biopsy> 0 0 0 0
<210178> <hasPTNMdiagnosisType_ptnmDiagnosisType> <Cytology> 0 0 0 0
<2301196> <hasPTNMdiagnosisType_ptnmDiagnosisType> <Biopsy> 1 1 1 1
<2300020> <hasPTNMdiagnosisType_ptnmDiagnosisType> <Cytology> 0 0 0 0
<5106751> <hasPTNMdiagnosisType_ptnmDiagnosisType> <Cytology> 0 0 0 0
<512511> <hasPTNMdiagnosisType_ptnmDiagnosisType> <Biopsy> 1 1 1 1
<513614> <hasPTNMdiagnosisType_ptnmDiagnosisType> <Biopsy> 1 1 1 1
<507568> <hasPTNMdiagnosisType_ptnmDiagnosisType> <Biopsy> 0 0 0 0
<3514411> <hasPTNMdiagnosisType_ptnmDiagnosisType> <Biopsy> 0 0 0 0
<508516> <hasPTNMdiagnosisType_ptnmDiagnosisType> <Biopsy> 0 0 0 0
<508243> <hasPTNMdiagnosisType_ptnmDiagnosisType> <Biopsy> 0 0 0 0
<508964> <hasPTNMdiagnosisType_ptnmDiagnosisType> <Cytology> 0 0 0 0
<2816645> <hasPTNMdiagnosisType_ptnmDiagnosisType> <Cytology> 0 0 0 0
<5106562> <hasPTNMdiagnosisType_ptnmDiagnosisType> <Cytology> 0 0 0 0
<3509941> <hasPTNMdiagnosisType_ptnmDiagnosisType> <Biopsy> 0 0 0 0
<503808> <hasPTNMdiagnosisType_ptnmDiagnosisType> <Biopsy> 1 1 1 1
<211381> <hasPTNMdiagnosisType_ptnmDiagnosisType> <Cytology> 0 0 0 0
<4201850> <hasPTNMdiagnosisType_ptnmDiagnosisType> <Biopsy> 0 0 0 0
<2807349> <hasPTNMdiagnosisType_ptnmDiagnosisType> <Biopsy> 1 1 1 1
<3900406> <hasPTNMdiagnosisType_ptnmDiagnosisType> <Biopsy> 1 1 1 1
<4201535> <hasPTNMdiagnosisType_ptnmDiagnosisType> <Biopsy> 0 0 0 0
<508369> <hasPTNMdiagnosisType_ptnmDiagnosisType> <Biopsy> 1 1 1 1
<501400> <hasPTNMdiagnosisType_ptnmDiagnosisType> <Biopsy> 1 1 1 1
<508968> <hasPTNMdiagnosisType_ptnmDiagnosisType> <Cytology> 0 0 0 0
<4601469> <hasPTNMdiagnosisType_ptnmDiagnosisType> <Biopsy> 1 1 1 1
<504132> <hasPTNMdiagnosisType_ptnmDiagnosisType> <Biopsy> 0 0 0 0
<507613> <hasPTNMdiagnosisType_ptnmDiagnosisType> <Biopsy> 1 1 1 1
<507786> <hasPTNMdiagnosisType_ptnmDiagnosisType> <Biopsy> 1 1 1 1
<516176> <hasPTNMdiagnosisType_ptnmDiagnosisType> <Biopsy> 1 1 1 1
<516779> <hasPTNMdiagnosisType_ptnmDiagnosisType> <Cytology> 0 0 0 0
<5316743> <hasPTNMdiagnosisType_ptnmDiagnosisType> <Biopsy> 1 1 1 1
<6315973> <hasPTNMdiagnosisType_ptnmDiagnosisType> <Cytology> 0 0 0 0
<6301773> <hasPTNMdiagnosisType_ptnmDiagnosisType> <Biopsy> 0 0 0 0
<6312202> <hasPTNMdiagnosisType_ptnmDiagnosisType> <Cytology> 0 0 0 0
<9408737> <hasPTNMdiagnosisType_ptnmDiagnosisType> <Cytology> 0 0 0 0
<906976> <hasPTNMdiagnosisType_ptnmDiagnosisType> <Biopsy> 1 1 1 1
<516222> <hasPTNMdiagnosisType_ptnmDiagnosisType> <Cytology> 0 0 0 0
<2507372> <hasPTNMdiagnosisType_ptnmDiagnosisType> <Biopsy> 0 0 0 0
<11405737> <hasPTNMdiagnosisType_ptnmDiagnosisType> <Cytology> 0 0 0 0
<5501786> <hasPTNMdiagnosisType_ptnmDiagnosisType> <Cytology> 0 0 0 0
<9416344> <hasPTNMdiagnosisType_ptnmDiagnosisType> <Cytology> 0 0 0 0
<5507678> <hasPTNMdiagnosisType_ptnmDiagnosisType> <Biopsy> 1 1 1 1
<210081> <hasPTNMdiagnosisType_ptnmDiagnosisType> <Cytology> 0 0 0 0
<2301151> <hasPTNMdiagnosisType_ptnmDiagnosisType> <Biopsy> 0 0 0 0
<417053> <hasPTNMdiagnosisType_ptnmDiagnosisType> <Biopsy> 1 1 1 1
<409636> <hasPTNMdiagnosisType_ptnmDiagnosisType> <Biopsy> 1 1 1 1
<5115041> <hasPTNMdiagnosisType_ptnmDiagnosisType> <Biopsy> 1 1 1 1
<3704285> <hasPTNMdiagnosisType_ptnmDiagnosisType> <Biopsy> 1 1 1 1
<503871> <hasPTNMdiagnosisType_ptnmDiagnosisType> <Biopsy> 0 0 0 0
<508297> <hasPTNMdiagnosisType_ptnmDiagnosisType> <Biopsy> 0 0 0 0
<503353> <hasPTNMdiagnosisType_ptnmDiagnosisType> <Biopsy> 1 1 1 1
<508021> <hasPTNMdiagnosisType_ptnmDiagnosisType> <Biopsy> 0 0 0 0
<2304676> <hasPTNMdiagnosisType_ptnmDiagnosisType> <Biopsy> 0 0 0 0
<4910690> <hasPTNMdiagnosisType_ptnmDiagnosisType> <Cytology> 0 0 0 0
<4910793> <hasPTNMdiagnosisType_ptnmDiagnosisType> <Biopsy> 1 1 1 1
<7005775> <hasPTNMdiagnosisType_ptnmDiagnosisType> <Biopsy> 1 1 1 1
<9711721> <hasPTNMdiagnosisType_ptnmDiagnosisType> <Cytology> 0 0 0 0
<6400304> <hasPTNMdiagnosisType_ptnmDiagnosisType> <Biopsy> 1 1 1 1
<9914879> <hasPTNMdiagnosisType_ptnmDiagnosisType> <Biopsy> 0 0 0 0
<2903118> <hasPTNMdiagnosisType_ptnmDiagnosisType> <Biopsy> 1 1 1 1
<509325> <hasPTNMdiagnosisType_ptnmDiagnosisType> <Biopsy> 0 0 0 0
<1504387> <hasPTNMdiagnosisType_ptnmDiagnosisType> <Biopsy> 1 1 1 1
<415794> <hasPTNMdiagnosisType_ptnmDiagnosisType> <Biopsy> 1 1 1 1
<4614857> <hasPTNMdiagnosisType_ptnmDiagnosisType> <Biopsy> 1 1 1 1
<501274> <hasPTNMdiagnosisType_ptnmDiagnosisType> <Biopsy> 0 0 0 0
<5106773> <hasPTNMdiagnosisType_ptnmDiagnosisType> <Biopsy> 0 0 0 0
<709444> <hasPTNMdiagnosisType_ptnmDiagnosisType> <Biopsy> 0 0 0 0
<7105833> <hasPTNMdiagnosisType_ptnmDiagnosisType> <Biopsy> 0 0 0 0
<5313025> <hasPTNMdiagnosisType_ptnmDiagnosisType> <Biopsy> 1 1 1 1
<501239> <hasPTNMdiagnosisType_ptnmDiagnosisType> <Biopsy> 1 1 1 1
<513870> <hasPTNMdiagnosisType_ptnmDiagnosisType> <Biopsy> 1 1 1 1
<6317437> <hasPTNMdiagnosisType_ptnmDiagnosisType> <Cytology> 0 0 0 0
<517094> <hasPTNMdiagnosisType_ptnmDiagnosisType> <Biopsy> 1 1 1 1
<5814969> <hasPTNMdiagnosisType_ptnmDiagnosisType> <Biopsy> 1 1 1 1
<7409548> <hasPTNMdiagnosisType_ptnmDiagnosisType> <Cytology> 0 0 0 0
<9408741> <hasPTNMdiagnosisType_ptnmDiagnosisType> <Cytology> 0 0 0 0
<6317029> <hasPTNMdiagnosisType_ptnmDiagnosisType> <Cytology> 0 0 0 0
<1214794> <hasPTNMdiagnosisType_ptnmDiagnosisType> <Cytology> 0 0 0 0
<5107026> <hasPTNMdiagnosisType_ptnmDiagnosisType> <Biopsy> 0 0 0 0
<5103461> <hasPTNMdiagnosisType_ptnmDiagnosisType> <Biopsy> 1 1 1 1
<416856> <hasPTNMdiagnosisType_ptnmDiagnosisType> <Biopsy> 1 1 1 1
<5315695> <hasPTNMdiagnosisType_ptnmDiagnosisType> <Biopsy> 1 1 1 1
<512767> <hasPTNMdiagnosisType_ptnmDiagnosisType> <Biopsy> 1 1 1 1
<508826> <hasPTNMdiagnosisType_ptnmDiagnosisType> <Biopsy> 0 0 0 0
<9409832> <hasPTNMdiagnosisType_ptnmDiagnosisType> <Cytology> 0 0 0 0
<5314106> <hasPTNMdiagnosisType_ptnmDiagnosisType> <Biopsy> 1 1 1 1
<5110737> <hasPTNMdiagnosisType_ptnmDiagnosisType> <Cytology> 0 0 0 0
<4910904> <hasPTNMdiagnosisType_ptnmDiagnosisType> <Biopsy> 1 1 1 1
<5106822> <hasPTNMdiagnosisType_ptnmDiagnosisType> <Biopsy> 0 0 0 0
<5314667> <hasPTNMdiagnosisType_ptnmDiagnosisType> <Biopsy> 1 1 1 1
<5110620> <hasPTNMdiagnosisType_ptnmDiagnosisType> <Cytology> 0 0 0 0
<3308121> <hasPTNMdiagnosisType_ptnmDiagnosisType> <Biopsy> 0 0 0 0
<3306067> <hasPTNMdiagnosisType_ptnmDiagnosisType> <Cytology> 0 0 0 0
<2102270> <hasPTNMdiagnosisType_ptnmDiagnosisType> <Biopsy> 0 0 0 0
<311032> <hasPTNMdiagnosisType_ptnmDiagnosisType> <Biopsy> 1 1 1 1
