<102860> <locatedInHospital> <Comunidad_Valenciana> 0 0 0 0
<10612016> <locatedInHospital> <Madrid> 0 0 0 0
<10613946> <locatedInHospital> <Madrid> 0 0 0 0
<107680> <locatedInHospital> <Comunidad_Valenciana> 0 0 0 0
<108166> <locatedInHospital> <Comunidad_Valenciana> 0 0 0 0
<10816929> <locatedInHospital> <Catalunya> 0 0 0 0
<111890> <locatedInHospital> <Comunidad_Valenciana> 0 0 0 0
<112631> <locatedInHospital> <Comunidad_Valenciana> 0 0 0 0
<11311969> <locatedInHospital> <Extremadura> 0 0 0 0
<709846> <locatedInHospital> <Madrid> 0 0 0 0
<7406503> <locatedInHospital> <Islas_Canarias> 0 0 0 0
<909689> <locatedInHospital> <Madrid> 0 0 0 0
<910854> <locatedInHospital> <Madrid> 0 0 0 0
<916611> <locatedInHospital> <Madrid> 0 0 0 0
<916720> <locatedInHospital> <Madrid> 0 0 0 0
<9407280> <locatedInHospital> <Navarra> 0 0 0 0
<9408693> <locatedInHospital> <Navarra> 0 0 0 0
<9416369> <locatedInHospital> <Navarra> 0 0 0 0
<9910164> <locatedInHospital> <Comunidad_Valenciana> 0 0 0 0
<9703780> <locatedInHospital> <Castilla_la_Mancha> 0 0 0 0
<9703782> <locatedInHospital> <Castilla_la_Mancha> 0 0 0 0
<9702924> <locatedInHospital> <Castilla_la_Mancha> 0 0 0 0
<11312488> <locatedInHospital> <Extremadura> 0 0 0 0
<116584> <locatedInHospital> <Comunidad_Valenciana> 0 0 0 0
<11913109> <locatedInHospital> <Castilla_la_Mancha> 0 0 0 0
<1200983> <locatedInHospital> <Comunidad_Valenciana> 0 0 0 0
<1214691> <locatedInHospital> <Comunidad_Valenciana> 0 0 0 0
<1214791> <locatedInHospital> <Comunidad_Valenciana> 0 0 0 0
<1300789> <locatedInHospital> <Islas_Canarias> 0 0 0 0
<1301207> <locatedInHospital> <Islas_Canarias> 0 0 0 0
<112112> <locatedInHospital> <Comunidad_Valenciana> 0 0 0 0
<709389> <locatedInHospital> <Madrid> 0 0 0 0
<7404259> <locatedInHospital> <Islas_Canarias> 0 0 0 0
<7405223> <locatedInHospital> <Islas_Canarias> 0 0 0 0
<909651> <locatedInHospital> <Madrid> 0 0 0 0
<916890> <locatedInHospital> <Madrid> 0 0 0 0
<916898> <locatedInHospital> <Madrid> 0 0 0 0
<9409182> <locatedInHospital> <Navarra> 0 0 0 0
<9412892> <locatedInHospital> <Navarra> 0 0 0 0
<9708332> <locatedInHospital> <Castilla_la_Mancha> 0 0 0 0
<7101187> <locatedInHospital> <Pa%C3%83%C2%ADs_Vasco> 0 0 0 0
<11911589> <locatedInHospital> <Castilla_la_Mancha> 0 0 0 0
<1200718> <locatedInHospital> <Comunidad_Valenciana> 0 0 0 0
<1201163> <locatedInHospital> <Comunidad_Valenciana> 0 0 0 0
<101503> <locatedInHospital> <Comunidad_Valenciana> 0 0 0 0
<710884> <locatedInHospital> <Madrid> 0 0 0 0
<902418> <locatedInHospital> <Madrid> 0 0 0 0
<906867> <locatedInHospital> <Madrid> 0 0 0 0
<908790> <locatedInHospital> <Madrid> 0 0 0 0
<916001> <locatedInHospital> <Madrid> 0 0 0 0
<916823> <locatedInHospital> <Madrid> 0 0 0 0
<9410462> <locatedInHospital> <Navarra> 0 0 0 0
<9704479> <locatedInHospital> <Castilla_la_Mancha> 0 0 0 0
<7105830> <locatedInHospital> <Pa%C3%83%C2%ADs_Vasco> 0 0 0 0
<109408> <locatedInHospital> <Comunidad_Valenciana> 0 0 0 0
<112287> <locatedInHospital> <Comunidad_Valenciana> 0 0 0 0
<707917> <locatedInHospital> <Madrid> 0 0 0 0
<101688> <locatedInHospital> <Comunidad_Valenciana> 0 0 0 0
<102352> <locatedInHospital> <Comunidad_Valenciana> 0 0 0 0
<10612591> <locatedInHospital> <Madrid> 0 0 0 0
<1301960> <locatedInHospital> <Islas_Canarias> 0 0 0 0
<1305515> <locatedInHospital> <Islas_Canarias> 0 0 0 0
<1310971> <locatedInHospital> <Islas_Canarias> 0 0 0 0
<1313446> <locatedInHospital> <Islas_Canarias> 0 0 0 0
<1314032> <locatedInHospital> <Islas_Canarias> 0 0 0 0
<1314579> <locatedInHospital> <Islas_Canarias> 0 0 0 0
<1315057> <locatedInHospital> <Islas_Canarias> 0 0 0 0
<10613948> <locatedInHospital> <Madrid> 0 0 0 0
<900695> <locatedInHospital> <Madrid> 0 0 0 0
<11314170> <locatedInHospital> <Extremadura> 0 0 0 0
<916930> <locatedInHospital> <Madrid> 0 0 0 0
<909360> <locatedInHospital> <Madrid> 0 0 0 0
<9704907> <locatedInHospital> <Castilla_la_Mancha> 0 0 0 0
<11317180> <locatedInHospital> <Extremadura> 0 0 0 0
<1305570> <locatedInHospital> <Islas_Canarias> 0 0 0 0
<1305695> <locatedInHospital> <Islas_Canarias> 0 0 0 0
<1313850> <locatedInHospital> <Islas_Canarias> 0 0 0 0
<14702821> <locatedInHospital> <Madrid> 0 0 0 0
<18015709> <locatedInHospital> <Madrid> 0 0 0 0
<201993> <locatedInHospital> <Catalunya> 0 0 0 0
<203155> <locatedInHospital> <Catalunya> 0 0 0 0
<204422> <locatedInHospital> <Catalunya> 0 0 0 0
<204784> <locatedInHospital> <Catalunya> 0 0 0 0
<206025> <locatedInHospital> <Catalunya> 0 0 0 0
<206234> <locatedInHospital> <Catalunya> 0 0 0 0
<206469> <locatedInHospital> <Catalunya> 0 0 0 0
<206677> <locatedInHospital> <Catalunya> 0 0 0 0
<207924> <locatedInHospital> <Catalunya> 0 0 0 0
<209571> <locatedInHospital> <Catalunya> 0 0 0 0
<2102592> <locatedInHospital> <Catalunya> 0 0 0 0
<210506> <locatedInHospital> <Catalunya> 0 0 0 0
<211282> <locatedInHospital> <Catalunya> 0 0 0 0
<2112829> <locatedInHospital> <Catalunya> 0 0 0 0
<211381> <locatedInHospital> <Catalunya> 0 0 0 0
<2114409> <locatedInHospital> <Catalunya> 0 0 0 0
<216130> <locatedInHospital> <Catalunya> 0 0 0 0
<217532> <locatedInHospital> <Catalunya> 0 0 0 0
<2304500> <locatedInHospital> <Comunidad_Valenciana> 0 0 0 0
<1215387> <locatedInHospital> <Comunidad_Valenciana> 0 0 0 0
<1215812> <locatedInHospital> <Comunidad_Valenciana> 0 0 0 0
<1305088> <locatedInHospital> <Islas_Canarias> 0 0 0 0
<1305472> <locatedInHospital> <Islas_Canarias> 0 0 0 0
<1311198> <locatedInHospital> <Islas_Canarias> 0 0 0 0
<1312563> <locatedInHospital> <Islas_Canarias> 0 0 0 0
<202242> <locatedInHospital> <Catalunya> 0 0 0 0
<2110563> <locatedInHospital> <Catalunya> 0 0 0 0
<202203> <locatedInHospital> <Catalunya> 0 0 0 0
<202473> <locatedInHospital> <Catalunya> 0 0 0 0
<204301> <locatedInHospital> <Catalunya> 0 0 0 0
<207692> <locatedInHospital> <Catalunya> 0 0 0 0
<207914> <locatedInHospital> <Catalunya> 0 0 0 0
<212477> <locatedInHospital> <Catalunya> 0 0 0 0
<1315261> <locatedInHospital> <Islas_Canarias> 0 0 0 0
<2114405> <locatedInHospital> <Catalunya> 0 0 0 0
<205329> <locatedInHospital> <Catalunya> 0 0 0 0
<1306156> <locatedInHospital> <Islas_Canarias> 0 0 0 0
<2304634> <locatedInHospital> <Comunidad_Valenciana> 0 0 0 0
<2305214> <locatedInHospital> <Comunidad_Valenciana> 0 0 0 0
<2305301> <locatedInHospital> <Comunidad_Valenciana> 0 0 0 0
<2306177> <locatedInHospital> <Comunidad_Valenciana> 0 0 0 0
<2500692> <locatedInHospital> <Madrid> 0 0 0 0
<2505246> <locatedInHospital> <Madrid> 0 0 0 0
<2808632> <locatedInHospital> <Andaluc%C3%83%C2%ADa> 0 0 0 0
<2810470> <locatedInHospital> <Andaluc%C3%83%C2%ADa> 0 0 0 0
<1501042> <locatedInHospital> <Galicia> 0 0 0 0
<1504402> <locatedInHospital> <Galicia> 0 0 0 0
<1504530> <locatedInHospital> <Galicia> 0 0 0 0
<1508004> <locatedInHospital> <Galicia> 0 0 0 0
<1512938> <locatedInHospital> <Galicia> 0 0 0 0
<1514205> <locatedInHospital> <Galicia> 0 0 0 0
<15706423> <locatedInHospital> <Galicia> 0 0 0 0
<15709467> <locatedInHospital> <Galicia> 0 0 0 0
<12913808> <locatedInHospital> <Galicia> 0 0 0 0
<12915113> <locatedInHospital> <Galicia> 0 0 0 0
<1511173> <locatedInHospital> <Galicia> 0 0 0 0
<15700484> <locatedInHospital> <Galicia> 0 0 0 0
<15700574> <locatedInHospital> <Galicia> 0 0 0 0
<15709469> <locatedInHospital> <Galicia> 0 0 0 0
<15715015> <locatedInHospital> <Galicia> 0 0 0 0
<1509955> <locatedInHospital> <Galicia> 0 0 0 0
<15706037> <locatedInHospital> <Galicia> 0 0 0 0
<1504916> <locatedInHospital> <Galicia> 0 0 0 0
<12915111> <locatedInHospital> <Galicia> 0 0 0 0
<15706247> <locatedInHospital> <Galicia> 0 0 0 0
<1315804> <locatedInHospital> <Islas_Canarias> 0 0 0 0
<202406> <locatedInHospital> <Catalunya> 0 0 0 0
<204341> <locatedInHospital> <Catalunya> 0 0 0 0
<204567> <locatedInHospital> <Catalunya> 0 0 0 0
<205438> <locatedInHospital> <Catalunya> 0 0 0 0
<217113> <locatedInHospital> <Catalunya> 0 0 0 0
<2103421> <locatedInHospital> <Catalunya> 0 0 0 0
<1314606> <locatedInHospital> <Islas_Canarias> 0 0 0 0
<2816527> <locatedInHospital> <Andaluc%C3%83%C2%ADa> 0 0 0 0
<3000395> <locatedInHospital> <Catalunya> 0 0 0 0
<3000766> <locatedInHospital> <Catalunya> 0 0 0 0
<300469> <locatedInHospital> <Comunidad_Valenciana> 0 0 0 0
<300473> <locatedInHospital> <Comunidad_Valenciana> 0 0 0 0
<3012753> <locatedInHospital> <Catalunya> 0 0 0 0
<301365> <locatedInHospital> <Comunidad_Valenciana> 0 0 0 0
<3016531> <locatedInHospital> <Catalunya> 0 0 0 0
<301982> <locatedInHospital> <Comunidad_Valenciana> 0 0 0 0
<302039> <locatedInHospital> <Comunidad_Valenciana> 0 0 0 0
<303679> <locatedInHospital> <Comunidad_Valenciana> 0 0 0 0
<304975> <locatedInHospital> <Comunidad_Valenciana> 0 0 0 0
<305040> <locatedInHospital> <Comunidad_Valenciana> 0 0 0 0
<305306> <locatedInHospital> <Comunidad_Valenciana> 0 0 0 0
<306460> <locatedInHospital> <Comunidad_Valenciana> 0 0 0 0
<306958> <locatedInHospital> <Comunidad_Valenciana> 0 0 0 0
<307317> <locatedInHospital> <Comunidad_Valenciana> 0 0 0 0
<307598> <locatedInHospital> <Comunidad_Valenciana> 0 0 0 0
<308350> <locatedInHospital> <Comunidad_Valenciana> 0 0 0 0
<316787> <locatedInHospital> <Comunidad_Valenciana> 0 0 0 0
<317376> <locatedInHospital> <Comunidad_Valenciana> 0 0 0 0
<3307192> <locatedInHospital> <Andaluc%C3%83%C2%ADa> 0 0 0 0
<3317033> <locatedInHospital> <Andaluc%C3%83%C2%ADa> 0 0 0 0
<3508646> <locatedInHospital> <Comunidad_Valenciana> 0 0 0 0
<3509178> <locatedInHospital> <Comunidad_Valenciana> 0 0 0 0
<3510322> <locatedInHospital> <Comunidad_Valenciana> 0 0 0 0
<3511343> <locatedInHospital> <Comunidad_Valenciana> 0 0 0 0
<3703504> <locatedInHospital> <Castilla_Le%C3%83%C2%B3n> 0 0 0 0
<3707092> <locatedInHospital> <Castilla_Le%C3%83%C2%B3n> 0 0 0 0
<3712397> <locatedInHospital> <Castilla_Le%C3%83%C2%B3n> 0 0 0 0
<3802391> <locatedInHospital> <Comunidad_Valenciana> 0 0 0 0
<3803688> <locatedInHospital> <Comunidad_Valenciana> 0 0 0 0
<3812294> <locatedInHospital> <Comunidad_Valenciana> 0 0 0 0
<407750> <locatedInHospital> <Andaluc%C3%83%C2%ADa> 0 0 0 0
<409806> <locatedInHospital> <Andaluc%C3%83%C2%ADa> 0 0 0 0
<409880> <locatedInHospital> <Andaluc%C3%83%C2%ADa> 0 0 0 0
<410067> <locatedInHospital> <Andaluc%C3%83%C2%ADa> 0 0 0 0
<410230> <locatedInHospital> <Andaluc%C3%83%C2%ADa> 0 0 0 0
<410344> <locatedInHospital> <Andaluc%C3%83%C2%ADa> 0 0 0 0
<413291> <locatedInHospital> <Andaluc%C3%83%C2%ADa> 0 0 0 0
<413471> <locatedInHospital> <Andaluc%C3%83%C2%ADa> 0 0 0 0
<2306736> <locatedInHospital> <Comunidad_Valenciana> 0 0 0 0
<2311633> <locatedInHospital> <Comunidad_Valenciana> 0 0 0 0
<2402717> <locatedInHospital> <Islas_Baleares> 0 0 0 0
<2507360> <locatedInHospital> <Madrid> 0 0 0 0
<2806626> <locatedInHospital> <Andaluc%C3%83%C2%ADa> 0 0 0 0
<2810604> <locatedInHospital> <Andaluc%C3%83%C2%ADa> 0 0 0 0
<2815874> <locatedInHospital> <Andaluc%C3%83%C2%ADa> 0 0 0 0
<2903121> <locatedInHospital> <Pa%C3%83%C2%ADs_Vasco> 0 0 0 0
<2903753> <locatedInHospital> <Pa%C3%83%C2%ADs_Vasco> 0 0 0 0
<2904182> <locatedInHospital> <Pa%C3%83%C2%ADs_Vasco> 0 0 0 0
<300319> <locatedInHospital> <Comunidad_Valenciana> 0 0 0 0
<303854> <locatedInHospital> <Comunidad_Valenciana> 0 0 0 0
<306882> <locatedInHospital> <Comunidad_Valenciana> 0 0 0 0
<314429> <locatedInHospital> <Comunidad_Valenciana> 0 0 0 0
<3308097> <locatedInHospital> <Andaluc%C3%83%C2%ADa> 0 0 0 0
<3405337> <locatedInHospital> <Islas_Canarias> 0 0 0 0
<3414713> <locatedInHospital> <Islas_Canarias> 0 0 0 0
<2305081> <locatedInHospital> <Comunidad_Valenciana> 0 0 0 0
<2811573> <locatedInHospital> <Andaluc%C3%83%C2%ADa> 0 0 0 0
<2910826> <locatedInHospital> <Pa%C3%83%C2%ADs_Vasco> 0 0 0 0
<301381> <locatedInHospital> <Comunidad_Valenciana> 0 0 0 0
<303487> <locatedInHospital> <Comunidad_Valenciana> 0 0 0 0
<3404803> <locatedInHospital> <Islas_Canarias> 0 0 0 0
<3405536> <locatedInHospital> <Islas_Canarias> 0 0 0 0
<3510801> <locatedInHospital> <Comunidad_Valenciana> 0 0 0 0
<2805243> <locatedInHospital> <Andaluc%C3%83%C2%ADa> 0 0 0 0
<2812738> <locatedInHospital> <Andaluc%C3%83%C2%ADa> 0 0 0 0
<300337> <locatedInHospital> <Comunidad_Valenciana> 0 0 0 0
<3308120> <locatedInHospital> <Andaluc%C3%83%C2%ADa> 0 0 0 0
<3507484> <locatedInHospital> <Comunidad_Valenciana> 0 0 0 0
<2300041> <locatedInHospital> <Comunidad_Valenciana> 0 0 0 0
<2312913> <locatedInHospital> <Comunidad_Valenciana> 0 0 0 0
<2903738> <locatedInHospital> <Pa%C3%83%C2%ADs_Vasco> 0 0 0 0
<3011367> <locatedInHospital> <Catalunya> 0 0 0 0
<2300486> <locatedInHospital> <Comunidad_Valenciana> 0 0 0 0
<301441> <locatedInHospital> <Comunidad_Valenciana> 0 0 0 0
<409473> <locatedInHospital> <Andaluc%C3%83%C2%ADa> 0 0 0 0
<410381> <locatedInHospital> <Andaluc%C3%83%C2%ADa> 0 0 0 0
<407410> <locatedInHospital> <Andaluc%C3%83%C2%ADa> 0 0 0 0
<3016862> <locatedInHospital> <Catalunya> 0 0 0 0
<3507622> <locatedInHospital> <Comunidad_Valenciana> 0 0 0 0
<2815310> <locatedInHospital> <Andaluc%C3%83%C2%ADa> 0 0 0 0
<2917186> <locatedInHospital> <Pa%C3%83%C2%ADs_Vasco> 0 0 0 0
<3006779> <locatedInHospital> <Catalunya> 0 0 0 0
<3411414> <locatedInHospital> <Islas_Canarias> 0 0 0 0
<3414719> <locatedInHospital> <Islas_Canarias> 0 0 0 0
<3509943> <locatedInHospital> <Comunidad_Valenciana> 0 0 0 0
<3510594> <locatedInHospital> <Comunidad_Valenciana> 0 0 0 0
<413143> <locatedInHospital> <Andaluc%C3%83%C2%ADa> 0 0 0 0
<2803756> <locatedInHospital> <Andaluc%C3%83%C2%ADa> 0 0 0 0
<2810999> <locatedInHospital> <Andaluc%C3%83%C2%ADa> 0 0 0 0
<304811> <locatedInHospital> <Comunidad_Valenciana> 0 0 0 0
<3510061> <locatedInHospital> <Comunidad_Valenciana> 0 0 0 0
<3308087> <locatedInHospital> <Andaluc%C3%83%C2%ADa> 0 0 0 0
<2311054> <locatedInHospital> <Comunidad_Valenciana> 0 0 0 0
<2905700> <locatedInHospital> <Pa%C3%83%C2%ADs_Vasco> 0 0 0 0
<415983> <locatedInHospital> <Andaluc%C3%83%C2%ADa> 0 0 0 0
<416663> <locatedInHospital> <Andaluc%C3%83%C2%ADa> 0 0 0 0
<416956> <locatedInHospital> <Andaluc%C3%83%C2%ADa> 0 0 0 0
<417059> <locatedInHospital> <Andaluc%C3%83%C2%ADa> 0 0 0 0
<417206> <locatedInHospital> <Andaluc%C3%83%C2%ADa> 0 0 0 0
<417514> <locatedInHospital> <Andaluc%C3%83%C2%ADa> 0 0 0 0
<417590> <locatedInHospital> <Andaluc%C3%83%C2%ADa> 0 0 0 0
<4602329> <locatedInHospital> <Catalunya> 0 0 0 0
<4605035> <locatedInHospital> <Catalunya> 0 0 0 0
<4605310> <locatedInHospital> <Catalunya> 0 0 0 0
<4910758> <locatedInHospital> <Andaluc%C3%83%C2%ADa> 0 0 0 0
<4911020> <locatedInHospital> <Andaluc%C3%83%C2%ADa> 0 0 0 0
<501315> <locatedInHospital> <Madrid> 0 0 0 0
<501336> <locatedInHospital> <Madrid> 0 0 0 0
<503843> <locatedInHospital> <Madrid> 0 0 0 0
<508179> <locatedInHospital> <Madrid> 0 0 0 0
<4910626> <locatedInHospital> <Andaluc%C3%83%C2%ADa> 0 0 0 0
<415947> <locatedInHospital> <Andaluc%C3%83%C2%ADa> 0 0 0 0
<503181> <locatedInHospital> <Madrid> 0 0 0 0
<508274> <locatedInHospital> <Madrid> 0 0 0 0
<509048> <locatedInHospital> <Madrid> 0 0 0 0
<509071> <locatedInHospital> <Madrid> 0 0 0 0
<5103162> <locatedInHospital> <Castilla_Le%C3%83%C2%B3n> 0 0 0 0
<5103667> <locatedInHospital> <Castilla_Le%C3%83%C2%B3n> 0 0 0 0
<5104815> <locatedInHospital> <Castilla_Le%C3%83%C2%B3n> 0 0 0 0
<5106267> <locatedInHospital> <Castilla_Le%C3%83%C2%B3n> 0 0 0 0
<5115342> <locatedInHospital> <Castilla_Le%C3%83%C2%B3n> 0 0 0 0
<512423> <locatedInHospital> <Madrid> 0 0 0 0
<512947> <locatedInHospital> <Madrid> 0 0 0 0
<513739> <locatedInHospital> <Madrid> 0 0 0 0
<513776> <locatedInHospital> <Madrid> 0 0 0 0
<513959> <locatedInHospital> <Madrid> 0 0 0 0
<514455> <locatedInHospital> <Madrid> 0 0 0 0
<5301979> <locatedInHospital> <Andaluc%C3%83%C2%ADa> 0 0 0 0
<5304659> <locatedInHospital> <Andaluc%C3%83%C2%ADa> 0 0 0 0
<5103143> <locatedInHospital> <Castilla_Le%C3%83%C2%B3n> 0 0 0 0
<5110980> <locatedInHospital> <Castilla_Le%C3%83%C2%B3n> 0 0 0 0
<512614> <locatedInHospital> <Madrid> 0 0 0 0
<415186> <locatedInHospital> <Andaluc%C3%83%C2%ADa> 0 0 0 0
<416436> <locatedInHospital> <Andaluc%C3%83%C2%ADa> 0 0 0 0
<416939> <locatedInHospital> <Andaluc%C3%83%C2%ADa> 0 0 0 0
<507894> <locatedInHospital> <Madrid> 0 0 0 0
<508386> <locatedInHospital> <Madrid> 0 0 0 0
<508555> <locatedInHospital> <Madrid> 0 0 0 0
<4910833> <locatedInHospital> <Andaluc%C3%83%C2%ADa> 0 0 0 0
<503992> <locatedInHospital> <Madrid> 0 0 0 0
<507782> <locatedInHospital> <Madrid> 0 0 0 0
<508192> <locatedInHospital> <Madrid> 0 0 0 0
<508407> <locatedInHospital> <Madrid> 0 0 0 0
<503905> <locatedInHospital> <Madrid> 0 0 0 0
<510290> <locatedInHospital> <Madrid> 0 0 0 0
<5104169> <locatedInHospital> <Castilla_Le%C3%83%C2%B3n> 0 0 0 0
<5106179> <locatedInHospital> <Castilla_Le%C3%83%C2%B3n> 0 0 0 0
<5106403> <locatedInHospital> <Castilla_Le%C3%83%C2%B3n> 0 0 0 0
<5106522> <locatedInHospital> <Castilla_Le%C3%83%C2%B3n> 0 0 0 0
<5109589> <locatedInHospital> <Castilla_Le%C3%83%C2%B3n> 0 0 0 0
<508271> <locatedInHospital> <Madrid> 0 0 0 0
<416961> <locatedInHospital> <Andaluc%C3%83%C2%ADa> 0 0 0 0
<501275> <locatedInHospital> <Madrid> 0 0 0 0
<416483> <locatedInHospital> <Andaluc%C3%83%C2%ADa> 0 0 0 0
<504130> <locatedInHospital> <Madrid> 0 0 0 0
<5103461> <locatedInHospital> <Castilla_Le%C3%83%C2%B3n> 0 0 0 0
<5105383> <locatedInHospital> <Castilla_Le%C3%83%C2%B3n> 0 0 0 0
<5106782> <locatedInHospital> <Castilla_Le%C3%83%C2%B3n> 0 0 0 0
<5104014> <locatedInHospital> <Castilla_Le%C3%83%C2%B3n> 0 0 0 0
<4910665> <locatedInHospital> <Andaluc%C3%83%C2%ADa> 0 0 0 0
<508487> <locatedInHospital> <Madrid> 0 0 0 0
<507482> <locatedInHospital> <Madrid> 0 0 0 0
<4910511> <locatedInHospital> <Andaluc%C3%83%C2%ADa> 0 0 0 0
<415941> <locatedInHospital> <Andaluc%C3%83%C2%ADa> 0 0 0 0
<416854> <locatedInHospital> <Andaluc%C3%83%C2%ADa> 0 0 0 0
<5115126> <locatedInHospital> <Castilla_Le%C3%83%C2%B3n> 0 0 0 0
<502993> <locatedInHospital> <Madrid> 0 0 0 0
<5107138> <locatedInHospital> <Castilla_Le%C3%83%C2%B3n> 0 0 0 0
<416501> <locatedInHospital> <Andaluc%C3%83%C2%ADa> 0 0 0 0
<416706> <locatedInHospital> <Andaluc%C3%83%C2%ADa> 0 0 0 0
<507890> <locatedInHospital> <Madrid> 0 0 0 0
<508445> <locatedInHospital> <Madrid> 0 0 0 0
<4201558> <locatedInHospital> <Madrid> 0 0 0 0
<4911039> <locatedInHospital> <Andaluc%C3%83%C2%ADa> 0 0 0 0
<501259> <locatedInHospital> <Madrid> 0 0 0 0
<508454> <locatedInHospital> <Madrid> 0 0 0 0
<508519> <locatedInHospital> <Madrid> 0 0 0 0
<501337> <locatedInHospital> <Madrid> 0 0 0 0
<5104168> <locatedInHospital> <Castilla_Le%C3%83%C2%B3n> 0 0 0 0
<415912> <locatedInHospital> <Andaluc%C3%83%C2%ADa> 0 0 0 0
<513295> <locatedInHospital> <Madrid> 0 0 0 0
<5313141> <locatedInHospital> <Andaluc%C3%83%C2%ADa> 0 0 0 0
<4910853> <locatedInHospital> <Andaluc%C3%83%C2%ADa> 0 0 0 0
<504136> <locatedInHospital> <Madrid> 0 0 0 0
<508026> <locatedInHospital> <Madrid> 0 0 0 0
<417572> <locatedInHospital> <Andaluc%C3%83%C2%ADa> 0 0 0 0
<5114977> <locatedInHospital> <Castilla_Le%C3%83%C2%B3n> 0 0 0 0
<4910576> <locatedInHospital> <Andaluc%C3%83%C2%ADa> 0 0 0 0
<501345> <locatedInHospital> <Madrid> 0 0 0 0
<507792> <locatedInHospital> <Madrid> 0 0 0 0
<513908> <locatedInHospital> <Madrid> 0 0 0 0
<415129> <locatedInHospital> <Andaluc%C3%83%C2%ADa> 0 0 0 0
<508393> <locatedInHospital> <Madrid> 0 0 0 0
<508176> <locatedInHospital> <Madrid> 0 0 0 0
<5104727> <locatedInHospital> <Castilla_Le%C3%83%C2%B3n> 0 0 0 0
<513649> <locatedInHospital> <Madrid> 0 0 0 0
<417457> <locatedInHospital> <Andaluc%C3%83%C2%ADa> 0 0 0 0
<417242> <locatedInHospital> <Andaluc%C3%83%C2%ADa> 0 0 0 0
<5316354> <locatedInHospital> <Andaluc%C3%83%C2%ADa> 0 0 0 0
<6301521> <locatedInHospital> <Castilla_Le%C3%83%C2%B3n> 0 0 0 0
<6304786> <locatedInHospital> <Castilla_Le%C3%83%C2%B3n> 0 0 0 0
<6305104> <locatedInHospital> <Castilla_Le%C3%83%C2%B3n> 0 0 0 0
<6316008> <locatedInHospital> <Castilla_Le%C3%83%C2%B3n> 0 0 0 0
<6316832> <locatedInHospital> <Castilla_Le%C3%83%C2%B3n> 0 0 0 0
<6317221> <locatedInHospital> <Castilla_Le%C3%83%C2%B3n> 0 0 0 0
<6400647> <locatedInHospital> <Castilla_la_Mancha> 0 0 0 0
<701836> <locatedInHospital> <Madrid> 0 0 0 0
<5315355> <locatedInHospital> <Andaluc%C3%83%C2%ADa> 0 0 0 0
<5315519> <locatedInHospital> <Andaluc%C3%83%C2%ADa> 0 0 0 0
<6313224> <locatedInHospital> <Castilla_Le%C3%83%C2%B3n> 0 0 0 0
<5313049> <locatedInHospital> <Andaluc%C3%83%C2%ADa> 0 0 0 0
<5315854> <locatedInHospital> <Andaluc%C3%83%C2%ADa> 0 0 0 0
<5103865> <locatedInHospital> <Castilla_Le%C3%83%C2%B3n> 0 0 0 0
<5316598> <locatedInHospital> <Andaluc%C3%83%C2%ADa> 0 0 0 0
<6304709> <locatedInHospital> <Castilla_Le%C3%83%C2%B3n> 0 0 0 0
<6311976> <locatedInHospital> <Castilla_Le%C3%83%C2%B3n> 0 0 0 0
<6315265> <locatedInHospital> <Castilla_Le%C3%83%C2%B3n> 0 0 0 0
<6317010> <locatedInHospital> <Castilla_Le%C3%83%C2%B3n> 0 0 0 0
<702289> <locatedInHospital> <Madrid> 0 0 0 0
<5314297> <locatedInHospital> <Andaluc%C3%83%C2%ADa> 0 0 0 0
<5504863> <locatedInHospital> <Islas_Canarias> 0 0 0 0
<6311509> <locatedInHospital> <Castilla_Le%C3%83%C2%B3n> 0 0 0 0
<6312757> <locatedInHospital> <Castilla_Le%C3%83%C2%B3n> 0 0 0 0
<6316131> <locatedInHospital> <Castilla_Le%C3%83%C2%B3n> 0 0 0 0
<5106353> <locatedInHospital> <Castilla_Le%C3%83%C2%B3n> 0 0 0 0
<5314497> <locatedInHospital> <Andaluc%C3%83%C2%ADa> 0 0 0 0
<514072> <locatedInHospital> <Madrid> 0 0 0 0
<5312321> <locatedInHospital> <Andaluc%C3%83%C2%ADa> 0 0 0 0
<701736> <locatedInHospital> <Madrid> 0 0 0 0
<513523> <locatedInHospital> <Madrid> 0 0 0 0
<6312736> <locatedInHospital> <Castilla_Le%C3%83%C2%B3n> 0 0 0 0
<5315116> <locatedInHospital> <Andaluc%C3%83%C2%ADa> 0 0 0 0
<6316313> <locatedInHospital> <Castilla_Le%C3%83%C2%B3n> 0 0 0 0
<5309370> <locatedInHospital> <Andaluc%C3%83%C2%ADa> 0 0 0 0
<6315999> <locatedInHospital> <Castilla_Le%C3%83%C2%B3n> 0 0 0 0
<509039> <locatedInHospital> <Madrid> 0 0 0 0
<5106243> <locatedInHospital> <Castilla_Le%C3%83%C2%B3n> 0 0 0 0
<5503981> <locatedInHospital> <Islas_Canarias> 0 0 0 0
<5310685> <locatedInHospital> <Andaluc%C3%83%C2%ADa> 0 0 0 0
<514188> <locatedInHospital> <Madrid> 0 0 0 0
<6304754> <locatedInHospital> <Castilla_Le%C3%83%C2%B3n> 0 0 0 0
<5506194> <locatedInHospital> <Islas_Canarias> 0 0 0 0
<702526> <locatedInHospital> <Madrid> 0 0 0 0
<3507620> <locatedInHospital> <Comunidad_Valenciana> 0 0 0 0
<415189> <locatedInHospital> <Andaluc%C3%83%C2%ADa> 0 0 0 0
<508433> <locatedInHospital> <Madrid> 0 0 0 0
<12913813> <locatedInHospital> <Galicia> 0 0 0 0
<12913966> <locatedInHospital> <Galicia> 0 0 0 0
<12914286> <locatedInHospital> <Galicia> 0 0 0 0
<12914854> <locatedInHospital> <Galicia> 0 0 0 0
<12915269> <locatedInHospital> <Galicia> 0 0 0 0
<12915496> <locatedInHospital> <Galicia> 0 0 0 0
<11405900> <locatedInHospital> <Murcia> 0 0 0 0
<11405994> <locatedInHospital> <Murcia> 0 0 0 0
<11405736> <locatedInHospital> <Murcia> 0 0 0 0
<15701719> <locatedInHospital> <Galicia> 0 0 0 0
<15707816> <locatedInHospital> <Galicia> 0 0 0 0
<15707817> <locatedInHospital> <Galicia> 0 0 0 0
<1509555> <locatedInHospital> <Galicia> 0 0 0 0
<15700171> <locatedInHospital> <Galicia> 0 0 0 0
<6901057> <locatedInHospital> <Galicia> 0 0 0 0
<416067> <locatedInHospital> <Andaluc%C3%83%C2%ADa> 0 0 0 0
<416569> <locatedInHospital> <Andaluc%C3%83%C2%ADa> 0 0 0 0
<417277> <locatedInHospital> <Andaluc%C3%83%C2%ADa> 0 0 0 0
<417499> <locatedInHospital> <Andaluc%C3%83%C2%ADa> 0 0 0 0
<416070> <locatedInHospital> <Andaluc%C3%83%C2%ADa> 0 0 0 0
<416749> <locatedInHospital> <Andaluc%C3%83%C2%ADa> 0 0 0 0
<4910829> <locatedInHospital> <Andaluc%C3%83%C2%ADa> 0 0 0 0
<501256> <locatedInHospital> <Madrid> 0 0 0 0
<503936> <locatedInHospital> <Madrid> 0 0 0 0
<507781> <locatedInHospital> <Madrid> 0 0 0 0
<507885> <locatedInHospital> <Madrid> 0 0 0 0
<507910> <locatedInHospital> <Madrid> 0 0 0 0
<508270> <locatedInHospital> <Madrid> 0 0 0 0
<508495> <locatedInHospital> <Madrid> 0 0 0 0
<4605634> <locatedInHospital> <Catalunya> 0 0 0 0
<508244> <locatedInHospital> <Madrid> 0 0 0 0
<508827> <locatedInHospital> <Madrid> 0 0 0 0
<507261> <locatedInHospital> <Madrid> 0 0 0 0
<509060> <locatedInHospital> <Madrid> 0 0 0 0
<509066> <locatedInHospital> <Madrid> 0 0 0 0
<5102738> <locatedInHospital> <Castilla_Le%C3%83%C2%B3n> 0 0 0 0
<5103616> <locatedInHospital> <Castilla_Le%C3%83%C2%B3n> 0 0 0 0
<5106449> <locatedInHospital> <Castilla_Le%C3%83%C2%B3n> 0 0 0 0
<5107046> <locatedInHospital> <Castilla_Le%C3%83%C2%B3n> 0 0 0 0
<5107706> <locatedInHospital> <Castilla_Le%C3%83%C2%B3n> 0 0 0 0
<5115483> <locatedInHospital> <Castilla_Le%C3%83%C2%B3n> 0 0 0 0
<513538> <locatedInHospital> <Madrid> 0 0 0 0
<513729> <locatedInHospital> <Madrid> 0 0 0 0
<513834> <locatedInHospital> <Madrid> 0 0 0 0
<514113> <locatedInHospital> <Madrid> 0 0 0 0
<514127> <locatedInHospital> <Madrid> 0 0 0 0
<514136> <locatedInHospital> <Madrid> 0 0 0 0
<516919> <locatedInHospital> <Madrid> 0 0 0 0
<5104271> <locatedInHospital> <Castilla_Le%C3%83%C2%B3n> 0 0 0 0
<515722> <locatedInHospital> <Madrid> 0 0 0 0
<5106468> <locatedInHospital> <Castilla_Le%C3%83%C2%B3n> 0 0 0 0
<5315386> <locatedInHospital> <Andaluc%C3%83%C2%ADa> 0 0 0 0
<5315672> <locatedInHospital> <Andaluc%C3%83%C2%ADa> 0 0 0 0
<5504662> <locatedInHospital> <Islas_Canarias> 0 0 0 0
<4910965> <locatedInHospital> <Andaluc%C3%83%C2%ADa> 0 0 0 0
<4911118> <locatedInHospital> <Andaluc%C3%83%C2%ADa> 0 0 0 0
<416530> <locatedInHospital> <Andaluc%C3%83%C2%ADa> 0 0 0 0
<503353> <locatedInHospital> <Madrid> 0 0 0 0
<4600823> <locatedInHospital> <Catalunya> 0 0 0 0
<5106520> <locatedInHospital> <Castilla_Le%C3%83%C2%B3n> 0 0 0 0
<5109121> <locatedInHospital> <Castilla_Le%C3%83%C2%B3n> 0 0 0 0
<513558> <locatedInHospital> <Madrid> 0 0 0 0
<516731> <locatedInHospital> <Madrid> 0 0 0 0
<513251> <locatedInHospital> <Madrid> 0 0 0 0
<513868> <locatedInHospital> <Madrid> 0 0 0 0
<513152> <locatedInHospital> <Madrid> 0 0 0 0
<514092> <locatedInHospital> <Madrid> 0 0 0 0
<513899> <locatedInHospital> <Madrid> 0 0 0 0
<417194> <locatedInHospital> <Andaluc%C3%83%C2%ADa> 0 0 0 0
<4603821> <locatedInHospital> <Catalunya> 0 0 0 0
<415914> <locatedInHospital> <Andaluc%C3%83%C2%ADa> 0 0 0 0
<4910624> <locatedInHospital> <Andaluc%C3%83%C2%ADa> 0 0 0 0
<509303> <locatedInHospital> <Madrid> 0 0 0 0
<513229> <locatedInHospital> <Madrid> 0 0 0 0
<5114583> <locatedInHospital> <Castilla_Le%C3%83%C2%B3n> 0 0 0 0
<4604549> <locatedInHospital> <Catalunya> 0 0 0 0
<507732> <locatedInHospital> <Madrid> 0 0 0 0
<5106738> <locatedInHospital> <Castilla_Le%C3%83%C2%B3n> 0 0 0 0
<5109292> <locatedInHospital> <Castilla_Le%C3%83%C2%B3n> 0 0 0 0
<515378> <locatedInHospital> <Madrid> 0 0 0 0
<514306> <locatedInHospital> <Madrid> 0 0 0 0
<509065> <locatedInHospital> <Madrid> 0 0 0 0
<5315153> <locatedInHospital> <Andaluc%C3%83%C2%ADa> 0 0 0 0
<4910977> <locatedInHospital> <Andaluc%C3%83%C2%ADa> 0 0 0 0
<508258> <locatedInHospital> <Madrid> 0 0 0 0
<501262> <locatedInHospital> <Madrid> 0 0 0 0
<510289> <locatedInHospital> <Madrid> 0 0 0 0
<5503698> <locatedInHospital> <Islas_Canarias> 0 0 0 0
<513662> <locatedInHospital> <Madrid> 0 0 0 0
<4911133> <locatedInHospital> <Andaluc%C3%83%C2%ADa> 0 0 0 0
<514120> <locatedInHospital> <Madrid> 0 0 0 0
<512505> <locatedInHospital> <Madrid> 0 0 0 0
<4601109> <locatedInHospital> <Catalunya> 0 0 0 0
<4910803> <locatedInHospital> <Andaluc%C3%83%C2%ADa> 0 0 0 0
<5103145> <locatedInHospital> <Castilla_Le%C3%83%C2%B3n> 0 0 0 0
<5104775> <locatedInHospital> <Castilla_Le%C3%83%C2%B3n> 0 0 0 0
<5114030> <locatedInHospital> <Castilla_Le%C3%83%C2%B3n> 0 0 0 0
<5112442> <locatedInHospital> <Castilla_Le%C3%83%C2%B3n> 0 0 0 0
<4911142> <locatedInHospital> <Andaluc%C3%83%C2%ADa> 0 0 0 0
<4911027> <locatedInHospital> <Andaluc%C3%83%C2%ADa> 0 0 0 0
<501399> <locatedInHospital> <Madrid> 0 0 0 0
<513365> <locatedInHospital> <Madrid> 0 0 0 0
<417398> <locatedInHospital> <Andaluc%C3%83%C2%ADa> 0 0 0 0
<507898> <locatedInHospital> <Madrid> 0 0 0 0
<512782> <locatedInHospital> <Madrid> 0 0 0 0
<508229> <locatedInHospital> <Madrid> 0 0 0 0
<515383> <locatedInHospital> <Madrid> 0 0 0 0
<505698> <locatedInHospital> <Madrid> 0 0 0 0
<503930> <locatedInHospital> <Madrid> 0 0 0 0
<514126> <locatedInHospital> <Madrid> 0 0 0 0
<509016> <locatedInHospital> <Madrid> 0 0 0 0
<4911019> <locatedInHospital> <Andaluc%C3%83%C2%ADa> 0 0 0 0
<4911223> <locatedInHospital> <Andaluc%C3%83%C2%ADa> 0 0 0 0
<512619> <locatedInHospital> <Madrid> 0 0 0 0
<513566> <locatedInHospital> <Madrid> 0 0 0 0
<6311644> <locatedInHospital> <Castilla_Le%C3%83%C2%B3n> 0 0 0 0
<6312678> <locatedInHospital> <Castilla_Le%C3%83%C2%B3n> 0 0 0 0
<6313588> <locatedInHospital> <Castilla_Le%C3%83%C2%B3n> 0 0 0 0
<6315950> <locatedInHospital> <Castilla_Le%C3%83%C2%B3n> 0 0 0 0
<6316509> <locatedInHospital> <Castilla_Le%C3%83%C2%B3n> 0 0 0 0
<5314458> <locatedInHospital> <Andaluc%C3%83%C2%ADa> 0 0 0 0
<5315611> <locatedInHospital> <Andaluc%C3%83%C2%ADa> 0 0 0 0
<6301524> <locatedInHospital> <Castilla_Le%C3%83%C2%B3n> 0 0 0 0
<5317288> <locatedInHospital> <Andaluc%C3%83%C2%ADa> 0 0 0 0
<6303486> <locatedInHospital> <Castilla_Le%C3%83%C2%B3n> 0 0 0 0
<703772> <locatedInHospital> <Madrid> 0 0 0 0
<6300614> <locatedInHospital> <Castilla_Le%C3%83%C2%B3n> 0 0 0 0
<6315840> <locatedInHospital> <Castilla_Le%C3%83%C2%B3n> 0 0 0 0
<703387> <locatedInHospital> <Madrid> 0 0 0 0
<5517188> <locatedInHospital> <Islas_Canarias> 0 0 0 0
<6312064> <locatedInHospital> <Castilla_Le%C3%83%C2%B3n> 0 0 0 0
<6312716> <locatedInHospital> <Castilla_Le%C3%83%C2%B3n> 0 0 0 0
<5501899> <locatedInHospital> <Islas_Canarias> 0 0 0 0
<5316484> <locatedInHospital> <Andaluc%C3%83%C2%ADa> 0 0 0 0
<6315351> <locatedInHospital> <Castilla_Le%C3%83%C2%B3n> 0 0 0 0
<5103444> <locatedInHospital> <Castilla_Le%C3%83%C2%B3n> 0 0 0 0
<5314529> <locatedInHospital> <Andaluc%C3%83%C2%ADa> 0 0 0 0
<5316046> <locatedInHospital> <Andaluc%C3%83%C2%ADa> 0 0 0 0
<6316807> <locatedInHospital> <Castilla_Le%C3%83%C2%B3n> 0 0 0 0
<5315597> <locatedInHospital> <Andaluc%C3%83%C2%ADa> 0 0 0 0
<704265> <locatedInHospital> <Madrid> 0 0 0 0
<5310852> <locatedInHospital> <Andaluc%C3%83%C2%ADa> 0 0 0 0
<5314966> <locatedInHospital> <Andaluc%C3%83%C2%ADa> 0 0 0 0
<6605752> <locatedInHospital> <Navarra> 0 0 0 0
<5315156> <locatedInHospital> <Andaluc%C3%83%C2%ADa> 0 0 0 0
<6315866> <locatedInHospital> <Castilla_Le%C3%83%C2%B3n> 0 0 0 0
<5313896> <locatedInHospital> <Andaluc%C3%83%C2%ADa> 0 0 0 0
<5503276> <locatedInHospital> <Islas_Canarias> 0 0 0 0
<5315399> <locatedInHospital> <Andaluc%C3%83%C2%ADa> 0 0 0 0
<6900407> <locatedInHospital> <Galicia> 0 0 0 0
<101546> <locatedInHospital> <Comunidad_Valenciana> 0 0 0 0
<101793> <locatedInHospital> <Comunidad_Valenciana> 0 0 0 0
<101834> <locatedInHospital> <Comunidad_Valenciana> 0 0 0 0
<102362> <locatedInHospital> <Comunidad_Valenciana> 0 0 0 0
<10607055> <locatedInHospital> <Madrid> 0 0 0 0
<10802685> <locatedInHospital> <Catalunya> 0 0 0 0
<10810457> <locatedInHospital> <Catalunya> 0 0 0 0
<108201> <locatedInHospital> <Comunidad_Valenciana> 0 0 0 0
<109625> <locatedInHospital> <Comunidad_Valenciana> 0 0 0 0
<110689> <locatedInHospital> <Comunidad_Valenciana> 0 0 0 0
<111288> <locatedInHospital> <Comunidad_Valenciana> 0 0 0 0
<111991> <locatedInHospital> <Comunidad_Valenciana> 0 0 0 0
<112281> <locatedInHospital> <Comunidad_Valenciana> 0 0 0 0
<112878> <locatedInHospital> <Comunidad_Valenciana> 0 0 0 0
<715075> <locatedInHospital> <Madrid> 0 0 0 0
<900423> <locatedInHospital> <Madrid> 0 0 0 0
<901145> <locatedInHospital> <Madrid> 0 0 0 0
<906868> <locatedInHospital> <Madrid> 0 0 0 0
<9408252> <locatedInHospital> <Navarra> 0 0 0 0
<9905862> <locatedInHospital> <Comunidad_Valenciana> 0 0 0 0
<9913146> <locatedInHospital> <Comunidad_Valenciana> 0 0 0 0
<9703842> <locatedInHospital> <Castilla_la_Mancha> 0 0 0 0
<9703887> <locatedInHospital> <Castilla_la_Mancha> 0 0 0 0
<9705415> <locatedInHospital> <Castilla_la_Mancha> 0 0 0 0
<9710761> <locatedInHospital> <Castilla_la_Mancha> 0 0 0 0
<9711309> <locatedInHospital> <Castilla_la_Mancha> 0 0 0 0
<9711691> <locatedInHospital> <Castilla_la_Mancha> 0 0 0 0
<9702991> <locatedInHospital> <Castilla_la_Mancha> 0 0 0 0
<11313436> <locatedInHospital> <Extremadura> 0 0 0 0
<1200820> <locatedInHospital> <Comunidad_Valenciana> 0 0 0 0
<1202148> <locatedInHospital> <Comunidad_Valenciana> 0 0 0 0
<1214018> <locatedInHospital> <Comunidad_Valenciana> 0 0 0 0
<1214790> <locatedInHospital> <Comunidad_Valenciana> 0 0 0 0
<101785> <locatedInHospital> <Comunidad_Valenciana> 0 0 0 0
<10601121> <locatedInHospital> <Madrid> 0 0 0 0
<110137> <locatedInHospital> <Comunidad_Valenciana> 0 0 0 0
<715160> <locatedInHospital> <Madrid> 0 0 0 0
<7404248> <locatedInHospital> <Islas_Canarias> 0 0 0 0
<9414250> <locatedInHospital> <Navarra> 0 0 0 0
<9911655> <locatedInHospital> <Comunidad_Valenciana> 0 0 0 0
<9705165> <locatedInHospital> <Castilla_la_Mancha> 0 0 0 0
<11313473> <locatedInHospital> <Extremadura> 0 0 0 0
<11911405> <locatedInHospital> <Castilla_la_Mancha> 0 0 0 0
<1200110> <locatedInHospital> <Comunidad_Valenciana> 0 0 0 0
<1201095> <locatedInHospital> <Comunidad_Valenciana> 0 0 0 0
<10600641> <locatedInHospital> <Madrid> 0 0 0 0
<10615281> <locatedInHospital> <Madrid> 0 0 0 0
<909618> <locatedInHospital> <Madrid> 0 0 0 0
<1009256> <locatedInHospital> <Catalunya> 0 0 0 0
<1200111> <locatedInHospital> <Comunidad_Valenciana> 0 0 0 0
<1214098> <locatedInHospital> <Comunidad_Valenciana> 0 0 0 0
<1214938> <locatedInHospital> <Comunidad_Valenciana> 0 0 0 0
<101739> <locatedInHospital> <Comunidad_Valenciana> 0 0 0 0
<10612109> <locatedInHospital> <Madrid> 0 0 0 0
<112098> <locatedInHospital> <Comunidad_Valenciana> 0 0 0 0
<112181> <locatedInHospital> <Comunidad_Valenciana> 0 0 0 0
<906997> <locatedInHospital> <Madrid> 0 0 0 0
<9712192> <locatedInHospital> <Castilla_la_Mancha> 0 0 0 0
<10612152> <locatedInHospital> <Madrid> 0 0 0 0
<10612975> <locatedInHospital> <Madrid> 0 0 0 0
<110072> <locatedInHospital> <Comunidad_Valenciana> 0 0 0 0
<707755> <locatedInHospital> <Madrid> 0 0 0 0
<711010> <locatedInHospital> <Madrid> 0 0 0 0
<909719> <locatedInHospital> <Madrid> 0 0 0 0
<9909443> <locatedInHospital> <Comunidad_Valenciana> 0 0 0 0
<9415559> <locatedInHospital> <Navarra> 0 0 0 0
<10606140> <locatedInHospital> <Madrid> 0 0 0 0
<906954> <locatedInHospital> <Madrid> 0 0 0 0
<109255> <locatedInHospital> <Comunidad_Valenciana> 0 0 0 0
<1216076> <locatedInHospital> <Comunidad_Valenciana> 0 0 0 0
<1216618> <locatedInHospital> <Comunidad_Valenciana> 0 0 0 0
<1300781> <locatedInHospital> <Islas_Canarias> 0 0 0 0
<1302023> <locatedInHospital> <Islas_Canarias> 0 0 0 0
<1302061> <locatedInHospital> <Islas_Canarias> 0 0 0 0
<1305600> <locatedInHospital> <Islas_Canarias> 0 0 0 0
<1306139> <locatedInHospital> <Islas_Canarias> 0 0 0 0
<1306350> <locatedInHospital> <Islas_Canarias> 0 0 0 0
<1306500> <locatedInHospital> <Islas_Canarias> 0 0 0 0
<1306592> <locatedInHospital> <Islas_Canarias> 0 0 0 0
<1306828> <locatedInHospital> <Islas_Canarias> 0 0 0 0
<1312826> <locatedInHospital> <Islas_Canarias> 0 0 0 0
<1313337> <locatedInHospital> <Islas_Canarias> 0 0 0 0
<1313629> <locatedInHospital> <Islas_Canarias> 0 0 0 0
<1313630> <locatedInHospital> <Islas_Canarias> 0 0 0 0
<1314611> <locatedInHospital> <Islas_Canarias> 0 0 0 0
<1314720> <locatedInHospital> <Islas_Canarias> 0 0 0 0
<1314728> <locatedInHospital> <Islas_Canarias> 0 0 0 0
<1315103> <locatedInHospital> <Islas_Canarias> 0 0 0 0
<1315254> <locatedInHospital> <Islas_Canarias> 0 0 0 0
<1315432> <locatedInHospital> <Islas_Canarias> 0 0 0 0
<1315532> <locatedInHospital> <Islas_Canarias> 0 0 0 0
<14505952> <locatedInHospital> <Madrid> 0 0 0 0
<14705930> <locatedInHospital> <Madrid> 0 0 0 0
<201665> <locatedInHospital> <Catalunya> 0 0 0 0
<202223> <locatedInHospital> <Catalunya> 0 0 0 0
<202681> <locatedInHospital> <Catalunya> 0 0 0 0
<203598> <locatedInHospital> <Catalunya> 0 0 0 0
<204303> <locatedInHospital> <Catalunya> 0 0 0 0
<206195> <locatedInHospital> <Catalunya> 0 0 0 0
<207621> <locatedInHospital> <Catalunya> 0 0 0 0
<208110> <locatedInHospital> <Catalunya> 0 0 0 0
<208579> <locatedInHospital> <Catalunya> 0 0 0 0
<208710> <locatedInHospital> <Catalunya> 0 0 0 0
<208872> <locatedInHospital> <Catalunya> 0 0 0 0
<210081> <locatedInHospital> <Catalunya> 0 0 0 0
<2101070> <locatedInHospital> <Catalunya> 0 0 0 0
<210138> <locatedInHospital> <Catalunya> 0 0 0 0
<2107763> <locatedInHospital> <Catalunya> 0 0 0 0
<2109338> <locatedInHospital> <Catalunya> 0 0 0 0
<211126> <locatedInHospital> <Catalunya> 0 0 0 0
<2114407> <locatedInHospital> <Catalunya> 0 0 0 0
<212844> <locatedInHospital> <Catalunya> 0 0 0 0
<212954> <locatedInHospital> <Catalunya> 0 0 0 0
<213448> <locatedInHospital> <Catalunya> 0 0 0 0
<215255> <locatedInHospital> <Catalunya> 0 0 0 0
<1305462> <locatedInHospital> <Islas_Canarias> 0 0 0 0
<1306034> <locatedInHospital> <Islas_Canarias> 0 0 0 0
<1310447> <locatedInHospital> <Islas_Canarias> 0 0 0 0
<1312789> <locatedInHospital> <Islas_Canarias> 0 0 0 0
<1314217> <locatedInHospital> <Islas_Canarias> 0 0 0 0
<1314709> <locatedInHospital> <Islas_Canarias> 0 0 0 0
<1316104> <locatedInHospital> <Islas_Canarias> 0 0 0 0
<1316972> <locatedInHospital> <Islas_Canarias> 0 0 0 0
<204405> <locatedInHospital> <Catalunya> 0 0 0 0
<204538> <locatedInHospital> <Catalunya> 0 0 0 0
<2102393> <locatedInHospital> <Catalunya> 0 0 0 0
<2105325> <locatedInHospital> <Catalunya> 0 0 0 0
<211466> <locatedInHospital> <Catalunya> 0 0 0 0
<1300942> <locatedInHospital> <Islas_Canarias> 0 0 0 0
<1303362> <locatedInHospital> <Islas_Canarias> 0 0 0 0
<1315330> <locatedInHospital> <Islas_Canarias> 0 0 0 0
<1316064> <locatedInHospital> <Islas_Canarias> 0 0 0 0
<202447> <locatedInHospital> <Catalunya> 0 0 0 0
<207936> <locatedInHospital> <Catalunya> 0 0 0 0
<209328> <locatedInHospital> <Catalunya> 0 0 0 0
<208301> <locatedInHospital> <Catalunya> 0 0 0 0
<2100838> <locatedInHospital> <Catalunya> 0 0 0 0
<2103469> <locatedInHospital> <Catalunya> 0 0 0 0
<906817> <locatedInHospital> <Madrid> 0 0 0 0
<1310179> <locatedInHospital> <Islas_Canarias> 0 0 0 0
<1306683> <locatedInHospital> <Islas_Canarias> 0 0 0 0
<14505938> <locatedInHospital> <Madrid> 0 0 0 0
<203389> <locatedInHospital> <Catalunya> 0 0 0 0
<901402> <locatedInHospital> <Madrid> 0 0 0 0
<11312885> <locatedInHospital> <Extremadura> 0 0 0 0
<1202408> <locatedInHospital> <Comunidad_Valenciana> 0 0 0 0
<1314950> <locatedInHospital> <Islas_Canarias> 0 0 0 0
<1306575> <locatedInHospital> <Islas_Canarias> 0 0 0 0
<1306712> <locatedInHospital> <Islas_Canarias> 0 0 0 0
<12914470> <locatedInHospital> <Galicia> 0 0 0 0
<12914841> <locatedInHospital> <Galicia> 0 0 0 0
<1501200> <locatedInHospital> <Galicia> 0 0 0 0
<1504845> <locatedInHospital> <Galicia> 0 0 0 0
<1506629> <locatedInHospital> <Galicia> 0 0 0 0
<1507242> <locatedInHospital> <Galicia> 0 0 0 0
<1509313> <locatedInHospital> <Galicia> 0 0 0 0
<1509533> <locatedInHospital> <Galicia> 0 0 0 0
<1511184> <locatedInHospital> <Galicia> 0 0 0 0
<1513046> <locatedInHospital> <Galicia> 0 0 0 0
<15700159> <locatedInHospital> <Galicia> 0 0 0 0
<15700201> <locatedInHospital> <Galicia> 0 0 0 0
<15700354> <locatedInHospital> <Galicia> 0 0 0 0
<15706418> <locatedInHospital> <Galicia> 0 0 0 0
<15709788> <locatedInHospital> <Galicia> 0 0 0 0
<15714586> <locatedInHospital> <Galicia> 0 0 0 0
<15714620> <locatedInHospital> <Galicia> 0 0 0 0
<15715011> <locatedInHospital> <Galicia> 0 0 0 0
<1500991> <locatedInHospital> <Galicia> 0 0 0 0
<1511162> <locatedInHospital> <Galicia> 0 0 0 0
<1516768> <locatedInHospital> <Galicia> 0 0 0 0
<1516826> <locatedInHospital> <Galicia> 0 0 0 0
<15701648> <locatedInHospital> <Galicia> 0 0 0 0
<15709785> <locatedInHospital> <Galicia> 0 0 0 0
<12914472> <locatedInHospital> <Galicia> 0 0 0 0
<1507379> <locatedInHospital> <Galicia> 0 0 0 0
<15701748> <locatedInHospital> <Galicia> 0 0 0 0
<1508114> <locatedInHospital> <Galicia> 0 0 0 0
<1515335> <locatedInHospital> <Galicia> 0 0 0 0
<1306210> <locatedInHospital> <Islas_Canarias> 0 0 0 0
<1306864> <locatedInHospital> <Islas_Canarias> 0 0 0 0
<1311480> <locatedInHospital> <Islas_Canarias> 0 0 0 0
<1315079> <locatedInHospital> <Islas_Canarias> 0 0 0 0
<202607> <locatedInHospital> <Catalunya> 0 0 0 0
<1302446> <locatedInHospital> <Islas_Canarias> 0 0 0 0
<1314956> <locatedInHospital> <Islas_Canarias> 0 0 0 0
<207212> <locatedInHospital> <Catalunya> 0 0 0 0
<209239> <locatedInHospital> <Catalunya> 0 0 0 0
<1213927> <locatedInHospital> <Comunidad_Valenciana> 0 0 0 0
<1313301> <locatedInHospital> <Islas_Canarias> 0 0 0 0
<1315142> <locatedInHospital> <Islas_Canarias> 0 0 0 0
<2303283> <locatedInHospital> <Comunidad_Valenciana> 0 0 0 0
<2303333> <locatedInHospital> <Comunidad_Valenciana> 0 0 0 0
<2304575> <locatedInHospital> <Comunidad_Valenciana> 0 0 0 0
<2304710> <locatedInHospital> <Comunidad_Valenciana> 0 0 0 0
<2305179> <locatedInHospital> <Comunidad_Valenciana> 0 0 0 0
<2305364> <locatedInHospital> <Comunidad_Valenciana> 0 0 0 0
<2305367> <locatedInHospital> <Comunidad_Valenciana> 0 0 0 0
<2310407> <locatedInHospital> <Comunidad_Valenciana> 0 0 0 0
<2310805> <locatedInHospital> <Comunidad_Valenciana> 0 0 0 0
<2312544> <locatedInHospital> <Comunidad_Valenciana> 0 0 0 0
<2804788> <locatedInHospital> <Andaluc%C3%83%C2%ADa> 0 0 0 0
<2806968> <locatedInHospital> <Andaluc%C3%83%C2%ADa> 0 0 0 0
<2809271> <locatedInHospital> <Andaluc%C3%83%C2%ADa> 0 0 0 0
<2813131> <locatedInHospital> <Andaluc%C3%83%C2%ADa> 0 0 0 0
<2813648> <locatedInHospital> <Andaluc%C3%83%C2%ADa> 0 0 0 0
<2815309> <locatedInHospital> <Andaluc%C3%83%C2%ADa> 0 0 0 0
<2815683> <locatedInHospital> <Andaluc%C3%83%C2%ADa> 0 0 0 0
<2903124> <locatedInHospital> <Pa%C3%83%C2%ADs_Vasco> 0 0 0 0
<2910759> <locatedInHospital> <Pa%C3%83%C2%ADs_Vasco> 0 0 0 0
<2917314> <locatedInHospital> <Pa%C3%83%C2%ADs_Vasco> 0 0 0 0
<2917351> <locatedInHospital> <Pa%C3%83%C2%ADs_Vasco> 0 0 0 0
<3005762> <locatedInHospital> <Catalunya> 0 0 0 0
<3009536> <locatedInHospital> <Catalunya> 0 0 0 0
<3011342> <locatedInHospital> <Catalunya> 0 0 0 0
<301442> <locatedInHospital> <Comunidad_Valenciana> 0 0 0 0
<303329> <locatedInHospital> <Comunidad_Valenciana> 0 0 0 0
<305073> <locatedInHospital> <Comunidad_Valenciana> 0 0 0 0
<306898> <locatedInHospital> <Comunidad_Valenciana> 0 0 0 0
<308333> <locatedInHospital> <Comunidad_Valenciana> 0 0 0 0
<308644> <locatedInHospital> <Comunidad_Valenciana> 0 0 0 0
<310420> <locatedInHospital> <Comunidad_Valenciana> 0 0 0 0
<311031> <locatedInHospital> <Comunidad_Valenciana> 0 0 0 0
<311567> <locatedInHospital> <Comunidad_Valenciana> 0 0 0 0
<312131> <locatedInHospital> <Comunidad_Valenciana> 0 0 0 0
<317299> <locatedInHospital> <Comunidad_Valenciana> 0 0 0 0
<3306068> <locatedInHospital> <Andaluc%C3%83%C2%ADa> 0 0 0 0
<3310782> <locatedInHospital> <Andaluc%C3%83%C2%ADa> 0 0 0 0
<3315054> <locatedInHospital> <Andaluc%C3%83%C2%ADa> 0 0 0 0
<3404482> <locatedInHospital> <Islas_Canarias> 0 0 0 0
<3405563> <locatedInHospital> <Islas_Canarias> 0 0 0 0
<3406981> <locatedInHospital> <Islas_Canarias> 0 0 0 0
<3411354> <locatedInHospital> <Islas_Canarias> 0 0 0 0
<3416947> <locatedInHospital> <Islas_Canarias> 0 0 0 0
<3505626> <locatedInHospital> <Comunidad_Valenciana> 0 0 0 0
<3509830> <locatedInHospital> <Comunidad_Valenciana> 0 0 0 0
<3510733> <locatedInHospital> <Comunidad_Valenciana> 0 0 0 0
<3704533> <locatedInHospital> <Castilla_Le%C3%83%C2%B3n> 0 0 0 0
<410326> <locatedInHospital> <Andaluc%C3%83%C2%ADa> 0 0 0 0
<411544> <locatedInHospital> <Andaluc%C3%83%C2%ADa> 0 0 0 0
<2302192> <locatedInHospital> <Comunidad_Valenciana> 0 0 0 0
<2302972> <locatedInHospital> <Comunidad_Valenciana> 0 0 0 0
<2306900> <locatedInHospital> <Comunidad_Valenciana> 0 0 0 0
<2406827> <locatedInHospital> <Islas_Baleares> 0 0 0 0
<2805009> <locatedInHospital> <Andaluc%C3%83%C2%ADa> 0 0 0 0
<2814417> <locatedInHospital> <Andaluc%C3%83%C2%ADa> 0 0 0 0
<2900884> <locatedInHospital> <Pa%C3%83%C2%ADs_Vasco> 0 0 0 0
<2903737> <locatedInHospital> <Pa%C3%83%C2%ADs_Vasco> 0 0 0 0
<3017058> <locatedInHospital> <Catalunya> 0 0 0 0
<306858> <locatedInHospital> <Comunidad_Valenciana> 0 0 0 0
<309894> <locatedInHospital> <Comunidad_Valenciana> 0 0 0 0
<3404375> <locatedInHospital> <Islas_Canarias> 0 0 0 0
<3404571> <locatedInHospital> <Islas_Canarias> 0 0 0 0
<3412596> <locatedInHospital> <Islas_Canarias> 0 0 0 0
<3507416> <locatedInHospital> <Comunidad_Valenciana> 0 0 0 0
<3511412> <locatedInHospital> <Comunidad_Valenciana> 0 0 0 0
<3514376> <locatedInHospital> <Comunidad_Valenciana> 0 0 0 0
<409429> <locatedInHospital> <Andaluc%C3%83%C2%ADa> 0 0 0 0
<409867> <locatedInHospital> <Andaluc%C3%83%C2%ADa> 0 0 0 0
<2303254> <locatedInHospital> <Comunidad_Valenciana> 0 0 0 0
<2304496> <locatedInHospital> <Comunidad_Valenciana> 0 0 0 0
<2807849> <locatedInHospital> <Andaluc%C3%83%C2%ADa> 0 0 0 0
<2812023> <locatedInHospital> <Andaluc%C3%83%C2%ADa> 0 0 0 0
<2816475> <locatedInHospital> <Andaluc%C3%83%C2%ADa> 0 0 0 0
<3309709> <locatedInHospital> <Andaluc%C3%83%C2%ADa> 0 0 0 0
<3405598> <locatedInHospital> <Islas_Canarias> 0 0 0 0
<3507691> <locatedInHospital> <Comunidad_Valenciana> 0 0 0 0
<3508800> <locatedInHospital> <Comunidad_Valenciana> 0 0 0 0
<3712253> <locatedInHospital> <Castilla_Le%C3%83%C2%B3n> 0 0 0 0
<409987> <locatedInHospital> <Andaluc%C3%83%C2%ADa> 0 0 0 0
<410232> <locatedInHospital> <Andaluc%C3%83%C2%ADa> 0 0 0 0
<410330> <locatedInHospital> <Andaluc%C3%83%C2%ADa> 0 0 0 0
<2407325> <locatedInHospital> <Islas_Baleares> 0 0 0 0
<301177> <locatedInHospital> <Comunidad_Valenciana> 0 0 0 0
<3308092> <locatedInHospital> <Andaluc%C3%83%C2%ADa> 0 0 0 0
<3416869> <locatedInHospital> <Islas_Canarias> 0 0 0 0
<2715690> <locatedInHospital> <Madrid> 0 0 0 0
<2100659> <locatedInHospital> <Catalunya> 0 0 0 0
<2805245> <locatedInHospital> <Andaluc%C3%83%C2%ADa> 0 0 0 0
<301136> <locatedInHospital> <Comunidad_Valenciana> 0 0 0 0
<2300064> <locatedInHospital> <Comunidad_Valenciana> 0 0 0 0
<2900579> <locatedInHospital> <Pa%C3%83%C2%ADs_Vasco> 0 0 0 0
<2302133> <locatedInHospital> <Comunidad_Valenciana> 0 0 0 0
<2305140> <locatedInHospital> <Comunidad_Valenciana> 0 0 0 0
<2801977> <locatedInHospital> <Andaluc%C3%83%C2%ADa> 0 0 0 0
<2903707> <locatedInHospital> <Pa%C3%83%C2%ADs_Vasco> 0 0 0 0
<300332> <locatedInHospital> <Comunidad_Valenciana> 0 0 0 0
<3602144> <locatedInHospital> <Madrid> 0 0 0 0
<409421> <locatedInHospital> <Andaluc%C3%83%C2%ADa> 0 0 0 0
<2900534> <locatedInHospital> <Pa%C3%83%C2%ADs_Vasco> 0 0 0 0
<3012662> <locatedInHospital> <Catalunya> 0 0 0 0
<307147> <locatedInHospital> <Comunidad_Valenciana> 0 0 0 0
<3404460> <locatedInHospital> <Islas_Canarias> 0 0 0 0
<412986> <locatedInHospital> <Andaluc%C3%83%C2%ADa> 0 0 0 0
<2803647> <locatedInHospital> <Andaluc%C3%83%C2%ADa> 0 0 0 0
<2917334> <locatedInHospital> <Pa%C3%83%C2%ADs_Vasco> 0 0 0 0
<407635> <locatedInHospital> <Andaluc%C3%83%C2%ADa> 0 0 0 0
<3900405> <locatedInHospital> <Comunidad_Valenciana> 0 0 0 0
<311389> <locatedInHospital> <Comunidad_Valenciana> 0 0 0 0
<3505880> <locatedInHospital> <Comunidad_Valenciana> 0 0 0 0
<3404086> <locatedInHospital> <Islas_Canarias> 0 0 0 0
<3712205> <locatedInHospital> <Castilla_Le%C3%83%C2%B3n> 0 0 0 0
<317258> <locatedInHospital> <Comunidad_Valenciana> 0 0 0 0
<305232> <locatedInHospital> <Comunidad_Valenciana> 0 0 0 0
<901174> <locatedInHospital> <Madrid> 0 0 0 0
<109965> <locatedInHospital> <Comunidad_Valenciana> 0 0 0 0
<1305475> <locatedInHospital> <Islas_Canarias> 0 0 0 0
<2406875> <locatedInHospital> <Islas_Baleares> 0 0 0 0
<2305219> <locatedInHospital> <Comunidad_Valenciana> 0 0 0 0
<12914511> <locatedInHospital> <Galicia> 0 0 0 0
<1504197> <locatedInHospital> <Galicia> 0 0 0 0
<1505368> <locatedInHospital> <Galicia> 0 0 0 0
<1508577> <locatedInHospital> <Galicia> 0 0 0 0
<1509690> <locatedInHospital> <Galicia> 0 0 0 0
