<2915960> <hasSmokeEnvironment> <Previous_Secondhand_Smoker> 0 0 0 0
<2917349> <hasSmokeEnvironment> <Previous_Secondhand_Smoker> 0 0 0 0
<2917474> <hasSmokeEnvironment> <Previous_Secondhand_Smoker> 0 0 0 0
<2917487> <hasSmokeEnvironment> <Previous_Secondhand_Smoker> 0 0 0 0
<300271> <hasSmokeEnvironment> <Secondhand_Smoker> 0 0 0 0
<300327> <hasSmokeEnvironment> <Previous_Secondhand_Smoker> 0 0 0 0
<300367> <hasSmokeEnvironment> <Previous_Secondhand_Smoker> 0 0 0 0
<301444> <hasSmokeEnvironment> <Secondhand_Smoker> 0 0 0 0
<305239> <hasSmokeEnvironment> <Previous_Secondhand_Smoker> 0 0 0 0
<306458> <hasSmokeEnvironment> <Previous_Secondhand_Smoker> 0 0 0 0
<307592> <hasSmokeEnvironment> <Secondhand_Smoker> 0 0 0 0
<307597> <hasSmokeEnvironment> <Not_a_Secondhand_Smoker> 0 0 0 0
<308672> <hasSmokeEnvironment> <Not_a_Secondhand_Smoker> 0 0 0 0
<311640> <hasSmokeEnvironment> <Secondhand_Smoker> 0 0 0 0
<317190> <hasSmokeEnvironment> <Secondhand_Smoker> 0 0 0 0
<3308074> <hasSmokeEnvironment> <Previous_Secondhand_Smoker> 0 0 0 0
<3309853> <hasSmokeEnvironment> <Previous_Secondhand_Smoker> 0 0 0 0
<3408102> <hasSmokeEnvironment> <Not_a_Secondhand_Smoker> 0 0 0 0
<2915962> <hasSmokeEnvironment> <Not_a_Secondhand_Smoker> 0 0 0 0
<306282> <hasSmokeEnvironment> <Secondhand_Smoker> 0 0 0 0
<307198> <hasSmokeEnvironment> <Not_a_Secondhand_Smoker> 0 0 0 0
<309891> <hasSmokeEnvironment> <Previous_Secondhand_Smoker> 0 0 0 0
<3304951> <hasSmokeEnvironment> <Previous_Secondhand_Smoker> 0 0 0 0
<3309820> <hasSmokeEnvironment> <Previous_Secondhand_Smoker> 0 0 0 0
<3407086> <hasSmokeEnvironment> <Not_a_Secondhand_Smoker> 0 0 0 0
<2917364> <hasSmokeEnvironment> <Not_a_Secondhand_Smoker> 0 0 0 0
<300253> <hasSmokeEnvironment> <Previous_Secondhand_Smoker> 0 0 0 0
<313912> <hasSmokeEnvironment> <Not_a_Secondhand_Smoker> 0 0 0 0
<306994> <hasSmokeEnvironment> <Previous_Secondhand_Smoker> 0 0 0 0
<2916021> <hasSmokeEnvironment> <Not_a_Secondhand_Smoker> 0 0 0 0
<3012721> <hasSmokeEnvironment> <Not_a_Secondhand_Smoker> 0 0 0 0
<3703223> <hasSmokeEnvironment> <Secondhand_Smoker> 0 0 0 0
<3703282> <hasSmokeEnvironment> <Previous_Secondhand_Smoker> 0 0 0 0
<2910926> <hasSmokeEnvironment> <Secondhand_Smoker> 0 0 0 0
<313722> <hasSmokeEnvironment> <Previous_Secondhand_Smoker> 0 0 0 0
<3713962> <hasSmokeEnvironment> <Previous_Secondhand_Smoker> 0 0 0 0
<3801479> <hasSmokeEnvironment> <Previous_Secondhand_Smoker> 0 0 0 0
<3805650> <hasSmokeEnvironment> <Previous_Secondhand_Smoker> 0 0 0 0
<407433> <hasSmokeEnvironment> <Previous_Secondhand_Smoker> 0 0 0 0
<407495> <hasSmokeEnvironment> <Not_a_Secondhand_Smoker> 0 0 0 0
<407500> <hasSmokeEnvironment> <Not_a_Secondhand_Smoker> 0 0 0 0
<417555> <hasSmokeEnvironment> <Not_a_Secondhand_Smoker> 0 0 0 0
<4305616> <hasSmokeEnvironment> <Secondhand_Smoker> 0 0 0 0
<4313494> <hasSmokeEnvironment> <Not_a_Secondhand_Smoker> 0 0 0 0
<4314179> <hasSmokeEnvironment> <Not_a_Secondhand_Smoker> 0 0 0 0
<4314193> <hasSmokeEnvironment> <Previous_Secondhand_Smoker> 0 0 0 0
<4600251> <hasSmokeEnvironment> <Not_a_Secondhand_Smoker> 0 0 0 0
<4608610> <hasSmokeEnvironment> <Not_a_Secondhand_Smoker> 0 0 0 0
<4608365> <hasSmokeEnvironment> <Previous_Secondhand_Smoker> 0 0 0 0
<4602210> <hasSmokeEnvironment> <Previous_Secondhand_Smoker> 0 0 0 0
<501401> <hasSmokeEnvironment> <Previous_Secondhand_Smoker> 0 0 0 0
<4313255> <hasSmokeEnvironment> <Secondhand_Smoker> 0 0 0 0
<507258> <hasSmokeEnvironment> <Not_a_Secondhand_Smoker> 0 0 0 0
<5104161> <hasSmokeEnvironment> <Secondhand_Smoker> 0 0 0 0
<5104370> <hasSmokeEnvironment> <Not_a_Secondhand_Smoker> 0 0 0 0
<5106251> <hasSmokeEnvironment> <Secondhand_Smoker> 0 0 0 0
<5106393> <hasSmokeEnvironment> <Not_a_Secondhand_Smoker> 0 0 0 0
<5106465> <hasSmokeEnvironment> <Not_a_Secondhand_Smoker> 0 0 0 0
<5106485> <hasSmokeEnvironment> <Secondhand_Smoker> 0 0 0 0
<5106540> <hasSmokeEnvironment> <Secondhand_Smoker> 0 0 0 0
<5107024> <hasSmokeEnvironment> <Previous_Secondhand_Smoker> 0 0 0 0
<5107362> <hasSmokeEnvironment> <Not_a_Secondhand_Smoker> 0 0 0 0
<5107411> <hasSmokeEnvironment> <Not_a_Secondhand_Smoker> 0 0 0 0
<5109298> <hasSmokeEnvironment> <Not_a_Secondhand_Smoker> 0 0 0 0
<5104815> <hasSmokeEnvironment> <Not_a_Secondhand_Smoker> 0 0 0 0
<5105137> <hasSmokeEnvironment> <Not_a_Secondhand_Smoker> 0 0 0 0
<5106243> <hasSmokeEnvironment> <Not_a_Secondhand_Smoker> 0 0 0 0
<5104617> <hasSmokeEnvironment> <Not_a_Secondhand_Smoker> 0 0 0 0
<5108323> <hasSmokeEnvironment> <Previous_Secondhand_Smoker> 0 0 0 0
<5111330> <hasSmokeEnvironment> <Not_a_Secondhand_Smoker> 0 0 0 0
<5106522> <hasSmokeEnvironment> <Not_a_Secondhand_Smoker> 0 0 0 0
<4601113> <hasSmokeEnvironment> <Not_a_Secondhand_Smoker> 0 0 0 0
<4312724> <hasSmokeEnvironment> <Not_a_Secondhand_Smoker> 0 0 0 0
<5112709> <hasSmokeEnvironment> <Not_a_Secondhand_Smoker> 0 0 0 0
<5113130> <hasSmokeEnvironment> <Not_a_Secondhand_Smoker> 0 0 0 0
<5116959> <hasSmokeEnvironment> <Not_a_Secondhand_Smoker> 0 0 0 0
<5107089> <hasSmokeEnvironment> <Not_a_Secondhand_Smoker> 0 0 0 0
<5106269> <hasSmokeEnvironment> <Not_a_Secondhand_Smoker> 0 0 0 0
<5107219> <hasSmokeEnvironment> <Not_a_Secondhand_Smoker> 0 0 0 0
<514446> <hasSmokeEnvironment> <Secondhand_Smoker> 0 0 0 0
<5301097> <hasSmokeEnvironment> <Not_a_Secondhand_Smoker> 0 0 0 0
<5315224> <hasSmokeEnvironment> <Not_a_Secondhand_Smoker> 0 0 0 0
<5112506> <hasSmokeEnvironment> <Not_a_Secondhand_Smoker> 0 0 0 0
<5301978> <hasSmokeEnvironment> <Not_a_Secondhand_Smoker> 0 0 0 0
<5111775> <hasSmokeEnvironment> <Not_a_Secondhand_Smoker> 0 0 0 0
<5111981> <hasSmokeEnvironment> <Not_a_Secondhand_Smoker> 0 0 0 0
<5111895> <hasSmokeEnvironment> <Not_a_Secondhand_Smoker> 0 0 0 0
<6301801> <hasSmokeEnvironment> <Not_a_Secondhand_Smoker> 0 0 0 0
<6302589> <hasSmokeEnvironment> <Previous_Secondhand_Smoker> 0 0 0 0
<5112562> <hasSmokeEnvironment> <Previous_Secondhand_Smoker> 0 0 0 0
<701736> <hasSmokeEnvironment> <Secondhand_Smoker> 0 0 0 0
<706528> <hasSmokeEnvironment> <Previous_Secondhand_Smoker> 0 0 0 0
<707306> <hasSmokeEnvironment> <Secondhand_Smoker> 0 0 0 0
<707707> <hasSmokeEnvironment> <Previous_Secondhand_Smoker> 0 0 0 0
<709463> <hasSmokeEnvironment> <Secondhand_Smoker> 0 0 0 0
<906886> <hasSmokeEnvironment> <Secondhand_Smoker> 0 0 0 0
<916814> <hasSmokeEnvironment> <Previous_Secondhand_Smoker> 0 0 0 0
<916864> <hasSmokeEnvironment> <Secondhand_Smoker> 0 0 0 0
<917159> <hasSmokeEnvironment> <Secondhand_Smoker> 0 0 0 0
<705805> <hasSmokeEnvironment> <Secondhand_Smoker> 0 0 0 0
<707481> <hasSmokeEnvironment> <Previous_Secondhand_Smoker> 0 0 0 0
<5814889> <hasSmokeEnvironment> <Secondhand_Smoker> 0 0 0 0
<6400530> <hasSmokeEnvironment> <Not_a_Secondhand_Smoker> 0 0 0 0
<711529> <hasSmokeEnvironment> <Secondhand_Smoker> 0 0 0 0
<916721> <hasSmokeEnvironment> <Not_a_Secondhand_Smoker> 0 0 0 0
<6301760> <hasSmokeEnvironment> <Not_a_Secondhand_Smoker> 0 0 0 0
<6304671> <hasSmokeEnvironment> <Not_a_Secondhand_Smoker> 0 0 0 0
<702297> <hasSmokeEnvironment> <Previous_Secondhand_Smoker> 0 0 0 0
<7404365> <hasSmokeEnvironment> <Secondhand_Smoker> 0 0 0 0
<708586> <hasSmokeEnvironment> <Previous_Secondhand_Smoker> 0 0 0 0
<908204> <hasSmokeEnvironment> <Previous_Secondhand_Smoker> 0 0 0 0
<9803214> <hasSmokeEnvironment> <Secondhand_Smoker> 0 0 0 0
<916858> <hasSmokeEnvironment> <Previous_Secondhand_Smoker> 0 0 0 0
<701746> <hasSmokeEnvironment> <Secondhand_Smoker> 0 0 0 0
<707036> <hasSmokeEnvironment> <Not_a_Secondhand_Smoker> 0 0 0 0
<917159> <hasSmokeEnvironment> <Previous_Secondhand_Smoker> 0 0 0 0
<9909855> <hasSmokeEnvironment> <Secondhand_Smoker> 0 0 0 0
<9912048> <hasSmokeEnvironment> <Previous_Secondhand_Smoker> 0 0 0 0
<2917464> <hasSmokeEnvironment> <Previous_Secondhand_Smoker> 0 0 0 0
<101918> <hasSmokeEnvironment> <Not_a_Secondhand_Smoker> 0 0 0 0
<108005> <hasSmokeEnvironment> <Not_a_Secondhand_Smoker> 0 0 0 0
<108007> <hasSmokeEnvironment> <Not_a_Secondhand_Smoker> 0 0 0 0
<10802687> <hasSmokeEnvironment> <Not_a_Secondhand_Smoker> 0 0 0 0
<109445> <hasSmokeEnvironment> <Not_a_Secondhand_Smoker> 0 0 0 0
<109521> <hasSmokeEnvironment> <Previous_Secondhand_Smoker> 0 0 0 0
<10802688> <hasSmokeEnvironment> <Previous_Secondhand_Smoker> 0 0 0 0
<10612122> <hasSmokeEnvironment> <Previous_Secondhand_Smoker> 0 0 0 0
<107756> <hasSmokeEnvironment> <Not_a_Secondhand_Smoker> 0 0 0 0
<101680> <hasSmokeEnvironment> <Not_a_Secondhand_Smoker> 0 0 0 0
<10613559> <hasSmokeEnvironment> <Secondhand_Smoker> 0 0 0 0
<109521> <hasSmokeEnvironment> <Secondhand_Smoker> 0 0 0 0
<108595> <hasSmokeEnvironment> <Not_a_Secondhand_Smoker> 0 0 0 0
<110894> <hasSmokeEnvironment> <Secondhand_Smoker> 0 0 0 0
<111014> <hasSmokeEnvironment> <Secondhand_Smoker> 0 0 0 0
<11312466> <hasSmokeEnvironment> <Not_a_Secondhand_Smoker> 0 0 0 0
<109484> <hasSmokeEnvironment> <Not_a_Secondhand_Smoker> 0 0 0 0
<109761> <hasSmokeEnvironment> <Previous_Secondhand_Smoker> 0 0 0 0
<110072> <hasSmokeEnvironment> <Not_a_Secondhand_Smoker> 0 0 0 0
<1214923> <hasSmokeEnvironment> <Previous_Secondhand_Smoker> 0 0 0 0
<12913876> <hasSmokeEnvironment> <Not_a_Secondhand_Smoker> 0 0 0 0
<12914460> <hasSmokeEnvironment> <Not_a_Secondhand_Smoker> 0 0 0 0
<1305072> <hasSmokeEnvironment> <Not_a_Secondhand_Smoker> 0 0 0 0
<11312215> <hasSmokeEnvironment> <Previous_Secondhand_Smoker> 0 0 0 0
<1200984> <hasSmokeEnvironment> <Not_a_Secondhand_Smoker> 0 0 0 0
<1312861> <hasSmokeEnvironment> <Previous_Secondhand_Smoker> 0 0 0 0
<110973> <hasSmokeEnvironment> <Previous_Secondhand_Smoker> 0 0 0 0
<112089> <hasSmokeEnvironment> <Not_a_Secondhand_Smoker> 0 0 0 0
<1200934> <hasSmokeEnvironment> <Not_a_Secondhand_Smoker> 0 0 0 0
<1201390> <hasSmokeEnvironment> <Not_a_Secondhand_Smoker> 0 0 0 0
<12913721> <hasSmokeEnvironment> <Not_a_Secondhand_Smoker> 0 0 0 0
<1305680> <hasSmokeEnvironment> <Previous_Secondhand_Smoker> 0 0 0 0
<11312472> <hasSmokeEnvironment> <Previous_Secondhand_Smoker> 0 0 0 0
<12914549> <hasSmokeEnvironment> <Previous_Secondhand_Smoker> 0 0 0 0
<11312310> <hasSmokeEnvironment> <Not_a_Secondhand_Smoker> 0 0 0 0
<1216546> <hasSmokeEnvironment> <Previous_Secondhand_Smoker> 0 0 0 0
<11312242> <hasSmokeEnvironment> <Not_a_Secondhand_Smoker> 0 0 0 0
<112287> <hasSmokeEnvironment> <Secondhand_Smoker> 0 0 0 0
<1313265> <hasSmokeEnvironment> <Previous_Secondhand_Smoker> 0 0 0 0
<1313288> <hasSmokeEnvironment> <Secondhand_Smoker> 0 0 0 0
<1313407> <hasSmokeEnvironment> <Previous_Secondhand_Smoker> 0 0 0 0
<1314452> <hasSmokeEnvironment> <Not_a_Secondhand_Smoker> 0 0 0 0
<1315654> <hasSmokeEnvironment> <Not_a_Secondhand_Smoker> 0 0 0 0
<1312869> <hasSmokeEnvironment> <Secondhand_Smoker> 0 0 0 0
<1306378> <hasSmokeEnvironment> <Secondhand_Smoker> 0 0 0 0
<1200944> <hasSmokeEnvironment> <Not_a_Secondhand_Smoker> 0 0 0 0
<1508907> <hasSmokeEnvironment> <Previous_Secondhand_Smoker> 0 0 0 0
<15700355> <hasSmokeEnvironment> <Not_a_Secondhand_Smoker> 0 0 0 0
<15702255> <hasSmokeEnvironment> <Not_a_Secondhand_Smoker> 0 0 0 0
<15706099> <hasSmokeEnvironment> <Not_a_Secondhand_Smoker> 0 0 0 0
<15706283> <hasSmokeEnvironment> <Not_a_Secondhand_Smoker> 0 0 0 0
<15706423> <hasSmokeEnvironment> <Previous_Secondhand_Smoker> 0 0 0 0
<15714588> <hasSmokeEnvironment> <Not_a_Secondhand_Smoker> 0 0 0 0
<15706293> <hasSmokeEnvironment> <Secondhand_Smoker> 0 0 0 0
<15704686> <hasSmokeEnvironment> <Not_a_Secondhand_Smoker> 0 0 0 0
<15706290> <hasSmokeEnvironment> <Previous_Secondhand_Smoker> 0 0 0 0
<1313458> <hasSmokeEnvironment> <Previous_Secondhand_Smoker> 0 0 0 0
<15700158> <hasSmokeEnvironment> <Previous_Secondhand_Smoker> 0 0 0 0
<1313253> <hasSmokeEnvironment> <Secondhand_Smoker> 0 0 0 0
<15703032> <hasSmokeEnvironment> <Previous_Secondhand_Smoker> 0 0 0 0
<15706386> <hasSmokeEnvironment> <Previous_Secondhand_Smoker> 0 0 0 0
<15702834> <hasSmokeEnvironment> <Not_a_Secondhand_Smoker> 0 0 0 0
<2112872> <hasSmokeEnvironment> <Not_a_Secondhand_Smoker> 0 0 0 0
<2301197> <hasSmokeEnvironment> <Previous_Secondhand_Smoker> 0 0 0 0
<2303208> <hasSmokeEnvironment> <Secondhand_Smoker> 0 0 0 0
<2306900> <hasSmokeEnvironment> <Previous_Secondhand_Smoker> 0 0 0 0
<2103020> <hasSmokeEnvironment> <Not_a_Secondhand_Smoker> 0 0 0 0
<2806962> <hasSmokeEnvironment> <Previous_Secondhand_Smoker> 0 0 0 0
<2300550> <hasSmokeEnvironment> <Not_a_Secondhand_Smoker> 0 0 0 0
<2401816> <hasSmokeEnvironment> <Not_a_Secondhand_Smoker> 0 0 0 0
<2115546> <hasSmokeEnvironment> <Secondhand_Smoker> 0 0 0 0
<2304649> <hasSmokeEnvironment> <Previous_Secondhand_Smoker> 0 0 0 0
<2305369> <hasSmokeEnvironment> <Previous_Secondhand_Smoker> 0 0 0 0
<2305252> <hasSmokeEnvironment> <Not_a_Secondhand_Smoker> 0 0 0 0
<2903116> <hasSmokeEnvironment> <Not_a_Secondhand_Smoker> 0 0 0 0
<2805169> <hasSmokeEnvironment> <Previous_Secondhand_Smoker> 0 0 0 0
<2304804> <hasSmokeEnvironment> <Not_a_Secondhand_Smoker> 0 0 0 0
<11312298> <hasSmokeEnvironment> <Not_a_Secondhand_Smoker> 0 0 0 0
<1009307> <hasSmokeEnvironment> <Not_a_Secondhand_Smoker> 0 0 0 0
<102352> <hasSmokeEnvironment> <Previous_Secondhand_Smoker> 0 0 0 0
<107645> <hasSmokeEnvironment> <Not_a_Secondhand_Smoker> 0 0 0 0
<10815706> <hasSmokeEnvironment> <Previous_Secondhand_Smoker> 0 0 0 0
<101435> <hasSmokeEnvironment> <Not_a_Secondhand_Smoker> 0 0 0 0
<10613946> <hasSmokeEnvironment> <Not_a_Secondhand_Smoker> 0 0 0 0
<109603> <hasSmokeEnvironment> <Not_a_Secondhand_Smoker> 0 0 0 0
<10601101> <hasSmokeEnvironment> <Secondhand_Smoker> 0 0 0 0
<10605975> <hasSmokeEnvironment> <Not_a_Secondhand_Smoker> 0 0 0 0
<10600742> <hasSmokeEnvironment> <Previous_Secondhand_Smoker> 0 0 0 0
<10600758> <hasSmokeEnvironment> <Previous_Secondhand_Smoker> 0 0 0 0
<100693> <hasSmokeEnvironment> <Not_a_Secondhand_Smoker> 0 0 0 0
<104451> <hasSmokeEnvironment> <Not_a_Secondhand_Smoker> 0 0 0 0
<10802688> <hasSmokeEnvironment> <Not_a_Secondhand_Smoker> 0 0 0 0
<10612168> <hasSmokeEnvironment> <Not_a_Secondhand_Smoker> 0 0 0 0
<109715> <hasSmokeEnvironment> <Previous_Secondhand_Smoker> 0 0 0 0
<109740> <hasSmokeEnvironment> <Not_a_Secondhand_Smoker> 0 0 0 0
<110350> <hasSmokeEnvironment> <Previous_Secondhand_Smoker> 0 0 0 0
<111271> <hasSmokeEnvironment> <Secondhand_Smoker> 0 0 0 0
<111322> <hasSmokeEnvironment> <Not_a_Secondhand_Smoker> 0 0 0 0
<112280> <hasSmokeEnvironment> <Not_a_Secondhand_Smoker> 0 0 0 0
<11312001> <hasSmokeEnvironment> <Not_a_Secondhand_Smoker> 0 0 0 0
<11312271> <hasSmokeEnvironment> <Not_a_Secondhand_Smoker> 0 0 0 0
<1200135> <hasSmokeEnvironment> <Not_a_Secondhand_Smoker> 0 0 0 0
<1201127> <hasSmokeEnvironment> <Secondhand_Smoker> 0 0 0 0
<1202556> <hasSmokeEnvironment> <Not_a_Secondhand_Smoker> 0 0 0 0
<12913869> <hasSmokeEnvironment> <Not_a_Secondhand_Smoker> 0 0 0 0
<12914270> <hasSmokeEnvironment> <Not_a_Secondhand_Smoker> 0 0 0 0
<1312784> <hasSmokeEnvironment> <Secondhand_Smoker> 0 0 0 0
<11312259> <hasSmokeEnvironment> <Not_a_Secondhand_Smoker> 0 0 0 0
<1214873> <hasSmokeEnvironment> <Secondhand_Smoker> 0 0 0 0
<12914507> <hasSmokeEnvironment> <Previous_Secondhand_Smoker> 0 0 0 0
<1305768> <hasSmokeEnvironment> <Not_a_Secondhand_Smoker> 0 0 0 0
<1306575> <hasSmokeEnvironment> <Previous_Secondhand_Smoker> 0 0 0 0
<109879> <hasSmokeEnvironment> <Secondhand_Smoker> 0 0 0 0
<11311946> <hasSmokeEnvironment> <Previous_Secondhand_Smoker> 0 0 0 0
<11313615> <hasSmokeEnvironment> <Not_a_Secondhand_Smoker> 0 0 0 0
<1201158> <hasSmokeEnvironment> <Not_a_Secondhand_Smoker> 0 0 0 0
<1300754> <hasSmokeEnvironment> <Previous_Secondhand_Smoker> 0 0 0 0
<1201396> <hasSmokeEnvironment> <Secondhand_Smoker> 0 0 0 0
<1202148> <hasSmokeEnvironment> <Not_a_Secondhand_Smoker> 0 0 0 0
<12913807> <hasSmokeEnvironment> <Not_a_Secondhand_Smoker> 0 0 0 0
<112907> <hasSmokeEnvironment> <Secondhand_Smoker> 0 0 0 0
<1300790> <hasSmokeEnvironment> <Previous_Secondhand_Smoker> 0 0 0 0
<11313932> <hasSmokeEnvironment> <Not_a_Secondhand_Smoker> 0 0 0 0
<1202334> <hasSmokeEnvironment> <Not_a_Secondhand_Smoker> 0 0 0 0
<12914570> <hasSmokeEnvironment> <Not_a_Secondhand_Smoker> 0 0 0 0
<1200712> <hasSmokeEnvironment> <Not_a_Secondhand_Smoker> 0 0 0 0
<1314032> <hasSmokeEnvironment> <Secondhand_Smoker> 0 0 0 0
<1314295> <hasSmokeEnvironment> <Secondhand_Smoker> 0 0 0 0
<15700927> <hasSmokeEnvironment> <Not_a_Secondhand_Smoker> 0 0 0 0
<15706422> <hasSmokeEnvironment> <Not_a_Secondhand_Smoker> 0 0 0 0
<18015760> <hasSmokeEnvironment> <Secondhand_Smoker> 0 0 0 0
<15706424> <hasSmokeEnvironment> <Secondhand_Smoker> 0 0 0 0
<1804186> <hasSmokeEnvironment> <Not_a_Secondhand_Smoker> 0 0 0 0
<1511205> <hasSmokeEnvironment> <Not_a_Secondhand_Smoker> 0 0 0 0
<1511106> <hasSmokeEnvironment> <Previous_Secondhand_Smoker> 0 0 0 0
<2100881> <hasSmokeEnvironment> <Not_a_Secondhand_Smoker> 0 0 0 0
<2301144> <hasSmokeEnvironment> <Secondhand_Smoker> 0 0 0 0
<2302051> <hasSmokeEnvironment> <Not_a_Secondhand_Smoker> 0 0 0 0
<2302437> <hasSmokeEnvironment> <Not_a_Secondhand_Smoker> 0 0 0 0
<2100629> <hasSmokeEnvironment> <Not_a_Secondhand_Smoker> 0 0 0 0
<2102540> <hasSmokeEnvironment> <Not_a_Secondhand_Smoker> 0 0 0 0
<2715044> <hasSmokeEnvironment> <Not_a_Secondhand_Smoker> 0 0 0 0
<2300123> <hasSmokeEnvironment> <Not_a_Secondhand_Smoker> 0 0 0 0
<2311649> <hasSmokeEnvironment> <Not_a_Secondhand_Smoker> 0 0 0 0
<2304322> <hasSmokeEnvironment> <Secondhand_Smoker> 0 0 0 0
<2302841> <hasSmokeEnvironment> <Not_a_Secondhand_Smoker> 0 0 0 0
<2300542> <hasSmokeEnvironment> <Not_a_Secondhand_Smoker> 0 0 0 0
<2300119> <hasSmokeEnvironment> <Previous_Secondhand_Smoker> 0 0 0 0
<2311065> <hasSmokeEnvironment> <Not_a_Secondhand_Smoker> 0 0 0 0
<2114410> <hasSmokeEnvironment> <Previous_Secondhand_Smoker> 0 0 0 0
<2304672> <hasSmokeEnvironment> <Not_a_Secondhand_Smoker> 0 0 0 0
<2311630> <hasSmokeEnvironment> <Not_a_Secondhand_Smoker> 0 0 0 0
<2108760> <hasSmokeEnvironment> <Not_a_Secondhand_Smoker> 0 0 0 0
<2903685> <hasSmokeEnvironment> <Previous_Secondhand_Smoker> 0 0 0 0
<2911371> <hasSmokeEnvironment> <Not_a_Secondhand_Smoker> 0 0 0 0
<2911373> <hasSmokeEnvironment> <Previous_Secondhand_Smoker> 0 0 0 0
<2917347> <hasSmokeEnvironment> <Secondhand_Smoker> 0 0 0 0
<2917352> <hasSmokeEnvironment> <Secondhand_Smoker> 0 0 0 0
<300333> <hasSmokeEnvironment> <Secondhand_Smoker> 0 0 0 0
<300399> <hasSmokeEnvironment> <Previous_Secondhand_Smoker> 0 0 0 0
<303675> <hasSmokeEnvironment> <Previous_Secondhand_Smoker> 0 0 0 0
<305237> <hasSmokeEnvironment> <Previous_Secondhand_Smoker> 0 0 0 0
<306534> <hasSmokeEnvironment> <Not_a_Secondhand_Smoker> 0 0 0 0
<316441> <hasSmokeEnvironment> <Previous_Secondhand_Smoker> 0 0 0 0
<317049> <hasSmokeEnvironment> <Secondhand_Smoker> 0 0 0 0
<3302346> <hasSmokeEnvironment> <Secondhand_Smoker> 0 0 0 0
<3304895> <hasSmokeEnvironment> <Secondhand_Smoker> 0 0 0 0
<3307310> <hasSmokeEnvironment> <Secondhand_Smoker> 0 0 0 0
<3308091> <hasSmokeEnvironment> <Previous_Secondhand_Smoker> 0 0 0 0
<3407250> <hasSmokeEnvironment> <Not_a_Secondhand_Smoker> 0 0 0 0
<303674> <hasSmokeEnvironment> <Secondhand_Smoker> 0 0 0 0
<306882> <hasSmokeEnvironment> <Secondhand_Smoker> 0 0 0 0
<3315054> <hasSmokeEnvironment> <Previous_Secondhand_Smoker> 0 0 0 0
<302340> <hasSmokeEnvironment> <Secondhand_Smoker> 0 0 0 0
<303679> <hasSmokeEnvironment> <Previous_Secondhand_Smoker> 0 0 0 0
<309158> <hasSmokeEnvironment> <Not_a_Secondhand_Smoker> 0 0 0 0
<3302347> <hasSmokeEnvironment> <Previous_Secondhand_Smoker> 0 0 0 0
<3309821> <hasSmokeEnvironment> <Previous_Secondhand_Smoker> 0 0 0 0
<3408096> <hasSmokeEnvironment> <Not_a_Secondhand_Smoker> 0 0 0 0
<300460> <hasSmokeEnvironment> <Previous_Secondhand_Smoker> 0 0 0 0
<300332> <hasSmokeEnvironment> <Previous_Secondhand_Smoker> 0 0 0 0
<3011356> <hasSmokeEnvironment> <Previous_Secondhand_Smoker> 0 0 0 0
<3712248> <hasSmokeEnvironment> <Previous_Secondhand_Smoker> 0 0 0 0
<416399> <hasSmokeEnvironment> <Not_a_Secondhand_Smoker> 0 0 0 0
<4313271> <hasSmokeEnvironment> <Secondhand_Smoker> 0 0 0 0
<4602212> <hasSmokeEnvironment> <Not_a_Secondhand_Smoker> 0 0 0 0
<4604549> <hasSmokeEnvironment> <Previous_Secondhand_Smoker> 0 0 0 0
<4605872> <hasSmokeEnvironment> <Not_a_Secondhand_Smoker> 0 0 0 0
<4615118> <hasSmokeEnvironment> <Previous_Secondhand_Smoker> 0 0 0 0
<3412536> <hasSmokeEnvironment> <Not_a_Secondhand_Smoker> 0 0 0 0
<4601469> <hasSmokeEnvironment> <Not_a_Secondhand_Smoker> 0 0 0 0
<3811627> <hasSmokeEnvironment> <Not_a_Secondhand_Smoker> 0 0 0 0
<413116> <hasSmokeEnvironment> <Secondhand_Smoker> 0 0 0 0
<4313413> <hasSmokeEnvironment> <Previous_Secondhand_Smoker> 0 0 0 0
<3707095> <hasSmokeEnvironment> <Previous_Secondhand_Smoker> 0 0 0 0
<501399> <hasSmokeEnvironment> <Not_a_Secondhand_Smoker> 0 0 0 0
<5105203> <hasSmokeEnvironment> <Not_a_Secondhand_Smoker> 0 0 0 0
<5106404> <hasSmokeEnvironment> <Secondhand_Smoker> 0 0 0 0
<5107160> <hasSmokeEnvironment> <Not_a_Secondhand_Smoker> 0 0 0 0
<5109138> <hasSmokeEnvironment> <Not_a_Secondhand_Smoker> 0 0 0 0
<5111714> <hasSmokeEnvironment> <Not_a_Secondhand_Smoker> 0 0 0 0
<5104172> <hasSmokeEnvironment> <Not_a_Secondhand_Smoker> 0 0 0 0
<5104668> <hasSmokeEnvironment> <Secondhand_Smoker> 0 0 0 0
<5104952> <hasSmokeEnvironment> <Not_a_Secondhand_Smoker> 0 0 0 0
<5105076> <hasSmokeEnvironment> <Previous_Secondhand_Smoker> 0 0 0 0
<5111894> <hasSmokeEnvironment> <Not_a_Secondhand_Smoker> 0 0 0 0
<5114509> <hasSmokeEnvironment> <Not_a_Secondhand_Smoker> 0 0 0 0
<5114583> <hasSmokeEnvironment> <Not_a_Secondhand_Smoker> 0 0 0 0
<5115785> <hasSmokeEnvironment> <Previous_Secondhand_Smoker> 0 0 0 0
<514329> <hasSmokeEnvironment> <Previous_Secondhand_Smoker> 0 0 0 0
<516548> <hasSmokeEnvironment> <Not_a_Secondhand_Smoker> 0 0 0 0
<5501664> <hasSmokeEnvironment> <Previous_Secondhand_Smoker> 0 0 0 0
<5503964> <hasSmokeEnvironment> <Secondhand_Smoker> 0 0 0 0
<5114777> <hasSmokeEnvironment> <Not_a_Secondhand_Smoker> 0 0 0 0
<5115796> <hasSmokeEnvironment> <Secondhand_Smoker> 0 0 0 0
<513358> <hasSmokeEnvironment> <Secondhand_Smoker> 0 0 0 0
<6300067> <hasSmokeEnvironment> <Previous_Secondhand_Smoker> 0 0 0 0
<6400645> <hasSmokeEnvironment> <Secondhand_Smoker> 0 0 0 0
<6401437> <hasSmokeEnvironment> <Not_a_Secondhand_Smoker> 0 0 0 0
<6900596> <hasSmokeEnvironment> <Not_a_Secondhand_Smoker> 0 0 0 0
<7000288> <hasSmokeEnvironment> <Not_a_Secondhand_Smoker> 0 0 0 0
<7000488> <hasSmokeEnvironment> <Secondhand_Smoker> 0 0 0 0
<701677> <hasSmokeEnvironment> <Previous_Secondhand_Smoker> 0 0 0 0
<704604> <hasSmokeEnvironment> <Secondhand_Smoker> 0 0 0 0
<711609> <hasSmokeEnvironment> <Not_a_Secondhand_Smoker> 0 0 0 0
<7404357> <hasSmokeEnvironment> <Secondhand_Smoker> 0 0 0 0
<903643> <hasSmokeEnvironment> <Secondhand_Smoker> 0 0 0 0
<911813> <hasSmokeEnvironment> <Previous_Secondhand_Smoker> 0 0 0 0
<916816> <hasSmokeEnvironment> <Not_a_Secondhand_Smoker> 0 0 0 0
<5815159> <hasSmokeEnvironment> <Previous_Secondhand_Smoker> 0 0 0 0
<6401490> <hasSmokeEnvironment> <Previous_Secondhand_Smoker> 0 0 0 0
<705806> <hasSmokeEnvironment> <Previous_Secondhand_Smoker> 0 0 0 0
<709152> <hasSmokeEnvironment> <Secondhand_Smoker> 0 0 0 0
<709925> <hasSmokeEnvironment> <Not_a_Secondhand_Smoker> 0 0 0 0
<909653> <hasSmokeEnvironment> <Previous_Secondhand_Smoker> 0 0 0 0
<916815> <hasSmokeEnvironment> <Not_a_Secondhand_Smoker> 0 0 0 0
<707695> <hasSmokeEnvironment> <Previous_Secondhand_Smoker> 0 0 0 0
<6900828> <hasSmokeEnvironment> <Previous_Secondhand_Smoker> 0 0 0 0
<6301705> <hasSmokeEnvironment> <Not_a_Secondhand_Smoker> 0 0 0 0
<701759> <hasSmokeEnvironment> <Previous_Secondhand_Smoker> 0 0 0 0
<707755> <hasSmokeEnvironment> <Secondhand_Smoker> 0 0 0 0
<7717055> <hasSmokeEnvironment> <Secondhand_Smoker> 0 0 0 0
<908787> <hasSmokeEnvironment> <Previous_Secondhand_Smoker> 0 0 0 0
<6304681> <hasSmokeEnvironment> <Previous_Secondhand_Smoker> 0 0 0 0
<9910152> <hasSmokeEnvironment> <Secondhand_Smoker> 0 0 0 0
<916889> <hasSmokeEnvironment> <Previous_Secondhand_Smoker> 0 0 0 0
<9708865> <hasSmokeEnvironment> <Not_a_Secondhand_Smoker> 0 0 0 0
<9916413> <hasSmokeEnvironment> <Previous_Secondhand_Smoker> 0 0 0 0
<915900> <hasSmokeEnvironment> <Not_a_Secondhand_Smoker> 0 0 0 0
<900745> <hasSmokeEnvironment> <Not_a_Secondhand_Smoker> 0 0 0 0
<3703051> <hasSmokeEnvironment> <Previous_Secondhand_Smoker> 0 0 0 0
