<102352> <hasDiagnosis_hasDiagnosisStage> <IVA> 0 0 0 0
<10612110> <hasDiagnosis_hasDiagnosisStage> <IVB> 0 0 0 0
<10612179> <hasDiagnosis_hasDiagnosisStage> <IIIC> 0 0 0 0
<111476> <hasDiagnosis_hasDiagnosisStage> <IIB> 0 0 0 0
<108003> <hasDiagnosis_hasDiagnosisStage> <IVA> 0 0 0 0
<10801068> <hasDiagnosis_hasDiagnosisStage> <IIIB> 0 0 0 0
<109409> <hasDiagnosis_hasDiagnosisStage> <IIIA> 0 0 0 0
<104403> <hasDiagnosis_hasDiagnosisStage> <IV> 0 0 0 0
<11311899> <hasDiagnosis_hasDiagnosisStage> <IV> 0 0 0 0
<107680> <hasDiagnosis_hasDiagnosisStage> <IVA> 0 0 0 0
<1300891> <hasDiagnosis_hasDiagnosisStage> <IIIA> 0 0 0 0
<1313389> <hasDiagnosis_hasDiagnosisStage> <IVB> 0 0 0 0
<14702396> <hasDiagnosis_hasDiagnosisStage> <IV> 0 0 0 0
<201492> <hasDiagnosis_hasDiagnosisStage> <IIB> 0 0 0 0
<2100656> <hasDiagnosis_hasDiagnosisStage> <IIB> 0 0 0 0
<2101040> <hasDiagnosis_hasDiagnosisStage> <IV> 0 0 0 0
<207938> <hasDiagnosis_hasDiagnosisStage> <IIIA> 0 0 0 0
<2100929> <hasDiagnosis_hasDiagnosisStage> <IA> 0 0 0 0
<2102679> <hasDiagnosis_hasDiagnosisStage> <IV> 0 0 0 0
<102909> <hasDiagnosis_hasDiagnosisStage> <IV> 0 0 0 0
<10612211> <hasDiagnosis_hasDiagnosisStage> <Limitado> 0 0 0 0
<1200522> <hasDiagnosis_hasDiagnosisStage> <IV> 0 0 0 0
<205891> <hasDiagnosis_hasDiagnosisStage> <IIA> 0 0 0 0
<1511186> <hasDiagnosis_hasDiagnosisStage> <IIIA> 0 0 0 0
<207458> <hasDiagnosis_hasDiagnosisStage> <IA> 0 0 0 0
<1314815> <hasDiagnosis_hasDiagnosisStage> <IV> 0 0 0 0
<201870> <hasDiagnosis_hasDiagnosisStage> <IV> 0 0 0 0
<1216612> <hasDiagnosis_hasDiagnosisStage> <IVB> 0 0 0 0
<1511173> <hasDiagnosis_hasDiagnosisStage> <IIIA> 0 0 0 0
<2108697> <hasDiagnosis_hasDiagnosisStage> <IVA> 0 0 0 0
<11312119> <hasDiagnosis_hasDiagnosisStage> <IVA> 0 0 0 0
<1301943> <hasDiagnosis_hasDiagnosisStage> <IV> 0 0 0 0
<1312916> <hasDiagnosis_hasDiagnosisStage> <IIIC> 0 0 0 0
<1500888> <hasDiagnosis_hasDiagnosisStage> <IIIB> 0 0 0 0
<204194> <hasDiagnosis_hasDiagnosisStage> <Limitado> 0 0 0 0
<2102290> <hasDiagnosis_hasDiagnosisStage> <IVB> 0 0 0 0
<2108699> <hasDiagnosis_hasDiagnosisStage> <IIIC> 0 0 0 0
<15709793> <hasDiagnosis_hasDiagnosisStage> <Limitado> 0 0 0 0
<1514512> <hasDiagnosis_hasDiagnosisStage> <IVA> 0 0 0 0
<15701631> <hasDiagnosis_hasDiagnosisStage> <Limitado> 0 0 0 0
<18015740> <hasDiagnosis_hasDiagnosisStage> <IVB> 0 0 0 0
<12914236> <hasDiagnosis_hasDiagnosisStage> <IIIA> 0 0 0 0
<206691> <hasDiagnosis_hasDiagnosisStage> <IV> 0 0 0 0
<1314817> <hasDiagnosis_hasDiagnosisStage> <IV> 0 0 0 0
<15710139> <hasDiagnosis_hasDiagnosisStage> <IVB> 0 0 0 0
<2805251> <hasDiagnosis_hasDiagnosisStage> <IV> 0 0 0 0
<2504474> <hasDiagnosis_hasDiagnosisStage> <IIIA> 0 0 0 0
<300365> <hasDiagnosis_hasDiagnosisStage> <IIIA> 0 0 0 0
<301445> <hasDiagnosis_hasDiagnosisStage> <IV> 0 0 0 0
<10611866> <hasDiagnosis_hasDiagnosisStage> <IIIA> 0 0 0 0
<10802686> <hasDiagnosis_hasDiagnosisStage> <IIIA> 0 0 0 0
<11312882> <hasDiagnosis_hasDiagnosisStage> <IVA> 0 0 0 0
<10816593> <hasDiagnosis_hasDiagnosisStage> <I> 0 0 0 0
<201638> <hasDiagnosis_hasDiagnosisStage> <IV> 0 0 0 0
<215667> <hasDiagnosis_hasDiagnosisStage> <IVA> 0 0 0 0
<1303364> <hasDiagnosis_hasDiagnosisStage> <IV> 0 0 0 0
<1305594> <hasDiagnosis_hasDiagnosisStage> <IIIA> 0 0 0 0
<1305471> <hasDiagnosis_hasDiagnosisStage> <IIIB> 0 0 0 0
<1305774> <hasDiagnosis_hasDiagnosisStage> <IV> 0 0 0 0
<1311550> <hasDiagnosis_hasDiagnosisStage> <IVB> 0 0 0 0
<2300005> <hasDiagnosis_hasDiagnosisStage> <IV> 0 0 0 0
<2112582> <hasDiagnosis_hasDiagnosisStage> <IIIB> 0 0 0 0
<1506629> <hasDiagnosis_hasDiagnosisStage> <IV> 0 0 0 0
<1305058> <hasDiagnosis_hasDiagnosisStage> <IIIB> 0 0 0 0
<15714659> <hasDiagnosis_hasDiagnosisStage> <IVB> 0 0 0 0
<1509228> <hasDiagnosis_hasDiagnosisStage> <IV> 0 0 0 0
<205540> <hasDiagnosis_hasDiagnosisStage> <IV> 0 0 0 0
<12915798> <hasDiagnosis_hasDiagnosisStage> <IIB> 0 0 0 0
<1500991> <hasDiagnosis_hasDiagnosisStage> <IV> 0 0 0 0
<1314666> <hasDiagnosis_hasDiagnosisStage> <IVB> 0 0 0 0
<3508902> <hasDiagnosis_hasDiagnosisStage> <IA> 0 0 0 0
<3703587> <hasDiagnosis_hasDiagnosisStage> <IIIB> 0 0 0 0
<1311013> <hasDiagnosis_hasDiagnosisStage> <Extendido> 0 0 0 0
<15714630> <hasDiagnosis_hasDiagnosisStage> <Extendido> 0 0 0 0
<2816809> <hasDiagnosis_hasDiagnosisStage> <IA2> 0 0 0 0
<1315619> <hasDiagnosis_hasDiagnosisStage> <Extendido> 0 0 0 0
<1507822> <hasDiagnosis_hasDiagnosisStage> <Extendido> 0 0 0 0
<1315417> <hasDiagnosis_hasDiagnosisStage> <Extendido> 0 0 0 0
<1302267> <hasDiagnosis_hasDiagnosisStage> <IV> 0 0 0 0
<2115661> <hasDiagnosis_hasDiagnosisStage> <IIIB> 0 0 0 0
<1509847> <hasDiagnosis_hasDiagnosisStage> <IIIB> 0 0 0 0
<1306462> <hasDiagnosis_hasDiagnosisStage> <IV> 0 0 0 0
<14704408> <hasDiagnosis_hasDiagnosisStage> <IVA> 0 0 0 0
<12914572> <hasDiagnosis_hasDiagnosisStage> <IVB> 0 0 0 0
<15714631> <hasDiagnosis_hasDiagnosisStage> <IVA> 0 0 0 0
<2101074> <hasDiagnosis_hasDiagnosisStage> <IV> 0 0 0 0
<3404086> <hasDiagnosis_hasDiagnosisStage> <IIA> 0 0 0 0
<1507998> <hasDiagnosis_hasDiagnosisStage> <IVB> 0 0 0 0
<2300339> <hasDiagnosis_hasDiagnosisStage> <IIIB> 0 0 0 0
<2911979> <hasDiagnosis_hasDiagnosisStage> <IVA> 0 0 0 0
<2806058> <hasDiagnosis_hasDiagnosisStage> <Limitado> 0 0 0 0
<3702801> <hasDiagnosis_hasDiagnosisStage> <IV> 0 0 0 0
<300326> <hasDiagnosis_hasDiagnosisStage> <IIIB> 0 0 0 0
<2715087> <hasDiagnosis_hasDiagnosisStage> <IVB> 0 0 0 0
<311824> <hasDiagnosis_hasDiagnosisStage> <IIIC> 0 0 0 0
<3307193> <hasDiagnosis_hasDiagnosisStage> <IIIB> 0 0 0 0
<2806732> <hasDiagnosis_hasDiagnosisStage> <IV> 0 0 0 0
<2900580> <hasDiagnosis_hasDiagnosisStage> <IV> 0 0 0 0
<2808830> <hasDiagnosis_hasDiagnosisStage> <IVA> 0 0 0 0
<307594> <hasDiagnosis_hasDiagnosisStage> <IIIB> 0 0 0 0
<2911855> <hasDiagnosis_hasDiagnosisStage> <IVB> 0 0 0 0
<4910934> <hasDiagnosis_hasDiagnosisStage> <IV> 0 0 0 0
<507896> <hasDiagnosis_hasDiagnosisStage> <IV> 0 0 0 0
<508079> <hasDiagnosis_hasDiagnosisStage> <IV> 0 0 0 0
<508425> <hasDiagnosis_hasDiagnosisStage> <IIA> 0 0 0 0
<5103259> <hasDiagnosis_hasDiagnosisStage> <IV> 0 0 0 0
<5106950> <hasDiagnosis_hasDiagnosisStage> <IVA> 0 0 0 0
<5115750> <hasDiagnosis_hasDiagnosisStage> <IVA> 0 0 0 0
<5116042> <hasDiagnosis_hasDiagnosisStage> <IVB> 0 0 0 0
<5305250> <hasDiagnosis_hasDiagnosisStage> <IIB> 0 0 0 0
<5305814> <hasDiagnosis_hasDiagnosisStage> <IV> 0 0 0 0
<5315332> <hasDiagnosis_hasDiagnosisStage> <IVB> 0 0 0 0
<5117389> <hasDiagnosis_hasDiagnosisStage> <IVA> 0 0 0 0
<4312928> <hasDiagnosis_hasDiagnosisStage> <IIIB> 0 0 0 0
<517255> <hasDiagnosis_hasDiagnosisStage> <IV> 0 0 0 0
<5312952> <hasDiagnosis_hasDiagnosisStage> <IIIA> 0 0 0 0
<4910645> <hasDiagnosis_hasDiagnosisStage> <IB> 0 0 0 0
<4910626> <hasDiagnosis_hasDiagnosisStage> <IV> 0 0 0 0
<4601108> <hasDiagnosis_hasDiagnosisStage> <IV> 0 0 0 0
<513728> <hasDiagnosis_hasDiagnosisStage> <IB> 0 0 0 0
<510290> <hasDiagnosis_hasDiagnosisStage> <IIIB> 0 0 0 0
<508191> <hasDiagnosis_hasDiagnosisStage> <IV> 0 0 0 0
<508407> <hasDiagnosis_hasDiagnosisStage> <IIB> 0 0 0 0
<5315517> <hasDiagnosis_hasDiagnosisStage> <IV> 0 0 0 0
<5304592> <hasDiagnosis_hasDiagnosisStage> <IIIB> 0 0 0 0
<5316382> <hasDiagnosis_hasDiagnosisStage> <IVB> 0 0 0 0
<5316489> <hasDiagnosis_hasDiagnosisStage> <IIIB> 0 0 0 0
<5512084> <hasDiagnosis_hasDiagnosisStage> <IVA> 0 0 0 0
<6301690> <hasDiagnosis_hasDiagnosisStage> <IIIA> 0 0 0 0
<7000288> <hasDiagnosis_hasDiagnosisStage> <IV> 0 0 0 0
<703494> <hasDiagnosis_hasDiagnosisStage> <IA> 0 0 0 0
<7717144> <hasDiagnosis_hasDiagnosisStage> <IVB> 0 0 0 0
<3404392> <hasDiagnosis_hasDiagnosisStage> <IV> 0 0 0 0
<415182> <hasDiagnosis_hasDiagnosisStage> <IVB> 0 0 0 0
<3007186> <hasDiagnosis_hasDiagnosisStage> <IB> 0 0 0 0
<3511067> <hasDiagnosis_hasDiagnosisStage> <IIIA> 0 0 0 0
<2811745> <hasDiagnosis_hasDiagnosisStage> <IVA> 0 0 0 0
<508489> <hasDiagnosis_hasDiagnosisStage> <IIIA> 0 0 0 0
<5106922> <hasDiagnosis_hasDiagnosisStage> <IV> 0 0 0 0
<5315369> <hasDiagnosis_hasDiagnosisStage> <IB> 0 0 0 0
<513735> <hasDiagnosis_hasDiagnosisStage> <IV> 0 0 0 0
<6605758> <hasDiagnosis_hasDiagnosisStage> <IV> 0 0 0 0
<9405177> <hasDiagnosis_hasDiagnosisStage> <IVA> 0 0 0 0
<508206> <hasDiagnosis_hasDiagnosisStage> <IV> 0 0 0 0
<3017060> <hasDiagnosis_hasDiagnosisStage> <IIIB> 0 0 0 0
<5104093> <hasDiagnosis_hasDiagnosisStage> <IIB> 0 0 0 0
<2815874> <hasDiagnosis_hasDiagnosisStage> <Limitado> 0 0 0 0
<501261> <hasDiagnosis_hasDiagnosisStage> <IIIB> 0 0 0 0
<5510394> <hasDiagnosis_hasDiagnosisStage> <IIIB> 0 0 0 0
<6304677> <hasDiagnosis_hasDiagnosisStage> <IIIB> 0 0 0 0
<9408606> <hasDiagnosis_hasDiagnosisStage> <IIIA> 0 0 0 0
<2902537> <hasDiagnosis_hasDiagnosisStage> <Extendido> 0 0 0 0
<3310782> <hasDiagnosis_hasDiagnosisStage> <Extendido> 0 0 0 0
<6316147> <hasDiagnosis_hasDiagnosisStage> <Extendido> 0 0 0 0
<2810878> <hasDiagnosis_hasDiagnosisStage> <Extendido> 0 0 0 0
<514263> <hasDiagnosis_hasDiagnosisStage> <IA2> 0 0 0 0
<303287> <hasDiagnosis_hasDiagnosisStage> <IIIA> 0 0 0 0
<2903729> <hasDiagnosis_hasDiagnosisStage> <IB> 0 0 0 0
<516204> <hasDiagnosis_hasDiagnosisStage> <IVB> 0 0 0 0
<508197> <hasDiagnosis_hasDiagnosisStage> <IIIB> 0 0 0 0
<5105450> <hasDiagnosis_hasDiagnosisStage> <IVB> 0 0 0 0
<503958> <hasDiagnosis_hasDiagnosisStage> <Limitado> 0 0 0 0
<5302670> <hasDiagnosis_hasDiagnosisStage> <IV> 0 0 0 0
<4604108> <hasDiagnosis_hasDiagnosisStage> <IIIB> 0 0 0 0
<410236> <hasDiagnosis_hasDiagnosisStage> <IVA> 0 0 0 0
<516755> <hasDiagnosis_hasDiagnosisStage> <IV> 0 0 0 0
<6316499> <hasDiagnosis_hasDiagnosisStage> <IV> 0 0 0 0
<906956> <hasDiagnosis_hasDiagnosisStage> <IA> 0 0 0 0
<5316553> <hasDiagnosis_hasDiagnosisStage> <IIA> 0 0 0 0
<906819> <hasDiagnosis_hasDiagnosisStage> <Limitado> 0 0 0 0
<10612109> <hasDiagnosis_hasDiagnosisStage> <IVB> 0 0 0 0
<10803798> <hasDiagnosis_hasDiagnosisStage> <IIIA> 0 0 0 0
<112095> <hasDiagnosis_hasDiagnosisStage> <IVB> 0 0 0 0
<1201908> <hasDiagnosis_hasDiagnosisStage> <IV> 0 0 0 0
<705102> <hasDiagnosis_hasDiagnosisStage> <IV> 0 0 0 0
<916720> <hasDiagnosis_hasDiagnosisStage> <IVB> 0 0 0 0
<101811> <hasDiagnosis_hasDiagnosisStage> <IV> 0 0 0 0
<517088> <hasDiagnosis_hasDiagnosisStage> <Otros> 0 0 0 0
<7105924> <hasDiagnosis_hasDiagnosisStage> <IV> 0 0 0 0
<6307165> <hasDiagnosis_hasDiagnosisStage> <IB> 0 0 0 0
<6300092> <hasDiagnosis_hasDiagnosisStage> <IIIB> 0 0 0 0
<1305684> <hasDiagnosis_hasDiagnosisStage> <IV> 0 0 0 0
<1314788> <hasDiagnosis_hasDiagnosisStage> <IV> 0 0 0 0
<15703032> <hasDiagnosis_hasDiagnosisStage> <IIIC> 0 0 0 0
<15709464> <hasDiagnosis_hasDiagnosisStage> <IVB> 0 0 0 0
<201714> <hasDiagnosis_hasDiagnosisStage> <IV> 0 0 0 0
<201603> <hasDiagnosis_hasDiagnosisStage> <IV> 0 0 0 0
<204557> <hasDiagnosis_hasDiagnosisStage> <IIB> 0 0 0 0
<2100772> <hasDiagnosis_hasDiagnosisStage> <IV> 0 0 0 0
<2102624> <hasDiagnosis_hasDiagnosisStage> <IVA> 0 0 0 0
<205557> <hasDiagnosis_hasDiagnosisStage> <IIB> 0 0 0 0
<214372> <hasDiagnosis_hasDiagnosisStage> <IVA> 0 0 0 0
<1303742> <hasDiagnosis_hasDiagnosisStage> <IIIB> 0 0 0 0
<204165> <hasDiagnosis_hasDiagnosisStage> <IV> 0 0 0 0
<1309497> <hasDiagnosis_hasDiagnosisStage> <Limitado> 0 0 0 0
<1310062> <hasDiagnosis_hasDiagnosisStage> <IVB> 0 0 0 0
<15706137> <hasDiagnosis_hasDiagnosisStage> <IVA> 0 0 0 0
<1315390> <hasDiagnosis_hasDiagnosisStage> <IV> 0 0 0 0
<206346> <hasDiagnosis_hasDiagnosisStage> <IV> 0 0 0 0
<205440> <hasDiagnosis_hasDiagnosisStage> <IIIB> 0 0 0 0
<1306794> <hasDiagnosis_hasDiagnosisStage> <IIIA> 0 0 0 0
<2304328> <hasDiagnosis_hasDiagnosisStage> <IV> 0 0 0 0
<11405821> <hasDiagnosis_hasDiagnosisStage> <IIIB> 0 0 0 0
<1305435> <hasDiagnosis_hasDiagnosisStage> <IV> 0 0 0 0
<205079> <hasDiagnosis_hasDiagnosisStage> <IV> 0 0 0 0
<201973> <hasDiagnosis_hasDiagnosisStage> <IIA> 0 0 0 0
<15701632> <hasDiagnosis_hasDiagnosisStage> <IIB> 0 0 0 0
<2304829> <hasDiagnosis_hasDiagnosisStage> <IV> 0 0 0 0
<1303640> <hasDiagnosis_hasDiagnosisStage> <IIIA> 0 0 0 0
<2304634> <hasDiagnosis_hasDiagnosisStage> <IA> 0 0 0 0
<2807349> <hasDiagnosis_hasDiagnosisStage> <IV> 0 0 0 0
<2812735> <hasDiagnosis_hasDiagnosisStage> <IA> 0 0 0 0
<300460> <hasDiagnosis_hasDiagnosisStage> <IB> 0 0 0 0
<3016531> <hasDiagnosis_hasDiagnosisStage> <IIIB> 0 0 0 0
<3405248> <hasDiagnosis_hasDiagnosisStage> <IIB> 0 0 0 0
<3414713> <hasDiagnosis_hasDiagnosisStage> <IVA> 0 0 0 0
<3714402> <hasDiagnosis_hasDiagnosisStage> <IVB> 0 0 0 0
<407505> <hasDiagnosis_hasDiagnosisStage> <IIIA> 0 0 0 0
<3802398> <hasDiagnosis_hasDiagnosisStage> <IIA> 0 0 0 0
<6313431> <hasDiagnosis_hasDiagnosisStage> <IV> 0 0 0 0
<11312359> <hasDiagnosis_hasDiagnosisStage> <IIB> 0 0 0 0
<709277> <hasDiagnosis_hasDiagnosisStage> <IIIB> 0 0 0 0
<9705275> <hasDiagnosis_hasDiagnosisStage> <Limitado> 0 0 0 0
<202576> <hasDiagnosis_hasDiagnosisStage> <IIB> 0 0 0 0
<15710169> <hasDiagnosis_hasDiagnosisStage> <IVA> 0 0 0 0
<2100830> <hasDiagnosis_hasDiagnosisStage> <IIA> 0 0 0 0
<1509465> <hasDiagnosis_hasDiagnosisStage> <IIB> 0 0 0 0
<2101072> <hasDiagnosis_hasDiagnosisStage> <IV> 0 0 0 0
<1306184> <hasDiagnosis_hasDiagnosisStage> <IV> 0 0 0 0
<2407271> <hasDiagnosis_hasDiagnosisStage> <IIIA> 0 0 0 0
<410410> <hasDiagnosis_hasDiagnosisStage> <IB> 0 0 0 0
<906999> <hasDiagnosis_hasDiagnosisStage> <IIIC> 0 0 0 0
<6315966> <hasDiagnosis_hasDiagnosisStage> <IIIA> 0 0 0 0
<11312897> <hasDiagnosis_hasDiagnosisStage> <IIIB> 0 0 0 0
<9712714> <hasDiagnosis_hasDiagnosisStage> <IB> 0 0 0 0
<201627> <hasDiagnosis_hasDiagnosisStage> <IVA> 0 0 0 0
<2902458> <hasDiagnosis_hasDiagnosisStage> <IIIB> 0 0 0 0
<9417523> <hasDiagnosis_hasDiagnosisStage> <IIIA> 0 0 0 0
<1514649> <hasDiagnosis_hasDiagnosisStage> <IVB> 0 0 0 0
<15704702> <hasDiagnosis_hasDiagnosisStage> <IIB> 0 0 0 0
<11313860> <hasDiagnosis_hasDiagnosisStage> <IIIA> 0 0 0 0
<416530> <hasDiagnosis_hasDiagnosisStage> <IIIA> 0 0 0 0
<417591> <hasDiagnosis_hasDiagnosisStage> <IV> 0 0 0 0
<2900579> <hasDiagnosis_hasDiagnosisStage> <IIIA> 0 0 0 0
<109622> <hasDiagnosis_hasDiagnosisStage> <IA2> 0 0 0 0
<1213440> <hasDiagnosis_hasDiagnosisStage> <Extendido> 0 0 0 0
<205330> <hasDiagnosis_hasDiagnosisStage> <Extendido> 0 0 0 0
<1504862> <hasDiagnosis_hasDiagnosisStage> <Extendido> 0 0 0 0
<6608752> <hasDiagnosis_hasDiagnosisStage> <Extendido> 0 0 0 0
<207600> <hasDiagnosis_hasDiagnosisStage> <Extendido> 0 0 0 0
<209130> <hasDiagnosis_hasDiagnosisStage> <Extendido> 0 0 0 0
<6311703> <hasDiagnosis_hasDiagnosisStage> <IB> 0 0 0 0
<7105882> <hasDiagnosis_hasDiagnosisStage> <IV> 0 0 0 0
<516782> <hasDiagnosis_hasDiagnosisStage> <IVA> 0 0 0 0
<2304416> <hasDiagnosis_hasDiagnosisStage> <IV> 0 0 0 0
<210389> <hasDiagnosis_hasDiagnosisStage> <IV> 0 0 0 0
<216094> <hasDiagnosis_hasDiagnosisStage> <IVB> 0 0 0 0
<2811461> <hasDiagnosis_hasDiagnosisStage> <IIIB> 0 0 0 0
<2806937> <hasDiagnosis_hasDiagnosisStage> <IV> 0 0 0 0
<3307209> <hasDiagnosis_hasDiagnosisStage> <IIIB> 0 0 0 0
<3602465> <hasDiagnosis_hasDiagnosisStage> <IB> 0 0 0 0
<5506284> <hasDiagnosis_hasDiagnosisStage> <IIIB> 0 0 0 0
<109255> <hasDiagnosis_hasDiagnosisStage> <IIIB> 0 0 0 0
<6300793> <hasDiagnosis_hasDiagnosisStage> <IV> 0 0 0 0
<2808113> <hasDiagnosis_hasDiagnosisStage> <IIIA> 0 0 0 0
<2900872> <hasDiagnosis_hasDiagnosisStage> <IV> 0 0 0 0
<3802471> <hasDiagnosis_hasDiagnosisStage> <IIB> 0 0 0 0
<2916079> <hasDiagnosis_hasDiagnosisStage> <IVB> 0 0 0 0
<2809756> <hasDiagnosis_hasDiagnosisStage> <IIIA> 0 0 0 0
<407626> <hasDiagnosis_hasDiagnosisStage> <IIB> 0 0 0 0
<415919> <hasDiagnosis_hasDiagnosisStage> <IIB> 0 0 0 0
<409868> <hasDiagnosis_hasDiagnosisStage> <IVA> 0 0 0 0
<304945> <hasDiagnosis_hasDiagnosisStage> <IVB> 0 0 0 0
<3307150> <hasDiagnosis_hasDiagnosisStage> <IIIB> 0 0 0 0
<3707139> <hasDiagnosis_hasDiagnosisStage> <IV> 0 0 0 0
<1313344> <hasDiagnosis_hasDiagnosisStage> <IIIA> 0 0 0 0
<2903788> <hasDiagnosis_hasDiagnosisStage> <IIIB> 0 0 0 0
<304940> <hasDiagnosis_hasDiagnosisStage> <IIIA> 0 0 0 0
<407633> <hasDiagnosis_hasDiagnosisStage> <IV> 0 0 0 0
<416824> <hasDiagnosis_hasDiagnosisStage> <IVB> 0 0 0 0
<3510920> <hasDiagnosis_hasDiagnosisStage> <IA1> 0 0 0 0
<409514> <hasDiagnosis_hasDiagnosisStage> <IIIB> 0 0 0 0
<416403> <hasDiagnosis_hasDiagnosisStage> <Limitado> 0 0 0 0
<4615121> <hasDiagnosis_hasDiagnosisStage> <IVB> 0 0 0 0
<4911542> <hasDiagnosis_hasDiagnosisStage> <IVB> 0 0 0 0
<508980> <hasDiagnosis_hasDiagnosisStage> <IV> 0 0 0 0
<5111470> <hasDiagnosis_hasDiagnosisStage> <IVB> 0 0 0 0
<512613> <hasDiagnosis_hasDiagnosisStage> <IIIA> 0 0 0 0
<5313395> <hasDiagnosis_hasDiagnosisStage> <Limitado> 0 0 0 0
<5313923> <hasDiagnosis_hasDiagnosisStage> <IV> 0 0 0 0
<416916> <hasDiagnosis_hasDiagnosisStage> <IVA> 0 0 0 0
<502992> <hasDiagnosis_hasDiagnosisStage> <Limitado> 0 0 0 0
<4911216> <hasDiagnosis_hasDiagnosisStage> <IVA> 0 0 0 0
<4911267> <hasDiagnosis_hasDiagnosisStage> <IIIB> 0 0 0 0
<513077> <hasDiagnosis_hasDiagnosisStage> <IV> 0 0 0 0
<514304> <hasDiagnosis_hasDiagnosisStage> <IVA> 0 0 0 0
<516728> <hasDiagnosis_hasDiagnosisStage> <IIIA> 0 0 0 0
<5108323> <hasDiagnosis_hasDiagnosisStage> <IVA> 0 0 0 0
<513703> <hasDiagnosis_hasDiagnosisStage> <IB> 0 0 0 0
<512339> <hasDiagnosis_hasDiagnosisStage> <IV> 0 0 0 0
<503191> <hasDiagnosis_hasDiagnosisStage> <Limitado> 0 0 0 0
<5104918> <hasDiagnosis_hasDiagnosisStage> <IIIA> 0 0 0 0
<508512> <hasDiagnosis_hasDiagnosisStage> <IV> 0 0 0 0
<5104606> <hasDiagnosis_hasDiagnosisStage> <IV> 0 0 0 0
<4313322> <hasDiagnosis_hasDiagnosisStage> <IIIB> 0 0 0 0
<5314662> <hasDiagnosis_hasDiagnosisStage> <IV> 0 0 0 0
<513968> <hasDiagnosis_hasDiagnosisStage> <IIIA> 0 0 0 0
<508565> <hasDiagnosis_hasDiagnosisStage> <IV> 0 0 0 0
<408818> <hasDiagnosis_hasDiagnosisStage> <IV> 0 0 0 0
<5107411> <hasDiagnosis_hasDiagnosisStage> <IIIB> 0 0 0 0
<513849> <hasDiagnosis_hasDiagnosisStage> <IA> 0 0 0 0
<508453> <hasDiagnosis_hasDiagnosisStage> <IV> 0 0 0 0
<6400529> <hasDiagnosis_hasDiagnosisStage> <IIIB> 0 0 0 0
<7405342> <hasDiagnosis_hasDiagnosisStage> <IIB> 0 0 0 0
<9409428> <hasDiagnosis_hasDiagnosisStage> <IVB> 0 0 0 0
<908662> <hasDiagnosis_hasDiagnosisStage> <IVB> 0 0 0 0
<6315360> <hasDiagnosis_hasDiagnosisStage> <IV> 0 0 0 0
<3314949> <hasDiagnosis_hasDiagnosisStage> <IIIA> 0 0 0 0
<15706099> <hasDiagnosis_hasDiagnosisStage> <IIIB> 0 0 0 0
<2309595> <hasDiagnosis_hasDiagnosisStage> <Limitado> 0 0 0 0
<2311865> <hasDiagnosis_hasDiagnosisStage> <IVB> 0 0 0 0
<417585> <hasDiagnosis_hasDiagnosisStage> <IV> 0 0 0 0
<508415> <hasDiagnosis_hasDiagnosisStage> <IV> 0 0 0 0
<513765> <hasDiagnosis_hasDiagnosisStage> <IIB> 0 0 0 0
<410202> <hasDiagnosis_hasDiagnosisStage> <IIB> 0 0 0 0
<3011339> <hasDiagnosis_hasDiagnosisStage> <IIIB> 0 0 0 0
<508526> <hasDiagnosis_hasDiagnosisStage> <IV> 0 0 0 0
<508386> <hasDiagnosis_hasDiagnosisStage> <IIA> 0 0 0 0
<514384> <hasDiagnosis_hasDiagnosisStage> <IIB> 0 0 0 0
<513930> <hasDiagnosis_hasDiagnosisStage> <IIIA> 0 0 0 0
<5103286> <hasDiagnosis_hasDiagnosisStage> <IIIB> 0 0 0 0
<4314180> <hasDiagnosis_hasDiagnosisStage> <IVA> 0 0 0 0
<9408736> <hasDiagnosis_hasDiagnosisStage> <IIIA> 0 0 0 0
<410391> <hasDiagnosis_hasDiagnosisStage> <IIIA> 0 0 0 0
<3712383> <hasDiagnosis_hasDiagnosisStage> <IVA> 0 0 0 0
<3412523> <hasDiagnosis_hasDiagnosisStage> <IVB> 0 0 0 0
<305184> <hasDiagnosis_hasDiagnosisStage> <IIIA> 0 0 0 0
<514051> <hasDiagnosis_hasDiagnosisStage> <IVB> 0 0 0 0
<416730> <hasDiagnosis_hasDiagnosisStage> <IVB> 0 0 0 0
<507727> <hasDiagnosis_hasDiagnosisStage> <IB> 0 0 0 0
<512305> <hasDiagnosis_hasDiagnosisStage> <IIIA> 0 0 0 0
<517272> <hasDiagnosis_hasDiagnosisStage> <IV> 0 0 0 0
<201540> <hasDiagnosis_hasDiagnosisStage> <IIIA> 0 0 0 0
<417514> <hasDiagnosis_hasDiagnosisStage> <IV> 0 0 0 0
<5111951> <hasDiagnosis_hasDiagnosisStage> <IVB> 0 0 0 0
<8306657> <hasDiagnosis_hasDiagnosisStage> <IV> 0 0 0 0
<916423> <hasDiagnosis_hasDiagnosisStage> <IIIB> 0 0 0 0
<5307285> <hasDiagnosis_hasDiagnosisStage> <IV> 0 0 0 0
<5504973> <hasDiagnosis_hasDiagnosisStage> <Otros> 0 0 0 0
<5314837> <hasDiagnosis_hasDiagnosisStage> <IV> 0 0 0 0
<6300514> <hasDiagnosis_hasDiagnosisStage> <Limitado> 0 0 0 0
<503047> <hasDiagnosis_hasDiagnosisStage> <Extendido> 0 0 0 0
<5315443> <hasDiagnosis_hasDiagnosisStage> <Extendido> 0 0 0 0
<503291> <hasDiagnosis_hasDiagnosisStage> <Extendido> 0 0 0 0
<908794> <hasDiagnosis_hasDiagnosisStage> <Extendido> 0 0 0 0
<3016715> <hasDiagnosis_hasDiagnosisStage> <IA2> 0 0 0 0
<4910841> <hasDiagnosis_hasDiagnosisStage> <Extendido> 0 0 0 0
<503106> <hasDiagnosis_hasDiagnosisStage> <Extendido> 0 0 0 0
<300256> <hasDiagnosis_hasDiagnosisStage> <Extendido> 0 0 0 0
<416749> <hasDiagnosis_hasDiagnosisStage> <Extendido> 0 0 0 0
<2806189> <hasDiagnosis_hasDiagnosisStage> <Extendido> 0 0 0 0
<5314252> <hasDiagnosis_hasDiagnosisStage> <Extendido> 0 0 0 0
<416391> <hasDiagnosis_hasDiagnosisStage> <IIA> 0 0 0 0
<3510932> <hasDiagnosis_hasDiagnosisStage> <IB> 0 0 0 0
<2305128> <hasDiagnosis_hasDiagnosisStage> <IV> 0 0 0 0
<2309218> <hasDiagnosis_hasDiagnosisStage> <IVA> 0 0 0 0
<5103312> <hasDiagnosis_hasDiagnosisStage> <IV> 0 0 0 0
<5109588> <hasDiagnosis_hasDiagnosisStage> <IV> 0 0 0 0
<2300007> <hasDiagnosis_hasDiagnosisStage> <IIIA> 0 0 0 0
<9413572> <hasDiagnosis_hasDiagnosisStage> <IVA> 0 0 0 0
<704475> <hasDiagnosis_hasDiagnosisStage> <IIIA> 0 0 0 0
<1310581> <hasDiagnosis_hasDiagnosisStage> <IVB> 0 0 0 0
<6316628> <hasDiagnosis_hasDiagnosisStage> <IIIB> 0 0 0 0
<6302618> <hasDiagnosis_hasDiagnosisStage> <IIIA> 0 0 0 0
<10803745> <hasDiagnosis_hasDiagnosisStage> <IV> 0 0 0 0
<1509527> <hasDiagnosis_hasDiagnosisStage> <IVB> 0 0 0 0
<204615> <hasDiagnosis_hasDiagnosisStage> <Otros> 0 0 0 0
<2101879> <hasDiagnosis_hasDiagnosisStage> <IV> 0 0 0 0
<416669> <hasDiagnosis_hasDiagnosisStage> <IIIA> 0 0 0 0
<6312866> <hasDiagnosis_hasDiagnosisStage> <IV> 0 0 0 0
<7404345> <hasDiagnosis_hasDiagnosisStage> <IIIA> 0 0 0 0
<7409151> <hasDiagnosis_hasDiagnosisStage> <IV> 0 0 0 0
<9409217> <hasDiagnosis_hasDiagnosisStage> <IIIA> 0 0 0 0
<2815997> <hasDiagnosis_hasDiagnosisStage> <IIIA> 0 0 0 0
<901905> <hasDiagnosis_hasDiagnosisStage> <IIIA> 0 0 0 0
<911697> <hasDiagnosis_hasDiagnosisStage> <IB> 0 0 0 0
<6316511> <hasDiagnosis_hasDiagnosisStage> <IIIA> 0 0 0 0
<9408654> <hasDiagnosis_hasDiagnosisStage> <IIA> 0 0 0 0
<5314513> <hasDiagnosis_hasDiagnosisStage> <IV> 0 0 0 0
<916865> <hasDiagnosis_hasDiagnosisStage> <IVB> 0 0 0 0
<4910809> <hasDiagnosis_hasDiagnosisStage> <IIIA> 0 0 0 0
<6312405> <hasDiagnosis_hasDiagnosisStage> <IV> 0 0 0 0
<6315476> <hasDiagnosis_hasDiagnosisStage> <IV> 0 0 0 0
<6315639> <hasDiagnosis_hasDiagnosisStage> <IIIA> 0 0 0 0
<6300053> <hasDiagnosis_hasDiagnosisStage> <IV> 0 0 0 0
<6316713> <hasDiagnosis_hasDiagnosisStage> <IIIA> 0 0 0 0
<9416379> <hasDiagnosis_hasDiagnosisStage> <IVB> 0 0 0 0
<2100923> <hasDiagnosis_hasDiagnosisStage> <IV> 0 0 0 0
<2809372> <hasDiagnosis_hasDiagnosisStage> <IV> 0 0 0 0
<102735> <hasDiagnosis_hasDiagnosisStage> <IIIA> 0 0 0 0
<2917331> <hasDiagnosis_hasDiagnosisStage> <IVA> 0 0 0 0
<10816571> <hasDiagnosis_hasDiagnosisStage> <IIA> 0 0 0 0
<501302> <hasDiagnosis_hasDiagnosisStage> <IIIB> 0 0 0 0
<6315869> <hasDiagnosis_hasDiagnosisStage> <Otros> 0 0 0 0
<110126> <hasDiagnosis_hasDiagnosisStage> <IA2> 0 0 0 0
<204939> <hasDiagnosis_hasDiagnosisStage> <Extendido> 0 0 0 0
<5312980> <hasDiagnosis_hasDiagnosisStage> <Extendido> 0 0 0 0
<503849> <hasDiagnosis_hasDiagnosisStage> <Extendido> 0 0 0 0
<5314480> <hasDiagnosis_hasDiagnosisStage> <Extendido> 0 0 0 0
<701588> <hasDiagnosis_hasDiagnosisStage> <Extendido> 0 0 0 0
<3900195> <hasDiagnosis_hasDiagnosisStage> <Extendido> 0 0 0 0
<4910463> <hasDiagnosis_hasDiagnosisStage> <IA2> 0 0 0 0
<908665> <hasDiagnosis_hasDiagnosisStage> <Extendido> 0 0 0 0
<6316392> <hasDiagnosis_hasDiagnosisStage> <Extendido> 0 0 0 0
<10600642> <hasDiagnosis_hasDiagnosisStage> <IIA> 0 0 0 0
<1201953> <hasDiagnosis_hasDiagnosisStage> <IV> 0 0 0 0
<1213218> <hasDiagnosis_hasDiagnosisStage> <IVB> 0 0 0 0
<10611834> <hasDiagnosis_hasDiagnosisStage> <IIIC> 0 0 0 0
<109154> <hasDiagnosis_hasDiagnosisStage> <IIIC> 0 0 0 0
<11911238> <hasDiagnosis_hasDiagnosisStage> <IV> 0 0 0 0
<10815687> <hasDiagnosis_hasDiagnosisStage> <IVA> 0 0 0 0
<110111> <hasDiagnosis_hasDiagnosisStage> <IA> 0 0 0 0
<107999> <hasDiagnosis_hasDiagnosisStage> <IV> 0 0 0 0
<100495> <hasDiagnosis_hasDiagnosisStage> <IVB> 0 0 0 0
<1005091> <hasDiagnosis_hasDiagnosisStage> <IV> 0 0 0 0
<110348> <hasDiagnosis_hasDiagnosisStage> <IVA> 0 0 0 0
<1005087> <hasDiagnosis_hasDiagnosisStage> <IV> 0 0 0 0
<11911930> <hasDiagnosis_hasDiagnosisStage> <IIA> 0 0 0 0
<10612329> <hasDiagnosis_hasDiagnosisStage> <IVB> 0 0 0 0
<1301928> <hasDiagnosis_hasDiagnosisStage> <IV> 0 0 0 0
<1505654> <hasDiagnosis_hasDiagnosisStage> <IV> 0 0 0 0
<1500599> <hasDiagnosis_hasDiagnosisStage> <IIIB> 0 0 0 0
<202033> <hasDiagnosis_hasDiagnosisStage> <IIA> 0 0 0 0
<204627> <hasDiagnosis_hasDiagnosisStage> <IIIA> 0 0 0 0
<10600258> <hasDiagnosis_hasDiagnosisStage> <IV> 0 0 0 0
<1213357> <hasDiagnosis_hasDiagnosisStage> <IIIB> 0 0 0 0
<1501007> <hasDiagnosis_hasDiagnosisStage> <IV> 0 0 0 0
<204097> <hasDiagnosis_hasDiagnosisStage> <IV> 0 0 0 0
<1309535> <hasDiagnosis_hasDiagnosisStage> <IVB> 0 0 0 0
<12914951> <hasDiagnosis_hasDiagnosisStage> <Limitado> 0 0 0 0
<1505068> <hasDiagnosis_hasDiagnosisStage> <IIIC> 0 0 0 0
<15708054> <hasDiagnosis_hasDiagnosisStage> <IB> 0 0 0 0
<116560> <hasDiagnosis_hasDiagnosisStage> <IVB> 0 0 0 0
<1504523> <hasDiagnosis_hasDiagnosisStage> <IVB> 0 0 0 0
<1315685> <hasDiagnosis_hasDiagnosisStage> <IVA> 0 0 0 0
<2303283> <hasDiagnosis_hasDiagnosisStage> <IV> 0 0 0 0
<14704323> <hasDiagnosis_hasDiagnosisStage> <IVA> 0 0 0 0
<2300037> <hasDiagnosis_hasDiagnosisStage> <IIIA> 0 0 0 0
<1302061> <hasDiagnosis_hasDiagnosisStage> <IVA> 0 0 0 0
<1310186> <hasDiagnosis_hasDiagnosisStage> <IIIC> 0 0 0 0
<1315415> <hasDiagnosis_hasDiagnosisStage> <IV> 0 0 0 0
<2100663> <hasDiagnosis_hasDiagnosisStage> <IV> 0 0 0 0
<203599> <hasDiagnosis_hasDiagnosisStage> <IV> 0 0 0 0
<2303830> <hasDiagnosis_hasDiagnosisStage> <IIIA> 0 0 0 0
<109950> <hasDiagnosis_hasDiagnosisStage> <IIIA> 0 0 0 0
<2300013> <hasDiagnosis_hasDiagnosisStage> <IV> 0 0 0 0
<1302714> <hasDiagnosis_hasDiagnosisStage> <IIB> 0 0 0 0
<2813067> <hasDiagnosis_hasDiagnosisStage> <IVB> 0 0 0 0
<2813589> <hasDiagnosis_hasDiagnosisStage> <IIIC> 0 0 0 0
<300439> <hasDiagnosis_hasDiagnosisStage> <IIB> 0 0 0 0
<311606> <hasDiagnosis_hasDiagnosisStage> <IV> 0 0 0 0
<307506> <hasDiagnosis_hasDiagnosisStage> <IA> 0 0 0 0
<3510411> <hasDiagnosis_hasDiagnosisStage> <IVA> 0 0 0 0
<409496> <hasDiagnosis_hasDiagnosisStage> <IV> 0 0 0 0
<410380> <hasDiagnosis_hasDiagnosisStage> <IVA> 0 0 0 0
<3812458> <hasDiagnosis_hasDiagnosisStage> <IVA> 0 0 0 0
<2305899> <hasDiagnosis_hasDiagnosisStage> <IV> 0 0 0 0
<409750> <hasDiagnosis_hasDiagnosisStage> <IIIA> 0 0 0 0
<313030> <hasDiagnosis_hasDiagnosisStage> <IIB> 0 0 0 0
<2805243> <hasDiagnosis_hasDiagnosisStage> <IIIB> 0 0 0 0
<2807852> <hasDiagnosis_hasDiagnosisStage> <IIIA> 0 0 0 0
<2808358> <hasDiagnosis_hasDiagnosisStage> <Limitado> 0 0 0 0
<3005840> <hasDiagnosis_hasDiagnosisStage> <IV> 0 0 0 0
<3016880> <hasDiagnosis_hasDiagnosisStage> <IIIA> 0 0 0 0
<11405660> <hasDiagnosis_hasDiagnosisStage> <IV> 0 0 0 0
<1300510> <hasDiagnosis_hasDiagnosisStage> <IV> 0 0 0 0
<1300515> <hasDiagnosis_hasDiagnosisStage> <IV> 0 0 0 0
<1303609> <hasDiagnosis_hasDiagnosisStage> <IA> 0 0 0 0
<2304140> <hasDiagnosis_hasDiagnosisStage> <IV> 0 0 0 0
<209427> <hasDiagnosis_hasDiagnosisStage> <IB> 0 0 0 0
<1516297> <hasDiagnosis_hasDiagnosisStage> <Otros> 0 0 0 0
<202259> <hasDiagnosis_hasDiagnosisStage> <IIA> 0 0 0 0
<1300685> <hasDiagnosis_hasDiagnosisStage> <IV> 0 0 0 0
<2302437> <hasDiagnosis_hasDiagnosisStage> <IB> 0 0 0 0
<202937> <hasDiagnosis_hasDiagnosisStage> <IV> 0 0 0 0
<2808293> <hasDiagnosis_hasDiagnosisStage> <IIIA> 0 0 0 0
<313008> <hasDiagnosis_hasDiagnosisStage> <IIIA> 0 0 0 0
<2304904> <hasDiagnosis_hasDiagnosisStage> <IV> 0 0 0 0
<1311252> <hasDiagnosis_hasDiagnosisStage> <Extendido> 0 0 0 0
<14705093> <hasDiagnosis_hasDiagnosisStage> <Extendido> 0 0 0 0
<2302623> <hasDiagnosis_hasDiagnosisStage> <Extendido> 0 0 0 0
<2311633> <hasDiagnosis_hasDiagnosisStage> <Extendido> 0 0 0 0
<2303242> <hasDiagnosis_hasDiagnosisStage> <Extendido> 0 0 0 0
<312921> <hasDiagnosis_hasDiagnosisStage> <Extendido> 0 0 0 0
<301136> <hasDiagnosis_hasDiagnosisStage> <Extendido> 0 0 0 0
<416493> <hasDiagnosis_hasDiagnosisStage> <Extendido> 0 0 0 0
<15714637> <hasDiagnosis_hasDiagnosisStage> <IA2> 0 0 0 0
<12914023> <hasDiagnosis_hasDiagnosisStage> <Extendido> 0 0 0 0
<108322> <hasDiagnosis_hasDiagnosisStage> <IIIB> 0 0 0 0
<2101162> <hasDiagnosis_hasDiagnosisStage> <IV> 0 0 0 0
<2311253> <hasDiagnosis_hasDiagnosisStage> <IVB> 0 0 0 0
<211320> <hasDiagnosis_hasDiagnosisStage> <IV> 0 0 0 0
<107623> <hasDiagnosis_hasDiagnosisStage> <IVA> 0 0 0 0
<416776> <hasDiagnosis_hasDiagnosisStage> <IVB> 0 0 0 0
<2902445> <hasDiagnosis_hasDiagnosisStage> <IV> 0 0 0 0
<410337> <hasDiagnosis_hasDiagnosisStage> <IV> 0 0 0 0
<1500913> <hasDiagnosis_hasDiagnosisStage> <IIIB> 0 0 0 0
<2300030> <hasDiagnosis_hasDiagnosisStage> <IIIA> 0 0 0 0
<205077> <hasDiagnosis_hasDiagnosisStage> <IIIA> 0 0 0 0
<2408592> <hasDiagnosis_hasDiagnosisStage> <IIIB> 0 0 0 0
<1305528> <hasDiagnosis_hasDiagnosisStage> <IV> 0 0 0 0
<15714588> <hasDiagnosis_hasDiagnosisStage> <IIIA> 0 0 0 0
<2808086> <hasDiagnosis_hasDiagnosisStage> <IIIA> 0 0 0 0
<201841> <hasDiagnosis_hasDiagnosisStage> <IV> 0 0 0 0
<2402717> <hasDiagnosis_hasDiagnosisStage> <IIIB> 0 0 0 0
<2100831> <hasDiagnosis_hasDiagnosisStage> <IV> 0 0 0 0
<206680> <hasDiagnosis_hasDiagnosisStage> <IV> 0 0 0 0
<307946> <hasDiagnosis_hasDiagnosisStage> <IV> 0 0 0 0
<201829> <hasDiagnosis_hasDiagnosisStage> <IIIB> 0 0 0 0
<2312864> <hasDiagnosis_hasDiagnosisStage> <IVB> 0 0 0 0
<204225> <hasDiagnosis_hasDiagnosisStage> <IB> 0 0 0 0
<3801527> <hasDiagnosis_hasDiagnosisStage> <IIIA> 0 0 0 0
<411584> <hasDiagnosis_hasDiagnosisStage> <IB> 0 0 0 0
<2311661> <hasDiagnosis_hasDiagnosisStage> <IVA> 0 0 0 0
<1509254> <hasDiagnosis_hasDiagnosisStage> <IIIA> 0 0 0 0
<306928> <hasDiagnosis_hasDiagnosisStage> <IIIA> 0 0 0 0
<303678> <hasDiagnosis_hasDiagnosisStage> <IV> 0 0 0 0
<3317279> <hasDiagnosis_hasDiagnosisStage> <IIIC> 0 0 0 0
<306669> <hasDiagnosis_hasDiagnosisStage> <IV> 0 0 0 0
<4911124> <hasDiagnosis_hasDiagnosisStage> <IIIB> 0 0 0 0
<508827> <hasDiagnosis_hasDiagnosisStage> <IV> 0 0 0 0
<508944> <hasDiagnosis_hasDiagnosisStage> <IV> 0 0 0 0
<5114576> <hasDiagnosis_hasDiagnosisStage> <IVB> 0 0 0 0
<5117393> <hasDiagnosis_hasDiagnosisStage> <IVB> 0 0 0 0
<512966> <hasDiagnosis_hasDiagnosisStage> <IIIA> 0 0 0 0
<513619> <hasDiagnosis_hasDiagnosisStage> <IB> 0 0 0 0
<516904> <hasDiagnosis_hasDiagnosisStage> <IB> 0 0 0 0
<5312666> <hasDiagnosis_hasDiagnosisStage> <IVB> 0 0 0 0
<5314102> <hasDiagnosis_hasDiagnosisStage> <IV> 0 0 0 0
<5314676> <hasDiagnosis_hasDiagnosisStage> <IIIB> 0 0 0 0
<5315673> <hasDiagnosis_hasDiagnosisStage> <IVA> 0 0 0 0
<503843> <hasDiagnosis_hasDiagnosisStage> <Limitado> 0 0 0 0
<4601112> <hasDiagnosis_hasDiagnosisStage> <IV> 0 0 0 0
<508420> <hasDiagnosis_hasDiagnosisStage> <IIIB> 0 0 0 0
<509039> <hasDiagnosis_hasDiagnosisStage> <IIIA> 0 0 0 0
<503954> <hasDiagnosis_hasDiagnosisStage> <Otros> 0 0 0 0
<5111379> <hasDiagnosis_hasDiagnosisStage> <IVB> 0 0 0 0
<2810618> <hasDiagnosis_hasDiagnosisStage> <IVB> 0 0 0 0
<410215> <hasDiagnosis_hasDiagnosisStage> <IIIB> 0 0 0 0
<5305964> <hasDiagnosis_hasDiagnosisStage> <IV> 0 0 0 0
<513346> <hasDiagnosis_hasDiagnosisStage> <IV> 0 0 0 0
<5106369> <hasDiagnosis_hasDiagnosisStage> <IVB> 0 0 0 0
<5313996> <hasDiagnosis_hasDiagnosisStage> <IIIA> 0 0 0 0
<516277> <hasDiagnosis_hasDiagnosisStage> <IIIB> 0 0 0 0
<509047> <hasDiagnosis_hasDiagnosisStage> <IV> 0 0 0 0
<306897> <hasDiagnosis_hasDiagnosisStage> <Limitado> 0 0 0 0
<5107074> <hasDiagnosis_hasDiagnosisStage> <IIIA> 0 0 0 0
<508956> <hasDiagnosis_hasDiagnosisStage> <IV> 0 0 0 0
<512941> <hasDiagnosis_hasDiagnosisStage> <IVA> 0 0 0 0
<5315253> <hasDiagnosis_hasDiagnosisStage> <IV> 0 0 0 0
<513730> <hasDiagnosis_hasDiagnosisStage> <IIA> 0 0 0 0
<508504> <hasDiagnosis_hasDiagnosisStage> <IV> 0 0 0 0
<5316534> <hasDiagnosis_hasDiagnosisStage> <IVB> 0 0 0 0
<5505491> <hasDiagnosis_hasDiagnosisStage> <IV> 0 0 0 0
<705610> <hasDiagnosis_hasDiagnosisStage> <IV> 0 0 0 0
<9408834> <hasDiagnosis_hasDiagnosisStage> <IV> 0 0 0 0
<9414087> <hasDiagnosis_hasDiagnosisStage> <IV> 0 0 0 0
<9415324> <hasDiagnosis_hasDiagnosisStage> <IIIB> 0 0 0 0
<9908920> <hasDiagnosis_hasDiagnosisStage> <IVB> 0 0 0 0
<5506797> <hasDiagnosis_hasDiagnosisStage> <IV> 0 0 0 0
<6300795> <hasDiagnosis_hasDiagnosisStage> <IIIB> 0 0 0 0
<6316494> <hasDiagnosis_hasDiagnosisStage> <IV> 0 0 0 0
<909661> <hasDiagnosis_hasDiagnosisStage> <IVB> 0 0 0 0
<9703842> <hasDiagnosis_hasDiagnosisStage> <IV> 0 0 0 0
<9905863> <hasDiagnosis_hasDiagnosisStage> <IV> 0 0 0 0
<6303503> <hasDiagnosis_hasDiagnosisStage> <IVA> 0 0 0 0
<7105408> <hasDiagnosis_hasDiagnosisStage> <IV> 0 0 0 0
<916892> <hasDiagnosis_hasDiagnosisStage> <IB> 0 0 0 0
<101785> <hasDiagnosis_hasDiagnosisStage> <IIB> 0 0 0 0
<108318> <hasDiagnosis_hasDiagnosisStage> <IVA> 0 0 0 0
<110244> <hasDiagnosis_hasDiagnosisStage> <IIIA> 0 0 0 0
<112087> <hasDiagnosis_hasDiagnosisStage> <IVB> 0 0 0 0
<1216546> <hasDiagnosis_hasDiagnosisStage> <IVB> 0 0 0 0
<2911373> <hasDiagnosis_hasDiagnosisStage> <IVA> 0 0 0 0
<410655> <hasDiagnosis_hasDiagnosisStage> <IVA> 0 0 0 0
<2911844> <hasDiagnosis_hasDiagnosisStage> <IB> 0 0 0 0
<507260> <hasDiagnosis_hasDiagnosisStage> <IIIA> 0 0 0 0
<5111329> <hasDiagnosis_hasDiagnosisStage> <IIIB> 0 0 0 0
<4600167> <hasDiagnosis_hasDiagnosisStage> <IV> 0 0 0 0
<508947> <hasDiagnosis_hasDiagnosisStage> <IV> 0 0 0 0
<509003> <hasDiagnosis_hasDiagnosisStage> <IB> 0 0 0 0
<513526> <hasDiagnosis_hasDiagnosisStage> <IIB> 0 0 0 0
<4911110> <hasDiagnosis_hasDiagnosisStage> <IV> 0 0 0 0
<5103268> <hasDiagnosis_hasDiagnosisStage> <Limitado> 0 0 0 0
<5114020> <hasDiagnosis_hasDiagnosisStage> <IVB> 0 0 0 0
<503355> <hasDiagnosis_hasDiagnosisStage> <Extendido> 0 0 0 0
<503936> <hasDiagnosis_hasDiagnosisStage> <Extendido> 0 0 0 0
<5502858> <hasDiagnosis_hasDiagnosisStage> <Extendido> 0 0 0 0
<717341> <hasDiagnosis_hasDiagnosisStage> <IA2> 0 0 0 0
<9703263> <hasDiagnosis_hasDiagnosisStage> <Extendido> 0 0 0 0
<317409> <hasDiagnosis_hasDiagnosisStage> <IIIC> 0 0 0 0
<108337> <hasDiagnosis_hasDiagnosisStage> <IVB> 0 0 0 0
<409359> <hasDiagnosis_hasDiagnosisStage> <IV> 0 0 0 0
<15700120> <hasDiagnosis_hasDiagnosisStage> <IV> 0 0 0 0
<2811502> <hasDiagnosis_hasDiagnosisStage> <IVA> 0 0 0 0
<2814325> <hasDiagnosis_hasDiagnosisStage> <IIIA> 0 0 0 0
<5304443> <hasDiagnosis_hasDiagnosisStage> <IV> 0 0 0 0
<5313972> <hasDiagnosis_hasDiagnosisStage> <IIIB> 0 0 0 0
<5314899> <hasDiagnosis_hasDiagnosisStage> <IIA> 0 0 0 0
<5313500> <hasDiagnosis_hasDiagnosisStage> <Otros> 0 0 0 0
<410181> <hasDiagnosis_hasDiagnosisStage> <IVA> 0 0 0 0
<4600825> <hasDiagnosis_hasDiagnosisStage> <IV> 0 0 0 0
<6315956> <hasDiagnosis_hasDiagnosisStage> <IIIB> 0 0 0 0
<6316404> <hasDiagnosis_hasDiagnosisStage> <IV> 0 0 0 0
<2301426> <hasDiagnosis_hasDiagnosisStage> <Limitado> 0 0 0 0
<4910542> <hasDiagnosis_hasDiagnosisStage> <IIIC> 0 0 0 0
<4313848> <hasDiagnosis_hasDiagnosisStage> <IIIA> 0 0 0 0
<715160> <hasDiagnosis_hasDiagnosisStage> <IIIB> 0 0 0 0
<507448> <hasDiagnosis_hasDiagnosisStage> <IV> 0 0 0 0
<516885> <hasDiagnosis_hasDiagnosisStage> <IA> 0 0 0 0
<508382> <hasDiagnosis_hasDiagnosisStage> <IIB> 0 0 0 0
<6300707> <hasDiagnosis_hasDiagnosisStage> <IV> 0 0 0 0
<2904006> <hasDiagnosis_hasDiagnosisStage> <IV> 0 0 0 0
<501308> <hasDiagnosis_hasDiagnosisStage> <IIIB> 0 0 0 0
<305235> <hasDiagnosis_hasDiagnosisStage> <IVA> 0 0 0 0
<2100972> <hasDiagnosis_hasDiagnosisStage> <Otros> 0 0 0 0
<5511325> <hasDiagnosis_hasDiagnosisStage> <IIIB> 0 0 0 0
<3006821> <hasDiagnosis_hasDiagnosisStage> <IV> 0 0 0 0
<5317582> <hasDiagnosis_hasDiagnosisStage> <IIIB> 0 0 0 0
<701689> <hasDiagnosis_hasDiagnosisStage> <IV> 0 0 0 0
<916434> <hasDiagnosis_hasDiagnosisStage> <IVB> 0 0 0 0
<703772> <hasDiagnosis_hasDiagnosisStage> <Limitado> 0 0 0 0
<6317276> <hasDiagnosis_hasDiagnosisStage> <Limitado> 0 0 0 0
<9905703> <hasDiagnosis_hasDiagnosisStage> <IV> 0 0 0 0
<6315414> <hasDiagnosis_hasDiagnosisStage> <IV> 0 0 0 0
<1202387> <hasDiagnosis_hasDiagnosisStage> <IV> 0 0 0 0
<9414083> <hasDiagnosis_hasDiagnosisStage> <IVA> 0 0 0 0
<1305605> <hasDiagnosis_hasDiagnosisStage> <IV> 0 0 0 0
<1306156> <hasDiagnosis_hasDiagnosisStage> <IV> 0 0 0 0
<1315426> <hasDiagnosis_hasDiagnosisStage> <IV> 0 0 0 0
<1512705> <hasDiagnosis_hasDiagnosisStage> <IB> 0 0 0 0
<1514487> <hasDiagnosis_hasDiagnosisStage> <IB> 0 0 0 0
<207375> <hasDiagnosis_hasDiagnosisStage> <IB> 0 0 0 0
<2102183> <hasDiagnosis_hasDiagnosisStage> <Otros> 0 0 0 0
<213498> <hasDiagnosis_hasDiagnosisStage> <Otros> 0 0 0 0
<108104> <hasDiagnosis_hasDiagnosisStage> <IIIB> 0 0 0 0
<1203406> <hasDiagnosis_hasDiagnosisStage> <IV> 0 0 0 0
<1306373> <hasDiagnosis_hasDiagnosisStage> <IV> 0 0 0 0
<1507379> <hasDiagnosis_hasDiagnosisStage> <IIIA> 0 0 0 0
<202020> <hasDiagnosis_hasDiagnosisStage> <IIIA> 0 0 0 0
<207278> <hasDiagnosis_hasDiagnosisStage> <IV> 0 0 0 0
<1508749> <hasDiagnosis_hasDiagnosisStage> <IV> 0 0 0 0
<208000> <hasDiagnosis_hasDiagnosisStage> <IV> 0 0 0 0
<207955> <hasDiagnosis_hasDiagnosisStage> <IB> 0 0 0 0
<202582> <hasDiagnosis_hasDiagnosisStage> <IB> 0 0 0 0
<15714635> <hasDiagnosis_hasDiagnosisStage> <IVA> 0 0 0 0
<201462> <hasDiagnosis_hasDiagnosisStage> <IVA> 0 0 0 0
<2310591> <hasDiagnosis_hasDiagnosisStage> <IVB> 0 0 0 0
<2811221> <hasDiagnosis_hasDiagnosisStage> <IB> 0 0 0 0
<2808772> <hasDiagnosis_hasDiagnosisStage> <IIIA> 0 0 0 0
<2816455> <hasDiagnosis_hasDiagnosisStage> <IIB> 0 0 0 0
<2914782> <hasDiagnosis_hasDiagnosisStage> <Limitado> 0 0 0 0
<311785> <hasDiagnosis_hasDiagnosisStage> <IV> 0 0 0 0
<312063> <hasDiagnosis_hasDiagnosisStage> <I> 0 0 0 0
<3406707> <hasDiagnosis_hasDiagnosisStage> <IIIA> 0 0 0 0
<307041> <hasDiagnosis_hasDiagnosisStage> <IV> 0 0 0 0
<3509941> <hasDiagnosis_hasDiagnosisStage> <IVB> 0 0 0 0
<3707101> <hasDiagnosis_hasDiagnosisStage> <IIIB> 0 0 0 0
<2817250> <hasDiagnosis_hasDiagnosisStage> <IIIA> 0 0 0 0
<2910760> <hasDiagnosis_hasDiagnosisStage> <IIIB> 0 0 0 0
<4205835> <hasDiagnosis_hasDiagnosisStage> <IV> 0 0 0 0
<100393> <hasDiagnosis_hasDiagnosisStage> <IIB> 0 0 0 0
<11317039> <hasDiagnosis_hasDiagnosisStage> <Otros> 0 0 0 0
<1213299> <hasDiagnosis_hasDiagnosisStage> <IVB> 0 0 0 0
<9712293> <hasDiagnosis_hasDiagnosisStage> <IVB> 0 0 0 0
<2100975> <hasDiagnosis_hasDiagnosisStage> <IIIA> 0 0 0 0
<1301932> <hasDiagnosis_hasDiagnosisStage> <IIIA> 0 0 0 0
<209904> <hasDiagnosis_hasDiagnosisStage> <IV> 0 0 0 0
<15714642> <hasDiagnosis_hasDiagnosisStage> <IVB> 0 0 0 0
<208151> <hasDiagnosis_hasDiagnosisStage> <IV> 0 0 0 0
<1315264> <hasDiagnosis_hasDiagnosisStage> <IV> 0 0 0 0
<6305505> <hasDiagnosis_hasDiagnosisStage> <IA2> 0 0 0 0
<10610700> <hasDiagnosis_hasDiagnosisStage> <Extendido> 0 0 0 0
<3304965> <hasDiagnosis_hasDiagnosisStage> <Extendido> 0 0 0 0
<108031> <hasDiagnosis_hasDiagnosisStage> <Extendido> 0 0 0 0
<1310734> <hasDiagnosis_hasDiagnosisStage> <Extendido> 0 0 0 0
<10607128> <hasDiagnosis_hasDiagnosisStage> <Extendido> 0 0 0 0
<2304736> <hasDiagnosis_hasDiagnosisStage> <Extendido> 0 0 0 0
<211889> <hasDiagnosis_hasDiagnosisStage> <Extendido> 0 0 0 0
<307042> <hasDiagnosis_hasDiagnosisStage> <Extendido> 0 0 0 0
<9411416> <hasDiagnosis_hasDiagnosisStage> <Extendido> 0 0 0 0
<15415792> <hasDiagnosis_hasDiagnosisStage> <Extendido> 0 0 0 0
<2915967> <hasDiagnosis_hasDiagnosisStage> <IVB> 0 0 0 0
<2811959> <hasDiagnosis_hasDiagnosisStage> <IVA> 0 0 0 0
<3805110> <hasDiagnosis_hasDiagnosisStage> <Limitado> 0 0 0 0
<417270> <hasDiagnosis_hasDiagnosisStage> <IA1> 0 0 0 0
<306489> <hasDiagnosis_hasDiagnosisStage> <IV> 0 0 0 0
<2409546> <hasDiagnosis_hasDiagnosisStage> <IIIB> 0 0 0 0
<103630> <hasDiagnosis_hasDiagnosisStage> <IIIA> 0 0 0 0
<2302925> <hasDiagnosis_hasDiagnosisStage> <IVB> 0 0 0 0
<2403488> <hasDiagnosis_hasDiagnosisStage> <IIIB> 0 0 0 0
<3602420> <hasDiagnosis_hasDiagnosisStage> <IV> 0 0 0 0
<2305279> <hasDiagnosis_hasDiagnosisStage> <IIIB> 0 0 0 0
<2806626> <hasDiagnosis_hasDiagnosisStage> <Limitado> 0 0 0 0
<4602213> <hasDiagnosis_hasDiagnosisStage> <IV> 0 0 0 0
<1304762> <hasDiagnosis_hasDiagnosisStage> <IV> 0 0 0 0
<1514101> <hasDiagnosis_hasDiagnosisStage> <IV> 0 0 0 0
<110033> <hasDiagnosis_hasDiagnosisStage> <IVB> 0 0 0 0
<5506845> <hasDiagnosis_hasDiagnosisStage> <IIIB> 0 0 0 0
<1316026> <hasDiagnosis_hasDiagnosisStage> <IVB> 0 0 0 0
<15700491> <hasDiagnosis_hasDiagnosisStage> <IV> 0 0 0 0
<1313399> <hasDiagnosis_hasDiagnosisStage> <IVA> 0 0 0 0
<1313630> <hasDiagnosis_hasDiagnosisStage> <IVA> 0 0 0 0
<2300015> <hasDiagnosis_hasDiagnosisStage> <IV> 0 0 0 0
<12914741> <hasDiagnosis_hasDiagnosisStage> <IVA> 0 0 0 0
<408842> <hasDiagnosis_hasDiagnosisStage> <IV> 0 0 0 0
<1509414> <hasDiagnosis_hasDiagnosisStage> <IVA> 0 0 0 0
<206198> <hasDiagnosis_hasDiagnosisStage> <IV> 0 0 0 0
<2808296> <hasDiagnosis_hasDiagnosisStage> <IIIA> 0 0 0 0
<2910532> <hasDiagnosis_hasDiagnosisStage> <IIIC> 0 0 0 0
<3404177> <hasDiagnosis_hasDiagnosisStage> <IV> 0 0 0 0
<1303498> <hasDiagnosis_hasDiagnosisStage> <IIIB> 0 0 0 0
<2806200> <hasDiagnosis_hasDiagnosisStage> <IIIA> 0 0 0 0
<2900546> <hasDiagnosis_hasDiagnosisStage> <IIIB> 0 0 0 0
<4910968> <hasDiagnosis_hasDiagnosisStage> <IIIA> 0 0 0 0
<508157> <hasDiagnosis_hasDiagnosisStage> <IIIB> 0 0 0 0
<5102917> <hasDiagnosis_hasDiagnosisStage> <IIIA> 0 0 0 0
<5109518> <hasDiagnosis_hasDiagnosisStage> <IV> 0 0 0 0
<5111729> <hasDiagnosis_hasDiagnosisStage> <IVA> 0 0 0 0
<514132> <hasDiagnosis_hasDiagnosisStage> <IIIB> 0 0 0 0
<507908> <hasDiagnosis_hasDiagnosisStage> <IV> 0 0 0 0
<508521> <hasDiagnosis_hasDiagnosisStage> <IIIA> 0 0 0 0
<516167> <hasDiagnosis_hasDiagnosisStage> <IA> 0 0 0 0
<5305287> <hasDiagnosis_hasDiagnosisStage> <IIA> 0 0 0 0
<513519> <hasDiagnosis_hasDiagnosisStage> <IIB> 0 0 0 0
<300334> <hasDiagnosis_hasDiagnosisStage> <IA> 0 0 0 0
<3511343> <hasDiagnosis_hasDiagnosisStage> <IIIA> 0 0 0 0
<2312903> <hasDiagnosis_hasDiagnosisStage> <IVB> 0 0 0 0
<513610> <hasDiagnosis_hasDiagnosisStage> <IA> 0 0 0 0
<507748> <hasDiagnosis_hasDiagnosisStage> <IIIA> 0 0 0 0
<514007> <hasDiagnosis_hasDiagnosisStage> <IVA> 0 0 0 0
<5315833> <hasDiagnosis_hasDiagnosisStage> <IVB> 0 0 0 0
<513818> <hasDiagnosis_hasDiagnosisStage> <IIIA> 0 0 0 0
<516370> <hasDiagnosis_hasDiagnosisStage> <IV> 0 0 0 0
<415199> <hasDiagnosis_hasDiagnosisStage> <IVA> 0 0 0 0
<4313316> <hasDiagnosis_hasDiagnosisStage> <IVA> 0 0 0 0
<513640> <hasDiagnosis_hasDiagnosisStage> <IIIA> 0 0 0 0
<415723> <hasDiagnosis_hasDiagnosisStage> <IVA> 0 0 0 0
<5116959> <hasDiagnosis_hasDiagnosisStage> <IVB> 0 0 0 0
<5316540> <hasDiagnosis_hasDiagnosisStage> <IV> 0 0 0 0
<5506993> <hasDiagnosis_hasDiagnosisStage> <IV> 0 0 0 0
<6301771> <hasDiagnosis_hasDiagnosisStage> <Limitado> 0 0 0 0
<702952> <hasDiagnosis_hasDiagnosisStage> <IIB> 0 0 0 0
<707345> <hasDiagnosis_hasDiagnosisStage> <IB> 0 0 0 0
<707567> <hasDiagnosis_hasDiagnosisStage> <IV> 0 0 0 0
<709131> <hasDiagnosis_hasDiagnosisStage> <IIIB> 0 0 0 0
<714374> <hasDiagnosis_hasDiagnosisStage> <IIIA> 0 0 0 0
<7215837> <hasDiagnosis_hasDiagnosisStage> <IVA> 0 0 0 0
<908664> <hasDiagnosis_hasDiagnosisStage> <IVA> 0 0 0 0
<9703324> <hasDiagnosis_hasDiagnosisStage> <Limitado> 0 0 0 0
<6317202> <hasDiagnosis_hasDiagnosisStage> <IV> 0 0 0 0
<6616122> <hasDiagnosis_hasDiagnosisStage> <IIIC> 0 0 0 0
<702299> <hasDiagnosis_hasDiagnosisStage> <IIB> 0 0 0 0
<908619> <hasDiagnosis_hasDiagnosisStage> <IVB> 0 0 0 0
<9705416> <hasDiagnosis_hasDiagnosisStage> <IIIC> 0 0 0 0
<5315891> <hasDiagnosis_hasDiagnosisStage> <IVA> 0 0 0 0
<707308> <hasDiagnosis_hasDiagnosisStage> <IB> 0 0 0 0
<6317145> <hasDiagnosis_hasDiagnosisStage> <IIIA> 0 0 0 0
<6311795> <hasDiagnosis_hasDiagnosisStage> <IV> 0 0 0 0
<107984> <hasDiagnosis_hasDiagnosisStage> <IIB> 0 0 0 0
<11405717> <hasDiagnosis_hasDiagnosisStage> <IIIA> 0 0 0 0
<508946> <hasDiagnosis_hasDiagnosisStage> <IV> 0 0 0 0
<1501012> <hasDiagnosis_hasDiagnosisStage> <Limitado> 0 0 0 0
<14704833> <hasDiagnosis_hasDiagnosisStage> <IIIA> 0 0 0 0
<514187> <hasDiagnosis_hasDiagnosisStage> <IIA> 0 0 0 0
<501315> <hasDiagnosis_hasDiagnosisStage> <IIIA> 0 0 0 0
<509017> <hasDiagnosis_hasDiagnosisStage> <IV> 0 0 0 0
<501235> <hasDiagnosis_hasDiagnosisStage> <IV> 0 0 0 0
<501347> <hasDiagnosis_hasDiagnosisStage> <IV> 0 0 0 0
<5104777> <hasDiagnosis_hasDiagnosisStage> <IV> 0 0 0 0
<5110737> <hasDiagnosis_hasDiagnosisStage> <IA3> 0 0 0 0
<508478> <hasDiagnosis_hasDiagnosisStage> <IV> 0 0 0 0
<9413897> <hasDiagnosis_hasDiagnosisStage> <I> 0 0 0 0
<2101027> <hasDiagnosis_hasDiagnosisStage> <Extendido> 0 0 0 0
<1310063> <hasDiagnosis_hasDiagnosisStage> <Extendido> 0 0 0 0
<2306175> <hasDiagnosis_hasDiagnosisStage> <Extendido> 0 0 0 0
<5102778> <hasDiagnosis_hasDiagnosisStage> <Extendido> 0 0 0 0
<503908> <hasDiagnosis_hasDiagnosisStage> <Extendido> 0 0 0 0
<916932> <hasDiagnosis_hasDiagnosisStage> <Extendido> 0 0 0 0
<204341> <hasDiagnosis_hasDiagnosisStage> <IA> 0 0 0 0
<416517> <hasDiagnosis_hasDiagnosisStage> <IIIA> 0 0 0 0
<5103146> <hasDiagnosis_hasDiagnosisStage> <IIIB> 0 0 0 0
<516359> <hasDiagnosis_hasDiagnosisStage> <IV> 0 0 0 0
<507291> <hasDiagnosis_hasDiagnosisStage> <IB> 0 0 0 0
<906811> <hasDiagnosis_hasDiagnosisStage> <IIIA> 0 0 0 0
<9410282> <hasDiagnosis_hasDiagnosisStage> <IV> 0 0 0 0
<9417518> <hasDiagnosis_hasDiagnosisStage> <IVB> 0 0 0 0
<208889> <hasDiagnosis_hasDiagnosisStage> <IV> 0 0 0 0
<416963> <hasDiagnosis_hasDiagnosisStage> <IVB> 0 0 0 0
<5501486> <hasDiagnosis_hasDiagnosisStage> <IA> 0 0 0 0
<5317580> <hasDiagnosis_hasDiagnosisStage> <IIIC> 0 0 0 0
<3514525> <hasDiagnosis_hasDiagnosisStage> <IV> 0 0 0 0
<2407185> <hasDiagnosis_hasDiagnosisStage> <IIA> 0 0 0 0
<5313192> <hasDiagnosis_hasDiagnosisStage> <Limitado> 0 0 0 0
<7404808> <hasDiagnosis_hasDiagnosisStage> <IIB> 0 0 0 0
<5315048> <hasDiagnosis_hasDiagnosisStage> <Limitado> 0 0 0 0
<507723> <hasDiagnosis_hasDiagnosisStage> <IA> 0 0 0 0
<516385> <hasDiagnosis_hasDiagnosisStage> <IV> 0 0 0 0
<2917485> <hasDiagnosis_hasDiagnosisStage> <IB> 0 0 0 0
<5302674> <hasDiagnosis_hasDiagnosisStage> <IV> 0 0 0 0
<5109138> <hasDiagnosis_hasDiagnosisStage> <IVA> 0 0 0 0
<4910886> <hasDiagnosis_hasDiagnosisStage> <IIIA> 0 0 0 0
<514072> <hasDiagnosis_hasDiagnosisStage> <IIIA> 0 0 0 0
<707917> <hasDiagnosis_hasDiagnosisStage> <Limitado> 0 0 0 0
<908712> <hasDiagnosis_hasDiagnosisStage> <IV> 0 0 0 0
<916771> <hasDiagnosis_hasDiagnosisStage> <IB> 0 0 0 0
<906883> <hasDiagnosis_hasDiagnosisStage> <Limitado> 0 0 0 0
<5508185> <hasDiagnosis_hasDiagnosisStage> <IIIA> 0 0 0 0
<9712712> <hasDiagnosis_hasDiagnosisStage> <IB> 0 0 0 0
<11311969> <hasDiagnosis_hasDiagnosisStage> <Otros> 0 0 0 0
<5105203> <hasDiagnosis_hasDiagnosisStage> <IIIA> 0 0 0 0
<902946> <hasDiagnosis_hasDiagnosisStage> <IV> 0 0 0 0
<906894> <hasDiagnosis_hasDiagnosisStage> <IV> 0 0 0 0
<9413646> <hasDiagnosis_hasDiagnosisStage> <IVB> 0 0 0 0
<512427> <hasDiagnosis_hasDiagnosisStage> <IA> 0 0 0 0
<2101491> <hasDiagnosis_hasDiagnosisStage> <IIIB> 0 0 0 0
<202938> <hasDiagnosis_hasDiagnosisStage> <IV> 0 0 0 0
<513495> <hasDiagnosis_hasDiagnosisStage> <IA> 0 0 0 0
<416746> <hasDiagnosis_hasDiagnosisStage> <Extendido> 0 0 0 0
<15706098> <hasDiagnosis_hasDiagnosisStage> <IA2> 0 0 0 0
<1315285> <hasDiagnosis_hasDiagnosisStage> <Extendido> 0 0 0 0
<101944> <hasDiagnosis_hasDiagnosisStage> <Extendido> 0 0 0 0
<12914602> <hasDiagnosis_hasDiagnosisStage> <Extendido> 0 0 0 0
<503803> <hasDiagnosis_hasDiagnosisStage> <Extendido> 0 0 0 0
<207279> <hasDiagnosis_hasDiagnosisStage> <Extendido> 0 0 0 0
<2911372> <hasDiagnosis_hasDiagnosisStage> <IA2> 0 0 0 0
<5313462> <hasDiagnosis_hasDiagnosisStage> <Extendido> 0 0 0 0
<916900> <hasDiagnosis_hasDiagnosisStage> <Extendido> 0 0 0 0
<503970> <hasDiagnosis_hasDiagnosisStage> <Extendido> 0 0 0 0
<7409548> <hasDiagnosis_hasDiagnosisStage> <Extendido> 0 0 0 0
