<1009388> <hasProgressionRelapseAssessment_hasProgressionOrRelapse> <Progression_1> 0 0 0 0
<101502> <hasProgressionRelapseAssessment_hasProgressionOrRelapse> <Progression_2> 0 0 0 0
<104293> <hasProgressionRelapseAssessment_hasProgressionOrRelapse> <Progression_1> 0 0 0 0
<10612175> <hasProgressionRelapseAssessment_hasProgressionOrRelapse> <Progression_1> 0 0 0 0
<108215> <hasProgressionRelapseAssessment_hasProgressionOrRelapse> <Progression_2> 0 0 0 0
<110077> <hasProgressionRelapseAssessment_hasProgressionOrRelapse> <Progression_2> 0 0 0 0
<110683> <hasProgressionRelapseAssessment_hasProgressionOrRelapse> <Progression_1> 0 0 0 0
<111011> <hasProgressionRelapseAssessment_hasProgressionOrRelapse> <Progression_4> 0 0 0 0
<111483> <hasProgressionRelapseAssessment_hasProgressionOrRelapse> <Progression_1> 0 0 0 0
<11405901> <hasProgressionRelapseAssessment_hasProgressionOrRelapse> <Relapse_4> 0 0 0 0
<1213669> <hasProgressionRelapseAssessment_hasProgressionOrRelapse> <Progression_2> 0 0 0 0
<1213678> <hasProgressionRelapseAssessment_hasProgressionOrRelapse> <Progression_1> 0 0 0 0
<1213678> <hasProgressionRelapseAssessment_hasProgressionOrRelapse> <Progression_4> 0 0 0 0
<1217001> <hasProgressionRelapseAssessment_hasProgressionOrRelapse> <Progression_3> 0 0 0 0
<12915492> <hasProgressionRelapseAssessment_hasProgressionOrRelapse> <Progression_2> 0 0 0 0
<11405716> <hasProgressionRelapseAssessment_hasProgressionOrRelapse> <Progression_3> 0 0 0 0
<109409> <hasProgressionRelapseAssessment_hasProgressionOrRelapse> <Progression_5> 0 0 0 0
<11405822> <hasProgressionRelapseAssessment_hasProgressionOrRelapse> <Progression_2> 0 0 0 0
<1214923> <hasProgressionRelapseAssessment_hasProgressionOrRelapse> <Progression_1> 0 0 0 0
<12915109> <hasProgressionRelapseAssessment_hasProgressionOrRelapse> <Progression_5> 0 0 0 0
<10803745> <hasProgressionRelapseAssessment_hasProgressionOrRelapse> <Progression_3> 0 0 0 0
<1200982> <hasProgressionRelapseAssessment_hasProgressionOrRelapse> <Progression_1> 0 0 0 0
<109532> <hasProgressionRelapseAssessment_hasProgressionOrRelapse> <Progression_1> 0 0 0 0
<110033> <hasProgressionRelapseAssessment_hasProgressionOrRelapse> <Progression_1> 0 0 0 0
<111893> <hasProgressionRelapseAssessment_hasProgressionOrRelapse> <Progression_1> 0 0 0 0
<11405739> <hasProgressionRelapseAssessment_hasProgressionOrRelapse> <Progression_1> 0 0 0 0
<102072> <hasProgressionRelapseAssessment_hasProgressionOrRelapse> <Progression_2> 0 0 0 0
<111017> <hasProgressionRelapseAssessment_hasProgressionOrRelapse> <Progression_1> 0 0 0 0
<101783> <hasProgressionRelapseAssessment_hasProgressionOrRelapse> <Progression_1> 0 0 0 0
<109572> <hasProgressionRelapseAssessment_hasProgressionOrRelapse> <Progression_6> 0 0 0 0
<1214036> <hasProgressionRelapseAssessment_hasProgressionOrRelapse> <Progression_4> 0 0 0 0
<11405822> <hasProgressionRelapseAssessment_hasProgressionOrRelapse> <Progression_3> 0 0 0 0
<108104> <hasProgressionRelapseAssessment_hasProgressionOrRelapse> <Progression_1> 0 0 0 0
<103536> <hasProgressionRelapseAssessment_hasProgressionOrRelapse> <Progression_4> 0 0 0 0
<11405816> <hasProgressionRelapseAssessment_hasProgressionOrRelapse> <Progression_2> 0 0 0 0
<1213289> <hasProgressionRelapseAssessment_hasProgressionOrRelapse> <Progression_1> 0 0 0 0
<11313474> <hasProgressionRelapseAssessment_hasProgressionOrRelapse> <Progression_1> 0 0 0 0
<110018> <hasProgressionRelapseAssessment_hasProgressionOrRelapse> <Progression_1> 0 0 0 0
<109715> <hasProgressionRelapseAssessment_hasProgressionOrRelapse> <Progression_4> 0 0 0 0
<10801083> <hasProgressionRelapseAssessment_hasProgressionOrRelapse> <Progression_2> 0 0 0 0
<1201110> <hasProgressionRelapseAssessment_hasProgressionOrRelapse> <Progression_2> 0 0 0 0
<109715> <hasProgressionRelapseAssessment_hasProgressionOrRelapse> <Progression_5> 0 0 0 0
<1302363> <hasProgressionRelapseAssessment_hasProgressionOrRelapse> <Progression_3> 0 0 0 0
<1301641> <hasProgressionRelapseAssessment_hasProgressionOrRelapse> <Progression_1> 0 0 0 0
<1310477> <hasProgressionRelapseAssessment_hasProgressionOrRelapse> <Progression_1> 0 0 0 0
<1314673> <hasProgressionRelapseAssessment_hasProgressionOrRelapse> <Progression_1> 0 0 0 0
<1315402> <hasProgressionRelapseAssessment_hasProgressionOrRelapse> <Progression_1> 0 0 0 0
<1315645> <hasProgressionRelapseAssessment_hasProgressionOrRelapse> <Progression_1> 0 0 0 0
<1300885> <hasProgressionRelapseAssessment_hasProgressionOrRelapse> <Progression_1> 0 0 0 0
<1516288> <hasProgressionRelapseAssessment_hasProgressionOrRelapse> <Progression_2> 0 0 0 0
<1313380> <hasProgressionRelapseAssessment_hasProgressionOrRelapse> <Progression_1> 0 0 0 0
<1306614> <hasProgressionRelapseAssessment_hasProgressionOrRelapse> <Relapse_1> 0 0 0 0
<1500915> <hasProgressionRelapseAssessment_hasProgressionOrRelapse> <Progression_1> 0 0 0 0
<1306183> <hasProgressionRelapseAssessment_hasProgressionOrRelapse> <Progression_1> 0 0 0 0
<14707701> <hasProgressionRelapseAssessment_hasProgressionOrRelapse> <Progression_2> 0 0 0 0
<1314865> <hasProgressionRelapseAssessment_hasProgressionOrRelapse> <Progression_1> 0 0 0 0
<1505084> <hasProgressionRelapseAssessment_hasProgressionOrRelapse> <Progression_1> 0 0 0 0
<15700189> <hasProgressionRelapseAssessment_hasProgressionOrRelapse> <Progression_2> 0 0 0 0
<1504569> <hasProgressionRelapseAssessment_hasProgressionOrRelapse> <Progression_1> 0 0 0 0
<1310141> <hasProgressionRelapseAssessment_hasProgressionOrRelapse> <Progression_1> 0 0 0 0
<15701633> <hasProgressionRelapseAssessment_hasProgressionOrRelapse> <Progression_2> 0 0 0 0
<1301571> <hasProgressionRelapseAssessment_hasProgressionOrRelapse> <Progression_1> 0 0 0 0
<1500620> <hasProgressionRelapseAssessment_hasProgressionOrRelapse> <Progression_1> 0 0 0 0
<1305767> <hasProgressionRelapseAssessment_hasProgressionOrRelapse> <Progression_3> 0 0 0 0
<1500844> <hasProgressionRelapseAssessment_hasProgressionOrRelapse> <Progression_2> 0 0 0 0
<1315080> <hasProgressionRelapseAssessment_hasProgressionOrRelapse> <Progression_2> 0 0 0 0
<1305687> <hasProgressionRelapseAssessment_hasProgressionOrRelapse> <Progression_1> 0 0 0 0
<1306027> <hasProgressionRelapseAssessment_hasProgressionOrRelapse> <Progression_1> 0 0 0 0
<1315599> <hasProgressionRelapseAssessment_hasProgressionOrRelapse> <Progression_1> 0 0 0 0
<1500703> <hasProgressionRelapseAssessment_hasProgressionOrRelapse> <Progression_1> 0 0 0 0
<1304645> <hasProgressionRelapseAssessment_hasProgressionOrRelapse> <Progression_2> 0 0 0 0
<1510014> <hasProgressionRelapseAssessment_hasProgressionOrRelapse> <Progression_2> 0 0 0 0
<1314559> <hasProgressionRelapseAssessment_hasProgressionOrRelapse> <Progression_2> 0 0 0 0
<14705928> <hasProgressionRelapseAssessment_hasProgressionOrRelapse> <Progression_1> 0 0 0 0
<1511055> <hasProgressionRelapseAssessment_hasProgressionOrRelapse> <Progression_4> 0 0 0 0
<1315432> <hasProgressionRelapseAssessment_hasProgressionOrRelapse> <Progression_1> 0 0 0 0
<1315436> <hasProgressionRelapseAssessment_hasProgressionOrRelapse> <Progression_1> 0 0 0 0
<1306182> <hasProgressionRelapseAssessment_hasProgressionOrRelapse> <Progression_5> 0 0 0 0
<1315408> <hasProgressionRelapseAssessment_hasProgressionOrRelapse> <Progression_1> 0 0 0 0
<1306061> <hasProgressionRelapseAssessment_hasProgressionOrRelapse> <Progression_1> 0 0 0 0
<1513349> <hasProgressionRelapseAssessment_hasProgressionOrRelapse> <Progression_3> 0 0 0 0
<1306594> <hasProgressionRelapseAssessment_hasProgressionOrRelapse> <Progression_1> 0 0 0 0
<1302642> <hasProgressionRelapseAssessment_hasProgressionOrRelapse> <Progression_3> 0 0 0 0
<1306712> <hasProgressionRelapseAssessment_hasProgressionOrRelapse> <Progression_1> 0 0 0 0
<1314907> <hasProgressionRelapseAssessment_hasProgressionOrRelapse> <Progression_2> 0 0 0 0
<15701662> <hasProgressionRelapseAssessment_hasProgressionOrRelapse> <Relapse_1> 0 0 0 0
<1305004> <hasProgressionRelapseAssessment_hasProgressionOrRelapse> <Relapse_1> 0 0 0 0
<1306799> <hasProgressionRelapseAssessment_hasProgressionOrRelapse> <Progression_4> 0 0 0 0
<1314108> <hasProgressionRelapseAssessment_hasProgressionOrRelapse> <Progression_1> 0 0 0 0
<1314987> <hasProgressionRelapseAssessment_hasProgressionOrRelapse> <Progression_1> 0 0 0 0
<1514100> <hasProgressionRelapseAssessment_hasProgressionOrRelapse> <Progression_1> 0 0 0 0
<1306210> <hasProgressionRelapseAssessment_hasProgressionOrRelapse> <Progression_2> 0 0 0 0
<15706425> <hasProgressionRelapseAssessment_hasProgressionOrRelapse> <Progression_2> 0 0 0 0
<15714605> <hasProgressionRelapseAssessment_hasProgressionOrRelapse> <Progression_1> 0 0 0 0
<15703034> <hasProgressionRelapseAssessment_hasProgressionOrRelapse> <Progression_1> 0 0 0 0
<15714624> <hasProgressionRelapseAssessment_hasProgressionOrRelapse> <Progression_1> 0 0 0 0
<18015760> <hasProgressionRelapseAssessment_hasProgressionOrRelapse> <Progression_1> 0 0 0 0
<1804202> <hasProgressionRelapseAssessment_hasProgressionOrRelapse> <Progression_1> 0 0 0 0
<203547> <hasProgressionRelapseAssessment_hasProgressionOrRelapse> <Progression_3> 0 0 0 0
<205042> <hasProgressionRelapseAssessment_hasProgressionOrRelapse> <Progression_1> 0 0 0 0
<205042> <hasProgressionRelapseAssessment_hasProgressionOrRelapse> <Progression_6> 0 0 0 0
<206348> <hasProgressionRelapseAssessment_hasProgressionOrRelapse> <Progression_1> 0 0 0 0
<204038> <hasProgressionRelapseAssessment_hasProgressionOrRelapse> <Progression_2> 0 0 0 0
<201948> <hasProgressionRelapseAssessment_hasProgressionOrRelapse> <Progression_2> 0 0 0 0
<203508> <hasProgressionRelapseAssessment_hasProgressionOrRelapse> <Progression_1> 0 0 0 0
<203545> <hasProgressionRelapseAssessment_hasProgressionOrRelapse> <Progression_4> 0 0 0 0
<18015758> <hasProgressionRelapseAssessment_hasProgressionOrRelapse> <Progression_1> 0 0 0 0
<206263> <hasProgressionRelapseAssessment_hasProgressionOrRelapse> <Progression_1> 0 0 0 0
<207957> <hasProgressionRelapseAssessment_hasProgressionOrRelapse> <Progression_2> 0 0 0 0
<2100656> <hasProgressionRelapseAssessment_hasProgressionOrRelapse> <Progression_3> 0 0 0 0
<206691> <hasProgressionRelapseAssessment_hasProgressionOrRelapse> <Progression_1> 0 0 0 0
<2100835> <hasProgressionRelapseAssessment_hasProgressionOrRelapse> <Progression_3> 0 0 0 0
<206805> <hasProgressionRelapseAssessment_hasProgressionOrRelapse> <Progression_1> 0 0 0 0
<15714653> <hasProgressionRelapseAssessment_hasProgressionOrRelapse> <Progression_5> 0 0 0 0
<205327> <hasProgressionRelapseAssessment_hasProgressionOrRelapse> <Progression_3> 0 0 0 0
<201539> <hasProgressionRelapseAssessment_hasProgressionOrRelapse> <Progression_2> 0 0 0 0
<205438> <hasProgressionRelapseAssessment_hasProgressionOrRelapse> <Progression_2> 0 0 0 0
<15701856> <hasProgressionRelapseAssessment_hasProgressionOrRelapse> <Progression_1> 0 0 0 0
<208039> <hasProgressionRelapseAssessment_hasProgressionOrRelapse> <Progression_2> 0 0 0 0
<2100738> <hasProgressionRelapseAssessment_hasProgressionOrRelapse> <Progression_7> 0 0 0 0
<208568> <hasProgressionRelapseAssessment_hasProgressionOrRelapse> <Progression_2> 0 0 0 0
<210049> <hasProgressionRelapseAssessment_hasProgressionOrRelapse> <Progression_1> 0 0 0 0
<201798> <hasProgressionRelapseAssessment_hasProgressionOrRelapse> <Progression_2> 0 0 0 0
<203495> <hasProgressionRelapseAssessment_hasProgressionOrRelapse> <Progression_1> 0 0 0 0
<206002> <hasProgressionRelapseAssessment_hasProgressionOrRelapse> <Progression_2> 0 0 0 0
<208931> <hasProgressionRelapseAssessment_hasProgressionOrRelapse> <Progression_1> 0 0 0 0
<202284> <hasProgressionRelapseAssessment_hasProgressionOrRelapse> <Progression_2> 0 0 0 0
<2100725> <hasProgressionRelapseAssessment_hasProgressionOrRelapse> <Progression_1> 0 0 0 0
<210007> <hasProgressionRelapseAssessment_hasProgressionOrRelapse> <Progression_1> 0 0 0 0
<2100772> <hasProgressionRelapseAssessment_hasProgressionOrRelapse> <Progression_10> 0 0 0 0
<201950> <hasProgressionRelapseAssessment_hasProgressionOrRelapse> <Progression_1> 0 0 0 0
<208579> <hasProgressionRelapseAssessment_hasProgressionOrRelapse> <Progression_1> 0 0 0 0
<204333> <hasProgressionRelapseAssessment_hasProgressionOrRelapse> <Progression_2> 0 0 0 0
<207000> <hasProgressionRelapseAssessment_hasProgressionOrRelapse> <Progression_3> 0 0 0 0
<203367> <hasProgressionRelapseAssessment_hasProgressionOrRelapse> <Progression_4> 0 0 0 0
<208262> <hasProgressionRelapseAssessment_hasProgressionOrRelapse> <Progression_2> 0 0 0 0
<2100832> <hasProgressionRelapseAssessment_hasProgressionOrRelapse> <Progression_5> 0 0 0 0
<207003> <hasProgressionRelapseAssessment_hasProgressionOrRelapse> <Progression_3> 0 0 0 0
<203599> <hasProgressionRelapseAssessment_hasProgressionOrRelapse> <Progression_2> 0 0 0 0
<203402> <hasProgressionRelapseAssessment_hasProgressionOrRelapse> <Progression_8> 0 0 0 0
<15715020> <hasProgressionRelapseAssessment_hasProgressionOrRelapse> <Progression_2> 0 0 0 0
<15714596> <hasProgressionRelapseAssessment_hasProgressionOrRelapse> <Progression_2> 0 0 0 0
<210478> <hasProgressionRelapseAssessment_hasProgressionOrRelapse> <Progression_1> 0 0 0 0
<2101076> <hasProgressionRelapseAssessment_hasProgressionOrRelapse> <Progression_2> 0 0 0 0
<210081> <hasProgressionRelapseAssessment_hasProgressionOrRelapse> <Relapse_1> 0 0 0 0
<209562> <hasProgressionRelapseAssessment_hasProgressionOrRelapse> <Progression_1> 0 0 0 0
<210190> <hasProgressionRelapseAssessment_hasProgressionOrRelapse> <Progression_1> 0 0 0 0
<210509> <hasProgressionRelapseAssessment_hasProgressionOrRelapse> <Progression_4> 0 0 0 0
<2303830> <hasProgressionRelapseAssessment_hasProgressionOrRelapse> <Progression_1> 0 0 0 0
<2304144> <hasProgressionRelapseAssessment_hasProgressionOrRelapse> <Progression_2> 0 0 0 0
<2304956> <hasProgressionRelapseAssessment_hasProgressionOrRelapse> <Progression_1> 0 0 0 0
<2305000> <hasProgressionRelapseAssessment_hasProgressionOrRelapse> <Progression_1> 0 0 0 0
<2312801> <hasProgressionRelapseAssessment_hasProgressionOrRelapse> <Progression_1> 0 0 0 0
<2101456> <hasProgressionRelapseAssessment_hasProgressionOrRelapse> <Progression_1> 0 0 0 0
<213394> <hasProgressionRelapseAssessment_hasProgressionOrRelapse> <Progression_3> 0 0 0 0
<2300045> <hasProgressionRelapseAssessment_hasProgressionOrRelapse> <Progression_3> 0 0 0 0
<2507360> <hasProgressionRelapseAssessment_hasProgressionOrRelapse> <Progression_2> 0 0 0 0
<212570> <hasProgressionRelapseAssessment_hasProgressionOrRelapse> <Progression_2> 0 0 0 0
<2302841> <hasProgressionRelapseAssessment_hasProgressionOrRelapse> <Progression_1> 0 0 0 0
<2304805> <hasProgressionRelapseAssessment_hasProgressionOrRelapse> <Progression_1> 0 0 0 0
<2305849> <hasProgressionRelapseAssessment_hasProgressionOrRelapse> <Progression_3> 0 0 0 0
<2507361> <hasProgressionRelapseAssessment_hasProgressionOrRelapse> <Progression_1> 0 0 0 0
<2304322> <hasProgressionRelapseAssessment_hasProgressionOrRelapse> <Progression_1> 0 0 0 0
<2101414> <hasProgressionRelapseAssessment_hasProgressionOrRelapse> <Relapse_3> 0 0 0 0
<2115662> <hasProgressionRelapseAssessment_hasProgressionOrRelapse> <Progression_2> 0 0 0 0
<2305152> <hasProgressionRelapseAssessment_hasProgressionOrRelapse> <Progression_1> 0 0 0 0
<2311678> <hasProgressionRelapseAssessment_hasProgressionOrRelapse> <Progression_3> 0 0 0 0
<2304915> <hasProgressionRelapseAssessment_hasProgressionOrRelapse> <Progression_1> 0 0 0 0
<2305264> <hasProgressionRelapseAssessment_hasProgressionOrRelapse> <Progression_1> 0 0 0 0
<2101171> <hasProgressionRelapseAssessment_hasProgressionOrRelapse> <Progression_3> 0 0 0 0
<217111> <hasProgressionRelapseAssessment_hasProgressionOrRelapse> <Progression_1> 0 0 0 0
<2302623> <hasProgressionRelapseAssessment_hasProgressionOrRelapse> <Progression_1> 0 0 0 0
<2408592> <hasProgressionRelapseAssessment_hasProgressionOrRelapse> <Progression_1> 0 0 0 0
<2104409> <hasProgressionRelapseAssessment_hasProgressionOrRelapse> <Progression_2> 0 0 0 0
<2115608> <hasProgressionRelapseAssessment_hasProgressionOrRelapse> <Progression_1> 0 0 0 0
<2312537> <hasProgressionRelapseAssessment_hasProgressionOrRelapse> <Progression_6> 0 0 0 0
<2801996> <hasProgressionRelapseAssessment_hasProgressionOrRelapse> <Progression_1> 0 0 0 0
<210161> <hasProgressionRelapseAssessment_hasProgressionOrRelapse> <Progression_2> 0 0 0 0
<2305895> <hasProgressionRelapseAssessment_hasProgressionOrRelapse> <Progression_2> 0 0 0 0
<2304603> <hasProgressionRelapseAssessment_hasProgressionOrRelapse> <Relapse_2> 0 0 0 0
<2312071> <hasProgressionRelapseAssessment_hasProgressionOrRelapse> <Relapse_1> 0 0 0 0
<211021> <hasProgressionRelapseAssessment_hasProgressionOrRelapse> <Progression_2> 0 0 0 0
<2305140> <hasProgressionRelapseAssessment_hasProgressionOrRelapse> <Progression_5> 0 0 0 0
<2107764> <hasProgressionRelapseAssessment_hasProgressionOrRelapse> <Progression_4> 0 0 0 0
<2115661> <hasProgressionRelapseAssessment_hasProgressionOrRelapse> <Progression_1> 0 0 0 0
<211304> <hasProgressionRelapseAssessment_hasProgressionOrRelapse> <Progression_1> 0 0 0 0
<2305951> <hasProgressionRelapseAssessment_hasProgressionOrRelapse> <Progression_2> 0 0 0 0
<2303891> <hasProgressionRelapseAssessment_hasProgressionOrRelapse> <Progression_2> 0 0 0 0
<2805902> <hasProgressionRelapseAssessment_hasProgressionOrRelapse> <Progression_1> 0 0 0 0
<2810269> <hasProgressionRelapseAssessment_hasProgressionOrRelapse> <Progression_1> 0 0 0 0
<2810616> <hasProgressionRelapseAssessment_hasProgressionOrRelapse> <Progression_1> 0 0 0 0
<2813718> <hasProgressionRelapseAssessment_hasProgressionOrRelapse> <Progression_1> 0 0 0 0
<2900536> <hasProgressionRelapseAssessment_hasProgressionOrRelapse> <Progression_1> 0 0 0 0
<2903137> <hasProgressionRelapseAssessment_hasProgressionOrRelapse> <Progression_6> 0 0 0 0
<2903722> <hasProgressionRelapseAssessment_hasProgressionOrRelapse> <Progression_1> 0 0 0 0
<3005804> <hasProgressionRelapseAssessment_hasProgressionOrRelapse> <Progression_2> 0 0 0 0
<311537> <hasProgressionRelapseAssessment_hasProgressionOrRelapse> <Progression_2> 0 0 0 0
<3306161> <hasProgressionRelapseAssessment_hasProgressionOrRelapse> <Progression_1> 0 0 0 0
<309886> <hasProgressionRelapseAssessment_hasProgressionOrRelapse> <Relapse_1> 0 0 0 0
<2305253> <hasProgressionRelapseAssessment_hasProgressionOrRelapse> <Progression_1> 0 0 0 0
<2808634> <hasProgressionRelapseAssessment_hasProgressionOrRelapse> <Progression_1> 0 0 0 0
<2810272> <hasProgressionRelapseAssessment_hasProgressionOrRelapse> <Progression_3> 0 0 0 0
<3316689> <hasProgressionRelapseAssessment_hasProgressionOrRelapse> <Progression_1> 0 0 0 0
<3404561> <hasProgressionRelapseAssessment_hasProgressionOrRelapse> <Progression_2> 0 0 0 0
<3006789> <hasProgressionRelapseAssessment_hasProgressionOrRelapse> <Progression_1> 0 0 0 0
<3405218> <hasProgressionRelapseAssessment_hasProgressionOrRelapse> <Progression_2> 0 0 0 0
<311586> <hasProgressionRelapseAssessment_hasProgressionOrRelapse> <Progression_1> 0 0 0 0
<2903131> <hasProgressionRelapseAssessment_hasProgressionOrRelapse> <Progression_2> 0 0 0 0
<3507416> <hasProgressionRelapseAssessment_hasProgressionOrRelapse> <Progression_4> 0 0 0 0
<3507441> <hasProgressionRelapseAssessment_hasProgressionOrRelapse> <Progression_1> 0 0 0 0
<305190> <hasProgressionRelapseAssessment_hasProgressionOrRelapse> <Progression_1> 0 0 0 0
<2900883> <hasProgressionRelapseAssessment_hasProgressionOrRelapse> <Progression_3> 0 0 0 0
<3314953> <hasProgressionRelapseAssessment_hasProgressionOrRelapse> <Progression_1> 0 0 0 0
<2809215> <hasProgressionRelapseAssessment_hasProgressionOrRelapse> <Progression_1> 0 0 0 0
<2809229> <hasProgressionRelapseAssessment_hasProgressionOrRelapse> <Progression_5> 0 0 0 0
<2812934> <hasProgressionRelapseAssessment_hasProgressionOrRelapse> <Progression_1> 0 0 0 0
<2808876> <hasProgressionRelapseAssessment_hasProgressionOrRelapse> <Progression_1> 0 0 0 0
<2903721> <hasProgressionRelapseAssessment_hasProgressionOrRelapse> <Progression_1> 0 0 0 0
<2905857> <hasProgressionRelapseAssessment_hasProgressionOrRelapse> <Progression_2> 0 0 0 0
<3306045> <hasProgressionRelapseAssessment_hasProgressionOrRelapse> <Progression_1> 0 0 0 0
<3507416> <hasProgressionRelapseAssessment_hasProgressionOrRelapse> <Progression_1> 0 0 0 0
<3005763> <hasProgressionRelapseAssessment_hasProgressionOrRelapse> <Progression_1> 0 0 0 0
<301442> <hasProgressionRelapseAssessment_hasProgressionOrRelapse> <Progression_2> 0 0 0 0
<3410397> <hasProgressionRelapseAssessment_hasProgressionOrRelapse> <Progression_1> 0 0 0 0
<3405225> <hasProgressionRelapseAssessment_hasProgressionOrRelapse> <Progression_1> 0 0 0 0
<2904006> <hasProgressionRelapseAssessment_hasProgressionOrRelapse> <Progression_1> 0 0 0 0
<2812733> <hasProgressionRelapseAssessment_hasProgressionOrRelapse> <Progression_1> 0 0 0 0
<2902544> <hasProgressionRelapseAssessment_hasProgressionOrRelapse> <Progression_2> 0 0 0 0
<3317034> <hasProgressionRelapseAssessment_hasProgressionOrRelapse> <Progression_3> 0 0 0 0
<2903999> <hasProgressionRelapseAssessment_hasProgressionOrRelapse> <Progression_1> 0 0 0 0
<2917489> <hasProgressionRelapseAssessment_hasProgressionOrRelapse> <Progression_2> 0 0 0 0
<2810459> <hasProgressionRelapseAssessment_hasProgressionOrRelapse> <Progression_3> 0 0 0 0
<3405596> <hasProgressionRelapseAssessment_hasProgressionOrRelapse> <Progression_1> 0 0 0 0
<2905283> <hasProgressionRelapseAssessment_hasProgressionOrRelapse> <Progression_1> 0 0 0 0
<3408298> <hasProgressionRelapseAssessment_hasProgressionOrRelapse> <Progression_2> 0 0 0 0
<3412600> <hasProgressionRelapseAssessment_hasProgressionOrRelapse> <Progression_2> 0 0 0 0
<312135> <hasProgressionRelapseAssessment_hasProgressionOrRelapse> <Progression_1> 0 0 0 0
<3405561> <hasProgressionRelapseAssessment_hasProgressionOrRelapse> <Relapse_1> 0 0 0 0
<2811806> <hasProgressionRelapseAssessment_hasProgressionOrRelapse> <Relapse_1> 0 0 0 0
<2905792> <hasProgressionRelapseAssessment_hasProgressionOrRelapse> <Relapse_1> 0 0 0 0
<2902534> <hasProgressionRelapseAssessment_hasProgressionOrRelapse> <Progression_3> 0 0 0 0
<3005836> <hasProgressionRelapseAssessment_hasProgressionOrRelapse> <Progression_3> 0 0 0 0
<3412594> <hasProgressionRelapseAssessment_hasProgressionOrRelapse> <Progression_3> 0 0 0 0
<2806930> <hasProgressionRelapseAssessment_hasProgressionOrRelapse> <Progression_1> 0 0 0 0
<3510128> <hasProgressionRelapseAssessment_hasProgressionOrRelapse> <Progression_1> 0 0 0 0
<3514419> <hasProgressionRelapseAssessment_hasProgressionOrRelapse> <Progression_1> 0 0 0 0
<3508583> <hasProgressionRelapseAssessment_hasProgressionOrRelapse> <Progression_3> 0 0 0 0
<3905706> <hasProgressionRelapseAssessment_hasProgressionOrRelapse> <Progression_4> 0 0 0 0
<3811735> <hasProgressionRelapseAssessment_hasProgressionOrRelapse> <Progression_1> 0 0 0 0
<3510216> <hasProgressionRelapseAssessment_hasProgressionOrRelapse> <Progression_1> 0 0 0 0
<3703610> <hasProgressionRelapseAssessment_hasProgressionOrRelapse> <Progression_9> 0 0 0 0
<3508860> <hasProgressionRelapseAssessment_hasProgressionOrRelapse> <Progression_1> 0 0 0 0
<409632> <hasProgressionRelapseAssessment_hasProgressionOrRelapse> <Progression_2> 0 0 0 0
<413470> <hasProgressionRelapseAssessment_hasProgressionOrRelapse> <Progression_3> 0 0 0 0
<413478> <hasProgressionRelapseAssessment_hasProgressionOrRelapse> <Progression_2> 0 0 0 0
<415582> <hasProgressionRelapseAssessment_hasProgressionOrRelapse> <Progression_1> 0 0 0 0
<409473> <hasProgressionRelapseAssessment_hasProgressionOrRelapse> <Progression_2> 0 0 0 0
<3704679> <hasProgressionRelapseAssessment_hasProgressionOrRelapse> <Progression_3> 0 0 0 0
<409867> <hasProgressionRelapseAssessment_hasProgressionOrRelapse> <Progression_1> 0 0 0 0
<409289> <hasProgressionRelapseAssessment_hasProgressionOrRelapse> <Progression_1> 0 0 0 0
<3508897> <hasProgressionRelapseAssessment_hasProgressionOrRelapse> <Relapse_2> 0 0 0 0
<415882> <hasProgressionRelapseAssessment_hasProgressionOrRelapse> <Relapse_1> 0 0 0 0
<3510932> <hasProgressionRelapseAssessment_hasProgressionOrRelapse> <Relapse_3> 0 0 0 0
<400893> <hasProgressionRelapseAssessment_hasProgressionOrRelapse> <Progression_1> 0 0 0 0
<410410> <hasProgressionRelapseAssessment_hasProgressionOrRelapse> <Progression_3> 0 0 0 0
<409529> <hasProgressionRelapseAssessment_hasProgressionOrRelapse> <Progression_3> 0 0 0 0
<415578> <hasProgressionRelapseAssessment_hasProgressionOrRelapse> <Progression_1> 0 0 0 0
<3704934> <hasProgressionRelapseAssessment_hasProgressionOrRelapse> <Progression_2> 0 0 0 0
<409928> <hasProgressionRelapseAssessment_hasProgressionOrRelapse> <Progression_3> 0 0 0 0
<414388> <hasProgressionRelapseAssessment_hasProgressionOrRelapse> <Progression_1> 0 0 0 0
<3511059> <hasProgressionRelapseAssessment_hasProgressionOrRelapse> <Progression_2> 0 0 0 0
<409729> <hasProgressionRelapseAssessment_hasProgressionOrRelapse> <Progression_7> 0 0 0 0
<415739> <hasProgressionRelapseAssessment_hasProgressionOrRelapse> <Progression_1> 0 0 0 0
<409948> <hasProgressionRelapseAssessment_hasProgressionOrRelapse> <Progression_1> 0 0 0 0
<410380> <hasProgressionRelapseAssessment_hasProgressionOrRelapse> <Progression_5> 0 0 0 0
<408853> <hasProgressionRelapseAssessment_hasProgressionOrRelapse> <Progression_2> 0 0 0 0
<409382> <hasProgressionRelapseAssessment_hasProgressionOrRelapse> <Progression_3> 0 0 0 0
<415795> <hasProgressionRelapseAssessment_hasProgressionOrRelapse> <Progression_1> 0 0 0 0
<410336> <hasProgressionRelapseAssessment_hasProgressionOrRelapse> <Progression_1> 0 0 0 0
<407415> <hasProgressionRelapseAssessment_hasProgressionOrRelapse> <Progression_1> 0 0 0 0
<410051> <hasProgressionRelapseAssessment_hasProgressionOrRelapse> <Progression_2> 0 0 0 0
<409961> <hasProgressionRelapseAssessment_hasProgressionOrRelapse> <Progression_3> 0 0 0 0
<410089> <hasProgressionRelapseAssessment_hasProgressionOrRelapse> <Progression_3> 0 0 0 0
<410212> <hasProgressionRelapseAssessment_hasProgressionOrRelapse> <Progression_4> 0 0 0 0
<417514> <hasProgressionRelapseAssessment_hasProgressionOrRelapse> <Progression_1> 0 0 0 0
<3509165> <hasProgressionRelapseAssessment_hasProgressionOrRelapse> <Relapse_1> 0 0 0 0
<409954> <hasProgressionRelapseAssessment_hasProgressionOrRelapse> <Relapse_1> 0 0 0 0
<410185> <hasProgressionRelapseAssessment_hasProgressionOrRelapse> <Progression_2> 0 0 0 0
<414387> <hasProgressionRelapseAssessment_hasProgressionOrRelapse> <Progression_1> 0 0 0 0
<416847> <hasProgressionRelapseAssessment_hasProgressionOrRelapse> <Progression_1> 0 0 0 0
<417511> <hasProgressionRelapseAssessment_hasProgressionOrRelapse> <Progression_3> 0 0 0 0
<416758> <hasProgressionRelapseAssessment_hasProgressionOrRelapse> <Progression_1> 0 0 0 0
<416029> <hasProgressionRelapseAssessment_hasProgressionOrRelapse> <Progression_1> 0 0 0 0
<417330> <hasProgressionRelapseAssessment_hasProgressionOrRelapse> <Progression_1> 0 0 0 0
<4605702> <hasProgressionRelapseAssessment_hasProgressionOrRelapse> <Progression_2> 0 0 0 0
<4911118> <hasProgressionRelapseAssessment_hasProgressionOrRelapse> <Progression_1> 0 0 0 0
<501338> <hasProgressionRelapseAssessment_hasProgressionOrRelapse> <Progression_1> 0 0 0 0
<503049> <hasProgressionRelapseAssessment_hasProgressionOrRelapse> <Progression_2> 0 0 0 0
<503946> <hasProgressionRelapseAssessment_hasProgressionOrRelapse> <Progression_1> 0 0 0 0
<4911097> <hasProgressionRelapseAssessment_hasProgressionOrRelapse> <Progression_2> 0 0 0 0
<503961> <hasProgressionRelapseAssessment_hasProgressionOrRelapse> <Progression_1> 0 0 0 0
<501308> <hasProgressionRelapseAssessment_hasProgressionOrRelapse> <Progression_1> 0 0 0 0
<417109> <hasProgressionRelapseAssessment_hasProgressionOrRelapse> <Progression_2> 0 0 0 0
<503183> <hasProgressionRelapseAssessment_hasProgressionOrRelapse> <Progression_6> 0 0 0 0
<4605029> <hasProgressionRelapseAssessment_hasProgressionOrRelapse> <Progression_1> 0 0 0 0
<4605636> <hasProgressionRelapseAssessment_hasProgressionOrRelapse> <Progression_2> 0 0 0 0
<4910860> <hasProgressionRelapseAssessment_hasProgressionOrRelapse> <Progression_2> 0 0 0 0
<505696> <hasProgressionRelapseAssessment_hasProgressionOrRelapse> <Progression_1> 0 0 0 0
<4911220> <hasProgressionRelapseAssessment_hasProgressionOrRelapse> <Progression_1> 0 0 0 0
<503042> <hasProgressionRelapseAssessment_hasProgressionOrRelapse> <Progression_1> 0 0 0 0
<501280> <hasProgressionRelapseAssessment_hasProgressionOrRelapse> <Progression_1> 0 0 0 0
<417059> <hasProgressionRelapseAssessment_hasProgressionOrRelapse> <Progression_1> 0 0 0 0
<417017> <hasProgressionRelapseAssessment_hasProgressionOrRelapse> <Progression_1> 0 0 0 0
<417007> <hasProgressionRelapseAssessment_hasProgressionOrRelapse> <Progression_1> 0 0 0 0
<503442> <hasProgressionRelapseAssessment_hasProgressionOrRelapse> <Progression_3> 0 0 0 0
<507530> <hasProgressionRelapseAssessment_hasProgressionOrRelapse> <Progression_1> 0 0 0 0
<503851> <hasProgressionRelapseAssessment_hasProgressionOrRelapse> <Progression_2> 0 0 0 0
<501321> <hasProgressionRelapseAssessment_hasProgressionOrRelapse> <Progression_1> 0 0 0 0
<4608616> <hasProgressionRelapseAssessment_hasProgressionOrRelapse> <Progression_2> 0 0 0 0
<501279> <hasProgressionRelapseAssessment_hasProgressionOrRelapse> <Progression_1> 0 0 0 0
<416766> <hasProgressionRelapseAssessment_hasProgressionOrRelapse> <Progression_3> 0 0 0 0
<4910842> <hasProgressionRelapseAssessment_hasProgressionOrRelapse> <Progression_3> 0 0 0 0
<417204> <hasProgressionRelapseAssessment_hasProgressionOrRelapse> <Progression_1> 0 0 0 0
<4910764> <hasProgressionRelapseAssessment_hasProgressionOrRelapse> <Progression_3> 0 0 0 0
<503000> <hasProgressionRelapseAssessment_hasProgressionOrRelapse> <Progression_1> 0 0 0 0
<4910670> <hasProgressionRelapseAssessment_hasProgressionOrRelapse> <Progression_1> 0 0 0 0
<503920> <hasProgressionRelapseAssessment_hasProgressionOrRelapse> <Progression_2> 0 0 0 0
<501307> <hasProgressionRelapseAssessment_hasProgressionOrRelapse> <Progression_1> 0 0 0 0
<417373> <hasProgressionRelapseAssessment_hasProgressionOrRelapse> <Progression_3> 0 0 0 0
<508159> <hasProgressionRelapseAssessment_hasProgressionOrRelapse> <Progression_2> 0 0 0 0
<508375> <hasProgressionRelapseAssessment_hasProgressionOrRelapse> <Progression_1> 0 0 0 0
<508424> <hasProgressionRelapseAssessment_hasProgressionOrRelapse> <Progression_1> 0 0 0 0
<508521> <hasProgressionRelapseAssessment_hasProgressionOrRelapse> <Progression_1> 0 0 0 0
<5103144> <hasProgressionRelapseAssessment_hasProgressionOrRelapse> <Progression_3> 0 0 0 0
<5103515> <hasProgressionRelapseAssessment_hasProgressionOrRelapse> <Progression_2> 0 0 0 0
<509004> <hasProgressionRelapseAssessment_hasProgressionOrRelapse> <Progression_3> 0 0 0 0
<509061> <hasProgressionRelapseAssessment_hasProgressionOrRelapse> <Progression_1> 0 0 0 0
<5106256> <hasProgressionRelapseAssessment_hasProgressionOrRelapse> <Progression_4> 0 0 0 0
<5106286> <hasProgressionRelapseAssessment_hasProgressionOrRelapse> <Progression_2> 0 0 0 0
<5106485> <hasProgressionRelapseAssessment_hasProgressionOrRelapse> <Progression_3> 0 0 0 0
<5106492> <hasProgressionRelapseAssessment_hasProgressionOrRelapse> <Progression_3> 0 0 0 0
<5106606> <hasProgressionRelapseAssessment_hasProgressionOrRelapse> <Progression_2> 0 0 0 0
<5103983> <hasProgressionRelapseAssessment_hasProgressionOrRelapse> <Relapse_1> 0 0 0 0
<5111378> <hasProgressionRelapseAssessment_hasProgressionOrRelapse> <Progression_5> 0 0 0 0
<5104189> <hasProgressionRelapseAssessment_hasProgressionOrRelapse> <Progression_1> 0 0 0 0
<512431> <hasProgressionRelapseAssessment_hasProgressionOrRelapse> <Progression_2> 0 0 0 0
<512459> <hasProgressionRelapseAssessment_hasProgressionOrRelapse> <Progression_1> 0 0 0 0
<508228> <hasProgressionRelapseAssessment_hasProgressionOrRelapse> <Progression_2> 0 0 0 0
<508426> <hasProgressionRelapseAssessment_hasProgressionOrRelapse> <Progression_1> 0 0 0 0
<508465> <hasProgressionRelapseAssessment_hasProgressionOrRelapse> <Progression_2> 0 0 0 0
<508496> <hasProgressionRelapseAssessment_hasProgressionOrRelapse> <Progression_1> 0 0 0 0
<5105206> <hasProgressionRelapseAssessment_hasProgressionOrRelapse> <Progression_2> 0 0 0 0
<5106050> <hasProgressionRelapseAssessment_hasProgressionOrRelapse> <Progression_2> 0 0 0 0
<5115126> <hasProgressionRelapseAssessment_hasProgressionOrRelapse> <Progression_1> 0 0 0 0
<507905> <hasProgressionRelapseAssessment_hasProgressionOrRelapse> <Progression_1> 0 0 0 0
<508212> <hasProgressionRelapseAssessment_hasProgressionOrRelapse> <Progression_1> 0 0 0 0
<5110621> <hasProgressionRelapseAssessment_hasProgressionOrRelapse> <Progression_2> 0 0 0 0
<5107114> <hasProgressionRelapseAssessment_hasProgressionOrRelapse> <Progression_4> 0 0 0 0
<5107176> <hasProgressionRelapseAssessment_hasProgressionOrRelapse> <Progression_3> 0 0 0 0
<508981> <hasProgressionRelapseAssessment_hasProgressionOrRelapse> <Progression_1> 0 0 0 0
<508368> <hasProgressionRelapseAssessment_hasProgressionOrRelapse> <Progression_2> 0 0 0 0
<5109142> <hasProgressionRelapseAssessment_hasProgressionOrRelapse> <Progression_1> 0 0 0 0
<508046> <hasProgressionRelapseAssessment_hasProgressionOrRelapse> <Progression_2> 0 0 0 0
<509819> <hasProgressionRelapseAssessment_hasProgressionOrRelapse> <Progression_1> 0 0 0 0
<5102781> <hasProgressionRelapseAssessment_hasProgressionOrRelapse> <Progression_2> 0 0 0 0
<512385> <hasProgressionRelapseAssessment_hasProgressionOrRelapse> <Progression_1> 0 0 0 0
<508237> <hasProgressionRelapseAssessment_hasProgressionOrRelapse> <Progression_3> 0 0 0 0
<5103656> <hasProgressionRelapseAssessment_hasProgressionOrRelapse> <Progression_4> 0 0 0 0
<5106485> <hasProgressionRelapseAssessment_hasProgressionOrRelapse> <Progression_2> 0 0 0 0
<5107409> <hasProgressionRelapseAssessment_hasProgressionOrRelapse> <Progression_1> 0 0 0 0
<512605> <hasProgressionRelapseAssessment_hasProgressionOrRelapse> <Progression_3> 0 0 0 0
<508948> <hasProgressionRelapseAssessment_hasProgressionOrRelapse> <Progression_1> 0 0 0 0
<509324> <hasProgressionRelapseAssessment_hasProgressionOrRelapse> <Progression_1> 0 0 0 0
<5116585> <hasProgressionRelapseAssessment_hasProgressionOrRelapse> <Progression_1> 0 0 0 0
<508560> <hasProgressionRelapseAssessment_hasProgressionOrRelapse> <Progression_1> 0 0 0 0
<5102819> <hasProgressionRelapseAssessment_hasProgressionOrRelapse> <Progression_1> 0 0 0 0
<5113266> <hasProgressionRelapseAssessment_hasProgressionOrRelapse> <Progression_1> 0 0 0 0
<508371> <hasProgressionRelapseAssessment_hasProgressionOrRelapse> <Progression_3> 0 0 0 0
<508219> <hasProgressionRelapseAssessment_hasProgressionOrRelapse> <Progression_1> 0 0 0 0
<509007> <hasProgressionRelapseAssessment_hasProgressionOrRelapse> <Progression_2> 0 0 0 0
<508414> <hasProgressionRelapseAssessment_hasProgressionOrRelapse> <Progression_1> 0 0 0 0
<508194> <hasProgressionRelapseAssessment_hasProgressionOrRelapse> <Progression_2> 0 0 0 0
<5104483> <hasProgressionRelapseAssessment_hasProgressionOrRelapse> <Relapse_2> 0 0 0 0
<5103184> <hasProgressionRelapseAssessment_hasProgressionOrRelapse> <Relapse_1> 0 0 0 0
<512650> <hasProgressionRelapseAssessment_hasProgressionOrRelapse> <Progression_1> 0 0 0 0
<5114482> <hasProgressionRelapseAssessment_hasProgressionOrRelapse> <Progression_2> 0 0 0 0
<512949> <hasProgressionRelapseAssessment_hasProgressionOrRelapse> <Progression_1> 0 0 0 0
<513307> <hasProgressionRelapseAssessment_hasProgressionOrRelapse> <Progression_1> 0 0 0 0
<513558> <hasProgressionRelapseAssessment_hasProgressionOrRelapse> <Progression_7> 0 0 0 0
<514162> <hasProgressionRelapseAssessment_hasProgressionOrRelapse> <Progression_2> 0 0 0 0
<514162> <hasProgressionRelapseAssessment_hasProgressionOrRelapse> <Progression_3> 0 0 0 0
<514190> <hasProgressionRelapseAssessment_hasProgressionOrRelapse> <Progression_4> 0 0 0 0
<514213> <hasProgressionRelapseAssessment_hasProgressionOrRelapse> <Progression_1> 0 0 0 0
<514365> <hasProgressionRelapseAssessment_hasProgressionOrRelapse> <Progression_1> 0 0 0 0
<515822> <hasProgressionRelapseAssessment_hasProgressionOrRelapse> <Progression_1> 0 0 0 0
<516769> <hasProgressionRelapseAssessment_hasProgressionOrRelapse> <Progression_1> 0 0 0 0
<516367> <hasProgressionRelapseAssessment_hasProgressionOrRelapse> <Progression_1> 0 0 0 0
<517002> <hasProgressionRelapseAssessment_hasProgressionOrRelapse> <Progression_1> 0 0 0 0
<513731> <hasProgressionRelapseAssessment_hasProgressionOrRelapse> <Progression_2> 0 0 0 0
<514461> <hasProgressionRelapseAssessment_hasProgressionOrRelapse> <Progression_1> 0 0 0 0
<516635> <hasProgressionRelapseAssessment_hasProgressionOrRelapse> <Progression_1> 0 0 0 0
<513926> <hasProgressionRelapseAssessment_hasProgressionOrRelapse> <Progression_4> 0 0 0 0
<513184> <hasProgressionRelapseAssessment_hasProgressionOrRelapse> <Progression_1> 0 0 0 0
<515383> <hasProgressionRelapseAssessment_hasProgressionOrRelapse> <Progression_1> 0 0 0 0
<5307052> <hasProgressionRelapseAssessment_hasProgressionOrRelapse> <Progression_5> 0 0 0 0
<5315138> <hasProgressionRelapseAssessment_hasProgressionOrRelapse> <Progression_1> 0 0 0 0
<5315637> <hasProgressionRelapseAssessment_hasProgressionOrRelapse> <Progression_2> 0 0 0 0
<5302668> <hasProgressionRelapseAssessment_hasProgressionOrRelapse> <Progression_1> 0 0 0 0
<5302673> <hasProgressionRelapseAssessment_hasProgressionOrRelapse> <Progression_2> 0 0 0 0
<513312> <hasProgressionRelapseAssessment_hasProgressionOrRelapse> <Progression_3> 0 0 0 0
<514043> <hasProgressionRelapseAssessment_hasProgressionOrRelapse> <Progression_2> 0 0 0 0
<5502114> <hasProgressionRelapseAssessment_hasProgressionOrRelapse> <Progression_1> 0 0 0 0
<5315828> <hasProgressionRelapseAssessment_hasProgressionOrRelapse> <Progression_1> 0 0 0 0
<5308254> <hasProgressionRelapseAssessment_hasProgressionOrRelapse> <Progression_1> 0 0 0 0
<5316255> <hasProgressionRelapseAssessment_hasProgressionOrRelapse> <Progression_2> 0 0 0 0
<516339> <hasProgressionRelapseAssessment_hasProgressionOrRelapse> <Progression_2> 0 0 0 0
<5315472> <hasProgressionRelapseAssessment_hasProgressionOrRelapse> <Progression_1> 0 0 0 0
<5316349> <hasProgressionRelapseAssessment_hasProgressionOrRelapse> <Progression_1> 0 0 0 0
<5316538> <hasProgressionRelapseAssessment_hasProgressionOrRelapse> <Progression_1> 0 0 0 0
<5316045> <hasProgressionRelapseAssessment_hasProgressionOrRelapse> <Progression_1> 0 0 0 0
<516988> <hasProgressionRelapseAssessment_hasProgressionOrRelapse> <Progression_1> 0 0 0 0
<515722> <hasProgressionRelapseAssessment_hasProgressionOrRelapse> <Progression_2> 0 0 0 0
<5305799> <hasProgressionRelapseAssessment_hasProgressionOrRelapse> <Progression_2> 0 0 0 0
<5316300> <hasProgressionRelapseAssessment_hasProgressionOrRelapse> <Progression_1> 0 0 0 0
<5316166> <hasProgressionRelapseAssessment_hasProgressionOrRelapse> <Progression_3> 0 0 0 0
<5316534> <hasProgressionRelapseAssessment_hasProgressionOrRelapse> <Relapse_1> 0 0 0 0
<5314498> <hasProgressionRelapseAssessment_hasProgressionOrRelapse> <Relapse_1> 0 0 0 0
<5305250> <hasProgressionRelapseAssessment_hasProgressionOrRelapse> <Relapse_1> 0 0 0 0
<516358> <hasProgressionRelapseAssessment_hasProgressionOrRelapse> <Progression_1> 0 0 0 0
<513741> <hasProgressionRelapseAssessment_hasProgressionOrRelapse> <Progression_3> 0 0 0 0
<5506114> <hasProgressionRelapseAssessment_hasProgressionOrRelapse> <Progression_2> 0 0 0 0
<5510248> <hasProgressionRelapseAssessment_hasProgressionOrRelapse> <Progression_2> 0 0 0 0
<6311570> <hasProgressionRelapseAssessment_hasProgressionOrRelapse> <Progression_1> 0 0 0 0
<6315214> <hasProgressionRelapseAssessment_hasProgressionOrRelapse> <Progression_1> 0 0 0 0
<6312821> <hasProgressionRelapseAssessment_hasProgressionOrRelapse> <Progression_2> 0 0 0 0
<6315990> <hasProgressionRelapseAssessment_hasProgressionOrRelapse> <Progression_1> 0 0 0 0
<6316485> <hasProgressionRelapseAssessment_hasProgressionOrRelapse> <Progression_1> 0 0 0 0
<7000349> <hasProgressionRelapseAssessment_hasProgressionOrRelapse> <Progression_2> 0 0 0 0
<701689> <hasProgressionRelapseAssessment_hasProgressionOrRelapse> <Progression_2> 0 0 0 0
<702908> <hasProgressionRelapseAssessment_hasProgressionOrRelapse> <Relapse_3> 0 0 0 0
<6304735> <hasProgressionRelapseAssessment_hasProgressionOrRelapse> <Progression_1> 0 0 0 0
<6315218> <hasProgressionRelapseAssessment_hasProgressionOrRelapse> <Progression_1> 0 0 0 0
<6312226> <hasProgressionRelapseAssessment_hasProgressionOrRelapse> <Progression_1> 0 0 0 0
<6312756> <hasProgressionRelapseAssessment_hasProgressionOrRelapse> <Progression_1> 0 0 0 0
<6400585> <hasProgressionRelapseAssessment_hasProgressionOrRelapse> <Progression_2> 0 0 0 0
<6400645> <hasProgressionRelapseAssessment_hasProgressionOrRelapse> <Progression_3> 0 0 0 0
<6312716> <hasProgressionRelapseAssessment_hasProgressionOrRelapse> <Progression_1> 0 0 0 0
<6316135> <hasProgressionRelapseAssessment_hasProgressionOrRelapse> <Progression_1> 0 0 0 0
<6400268> <hasProgressionRelapseAssessment_hasProgressionOrRelapse> <Progression_1> 0 0 0 0
<6316488> <hasProgressionRelapseAssessment_hasProgressionOrRelapse> <Progression_1> 0 0 0 0
<7404248> <hasProgressionRelapseAssessment_hasProgressionOrRelapse> <Progression_1> 0 0 0 0
<7717148> <hasProgressionRelapseAssessment_hasProgressionOrRelapse> <Progression_1> 0 0 0 0
<6315818> <hasProgressionRelapseAssessment_hasProgressionOrRelapse> <Progression_1> 0 0 0 0
<7005783> <hasProgressionRelapseAssessment_hasProgressionOrRelapse> <Progression_7> 0 0 0 0
<6400585> <hasProgressionRelapseAssessment_hasProgressionOrRelapse> <Progression_3> 0 0 0 0
<5510794> <hasProgressionRelapseAssessment_hasProgressionOrRelapse> <Progression_1> 0 0 0 0
<5511521> <hasProgressionRelapseAssessment_hasProgressionOrRelapse> <Progression_1> 0 0 0 0
<9410284> <hasProgressionRelapseAssessment_hasProgressionOrRelapse> <Progression_2> 0 0 0 0
<9413655> <hasProgressionRelapseAssessment_hasProgressionOrRelapse> <Progression_1> 0 0 0 0
<6300679> <hasProgressionRelapseAssessment_hasProgressionOrRelapse> <Progression_4> 0 0 0 0
<5510112> <hasProgressionRelapseAssessment_hasProgressionOrRelapse> <Progression_1> 0 0 0 0
<5511005> <hasProgressionRelapseAssessment_hasProgressionOrRelapse> <Progression_1> 0 0 0 0
<8306657> <hasProgressionRelapseAssessment_hasProgressionOrRelapse> <Progression_3> 0 0 0 0
<911698> <hasProgressionRelapseAssessment_hasProgressionOrRelapse> <Progression_2> 0 0 0 0
<9410283> <hasProgressionRelapseAssessment_hasProgressionOrRelapse> <Progression_10> 0 0 0 0
<906908> <hasProgressionRelapseAssessment_hasProgressionOrRelapse> <Progression_2> 0 0 0 0
<6605628> <hasProgressionRelapseAssessment_hasProgressionOrRelapse> <Relapse_1> 0 0 0 0
<6400264> <hasProgressionRelapseAssessment_hasProgressionOrRelapse> <Relapse_1> 0 0 0 0
<705934> <hasProgressionRelapseAssessment_hasProgressionOrRelapse> <Relapse_1> 0 0 0 0
<6311647> <hasProgressionRelapseAssessment_hasProgressionOrRelapse> <Relapse_2> 0 0 0 0
<916815> <hasProgressionRelapseAssessment_hasProgressionOrRelapse> <Relapse_1> 0 0 0 0
<909692> <hasProgressionRelapseAssessment_hasProgressionOrRelapse> <Progression_2> 0 0 0 0
<6311829> <hasProgressionRelapseAssessment_hasProgressionOrRelapse> <Progression_1> 0 0 0 0
<907276> <hasProgressionRelapseAssessment_hasProgressionOrRelapse> <Progression_1> 0 0 0 0
<9703884> <hasProgressionRelapseAssessment_hasProgressionOrRelapse> <Progression_1> 0 0 0 0
<7404244> <hasProgressionRelapseAssessment_hasProgressionOrRelapse> <Progression_2> 0 0 0 0
<9409881> <hasProgressionRelapseAssessment_hasProgressionOrRelapse> <Progression_2> 0 0 0 0
<5508923> <hasProgressionRelapseAssessment_hasProgressionOrRelapse> <Progression_2> 0 0 0 0
<6300633> <hasProgressionRelapseAssessment_hasProgressionOrRelapse> <Progression_1> 0 0 0 0
<916889> <hasProgressionRelapseAssessment_hasProgressionOrRelapse> <Progression_1> 0 0 0 0
<911809> <hasProgressionRelapseAssessment_hasProgressionOrRelapse> <Progression_1> 0 0 0 0
<909767> <hasProgressionRelapseAssessment_hasProgressionOrRelapse> <Progression_1> 0 0 0 0
<9409337> <hasProgressionRelapseAssessment_hasProgressionOrRelapse> <Progression_5> 0 0 0 0
<9703996> <hasProgressionRelapseAssessment_hasProgressionOrRelapse> <Progression_1> 0 0 0 0
<9703263> <hasProgressionRelapseAssessment_hasProgressionOrRelapse> <Progression_1> 0 0 0 0
<9409434> <hasProgressionRelapseAssessment_hasProgressionOrRelapse> <Relapse_1> 0 0 0 0
<906815> <hasProgressionRelapseAssessment_hasProgressionOrRelapse> <Relapse_1> 0 0 0 0
<9703839> <hasProgressionRelapseAssessment_hasProgressionOrRelapse> <Progression_1> 0 0 0 0
<9708627> <hasProgressionRelapseAssessment_hasProgressionOrRelapse> <Progression_1> 0 0 0 0
<9912048> <hasProgressionRelapseAssessment_hasProgressionOrRelapse> <Progression_1> 0 0 0 0
<1300688> <hasProgressionRelapseAssessment_hasProgressionOrRelapse> <Progression_1> 0 0 0 0
<2300002> <hasProgressionRelapseAssessment_hasProgressionOrRelapse> <Progression_4> 0 0 0 0
<415552> <hasProgressionRelapseAssessment_hasProgressionOrRelapse> <Progression_1> 0 0 0 0
<415189> <hasProgressionRelapseAssessment_hasProgressionOrRelapse> <Progression_1> 0 0 0 0
<6315993> <hasProgressionRelapseAssessment_hasProgressionOrRelapse> <Progression_4> 0 0 0 0
<6315993> <hasProgressionRelapseAssessment_hasProgressionOrRelapse> <Progression_7> 0 0 0 0
<10802828> <hasProgressionRelapseAssessment_hasProgressionOrRelapse> <Relapse_2> 0 0 0 0
<2100738> <hasProgressionRelapseAssessment_hasProgressionOrRelapse> <Relapse_1> 0 0 0 0
<2101162> <hasProgressionRelapseAssessment_hasProgressionOrRelapse> <Relapse_1> 0 0 0 0
<2903729> <hasProgressionRelapseAssessment_hasProgressionOrRelapse> <Relapse_1> 0 0 0 0
<2902534> <hasProgressionRelapseAssessment_hasProgressionOrRelapse> <Relapse_2> 0 0 0 0
<5104120> <hasProgressionRelapseAssessment_hasProgressionOrRelapse> <Relapse_1> 0 0 0 0
<5316263> <hasProgressionRelapseAssessment_hasProgressionOrRelapse> <Relapse_1> 0 0 0 0
<1006644> <hasProgressionRelapseAssessment_hasProgressionOrRelapse> <Progression_2> 0 0 0 0
<101826> <hasProgressionRelapseAssessment_hasProgressionOrRelapse> <Progression_1> 0 0 0 0
<102867> <hasProgressionRelapseAssessment_hasProgressionOrRelapse> <Relapse_3> 0 0 0 0
<102951> <hasProgressionRelapseAssessment_hasProgressionOrRelapse> <Progression_1> 0 0 0 0
<10610006> <hasProgressionRelapseAssessment_hasProgressionOrRelapse> <Progression_1> 0 0 0 0
<109829> <hasProgressionRelapseAssessment_hasProgressionOrRelapse> <Progression_3> 0 0 0 0
<112246> <hasProgressionRelapseAssessment_hasProgressionOrRelapse> <Progression_1> 0 0 0 0
<112538> <hasProgressionRelapseAssessment_hasProgressionOrRelapse> <Progression_1> 0 0 0 0
<11312075> <hasProgressionRelapseAssessment_hasProgressionOrRelapse> <Progression_2> 0 0 0 0
<1213683> <hasProgressionRelapseAssessment_hasProgressionOrRelapse> <Progression_2> 0 0 0 0
<1300506> <hasProgressionRelapseAssessment_hasProgressionOrRelapse> <Progression_1> 0 0 0 0
<11405989> <hasProgressionRelapseAssessment_hasProgressionOrRelapse> <Progression_3> 0 0 0 0
<101785> <hasProgressionRelapseAssessment_hasProgressionOrRelapse> <Progression_1> 0 0 0 0
<102264> <hasProgressionRelapseAssessment_hasProgressionOrRelapse> <Progression_2> 0 0 0 0
<102739> <hasProgressionRelapseAssessment_hasProgressionOrRelapse> <Progression_1> 0 0 0 0
<1201395> <hasProgressionRelapseAssessment_hasProgressionOrRelapse> <Progression_1> 0 0 0 0
<12914474> <hasProgressionRelapseAssessment_hasProgressionOrRelapse> <Progression_1> 0 0 0 0
<12914770> <hasProgressionRelapseAssessment_hasProgressionOrRelapse> <Progression_1> 0 0 0 0
<11911365> <hasProgressionRelapseAssessment_hasProgressionOrRelapse> <Progression_2> 0 0 0 0
<1214095> <hasProgressionRelapseAssessment_hasProgressionOrRelapse> <Progression_1> 0 0 0 0
<1300409> <hasProgressionRelapseAssessment_hasProgressionOrRelapse> <Progression_1> 0 0 0 0
<11405991> <hasProgressionRelapseAssessment_hasProgressionOrRelapse> <Progression_3> 0 0 0 0
<1201019> <hasProgressionRelapseAssessment_hasProgressionOrRelapse> <Progression_2> 0 0 0 0
<1214875> <hasProgressionRelapseAssessment_hasProgressionOrRelapse> <Progression_4> 0 0 0 0
<1200519> <hasProgressionRelapseAssessment_hasProgressionOrRelapse> <Progression_1> 0 0 0 0
<12914319> <hasProgressionRelapseAssessment_hasProgressionOrRelapse> <Progression_3> 0 0 0 0
<1200827> <hasProgressionRelapseAssessment_hasProgressionOrRelapse> <Progression_1> 0 0 0 0
<108003> <hasProgressionRelapseAssessment_hasProgressionOrRelapse> <Progression_1> 0 0 0 0
<10802980> <hasProgressionRelapseAssessment_hasProgressionOrRelapse> <Progression_1> 0 0 0 0
<109791> <hasProgressionRelapseAssessment_hasProgressionOrRelapse> <Progression_2> 0 0 0 0
<109829> <hasProgressionRelapseAssessment_hasProgressionOrRelapse> <Progression_8> 0 0 0 0
<101737> <hasProgressionRelapseAssessment_hasProgressionOrRelapse> <Progression_1> 0 0 0 0
<1200842> <hasProgressionRelapseAssessment_hasProgressionOrRelapse> <Progression_1> 0 0 0 0
<1006642> <hasProgressionRelapseAssessment_hasProgressionOrRelapse> <Progression_3> 0 0 0 0
<1300145> <hasProgressionRelapseAssessment_hasProgressionOrRelapse> <Progression_3> 0 0 0 0
<1200944> <hasProgressionRelapseAssessment_hasProgressionOrRelapse> <Progression_1> 0 0 0 0
<110094> <hasProgressionRelapseAssessment_hasProgressionOrRelapse> <Progression_2> 0 0 0 0
<1200112> <hasProgressionRelapseAssessment_hasProgressionOrRelapse> <Progression_1> 0 0 0 0
<1301994> <hasProgressionRelapseAssessment_hasProgressionOrRelapse> <Progression_1> 0 0 0 0
<1302147> <hasProgressionRelapseAssessment_hasProgressionOrRelapse> <Progression_1> 0 0 0 0
<1301997> <hasProgressionRelapseAssessment_hasProgressionOrRelapse> <Progression_1> 0 0 0 0
<1302245> <hasProgressionRelapseAssessment_hasProgressionOrRelapse> <Progression_2> 0 0 0 0
<1301004> <hasProgressionRelapseAssessment_hasProgressionOrRelapse> <Progression_1> 0 0 0 0
<1301943> <hasProgressionRelapseAssessment_hasProgressionOrRelapse> <Progression_1> 0 0 0 0
<1306186> <hasProgressionRelapseAssessment_hasProgressionOrRelapse> <Progression_1> 0 0 0 0
<1316064> <hasProgressionRelapseAssessment_hasProgressionOrRelapse> <Progression_1> 0 0 0 0
<1315643> <hasProgressionRelapseAssessment_hasProgressionOrRelapse> <Progression_1> 0 0 0 0
<1314990> <hasProgressionRelapseAssessment_hasProgressionOrRelapse> <Progression_1> 0 0 0 0
<1305854> <hasProgressionRelapseAssessment_hasProgressionOrRelapse> <Progression_1> 0 0 0 0
<1305918> <hasProgressionRelapseAssessment_hasProgressionOrRelapse> <Progression_1> 0 0 0 0
<1314933> <hasProgressionRelapseAssessment_hasProgressionOrRelapse> <Progression_1> 0 0 0 0
<1310837> <hasProgressionRelapseAssessment_hasProgressionOrRelapse> <Progression_1> 0 0 0 0
<1500889> <hasProgressionRelapseAssessment_hasProgressionOrRelapse> <Progression_1> 0 0 0 0
<1306547> <hasProgressionRelapseAssessment_hasProgressionOrRelapse> <Progression_1> 0 0 0 0
<1315135> <hasProgressionRelapseAssessment_hasProgressionOrRelapse> <Progression_1> 0 0 0 0
<1300800> <hasProgressionRelapseAssessment_hasProgressionOrRelapse> <Progression_1> 0 0 0 0
<1305679> <hasProgressionRelapseAssessment_hasProgressionOrRelapse> <Progression_1> 0 0 0 0
<1306061> <hasProgressionRelapseAssessment_hasProgressionOrRelapse> <Progression_2> 0 0 0 0
<1302243> <hasProgressionRelapseAssessment_hasProgressionOrRelapse> <Progression_1> 0 0 0 0
<1305532> <hasProgressionRelapseAssessment_hasProgressionOrRelapse> <Progression_1> 0 0 0 0
<1305770> <hasProgressionRelapseAssessment_hasProgressionOrRelapse> <Progression_5> 0 0 0 0
<1306337> <hasProgressionRelapseAssessment_hasProgressionOrRelapse> <Progression_2> 0 0 0 0
<1504166> <hasProgressionRelapseAssessment_hasProgressionOrRelapse> <Progression_1> 0 0 0 0
<1314904> <hasProgressionRelapseAssessment_hasProgressionOrRelapse> <Progression_1> 0 0 0 0
<14505623> <hasProgressionRelapseAssessment_hasProgressionOrRelapse> <Progression_2> 0 0 0 0
<1509751> <hasProgressionRelapseAssessment_hasProgressionOrRelapse> <Progression_2> 0 0 0 0
<1305445> <hasProgressionRelapseAssessment_hasProgressionOrRelapse> <Progression_1> 0 0 0 0
<1503604> <hasProgressionRelapseAssessment_hasProgressionOrRelapse> <Progression_1> 0 0 0 0
<15700667> <hasProgressionRelapseAssessment_hasProgressionOrRelapse> <Progression_1> 0 0 0 0
<1314913> <hasProgressionRelapseAssessment_hasProgressionOrRelapse> <Progression_1> 0 0 0 0
<1310343> <hasProgressionRelapseAssessment_hasProgressionOrRelapse> <Progression_2> 0 0 0 0
<1305921> <hasProgressionRelapseAssessment_hasProgressionOrRelapse> <Progression_1> 0 0 0 0
<1500846> <hasProgressionRelapseAssessment_hasProgressionOrRelapse> <Progression_2> 0 0 0 0
<1314774> <hasProgressionRelapseAssessment_hasProgressionOrRelapse> <Progression_4> 0 0 0 0
<14702309> <hasProgressionRelapseAssessment_hasProgressionOrRelapse> <Progression_2> 0 0 0 0
<1503443> <hasProgressionRelapseAssessment_hasProgressionOrRelapse> <Progression_3> 0 0 0 0
<1302062> <hasProgressionRelapseAssessment_hasProgressionOrRelapse> <Progression_1> 0 0 0 0
<15703036> <hasProgressionRelapseAssessment_hasProgressionOrRelapse> <Progression_1> 0 0 0 0
<15710134> <hasProgressionRelapseAssessment_hasProgressionOrRelapse> <Progression_3> 0 0 0 0
<15714596> <hasProgressionRelapseAssessment_hasProgressionOrRelapse> <Progression_1> 0 0 0 0
<15710171> <hasProgressionRelapseAssessment_hasProgressionOrRelapse> <Progression_2> 0 0 0 0
<15704683> <hasProgressionRelapseAssessment_hasProgressionOrRelapse> <Progression_4> 0 0 0 0
<15702836> <hasProgressionRelapseAssessment_hasProgressionOrRelapse> <Progression_3> 0 0 0 0
<201604> <hasProgressionRelapseAssessment_hasProgressionOrRelapse> <Progression_1> 0 0 0 0
<201640> <hasProgressionRelapseAssessment_hasProgressionOrRelapse> <Progression_2> 0 0 0 0
<202771> <hasProgressionRelapseAssessment_hasProgressionOrRelapse> <Progression_3> 0 0 0 0
<202937> <hasProgressionRelapseAssessment_hasProgressionOrRelapse> <Progression_1> 0 0 0 0
<205278> <hasProgressionRelapseAssessment_hasProgressionOrRelapse> <Progression_1> 0 0 0 0
<15709462> <hasProgressionRelapseAssessment_hasProgressionOrRelapse> <Progression_1> 0 0 0 0
<15703036> <hasProgressionRelapseAssessment_hasProgressionOrRelapse> <Progression_5> 0 0 0 0
<205007> <hasProgressionRelapseAssessment_hasProgressionOrRelapse> <Progression_1> 0 0 0 0
<202123> <hasProgressionRelapseAssessment_hasProgressionOrRelapse> <Progression_1> 0 0 0 0
<202055> <hasProgressionRelapseAssessment_hasProgressionOrRelapse> <Relapse_1> 0 0 0 0
<204740> <hasProgressionRelapseAssessment_hasProgressionOrRelapse> <Progression_3> 0 0 0 0
<15706838> <hasProgressionRelapseAssessment_hasProgressionOrRelapse> <Progression_1> 0 0 0 0
<15704694> <hasProgressionRelapseAssessment_hasProgressionOrRelapse> <Progression_1> 0 0 0 0
<207600> <hasProgressionRelapseAssessment_hasProgressionOrRelapse> <Progression_1> 0 0 0 0
<15702257> <hasProgressionRelapseAssessment_hasProgressionOrRelapse> <Progression_1> 0 0 0 0
<206740> <hasProgressionRelapseAssessment_hasProgressionOrRelapse> <Progression_2> 0 0 0 0
<201577> <hasProgressionRelapseAssessment_hasProgressionOrRelapse> <Progression_2> 0 0 0 0
<2100629> <hasProgressionRelapseAssessment_hasProgressionOrRelapse> <Progression_1> 0 0 0 0
<2100740> <hasProgressionRelapseAssessment_hasProgressionOrRelapse> <Progression_3> 0 0 0 0
<210065> <hasProgressionRelapseAssessment_hasProgressionOrRelapse> <Progression_2> 0 0 0 0
<203288> <hasProgressionRelapseAssessment_hasProgressionOrRelapse> <Progression_1> 0 0 0 0
<201638> <hasProgressionRelapseAssessment_hasProgressionOrRelapse> <Progression_2> 0 0 0 0
<204337> <hasProgressionRelapseAssessment_hasProgressionOrRelapse> <Progression_1> 0 0 0 0
<205010> <hasProgressionRelapseAssessment_hasProgressionOrRelapse> <Progression_1> 0 0 0 0
<2100731> <hasProgressionRelapseAssessment_hasProgressionOrRelapse> <Relapse_1> 0 0 0 0
<15706361> <hasProgressionRelapseAssessment_hasProgressionOrRelapse> <Relapse_1> 0 0 0 0
<207227> <hasProgressionRelapseAssessment_hasProgressionOrRelapse> <Progression_1> 0 0 0 0
<2100746> <hasProgressionRelapseAssessment_hasProgressionOrRelapse> <Progression_2> 0 0 0 0
<2100675> <hasProgressionRelapseAssessment_hasProgressionOrRelapse> <Progression_1> 0 0 0 0
<2100656> <hasProgressionRelapseAssessment_hasProgressionOrRelapse> <Progression_4> 0 0 0 0
<2100628> <hasProgressionRelapseAssessment_hasProgressionOrRelapse> <Progression_2> 0 0 0 0
<2104979> <hasProgressionRelapseAssessment_hasProgressionOrRelapse> <Progression_2> 0 0 0 0
<210390> <hasProgressionRelapseAssessment_hasProgressionOrRelapse> <Progression_1> 0 0 0 0
<210592> <hasProgressionRelapseAssessment_hasProgressionOrRelapse> <Progression_1> 0 0 0 0
<2108767> <hasProgressionRelapseAssessment_hasProgressionOrRelapse> <Progression_3> 0 0 0 0
<212214> <hasProgressionRelapseAssessment_hasProgressionOrRelapse> <Progression_1> 0 0 0 0
<212476> <hasProgressionRelapseAssessment_hasProgressionOrRelapse> <Progression_1> 0 0 0 0
<212874> <hasProgressionRelapseAssessment_hasProgressionOrRelapse> <Progression_1> 0 0 0 0
<216099> <hasProgressionRelapseAssessment_hasProgressionOrRelapse> <Progression_2> 0 0 0 0
<2300021> <hasProgressionRelapseAssessment_hasProgressionOrRelapse> <Progression_4> 0 0 0 0
<2300040> <hasProgressionRelapseAssessment_hasProgressionOrRelapse> <Progression_1> 0 0 0 0
<2300151> <hasProgressionRelapseAssessment_hasProgressionOrRelapse> <Progression_2> 0 0 0 0
<2301150> <hasProgressionRelapseAssessment_hasProgressionOrRelapse> <Progression_1> 0 0 0 0
<2304904> <hasProgressionRelapseAssessment_hasProgressionOrRelapse> <Progression_1> 0 0 0 0
<2311938> <hasProgressionRelapseAssessment_hasProgressionOrRelapse> <Progression_3> 0 0 0 0
<2404011> <hasProgressionRelapseAssessment_hasProgressionOrRelapse> <Progression_2> 0 0 0 0
<2405932> <hasProgressionRelapseAssessment_hasProgressionOrRelapse> <Progression_1> 0 0 0 0
<2505024> <hasProgressionRelapseAssessment_hasProgressionOrRelapse> <Progression_3> 0 0 0 0
<212515> <hasProgressionRelapseAssessment_hasProgressionOrRelapse> <Progression_2> 0 0 0 0
<2304723> <hasProgressionRelapseAssessment_hasProgressionOrRelapse> <Progression_2> 0 0 0 0
<2305760> <hasProgressionRelapseAssessment_hasProgressionOrRelapse> <Progression_5> 0 0 0 0
<2102772> <hasProgressionRelapseAssessment_hasProgressionOrRelapse> <Progression_1> 0 0 0 0
<2304455> <hasProgressionRelapseAssessment_hasProgressionOrRelapse> <Progression_2> 0 0 0 0
<2305268> <hasProgressionRelapseAssessment_hasProgressionOrRelapse> <Progression_5> 0 0 0 0
<2312537> <hasProgressionRelapseAssessment_hasProgressionOrRelapse> <Progression_10> 0 0 0 0
<2100956> <hasProgressionRelapseAssessment_hasProgressionOrRelapse> <Progression_2> 0 0 0 0
<212954> <hasProgressionRelapseAssessment_hasProgressionOrRelapse> <Progression_1> 0 0 0 0
<2105967> <hasProgressionRelapseAssessment_hasProgressionOrRelapse> <Progression_2> 0 0 0 0
<2101026> <hasProgressionRelapseAssessment_hasProgressionOrRelapse> <Progression_1> 0 0 0 0
<2305760> <hasProgressionRelapseAssessment_hasProgressionOrRelapse> <Progression_1> 0 0 0 0
<2304325> <hasProgressionRelapseAssessment_hasProgressionOrRelapse> <Progression_1> 0 0 0 0
<217326> <hasProgressionRelapseAssessment_hasProgressionOrRelapse> <Progression_1> 0 0 0 0
<2300047> <hasProgressionRelapseAssessment_hasProgressionOrRelapse> <Progression_3> 0 0 0 0
<2300151> <hasProgressionRelapseAssessment_hasProgressionOrRelapse> <Progression_3> 0 0 0 0
<211360> <hasProgressionRelapseAssessment_hasProgressionOrRelapse> <Progression_2> 0 0 0 0
<2804104> <hasProgressionRelapseAssessment_hasProgressionOrRelapse> <Relapse_1> 0 0 0 0
<2300373> <hasProgressionRelapseAssessment_hasProgressionOrRelapse> <Relapse_2> 0 0 0 0
<2300029> <hasProgressionRelapseAssessment_hasProgressionOrRelapse> <Progression_1> 0 0 0 0
<2300238> <hasProgressionRelapseAssessment_hasProgressionOrRelapse> <Progression_2> 0 0 0 0
<2312799> <hasProgressionRelapseAssessment_hasProgressionOrRelapse> <Progression_3> 0 0 0 0
<2108766> <hasProgressionRelapseAssessment_hasProgressionOrRelapse> <Progression_1> 0 0 0 0
<212957> <hasProgressionRelapseAssessment_hasProgressionOrRelapse> <Progression_2> 0 0 0 0
<2406839> <hasProgressionRelapseAssessment_hasProgressionOrRelapse> <Progression_1> 0 0 0 0
<211771> <hasProgressionRelapseAssessment_hasProgressionOrRelapse> <Progression_5> 0 0 0 0
<2300017> <hasProgressionRelapseAssessment_hasProgressionOrRelapse> <Progression_1> 0 0 0 0
<2307995> <hasProgressionRelapseAssessment_hasProgressionOrRelapse> <Progression_2> 0 0 0 0
<2311253> <hasProgressionRelapseAssessment_hasProgressionOrRelapse> <Progression_1> 0 0 0 0
<2807647> <hasProgressionRelapseAssessment_hasProgressionOrRelapse> <Progression_2> 0 0 0 0
<2813068> <hasProgressionRelapseAssessment_hasProgressionOrRelapse> <Progression_2> 0 0 0 0
<3000763> <hasProgressionRelapseAssessment_hasProgressionOrRelapse> <Progression_1> 0 0 0 0
<3000764> <hasProgressionRelapseAssessment_hasProgressionOrRelapse> <Progression_1> 0 0 0 0
<313682> <hasProgressionRelapseAssessment_hasProgressionOrRelapse> <Progression_1> 0 0 0 0
<3317015> <hasProgressionRelapseAssessment_hasProgressionOrRelapse> <Progression_1> 0 0 0 0
<3408299> <hasProgressionRelapseAssessment_hasProgressionOrRelapse> <Progression_4> 0 0 0 0
<301136> <hasProgressionRelapseAssessment_hasProgressionOrRelapse> <Progression_1> 0 0 0 0
<3406710> <hasProgressionRelapseAssessment_hasProgressionOrRelapse> <Progression_1> 0 0 0 0
<3507484> <hasProgressionRelapseAssessment_hasProgressionOrRelapse> <Progression_2> 0 0 0 0
<3012904> <hasProgressionRelapseAssessment_hasProgressionOrRelapse> <Progression_3> 0 0 0 0
<3308119> <hasProgressionRelapseAssessment_hasProgressionOrRelapse> <Progression_1> 0 0 0 0
<2807338> <hasProgressionRelapseAssessment_hasProgressionOrRelapse> <Progression_3> 0 0 0 0
<2903728> <hasProgressionRelapseAssessment_hasProgressionOrRelapse> <Progression_1> 0 0 0 0
<3016531> <hasProgressionRelapseAssessment_hasProgressionOrRelapse> <Progression_1> 0 0 0 0
<2810035> <hasProgressionRelapseAssessment_hasProgressionOrRelapse> <Progression_2> 0 0 0 0
<3505866> <hasProgressionRelapseAssessment_hasProgressionOrRelapse> <Progression_7> 0 0 0 0
<2806972> <hasProgressionRelapseAssessment_hasProgressionOrRelapse> <Progression_1> 0 0 0 0
<3005894> <hasProgressionRelapseAssessment_hasProgressionOrRelapse> <Progression_2> 0 0 0 0
<3007163> <hasProgressionRelapseAssessment_hasProgressionOrRelapse> <Progression_2> 0 0 0 0
<3105724> <hasProgressionRelapseAssessment_hasProgressionOrRelapse> <Progression_2> 0 0 0 0
<2815309> <hasProgressionRelapseAssessment_hasProgressionOrRelapse> <Progression_1> 0 0 0 0
<2813864> <hasProgressionRelapseAssessment_hasProgressionOrRelapse> <Progression_1> 0 0 0 0
<300347> <hasProgressionRelapseAssessment_hasProgressionOrRelapse> <Progression_2> 0 0 0 0
<3105728> <hasProgressionRelapseAssessment_hasProgressionOrRelapse> <Progression_1> 0 0 0 0
<3507690> <hasProgressionRelapseAssessment_hasProgressionOrRelapse> <Progression_1> 0 0 0 0
<2806244> <hasProgressionRelapseAssessment_hasProgressionOrRelapse> <Progression_1> 0 0 0 0
<2811745> <hasProgressionRelapseAssessment_hasProgressionOrRelapse> <Progression_1> 0 0 0 0
<2808856> <hasProgressionRelapseAssessment_hasProgressionOrRelapse> <Progression_2> 0 0 0 0
<2917366> <hasProgressionRelapseAssessment_hasProgressionOrRelapse> <Progression_1> 0 0 0 0
<2808829> <hasProgressionRelapseAssessment_hasProgressionOrRelapse> <Progression_2> 0 0 0 0
<300334> <hasProgressionRelapseAssessment_hasProgressionOrRelapse> <Progression_2> 0 0 0 0
<2812733> <hasProgressionRelapseAssessment_hasProgressionOrRelapse> <Progression_2> 0 0 0 0
<3408109> <hasProgressionRelapseAssessment_hasProgressionOrRelapse> <Progression_5> 0 0 0 0
<3407244> <hasProgressionRelapseAssessment_hasProgressionOrRelapse> <Progression_1> 0 0 0 0
<3505880> <hasProgressionRelapseAssessment_hasProgressionOrRelapse> <Progression_9> 0 0 0 0
<3408101> <hasProgressionRelapseAssessment_hasProgressionOrRelapse> <Progression_2> 0 0 0 0
<3309709> <hasProgressionRelapseAssessment_hasProgressionOrRelapse> <Progression_1> 0 0 0 0
<3405175> <hasProgressionRelapseAssessment_hasProgressionOrRelapse> <Progression_1> 0 0 0 0
<3405200> <hasProgressionRelapseAssessment_hasProgressionOrRelapse> <Progression_1> 0 0 0 0
<312304> <hasProgressionRelapseAssessment_hasProgressionOrRelapse> <Progression_2> 0 0 0 0
<300305> <hasProgressionRelapseAssessment_hasProgressionOrRelapse> <Relapse_2> 0 0 0 0
<3505948> <hasProgressionRelapseAssessment_hasProgressionOrRelapse> <Relapse_2> 0 0 0 0
<3012900> <hasProgressionRelapseAssessment_hasProgressionOrRelapse> <Relapse_1> 0 0 0 0
<2813124> <hasProgressionRelapseAssessment_hasProgressionOrRelapse> <Relapse_1> 0 0 0 0
<2806193> <hasProgressionRelapseAssessment_hasProgressionOrRelapse> <Progression_1> 0 0 0 0
<3005712> <hasProgressionRelapseAssessment_hasProgressionOrRelapse> <Progression_5> 0 0 0 0
<2816098> <hasProgressionRelapseAssessment_hasProgressionOrRelapse> <Progression_1> 0 0 0 0
<2902534> <hasProgressionRelapseAssessment_hasProgressionOrRelapse> <Progression_1> 0 0 0 0
<3505953> <hasProgressionRelapseAssessment_hasProgressionOrRelapse> <Progression_4> 0 0 0 0
<2911370> <hasProgressionRelapseAssessment_hasProgressionOrRelapse> <Progression_1> 0 0 0 0
<3407803> <hasProgressionRelapseAssessment_hasProgressionOrRelapse> <Progression_1> 0 0 0 0
<3308087> <hasProgressionRelapseAssessment_hasProgressionOrRelapse> <Progression_1> 0 0 0 0
<303675> <hasProgressionRelapseAssessment_hasProgressionOrRelapse> <Progression_1> 0 0 0 0
<3402695> <hasProgressionRelapseAssessment_hasProgressionOrRelapse> <Progression_1> 0 0 0 0
<2910969> <hasProgressionRelapseAssessment_hasProgressionOrRelapse> <Progression_1> 0 0 0 0
<3507848> <hasProgressionRelapseAssessment_hasProgressionOrRelapse> <Progression_1> 0 0 0 0
<3510765> <hasProgressionRelapseAssessment_hasProgressionOrRelapse> <Progression_1> 0 0 0 0
<3510954> <hasProgressionRelapseAssessment_hasProgressionOrRelapse> <Progression_2> 0 0 0 0
<3508631> <hasProgressionRelapseAssessment_hasProgressionOrRelapse> <Progression_3> 0 0 0 0
<3510124> <hasProgressionRelapseAssessment_hasProgressionOrRelapse> <Progression_1> 0 0 0 0
<3508646> <hasProgressionRelapseAssessment_hasProgressionOrRelapse> <Progression_1> 0 0 0 0
<3508879> <hasProgressionRelapseAssessment_hasProgressionOrRelapse> <Progression_4> 0 0 0 0
<3507868> <hasProgressionRelapseAssessment_hasProgressionOrRelapse> <Progression_1> 0 0 0 0
<3703610> <hasProgressionRelapseAssessment_hasProgressionOrRelapse> <Progression_8> 0 0 0 0
<3509191> <hasProgressionRelapseAssessment_hasProgressionOrRelapse> <Progression_2> 0 0 0 0
<3508844> <hasProgressionRelapseAssessment_hasProgressionOrRelapse> <Relapse_2> 0 0 0 0
<3005712> <hasProgressionRelapseAssessment_hasProgressionOrRelapse> <Progression_1> 0 0 0 0
<3704467> <hasProgressionRelapseAssessment_hasProgressionOrRelapse> <Progression_2> 0 0 0 0
<409600> <hasProgressionRelapseAssessment_hasProgressionOrRelapse> <Progression_1> 0 0 0 0
<409923> <hasProgressionRelapseAssessment_hasProgressionOrRelapse> <Progression_2> 0 0 0 0
<409956> <hasProgressionRelapseAssessment_hasProgressionOrRelapse> <Progression_3> 0 0 0 0
<410095> <hasProgressionRelapseAssessment_hasProgressionOrRelapse> <Progression_1> 0 0 0 0
<410096> <hasProgressionRelapseAssessment_hasProgressionOrRelapse> <Progression_3> 0 0 0 0
<410066> <hasProgressionRelapseAssessment_hasProgressionOrRelapse> <Progression_7> 0 0 0 0
<410271> <hasProgressionRelapseAssessment_hasProgressionOrRelapse> <Progression_2> 0 0 0 0
<410000> <hasProgressionRelapseAssessment_hasProgressionOrRelapse> <Progression_6> 0 0 0 0
<3510939> <hasProgressionRelapseAssessment_hasProgressionOrRelapse> <Progression_2> 0 0 0 0
<415769> <hasProgressionRelapseAssessment_hasProgressionOrRelapse> <Progression_1> 0 0 0 0
<412997> <hasProgressionRelapseAssessment_hasProgressionOrRelapse> <Progression_2> 0 0 0 0
<409686> <hasProgressionRelapseAssessment_hasProgressionOrRelapse> <Progression_1> 0 0 0 0
<409352> <hasProgressionRelapseAssessment_hasProgressionOrRelapse> <Progression_3> 0 0 0 0
<409736> <hasProgressionRelapseAssessment_hasProgressionOrRelapse> <Progression_2> 0 0 0 0
<410114> <hasProgressionRelapseAssessment_hasProgressionOrRelapse> <Progression_1> 0 0 0 0
<410170> <hasProgressionRelapseAssessment_hasProgressionOrRelapse> <Progression_1> 0 0 0 0
<413029> <hasProgressionRelapseAssessment_hasProgressionOrRelapse> <Progression_4> 0 0 0 0
<407635> <hasProgressionRelapseAssessment_hasProgressionOrRelapse> <Progression_1> 0 0 0 0
<410352> <hasProgressionRelapseAssessment_hasProgressionOrRelapse> <Progression_5> 0 0 0 0
<3812245> <hasProgressionRelapseAssessment_hasProgressionOrRelapse> <Progression_1> 0 0 0 0
<408818> <hasProgressionRelapseAssessment_hasProgressionOrRelapse> <Progression_1> 0 0 0 0
<409352> <hasProgressionRelapseAssessment_hasProgressionOrRelapse> <Progression_2> 0 0 0 0
<410346> <hasProgressionRelapseAssessment_hasProgressionOrRelapse> <Progression_1> 0 0 0 0
<409750> <hasProgressionRelapseAssessment_hasProgressionOrRelapse> <Progression_1> 0 0 0 0
<410027> <hasProgressionRelapseAssessment_hasProgressionOrRelapse> <Progression_2> 0 0 0 0
<409439> <hasProgressionRelapseAssessment_hasProgressionOrRelapse> <Progression_5> 0 0 0 0
<409901> <hasProgressionRelapseAssessment_hasProgressionOrRelapse> <Progression_3> 0 0 0 0
<409843> <hasProgressionRelapseAssessment_hasProgressionOrRelapse> <Progression_1> 0 0 0 0
<410212> <hasProgressionRelapseAssessment_hasProgressionOrRelapse> <Progression_3> 0 0 0 0
<409596> <hasProgressionRelapseAssessment_hasProgressionOrRelapse> <Relapse_1> 0 0 0 0
<409542> <hasProgressionRelapseAssessment_hasProgressionOrRelapse> <Progression_3> 0 0 0 0
<409359> <hasProgressionRelapseAssessment_hasProgressionOrRelapse> <Progression_1> 0 0 0 0
<417302> <hasProgressionRelapseAssessment_hasProgressionOrRelapse> <Progression_1> 0 0 0 0
<4605702> <hasProgressionRelapseAssessment_hasProgressionOrRelapse> <Progression_4> 0 0 0 0
<417133> <hasProgressionRelapseAssessment_hasProgressionOrRelapse> <Progression_1> 0 0 0 0
<4601469> <hasProgressionRelapseAssessment_hasProgressionOrRelapse> <Progression_1> 0 0 0 0
<416690> <hasProgressionRelapseAssessment_hasProgressionOrRelapse> <Progression_1> 0 0 0 0
<4910720> <hasProgressionRelapseAssessment_hasProgressionOrRelapse> <Progression_2> 0 0 0 0
<4911225> <hasProgressionRelapseAssessment_hasProgressionOrRelapse> <Progression_1> 0 0 0 0
<501240> <hasProgressionRelapseAssessment_hasProgressionOrRelapse> <Progression_2> 0 0 0 0
<501248> <hasProgressionRelapseAssessment_hasProgressionOrRelapse> <Progression_4> 0 0 0 0
<501260> <hasProgressionRelapseAssessment_hasProgressionOrRelapse> <Progression_2> 0 0 0 0
<503298> <hasProgressionRelapseAssessment_hasProgressionOrRelapse> <Progression_3> 0 0 0 0
<417307> <hasProgressionRelapseAssessment_hasProgressionOrRelapse> <Progression_1> 0 0 0 0
<417585> <hasProgressionRelapseAssessment_hasProgressionOrRelapse> <Progression_1> 0 0 0 0
<4910702> <hasProgressionRelapseAssessment_hasProgressionOrRelapse> <Progression_3> 0 0 0 0
<4910904> <hasProgressionRelapseAssessment_hasProgressionOrRelapse> <Progression_2> 0 0 0 0
<416851> <hasProgressionRelapseAssessment_hasProgressionOrRelapse> <Progression_1> 0 0 0 0
<4600251> <hasProgressionRelapseAssessment_hasProgressionOrRelapse> <Progression_1> 0 0 0 0
<503880> <hasProgressionRelapseAssessment_hasProgressionOrRelapse> <Progression_4> 0 0 0 0
<507787> <hasProgressionRelapseAssessment_hasProgressionOrRelapse> <Progression_1> 0 0 0 0
<417573> <hasProgressionRelapseAssessment_hasProgressionOrRelapse> <Progression_1> 0 0 0 0
<4910974> <hasProgressionRelapseAssessment_hasProgressionOrRelapse> <Progression_1> 0 0 0 0
<417275> <hasProgressionRelapseAssessment_hasProgressionOrRelapse> <Progression_1> 0 0 0 0
<4910460> <hasProgressionRelapseAssessment_hasProgressionOrRelapse> <Progression_1> 0 0 0 0
<4910673> <hasProgressionRelapseAssessment_hasProgressionOrRelapse> <Progression_1> 0 0 0 0
<501255> <hasProgressionRelapseAssessment_hasProgressionOrRelapse> <Progression_2> 0 0 0 0
<503044> <hasProgressionRelapseAssessment_hasProgressionOrRelapse> <Progression_2> 0 0 0 0
<4205846> <hasProgressionRelapseAssessment_hasProgressionOrRelapse> <Progression_1> 0 0 0 0
<4910888> <hasProgressionRelapseAssessment_hasProgressionOrRelapse> <Progression_1> 0 0 0 0
<503179> <hasProgressionRelapseAssessment_hasProgressionOrRelapse> <Progression_1> 0 0 0 0
<4910786> <hasProgressionRelapseAssessment_hasProgressionOrRelapse> <Progression_1> 0 0 0 0
<4305625> <hasProgressionRelapseAssessment_hasProgressionOrRelapse> <Relapse_1> 0 0 0 0
<417057> <hasProgressionRelapseAssessment_hasProgressionOrRelapse> <Progression_1> 0 0 0 0
<416766> <hasProgressionRelapseAssessment_hasProgressionOrRelapse> <Progression_4> 0 0 0 0
<4910842> <hasProgressionRelapseAssessment_hasProgressionOrRelapse> <Progression_1> 0 0 0 0
<4910883> <hasProgressionRelapseAssessment_hasProgressionOrRelapse> <Progression_1> 0 0 0 0
<4910704> <hasProgressionRelapseAssessment_hasProgressionOrRelapse> <Progression_1> 0 0 0 0
<501235> <hasProgressionRelapseAssessment_hasProgressionOrRelapse> <Progression_1> 0 0 0 0
<4911195> <hasProgressionRelapseAssessment_hasProgressionOrRelapse> <Progression_2> 0 0 0 0
<503806> <hasProgressionRelapseAssessment_hasProgressionOrRelapse> <Progression_2> 0 0 0 0
<4201622> <hasProgressionRelapseAssessment_hasProgressionOrRelapse> <Progression_1> 0 0 0 0
<503174> <hasProgressionRelapseAssessment_hasProgressionOrRelapse> <Progression_1> 0 0 0 0
<503904> <hasProgressionRelapseAssessment_hasProgressionOrRelapse> <Progression_3> 0 0 0 0
<507783> <hasProgressionRelapseAssessment_hasProgressionOrRelapse> <Progression_4> 0 0 0 0
<4911208> <hasProgressionRelapseAssessment_hasProgressionOrRelapse> <Progression_1> 0 0 0 0
<4910686> <hasProgressionRelapseAssessment_hasProgressionOrRelapse> <Progression_3> 0 0 0 0
<504133> <hasProgressionRelapseAssessment_hasProgressionOrRelapse> <Progression_1> 0 0 0 0
<503190> <hasProgressionRelapseAssessment_hasProgressionOrRelapse> <Progression_2> 0 0 0 0
<509091> <hasProgressionRelapseAssessment_hasProgressionOrRelapse> <Progression_1> 0 0 0 0
<5102740> <hasProgressionRelapseAssessment_hasProgressionOrRelapse> <Progression_5> 0 0 0 0
<5102817> <hasProgressionRelapseAssessment_hasProgressionOrRelapse> <Progression_1> 0 0 0 0
<5103656> <hasProgressionRelapseAssessment_hasProgressionOrRelapse> <Progression_2> 0 0 0 0
<508279> <hasProgressionRelapseAssessment_hasProgressionOrRelapse> <Progression_3> 0 0 0 0
<5106753> <hasProgressionRelapseAssessment_hasProgressionOrRelapse> <Progression_2> 0 0 0 0
<5109139> <hasProgressionRelapseAssessment_hasProgressionOrRelapse> <Progression_1> 0 0 0 0
<512468> <hasProgressionRelapseAssessment_hasProgressionOrRelapse> <Progression_2> 0 0 0 0
<512601> <hasProgressionRelapseAssessment_hasProgressionOrRelapse> <Progression_1> 0 0 0 0
<5116542> <hasProgressionRelapseAssessment_hasProgressionOrRelapse> <Progression_3> 0 0 0 0
<512604> <hasProgressionRelapseAssessment_hasProgressionOrRelapse> <Progression_2> 0 0 0 0
<508475> <hasProgressionRelapseAssessment_hasProgressionOrRelapse> <Progression_1> 0 0 0 0
<508505> <hasProgressionRelapseAssessment_hasProgressionOrRelapse> <Progression_1> 0 0 0 0
<5106983> <hasProgressionRelapseAssessment_hasProgressionOrRelapse> <Progression_1> 0 0 0 0
<5117394> <hasProgressionRelapseAssessment_hasProgressionOrRelapse> <Progression_1> 0 0 0 0
<5114583> <hasProgressionRelapseAssessment_hasProgressionOrRelapse> <Progression_1> 0 0 0 0
<5107716> <hasProgressionRelapseAssessment_hasProgressionOrRelapse> <Progression_2> 0 0 0 0
<509023> <hasProgressionRelapseAssessment_hasProgressionOrRelapse> <Progression_1> 0 0 0 0
<510287> <hasProgressionRelapseAssessment_hasProgressionOrRelapse> <Progression_1> 0 0 0 0
<512335> <hasProgressionRelapseAssessment_hasProgressionOrRelapse> <Progression_3> 0 0 0 0
<5110737> <hasProgressionRelapseAssessment_hasProgressionOrRelapse> <Progression_2> 0 0 0 0
<5111621> <hasProgressionRelapseAssessment_hasProgressionOrRelapse> <Progression_2> 0 0 0 0
<5104229> <hasProgressionRelapseAssessment_hasProgressionOrRelapse> <Progression_1> 0 0 0 0
<5109518> <hasProgressionRelapseAssessment_hasProgressionOrRelapse> <Progression_2> 0 0 0 0
<508484> <hasProgressionRelapseAssessment_hasProgressionOrRelapse> <Progression_1> 0 0 0 0
<5103144> <hasProgressionRelapseAssessment_hasProgressionOrRelapse> <Progression_5> 0 0 0 0
<508066> <hasProgressionRelapseAssessment_hasProgressionOrRelapse> <Progression_1> 0 0 0 0
<5104373> <hasProgressionRelapseAssessment_hasProgressionOrRelapse> <Progression_2> 0 0 0 0
<5106573> <hasProgressionRelapseAssessment_hasProgressionOrRelapse> <Progression_1> 0 0 0 0
<5105512> <hasProgressionRelapseAssessment_hasProgressionOrRelapse> <Progression_1> 0 0 0 0
<5104855> <hasProgressionRelapseAssessment_hasProgressionOrRelapse> <Progression_1> 0 0 0 0
<5105543> <hasProgressionRelapseAssessment_hasProgressionOrRelapse> <Relapse_2> 0 0 0 0
<512356> <hasProgressionRelapseAssessment_hasProgressionOrRelapse> <Relapse_1> 0 0 0 0
<508373> <hasProgressionRelapseAssessment_hasProgressionOrRelapse> <Relapse_1> 0 0 0 0
<5104117> <hasProgressionRelapseAssessment_hasProgressionOrRelapse> <Relapse_1> 0 0 0 0
<5106452> <hasProgressionRelapseAssessment_hasProgressionOrRelapse> <Relapse_1> 0 0 0 0
<508234> <hasProgressionRelapseAssessment_hasProgressionOrRelapse> <Progression_3> 0 0 0 0
<5104120> <hasProgressionRelapseAssessment_hasProgressionOrRelapse> <Progression_2> 0 0 0 0
<5106242> <hasProgressionRelapseAssessment_hasProgressionOrRelapse> <Progression_1> 0 0 0 0
<5106243> <hasProgressionRelapseAssessment_hasProgressionOrRelapse> <Progression_2> 0 0 0 0
<513558> <hasProgressionRelapseAssessment_hasProgressionOrRelapse> <Progression_2> 0 0 0 0
<513968> <hasProgressionRelapseAssessment_hasProgressionOrRelapse> <Progression_2> 0 0 0 0
<514138> <hasProgressionRelapseAssessment_hasProgressionOrRelapse> <Progression_2> 0 0 0 0
<514210> <hasProgressionRelapseAssessment_hasProgressionOrRelapse> <Progression_3> 0 0 0 0
<514281> <hasProgressionRelapseAssessment_hasProgressionOrRelapse> <Progression_1> 0 0 0 0
<514312> <hasProgressionRelapseAssessment_hasProgressionOrRelapse> <Progression_2> 0 0 0 0
<516155> <hasProgressionRelapseAssessment_hasProgressionOrRelapse> <Progression_1> 0 0 0 0
<516760> <hasProgressionRelapseAssessment_hasProgressionOrRelapse> <Progression_1> 0 0 0 0
<5301097> <hasProgressionRelapseAssessment_hasProgressionOrRelapse> <Progression_2> 0 0 0 0
<513229> <hasProgressionRelapseAssessment_hasProgressionOrRelapse> <Progression_4> 0 0 0 0
<514214> <hasProgressionRelapseAssessment_hasProgressionOrRelapse> <Progression_1> 0 0 0 0
<517146> <hasProgressionRelapseAssessment_hasProgressionOrRelapse> <Progression_2> 0 0 0 0
<509053> <hasProgressionRelapseAssessment_hasProgressionOrRelapse> <Relapse_1> 0 0 0 0
<513733> <hasProgressionRelapseAssessment_hasProgressionOrRelapse> <Progression_3> 0 0 0 0
<513977> <hasProgressionRelapseAssessment_hasProgressionOrRelapse> <Progression_4> 0 0 0 0
<514076> <hasProgressionRelapseAssessment_hasProgressionOrRelapse> <Progression_2> 0 0 0 0
<516262> <hasProgressionRelapseAssessment_hasProgressionOrRelapse> <Progression_5> 0 0 0 0
<516635> <hasProgressionRelapseAssessment_hasProgressionOrRelapse> <Progression_2> 0 0 0 0
<516222> <hasProgressionRelapseAssessment_hasProgressionOrRelapse> <Progression_2> 0 0 0 0
<516727> <hasProgressionRelapseAssessment_hasProgressionOrRelapse> <Progression_3> 0 0 0 0
<5312670> <hasProgressionRelapseAssessment_hasProgressionOrRelapse> <Progression_1> 0 0 0 0
<5313815> <hasProgressionRelapseAssessment_hasProgressionOrRelapse> <Progression_1> 0 0 0 0
<5315480> <hasProgressionRelapseAssessment_hasProgressionOrRelapse> <Progression_1> 0 0 0 0
<5315560> <hasProgressionRelapseAssessment_hasProgressionOrRelapse> <Progression_1> 0 0 0 0
<5315651> <hasProgressionRelapseAssessment_hasProgressionOrRelapse> <Progression_1> 0 0 0 0
<5316626> <hasProgressionRelapseAssessment_hasProgressionOrRelapse> <Progression_1> 0 0 0 0
<5310852> <hasProgressionRelapseAssessment_hasProgressionOrRelapse> <Progression_1> 0 0 0 0
<515753> <hasProgressionRelapseAssessment_hasProgressionOrRelapse> <Progression_2> 0 0 0 0
<516257> <hasProgressionRelapseAssessment_hasProgressionOrRelapse> <Progression_6> 0 0 0 0
<513671> <hasProgressionRelapseAssessment_hasProgressionOrRelapse> <Progression_1> 0 0 0 0
<514089> <hasProgressionRelapseAssessment_hasProgressionOrRelapse> <Progression_1> 0 0 0 0
<5301597> <hasProgressionRelapseAssessment_hasProgressionOrRelapse> <Progression_2> 0 0 0 0
<5305973> <hasProgressionRelapseAssessment_hasProgressionOrRelapse> <Progression_2> 0 0 0 0
<5316199> <hasProgressionRelapseAssessment_hasProgressionOrRelapse> <Progression_2> 0 0 0 0
<5316004> <hasProgressionRelapseAssessment_hasProgressionOrRelapse> <Progression_1> 0 0 0 0
<516236> <hasProgressionRelapseAssessment_hasProgressionOrRelapse> <Relapse_2> 0 0 0 0
<5316206> <hasProgressionRelapseAssessment_hasProgressionOrRelapse> <Relapse_1> 0 0 0 0
<5317569> <hasProgressionRelapseAssessment_hasProgressionOrRelapse> <Relapse_1> 0 0 0 0
<5315797> <hasProgressionRelapseAssessment_hasProgressionOrRelapse> <Relapse_1> 0 0 0 0
<5304826> <hasProgressionRelapseAssessment_hasProgressionOrRelapse> <Relapse_1> 0 0 0 0
<5316346> <hasProgressionRelapseAssessment_hasProgressionOrRelapse> <Relapse_1> 0 0 0 0
<513733> <hasProgressionRelapseAssessment_hasProgressionOrRelapse> <Progression_2> 0 0 0 0
<513908> <hasProgressionRelapseAssessment_hasProgressionOrRelapse> <Progression_3> 0 0 0 0
<513091> <hasProgressionRelapseAssessment_hasProgressionOrRelapse> <Progression_1> 0 0 0 0
<514203> <hasProgressionRelapseAssessment_hasProgressionOrRelapse> <Progression_3> 0 0 0 0
<5511005> <hasProgressionRelapseAssessment_hasProgressionOrRelapse> <Progression_3> 0 0 0 0
<6303503> <hasProgressionRelapseAssessment_hasProgressionOrRelapse> <Progression_1> 0 0 0 0
<6311644> <hasProgressionRelapseAssessment_hasProgressionOrRelapse> <Progression_2> 0 0 0 0
<6312021> <hasProgressionRelapseAssessment_hasProgressionOrRelapse> <Progression_1> 0 0 0 0
<6316917> <hasProgressionRelapseAssessment_hasProgressionOrRelapse> <Progression_2> 0 0 0 0
<6317023> <hasProgressionRelapseAssessment_hasProgressionOrRelapse> <Progression_2> 0 0 0 0
<6317382> <hasProgressionRelapseAssessment_hasProgressionOrRelapse> <Progression_1> 0 0 0 0
<703754> <hasProgressionRelapseAssessment_hasProgressionOrRelapse> <Progression_1> 0 0 0 0
<7105399> <hasProgressionRelapseAssessment_hasProgressionOrRelapse> <Progression_1> 0 0 0 0
<5505897> <hasProgressionRelapseAssessment_hasProgressionOrRelapse> <Progression_2> 0 0 0 0
<6304731> <hasProgressionRelapseAssessment_hasProgressionOrRelapse> <Progression_1> 0 0 0 0
<5510394> <hasProgressionRelapseAssessment_hasProgressionOrRelapse> <Progression_2> 0 0 0 0
<702528> <hasProgressionRelapseAssessment_hasProgressionOrRelapse> <Progression_3> 0 0 0 0
<7408722> <hasProgressionRelapseAssessment_hasProgressionOrRelapse> <Progression_1> 0 0 0 0
<7717071> <hasProgressionRelapseAssessment_hasProgressionOrRelapse> <Progression_2> 0 0 0 0
<901153> <hasProgressionRelapseAssessment_hasProgressionOrRelapse> <Progression_1> 0 0 0 0
<906819> <hasProgressionRelapseAssessment_hasProgressionOrRelapse> <Progression_1> 0 0 0 0
<906865> <hasProgressionRelapseAssessment_hasProgressionOrRelapse> <Progression_2> 0 0 0 0
<906998> <hasProgressionRelapseAssessment_hasProgressionOrRelapse> <Progression_1> 0 0 0 0
<917237> <hasProgressionRelapseAssessment_hasProgressionOrRelapse> <Progression_2> 0 0 0 0
<9408736> <hasProgressionRelapseAssessment_hasProgressionOrRelapse> <Progression_5> 0 0 0 0
<9409216> <hasProgressionRelapseAssessment_hasProgressionOrRelapse> <Progression_4> 0 0 0 0
<5504876> <hasProgressionRelapseAssessment_hasProgressionOrRelapse> <Progression_2> 0 0 0 0
<6311631> <hasProgressionRelapseAssessment_hasProgressionOrRelapse> <Progression_3> 0 0 0 0
<6312144> <hasProgressionRelapseAssessment_hasProgressionOrRelapse> <Progression_1> 0 0 0 0
<7005783> <hasProgressionRelapseAssessment_hasProgressionOrRelapse> <Progression_3> 0 0 0 0
<6605758> <hasProgressionRelapseAssessment_hasProgressionOrRelapse> <Progression_1> 0 0 0 0
<6400372> <hasProgressionRelapseAssessment_hasProgressionOrRelapse> <Progression_1> 0 0 0 0
<908665> <hasProgressionRelapseAssessment_hasProgressionOrRelapse> <Progression_2> 0 0 0 0
<7101189> <hasProgressionRelapseAssessment_hasProgressionOrRelapse> <Relapse_1> 0 0 0 0
<705969> <hasProgressionRelapseAssessment_hasProgressionOrRelapse> <Relapse_1> 0 0 0 0
<911697> <hasProgressionRelapseAssessment_hasProgressionOrRelapse> <Relapse_1> 0 0 0 0
<701629> <hasProgressionRelapseAssessment_hasProgressionOrRelapse> <Progression_2> 0 0 0 0
<6402606> <hasProgressionRelapseAssessment_hasProgressionOrRelapse> <Progression_1> 0 0 0 0
<5505470> <hasProgressionRelapseAssessment_hasProgressionOrRelapse> <Progression_1> 0 0 0 0
<900593> <hasProgressionRelapseAssessment_hasProgressionOrRelapse> <Progression_1> 0 0 0 0
<916893> <hasProgressionRelapseAssessment_hasProgressionOrRelapse> <Progression_1> 0 0 0 0
<7404244> <hasProgressionRelapseAssessment_hasProgressionOrRelapse> <Progression_4> 0 0 0 0
<6304713> <hasProgressionRelapseAssessment_hasProgressionOrRelapse> <Progression_1> 0 0 0 0
<9409182> <hasProgressionRelapseAssessment_hasProgressionOrRelapse> <Progression_1> 0 0 0 0
<6312024> <hasProgressionRelapseAssessment_hasProgressionOrRelapse> <Progression_1> 0 0 0 0
<9408834> <hasProgressionRelapseAssessment_hasProgressionOrRelapse> <Progression_2> 0 0 0 0
<7404073> <hasProgressionRelapseAssessment_hasProgressionOrRelapse> <Progression_2> 0 0 0 0
<9408778> <hasProgressionRelapseAssessment_hasProgressionOrRelapse> <Progression_1> 0 0 0 0
<6315713> <hasProgressionRelapseAssessment_hasProgressionOrRelapse> <Progression_1> 0 0 0 0
<9700573> <hasProgressionRelapseAssessment_hasProgressionOrRelapse> <Progression_2> 0 0 0 0
<9704263> <hasProgressionRelapseAssessment_hasProgressionOrRelapse> <Progression_1> 0 0 0 0
<9702991> <hasProgressionRelapseAssessment_hasProgressionOrRelapse> <Progression_2> 0 0 0 0
<8306657> <hasProgressionRelapseAssessment_hasProgressionOrRelapse> <Progression_5> 0 0 0 0
<6316719> <hasProgressionRelapseAssessment_hasProgressionOrRelapse> <Progression_2> 0 0 0 0
<6311506> <hasProgressionRelapseAssessment_hasProgressionOrRelapse> <Progression_1> 0 0 0 0
<9703614> <hasProgressionRelapseAssessment_hasProgressionOrRelapse> <Progression_1> 0 0 0 0
<2300002> <hasProgressionRelapseAssessment_hasProgressionOrRelapse> <Progression_2> 0 0 0 0
<409641> <hasProgressionRelapseAssessment_hasProgressionOrRelapse> <Progression_2> 0 0 0 0
<417399> <hasProgressionRelapseAssessment_hasProgressionOrRelapse> <Progression_1> 0 0 0 0
<5102970> <hasProgressionRelapseAssessment_hasProgressionOrRelapse> <Progression_1> 0 0 0 0
<513258> <hasProgressionRelapseAssessment_hasProgressionOrRelapse> <Progression_1> 0 0 0 0
<2102270> <hasProgressionRelapseAssessment_hasProgressionOrRelapse> <Relapse_1> 0 0 0 0
<6315993> <hasProgressionRelapseAssessment_hasProgressionOrRelapse> <Relapse_2> 0 0 0 0
<10601513> <hasProgressionRelapseAssessment_hasProgressionOrRelapse> <Relapse_1> 0 0 0 0
<109511> <hasProgressionRelapseAssessment_hasProgressionOrRelapse> <Relapse_1> 0 0 0 0
<11405983> <hasProgressionRelapseAssessment_hasProgressionOrRelapse> <Relapse_2> 0 0 0 0
<10803413> <hasProgressionRelapseAssessment_hasProgressionOrRelapse> <Relapse_1> 0 0 0 0
<12914236> <hasProgressionRelapseAssessment_hasProgressionOrRelapse> <Relapse_1> 0 0 0 0
<1300643> <hasProgressionRelapseAssessment_hasProgressionOrRelapse> <Relapse_1> 0 0 0 0
<10803798> <hasProgressionRelapseAssessment_hasProgressionOrRelapse> <Relapse_1> 0 0 0 0
<1305772> <hasProgressionRelapseAssessment_hasProgressionOrRelapse> <Relapse_2> 0 0 0 0
<207181> <hasProgressionRelapseAssessment_hasProgressionOrRelapse> <Relapse_1> 0 0 0 0
<407430> <hasProgressionRelapseAssessment_hasProgressionOrRelapse> <Relapse_1> 0 0 0 0
<5307642> <hasProgressionRelapseAssessment_hasProgressionOrRelapse> <Relapse_1> 0 0 0 0
