<101606> <hasCarcinogen_hasCarcinogenYears_category> <hasCarcinogenYears_between40and50> 0 0 0 0
<11312078> <hasCarcinogen_hasCarcinogenYears_category> <hasCarcinogenYears_between40and50> 0 0 0 0
<11312364> <hasCarcinogen_hasCarcinogenYears_category> <hasCarcinogenYears_between30and40> 0 0 0 0
<11317212> <hasCarcinogen_hasCarcinogenYears_category> <hasCarcinogenYears_between30and40> 0 0 0 0
<15715027> <hasCarcinogen_hasCarcinogenYears_category> <hasCarcinogenYears_lessThan10> 0 0 0 0
<2309998> <hasCarcinogen_hasCarcinogenYears_category> <hasCarcinogenYears_between30and40> 0 0 0 0
<4611773> <hasCarcinogen_hasCarcinogenYears_category> <hasCarcinogenYears_between30and40> 0 0 0 0
<6400653> <hasCarcinogen_hasCarcinogenYears_category> <hasCarcinogenYears_lessThan10> 0 0 0 0
<6401488> <hasCarcinogen_hasCarcinogenYears_category> <hasCarcinogenYears_between30and40> 0 0 0 0
<2102188> <hasCarcinogen_hasCarcinogenYears_category> <hasCarcinogenYears_between30and40> 0 0 0 0
<2301408> <hasCarcinogen_hasCarcinogenYears_category> <hasCarcinogenYears_between30and40> 0 0 0 0
<2311633> <hasCarcinogen_hasCarcinogenYears_category> <hasCarcinogenYears_between10and20> 0 0 0 0
<11312358> <hasCarcinogen_hasCarcinogenYears_category> <hasCarcinogenYears_between30and40> 0 0 0 0
<1300623> <hasCarcinogen_hasCarcinogenYears_category> <hasCarcinogenYears_between20and30> 0 0 0 0
<2300004> <hasCarcinogen_hasCarcinogenYears_category> <hasCarcinogenYears_between30and40> 0 0 0 0
<2300119> <hasCarcinogen_hasCarcinogenYears_category> <hasCarcinogenYears_between10and20> 0 0 0 0
<2301510> <hasCarcinogen_hasCarcinogenYears_category> <hasCarcinogenYears_between20and30> 0 0 0 0
<1306056> <hasCarcinogen_hasCarcinogenYears_category> <hasCarcinogenYears_between30and40> 0 0 0 0
<112182> <hasCarcinogen_hasCarcinogenYears_category> <hasCarcinogenYears_between40and50> 0 0 0 0
<2302749> <hasCarcinogen_hasCarcinogenYears_category> <hasCarcinogenYears_between40and50> 0 0 0 0
<705027> <hasCarcinogen_hasCarcinogenYears_category> <hasCarcinogenYears_between20and30> 0 0 0 0
<202541> <hasCarcinogen_hasCarcinogenYears_category> <hasCarcinogenYears_lessThan10> 0 0 0 0
<4601465> <hasCarcinogen_hasCarcinogenYears_category> <hasCarcinogenYears_lessThan10> 0 0 0 0
<1201896> <hasCarcinogen_hasCarcinogenYears_category> <hasCarcinogenYears_between20and30> 0 0 0 0
<2308348> <hasCarcinogen_hasCarcinogenYears_category> <hasCarcinogenYears_between20and30> 0 0 0 0
<1306334> <hasCarcinogen_hasCarcinogenYears_category> <hasCarcinogenYears_between10and20> 0 0 0 0
<308187> <hasCarcinogen_hasCarcinogenYears_category> <hasCarcinogenYears_lessThan10> 0 0 0 0
<11317084> <hasCarcinogen_hasCarcinogenYears_category> <hasCarcinogenYears_between20and30> 0 0 0 0
<1200521> <hasCarcinogen_hasCarcinogenYears_category> <hasCarcinogenYears_between20and30> 0 0 0 0
<2109199> <hasCarcinogen_hasCarcinogenYears_category> <hasCarcinogenYears_between30and40> 0 0 0 0
<9409367> <hasCarcinogen_hasCarcinogenYears_category> <hasCarcinogenYears_between30and40> 0 0 0 0
<112113> <hasCarcinogen_hasCarcinogenYears_category> <hasCarcinogenYears_between10and20> 0 0 0 0
<201564> <hasCarcinogen_hasCarcinogenYears_category> <hasCarcinogenYears_between20and30> 0 0 0 0
<2304634> <hasCarcinogen_hasCarcinogenYears_category> <hasCarcinogenYears_between20and30> 0 0 0 0
<2302047> <hasCarcinogen_hasCarcinogenYears_category> <hasCarcinogenYears_between30and40> 0 0 0 0
<101715> <hasCarcinogen_hasCarcinogenYears_category> <hasCarcinogenYears_moreThan50> 0 0 0 0
<110200> <hasCarcinogen_hasCarcinogenYears_category> <hasCarcinogenYears_between30and40> 0 0 0 0
<313722> <hasCarcinogen_hasCarcinogenYears_category> <hasCarcinogenYears_between40and50> 0 0 0 0
<3704286> <hasCarcinogen_hasCarcinogenYears_category> <hasCarcinogenYears_between40and50> 0 0 0 0
<111120> <hasCarcinogen_hasCarcinogenYears_category> <hasCarcinogenYears_between10and20> 0 0 0 0
<2300570> <hasCarcinogen_hasCarcinogenYears_category> <hasCarcinogenYears_moreThan50> 0 0 0 0
<2112828> <hasCarcinogen_hasCarcinogenYears_category> <hasCarcinogenYears_between30and40> 0 0 0 0
<4612745> <hasCarcinogen_hasCarcinogenYears_category> <hasCarcinogenYears_between20and30> 0 0 0 0
<1201898> <hasCarcinogen_hasCarcinogenYears_category> <hasCarcinogenYears_between30and40> 0 0 0 0
<11314151> <hasCarcinogen_hasCarcinogenYears_category> <hasCarcinogenYears_between30and40> 0 0 0 0
<1201110> <hasCarcinogen_hasCarcinogenYears_category> <hasCarcinogenYears_between20and30> 0 0 0 0
<103755> <hasCarcinogen_hasCarcinogenYears_category> <hasCarcinogenYears_between20and30> 0 0 0 0
<110725> <hasCarcinogen_hasCarcinogenYears_category> <hasCarcinogenYears_between10and20> 0 0 0 0
<11312077> <hasCarcinogen_hasCarcinogenYears_category> <hasCarcinogenYears_between30and40> 0 0 0 0
<11312257> <hasCarcinogen_hasCarcinogenYears_category> <hasCarcinogenYears_between20and30> 0 0 0 0
<11313618> <hasCarcinogen_hasCarcinogenYears_category> <hasCarcinogenYears_between40and50> 0 0 0 0
<11314501> <hasCarcinogen_hasCarcinogenYears_category> <hasCarcinogenYears_between20and30> 0 0 0 0
<1305690> <hasCarcinogen_hasCarcinogenYears_category> <hasCarcinogenYears_moreThan50> 0 0 0 0
<202681> <hasCarcinogen_hasCarcinogenYears_category> <hasCarcinogenYears_between40and50> 0 0 0 0
<2304640> <hasCarcinogen_hasCarcinogenYears_category> <hasCarcinogenYears_between10and20> 0 0 0 0
<2309595> <hasCarcinogen_hasCarcinogenYears_category> <hasCarcinogenYears_between20and30> 0 0 0 0
<2310708> <hasCarcinogen_hasCarcinogenYears_category> <hasCarcinogenYears_between10and20> 0 0 0 0
<2312041> <hasCarcinogen_hasCarcinogenYears_category> <hasCarcinogenYears_between20and30> 0 0 0 0
<2312212> <hasCarcinogen_hasCarcinogenYears_category> <hasCarcinogenYears_between20and30> 0 0 0 0
<6402099> <hasCarcinogen_hasCarcinogenYears_category> <hasCarcinogenYears_between40and50> 0 0 0 0
<6402112> <hasCarcinogen_hasCarcinogenYears_category> <hasCarcinogenYears_moreThan50> 0 0 0 0
<6402901> <hasCarcinogen_hasCarcinogenYears_category> <hasCarcinogenYears_between30and40> 0 0 0 0
<2301093> <hasCarcinogen_hasCarcinogenYears_category> <hasCarcinogenYears_between10and20> 0 0 0 0
<305238> <hasCarcinogen_hasCarcinogenYears_category> <hasCarcinogenYears_between30and40> 0 0 0 0
<6400372> <hasCarcinogen_hasCarcinogenYears_category> <hasCarcinogenYears_between30and40> 0 0 0 0
<7717071> <hasCarcinogen_hasCarcinogenYears_category> <hasCarcinogenYears_lessThan10> 0 0 0 0
<3509270> <hasCarcinogen_hasCarcinogenYears_category> <hasCarcinogenYears_between10and20> 0 0 0 0
<3704934> <hasCarcinogen_hasCarcinogenYears_category> <hasCarcinogenYears_moreThan50> 0 0 0 0
<4600251> <hasCarcinogen_hasCarcinogenYears_category> <hasCarcinogenYears_between30and40> 0 0 0 0
<1315162> <hasCarcinogen_hasCarcinogenYears_category> <hasCarcinogenYears_between30and40> 0 0 0 0
<2307323> <hasCarcinogen_hasCarcinogenYears_category> <hasCarcinogenYears_between20and30> 0 0 0 0
<311567> <hasCarcinogen_hasCarcinogenYears_category> <hasCarcinogenYears_between40and50> 0 0 0 0
<6401437> <hasCarcinogen_hasCarcinogenYears_category> <hasCarcinogenYears_between20and30> 0 0 0 0
<2301151> <hasCarcinogen_hasCarcinogenYears_category> <hasCarcinogenYears_between40and50> 0 0 0 0
<704897> <hasCarcinogen_hasCarcinogenYears_category> <hasCarcinogenYears_between30and40> 0 0 0 0
<2305280> <hasCarcinogen_hasCarcinogenYears_category> <hasCarcinogenYears_between30and40> 0 0 0 0
<109759> <hasCarcinogen_hasCarcinogenYears_category> <hasCarcinogenYears_between30and40> 0 0 0 0
<3710363> <hasCarcinogen_hasCarcinogenYears_category> <hasCarcinogenYears_between20and30> 0 0 0 0
<2300064> <hasCarcinogen_hasCarcinogenYears_category> <hasCarcinogenYears_between30and40> 0 0 0 0
<1200724> <hasCarcinogen_hasCarcinogenYears_category> <hasCarcinogenYears_between20and30> 0 0 0 0
<2304756> <hasCarcinogen_hasCarcinogenYears_category> <hasCarcinogenYears_between10and20> 0 0 0 0
<110973> <hasCarcinogen_hasCarcinogenYears_category> <hasCarcinogenYears_between40and50> 0 0 0 0
<110635> <hasCarcinogen_hasCarcinogenYears_category> <hasCarcinogenYears_lessThan10> 0 0 0 0
<2304575> <hasCarcinogen_hasCarcinogenYears_category> <hasCarcinogenYears_between30and40> 0 0 0 0
<4314309> <hasCarcinogen_hasCarcinogenYears_category> <hasCarcinogenYears_between20and30> 0 0 0 0
<205958> <hasCarcinogen_hasCarcinogenYears_category> <hasCarcinogenYears_between40and50> 0 0 0 0
<2407218> <hasCarcinogen_hasCarcinogenYears_category> <hasCarcinogenYears_between20and30> 0 0 0 0
<2917356> <hasCarcinogen_hasCarcinogenYears_category> <hasCarcinogenYears_between30and40> 0 0 0 0
<2309802> <hasCarcinogen_hasCarcinogenYears_category> <hasCarcinogenYears_between20and30> 0 0 0 0
<202088> <hasCarcinogen_hasCarcinogenYears_category> <hasCarcinogenYears_between30and40> 0 0 0 0
<2310246> <hasCarcinogen_hasCarcinogenYears_category> <hasCarcinogenYears_between20and30> 1 1 1 1
<1200935> <hasCarcinogen_hasCarcinogenYears_category> <hasCarcinogenYears_between20and30> 0 0 0 0
<5313421> <hasCarcinogen_hasCarcinogenYears_category> <hasCarcinogenYears_between20and30> 0 0 0 0
<1200981> <hasCarcinogen_hasCarcinogenYears_category> <hasCarcinogenYears_lessThan10> 0 0 0 0
