<300365> <has_cancer_metastasized_to_bone> <Yes> 47 45 0 0
<900594> <has_cancer_metastasized_to_bone> <Yes> 76 73 0 0
<101931> <has_cancer_metastasized_to_bone> <Yes> 69 66 0 0
<1202068> <has_cancer_metastasized_to_bone> <Yes> 0 0 0 0
<1202070> <has_cancer_metastasized_to_bone> <Yes> 23 21 0 0
<2100632> <has_cancer_metastasized_to_bone> <Yes> 26 24 0 0
<1201159> <has_cancer_metastasized_to_bone> <Yes> 76 73 0 0
<1301887> <has_cancer_metastasized_to_bone> <Yes> 8 7 1 1
<15701751> <has_cancer_metastasized_to_bone> <Yes> 81 78 0 0
<15701856> <has_cancer_metastasized_to_bone> <Yes> 0 0 0 0
<3703767> <has_cancer_metastasized_to_bone> <Yes> 76 73 0 0
<3004276> <has_cancer_metastasized_to_bone> <Yes> 0 0 0 0
<6402268> <has_cancer_metastasized_to_bone> <Yes> 23 21 0 0
<5105456> <has_cancer_metastasized_to_bone> <Yes> 24 22 0 0
<1306208> <has_cancer_metastasized_to_bone> <Yes> 76 73 0 0
<15706335> <has_cancer_metastasized_to_bone> <Yes> 25 23 0 0
<14705209> <has_cancer_metastasized_to_bone> <Yes> 0 0 0 0
<15706293> <has_cancer_metastasized_to_bone> <Yes> 51 49 0 0
<1305454> <has_cancer_metastasized_to_bone> <Yes> 25 23 0 0
<3005665> <has_cancer_metastasized_to_bone> <Yes> 22 20 0 0
<905892> <has_cancer_metastasized_to_bone> <Yes> 74 71 0 0
<1305921> <has_cancer_metastasized_to_bone> <Yes> 81 78 0 0
<2304719> <has_cancer_metastasized_to_bone> <Yes> 0 0 0 0
<1306718> <has_cancer_metastasized_to_bone> <Yes> 21 19 0 0
<7005931> <has_cancer_metastasized_to_bone> <Yes> 24 22 0 0
<3507508> <has_cancer_metastasized_to_bone> <Yes> 0 0 0 0
<2408590> <has_cancer_metastasized_to_bone> <Yes> 4 3 1 1
<9408682> <has_cancer_metastasized_to_bone> <Yes> 24 22 0 0
<3708753> <has_cancer_metastasized_to_bone> <Yes> 0 0 0 0
<3407819> <has_cancer_metastasized_to_bone> <Yes> 0 0 0 0
<8307698> <has_cancer_metastasized_to_bone> <Yes> 8 7 1 1
<509012> <has_cancer_metastasized_to_bone> <Yes> 23 21 0 0
<409799> <has_cancer_metastasized_to_bone> <Yes> 0 0 0 0
<509082> <has_cancer_metastasized_to_bone> <Yes> 79 76 0 0
<410089> <has_cancer_metastasized_to_bone> <Yes> 31 29 0 0
<2310587> <has_cancer_metastasized_to_bone> <Yes> 23 21 0 0
<10610717> <has_cancer_metastasized_to_bone> <Yes> 0 0 0 0
<2309802> <has_cancer_metastasized_to_bone> <Yes> 33 31 0 0
<5109296> <has_cancer_metastasized_to_bone> <Yes> 68 65 0 0
<111891> <has_cancer_metastasized_to_bone> <Yes> 26 24 0 0
<10612139> <has_cancer_metastasized_to_bone> <Yes> 34 32 0 0
<512424> <has_cancer_metastasized_to_bone> <Yes> 0 0 0 0
<10612328> <has_cancer_metastasized_to_bone> <Yes> 74 71 0 0
<2813067> <has_cancer_metastasized_to_bone> <Yes> 80 77 0 0
<5314800> <has_cancer_metastasized_to_bone> <Yes> 25 23 0 0
<18015740> <has_cancer_metastasized_to_bone> <Yes> 23 21 0 0
<5114560> <has_cancer_metastasized_to_bone> <Yes> 22 20 0 0
<5315730> <has_cancer_metastasized_to_bone> <Yes> 34 32 0 0
<116543> <has_cancer_metastasized_to_bone> <Yes> 7 6 1 1
<501323> <has_cancer_metastasized_to_bone> <Yes> 25 23 0 0
<2917345> <has_cancer_metastasized_to_bone> <Yes> 24 22 0 0
<300398> <has_cancer_metastasized_to_bone> <Yes> 22 20 0 0
<3602378> <has_cancer_metastasized_to_bone> <Yes> 79 76 0 0
<417591> <has_cancer_metastasized_to_bone> <Yes> 0 0 0 0
<502967> <has_cancer_metastasized_to_bone> <Yes> 23 21 0 0
<3704636> <has_cancer_metastasized_to_bone> <Yes> 22 20 0 0
<507653> <has_cancer_metastasized_to_bone> <Yes> 76 73 0 0
<207438> <has_cancer_metastasized_to_bone> <Yes> 40 38 0 0
<11405987> <has_cancer_metastasized_to_bone> <Yes> 67 64 0 0
<206170> <has_cancer_metastasized_to_bone> <Yes> 0 0 0 0
<503841> <has_cancer_metastasized_to_bone> <Yes> 25 23 0 0
<3405288> <has_cancer_metastasized_to_bone> <Yes> 25 23 0 0
<5106256> <has_cancer_metastasized_to_bone> <Yes> 57 55 0 0
<3508801> <has_cancer_metastasized_to_bone> <Yes> 22 20 0 0
<512414> <has_cancer_metastasized_to_bone> <Yes> 81 78 0 0
<3511291> <has_cancer_metastasized_to_bone> <Yes> 23 21 0 0
<516124> <has_cancer_metastasized_to_bone> <Yes> 32 30 0 0
<15717539> <has_cancer_metastasized_to_bone> <Yes> 68 65 0 0
<3310784> <has_cancer_metastasized_to_bone> <Yes> 32 30 0 0
<15701750> <has_cancer_metastasized_to_bone> <Yes> 5 4 1 1
<2902539> <has_cancer_metastasized_to_bone> <Yes> 24 22 0 0
<208888> <has_cancer_metastasized_to_bone> <Yes> 46 44 0 0
<4605637> <has_cancer_metastasized_to_bone> <Yes> 7 6 1 1
<1301652> <has_cancer_metastasized_to_bone> <Yes> 23 21 0 0
<1300145> <has_cancer_metastasized_to_bone> <Yes> 75 72 0 0
<2107511> <has_cancer_metastasized_to_bone> <Yes> 4 3 1 1
<3005809> <has_cancer_metastasized_to_bone> <Yes> 23 21 0 0
<1201119> <has_cancer_metastasized_to_bone> <Yes> 0 0 0 0
<901954> <has_cancer_metastasized_to_bone> <Yes> 0 0 0 0
<701774> <has_cancer_metastasized_to_bone> <Yes> 78 75 0 0
<15700160> <has_cancer_metastasized_to_bone> <Yes> 75 72 0 0
<204147> <has_cancer_metastasized_to_bone> <Yes> 0 0 0 0
<3404178> <has_cancer_metastasized_to_bone> <Yes> 0 0 0 0
<2302623> <has_cancer_metastasized_to_bone> <Yes> 66 63 0 0
<202402> <has_cancer_metastasized_to_bone> <Yes> 26 24 0 0
<6304752> <has_cancer_metastasized_to_bone> <Yes> 0 0 0 0
<1305605> <has_cancer_metastasized_to_bone> <Yes> 45 43 0 0
<1305525> <has_cancer_metastasized_to_bone> <Yes> 14 13 0 0
<205079> <has_cancer_metastasized_to_bone> <Yes> 67 64 0 0
<7105778> <has_cancer_metastasized_to_bone> <Yes> 13 12 0 0
<508281> <has_cancer_metastasized_to_bone> <Yes> 46 44 0 0
<5108149> <has_cancer_metastasized_to_bone> <Yes> 68 65 0 0
<209574> <has_cancer_metastasized_to_bone> <Yes> 23 21 0 0
<5109640> <has_cancer_metastasized_to_bone> <Yes> 57 55 0 0
<409760> <has_cancer_metastasized_to_bone> <Yes> 25 23 0 0
<508869> <has_cancer_metastasized_to_bone> <Yes> 0 0 0 0
<5110494> <has_cancer_metastasized_to_bone> <Yes> 81 78 0 0
<509055> <has_cancer_metastasized_to_bone> <Yes> 25 23 0 0
<1310519> <has_cancer_metastasized_to_bone> <Yes> 76 73 0 0
<6313434> <has_cancer_metastasized_to_bone> <Yes> 25 23 0 0
<513526> <has_cancer_metastasized_to_bone> <Yes> 46 44 0 0
<512429> <has_cancer_metastasized_to_bone> <Yes> 81 78 0 0
<10612110> <has_cancer_metastasized_to_bone> <Yes> 0 0 0 0
<5111379> <has_cancer_metastasized_to_bone> <Yes> 57 55 0 0
<514364> <has_cancer_metastasized_to_bone> <Yes> 40 38 0 0
<12914697> <has_cancer_metastasized_to_bone> <Yes> 26 24 0 0
<5115280> <has_cancer_metastasized_to_bone> <Yes> 7 6 1 1
<5315156> <has_cancer_metastasized_to_bone> <Yes> 76 73 0 0
<1515206> <has_cancer_metastasized_to_bone> <Yes> 76 73 0 0
<1315166> <has_cancer_metastasized_to_bone> <Yes> 76 73 0 0
<5315482> <has_cancer_metastasized_to_bone> <Yes> 58 56 0 0
<2916078> <has_cancer_metastasized_to_bone> <Yes> 81 78 0 0
<516236> <has_cancer_metastasized_to_bone> <Yes> 25 23 0 0
<1300995> <has_cancer_metastasized_to_bone> <Yes> 36 34 0 0
<202029> <has_cancer_metastasized_to_bone> <Yes> 21 19 0 0
<2816692> <has_cancer_metastasized_to_bone> <Yes> 76 73 0 0
<5316178> <has_cancer_metastasized_to_bone> <Yes> 76 73 0 0
<6400372> <has_cancer_metastasized_to_bone> <Yes> 21 19 0 0
<1303761> <has_cancer_metastasized_to_bone> <Yes> 33 31 0 0
<5105589> <has_cancer_metastasized_to_bone> <Yes> 40 38 0 0
<503915> <has_cancer_metastasized_to_bone> <Yes> 25 23 0 0
<9408690> <has_cancer_metastasized_to_bone> <Yes> 75 72 0 0
<14705926> <has_cancer_metastasized_to_bone> <Yes> 24 22 0 0
<5105137> <has_cancer_metastasized_to_bone> <Yes> 68 65 0 0
<1313329> <has_cancer_metastasized_to_bone> <Yes> 40 38 0 0
<702154> <has_cancer_metastasized_to_bone> <Yes> 45 43 0 0
<5107409> <has_cancer_metastasized_to_bone> <Yes> 46 44 0 0
<102125> <has_cancer_metastasized_to_bone> <Yes> 69 66 0 0
<507357> <has_cancer_metastasized_to_bone> <Yes> 22 20 0 0
<4305865> <has_cancer_metastasized_to_bone> <Yes> 75 72 0 0
<2108329> <has_cancer_metastasized_to_bone> <Yes> 57 55 0 0
