<2300188> <has_cancer_metastasized_to_central_nervous_system> <Yes> 57 52 0 0
<301133> <has_cancer_metastasized_to_central_nervous_system> <Yes> 0 0 0 0
<15701729> <has_cancer_metastasized_to_central_nervous_system> <Yes> 37 32 0 0
<1302061> <has_cancer_metastasized_to_central_nervous_system> <Yes> 65 60 0 0
<5104537> <has_cancer_metastasized_to_central_nervous_system> <Yes> 98 93 0 0
<503950> <has_cancer_metastasized_to_central_nervous_system> <Yes> 0 0 0 0
<202771> <has_cancer_metastasized_to_central_nervous_system> <Yes> 41 36 0 0
<205484> <has_cancer_metastasized_to_central_nervous_system> <Yes> 33 28 0 0
<1305920> <has_cancer_metastasized_to_central_nervous_system> <Yes> 0 0 0 0
<2405609> <has_cancer_metastasized_to_central_nervous_system> <Yes> 0 0 0 0
<1305473> <has_cancer_metastasized_to_central_nervous_system> <Yes> 0 0 0 0
<508200> <has_cancer_metastasized_to_central_nervous_system> <Yes> 43 38 0 0
<2108686> <has_cancer_metastasized_to_central_nervous_system> <Yes> 0 0 0 0
<3508820> <has_cancer_metastasized_to_central_nervous_system> <Yes> 0 0 0 0
<509057> <has_cancer_metastasized_to_central_nervous_system> <Yes> 0 0 0 0
<4910844> <has_cancer_metastasized_to_central_nervous_system> <Yes> 0 0 0 0
<3410499> <has_cancer_metastasized_to_central_nervous_system> <Yes> 62 57 0 0
<3511231> <has_cancer_metastasized_to_central_nervous_system> <Yes> 0 0 0 0
<1509349> <has_cancer_metastasized_to_central_nervous_system> <Yes> 70 65 0 0
<409604> <has_cancer_metastasized_to_central_nervous_system> <Yes> 80 75 0 0
<210487> <has_cancer_metastasized_to_central_nervous_system> <Yes> 43 38 0 0
<513059> <has_cancer_metastasized_to_central_nervous_system> <Yes> 42 37 0 0
<4313417> <has_cancer_metastasized_to_central_nervous_system> <Yes> 0 0 0 0
<5313484> <has_cancer_metastasized_to_central_nervous_system> <Yes> 0 0 0 0
<5313442> <has_cancer_metastasized_to_central_nervous_system> <Yes> 0 0 0 0
<413182> <has_cancer_metastasized_to_central_nervous_system> <Yes> 80 75 0 0
<1314016> <has_cancer_metastasized_to_central_nervous_system> <Yes> 81 76 0 0
<5315365> <has_cancer_metastasized_to_central_nervous_system> <Yes> 64 59 0 0
<5315519> <has_cancer_metastasized_to_central_nervous_system> <Yes> 65 60 0 0
<916875> <has_cancer_metastasized_to_central_nervous_system> <Yes> 68 63 0 0
<5316626> <has_cancer_metastasized_to_central_nervous_system> <Yes> 0 0 0 0
<416622> <has_cancer_metastasized_to_central_nervous_system> <Yes> 80 75 0 0
<2100939> <has_cancer_metastasized_to_central_nervous_system> <Yes> 80 75 0 0
<1201019> <has_cancer_metastasized_to_central_nervous_system> <Yes> 65 60 0 0
<2917296> <has_cancer_metastasized_to_central_nervous_system> <Yes> 0 0 0 0
<503912> <has_cancer_metastasized_to_central_nervous_system> <Yes> 40 35 0 0
<5107716> <has_cancer_metastasized_to_central_nervous_system> <Yes> 70 65 0 0
<5109138> <has_cancer_metastasized_to_central_nervous_system> <Yes> 63 58 0 0
<409369> <has_cancer_metastasized_to_central_nervous_system> <Yes> 64 59 0 0
<1309959> <has_cancer_metastasized_to_central_nervous_system> <Yes> 55 50 0 0
<508967> <has_cancer_metastasized_to_central_nervous_system> <Yes> 33 28 0 0
<5103312> <has_cancer_metastasized_to_central_nervous_system> <Yes> 81 76 0 0
<410048> <has_cancer_metastasized_to_central_nervous_system> <Yes> 32 27 0 0
<6300481> <has_cancer_metastasized_to_central_nervous_system> <Yes> 23 18 0 0
<516779> <has_cancer_metastasized_to_central_nervous_system> <Yes> 41 36 0 0
<6400645> <has_cancer_metastasized_to_central_nervous_system> <Yes> 40 35 0 0
<215691> <has_cancer_metastasized_to_central_nervous_system> <Yes> 57 52 0 0
<15701662> <has_cancer_metastasized_to_central_nervous_system> <Yes> 54 49 0 0
<5109537> <has_cancer_metastasized_to_central_nervous_system> <Yes> 70 65 0 0
<2301147> <has_cancer_metastasized_to_central_nervous_system> <Yes> 30 25 0 0
<204595> <has_cancer_metastasized_to_central_nervous_system> <Yes> 32 27 0 0
<4600169> <has_cancer_metastasized_to_central_nervous_system> <Yes> 80 75 0 0
<1300511> <has_cancer_metastasized_to_central_nervous_system> <Yes> 42 37 0 0
<501257> <has_cancer_metastasized_to_central_nervous_system> <Yes> 0 0 0 0
<201844> <has_cancer_metastasized_to_central_nervous_system> <Yes> 0 0 0 0
<1300499> <has_cancer_metastasized_to_central_nervous_system> <Yes> 80 75 0 0
<301382> <has_cancer_metastasized_to_central_nervous_system> <Yes> 81 76 0 0
<3000767> <has_cancer_metastasized_to_central_nervous_system> <Yes> 89 84 0 0
<503175> <has_cancer_metastasized_to_central_nervous_system> <Yes> 32 27 0 0
<503395> <has_cancer_metastasized_to_central_nervous_system> <Yes> 70 65 0 0
<503919> <has_cancer_metastasized_to_central_nervous_system> <Yes> 0 0 0 0
<204142> <has_cancer_metastasized_to_central_nervous_system> <Yes> 56 51 0 0
<3704420> <has_cancer_metastasized_to_central_nervous_system> <Yes> 74 69 0 0
<503927> <has_cancer_metastasized_to_central_nervous_system> <Yes> 39 34 0 0
<5104102> <has_cancer_metastasized_to_central_nervous_system> <Yes> 34 29 0 0
<5104447> <has_cancer_metastasized_to_central_nervous_system> <Yes> 0 0 0 0
<207599> <has_cancer_metastasized_to_central_nervous_system> <Yes> 65 60 0 0
<5107018> <has_cancer_metastasized_to_central_nervous_system> <Yes> 0 0 0 0
<1306712> <has_cancer_metastasized_to_central_nervous_system> <Yes> 81 76 0 0
<907216> <has_cancer_metastasized_to_central_nervous_system> <Yes> 0 0 0 0
<508499> <has_cancer_metastasized_to_central_nervous_system> <Yes> 98 93 0 0
<5110978> <has_cancer_metastasized_to_central_nervous_system> <Yes> 0 0 0 0
<2810997> <has_cancer_metastasized_to_central_nervous_system> <Yes> 0 0 0 0
<410384> <has_cancer_metastasized_to_central_nervous_system> <Yes> 32 27 0 0
<410228> <has_cancer_metastasized_to_central_nervous_system> <Yes> 0 0 0 0
<111384> <has_cancer_metastasized_to_central_nervous_system> <Yes> 98 93 0 0
<212625> <has_cancer_metastasized_to_central_nervous_system> <Yes> 0 0 0 0
<212791> <has_cancer_metastasized_to_central_nervous_system> <Yes> 0 0 0 0
<1313467> <has_cancer_metastasized_to_central_nervous_system> <Yes> 0 0 0 0
<8311535> <has_cancer_metastasized_to_central_nervous_system> <Yes> 0 0 0 0
<311840> <has_cancer_metastasized_to_central_nervous_system> <Yes> 30 25 0 0
<5314377> <has_cancer_metastasized_to_central_nervous_system> <Yes> 81 76 0 0
<5315092> <has_cancer_metastasized_to_central_nervous_system> <Yes> 0 0 0 0
<5315672> <has_cancer_metastasized_to_central_nervous_system> <Yes> 42 37 0 0
<5115925> <has_cancer_metastasized_to_central_nervous_system> <Yes> 33 28 0 0
<516152> <has_cancer_metastasized_to_central_nervous_system> <Yes> 55 50 0 0
<317049> <has_cancer_metastasized_to_central_nervous_system> <Yes> 0 0 0 0
<516765> <has_cancer_metastasized_to_central_nervous_system> <Yes> 80 75 0 0
<6400268> <has_cancer_metastasized_to_central_nervous_system> <Yes> 81 76 0 0
<516802> <has_cancer_metastasized_to_central_nervous_system> <Yes> 0 0 0 0
<2903135> <has_cancer_metastasized_to_central_nervous_system> <Yes> 98 93 0 0
<9705164> <has_cancer_metastasized_to_central_nervous_system> <Yes> 63 58 0 0
<507448> <has_cancer_metastasized_to_central_nervous_system> <Yes> 57 52 0 0
<509016> <has_cancer_metastasized_to_central_nervous_system> <Yes> 41 36 0 0
<503289> <has_cancer_metastasized_to_central_nervous_system> <Yes> 70 65 0 0
<206196> <has_cancer_metastasized_to_central_nervous_system> <Yes> 81 76 0 0
<203547> <has_cancer_metastasized_to_central_nervous_system> <Yes> 39 34 0 0
<210473> <has_cancer_metastasized_to_central_nervous_system> <Yes> 81 76 0 0
<4911235> <has_cancer_metastasized_to_central_nervous_system> <Yes> 70 65 0 0
<6317166> <has_cancer_metastasized_to_central_nervous_system> <Yes> 65 60 0 0
<6400278> <has_cancer_metastasized_to_central_nervous_system> <Yes> 64 59 0 0
<2307406> <has_cancer_metastasized_to_central_nervous_system> <Yes> 81 76 0 0
<1300290> <has_cancer_metastasized_to_central_nervous_system> <Yes> 68 63 0 0
<916561> <has_cancer_metastasized_to_central_nervous_system> <Yes> 40 35 0 0
<503836> <has_cancer_metastasized_to_central_nervous_system> <Yes> 32 27 0 0
<4312672> <has_cancer_metastasized_to_central_nervous_system> <Yes> 49 44 0 0
<4910943> <has_cancer_metastasized_to_central_nervous_system> <Yes> 81 76 0 0
<2911368> <has_cancer_metastasized_to_central_nervous_system> <Yes> 68 63 0 0
<205658> <has_cancer_metastasized_to_central_nervous_system> <Yes> 70 65 0 0
<410212> <has_cancer_metastasized_to_central_nervous_system> <Yes> 81 76 0 0
