<2300055> <hasTreatmentLineNumber> <TL_1> 1 1 1 1
<2300166> <hasTreatmentLineNumber> <TL_1> 0 0 0 0
<15700201> <hasTreatmentLineNumber> <TL_1> 1 1 1 1
<6300239> <hasTreatmentLineNumber> <TL_1> 1 1 1 1
<300321> <hasTreatmentLineNumber> <TL_1> 0 0 0 0
<300337> <hasTreatmentLineNumber> <TL_1> 1 1 1 1
<1300452> <hasTreatmentLineNumber> <TL_1> 1 1 1 1
<1300453> <hasTreatmentLineNumber> <TL_1> 1 1 1 1
<7000475> <hasTreatmentLineNumber> <TL_1> 1 1 1 1
<2100677> <hasTreatmentLineNumber> <TL_1> 0 0 0 0
<2100750> <hasTreatmentLineNumber> <TL_1> 0 0 0 0
<10801067> <hasTreatmentLineNumber> <TL_1> 1 1 1 1
<6300853> <hasTreatmentLineNumber> <TL_1> 1 1 1 1
<2901111> <hasTreatmentLineNumber> <TL_1> 0 0 0 0
<501243> <hasTreatmentLineNumber> <TL_1> 1 1 1 1
<3801555> <hasTreatmentLineNumber> <TL_1> 0 0 0 0
<201865> <hasTreatmentLineNumber> <TL_1> 1 1 1 1
<102080> <hasTreatmentLineNumber> <TL_1> 1 1 1 1
<1201892> <hasTreatmentLineNumber> <TL_1> 0 0 0 0
<5501636> <hasTreatmentLineNumber> <TL_1> 0 0 0 0
<1500600> <hasTreatmentLineNumber> <TL_1> 1 1 1 1
<2100735> <hasTreatmentLineNumber> <TL_1> 1 1 1 1
<15700988> <hasTreatmentLineNumber> <TL_1> 0 0 0 0
<15701749> <hasTreatmentLineNumber> <TL_1> 1 1 1 1
<2101936> <hasTreatmentLineNumber> <TL_1> 1 1 1 1
<2801983> <hasTreatmentLineNumber> <TL_1> 0 0 0 0
<202077> <hasTreatmentLineNumber> <TL_1> 0 0 0 0
<202089> <hasTreatmentLineNumber> <TL_1> 1 1 1 1
<201482> <hasTreatmentLineNumber> <TL_1> 1 1 1 1
<201951> <hasTreatmentLineNumber> <TL_1> 1 1 1 1
<10600375> <hasTreatmentLineNumber> <TL_1> 1 1 1 1
<1300798> <hasTreatmentLineNumber> <TL_1> 0 0 0 0
<3900405> <hasTreatmentLineNumber> <TL_1> 1 1 1 1
<1501045> <hasTreatmentLineNumber> <TL_1> 0 0 0 0
<702153> <hasTreatmentLineNumber> <TL_1> 1 1 1 1
<1300704> <hasTreatmentLineNumber> <TL_1> 1 1 1 1
<1300783> <hasTreatmentLineNumber> <TL_1> 0 0 0 0
<102124> <hasTreatmentLineNumber> <TL_1> 1 1 1 1
<1301672> <hasTreatmentLineNumber> <TL_1> 1 1 1 1
<2300031> <hasTreatmentLineNumber> <TL_1> 1 1 1 1
<2102010> <hasTreatmentLineNumber> <TL_1> 1 1 1 1
<701731> <hasTreatmentLineNumber> <TL_1> 0 0 0 0
<14702161> <hasTreatmentLineNumber> <TL_1> 1 1 1 1
<702748> <hasTreatmentLineNumber> <TL_1> 1 1 1 1
<5102902> <hasTreatmentLineNumber> <TL_1> 1 1 1 1
<5303095> <hasTreatmentLineNumber> <TL_1> 1 1 1 1
<503130> <hasTreatmentLineNumber> <TL_1> 0 0 0 0
<503185> <hasTreatmentLineNumber> <TL_1> 0 0 0 0
<5103315> <hasTreatmentLineNumber> <TL_1> 1 1 1 1
<3602377> <hasTreatmentLineNumber> <TL_1> 0 0 0 0
<1202556> <hasTreatmentLineNumber> <TL_1> 1 1 1 1
<302235> <hasTreatmentLineNumber> <TL_1> 0 0 0 0
<10802686> <hasTreatmentLineNumber> <TL_1> 0 0 0 0
<10803374> <hasTreatmentLineNumber> <TL_1> 0 0 0 0
<1302562> <hasTreatmentLineNumber> <TL_1> 1 1 1 1
<5102975> <hasTreatmentLineNumber> <TL_1> 1 1 1 1
<503177> <hasTreatmentLineNumber> <TL_1> 1 1 1 1
<5103656> <hasTreatmentLineNumber> <TL_1> 1 1 1 1
<2903788> <hasTreatmentLineNumber> <TL_1> 1 1 1 1
<504065> <hasTreatmentLineNumber> <TL_1> 0 0 0 0
<204147> <hasTreatmentLineNumber> <TL_1> 1 1 1 1
<7404252> <hasTreatmentLineNumber> <TL_1> 1 1 1 1
<503440> <hasTreatmentLineNumber> <TL_1> 1 1 1 1
<5104447> <hasTreatmentLineNumber> <TL_1> 1 1 1 1
<2903717> <hasTreatmentLineNumber> <TL_1> 1 1 1 1
<3404548> <hasTreatmentLineNumber> <TL_1> 0 0 0 0
<202751> <hasTreatmentLineNumber> <TL_1> 1 1 1 1
<2102185> <hasTreatmentLineNumber> <TL_1> 1 1 1 1
<9703151> <hasTreatmentLineNumber> <TL_1> 0 0 0 0
<5103226> <hasTreatmentLineNumber> <TL_1> 1 1 1 1
<5503735> <hasTreatmentLineNumber> <TL_1> 0 0 0 0
<204221> <hasTreatmentLineNumber> <TL_1> 1 1 1 1
<203787> <hasTreatmentLineNumber> <TL_1> 1 1 1 1
<202785> <hasTreatmentLineNumber> <TL_1> 0 0 0 0
<14603597> <hasTreatmentLineNumber> <TL_1> 1 1 1 1
<7404244> <hasTreatmentLineNumber> <TL_1> 1 1 1 1
<203547> <hasTreatmentLineNumber> <TL_1> 1 1 1 1
<503867> <hasTreatmentLineNumber> <TL_1> 0 0 0 0
<7404347> <hasTreatmentLineNumber> <TL_1> 1 1 1 1
<2903115> <hasTreatmentLineNumber> <TL_1> 1 1 1 1
<2303892> <hasTreatmentLineNumber> <TL_1> 0 0 0 0
<5103762> <hasTreatmentLineNumber> <TL_1> 0 0 0 0
<1503976> <hasTreatmentLineNumber> <TL_1> 1 1 1 1
<5504876> <hasTreatmentLineNumber> <TL_1> 1 1 1 1
<15703037> <hasTreatmentLineNumber> <TL_1> 1 1 1 1
<2302923> <hasTreatmentLineNumber> <TL_1> 0 0 0 0
<5302668> <hasTreatmentLineNumber> <TL_1> 1 1 1 1
<5103141> <hasTreatmentLineNumber> <TL_1> 1 1 1 1
<702868> <hasTreatmentLineNumber> <TL_1> 0 0 0 0
<5104191> <hasTreatmentLineNumber> <TL_1> 1 1 1 1
<5304905> <hasTreatmentLineNumber> <TL_1> 1 1 1 1
<205042> <hasTreatmentLineNumber> <TL_1> 1 1 1 1
<2305152> <hasTreatmentLineNumber> <TL_1> 1 1 1 1
<2405608> <hasTreatmentLineNumber> <TL_1> 1 1 1 1
<205078> <hasTreatmentLineNumber> <TL_1> 0 0 0 0
<705610> <hasTreatmentLineNumber> <TL_1> 1 1 1 1
<204601> <hasTreatmentLineNumber> <TL_1> 1 1 1 1
<1504914> <hasTreatmentLineNumber> <TL_1> 0 0 0 0
<11405736> <hasTreatmentLineNumber> <TL_1> 1 1 1 1
<5105810> <hasTreatmentLineNumber> <TL_1> 1 1 1 1
<405841> <hasTreatmentLineNumber> <TL_1> 1 1 1 1
<4605872> <hasTreatmentLineNumber> <TL_1> 1 1 1 1
<5106607> <hasTreatmentLineNumber> <TL_1> 1 1 1 1
<5106076> <hasTreatmentLineNumber> <TL_1> 1 1 1 1
<1306331> <hasTreatmentLineNumber> <TL_1> 1 1 1 1
<5104669> <hasTreatmentLineNumber> <TL_1> 0 0 0 0
<205442> <hasTreatmentLineNumber> <TL_1> 1 1 1 1
<2305135> <hasTreatmentLineNumber> <TL_1> 1 1 1 1
<11405818> <hasTreatmentLineNumber> <TL_1> 0 0 0 0
<5106530> <hasTreatmentLineNumber> <TL_1> 1 1 1 1
<1305773> <hasTreatmentLineNumber> <TL_1> 1 1 1 1
<206329> <hasTreatmentLineNumber> <TL_1> 1 1 1 1
<204706> <hasTreatmentLineNumber> <TL_1> 1 1 1 1
<204799> <hasTreatmentLineNumber> <TL_1> 1 1 1 1
<15706414> <hasTreatmentLineNumber> <TL_1> 0 0 0 0
<2806100> <hasTreatmentLineNumber> <TL_1> 1 1 1 1
<9704798> <hasTreatmentLineNumber> <TL_1> 0 0 0 0
<6304671> <hasTreatmentLineNumber> <TL_1> 0 0 0 0
<206677> <hasTreatmentLineNumber> <TL_1> 1 1 1 1
<5106781> <hasTreatmentLineNumber> <TL_1> 1 1 1 1
<304746> <hasTreatmentLineNumber> <TL_1> 0 0 0 0
<3405323> <hasTreatmentLineNumber> <TL_1> 0 0 0 0
<7404585> <hasTreatmentLineNumber> <TL_1> 0 0 0 0
<1305695> <hasTreatmentLineNumber> <TL_1> 1 1 1 1
<2806069> <hasTreatmentLineNumber> <TL_1> 1 1 1 1
<11405817> <hasTreatmentLineNumber> <TL_1> 1 1 1 1
<1505391> <hasTreatmentLineNumber> <TL_1> 0 0 0 0
<205360> <hasTreatmentLineNumber> <TL_1> 1 1 1 1
<5106922> <hasTreatmentLineNumber> <TL_1> 0 0 0 0
<5107015> <hasTreatmentLineNumber> <TL_1> 1 1 1 1
<5107084> <hasTreatmentLineNumber> <TL_1> 1 1 1 1
<5107179> <hasTreatmentLineNumber> <TL_1> 0 0 0 0
<2407247> <hasTreatmentLineNumber> <TL_1> 0 0 0 0
<507534> <hasTreatmentLineNumber> <TL_1> 0 0 0 0
<307594> <hasTreatmentLineNumber> <TL_1> 1 1 1 1
<207608> <hasTreatmentLineNumber> <TL_1> 0 0 0 0
<507613> <hasTreatmentLineNumber> <TL_1> 1 1 1 1
<906907> <hasTreatmentLineNumber> <TL_1> 1 1 1 1
<907201> <hasTreatmentLineNumber> <TL_1> 0 0 0 0
<2407271> <hasTreatmentLineNumber> <TL_1> 0 0 0 0
<906998> <hasTreatmentLineNumber> <TL_1> 1 1 1 1
<507905> <hasTreatmentLineNumber> <TL_1> 1 1 1 1
<5507941> <hasTreatmentLineNumber> <TL_1> 0 0 0 0
<508034> <hasTreatmentLineNumber> <TL_1> 0 0 0 0
<3308067> <hasTreatmentLineNumber> <TL_1> 1 1 1 1
<208085> <hasTreatmentLineNumber> <TL_1> 1 1 1 1
<508134> <hasTreatmentLineNumber> <TL_1> 0 0 0 0
<508438> <hasTreatmentLineNumber> <TL_1> 1 1 1 1
<9408728> <hasTreatmentLineNumber> <TL_1> 0 0 0 0
<208770> <hasTreatmentLineNumber> <TL_1> 1 1 1 1
<9408833> <hasTreatmentLineNumber> <TL_1> 1 1 1 1
<207924> <hasTreatmentLineNumber> <TL_1> 1 1 1 1
<508286> <hasTreatmentLineNumber> <TL_1> 1 1 1 1
<508255> <hasTreatmentLineNumber> <TL_1> 1 1 1 1
<508565> <hasTreatmentLineNumber> <TL_1> 1 1 1 1
<1006651> <hasTreatmentLineNumber> <TL_1> 1 1 1 1
<3407086> <hasTreatmentLineNumber> <TL_1> 0 0 0 0
<5307296> <hasTreatmentLineNumber> <TL_1> 1 1 1 1
<5107354> <hasTreatmentLineNumber> <TL_1> 1 1 1 1
<3507444> <hasTreatmentLineNumber> <TL_1> 1 1 1 1
<507581> <hasTreatmentLineNumber> <TL_1> 1 1 1 1
<5106771> <hasTreatmentLineNumber> <TL_1> 0 0 0 0
<2306745> <hasTreatmentLineNumber> <TL_1> 0 0 0 0
<1507822> <hasTreatmentLineNumber> <TL_1> 1 1 1 1
<507896> <hasTreatmentLineNumber> <TL_1> 1 1 1 1
<207956> <hasTreatmentLineNumber> <TL_1> 1 1 1 1
<508043> <hasTreatmentLineNumber> <TL_1> 0 0 0 0
<1508849> <hasTreatmentLineNumber> <TL_1> 1 1 1 1
<15707821> <hasTreatmentLineNumber> <TL_1> 0 0 0 0
<108233> <hasTreatmentLineNumber> <TL_1> 0 0 0 0
<5308254> <hasTreatmentLineNumber> <TL_1> 1 1 1 1
<2808656> <hasTreatmentLineNumber> <TL_1> 1 1 1 1
<1306807> <hasTreatmentLineNumber> <TL_1> 1 1 1 1
<507480> <hasTreatmentLineNumber> <TL_1> 1 1 1 1
<2307314> <hasTreatmentLineNumber> <TL_1> 1 1 1 1
<14706803> <hasTreatmentLineNumber> <TL_1> 1 1 1 1
<507801> <hasTreatmentLineNumber> <TL_1> 0 0 0 0
<9408884> <hasTreatmentLineNumber> <TL_1> 0 0 0 0
<208039> <hasTreatmentLineNumber> <TL_1> 1 1 1 1
<5107961> <hasTreatmentLineNumber> <TL_1> 0 0 0 0
<3507607> <hasTreatmentLineNumber> <TL_1> 0 0 0 0
<3408306> <hasTreatmentLineNumber> <TL_1> 1 1 1 1
<2108331> <hasTreatmentLineNumber> <TL_1> 1 1 1 1
<507560> <hasTreatmentLineNumber> <TL_1> 1 1 1 1
<3309481> <hasTreatmentLineNumber> <TL_1> 1 1 1 1
<5109589> <hasTreatmentLineNumber> <TL_1> 1 1 1 1
<409672> <hasTreatmentLineNumber> <TL_1> 1 1 1 1
<15709776> <hasTreatmentLineNumber> <TL_1> 0 0 0 0
<3509828> <hasTreatmentLineNumber> <TL_1> 1 1 1 1
<409856> <hasTreatmentLineNumber> <TL_1> 1 1 1 1
<409649> <hasTreatmentLineNumber> <TL_1> 1 1 1 1
<909670> <hasTreatmentLineNumber> <TL_1> 1 1 1 1
<209490> <hasTreatmentLineNumber> <TL_1> 0 0 0 0
<409522> <hasTreatmentLineNumber> <TL_1> 1 1 1 1
<709528> <hasTreatmentLineNumber> <TL_1> 0 0 0 0
<1509932> <hasTreatmentLineNumber> <TL_1> 0 0 0 0
<109521> <hasTreatmentLineNumber> <TL_1> 1 1 1 1
<410027> <hasTreatmentLineNumber> <TL_1> 1 1 1 1
<4910657> <hasTreatmentLineNumber> <TL_1> 0 0 0 0
<4910991> <hasTreatmentLineNumber> <TL_1> 1 1 1 1
<1511060> <hasTreatmentLineNumber> <TL_1> 1 1 1 1
<410096> <hasTreatmentLineNumber> <TL_1> 1 1 1 1
<1310447> <hasTreatmentLineNumber> <TL_1> 1 1 1 1
<4910750> <hasTreatmentLineNumber> <TL_1> 1 1 1 1
<1310312> <hasTreatmentLineNumber> <TL_1> 1 1 1 1
<410337> <hasTreatmentLineNumber> <TL_1> 1 1 1 1
<4910458> <hasTreatmentLineNumber> <TL_1> 1 1 1 1
<5510112> <hasTreatmentLineNumber> <TL_1> 1 1 1 1
<15709475> <hasTreatmentLineNumber> <TL_1> 0 0 0 0
<409845> <hasTreatmentLineNumber> <TL_1> 1 1 1 1
<410060> <hasTreatmentLineNumber> <TL_1> 1 1 1 1
<15710139> <hasTreatmentLineNumber> <TL_1> 0 0 0 0
<211063> <hasTreatmentLineNumber> <TL_1> 1 1 1 1
<3510679> <hasTreatmentLineNumber> <TL_1> 1 1 1 1
<410058> <hasTreatmentLineNumber> <TL_1> 1 1 1 1
<4910463> <hasTreatmentLineNumber> <TL_1> 1 1 1 1
<4910692> <hasTreatmentLineNumber> <TL_1> 1 1 1 1
<3510923> <hasTreatmentLineNumber> <TL_1> 1 1 1 1
<5309374> <hasTreatmentLineNumber> <TL_1> 0 0 0 0
<508960> <hasTreatmentLineNumber> <TL_1> 1 1 1 1
<210106> <hasTreatmentLineNumber> <TL_1> 1 1 1 1
<3510438> <hasTreatmentLineNumber> <TL_1> 1 1 1 1
<509006> <hasTreatmentLineNumber> <TL_1> 1 1 1 1
<409169> <hasTreatmentLineNumber> <TL_1> 0 0 0 0
<10610644> <hasTreatmentLineNumber> <TL_1> 0 0 0 0
<2409737> <hasTreatmentLineNumber> <TL_1> 0 0 0 0
<410223> <hasTreatmentLineNumber> <TL_1> 1 1 1 1
<4911217> <hasTreatmentLineNumber> <TL_1> 0 0 0 0
<4911219> <hasTreatmentLineNumber> <TL_1> 1 1 1 1
<1311252> <hasTreatmentLineNumber> <TL_1> 1 1 1 1
<411447> <hasTreatmentLineNumber> <TL_1> 1 1 1 1
<411544> <hasTreatmentLineNumber> <TL_1> 1 1 1 1
<5109128> <hasTreatmentLineNumber> <TL_1> 1 1 1 1
<6010342> <hasTreatmentLineNumber> <TL_1> 0 0 0 0
<109630> <hasTreatmentLineNumber> <TL_1> 1 1 1 1
<209239> <hasTreatmentLineNumber> <TL_1> 1 1 1 1
<7410568> <hasTreatmentLineNumber> <TL_1> 1 1 1 1
<210201> <hasTreatmentLineNumber> <TL_1> 1 1 1 1
<6311647> <hasTreatmentLineNumber> <TL_1> 1 1 1 1
<4611772> <hasTreatmentLineNumber> <TL_1> 1 1 1 1
<5111781> <hasTreatmentLineNumber> <TL_1> 1 1 1 1
<211888> <hasTreatmentLineNumber> <TL_1> 0 0 0 0
<11311917> <hasTreatmentLineNumber> <TL_1> 1 1 1 1
<10612161> <hasTreatmentLineNumber> <TL_1> 0 0 0 0
<512335> <hasTreatmentLineNumber> <TL_1> 1 1 1 1
<3812437> <hasTreatmentLineNumber> <TL_1> 0 0 0 0
<1511163> <hasTreatmentLineNumber> <TL_1> 0 0 0 0
<4911243> <hasTreatmentLineNumber> <TL_1> 1 1 1 1
<10612127> <hasTreatmentLineNumber> <TL_1> 0 0 0 0
<6311509> <hasTreatmentLineNumber> <TL_1> 1 1 1 1
<11312077> <hasTreatmentLineNumber> <TL_1> 1 1 1 1
<111111> <hasTreatmentLineNumber> <TL_1> 1 1 1 1
<10612124> <hasTreatmentLineNumber> <TL_1> 1 1 1 1
<512612> <hasTreatmentLineNumber> <TL_1> 1 1 1 1
<512627> <hasTreatmentLineNumber> <TL_1> 0 0 0 0
<212843> <hasTreatmentLineNumber> <TL_1> 1 1 1 1
<1312865> <hasTreatmentLineNumber> <TL_1> 1 1 1 1
<112878> <hasTreatmentLineNumber> <TL_1> 1 1 1 1
<5313590> <hasTreatmentLineNumber> <TL_1> 1 1 1 1
<513644> <hasTreatmentLineNumber> <TL_1> 0 0 0 0
<1513565> <hasTreatmentLineNumber> <TL_1> 1 1 1 1
<1213625> <hasTreatmentLineNumber> <TL_1> 1 1 1 1
<3812566> <hasTreatmentLineNumber> <TL_1> 1 1 1 1
<2813070> <hasTreatmentLineNumber> <TL_1> 1 1 1 1
<212474> <hasTreatmentLineNumber> <TL_1> 1 1 1 1
<1511173> <hasTreatmentLineNumber> <TL_1> 0 0 0 0
<10612199> <hasTreatmentLineNumber> <TL_1> 1 1 1 1
<10611437> <hasTreatmentLineNumber> <TL_1> 1 1 1 1
<212419> <hasTreatmentLineNumber> <TL_1> 1 1 1 1
<2911368> <hasTreatmentLineNumber> <TL_1> 1 1 1 1
<513205> <hasTreatmentLineNumber> <TL_1> 1 1 1 1
<11911234> <hasTreatmentLineNumber> <TL_1> 1 1 1 1
<1311270> <hasTreatmentLineNumber> <TL_1> 1 1 1 1
<212276> <hasTreatmentLineNumber> <TL_1> 0 0 0 0
<512576> <hasTreatmentLineNumber> <TL_1> 1 1 1 1
<512462> <hasTreatmentLineNumber> <TL_1> 0 0 0 0
<112542> <hasTreatmentLineNumber> <TL_1> 0 0 0 0
<513516> <hasTreatmentLineNumber> <TL_1> 0 0 0 0
<2513051> <hasTreatmentLineNumber> <TL_1> 0 0 0 0
<1213220> <hasTreatmentLineNumber> <TL_1> 1 1 1 1
<513840> <hasTreatmentLineNumber> <TL_1> 0 0 0 0
<513842> <hasTreatmentLineNumber> <TL_1> 1 1 1 1
<4312720> <hasTreatmentLineNumber> <TL_1> 0 0 0 0
<5313493> <hasTreatmentLineNumber> <TL_1> 1 1 1 1
<1213088> <hasTreatmentLineNumber> <TL_1> 1 1 1 1
<113212> <hasTreatmentLineNumber> <TL_1> 1 1 1 1
<12914173> <hasTreatmentLineNumber> <TL_1> 1 1 1 1
<12914266> <hasTreatmentLineNumber> <TL_1> 1 1 1 1
<514315> <hasTreatmentLineNumber> <TL_1> 1 1 1 1
<6314348> <hasTreatmentLineNumber> <TL_1> 0 0 0 0
<15714596> <hasTreatmentLineNumber> <TL_1> 1 1 1 1
<5314615> <hasTreatmentLineNumber> <TL_1> 1 1 1 1
<5314735> <hasTreatmentLineNumber> <TL_1> 0 0 0 0
<1314761> <hasTreatmentLineNumber> <TL_1> 1 1 1 1
<1214804> <hasTreatmentLineNumber> <TL_1> 0 0 0 0
<1314865> <hasTreatmentLineNumber> <TL_1> 1 1 1 1
<514122> <hasTreatmentLineNumber> <TL_1> 0 0 0 0
<214209> <hasTreatmentLineNumber> <TL_1> 1 1 1 1
<5314716> <hasTreatmentLineNumber> <TL_1> 0 0 0 0
<1315080> <hasTreatmentLineNumber> <TL_1> 1 1 1 1
<6315488> <hasTreatmentLineNumber> <TL_1> 1 1 1 1
<1315512> <hasTreatmentLineNumber> <TL_1> 0 0 0 0
<14715531> <hasTreatmentLineNumber> <TL_1> 1 1 1 1
<5315845> <hasTreatmentLineNumber> <TL_1> 1 1 1 1
<415882> <hasTreatmentLineNumber> <TL_1> 1 1 1 1
<2815908> <hasTreatmentLineNumber> <TL_1> 1 1 1 1
<415983> <hasTreatmentLineNumber> <TL_1> 1 1 1 1
<513791> <hasTreatmentLineNumber> <TL_1> 0 0 0 0
<1314747> <hasTreatmentLineNumber> <TL_1> 0 0 0 0
<513804> <hasTreatmentLineNumber> <TL_1> 1 1 1 1
<1314350> <hasTreatmentLineNumber> <TL_1> 1 1 1 1
<5314850> <hasTreatmentLineNumber> <TL_1> 1 1 1 1
<5315872> <hasTreatmentLineNumber> <TL_1> 0 0 0 0
<6315932> <hasTreatmentLineNumber> <TL_1> 1 1 1 1
<215268> <hasTreatmentLineNumber> <TL_1> 1 1 1 1
<314432> <hasTreatmentLineNumber> <TL_1> 0 0 0 0
<5314489> <hasTreatmentLineNumber> <TL_1> 1 1 1 1
<1315177> <hasTreatmentLineNumber> <TL_1> 1 1 1 1
<12914951> <hasTreatmentLineNumber> <TL_1> 0 0 0 0
<513919> <hasTreatmentLineNumber> <TL_1> 0 0 0 0
<513799> <hasTreatmentLineNumber> <TL_1> 0 0 0 0
<7214835> <hasTreatmentLineNumber> <TL_1> 1 1 1 1
<5315093> <hasTreatmentLineNumber> <TL_1> 0 0 0 0
<5315596> <hasTreatmentLineNumber> <TL_1> 1 1 1 1
<415876> <hasTreatmentLineNumber> <TL_1> 1 1 1 1
<5314810> <hasTreatmentLineNumber> <TL_1> 1 1 1 1
<6315267> <hasTreatmentLineNumber> <TL_1> 0 0 0 0
<3315524> <hasTreatmentLineNumber> <TL_1> 1 1 1 1
<5315517> <hasTreatmentLineNumber> <TL_1> 1 1 1 1
<12914460> <hasTreatmentLineNumber> <TL_1> 0 0 0 0
<5316294> <hasTreatmentLineNumber> <TL_1> 1 1 1 1
<3514406> <hasTreatmentLineNumber> <TL_1> 1 1 1 1
<9414068> <hasTreatmentLineNumber> <TL_1> 0 0 0 0
<2815848> <hasTreatmentLineNumber> <TL_1> 0 0 0 0
<415986> <hasTreatmentLineNumber> <TL_1> 1 1 1 1
<1314774> <hasTreatmentLineNumber> <TL_1> 0 0 0 0
<3315052> <hasTreatmentLineNumber> <TL_1> 1 1 1 1
<5315858> <hasTreatmentLineNumber> <TL_1> 1 1 1 1
<5315889> <hasTreatmentLineNumber> <TL_1> 0 0 0 0
<5116375> <hasTreatmentLineNumber> <TL_1> 1 1 1 1
<416777> <hasTreatmentLineNumber> <TL_1> 0 0 0 0
<417147> <hasTreatmentLineNumber> <TL_1> 0 0 0 0
<516188> <hasTreatmentLineNumber> <TL_1> 1 1 1 1
<516606> <hasTreatmentLineNumber> <TL_1> 0 0 0 0
<417011> <hasTreatmentLineNumber> <TL_1> 0 0 0 0
<3417162> <hasTreatmentLineNumber> <TL_1> 1 1 1 1
<6317027> <hasTreatmentLineNumber> <TL_1> 0 0 0 0
<417168> <hasTreatmentLineNumber> <TL_1> 1 1 1 1
<417378> <hasTreatmentLineNumber> <TL_1> 1 1 1 1
<6900342> <hasTreatmentLineNumber> <TL_2> 1 1 1 1
<300345> <hasTreatmentLineNumber> <TL_2> 1 1 1 1
<1300515> <hasTreatmentLineNumber> <TL_2> 0 0 0 0
<6300614> <hasTreatmentLineNumber> <TL_2> 1 1 1 1
<2100807> <hasTreatmentLineNumber> <TL_2> 1 1 1 1
<2900872> <hasTreatmentLineNumber> <TL_2> 1 1 1 1
<501292> <hasTreatmentLineNumber> <TL_2> 1 1 1 1
<201682> <hasTreatmentLineNumber> <TL_2> 1 1 1 1
<201702> <hasTreatmentLineNumber> <TL_2> 1 1 1 1
<1201895> <hasTreatmentLineNumber> <TL_2> 0 0 0 0
<201915> <hasTreatmentLineNumber> <TL_2> 1 1 1 1
<201993> <hasTreatmentLineNumber> <TL_2> 0 0 0 0
<317445> <hasTreatmentLineNumber> <TL_1> 0 0 0 0
<5301423> <hasTreatmentLineNumber> <TL_2> 1 1 1 1
<6301771> <hasTreatmentLineNumber> <TL_2> 1 1 1 1
<201864> <hasTreatmentLineNumber> <TL_2> 1 1 1 1
<302296> <hasTreatmentLineNumber> <TL_2> 1 1 1 1
<417579> <hasTreatmentLineNumber> <TL_1> 1 1 1 1
<501248> <hasTreatmentLineNumber> <TL_2> 1 1 1 1
<417338> <hasTreatmentLineNumber> <TL_1> 0 0 0 0
<1315615> <hasTreatmentLineNumber> <TL_1> 1 1 1 1
<5316652> <hasTreatmentLineNumber> <TL_1> 1 1 1 1
<416958> <hasTreatmentLineNumber> <TL_1> 1 1 1 1
<5317387> <hasTreatmentLineNumber> <TL_1> 1 1 1 1
<1300152> <hasTreatmentLineNumber> <TL_2> 1 1 1 1
<2917349> <hasTreatmentLineNumber> <TL_1> 1 1 1 1
<15701660> <hasTreatmentLineNumber> <TL_2> 1 1 1 1
<1302168> <hasTreatmentLineNumber> <TL_2> 0 0 0 0
<1302046> <hasTreatmentLineNumber> <TL_2> 1 1 1 1
<2100881> <hasTreatmentLineNumber> <TL_2> 1 1 1 1
<916561> <hasTreatmentLineNumber> <TL_1> 1 1 1 1
<2100837> <hasTreatmentLineNumber> <TL_2> 1 1 1 1
<102352> <hasTreatmentLineNumber> <TL_2> 0 0 0 0
<917160> <hasTreatmentLineNumber> <TL_1> 1 1 1 1
<900432> <hasTreatmentLineNumber> <TL_2> 1 1 1 1
<417371> <hasTreatmentLineNumber> <TL_1> 1 1 1 1
<5316033> <hasTreatmentLineNumber> <TL_1> 1 1 1 1
<201564> <hasTreatmentLineNumber> <TL_2> 1 1 1 1
<416758> <hasTreatmentLineNumber> <TL_1> 1 1 1 1
<516712> <hasTreatmentLineNumber> <TL_1> 1 1 1 1
<3702927> <hasTreatmentLineNumber> <TL_2> 1 1 1 1
<9703156> <hasTreatmentLineNumber> <TL_2> 1 1 1 1
<517565> <hasTreatmentLineNumber> <TL_1> 0 0 0 0
<15700482> <hasTreatmentLineNumber> <TL_2> 1 1 1 1
<5316171> <hasTreatmentLineNumber> <TL_1> 1 1 1 1
<3704679> <hasTreatmentLineNumber> <TL_2> 1 1 1 1
<2305092> <hasTreatmentLineNumber> <TL_2> 1 1 1 1
<3405332> <hasTreatmentLineNumber> <TL_2> 1 1 1 1
<10605808> <hasTreatmentLineNumber> <TL_2> 1 1 1 1
<2403490> <hasTreatmentLineNumber> <TL_2> 1 1 1 1
<14705784> <hasTreatmentLineNumber> <TL_2> 1 1 1 1
<5104187> <hasTreatmentLineNumber> <TL_2> 0 0 0 0
<5105183> <hasTreatmentLineNumber> <TL_2> 1 1 1 1
<4605634> <hasTreatmentLineNumber> <TL_2> 1 1 1 1
<1304645> <hasTreatmentLineNumber> <TL_2> 1 1 1 1
<3905670> <hasTreatmentLineNumber> <TL_2> 1 1 1 1
<2905791> <hasTreatmentLineNumber> <TL_2> 1 1 1 1
<5103262> <hasTreatmentLineNumber> <TL_2> 1 1 1 1
<5106258> <hasTreatmentLineNumber> <TL_2> 1 1 1 1
<3006288> <hasTreatmentLineNumber> <TL_2> 1 1 1 1
<5106404> <hasTreatmentLineNumber> <TL_2> 1 1 1 1
<906908> <hasTreatmentLineNumber> <TL_2> 1 1 1 1
<508210> <hasTreatmentLineNumber> <TL_2> 1 1 1 1
<1508587> <hasTreatmentLineNumber> <TL_2> 0 0 0 0
<2108765> <hasTreatmentLineNumber> <TL_2> 1 1 1 1
<5106485> <hasTreatmentLineNumber> <TL_2> 1 1 1 1
<407579> <hasTreatmentLineNumber> <TL_2> 1 1 1 1
<507881> <hasTreatmentLineNumber> <TL_2> 1 1 1 1
<508953> <hasTreatmentLineNumber> <TL_2> 0 0 0 0
<11405992> <hasTreatmentLineNumber> <TL_2> 1 1 1 1
<2107239> <hasTreatmentLineNumber> <TL_2> 1 1 1 1
<4605945> <hasTreatmentLineNumber> <TL_2> 1 1 1 1
<507745> <hasTreatmentLineNumber> <TL_2> 1 1 1 1
<5505957> <hasTreatmentLineNumber> <TL_2> 1 1 1 1
<15703027> <hasTreatmentLineNumber> <TL_2> 1 1 1 1
<7404357> <hasTreatmentLineNumber> <TL_2> 1 1 1 1
<2304455> <hasTreatmentLineNumber> <TL_2> 0 0 0 0
<2304577> <hasTreatmentLineNumber> <TL_2> 0 0 0 0
<3704757> <hasTreatmentLineNumber> <TL_2> 1 1 1 1
<15706137> <hasTreatmentLineNumber> <TL_2> 1 1 1 1
<906956> <hasTreatmentLineNumber> <TL_2> 0 0 0 0
<108163> <hasTreatmentLineNumber> <TL_2> 1 1 1 1
<5106286> <hasTreatmentLineNumber> <TL_2> 1 1 1 1
<5107363> <hasTreatmentLineNumber> <TL_2> 1 1 1 1
<306899> <hasTreatmentLineNumber> <TL_2> 1 1 1 1
<6307125> <hasTreatmentLineNumber> <TL_2> 1 1 1 1
<409439> <hasTreatmentLineNumber> <TL_2> 1 1 1 1
<504130> <hasTreatmentLineNumber> <TL_2> 1 1 1 1
<906982> <hasTreatmentLineNumber> <TL_2> 1 1 1 1
<9703263> <hasTreatmentLineNumber> <TL_2> 0 0 0 0
<5105206> <hasTreatmentLineNumber> <TL_2> 1 1 1 1
<205889> <hasTreatmentLineNumber> <TL_2> 0 0 0 0
<102867> <hasTreatmentLineNumber> <TL_2> 0 0 0 0
<303476> <hasTreatmentLineNumber> <TL_2> 1 1 1 1
<1305518> <hasTreatmentLineNumber> <TL_2> 1 1 1 1
<1306056> <hasTreatmentLineNumber> <TL_2> 1 1 1 1
<1509739> <hasTreatmentLineNumber> <TL_2> 0 0 0 0
<10802829> <hasTreatmentLineNumber> <TL_2> 1 1 1 1
<1305688> <hasTreatmentLineNumber> <TL_2> 1 1 1 1
<5505898> <hasTreatmentLineNumber> <TL_2> 1 1 1 1
<707302> <hasTreatmentLineNumber> <TL_2> 0 0 0 0
<4910602> <hasTreatmentLineNumber> <TL_2> 1 1 1 1
<4910688> <hasTreatmentLineNumber> <TL_2> 1 1 1 1
<211245> <hasTreatmentLineNumber> <TL_2> 1 1 1 1
<2811805> <hasTreatmentLineNumber> <TL_2> 1 1 1 1
<3012680> <hasTreatmentLineNumber> <TL_2> 0 0 0 0
<513060> <hasTreatmentLineNumber> <TL_2> 1 1 1 1
<6311700> <hasTreatmentLineNumber> <TL_2> 1 1 1 1
<4910609> <hasTreatmentLineNumber> <TL_2> 1 1 1 1
<411446> <hasTreatmentLineNumber> <TL_2> 0 0 0 0
<112835> <hasTreatmentLineNumber> <TL_2> 1 1 1 1
<410222> <hasTreatmentLineNumber> <TL_2> 1 1 1 1
<111269> <hasTreatmentLineNumber> <TL_2> 1 1 1 1
<212507> <hasTreatmentLineNumber> <TL_2> 1 1 1 1
<513155> <hasTreatmentLineNumber> <TL_2> 1 1 1 1
<409627> <hasTreatmentLineNumber> <TL_2> 1 1 1 1
<111478> <hasTreatmentLineNumber> <TL_2> 1 1 1 1
<5311778> <hasTreatmentLineNumber> <TL_2> 1 1 1 1
<11313436> <hasTreatmentLineNumber> <TL_2> 1 1 1 1
<516203> <hasTreatmentLineNumber> <TL_2> 1 1 1 1
<5316332> <hasTreatmentLineNumber> <TL_2> 0 0 0 0
<5113555> <hasTreatmentLineNumber> <TL_2> 1 1 1 1
<514461> <hasTreatmentLineNumber> <TL_2> 1 1 1 1
<415725> <hasTreatmentLineNumber> <TL_2> 1 1 1 1
<514012> <hasTreatmentLineNumber> <TL_2> 1 1 1 1
<5315192> <hasTreatmentLineNumber> <TL_2> 1 1 1 1
<6316917> <hasTreatmentLineNumber> <TL_2> 1 1 1 1
<5116364> <hasTreatmentLineNumber> <TL_2> 0 0 0 0
<2115608> <hasTreatmentLineNumber> <TL_2> 1 1 1 1
<217021> <hasTreatmentLineNumber> <TL_2> 1 1 1 1
<410010> <hasTreatmentLineNumber> <TL_2> 1 1 1 1
<4910836> <hasTreatmentLineNumber> <TL_2> 1 1 1 1
<3511343> <hasTreatmentLineNumber> <TL_2> 1 1 1 1
<9410284> <hasTreatmentLineNumber> <TL_2> 1 1 1 1
<411048> <hasTreatmentLineNumber> <TL_2> 1 1 1 1
<109506> <hasTreatmentLineNumber> <TL_2> 1 1 1 1
<1309840> <hasTreatmentLineNumber> <TL_2> 1 1 1 1
<3510835> <hasTreatmentLineNumber> <TL_2> 1 1 1 1
<410085> <hasTreatmentLineNumber> <TL_2> 1 1 1 1
<513307> <hasTreatmentLineNumber> <TL_2> 1 1 1 1
<6313429> <hasTreatmentLineNumber> <TL_2> 1 1 1 1
<514131> <hasTreatmentLineNumber> <TL_2> 1 1 1 1
<1214799> <hasTreatmentLineNumber> <TL_2> 1 1 1 1
<2813332> <hasTreatmentLineNumber> <TL_2> 1 1 1 1
<410218> <hasTreatmentLineNumber> <TL_2> 1 1 1 1
<112495> <hasTreatmentLineNumber> <TL_2> 1 1 1 1
<4910963> <hasTreatmentLineNumber> <TL_2> 1 1 1 1
<2114401> <hasTreatmentLineNumber> <TL_2> 1 1 1 1
<3015520> <hasTreatmentLineNumber> <TL_2> 0 0 0 0
<4910545> <hasTreatmentLineNumber> <TL_2> 1 1 1 1
<5109983> <hasTreatmentLineNumber> <TL_2> 1 1 1 1
<11911305> <hasTreatmentLineNumber> <TL_2> 1 1 1 1
<112496> <hasTreatmentLineNumber> <TL_2> 1 1 1 1
<15700484> <hasTreatmentLineNumber> <TL_3> 1 1 1 1
<2100726> <hasTreatmentLineNumber> <TL_3> 1 1 1 1
<1300643> <hasTreatmentLineNumber> <TL_3> 1 1 1 1
<100377> <hasTreatmentLineNumber> <TL_3> 0 0 0 0
<501222> <hasTreatmentLineNumber> <TL_3> 1 1 1 1
<202056> <hasTreatmentLineNumber> <TL_3> 1 1 1 1
<2303470> <hasTreatmentLineNumber> <TL_3> 1 1 1 1
<514181> <hasTreatmentLineNumber> <TL_2> 1 1 1 1
<516239> <hasTreatmentLineNumber> <TL_2> 1 1 1 1
<512650> <hasTreatmentLineNumber> <TL_2> 1 1 1 1
<516820> <hasTreatmentLineNumber> <TL_2> 1 1 1 1
<703978> <hasTreatmentLineNumber> <TL_4> 1 1 1 1
<2903131> <hasTreatmentLineNumber> <TL_4> 1 1 1 1
<2305135> <hasTreatmentLineNumber> <TL_4> 1 1 1 1
<4605702> <hasTreatmentLineNumber> <TL_4> 1 1 1 1
<5305814> <hasTreatmentLineNumber> <TL_4> 1 1 1 1
<3405320> <hasTreatmentLineNumber> <TL_3> 1 1 1 1
<3405332> <hasTreatmentLineNumber> <TL_3> 1 1 1 1
<5106258> <hasTreatmentLineNumber> <TL_3> 1 1 1 1
<5106286> <hasTreatmentLineNumber> <TL_3> 0 0 0 0
<206564> <hasTreatmentLineNumber> <TL_3> 1 1 1 1
<2107239> <hasTreatmentLineNumber> <TL_3> 1 1 1 1
<407537> <hasTreatmentLineNumber> <TL_3> 1 1 1 1
<15707834> <hasTreatmentLineNumber> <TL_3> 0 0 0 0
<3801788> <hasTreatmentLineNumber> <TL_3> 1 1 1 1
<503841> <hasTreatmentLineNumber> <TL_3> 1 1 1 1
<3705824> <hasTreatmentLineNumber> <TL_3> 1 1 1 1
<505856> <hasTreatmentLineNumber> <TL_3> 1 1 1 1
<3006734> <hasTreatmentLineNumber> <TL_3> 1 1 1 1
<707772> <hasTreatmentLineNumber> <TL_3> 1 1 1 1
<201813> <hasTreatmentLineNumber> <TL_3> 1 1 1 1
<701832> <hasTreatmentLineNumber> <TL_3> 1 1 1 1
<14505623> <hasTreatmentLineNumber> <TL_3> 1 1 1 1
<1305770> <hasTreatmentLineNumber> <TL_3> 1 1 1 1
<1301971> <hasTreatmentLineNumber> <TL_3> 1 1 1 1
<5103349> <hasTreatmentLineNumber> <TL_3> 1 1 1 1
<11405993> <hasTreatmentLineNumber> <TL_3> 1 1 1 1
<5102876> <hasTreatmentLineNumber> <TL_3> 1 1 1 1
<207368> <hasTreatmentLineNumber> <TL_3> 1 1 1 1
<503904> <hasTreatmentLineNumber> <TL_3> 1 1 1 1
<208710> <hasTreatmentLineNumber> <TL_3> 1 1 1 1
<5109298> <hasTreatmentLineNumber> <TL_3> 1 1 1 1
<15710166> <hasTreatmentLineNumber> <TL_3> 1 1 1 1
<4910545> <hasTreatmentLineNumber> <TL_3> 1 1 1 1
<512459> <hasTreatmentLineNumber> <TL_3> 1 1 1 1
<1314681> <hasTreatmentLineNumber> <TL_3> 0 0 0 0
<1309944> <hasTreatmentLineNumber> <TL_3> 1 1 1 1
<210175> <hasTreatmentLineNumber> <TL_3> 1 1 1 1
<110348> <hasTreatmentLineNumber> <TL_3> 0 0 0 0
<5316249> <hasTreatmentLineNumber> <TL_3> 0 0 0 0
<210473> <hasTreatmentLineNumber> <TL_3> 1 1 1 1
<2311938> <hasTreatmentLineNumber> <TL_3> 1 1 1 1
<4910836> <hasTreatmentLineNumber> <TL_3> 1 1 1 1
<3801767> <hasTreatmentLineNumber> <TL_3> 1 1 1 1
<5102956> <hasTreatmentLineNumber> <TL_3> 1 1 1 1
<201869> <hasTreatmentLineNumber> <TL_3> 1 1 1 1
<409407> <hasTreatmentLineNumber> <TL_3> 1 1 1 1
<512332> <hasTreatmentLineNumber> <TL_3> 0 0 0 0
<210432> <hasTreatmentLineNumber> <TL_3> 1 1 1 1
<2804343> <hasTreatmentLineNumber> <TL_3> 1 1 1 1
<1310214> <hasTreatmentLineNumber> <TL_3> 1 1 1 1
<417030> <hasTreatmentLineNumber> <TL_3> 1 1 1 1
<416951> <hasTreatmentLineNumber> <TL_3> 1 1 1 1
<417357> <hasTreatmentLineNumber> <TL_3> 1 1 1 1
<5312473> <hasTreatmentLineNumber> <TL_3> 1 1 1 1
<513582> <hasTreatmentLineNumber> <TL_3> 1 1 1 1
<111992> <hasTreatmentLineNumber> <TL_3> 1 1 1 1
<409790> <hasTreatmentLineNumber> <TL_3> 0 0 0 0
<208083> <hasTreatmentLineNumber> <TL_3> 1 1 1 1
<205797> <hasTreatmentLineNumber> <TL_3> 1 1 1 1
<1300516> <hasTreatmentLineNumber> <TL_4> 1 1 1 1
<205327> <hasTreatmentLineNumber> <TL_3> 1 1 1 1
<8306656> <hasTreatmentLineNumber> <TL_3> 0 0 0 0
<215252> <hasTreatmentLineNumber> <TL_3> 0 0 0 0
<1314650> <hasTreatmentLineNumber> <TL_3> 1 1 1 1
<508452> <hasTreatmentLineNumber> <TL_3> 1 1 1 1
<5104952> <hasTreatmentLineNumber> <TL_3> 1 1 1 1
<3508850> <hasTreatmentLineNumber> <TL_3> 1 1 1 1
<3508860> <hasTreatmentLineNumber> <TL_4> 1 1 1 1
<2311997> <hasTreatmentLineNumber> <TL_4> 1 1 1 1
<512371> <hasTreatmentLineNumber> <TL_4> 1 1 1 1
<2312537> <hasTreatmentLineNumber> <TL_4> 1 1 1 1
<513895> <hasTreatmentLineNumber> <TL_4> 1 1 1 1
<201693> <hasTreatmentLineNumber> <TL_5> 1 1 1 1
<207000> <hasTreatmentLineNumber> <TL_5> 1 1 1 1
<2108326> <hasTreatmentLineNumber> <TL_5> 1 1 1 1
<5111378> <hasTreatmentLineNumber> <TL_5> 1 1 1 1
<4313208> <hasTreatmentLineNumber> <TL_5> 1 1 1 1
<407632> <hasTreatmentLineNumber> <TL_5> 0 0 0 0
<2305000> <hasTreatmentLineNumber> <TL_5> 0 0 0 0
<5104815> <hasTreatmentLineNumber> <TL_7> 0 0 0 0
<7404244> <hasTreatmentLineNumber> <TL_4> 1 1 1 1
<205954> <hasTreatmentLineNumber> <TL_4> 1 1 1 1
<1306614> <hasTreatmentLineNumber> <TL_4> 1 1 1 1
<1500905> <hasTreatmentLineNumber> <TL_5> 1 1 1 1
<503086> <hasTreatmentLineNumber> <TL_5> 1 1 1 1
<1315564> <hasTreatmentLineNumber> <TL_5> 0 0 0 0
<1500851> <hasTreatmentLineNumber> <TL_6> 1 1 1 1
<2804056> <hasTreatmentLineNumber> <TL_4> 1 1 1 1
<513710> <hasTreatmentLineNumber> <TL_4> 1 1 1 1
<513979> <hasTreatmentLineNumber> <TL_5> 1 1 1 1
<514110> <hasTreatmentLineNumber> <TL_4> 1 1 1 1
<2310407> <hasTreatmentLineNumber> <TL_6> 1 1 1 1
<1315564> <hasTreatmentLineNumber> <TL_6> 1 1 1 1
<3703610> <hasTreatmentLineNumber> <TL_7> 1 1 1 1
<1304762> <hasTreatmentLineNumber> <TL_4> 1 1 1 1
<1306181> <hasTreatmentLineNumber> <TL_4> 1 1 1 1
<409966> <hasTreatmentLineNumber> <TL_4> 1 1 1 1
<513094> <hasTreatmentLineNumber> <TL_4> 1 1 1 1
<207436> <hasTreatmentLineNumber> <TL_4> 0 0 0 0
<2117005> <hasTreatmentLineNumber> <TL_4> 1 1 1 1
<409439> <hasTreatmentLineNumber> <TL_5> 1 1 1 1
<4205835> <hasTreatmentLineNumber> <TL_5> 1 1 1 1
<11405903> <hasTreatmentLineNumber> <TL_4> 1 1 1 1
<409976> <hasTreatmentLineNumber> <TL_4> 1 1 1 1
<11405991> <hasTreatmentLineNumber> <TL_5> 1 1 1 1
<1510014> <hasTreatmentLineNumber> <TL_4> 1 1 1 1
<410223> <hasTreatmentLineNumber> <TL_4> 1 1 1 1
<412727> <hasTreatmentLineNumber> <TL_4> 1 1 1 1
<5106262> <hasTreatmentLineNumber> <TL_5> 1 1 1 1
<5102976> <hasTreatmentLineNumber> <TL_6> 1 1 1 1
<905828> <hasTreatmentLineNumber> <TL_4> 1 1 1 1
<3404239> <hasTreatmentLineNumber> <TL_5> 1 1 1 1
<503192> <hasTreatmentLineNumber> <TL_1> 1 1 1 1
<107612> <hasTreatmentLineNumber> <TL_1> 0 0 0 0
<207693> <hasTreatmentLineNumber> <TL_1> 0 0 0 0
<2809288> <hasTreatmentLineNumber> <TL_1> 1 1 1 1
<209554> <hasTreatmentLineNumber> <TL_1> 1 1 1 1
<6312743> <hasTreatmentLineNumber> <TL_1> 1 1 1 1
<513242> <hasTreatmentLineNumber> <TL_1> 1 1 1 1
<514290> <hasTreatmentLineNumber> <TL_1> 0 0 0 0
<516194> <hasTreatmentLineNumber> <TL_1> 1 1 1 1
<5315209> <hasTreatmentLineNumber> <TL_1> 1 1 1 1
<416745> <hasTreatmentLineNumber> <TL_1> 1 1 1 1
<415189> <hasTreatmentLineNumber> <TL_2> 1 1 1 1
<202107> <hasTreatmentLineNumber> <TL_3> 1 1 1 1
<3505880> <hasTreatmentLineNumber> <TL_8> 1 1 1 1
<416746> <hasTreatmentLineNumber> <TL_3> 1 1 1 1
<7110333> <hasTreatmentLineNumber> <TL_3> 1 1 1 1
<2300033> <hasTreatmentLineNumber> <TL_1> 1 1 1 1
<6300070> <hasTreatmentLineNumber> <TL_1> 0 0 0 0
<7000349> <hasTreatmentLineNumber> <TL_1> 1 1 1 1
<3000395> <hasTreatmentLineNumber> <TL_1> 0 0 0 0
<1300468> <hasTreatmentLineNumber> <TL_1> 1 1 1 1
<2900497> <hasTreatmentLineNumber> <TL_1> 1 1 1 1
<1200519> <hasTreatmentLineNumber> <TL_1> 1 1 1 1
<2300920> <hasTreatmentLineNumber> <TL_1> 1 1 1 1
<1301004> <hasTreatmentLineNumber> <TL_1> 1 1 1 1
<1501042> <hasTreatmentLineNumber> <TL_1> 1 1 1 1
<1200457> <hasTreatmentLineNumber> <TL_1> 1 1 1 1
<2100772> <hasTreatmentLineNumber> <TL_1> 1 1 1 1
<2900870> <hasTreatmentLineNumber> <TL_1> 0 0 0 0
<4601108> <hasTreatmentLineNumber> <TL_1> 1 1 1 1
<1300993> <hasTreatmentLineNumber> <TL_1> 1 1 1 1
<10601201> <hasTreatmentLineNumber> <TL_1> 1 1 1 1
<501304> <hasTreatmentLineNumber> <TL_1> 1 1 1 1
<15701661> <hasTreatmentLineNumber> <TL_1> 1 1 1 1
<15701723> <hasTreatmentLineNumber> <TL_1> 0 0 0 0
<6402097> <hasTreatmentLineNumber> <TL_1> 1 1 1 1
<202123> <hasTreatmentLineNumber> <TL_1> 1 1 1 1
<101796> <hasTreatmentLineNumber> <TL_1> 0 0 0 0
<1300997> <hasTreatmentLineNumber> <TL_1> 1 1 1 1
<501278> <hasTreatmentLineNumber> <TL_1> 1 1 1 1
<201803> <hasTreatmentLineNumber> <TL_1> 1 1 1 1
<201884> <hasTreatmentLineNumber> <TL_1> 1 1 1 1
<201477> <hasTreatmentLineNumber> <TL_1> 0 0 0 0
<2101029> <hasTreatmentLineNumber> <TL_1> 0 0 0 0
<701835> <hasTreatmentLineNumber> <TL_1> 1 1 1 1
<501335> <hasTreatmentLineNumber> <TL_1> 1 1 1 1
<2300026> <hasTreatmentLineNumber> <TL_1> 0 0 0 0
<2300318> <hasTreatmentLineNumber> <TL_1> 1 1 1 1
<501225> <hasTreatmentLineNumber> <TL_1> 1 1 1 1
<501329> <hasTreatmentLineNumber> <TL_1> 1 1 1 1
<6401488> <hasTreatmentLineNumber> <TL_1> 1 1 1 1
<2802006> <hasTreatmentLineNumber> <TL_1> 1 1 1 1
<3801517> <hasTreatmentLineNumber> <TL_1> 0 0 0 0
<6301760> <hasTreatmentLineNumber> <TL_1> 1 1 1 1
<2100737> <hasTreatmentLineNumber> <TL_1> 1 1 1 1
<1302282> <hasTreatmentLineNumber> <TL_1> 1 1 1 1
<702313> <hasTreatmentLineNumber> <TL_1> 0 0 0 0
<302319> <hasTreatmentLineNumber> <TL_1> 0 0 0 0
<1302364> <hasTreatmentLineNumber> <TL_1> 1 1 1 1
<2902529> <hasTreatmentLineNumber> <TL_1> 1 1 1 1
<502992> <hasTreatmentLineNumber> <TL_1> 1 1 1 1
<5103187> <hasTreatmentLineNumber> <TL_1> 1 1 1 1
<5103349> <hasTreatmentLineNumber> <TL_1> 1 1 1 1
<3602433> <hasTreatmentLineNumber> <TL_1> 1 1 1 1
<202762> <hasTreatmentLineNumber> <TL_1> 0 0 0 0
<702152> <hasTreatmentLineNumber> <TL_1> 1 1 1 1
<202937> <hasTreatmentLineNumber> <TL_1> 1 1 1 1
<2302971> <hasTreatmentLineNumber> <TL_1> 0 0 0 0
<10802757> <hasTreatmentLineNumber> <TL_1> 0 0 0 0
<2902453> <hasTreatmentLineNumber> <TL_1> 1 1 1 1
<2103472> <hasTreatmentLineNumber> <TL_1> 1 1 1 1
<2303830> <hasTreatmentLineNumber> <TL_1> 1 1 1 1
<5303987> <hasTreatmentLineNumber> <TL_1> 0 0 0 0
<5104169> <hasTreatmentLineNumber> <TL_1> 0 0 0 0
<3704533> <hasTreatmentLineNumber> <TL_1> 1 1 1 1
<503912> <hasTreatmentLineNumber> <TL_1> 0 0 0 0
<3404091> <hasTreatmentLineNumber> <TL_1> 1 1 1 1
<204222> <hasTreatmentLineNumber> <TL_1> 0 0 0 0
<9704263> <hasTreatmentLineNumber> <TL_1> 1 1 1 1
<6303431> <hasTreatmentLineNumber> <TL_1> 0 0 0 0
<203744> <hasTreatmentLineNumber> <TL_1> 1 1 1 1
<204037> <hasTreatmentLineNumber> <TL_1> 1 1 1 1
<9804314> <hasTreatmentLineNumber> <TL_1> 1 1 1 1
<1504579> <hasTreatmentLineNumber> <TL_1> 0 0 0 0
<702476> <hasTreatmentLineNumber> <TL_1> 1 1 1 1
<15703036> <hasTreatmentLineNumber> <TL_1> 1 1 1 1
<14703264> <hasTreatmentLineNumber> <TL_1> 1 1 1 1
<3602428> <hasTreatmentLineNumber> <TL_1> 0 0 0 0
<2902518> <hasTreatmentLineNumber> <TL_1> 1 1 1 1
<2103021> <hasTreatmentLineNumber> <TL_1> 1 1 1 1
<204035> <hasTreatmentLineNumber> <TL_1> 1 1 1 1
<102073> <hasTreatmentLineNumber> <TL_1> 1 1 1 1
<1300134> <hasTreatmentLineNumber> <TL_1> 1 1 1 1
<202178> <hasTreatmentLineNumber> <TL_1> 1 1 1 1
<1204022> <hasTreatmentLineNumber> <TL_1> 1 1 1 1
<3602434> <hasTreatmentLineNumber> <TL_1> 1 1 1 1
<5102878> <hasTreatmentLineNumber> <TL_1> 1 1 1 1
<704305> <hasTreatmentLineNumber> <TL_1> 1 1 1 1
<9703524> <hasTreatmentLineNumber> <TL_1> 0 0 0 0
<6303486> <hasTreatmentLineNumber> <TL_1> 1 1 1 1
<2804059> <hasTreatmentLineNumber> <TL_1> 1 1 1 1
<2303153> <hasTreatmentLineNumber> <TL_1> 1 1 1 1
<1503357> <hasTreatmentLineNumber> <TL_1> 1 1 1 1
<5103758> <hasTreatmentLineNumber> <TL_1> 1 1 1 1
<503920> <hasTreatmentLineNumber> <TL_1> 0 0 0 0
<202219> <hasTreatmentLineNumber> <TL_1> 0 0 0 0
<2804343> <hasTreatmentLineNumber> <TL_1> 1 1 1 1
<704853> <hasTreatmentLineNumber> <TL_1> 1 1 1 1
<2305081> <hasTreatmentLineNumber> <TL_1> 0 0 0 0
<3305146> <hasTreatmentLineNumber> <TL_1> 0 0 0 0
<3405248> <hasTreatmentLineNumber> <TL_1> 0 0 0 0
<1305435> <hasTreatmentLineNumber> <TL_1> 1 1 1 1
<1305531> <hasTreatmentLineNumber> <TL_1> 1 1 1 1
<2105324> <hasTreatmentLineNumber> <TL_1> 1 1 1 1
<5305241> <hasTreatmentLineNumber> <TL_1> 1 1 1 1
<6305053> <hasTreatmentLineNumber> <TL_1> 1 1 1 1
<1305603> <hasTreatmentLineNumber> <TL_1> 1 1 1 1
<1304759> <hasTreatmentLineNumber> <TL_1> 0 0 0 0
<1505263> <hasTreatmentLineNumber> <TL_1> 0 0 0 0
<10605808> <hasTreatmentLineNumber> <TL_1> 1 1 1 1
<4305874> <hasTreatmentLineNumber> <TL_1> 1 1 1 1
<4205904> <hasTreatmentLineNumber> <TL_1> 1 1 1 1
<1306143> <hasTreatmentLineNumber> <TL_1> 1 1 1 1
<15706415> <hasTreatmentLineNumber> <TL_1> 1 1 1 1
<1306010> <hasTreatmentLineNumber> <TL_1> 1 1 1 1
<5106149> <hasTreatmentLineNumber> <TL_1> 1 1 1 1
<1505978> <hasTreatmentLineNumber> <TL_1> 0 0 0 0
<6304735> <hasTreatmentLineNumber> <TL_1> 1 1 1 1
<3405036> <hasTreatmentLineNumber> <TL_1> 1 1 1 1
<205063> <hasTreatmentLineNumber> <TL_1> 1 1 1 1
<11405994> <hasTreatmentLineNumber> <TL_1> 1 1 1 1
<3406077> <hasTreatmentLineNumber> <TL_1> 1 1 1 1
<15706387> <hasTreatmentLineNumber> <TL_1> 1 1 1 1
<5106079> <hasTreatmentLineNumber> <TL_1> 1 1 1 1
<2806072> <hasTreatmentLineNumber> <TL_1> 1 1 1 1
<5505898> <hasTreatmentLineNumber> <TL_1> 1 1 1 1
<11405715> <hasTreatmentLineNumber> <TL_1> 1 1 1 1
<2305092> <hasTreatmentLineNumber> <TL_1> 1 1 1 1
<3405288> <hasTreatmentLineNumber> <TL_1> 1 1 1 1
<304940> <hasTreatmentLineNumber> <TL_1> 0 0 0 0
<5505959> <hasTreatmentLineNumber> <TL_1> 1 1 1 1
<1305537> <hasTreatmentLineNumber> <TL_1> 0 0 0 0
<1504930> <hasTreatmentLineNumber> <TL_1> 0 0 0 0
<2806113> <hasTreatmentLineNumber> <TL_1> 0 0 0 0
<306456> <hasTreatmentLineNumber> <TL_1> 0 0 0 0
<5106539> <hasTreatmentLineNumber> <TL_1> 1 1 1 1
<5305643> <hasTreatmentLineNumber> <TL_1> 0 0 0 0
<3905711> <hasTreatmentLineNumber> <TL_1> 1 1 1 1
<2305195> <hasTreatmentLineNumber> <TL_1> 1 1 1 1
<5104925> <hasTreatmentLineNumber> <TL_1> 0 0 0 0
<306669> <hasTreatmentLineNumber> <TL_1> 0 0 0 0
<2306768> <hasTreatmentLineNumber> <TL_1> 1 1 1 1
<2107120> <hasTreatmentLineNumber> <TL_1> 1 1 1 1
<3407252> <hasTreatmentLineNumber> <TL_1> 1 1 1 1
<707306> <hasTreatmentLineNumber> <TL_1> 0 0 0 0
<207457> <hasTreatmentLineNumber> <TL_1> 1 1 1 1
<307592> <hasTreatmentLineNumber> <TL_1> 1 1 1 1
<207621> <hasTreatmentLineNumber> <TL_1> 1 1 1 1
<5107016> <hasTreatmentLineNumber> <TL_1> 0 0 0 0
<207713> <hasTreatmentLineNumber> <TL_1> 1 1 1 1
<206719> <hasTreatmentLineNumber> <TL_1> 1 1 1 1
<906995> <hasTreatmentLineNumber> <TL_1> 0 0 0 0
<2806968> <hasTreatmentLineNumber> <TL_1> 1 1 1 1
<507735> <hasTreatmentLineNumber> <TL_1> 0 0 0 0
<508027> <hasTreatmentLineNumber> <TL_1> 0 0 0 0
<508235> <hasTreatmentLineNumber> <TL_1> 1 1 1 1
<108287> <hasTreatmentLineNumber> <TL_1> 1 1 1 1
<508380> <hasTreatmentLineNumber> <TL_1> 0 0 0 0
<3008602> <hasTreatmentLineNumber> <TL_1> 0 0 0 0
<908757> <hasTreatmentLineNumber> <TL_1> 1 1 1 1
<2807838> <hasTreatmentLineNumber> <TL_1> 0 0 0 0
<507881> <hasTreatmentLineNumber> <TL_1> 0 0 0 0
<3408711> <hasTreatmentLineNumber> <TL_1> 0 0 0 0
<9408693> <hasTreatmentLineNumber> <TL_1> 1 1 1 1
<508192> <hasTreatmentLineNumber> <TL_1> 0 0 0 0
<5106764> <hasTreatmentLineNumber> <TL_1> 0 0 0 0
<3407244> <hasTreatmentLineNumber> <TL_1> 0 0 0 0
<2307332> <hasTreatmentLineNumber> <TL_1> 1 1 1 1
<507723> <hasTreatmentLineNumber> <TL_1> 0 0 0 0
<2807162> <hasTreatmentLineNumber> <TL_1> 1 1 1 1
<507876> <hasTreatmentLineNumber> <TL_1> 1 1 1 1
<107954> <hasTreatmentLineNumber> <TL_1> 1 1 1 1
<108178> <hasTreatmentLineNumber> <TL_1> 0 0 0 0
<2808182> <hasTreatmentLineNumber> <TL_1> 1 1 1 1
<508420> <hasTreatmentLineNumber> <TL_1> 1 1 1 1
<9408599> <hasTreatmentLineNumber> <TL_1> 0 0 0 0
<15707817> <hasTreatmentLineNumber> <TL_1> 1 1 1 1
<207785> <hasTreatmentLineNumber> <TL_1> 0 0 0 0
<3007627> <hasTreatmentLineNumber> <TL_1> 1 1 1 1
<207619> <hasTreatmentLineNumber> <TL_1> 0 0 0 0
<2808356> <hasTreatmentLineNumber> <TL_1> 1 1 1 1
<5108811> <hasTreatmentLineNumber> <TL_1> 0 0 0 0
<9708862> <hasTreatmentLineNumber> <TL_1> 0 0 0 0
<2306733> <hasTreatmentLineNumber> <TL_1> 1 1 1 1
<6307165> <hasTreatmentLineNumber> <TL_1> 1 1 1 1
<14706953> <hasTreatmentLineNumber> <TL_1> 0 0 0 0
<507901> <hasTreatmentLineNumber> <TL_1> 0 0 0 0
<508397> <hasTreatmentLineNumber> <TL_1> 0 0 0 0
<508492> <hasTreatmentLineNumber> <TL_1> 1 1 1 1
<3507953> <hasTreatmentLineNumber> <TL_1> 1 1 1 1
<9408606> <hasTreatmentLineNumber> <TL_1> 1 1 1 1
<508385> <hasTreatmentLineNumber> <TL_1> 0 0 0 0
<15707833> <hasTreatmentLineNumber> <TL_1> 1 1 1 1
<1509172> <hasTreatmentLineNumber> <TL_1> 1 1 1 1
<109438> <hasTreatmentLineNumber> <TL_1> 1 1 1 1
<3309500> <hasTreatmentLineNumber> <TL_1> 1 1 1 1
<909662> <hasTreatmentLineNumber> <TL_1> 0 0 0 0
<3509803> <hasTreatmentLineNumber> <TL_1> 1 1 1 1
<3509115> <hasTreatmentLineNumber> <TL_1> 0 0 0 0
<9709198> <hasTreatmentLineNumber> <TL_1> 1 1 1 1
<1009307> <hasTreatmentLineNumber> <TL_1> 0 0 0 0
<1509341> <hasTreatmentLineNumber> <TL_1> 1 1 1 1
<209617> <hasTreatmentLineNumber> <TL_1> 1 1 1 1
<409596> <hasTreatmentLineNumber> <TL_1> 1 1 1 1
<409492> <hasTreatmentLineNumber> <TL_1> 1 1 1 1
<3509516> <hasTreatmentLineNumber> <TL_1> 1 1 1 1
<409556> <hasTreatmentLineNumber> <TL_1> 1 1 1 1
<410029> <hasTreatmentLineNumber> <TL_1> 0 0 0 0
<110034> <hasTreatmentLineNumber> <TL_1> 1 1 1 1
<9710042> <hasTreatmentLineNumber> <TL_1> 1 1 1 1
<210088> <hasTreatmentLineNumber> <TL_1> 1 1 1 1
<3410355> <hasTreatmentLineNumber> <TL_1> 0 0 0 0
<4910588> <hasTreatmentLineNumber> <TL_1> 1 1 1 1
<4910675> <hasTreatmentLineNumber> <TL_1> 1 1 1 1
<4910817> <hasTreatmentLineNumber> <TL_1> 1 1 1 1
<710830> <hasTreatmentLineNumber> <TL_1> 0 0 0 0
<5110840> <hasTreatmentLineNumber> <TL_1> 1 1 1 1
<3510848> <hasTreatmentLineNumber> <TL_1> 1 1 1 1
<5110976> <hasTreatmentLineNumber> <TL_1> 0 0 0 0
<1511091> <hasTreatmentLineNumber> <TL_1> 0 0 0 0
<210028> <hasTreatmentLineNumber> <TL_1> 1 1 1 1
<111012> <hasTreatmentLineNumber> <TL_1> 1 1 1 1
<3511061> <hasTreatmentLineNumber> <TL_1> 1 1 1 1
<111011> <hasTreatmentLineNumber> <TL_1> 1 1 1 1
<310310> <hasTreatmentLineNumber> <TL_1> 0 0 0 0
<1511119> <hasTreatmentLineNumber> <TL_1> 1 1 1 1
<509049> <hasTreatmentLineNumber> <TL_1> 0 0 0 0
<2109340> <hasTreatmentLineNumber> <TL_1> 1 1 1 1
<409365> <hasTreatmentLineNumber> <TL_1> 1 1 1 1
<1309535> <hasTreatmentLineNumber> <TL_1> 0 0 0 0
<109517> <hasTreatmentLineNumber> <TL_1> 1 1 1 1
<2310407> <hasTreatmentLineNumber> <TL_1> 1 1 1 1
<3510427> <hasTreatmentLineNumber> <TL_1> 1 1 1 1
<2810619> <hasTreatmentLineNumber> <TL_1> 1 1 1 1
<10610514> <hasTreatmentLineNumber> <TL_1> 1 1 1 1
<4911041> <hasTreatmentLineNumber> <TL_1> 1 1 1 1
<508269> <hasTreatmentLineNumber> <TL_1> 1 1 1 1
<507256> <hasTreatmentLineNumber> <TL_1> 1 1 1 1
<3509162> <hasTreatmentLineNumber> <TL_1> 1 1 1 1
<3509332> <hasTreatmentLineNumber> <TL_1> 0 0 0 0
<5109933> <hasTreatmentLineNumber> <TL_1> 0 0 0 0
<9710456> <hasTreatmentLineNumber> <TL_1> 0 0 0 0
<410181> <hasTreatmentLineNumber> <TL_1> 1 1 1 1
<409607> <hasTreatmentLineNumber> <TL_1> 1 1 1 1
<509014> <hasTreatmentLineNumber> <TL_1> 1 1 1 1
<110683> <hasTreatmentLineNumber> <TL_1> 1 1 1 1
<4910953> <hasTreatmentLineNumber> <TL_1> 1 1 1 1
<2310510> <hasTreatmentLineNumber> <TL_1> 1 1 1 1
<5110224> <hasTreatmentLineNumber> <TL_1> 1 1 1 1
<409591> <hasTreatmentLineNumber> <TL_1> 1 1 1 1
<909723> <hasTreatmentLineNumber> <TL_1> 1 1 1 1
<409691> <hasTreatmentLineNumber> <TL_1> 1 1 1 1
<4911019> <hasTreatmentLineNumber> <TL_1> 1 1 1 1
<1310914> <hasTreatmentLineNumber> <TL_1> 1 1 1 1
<109606> <hasTreatmentLineNumber> <TL_1> 1 1 1 1
<210257> <hasTreatmentLineNumber> <TL_1> 0 0 0 0
<2311614> <hasTreatmentLineNumber> <TL_1> 0 0 0 0
<311785> <hasTreatmentLineNumber> <TL_1> 0 0 0 0
<311824> <hasTreatmentLineNumber> <TL_1> 0 0 0 0
<10612016> <hasTreatmentLineNumber> <TL_1> 1 1 1 1
<6312361> <hasTreatmentLineNumber> <TL_1> 0 0 0 0
<212482> <hasTreatmentLineNumber> <TL_1> 1 1 1 1
<4911199> <hasTreatmentLineNumber> <TL_1> 1 1 1 1
<9712292> <hasTreatmentLineNumber> <TL_1> 1 1 1 1
<2311676> <hasTreatmentLineNumber> <TL_1> 0 0 0 0
<10612130> <hasTreatmentLineNumber> <TL_1> 0 0 0 0
<2811953> <hasTreatmentLineNumber> <TL_1> 1 1 1 1
<9911295> <hasTreatmentLineNumber> <TL_1> 1 1 1 1
<212515> <hasTreatmentLineNumber> <TL_1> 1 1 1 1
<512551> <hasTreatmentLineNumber> <TL_1> 1 1 1 1
<3012904> <hasTreatmentLineNumber> <TL_1> 1 1 1 1
<512947> <hasTreatmentLineNumber> <TL_1> 1 1 1 1
<5112960> <hasTreatmentLineNumber> <TL_1> 1 1 1 1
<413002> <hasTreatmentLineNumber> <TL_1> 1 1 1 1
<513221> <hasTreatmentLineNumber> <TL_1> 0 0 0 0
<413287> <hasTreatmentLineNumber> <TL_1> 1 1 1 1
<513368> <hasTreatmentLineNumber> <TL_1> 1 1 1 1
<4313606> <hasTreatmentLineNumber> <TL_1> 1 1 1 1
<513706> <hasTreatmentLineNumber> <TL_1> 0 0 0 0
<512511> <hasTreatmentLineNumber> <TL_1> 0 0 0 0
<112538> <hasTreatmentLineNumber> <TL_1> 1 1 1 1
<9413646> <hasTreatmentLineNumber> <TL_1> 1 1 1 1
<211881> <hasTreatmentLineNumber> <TL_1> 0 0 0 0
<412099> <hasTreatmentLineNumber> <TL_1> 1 1 1 1
<6312379> <hasTreatmentLineNumber> <TL_1> 1 1 1 1
<4911204> <hasTreatmentLineNumber> <TL_1> 1 1 1 1
<6311570> <hasTreatmentLineNumber> <TL_1> 1 1 1 1
<1511169> <hasTreatmentLineNumber> <TL_1> 1 1 1 1
<112114> <hasTreatmentLineNumber> <TL_1> 1 1 1 1
<6311831> <hasTreatmentLineNumber> <TL_1> 1 1 1 1
<112521> <hasTreatmentLineNumber> <TL_1> 1 1 1 1
<512618> <hasTreatmentLineNumber> <TL_1> 1 1 1 1
<3012665> <hasTreatmentLineNumber> <TL_1> 0 0 0 0
<2312814> <hasTreatmentLineNumber> <TL_1> 1 1 1 1
<112539> <hasTreatmentLineNumber> <TL_1> 1 1 1 1
<512585> <hasTreatmentLineNumber> <TL_1> 1 1 1 1
<512626> <hasTreatmentLineNumber> <TL_1> 1 1 1 1
<4313259> <hasTreatmentLineNumber> <TL_1> 0 0 0 0
<1511127> <hasTreatmentLineNumber> <TL_1> 0 0 0 0
<211254> <hasTreatmentLineNumber> <TL_1> 0 0 0 0
<509052> <hasTreatmentLineNumber> <TL_1> 1 1 1 1
<5111472> <hasTreatmentLineNumber> <TL_1> 1 1 1 1
<512410> <hasTreatmentLineNumber> <TL_1> 1 1 1 1
<6312848> <hasTreatmentLineNumber> <TL_1> 1 1 1 1
<4313373> <hasTreatmentLineNumber> <TL_1> 1 1 1 1
<1213460> <hasTreatmentLineNumber> <TL_1> 1 1 1 1
<513741> <hasTreatmentLineNumber> <TL_1> 1 1 1 1
<4313411> <hasTreatmentLineNumber> <TL_1> 1 1 1 1
<9413655> <hasTreatmentLineNumber> <TL_1> 1 1 1 1
<11311946> <hasTreatmentLineNumber> <TL_1> 0 0 0 0
<211889> <hasTreatmentLineNumber> <TL_1> 1 1 1 1
<513279> <hasTreatmentLineNumber> <TL_1> 0 0 0 0
<5312473> <hasTreatmentLineNumber> <TL_1> 1 1 1 1
<5313035> <hasTreatmentLineNumber> <TL_1> 1 1 1 1
<3411355> <hasTreatmentLineNumber> <TL_1> 1 1 1 1
<4313054> <hasTreatmentLineNumber> <TL_1> 0 0 0 0
<514363> <hasTreatmentLineNumber> <TL_1> 0 0 0 0
<2114403> <hasTreatmentLineNumber> <TL_1> 1 1 1 1
<1314710> <hasTreatmentLineNumber> <TL_1> 0 0 0 0
<1214802> <hasTreatmentLineNumber> <TL_1> 1 1 1 1
<1314820> <hasTreatmentLineNumber> <TL_1> 1 1 1 1
<1514829> <hasTreatmentLineNumber> <TL_1> 0 0 0 0
<1314845> <hasTreatmentLineNumber> <TL_1> 0 0 0 0
<12913866> <hasTreatmentLineNumber> <TL_1> 0 0 0 0
<3413970> <hasTreatmentLineNumber> <TL_1> 1 1 1 1
<1315038> <hasTreatmentLineNumber> <TL_1> 0 0 0 0
<1315060> <hasTreatmentLineNumber> <TL_1> 1 1 1 1
<1315166> <hasTreatmentLineNumber> <TL_1> 1 1 1 1
<3315521> <hasTreatmentLineNumber> <TL_1> 1 1 1 1
<1315659> <hasTreatmentLineNumber> <TL_1> 1 1 1 1
<1316000> <hasTreatmentLineNumber> <TL_1> 0 0 0 0
<1315061> <hasTreatmentLineNumber> <TL_1> 1 1 1 1
<1215241> <hasTreatmentLineNumber> <TL_1> 1 1 1 1
<2115546> <hasTreatmentLineNumber> <TL_1> 1 1 1 1
<415576> <hasTreatmentLineNumber> <TL_1> 1 1 1 1
<9414077> <hasTreatmentLineNumber> <TL_1> 0 0 0 0
<3514386> <hasTreatmentLineNumber> <TL_1> 0 0 0 0
<3514411> <hasTreatmentLineNumber> <TL_1> 1 1 1 1
<5314456> <hasTreatmentLineNumber> <TL_1> 1 1 1 1
<514371> <hasTreatmentLineNumber> <TL_1> 1 1 1 1
<5314922> <hasTreatmentLineNumber> <TL_1> 1 1 1 1
<1315101> <hasTreatmentLineNumber> <TL_1> 1 1 1 1
<415975> <hasTreatmentLineNumber> <TL_1> 1 1 1 1
<1315486> <hasTreatmentLineNumber> <TL_1> 1 1 1 1
<215668> <hasTreatmentLineNumber> <TL_1> 1 1 1 1
<513778> <hasTreatmentLineNumber> <TL_1> 0 0 0 0
<513708> <hasTreatmentLineNumber> <TL_1> 0 0 0 0
<5314899> <hasTreatmentLineNumber> <TL_1> 0 0 0 0
<6315364> <hasTreatmentLineNumber> <TL_1> 0 0 0 0
<15714604> <hasTreatmentLineNumber> <TL_1> 1 1 1 1
<5316015> <hasTreatmentLineNumber> <TL_1> 0 0 0 0
<6315414> <hasTreatmentLineNumber> <TL_1> 1 1 1 1
<415940> <hasTreatmentLineNumber> <TL_1> 1 1 1 1
<5315138> <hasTreatmentLineNumber> <TL_1> 0 0 0 0
<10615293> <hasTreatmentLineNumber> <TL_1> 1 1 1 1
<5316161> <hasTreatmentLineNumber> <TL_1> 1 1 1 1
<416923> <hasTreatmentLineNumber> <TL_1> 1 1 1 1
<3316954> <hasTreatmentLineNumber> <TL_1> 1 1 1 1
<917124> <hasTreatmentLineNumber> <TL_1> 0 0 0 0
<917156> <hasTreatmentLineNumber> <TL_1> 0 0 0 0
<416057> <hasTreatmentLineNumber> <TL_1> 1 1 1 1
<516760> <hasTreatmentLineNumber> <TL_1> 1 1 1 1
<2916022> <hasTreatmentLineNumber> <TL_1> 0 0 0 0
<317252> <hasTreatmentLineNumber> <TL_1> 0 0 0 0
<12916091> <hasTreatmentLineNumber> <TL_1> 0 0 0 0
<5316514> <hasTreatmentLineNumber> <TL_1> 1 1 1 1
<917126> <hasTreatmentLineNumber> <TL_1> 0 0 0 0
<15717545> <hasTreatmentLineNumber> <TL_1> 1 1 1 1
<101587> <hasTreatmentLineNumber> <TL_2> 1 1 1 1
<15701724> <hasTreatmentLineNumber> <TL_2> 1 1 1 1
<701762> <hasTreatmentLineNumber> <TL_2> 1 1 1 1
<101802> <hasTreatmentLineNumber> <TL_2> 1 1 1 1
<202089> <hasTreatmentLineNumber> <TL_2> 1 1 1 1
<202401> <hasTreatmentLineNumber> <TL_2> 1 1 1 1
<1200126> <hasTreatmentLineNumber> <TL_2> 1 1 1 1
<301087> <hasTreatmentLineNumber> <TL_2> 1 1 1 1
<2901429> <hasTreatmentLineNumber> <TL_2> 1 1 1 1
<6400585> <hasTreatmentLineNumber> <TL_2> 1 1 1 1
<301440> <hasTreatmentLineNumber> <TL_2> 1 1 1 1
<102080> <hasTreatmentLineNumber> <TL_2> 1 1 1 1
<416632> <hasTreatmentLineNumber> <TL_1> 1 1 1 1
<516169> <hasTreatmentLineNumber> <TL_1> 1 1 1 1
<417133> <hasTreatmentLineNumber> <TL_1> 1 1 1 1
<217233> <hasTreatmentLineNumber> <TL_1> 1 1 1 1
<9417548> <hasTreatmentLineNumber> <TL_1> 1 1 1 1
<3001058> <hasTreatmentLineNumber> <TL_2> 1 1 1 1
<15701631> <hasTreatmentLineNumber> <TL_2> 1 1 1 1
<1302165> <hasTreatmentLineNumber> <TL_2> 1 1 1 1
<300256> <hasTreatmentLineNumber> <TL_2> 0 0 0 0
<1500845> <hasTreatmentLineNumber> <TL_2> 1 1 1 1
<701653> <hasTreatmentLineNumber> <TL_2> 1 1 1 1
<15701584> <hasTreatmentLineNumber> <TL_2> 1 1 1 1
<5316658> <hasTreatmentLineNumber> <TL_1> 0 0 0 0
<1315091> <hasTreatmentLineNumber> <TL_1> 0 0 0 0
<916874> <hasTreatmentLineNumber> <TL_1> 1 1 1 1
<1200591> <hasTreatmentLineNumber> <TL_2> 1 1 1 1
<2300238> <hasTreatmentLineNumber> <TL_2> 0 0 0 0
<15700158> <hasTreatmentLineNumber> <TL_2> 1 1 1 1
<1302045> <hasTreatmentLineNumber> <TL_2> 1 1 1 1
<916997> <hasTreatmentLineNumber> <TL_1> 1 1 1 1
<202360> <hasTreatmentLineNumber> <TL_2> 1 1 1 1
<1216604> <hasTreatmentLineNumber> <TL_1> 0 0 0 0
<317260> <hasTreatmentLineNumber> <TL_1> 0 0 0 0
<917448> <hasTreatmentLineNumber> <TL_1> 1 1 1 1
<3302347> <hasTreatmentLineNumber> <TL_2> 1 1 1 1
<103216> <hasTreatmentLineNumber> <TL_2> 1 1 1 1
<1503604> <hasTreatmentLineNumber> <TL_2> 1 1 1 1
<1302520> <hasTreatmentLineNumber> <TL_2> 1 1 1 1
<1305555> <hasTreatmentLineNumber> <TL_2> 1 1 1 1
<3704656> <hasTreatmentLineNumber> <TL_2> 1 1 1 1
<1305678> <hasTreatmentLineNumber> <TL_2> 1 1 1 1
<2304764> <hasTreatmentLineNumber> <TL_2> 1 1 1 1
<5103320> <hasTreatmentLineNumber> <TL_2> 1 1 1 1
<206002> <hasTreatmentLineNumber> <TL_2> 1 1 1 1
<5307285> <hasTreatmentLineNumber> <TL_2> 1 1 1 1
<407572> <hasTreatmentLineNumber> <TL_2> 1 1 1 1
<508861> <hasTreatmentLineNumber> <TL_2> 1 1 1 1
<5107934> <hasTreatmentLineNumber> <TL_2> 1 1 1 1
<508446> <hasTreatmentLineNumber> <TL_2> 1 1 1 1
<508536> <hasTreatmentLineNumber> <TL_2> 1 1 1 1
<2808758> <hasTreatmentLineNumber> <TL_2> 1 1 1 1
<5106412> <hasTreatmentLineNumber> <TL_2> 1 1 1 1
<3702759> <hasTreatmentLineNumber> <TL_2> 1 1 1 1
<5103184> <hasTreatmentLineNumber> <TL_2> 0 0 0 0
<3404297> <hasTreatmentLineNumber> <TL_2> 1 1 1 1
<207958> <hasTreatmentLineNumber> <TL_2> 1 1 1 1
<1006645> <hasTreatmentLineNumber> <TL_2> 1 1 1 1
<407631> <hasTreatmentLineNumber> <TL_2> 1 1 1 1
<5107114> <hasTreatmentLineNumber> <TL_2> 1 1 1 1
<207230> <hasTreatmentLineNumber> <TL_2> 1 1 1 1
<3006390> <hasTreatmentLineNumber> <TL_2> 1 1 1 1
<5107717> <hasTreatmentLineNumber> <TL_2> 1 1 1 1
<5506993> <hasTreatmentLineNumber> <TL_2> 0 0 0 0
<507479> <hasTreatmentLineNumber> <TL_2> 1 1 1 1
<3508580> <hasTreatmentLineNumber> <TL_2> 1 1 1 1
<203317> <hasTreatmentLineNumber> <TL_2> 0 0 0 0
<205653> <hasTreatmentLineNumber> <TL_2> 1 1 1 1
<1006651> <hasTreatmentLineNumber> <TL_2> 1 1 1 1
<15706135> <hasTreatmentLineNumber> <TL_2> 1 1 1 1
<107680> <hasTreatmentLineNumber> <TL_2> 1 1 1 1
<5305287> <hasTreatmentLineNumber> <TL_2> 1 1 1 1
<208000> <hasTreatmentLineNumber> <TL_2> 1 1 1 1
<5106401> <hasTreatmentLineNumber> <TL_2> 1 1 1 1
<11405911> <hasTreatmentLineNumber> <TL_2> 1 1 1 1
<14706776> <hasTreatmentLineNumber> <TL_2> 1 1 1 1
<9408778> <hasTreatmentLineNumber> <TL_2> 1 1 1 1
<207957> <hasTreatmentLineNumber> <TL_2> 1 1 1 1
<108208> <hasTreatmentLineNumber> <TL_2> 1 1 1 1
<204917> <hasTreatmentLineNumber> <TL_2> 1 1 1 1
<410024> <hasTreatmentLineNumber> <TL_2> 0 0 0 0
<510279> <hasTreatmentLineNumber> <TL_2> 1 1 1 1
<1310362> <hasTreatmentLineNumber> <TL_2> 1 1 1 1
<2311652> <hasTreatmentLineNumber> <TL_2> 1 1 1 1
<8311963> <hasTreatmentLineNumber> <TL_2> 1 1 1 1
<512372> <hasTreatmentLineNumber> <TL_2> 1 1 1 1
<1213220> <hasTreatmentLineNumber> <TL_2> 1 1 1 1
<409415> <hasTreatmentLineNumber> <TL_2> 1 1 1 1
<1510078> <hasTreatmentLineNumber> <TL_2> 1 1 1 1
<212671> <hasTreatmentLineNumber> <TL_2> 1 1 1 1
<9412890> <hasTreatmentLineNumber> <TL_2> 1 1 1 1
<5312262> <hasTreatmentLineNumber> <TL_2> 1 1 1 1
<412985> <hasTreatmentLineNumber> <TL_2> 1 1 1 1
<5114777> <hasTreatmentLineNumber> <TL_2> 1 1 1 1
<415875> <hasTreatmentLineNumber> <TL_2> 0 0 0 0
<416774> <hasTreatmentLineNumber> <TL_2> 1 1 1 1
<15714596> <hasTreatmentLineNumber> <TL_2> 1 1 1 1
<2816470> <hasTreatmentLineNumber> <TL_2> 1 1 1 1
<6317023> <hasTreatmentLineNumber> <TL_2> 1 1 1 1
<514306> <hasTreatmentLineNumber> <TL_2> 0 0 0 0
<9713410> <hasTreatmentLineNumber> <TL_2> 1 1 1 1
<7717549> <hasTreatmentLineNumber> <TL_2> 1 1 1 1
<415729> <hasTreatmentLineNumber> <TL_2> 1 1 1 1
<4313316> <hasTreatmentLineNumber> <TL_2> 1 1 1 1
<409930> <hasTreatmentLineNumber> <TL_2> 1 1 1 1
<4911246> <hasTreatmentLineNumber> <TL_2> 1 1 1 1
<210065> <hasTreatmentLineNumber> <TL_2> 1 1 1 1
<4911218> <hasTreatmentLineNumber> <TL_2> 1 1 1 1
<212276> <hasTreatmentLineNumber> <TL_2> 1 1 1 1
<109416> <hasTreatmentLineNumber> <TL_2> 1 1 1 1
<3012721> <hasTreatmentLineNumber> <TL_2> 1 1 1 1
<415717> <hasTreatmentLineNumber> <TL_2> 1 1 1 1
<516337> <hasTreatmentLineNumber> <TL_2> 1 1 1 1
<516779> <hasTreatmentLineNumber> <TL_2> 1 1 1 1
<417555> <hasTreatmentLineNumber> <TL_2> 1 1 1 1
<12914267> <hasTreatmentLineNumber> <TL_2> 1 1 1 1
<515839> <hasTreatmentLineNumber> <TL_2> 1 1 1 1
<110721> <hasTreatmentLineNumber> <TL_2> 1 1 1 1
<11405817> <hasTreatmentLineNumber> <TL_2> 1 1 1 1
<5302670> <hasTreatmentLineNumber> <TL_2> 1 1 1 1
<4911202> <hasTreatmentLineNumber> <TL_2> 1 1 1 1
<409597> <hasTreatmentLineNumber> <TL_2> 1 1 1 1
<514251> <hasTreatmentLineNumber> <TL_2> 1 1 1 1
<211021> <hasTreatmentLineNumber> <TL_2> 1 1 1 1
<112881> <hasTreatmentLineNumber> <TL_2> 0 0 0 0
<3315052> <hasTreatmentLineNumber> <TL_2> 1 1 1 1
<6317380> <hasTreatmentLineNumber> <TL_2> 1 1 1 1
<1310110> <hasTreatmentLineNumber> <TL_2> 1 1 1 1
<410300> <hasTreatmentLineNumber> <TL_2> 1 1 1 1
<409750> <hasTreatmentLineNumber> <TL_2> 1 1 1 1
<512580> <hasTreatmentLineNumber> <TL_2> 1 1 1 1
<513121> <hasTreatmentLineNumber> <TL_2> 0 0 0 0
<1315354> <hasTreatmentLineNumber> <TL_2> 1 1 1 1
<215268> <hasTreatmentLineNumber> <TL_2> 0 0 0 0
<410198> <hasTreatmentLineNumber> <TL_2> 1 1 1 1
<211240> <hasTreatmentLineNumber> <TL_2> 1 1 1 1
<11312217> <hasTreatmentLineNumber> <TL_2> 1 1 1 1
<417099> <hasTreatmentLineNumber> <TL_2> 1 1 1 1
<513700> <hasTreatmentLineNumber> <TL_2> 1 1 1 1
<11312001> <hasTreatmentLineNumber> <TL_2> 1 1 1 1
<409977> <hasTreatmentLineNumber> <TL_2> 1 1 1 1
<6400278> <hasTreatmentLineNumber> <TL_4> 1 1 1 1
<102867> <hasTreatmentLineNumber> <TL_4> 1 1 1 1
<2900884> <hasTreatmentLineNumber> <TL_3> 1 1 1 1
<1302495> <hasTreatmentLineNumber> <TL_3> 1 1 1 1
<5103650> <hasTreatmentLineNumber> <TL_3> 1 1 1 1
<503949> <hasTreatmentLineNumber> <TL_3> 1 1 1 1
<3405062> <hasTreatmentLineNumber> <TL_3> 0 0 0 0
<205484> <hasTreatmentLineNumber> <TL_3> 1 1 1 1
<11405820> <hasTreatmentLineNumber> <TL_3> 1 1 1 1
<5305963> <hasTreatmentLineNumber> <TL_3> 0 0 0 0
<5106400> <hasTreatmentLineNumber> <TL_3> 1 1 1 1
<507900> <hasTreatmentLineNumber> <TL_3> 1 1 1 1
<508541> <hasTreatmentLineNumber> <TL_3> 1 1 1 1
<205572> <hasTreatmentLineNumber> <TL_3> 1 1 1 1
<4205722> <hasTreatmentLineNumber> <TL_3> 1 1 1 1
<907276> <hasTreatmentLineNumber> <TL_3> 1 1 1 1
<202771> <hasTreatmentLineNumber> <TL_3> 1 1 1 1
<204052> <hasTreatmentLineNumber> <TL_3> 1 1 1 1
<301445> <hasTreatmentLineNumber> <TL_3> 1 1 1 1
<15701728> <hasTreatmentLineNumber> <TL_3> 1 1 1 1
<3408109> <hasTreatmentLineNumber> <TL_3> 1 1 1 1
<503836> <hasTreatmentLineNumber> <TL_3> 0 0 0 0
<710825> <hasTreatmentLineNumber> <TL_3> 1 1 1 1
<4910856> <hasTreatmentLineNumber> <TL_3> 1 1 1 1
<512412> <hasTreatmentLineNumber> <TL_3> 1 1 1 1
<413183> <hasTreatmentLineNumber> <TL_3> 1 1 1 1
<508963> <hasTreatmentLineNumber> <TL_3> 1 1 1 1
<5311779> <hasTreatmentLineNumber> <TL_3> 1 1 1 1
<514162> <hasTreatmentLineNumber> <TL_3> 1 1 1 1
<516270> <hasTreatmentLineNumber> <TL_3> 1 1 1 1
<409382> <hasTreatmentLineNumber> <TL_3> 1 1 1 1
<410198> <hasTreatmentLineNumber> <TL_3> 1 1 1 1
<6314224> <hasTreatmentLineNumber> <TL_3> 1 1 1 1
<103588> <hasTreatmentLineNumber> <TL_3> 1 1 1 1
<2104440> <hasTreatmentLineNumber> <TL_3> 1 1 1 1
<303012> <hasTreatmentLineNumber> <TL_3> 1 1 1 1
<5105589> <hasTreatmentLineNumber> <TL_3> 1 1 1 1
<5305801> <hasTreatmentLineNumber> <TL_3> 1 1 1 1
<5109609> <hasTreatmentLineNumber> <TL_3> 1 1 1 1
<1314967> <hasTreatmentLineNumber> <TL_3> 1 1 1 1
<916561> <hasTreatmentLineNumber> <TL_3> 1 1 1 1
<4911043> <hasTreatmentLineNumber> <TL_3> 1 1 1 1
<1314571> <hasTreatmentLineNumber> <TL_3> 1 1 1 1
<2307314> <hasTreatmentLineNumber> <TL_3> 1 1 1 1
<5110386> <hasTreatmentLineNumber> <TL_2> 1 1 1 1
<2100732> <hasTreatmentLineNumber> <TL_3> 1 1 1 1
<5316432> <hasTreatmentLineNumber> <TL_3> 1 1 1 1
<2811830> <hasTreatmentLineNumber> <TL_3> 1 1 1 1
<2903684> <hasTreatmentLineNumber> <TL_3> 1 1 1 1
<11405993> <hasTreatmentLineNumber> <TL_4> 0 0 0 0
<707440> <hasTreatmentLineNumber> <TL_4> 1 1 1 1
<508310> <hasTreatmentLineNumber> <TL_4> 1 1 1 1
<2408589> <hasTreatmentLineNumber> <TL_4> 1 1 1 1
<2108697> <hasTreatmentLineNumber> <TL_4> 1 1 1 1
<3509516> <hasTreatmentLineNumber> <TL_4> 1 1 1 1
<5112765> <hasTreatmentLineNumber> <TL_4> 1 1 1 1
<513968> <hasTreatmentLineNumber> <TL_4> 1 1 1 1
<415725> <hasTreatmentLineNumber> <TL_4> 1 1 1 1
<409614> <hasTreatmentLineNumber> <TL_4> 1 1 1 1
<513977> <hasTreatmentLineNumber> <TL_4> 1 1 1 1
<410212> <hasTreatmentLineNumber> <TL_5> 1 1 1 1
<205292> <hasTreatmentLineNumber> <TL_4> 1 1 1 1
<409954> <hasTreatmentLineNumber> <TL_4> 1 1 1 1
<3507392> <hasTreatmentLineNumber> <TL_4> 0 0 0 0
<409581> <hasTreatmentLineNumber> <TL_5> 1 1 1 1
<2104440> <hasTreatmentLineNumber> <TL_6> 1 1 1 1
<5104273> <hasTreatmentLineNumber> <TL_7> 1 1 1 1
<208579> <hasTreatmentLineNumber> <TL_6> 1 1 1 1
<3703692> <hasTreatmentLineNumber> <TL_4> 1 1 1 1
<1006653> <hasTreatmentLineNumber> <TL_4> 1 1 1 1
<5116372> <hasTreatmentLineNumber> <TL_4> 1 1 1 1
<514312> <hasTreatmentLineNumber> <TL_5> 1 1 1 1
<2301147> <hasTreatmentLineNumber> <TL_6> 1 1 1 1
<1216618> <hasTreatmentLineNumber> <TL_4> 1 1 1 1
<2806200> <hasTreatmentLineNumber> <TL_5> 0 0 0 0
<4205999> <hasTreatmentLineNumber> <TL_6> 1 1 1 1
<7404584> <hasTreatmentLineNumber> <TL_7> 1 1 1 1
<3105728> <hasTreatmentLineNumber> <TL_4> 1 1 1 1
<409291> <hasTreatmentLineNumber> <TL_4> 1 1 1 1
<413283> <hasTreatmentLineNumber> <TL_4> 1 1 1 1
<5109518> <hasTreatmentLineNumber> <TL_4> 1 1 1 1
<210448> <hasTreatmentLineNumber> <TL_3> 1 1 1 1
<513895> <hasTreatmentLineNumber> <TL_3> 1 1 1 1
<1214895> <hasTreatmentLineNumber> <TL_3> 1 1 1 1
<5106401> <hasTreatmentLineNumber> <TL_3> 1 1 1 1
<411501> <hasTreatmentLineNumber> <TL_3> 1 1 1 1
<417585> <hasTreatmentLineNumber> <TL_3> 0 0 0 0
<202360> <hasTreatmentLineNumber> <TL_3> 1 1 1 1
<1315090> <hasTreatmentLineNumber> <TL_3> 1 1 1 1
<5303217> <hasTreatmentLineNumber> <TL_3> 1 1 1 1
<9416402> <hasTreatmentLineNumber> <TL_3> 1 1 1 1
<1214098> <hasTreatmentLineNumber> <TL_3> 1 1 1 1
<2405608> <hasTreatmentLineNumber> <TL_3> 1 1 1 1
<503812> <hasTreatmentLineNumber> <TL_3> 1 1 1 1
<109829> <hasTreatmentLineNumber> <TL_8> 1 1 1 1
<6300926> <hasTreatmentLineNumber> <TL_8> 1 1 1 1
<3505953> <hasTreatmentLineNumber> <TL_4> 1 1 1 1
<512532> <hasTreatmentLineNumber> <TL_4> 1 1 1 1
<101920> <hasTreatmentLineNumber> <TL_7> 1 1 1 1
<507744> <hasTreatmentLineNumber> <TL_5> 0 0 0 0
<203623> <hasTreatmentLineNumber> <TL_5> 1 1 1 1
<412100> <hasTreatmentLineNumber> <TL_4> 1 1 1 1
<5106366> <hasTreatmentLineNumber> <TL_4> 1 1 1 1
<3505880> <hasTreatmentLineNumber> <TL_5> 1 1 1 1
<301091> <hasTreatmentLineNumber> <TL_6> 0 0 0 0
<2903730> <hasTreatmentLineNumber> <TL_5> 1 1 1 1
<1300615> <hasTreatmentLineNumber> <TL_5> 1 1 1 1
<3703051> <hasTreatmentLineNumber> <TL_1> 1 1 1 1
<204053> <hasTreatmentLineNumber> <TL_1> 0 0 0 0
<1509348> <hasTreatmentLineNumber> <TL_1> 0 0 0 0
<4910552> <hasTreatmentLineNumber> <TL_1> 1 1 1 1
<513567> <hasTreatmentLineNumber> <TL_1> 0 0 0 0
<412238> <hasTreatmentLineNumber> <TL_1> 1 1 1 1
<6400368> <hasTreatmentLineNumber> <TL_2> 1 1 1 1
<209554> <hasTreatmentLineNumber> <TL_2> 1 1 1 1
<513242> <hasTreatmentLineNumber> <TL_2> 1 1 1 1
<516940> <hasTreatmentLineNumber> <TL_3> 1 1 1 1
<6400264> <hasTreatmentLineNumber> <TL_3> 1 1 1 1
<2100832> <hasTreatmentLineNumber> <TL_3> 1 1 1 1
<2100659> <hasTreatmentLineNumber> <TL_3> 1 1 1 1
<5113725> <hasTreatmentLineNumber> <TL_3> 1 1 1 1
<410185> <hasTreatmentLineNumber> <TL_3> 1 1 1 1
<2115849> <hasTreatmentLineNumber> <TL_3> 1 1 1 1
