<2300083> <has_cancer_metastasized_to_lung> <Yes> 8 7 1 1
<6300235> <has_cancer_metastasized_to_lung> <Yes> 0 0 0 0
<900696> <has_cancer_metastasized_to_lung> <Yes> 0 0 0 0
<1201019> <has_cancer_metastasized_to_lung> <Yes> 54 49 0 0
<1300789> <has_cancer_metastasized_to_lung> <Yes> 68 61 0 0
<1300898> <has_cancer_metastasized_to_lung> <Yes> 0 0 0 0
<501356> <has_cancer_metastasized_to_lung> <Yes> 0 0 0 0
<6401438> <has_cancer_metastasized_to_lung> <Yes> 47 42 0 0
<1302048> <has_cancer_metastasized_to_lung> <Yes> 7 6 1 1
<1302061> <has_cancer_metastasized_to_lung> <Yes> 54 49 0 0
<1201128> <has_cancer_metastasized_to_lung> <Yes> 7 6 1 1
<201561> <has_cancer_metastasized_to_lung> <Yes> 8 7 1 1
<1302024> <has_cancer_metastasized_to_lung> <Yes> 9 8 1 1
<501308> <has_cancer_metastasized_to_lung> <Yes> 8 7 1 1
<501214> <has_cancer_metastasized_to_lung> <Yes> 23 19 0 0
<4201622> <has_cancer_metastasized_to_lung> <Yes> 71 64 0 0
<2100735> <has_cancer_metastasized_to_lung> <Yes> 8 7 1 1
<1300637> <has_cancer_metastasized_to_lung> <Yes> 0 0 0 0
<2301426> <has_cancer_metastasized_to_lung> <Yes> 24 20 0 0
<102125> <has_cancer_metastasized_to_lung> <Yes> 9 8 1 1
<203550> <has_cancer_metastasized_to_lung> <Yes> 8 7 1 1
<204488> <has_cancer_metastasized_to_lung> <Yes> 9 8 1 1
<503918> <has_cancer_metastasized_to_lung> <Yes> 0 0 0 0
<7404363> <has_cancer_metastasized_to_lung> <Yes> 8 7 1 1
<2903699> <has_cancer_metastasized_to_lung> <Yes> 6 5 1 1
<9703654> <has_cancer_metastasized_to_lung> <Yes> 71 64 0 0
<2304455> <has_cancer_metastasized_to_lung> <Yes> 46 41 0 0
<104470> <has_cancer_metastasized_to_lung> <Yes> 71 64 0 0
<5104370> <has_cancer_metastasized_to_lung> <Yes> 0 0 0 0
<2903135> <has_cancer_metastasized_to_lung> <Yes> 71 64 0 0
<2804744> <has_cancer_metastasized_to_lung> <Yes> 0 0 0 0
<1504862> <has_cancer_metastasized_to_lung> <Yes> 7 6 1 1
<5302670> <has_cancer_metastasized_to_lung> <Yes> 47 42 0 0
<15702258> <has_cancer_metastasized_to_lung> <Yes> 9 8 1 1
<303311> <has_cancer_metastasized_to_lung> <Yes> 54 49 0 0
<14702309> <has_cancer_metastasized_to_lung> <Yes> 8 7 1 1
<2405629> <has_cancer_metastasized_to_lung> <Yes> 8 7 1 1
<9805652> <has_cancer_metastasized_to_lung> <Yes> 5 4 1 1
<5104729> <has_cancer_metastasized_to_lung> <Yes> 17 14 0 0
<5305721> <has_cancer_metastasized_to_lung> <Yes> 8 7 1 1
<2305753> <has_cancer_metastasized_to_lung> <Yes> 7 6 1 1
<206022> <has_cancer_metastasized_to_lung> <Yes> 6 5 1 1
<3406051> <has_cancer_metastasized_to_lung> <Yes> 0 0 0 0
<5106076> <has_cancer_metastasized_to_lung> <Yes> 7 6 1 1
<5106242> <has_cancer_metastasized_to_lung> <Yes> 7 6 1 1
<3306129> <has_cancer_metastasized_to_lung> <Yes> 29 24 0 0
<3905706> <has_cancer_metastasized_to_lung> <Yes> 34 29 0 0
<11405741> <has_cancer_metastasized_to_lung> <Yes> 68 61 0 0
<7005925> <has_cancer_metastasized_to_lung> <Yes> 24 20 0 0
<2805902> <has_cancer_metastasized_to_lung> <Yes> 58 52 0 0
<5305981> <has_cancer_metastasized_to_lung> <Yes> 8 7 1 1
<1306585> <has_cancer_metastasized_to_lung> <Yes> 22 18 0 0
<11405818> <has_cancer_metastasized_to_lung> <Yes> 30 25 0 0
<1306061> <has_cancer_metastasized_to_lung> <Yes> 71 64 0 0
<7005776> <has_cancer_metastasized_to_lung> <Yes> 29 24 0 0
<1006654> <has_cancer_metastasized_to_lung> <Yes> 36 31 0 0
<1306711> <has_cancer_metastasized_to_lung> <Yes> 29 24 0 0
<2306835> <has_cancer_metastasized_to_lung> <Yes> 70 63 0 0
<3405578> <has_cancer_metastasized_to_lung> <Yes> 8 7 1 1
<1305695> <has_cancer_metastasized_to_lung> <Yes> 28 23 0 0
<2307090> <has_cancer_metastasized_to_lung> <Yes> 9 8 1 1
<507559> <has_cancer_metastasized_to_lung> <Yes> 47 42 0 0
<307597> <has_cancer_metastasized_to_lung> <Yes> 9 8 1 1
<206787> <has_cancer_metastasized_to_lung> <Yes> 62 56 0 0
<306899> <has_cancer_metastasized_to_lung> <Yes> 41 36 0 0
<3307032> <has_cancer_metastasized_to_lung> <Yes> 8 7 1 1
<1006652> <has_cancer_metastasized_to_lung> <Yes> 6 5 1 1
<508828> <has_cancer_metastasized_to_lung> <Yes> 9 8 1 1
<3508839> <has_cancer_metastasized_to_lung> <Yes> 46 41 0 0
<2808249> <has_cancer_metastasized_to_lung> <Yes> 0 0 0 0
<2807838> <has_cancer_metastasized_to_lung> <Yes> 6 5 1 1
<3508649> <has_cancer_metastasized_to_lung> <Yes> 24 20 0 0
<507264> <has_cancer_metastasized_to_lung> <Yes> 22 18 0 0
<3508940> <has_cancer_metastasized_to_lung> <Yes> 67 60 0 0
<107429> <has_cancer_metastasized_to_lung> <Yes> 41 36 0 0
<3308065> <has_cancer_metastasized_to_lung> <Yes> 29 24 0 0
<1509313> <has_cancer_metastasized_to_lung> <Yes> 0 0 0 0
<409912> <has_cancer_metastasized_to_lung> <Yes> 0 0 0 0
<3508903> <has_cancer_metastasized_to_lung> <Yes> 7 6 1 1
<3508935> <has_cancer_metastasized_to_lung> <Yes> 8 7 1 1
<2309807> <has_cancer_metastasized_to_lung> <Yes> 0 0 0 0
<209994> <has_cancer_metastasized_to_lung> <Yes> 9 8 1 1
<410395> <has_cancer_metastasized_to_lung> <Yes> 46 41 0 0
<1310599> <has_cancer_metastasized_to_lung> <Yes> 0 0 0 0
<4910723> <has_cancer_metastasized_to_lung> <Yes> 7 6 1 1
<410298> <has_cancer_metastasized_to_lung> <Yes> 0 0 0 0
<410556> <has_cancer_metastasized_to_lung> <Yes> 0 0 0 0
<508409> <has_cancer_metastasized_to_lung> <Yes> 53 48 0 0
<409750> <has_cancer_metastasized_to_lung> <Yes> 7 6 1 1
<3510427> <has_cancer_metastasized_to_lung> <Yes> 9 8 1 1
<210068> <has_cancer_metastasized_to_lung> <Yes> 8 7 1 1
<5110667> <has_cancer_metastasized_to_lung> <Yes> 0 0 0 0
<3410526> <has_cancer_metastasized_to_lung> <Yes> 7 6 1 1
<112008> <has_cancer_metastasized_to_lung> <Yes> 68 61 0 0
<6312318> <has_cancer_metastasized_to_lung> <Yes> 34 29 0 0
<512368> <has_cancer_metastasized_to_lung> <Yes> 35 30 0 0
<11312119> <has_cancer_metastasized_to_lung> <Yes> 0 0 0 0
<211226> <has_cancer_metastasized_to_lung> <Yes> 6 5 1 1
<4612751> <has_cancer_metastasized_to_lung> <Yes> 54 49 0 0
<6312695> <has_cancer_metastasized_to_lung> <Yes> 68 61 0 0
<2312824> <has_cancer_metastasized_to_lung> <Yes> 9 8 1 1
<3012758> <has_cancer_metastasized_to_lung> <Yes> 68 61 0 0
<9713406> <has_cancer_metastasized_to_lung> <Yes> 0 0 0 0
<3812575> <has_cancer_metastasized_to_lung> <Yes> 16 13 0 0
<5113487> <has_cancer_metastasized_to_lung> <Yes> 9 8 1 1
<2112871> <has_cancer_metastasized_to_lung> <Yes> 8 7 1 1
<5111686> <has_cancer_metastasized_to_lung> <Yes> 8 7 1 1
<413143> <has_cancer_metastasized_to_lung> <Yes> 0 0 0 0
<5114030> <has_cancer_metastasized_to_lung> <Yes> 22 18 0 0
<1314582> <has_cancer_metastasized_to_lung> <Yes> 54 49 0 0
<1314673> <has_cancer_metastasized_to_lung> <Yes> 0 0 0 0
<5314760> <has_cancer_metastasized_to_lung> <Yes> 54 49 0 0
<5814889> <has_cancer_metastasized_to_lung> <Yes> 16 13 0 0
<12914944> <has_cancer_metastasized_to_lung> <Yes> 9 8 1 1
<5315239> <has_cancer_metastasized_to_lung> <Yes> 0 0 0 0
<5315610> <has_cancer_metastasized_to_lung> <Yes> 45 40 0 0
<5315695> <has_cancer_metastasized_to_lung> <Yes> 54 49 0 0
<515383> <has_cancer_metastasized_to_lung> <Yes> 0 0 0 0
<5314479> <has_cancer_metastasized_to_lung> <Yes> 0 0 0 0
<15714596> <has_cancer_metastasized_to_lung> <Yes> 59 53 0 0
<5314866> <has_cancer_metastasized_to_lung> <Yes> 7 6 1 1
<1214923> <has_cancer_metastasized_to_lung> <Yes> 47 42 0 0
<514312> <has_cancer_metastasized_to_lung> <Yes> 41 36 0 0
<5114583> <has_cancer_metastasized_to_lung> <Yes> 0 0 0 0
<314440> <has_cancer_metastasized_to_lung> <Yes> 54 49 0 0
<6315972> <has_cancer_metastasized_to_lung> <Yes> 54 49 0 0
<1514006> <has_cancer_metastasized_to_lung> <Yes> 24 20 0 0
<18015734> <has_cancer_metastasized_to_lung> <Yes> 54 49 0 0
<5315814> <has_cancer_metastasized_to_lung> <Yes> 8 7 1 1
<5115708> <has_cancer_metastasized_to_lung> <Yes> 68 61 0 0
<415579> <has_cancer_metastasized_to_lung> <Yes> 0 0 0 0
<116545> <has_cancer_metastasized_to_lung> <Yes> 7 6 1 1
<417030> <has_cancer_metastasized_to_lung> <Yes> 5 4 1 1
<217037> <has_cancer_metastasized_to_lung> <Yes> 0 0 0 0
<417357> <has_cancer_metastasized_to_lung> <Yes> 68 61 0 0
<2917489> <has_cancer_metastasized_to_lung> <Yes> 22 18 0 0
<516169> <has_cancer_metastasized_to_lung> <Yes> 8 7 1 1
<702297> <has_cancer_metastasized_to_lung> <Yes> 9 8 1 1
<6317436> <has_cancer_metastasized_to_lung> <Yes> 23 19 0 0
<516919> <has_cancer_metastasized_to_lung> <Yes> 33 28 0 0
<5316033> <has_cancer_metastasized_to_lung> <Yes> 68 61 0 0
<2101876> <has_cancer_metastasized_to_lung> <Yes> 9 8 1 1
<15704690> <has_cancer_metastasized_to_lung> <Yes> 9 8 1 1
<1305569> <has_cancer_metastasized_to_lung> <Yes> 27 22 0 0
<6303499> <has_cancer_metastasized_to_lung> <Yes> 0 0 0 0
<3405162> <has_cancer_metastasized_to_lung> <Yes> 5 4 1 1
<9703653> <has_cancer_metastasized_to_lung> <Yes> 7 6 1 1
<5305801> <has_cancer_metastasized_to_lung> <Yes> 24 20 0 0
<14705097> <has_cancer_metastasized_to_lung> <Yes> 35 30 0 0
<5103463> <has_cancer_metastasized_to_lung> <Yes> 35 30 0 0
<2302925> <has_cancer_metastasized_to_lung> <Yes> 46 41 0 0
<4910913> <has_cancer_metastasized_to_lung> <Yes> 35 30 0 0
<1513063> <has_cancer_metastasized_to_lung> <Yes> 47 42 0 0
<1510014> <has_cancer_metastasized_to_lung> <Yes> 45 40 0 0
<9412890> <has_cancer_metastasized_to_lung> <Yes> 8 7 1 1
<410066> <has_cancer_metastasized_to_lung> <Yes> 45 40 0 0
<15714599> <has_cancer_metastasized_to_lung> <Yes> 41 36 0 0
<2311253> <has_cancer_metastasized_to_lung> <Yes> 47 42 0 0
<2304723> <has_cancer_metastasized_to_lung> <Yes> 4 3 1 1
<512948> <has_cancer_metastasized_to_lung> <Yes> 6 5 1 1
<5109298> <has_cancer_metastasized_to_lung> <Yes> 6 5 1 1
<514162> <has_cancer_metastasized_to_lung> <Yes> 7 6 1 1
<1305850> <has_cancer_metastasized_to_lung> <Yes> 4 3 1 1
<3507806> <has_cancer_metastasized_to_lung> <Yes> 5 4 1 1
<8306665> <has_cancer_metastasized_to_lung> <Yes> 28 23 0 0
<513992> <has_cancer_metastasized_to_lung> <Yes> 6 5 1 1
<6301696> <has_cancer_metastasized_to_lung> <Yes> 7 6 1 1
<208579> <has_cancer_metastasized_to_lung> <Yes> 46 41 0 0
<5303989> <has_cancer_metastasized_to_lung> <Yes> 68 61 0 0
<2806023> <has_cancer_metastasized_to_lung> <Yes> 23 19 0 0
<2300040> <has_cancer_metastasized_to_lung> <Yes> 0 0 0 0
<1200983> <has_cancer_metastasized_to_lung> <Yes> 9 8 1 1
<1200843> <has_cancer_metastasized_to_lung> <Yes> 23 19 0 0
<301368> <has_cancer_metastasized_to_lung> <Yes> 68 61 0 0
<2101414> <has_cancer_metastasized_to_lung> <Yes> 0 0 0 0
<3801528> <has_cancer_metastasized_to_lung> <Yes> 8 7 1 1
<701628> <has_cancer_metastasized_to_lung> <Yes> 9 8 1 1
<5301979> <has_cancer_metastasized_to_lung> <Yes> 22 18 0 0
<6301694> <has_cancer_metastasized_to_lung> <Yes> 0 0 0 0
<201860> <has_cancer_metastasized_to_lung> <Yes> 29 24 0 0
<1302141> <has_cancer_metastasized_to_lung> <Yes> 71 64 0 0
<101931> <has_cancer_metastasized_to_lung> <Yes> 9 8 1 1
<501294> <has_cancer_metastasized_to_lung> <Yes> 23 19 0 0
<15700323> <has_cancer_metastasized_to_lung> <Yes> 7 6 1 1
<300583> <has_cancer_metastasized_to_lung> <Yes> 9 8 1 1
<15701753> <has_cancer_metastasized_to_lung> <Yes> 7 6 1 1
<15700171> <has_cancer_metastasized_to_lung> <Yes> 4 3 1 1
<4600168> <has_cancer_metastasized_to_lung> <Yes> 7 6 1 1
<301441> <has_cancer_metastasized_to_lung> <Yes> 9 8 1 1
<702152> <has_cancer_metastasized_to_lung> <Yes> 7 6 1 1
<101587> <has_cancer_metastasized_to_lung> <Yes> 45 40 0 0
<2102625> <has_cancer_metastasized_to_lung> <Yes> 0 0 0 0
<702320> <has_cancer_metastasized_to_lung> <Yes> 0 0 0 0
<202403> <has_cancer_metastasized_to_lung> <Yes> 9 8 1 1
<5103629> <has_cancer_metastasized_to_lung> <Yes> 0 0 0 0
<503993> <has_cancer_metastasized_to_lung> <Yes> 71 64 0 0
<5104373> <has_cancer_metastasized_to_lung> <Yes> 9 8 1 1
<5104119> <has_cancer_metastasized_to_lung> <Yes> 9 8 1 1
<3702791> <has_cancer_metastasized_to_lung> <Yes> 71 64 0 0
<5103349> <has_cancer_metastasized_to_lung> <Yes> 5 4 1 1
<10803798> <has_cancer_metastasized_to_lung> <Yes> 0 0 0 0
<5103656> <has_cancer_metastasized_to_lung> <Yes> 6 5 1 1
<5304768> <has_cancer_metastasized_to_lung> <Yes> 36 31 0 0
<1305600> <has_cancer_metastasized_to_lung> <Yes> 6 5 1 1
<2305279> <has_cancer_metastasized_to_lung> <Yes> 7 6 1 1
<3905710> <has_cancer_metastasized_to_lung> <Yes> 22 18 0 0
<1305769> <has_cancer_metastasized_to_lung> <Yes> 6 5 1 1
<5304884> <has_cancer_metastasized_to_lung> <Yes> 47 42 0 0
<204924> <has_cancer_metastasized_to_lung> <Yes> 9 8 1 1
<3505944> <has_cancer_metastasized_to_lung> <Yes> 9 8 1 1
<1306574> <has_cancer_metastasized_to_lung> <Yes> 29 24 0 0
<5106413> <has_cancer_metastasized_to_lung> <Yes> 8 7 1 1
<204625> <has_cancer_metastasized_to_lung> <Yes> 68 61 0 0
<3005836> <has_cancer_metastasized_to_lung> <Yes> 7 6 1 1
<1306210> <has_cancer_metastasized_to_lung> <Yes> 68 61 0 0
<6605752> <has_cancer_metastasized_to_lung> <Yes> 8 7 1 1
<205292> <has_cancer_metastasized_to_lung> <Yes> 6 5 1 1
<1306182> <has_cancer_metastasized_to_lung> <Yes> 32 27 0 0
<1006651> <has_cancer_metastasized_to_lung> <Yes> 0 0 0 0
<5107114> <has_cancer_metastasized_to_lung> <Yes> 5 4 1 1
<3006789> <has_cancer_metastasized_to_lung> <Yes> 0 0 0 0
<5107934> <has_cancer_metastasized_to_lung> <Yes> 54 49 0 0
<3308062> <has_cancer_metastasized_to_lung> <Yes> 68 61 0 0
<508382> <has_cancer_metastasized_to_lung> <Yes> 71 64 0 0
<508447> <has_cancer_metastasized_to_lung> <Yes> 22 18 0 0
<508999> <has_cancer_metastasized_to_lung> <Yes> 24 20 0 0
<107625> <has_cancer_metastasized_to_lung> <Yes> 71 64 0 0
<3006806> <has_cancer_metastasized_to_lung> <Yes> 47 42 0 0
<3408351> <has_cancer_metastasized_to_lung> <Yes> 7 6 1 1
<907008> <has_cancer_metastasized_to_lung> <Yes> 0 0 0 0
<5107705> <has_cancer_metastasized_to_lung> <Yes> 24 20 0 0
<1508321> <has_cancer_metastasized_to_lung> <Yes> 14 11 0 0
<508393> <has_cancer_metastasized_to_lung> <Yes> 30 25 0 0
<508492> <has_cancer_metastasized_to_lung> <Yes> 54 49 0 0
<508526> <has_cancer_metastasized_to_lung> <Yes> 0 0 0 0
<207297> <has_cancer_metastasized_to_lung> <Yes> 70 63 0 0
<2807647> <has_cancer_metastasized_to_lung> <Yes> 7 6 1 1
<509144> <has_cancer_metastasized_to_lung> <Yes> 8 7 1 1
<109381> <has_cancer_metastasized_to_lung> <Yes> 0 0 0 0
<5109123> <has_cancer_metastasized_to_lung> <Yes> 0 0 0 0
<9909295> <has_cancer_metastasized_to_lung> <Yes> 6 5 1 1
<109384> <has_cancer_metastasized_to_lung> <Yes> 53 48 0 0
<409930> <has_cancer_metastasized_to_lung> <Yes> 6 5 1 1
<2809229> <has_cancer_metastasized_to_lung> <Yes> 8 7 1 1
<3410503> <has_cancer_metastasized_to_lung> <Yes> 71 64 0 0
<210009> <has_cancer_metastasized_to_lung> <Yes> 9 8 1 1
<210175> <has_cancer_metastasized_to_lung> <Yes> 9 8 1 1
<1310581> <has_cancer_metastasized_to_lung> <Yes> 0 0 0 0
<109532> <has_cancer_metastasized_to_lung> <Yes> 0 0 0 0
<4910936> <has_cancer_metastasized_to_lung> <Yes> 7 6 1 1
<509032> <has_cancer_metastasized_to_lung> <Yes> 9 8 1 1
<410236> <has_cancer_metastasized_to_lung> <Yes> 46 41 0 0
<4911038> <has_cancer_metastasized_to_lung> <Yes> 8 7 1 1
<4910871> <has_cancer_metastasized_to_lung> <Yes> 0 0 0 0
<1510117> <has_cancer_metastasized_to_lung> <Yes> 8 7 1 1
<208888> <has_cancer_metastasized_to_lung> <Yes> 7 6 1 1
<210081> <has_cancer_metastasized_to_lung> <Yes> 0 0 0 0
<11312277> <has_cancer_metastasized_to_lung> <Yes> 0 0 0 0
<1511145> <has_cancer_metastasized_to_lung> <Yes> 60 54 0 0
<112112> <has_cancer_metastasized_to_lung> <Yes> 34 29 0 0
<111385> <has_cancer_metastasized_to_lung> <Yes> 39 34 0 0
<212086> <has_cancer_metastasized_to_lung> <Yes> 0 0 0 0
<112498> <has_cancer_metastasized_to_lung> <Yes> 9 8 1 1
<513012> <has_cancer_metastasized_to_lung> <Yes> 23 19 0 0
<5313442> <has_cancer_metastasized_to_lung> <Yes> 0 0 0 0
<6312863> <has_cancer_metastasized_to_lung> <Yes> 0 0 0 0
<513094> <has_cancer_metastasized_to_lung> <Yes> 8 7 1 1
<212569> <has_cancer_metastasized_to_lung> <Yes> 6 5 1 1
<4911195> <has_cancer_metastasized_to_lung> <Yes> 61 55 0 0
<2811500> <has_cancer_metastasized_to_lung> <Yes> 30 25 0 0
<5111451> <has_cancer_metastasized_to_lung> <Yes> 9 8 1 1
<6311701> <has_cancer_metastasized_to_lung> <Yes> 0 0 0 0
<2312537> <has_cancer_metastasized_to_lung> <Yes> 53 48 0 0
<5112421> <has_cancer_metastasized_to_lung> <Yes> 53 48 0 0
<6313426> <has_cancer_metastasized_to_lung> <Yes> 0 0 0 0
<212039> <has_cancer_metastasized_to_lung> <Yes> 0 0 0 0
<5314071> <has_cancer_metastasized_to_lung> <Yes> 23 19 0 0
<514306> <has_cancer_metastasized_to_lung> <Yes> 3 2 1 1
<5315253> <has_cancer_metastasized_to_lung> <Yes> 0 0 0 0
<5315424> <has_cancer_metastasized_to_lung> <Yes> 0 0 0 0
<5316004> <has_cancer_metastasized_to_lung> <Yes> 62 56 0 0
<514137> <has_cancer_metastasized_to_lung> <Yes> 9 8 1 1
<2814325> <has_cancer_metastasized_to_lung> <Yes> 41 36 0 0
<5314373> <has_cancer_metastasized_to_lung> <Yes> 34 29 0 0
<2815317> <has_cancer_metastasized_to_lung> <Yes> 0 0 0 0
<1315402> <has_cancer_metastasized_to_lung> <Yes> 24 20 0 0
<5315332> <has_cancer_metastasized_to_lung> <Yes> 15 12 0 0
<1315808> <has_cancer_metastasized_to_lung> <Yes> 17 14 0 0
<217051> <has_cancer_metastasized_to_lung> <Yes> 34 29 0 0
<417164> <has_cancer_metastasized_to_lung> <Yes> 0 0 0 0
<5317224> <has_cancer_metastasized_to_lung> <Yes> 0 0 0 0
<517255> <has_cancer_metastasized_to_lung> <Yes> 24 20 0 0
<116552> <has_cancer_metastasized_to_lung> <Yes> 0 0 0 0
<6616123> <has_cancer_metastasized_to_lung> <Yes> 0 0 0 0
<2101069> <has_cancer_metastasized_to_lung> <Yes> 34 29 0 0
<5117395> <has_cancer_metastasized_to_lung> <Yes> 22 18 0 0
<7000288> <has_cancer_metastasized_to_lung> <Yes> 23 19 0 0
<6317010> <has_cancer_metastasized_to_lung> <Yes> 24 20 0 0
<5502026> <has_cancer_metastasized_to_lung> <Yes> 0 0 0 0
<3602432> <has_cancer_metastasized_to_lung> <Yes> 28 23 0 0
<6300147> <has_cancer_metastasized_to_lung> <Yes> 8 7 1 1
<916434> <has_cancer_metastasized_to_lung> <Yes> 54 49 0 0
<3705824> <has_cancer_metastasized_to_lung> <Yes> 20 16 0 0
<906957> <has_cancer_metastasized_to_lung> <Yes> 7 6 1 1
<15707833> <has_cancer_metastasized_to_lung> <Yes> 41 36 0 0
<2408592> <has_cancer_metastasized_to_lung> <Yes> 7 6 1 1
<3508618> <has_cancer_metastasized_to_lung> <Yes> 54 49 0 0
<507728> <has_cancer_metastasized_to_lung> <Yes> 6 5 1 1
<2903120> <has_cancer_metastasized_to_lung> <Yes> 7 6 1 1
<3508646> <has_cancer_metastasized_to_lung> <Yes> 0 0 0 0
<109398> <has_cancer_metastasized_to_lung> <Yes> 23 19 0 0
<9409881> <has_cancer_metastasized_to_lung> <Yes> 8 7 1 1
<2312050> <has_cancer_metastasized_to_lung> <Yes> 34 29 0 0
<513155> <has_cancer_metastasized_to_lung> <Yes> 5 4 1 1
<413183> <has_cancer_metastasized_to_lung> <Yes> 0 0 0 0
<12914242> <has_cancer_metastasized_to_lung> <Yes> 8 7 1 1
<516198> <has_cancer_metastasized_to_lung> <Yes> 6 5 1 1
<5116363> <has_cancer_metastasized_to_lung> <Yes> 68 61 0 0
<10610714> <has_cancer_metastasized_to_lung> <Yes> 8 7 1 1
<6313588> <has_cancer_metastasized_to_lung> <Yes> 71 64 0 0
<513164> <has_cancer_metastasized_to_lung> <Yes> 4 3 1 1
<4910842> <has_cancer_metastasized_to_lung> <Yes> 7 6 1 1
<3508633> <has_cancer_metastasized_to_lung> <Yes> 41 36 0 0
<503910> <has_cancer_metastasized_to_lung> <Yes> 46 41 0 0
<3510939> <has_cancer_metastasized_to_lung> <Yes> 7 6 1 1
<2305219> <has_cancer_metastasized_to_lung> <Yes> 6 5 1 1
