<1200820> <has_cancer_metastasized_to_thoracic_lymphadenopaties> <Yes> 84 78 0 0
<1201060> <has_cancer_metastasized_to_thoracic_lymphadenopaties> <Yes> 71 66 0 0
<5502026> <has_cancer_metastasized_to_thoracic_lymphadenopaties> <Yes> 0 0 0 0
<2101456> <has_cancer_metastasized_to_thoracic_lymphadenopaties> <Yes> 66 61 0 0
<1300790> <has_cancer_metastasized_to_thoracic_lymphadenopaties> <Yes> 5 3 1 1
<101796> <has_cancer_metastasized_to_thoracic_lymphadenopaties> <Yes> 30 26 0 0
<3602144> <has_cancer_metastasized_to_thoracic_lymphadenopaties> <Yes> 70 65 0 0
<2902530> <has_cancer_metastasized_to_thoracic_lymphadenopaties> <Yes> 71 66 0 0
<2903722> <has_cancer_metastasized_to_thoracic_lymphadenopaties> <Yes> 33 29 0 0
<504152> <has_cancer_metastasized_to_thoracic_lymphadenopaties> <Yes> 84 78 0 0
<2804318> <has_cancer_metastasized_to_thoracic_lymphadenopaties> <Yes> 65 60 0 0
<504151> <has_cancer_metastasized_to_thoracic_lymphadenopaties> <Yes> 8 6 1 1
<2304504> <has_cancer_metastasized_to_thoracic_lymphadenopaties> <Yes> 26 22 0 0
<504071> <has_cancer_metastasized_to_thoracic_lymphadenopaties> <Yes> 55 50 0 0
<14703366> <has_cancer_metastasized_to_thoracic_lymphadenopaties> <Yes> 71 66 0 0
<2405608> <has_cancer_metastasized_to_thoracic_lymphadenopaties> <Yes> 71 66 0 0
<2304761> <has_cancer_metastasized_to_thoracic_lymphadenopaties> <Yes> 55 50 0 0
<5105183> <has_cancer_metastasized_to_thoracic_lymphadenopaties> <Yes> 71 66 0 0
<505858> <has_cancer_metastasized_to_thoracic_lymphadenopaties> <Yes> 9 7 1 1
<205956> <has_cancer_metastasized_to_thoracic_lymphadenopaties> <Yes> 24 20 0 0
<15706101> <has_cancer_metastasized_to_thoracic_lymphadenopaties> <Yes> 21 17 0 0
<5106412> <has_cancer_metastasized_to_thoracic_lymphadenopaties> <Yes> 55 50 0 0
<6905855> <has_cancer_metastasized_to_thoracic_lymphadenopaties> <Yes> 33 29 0 0
<1306300> <has_cancer_metastasized_to_thoracic_lymphadenopaties> <Yes> 24 20 0 0
<5305812> <has_cancer_metastasized_to_thoracic_lymphadenopaties> <Yes> 23 19 0 0
<9408671> <has_cancer_metastasized_to_thoracic_lymphadenopaties> <Yes> 57 52 0 0
<508235> <has_cancer_metastasized_to_thoracic_lymphadenopaties> <Yes> 7 5 1 1
<207982> <has_cancer_metastasized_to_thoracic_lymphadenopaties> <Yes> 65 60 0 0
<907276> <has_cancer_metastasized_to_thoracic_lymphadenopaties> <Yes> 71 66 0 0
<2107511> <has_cancer_metastasized_to_thoracic_lymphadenopaties> <Yes> 5 3 1 1
<409989> <has_cancer_metastasized_to_thoracic_lymphadenopaties> <Yes> 71 66 0 0
<410039> <has_cancer_metastasized_to_thoracic_lymphadenopaties> <Yes> 66 61 0 0
<710442> <has_cancer_metastasized_to_thoracic_lymphadenopaties> <Yes> 33 29 0 0
<1509499> <has_cancer_metastasized_to_thoracic_lymphadenopaties> <Yes> 78 72 0 0
<15709793> <has_cancer_metastasized_to_thoracic_lymphadenopaties> <Yes> 71 66 0 0
<109811> <has_cancer_metastasized_to_thoracic_lymphadenopaties> <Yes> 72 67 0 0
<213270> <has_cancer_metastasized_to_thoracic_lymphadenopaties> <Yes> 0 0 0 0
<213394> <has_cancer_metastasized_to_thoracic_lymphadenopaties> <Yes> 72 67 0 0
<9413655> <has_cancer_metastasized_to_thoracic_lymphadenopaties> <Yes> 71 66 0 0
<11911365> <has_cancer_metastasized_to_thoracic_lymphadenopaties> <Yes> 72 67 0 0
<1511104> <has_cancer_metastasized_to_thoracic_lymphadenopaties> <Yes> 55 50 0 0
<513370> <has_cancer_metastasized_to_thoracic_lymphadenopaties> <Yes> 72 67 0 0
<311839> <has_cancer_metastasized_to_thoracic_lymphadenopaties> <Yes> 84 78 0 0
<514131> <has_cancer_metastasized_to_thoracic_lymphadenopaties> <Yes> 65 60 0 0
<12914508> <has_cancer_metastasized_to_thoracic_lymphadenopaties> <Yes> 31 27 0 0
<415940> <has_cancer_metastasized_to_thoracic_lymphadenopaties> <Yes> 72 67 0 0
<2815318> <has_cancer_metastasized_to_thoracic_lymphadenopaties> <Yes> 70 65 0 0
<5315424> <has_cancer_metastasized_to_thoracic_lymphadenopaties> <Yes> 0 0 0 0
<15714586> <has_cancer_metastasized_to_thoracic_lymphadenopaties> <Yes> 22 18 0 0
<516153> <has_cancer_metastasized_to_thoracic_lymphadenopaties> <Yes> 71 66 0 0
<516727> <has_cancer_metastasized_to_thoracic_lymphadenopaties> <Yes> 8 6 1 1
<1505654> <has_cancer_metastasized_to_thoracic_lymphadenopaties> <Yes> 71 66 0 0
<2806920> <has_cancer_metastasized_to_thoracic_lymphadenopaties> <Yes> 24 20 0 0
<3507413> <has_cancer_metastasized_to_thoracic_lymphadenopaties> <Yes> 9 7 1 1
<15707831> <has_cancer_metastasized_to_thoracic_lymphadenopaties> <Yes> 23 19 0 0
<2302928> <has_cancer_metastasized_to_thoracic_lymphadenopaties> <Yes> 55 50 0 0
<9411724> <has_cancer_metastasized_to_thoracic_lymphadenopaties> <Yes> 56 51 0 0
<513585> <has_cancer_metastasized_to_thoracic_lymphadenopaties> <Yes> 55 50 0 0
<513735> <has_cancer_metastasized_to_thoracic_lymphadenopaties> <Yes> 71 66 0 0
<2917502> <has_cancer_metastasized_to_thoracic_lymphadenopaties> <Yes> 71 66 0 0
<514195> <has_cancer_metastasized_to_thoracic_lymphadenopaties> <Yes> 21 17 0 0
<1509735> <has_cancer_metastasized_to_thoracic_lymphadenopaties> <Yes> 32 28 0 0
<2900579> <has_cancer_metastasized_to_thoracic_lymphadenopaties> <Yes> 24 20 0 0
<5117394> <has_cancer_metastasized_to_thoracic_lymphadenopaties> <Yes> 70 65 0 0
<513845> <has_cancer_metastasized_to_thoracic_lymphadenopaties> <Yes> 8 6 1 1
<3407252> <has_cancer_metastasized_to_thoracic_lymphadenopaties> <Yes> 72 67 0 0
<3009918> <has_cancer_metastasized_to_thoracic_lymphadenopaties> <Yes> 71 66 0 0
<512332> <has_cancer_metastasized_to_thoracic_lymphadenopaties> <Yes> 30 26 0 0
<516258> <has_cancer_metastasized_to_thoracic_lymphadenopaties> <Yes> 78 72 0 0
<415725> <has_cancer_metastasized_to_thoracic_lymphadenopaties> <Yes> 14 11 0 0
<514076> <has_cancer_metastasized_to_thoracic_lymphadenopaties> <Yes> 7 5 1 1
<6402215> <has_cancer_metastasized_to_thoracic_lymphadenopaties> <Yes> 55 50 0 0
<15706138> <has_cancer_metastasized_to_thoracic_lymphadenopaties> <Yes> 4 2 1 1
<411584> <has_cancer_metastasized_to_thoracic_lymphadenopaties> <Yes> 72 67 0 0
<2903725> <has_cancer_metastasized_to_thoracic_lymphadenopaties> <Yes> 31 27 0 0
<409607> <has_cancer_metastasized_to_thoracic_lymphadenopaties> <Yes> 70 65 0 0
<5102979> <has_cancer_metastasized_to_thoracic_lymphadenopaties> <Yes> 71 66 0 0
<5105543> <has_cancer_metastasized_to_thoracic_lymphadenopaties> <Yes> 9 7 1 1
<15707833> <has_cancer_metastasized_to_thoracic_lymphadenopaties> <Yes> 9 7 1 1
<704305> <has_cancer_metastasized_to_thoracic_lymphadenopaties> <Yes> 72 67 0 0
<3510776> <has_cancer_metastasized_to_thoracic_lymphadenopaties> <Yes> 25 21 0 0
<5505898> <has_cancer_metastasized_to_thoracic_lymphadenopaties> <Yes> 4 2 1 1
<3405326> <has_cancer_metastasized_to_thoracic_lymphadenopaties> <Yes> 71 66 0 0
<1006636> <has_cancer_metastasized_to_thoracic_lymphadenopaties> <Yes> 0 0 0 0
<517268> <has_cancer_metastasized_to_thoracic_lymphadenopaties> <Yes> 71 66 0 0
<6400279> <has_cancer_metastasized_to_thoracic_lymphadenopaties> <Yes> 71 66 0 0
<1300899> <has_cancer_metastasized_to_thoracic_lymphadenopaties> <Yes> 6 4 1 1
<6300481> <has_cancer_metastasized_to_thoracic_lymphadenopaties> <Yes> 55 50 0 0
<10600641> <has_cancer_metastasized_to_thoracic_lymphadenopaties> <Yes> 7 5 1 1
<2101076> <has_cancer_metastasized_to_thoracic_lymphadenopaties> <Yes> 72 67 0 0
<1201953> <has_cancer_metastasized_to_thoracic_lymphadenopaties> <Yes> 71 66 0 0
<201568> <has_cancer_metastasized_to_thoracic_lymphadenopaties> <Yes> 7 5 1 1
<2100731> <has_cancer_metastasized_to_thoracic_lymphadenopaties> <Yes> 24 20 0 0
<202219> <has_cancer_metastasized_to_thoracic_lymphadenopaties> <Yes> 0 0 0 0
<203347> <has_cancer_metastasized_to_thoracic_lymphadenopaties> <Yes> 70 65 0 0
<504132> <has_cancer_metastasized_to_thoracic_lymphadenopaties> <Yes> 23 19 0 0
<9703269> <has_cancer_metastasized_to_thoracic_lymphadenopaties> <Yes> 10 8 1 1
<503183> <has_cancer_metastasized_to_thoracic_lymphadenopaties> <Yes> 8 6 1 1
<5103778> <has_cancer_metastasized_to_thoracic_lymphadenopaties> <Yes> 70 65 0 0
<5503858> <has_cancer_metastasized_to_thoracic_lymphadenopaties> <Yes> 10 8 1 1
<2103458> <has_cancer_metastasized_to_thoracic_lymphadenopaties> <Yes> 78 72 0 0
<204302> <has_cancer_metastasized_to_thoracic_lymphadenopaties> <Yes> 10 8 1 1
<502968> <has_cancer_metastasized_to_thoracic_lymphadenopaties> <Yes> 53 48 0 0
<3304900> <has_cancer_metastasized_to_thoracic_lymphadenopaties> <Yes> 24 20 0 0
<5106294> <has_cancer_metastasized_to_thoracic_lymphadenopaties> <Yes> 72 67 0 0
<5106356> <has_cancer_metastasized_to_thoracic_lymphadenopaties> <Yes> 71 66 0 0
<4305936> <has_cancer_metastasized_to_thoracic_lymphadenopaties> <Yes> 49 44 0 0
<1306340> <has_cancer_metastasized_to_thoracic_lymphadenopaties> <Yes> 71 66 0 0
<1306788> <has_cancer_metastasized_to_thoracic_lymphadenopaties> <Yes> 24 20 0 0
<5107362> <has_cancer_metastasized_to_thoracic_lymphadenopaties> <Yes> 71 66 0 0
<108277> <has_cancer_metastasized_to_thoracic_lymphadenopaties> <Yes> 66 61 0 0
<1006639> <has_cancer_metastasized_to_thoracic_lymphadenopaties> <Yes> 71 66 0 0
<508438> <has_cancer_metastasized_to_thoracic_lymphadenopaties> <Yes> 72 67 0 0
<508302> <has_cancer_metastasized_to_thoracic_lymphadenopaties> <Yes> 72 67 0 0
<410085> <has_cancer_metastasized_to_thoracic_lymphadenopaties> <Yes> 56 51 0 0
<2811819> <has_cancer_metastasized_to_thoracic_lymphadenopaties> <Yes> 9 7 1 1
<512553> <has_cancer_metastasized_to_thoracic_lymphadenopaties> <Yes> 72 67 0 0
<512605> <has_cancer_metastasized_to_thoracic_lymphadenopaties> <Yes> 20 16 0 0
<313722> <has_cancer_metastasized_to_thoracic_lymphadenopaties> <Yes> 8 6 1 1
<4313208> <has_cancer_metastasized_to_thoracic_lymphadenopaties> <Yes> 8 6 1 1
<1312563> <has_cancer_metastasized_to_thoracic_lymphadenopaties> <Yes> 72 67 0 0
<514212> <has_cancer_metastasized_to_thoracic_lymphadenopaties> <Yes> 72 67 0 0
<15714656> <has_cancer_metastasized_to_thoracic_lymphadenopaties> <Yes> 10 8 1 1
<1315448> <has_cancer_metastasized_to_thoracic_lymphadenopaties> <Yes> 65 60 0 0
<5315472> <has_cancer_metastasized_to_thoracic_lymphadenopaties> <Yes> 55 50 0 0
<514223> <has_cancer_metastasized_to_thoracic_lymphadenopaties> <Yes> 6 4 1 1
<514254> <has_cancer_metastasized_to_thoracic_lymphadenopaties> <Yes> 71 66 0 0
<514157> <has_cancer_metastasized_to_thoracic_lymphadenopaties> <Yes> 71 66 0 0
<2816273> <has_cancer_metastasized_to_thoracic_lymphadenopaties> <Yes> 9 7 1 1
<916873> <has_cancer_metastasized_to_thoracic_lymphadenopaties> <Yes> 57 52 0 0
<417571> <has_cancer_metastasized_to_thoracic_lymphadenopaties> <Yes> 9 7 1 1
<3505880> <has_cancer_metastasized_to_thoracic_lymphadenopaties> <Yes> 8 6 1 1
<508368> <has_cancer_metastasized_to_thoracic_lymphadenopaties> <Yes> 24 20 0 0
<8307668> <has_cancer_metastasized_to_thoracic_lymphadenopaties> <Yes> 56 51 0 0
<509012> <has_cancer_metastasized_to_thoracic_lymphadenopaties> <Yes> 7 5 1 1
<208262> <has_cancer_metastasized_to_thoracic_lymphadenopaties> <Yes> 72 67 0 0
<211381> <has_cancer_metastasized_to_thoracic_lymphadenopaties> <Yes> 70 65 0 0
<516222> <has_cancer_metastasized_to_thoracic_lymphadenopaties> <Yes> 30 26 0 0
<214994> <has_cancer_metastasized_to_thoracic_lymphadenopaties> <Yes> 55 50 0 0
<1216564> <has_cancer_metastasized_to_thoracic_lymphadenopaties> <Yes> 54 49 0 0
<12915109> <has_cancer_metastasized_to_thoracic_lymphadenopaties> <Yes> 5 3 1 1
<514312> <has_cancer_metastasized_to_thoracic_lymphadenopaties> <Yes> 9 7 1 1
<203197> <has_cancer_metastasized_to_thoracic_lymphadenopaties> <Yes> 71 66 0 0
<5102740> <has_cancer_metastasized_to_thoracic_lymphadenopaties> <Yes> 23 19 0 0
<206564> <has_cancer_metastasized_to_thoracic_lymphadenopaties> <Yes> 24 20 0 0
