<101509> <hasProgressionRelapseAssessment_hasEpisode> <TL_2> 1 1 1 1
<101783> <hasProgressionRelapseAssessment_hasEpisode> <TL_1> 0 0 0 0
<10600258> <hasProgressionRelapseAssessment_hasEpisode> <TL_2> 1 1 1 1
<10600759> <hasProgressionRelapseAssessment_hasEpisode> <TL_1> 1 1 1 1
<10807131> <hasProgressionRelapseAssessment_hasEpisode> <TL_2> 1 1 1 1
<109829> <hasProgressionRelapseAssessment_hasEpisode> <TL_2> 1 1 1 1
<1300781> <hasProgressionRelapseAssessment_hasEpisode> <TL_1> 1 1 1 1
<11313666> <hasProgressionRelapseAssessment_hasEpisode> <TL_1> 1 1 1 1
<1216679> <hasProgressionRelapseAssessment_hasEpisode> <TL_1> 1 1 1 1
<109879> <hasProgressionRelapseAssessment_hasEpisode> <TL_1> 1 1 1 1
<104451> <hasProgressionRelapseAssessment_hasEpisode> <TL_1> 1 1 1 1
<108178> <hasProgressionRelapseAssessment_hasEpisode> <TL_1> 0 0 0 0
<11405993> <hasProgressionRelapseAssessment_hasEpisode> <TL_4> 0 0 0 0
<1201395> <hasProgressionRelapseAssessment_hasEpisode> <TL_1> 1 1 1 1
<109449> <hasProgressionRelapseAssessment_hasEpisode> <TL_1> 1 1 1 1
<103791> <hasProgressionRelapseAssessment_hasEpisode> <TL_5> 1 1 1 1
<12915272> <hasProgressionRelapseAssessment_hasEpisode> <TL_1> 1 1 1 1
<10806349> <hasProgressionRelapseAssessment_hasEpisode> <TL_2> 1 1 1 1
<1300410> <hasProgressionRelapseAssessment_hasEpisode> <TL_1> 1 1 1 1
<1200840> <hasProgressionRelapseAssessment_hasEpisode> <TL_2> 1 1 1 1
<102262> <hasProgressionRelapseAssessment_hasEpisode> <TL_1> 1 1 1 1
<1006639> <hasProgressionRelapseAssessment_hasEpisode> <TL_2> 1 1 1 1
<101922> <hasProgressionRelapseAssessment_hasEpisode> <TL_1> 1 1 1 1
<109572> <hasProgressionRelapseAssessment_hasEpisode> <TL_5> 1 1 1 1
<110348> <hasProgressionRelapseAssessment_hasEpisode> <TL_4> 1 1 1 1
<107737> <hasProgressionRelapseAssessment_hasEpisode> <TL_1> 1 1 1 1
<102700> <hasProgressionRelapseAssessment_hasEpisode> <TL_1> 1 1 1 1
<11312259> <hasProgressionRelapseAssessment_hasEpisode> <TL_2> 1 1 1 1
<12914473> <hasProgressionRelapseAssessment_hasEpisode> <TL_1> 0 0 0 0
<103899> <hasProgressionRelapseAssessment_hasEpisode> <TL_1> 1 1 1 1
<1216759> <hasProgressionRelapseAssessment_hasEpisode> <TL_2> 1 1 1 1
<108282> <hasProgressionRelapseAssessment_hasEpisode> <TL_1> 0 0 0 0
<109742> <hasProgressionRelapseAssessment_hasEpisode> <TL_2> 1 1 1 1
<102935> <hasProgressionRelapseAssessment_hasEpisode> <TL_1> 1 1 1 1
<1009259> <hasProgressionRelapseAssessment_hasEpisode> <TL_1> 1 1 1 1
<10612187> <hasProgressionRelapseAssessment_hasEpisode> <TL_1> 1 1 1 1
<11405738> <hasProgressionRelapseAssessment_hasEpisode> <TL_2> 1 1 1 1
<102126> <hasProgressionRelapseAssessment_hasEpisode> <TL_3> 1 1 1 1
<11405910> <hasProgressionRelapseAssessment_hasEpisode> <TL_3> 1 1 1 1
<12914270> <hasProgressionRelapseAssessment_hasEpisode> <TL_3> 1 1 1 1
<11405819> <hasProgressionRelapseAssessment_hasEpisode> <TL_3> 1 1 1 1
<101946> <hasProgressionRelapseAssessment_hasEpisode> <TL_3> 1 1 1 1
<11405991> <hasProgressionRelapseAssessment_hasEpisode> <TL_3> 1 1 1 1
<1214199> <hasProgressionRelapseAssessment_hasEpisode> <TL_2> 1 1 1 1
<1214896> <hasProgressionRelapseAssessment_hasEpisode> <TL_2> 1 1 1 1
<1300516> <hasProgressionRelapseAssessment_hasEpisode> <TL_2> 1 1 1 1
<1303309> <hasProgressionRelapseAssessment_hasEpisode> <TL_1> 1 1 1 1
<1304759> <hasProgressionRelapseAssessment_hasEpisode> <TL_1> 0 0 0 0
<1300897> <hasProgressionRelapseAssessment_hasEpisode> <TL_2> 1 1 1 1
<1302023> <hasProgressionRelapseAssessment_hasEpisode> <TL_4> 1 1 1 1
<1305675> <hasProgressionRelapseAssessment_hasEpisode> <TL_4> 1 1 1 1
<1304712> <hasProgressionRelapseAssessment_hasEpisode> <TL_1> 1 1 1 1
<1301730> <hasProgressionRelapseAssessment_hasEpisode> <TL_1> 1 1 1 1
<1302147> <hasProgressionRelapseAssessment_hasEpisode> <TL_2> 1 1 1 1
<1306061> <hasProgressionRelapseAssessment_hasEpisode> <TL_1> 1 1 1 1
<1310935> <hasProgressionRelapseAssessment_hasEpisode> <TL_1> 1 1 1 1
<1315141> <hasProgressionRelapseAssessment_hasEpisode> <TL_1> 1 1 1 1
<1315334> <hasProgressionRelapseAssessment_hasEpisode> <TL_1> 1 1 1 1
<15701633> <hasProgressionRelapseAssessment_hasEpisode> <TL_2> 1 1 1 1
<1302205> <hasProgressionRelapseAssessment_hasEpisode> <TL_2> 1 1 1 1
<1306324> <hasProgressionRelapseAssessment_hasEpisode> <TL_1> 1 1 1 1
<1306635> <hasProgressionRelapseAssessment_hasEpisode> <TL_1> 1 1 1 1
<1302083> <hasProgressionRelapseAssessment_hasEpisode> <TL_3> 1 1 1 1
<14705929> <hasProgressionRelapseAssessment_hasEpisode> <TL_2> 1 1 1 1
<1500619> <hasProgressionRelapseAssessment_hasEpisode> <TL_1> 0 0 0 0
<14702309> <hasProgressionRelapseAssessment_hasEpisode> <TL_2> 1 1 1 1
<1509739> <hasProgressionRelapseAssessment_hasEpisode> <TL_1> 1 1 1 1
<1509540> <hasProgressionRelapseAssessment_hasEpisode> <TL_1> 1 1 1 1
<15701720> <hasProgressionRelapseAssessment_hasEpisode> <TL_1> 1 1 1 1
<1315448> <hasProgressionRelapseAssessment_hasEpisode> <TL_2> 0 0 0 0
<15701721> <hasProgressionRelapseAssessment_hasEpisode> <TL_2> 0 0 0 0
<1306115> <hasProgressionRelapseAssessment_hasEpisode> <TL_1> 1 1 1 1
<1309944> <hasProgressionRelapseAssessment_hasEpisode> <TL_1> 1 1 1 1
<14707385> <hasProgressionRelapseAssessment_hasEpisode> <TL_1> 1 1 1 1
<1509540> <hasProgressionRelapseAssessment_hasEpisode> <TL_4> 1 1 1 1
<1315107> <hasProgressionRelapseAssessment_hasEpisode> <TL_1> 1 1 1 1
<1503604> <hasProgressionRelapseAssessment_hasEpisode> <TL_1> 1 1 1 1
<1301652> <hasProgressionRelapseAssessment_hasEpisode> <TL_7> 1 1 1 1
<14715892> <hasProgressionRelapseAssessment_hasEpisode> <TL_2> 1 1 1 1
<1500906> <hasProgressionRelapseAssessment_hasEpisode> <TL_2> 1 1 1 1
<1511190> <hasProgressionRelapseAssessment_hasEpisode> <TL_1> 1 1 1 1
<1312919> <hasProgressionRelapseAssessment_hasEpisode> <TL_1> 0 0 0 0
<1505978> <hasProgressionRelapseAssessment_hasEpisode> <TL_1> 0 0 0 0
<1306365> <hasProgressionRelapseAssessment_hasEpisode> <TL_1> 1 1 1 1
<1509704> <hasProgressionRelapseAssessment_hasEpisode> <TL_1> 1 1 1 1
<1315059> <hasProgressionRelapseAssessment_hasEpisode> <TL_1> 1 1 1 1
<1314774> <hasProgressionRelapseAssessment_hasEpisode> <TL_1> 0 0 0 0
<15702836> <hasProgressionRelapseAssessment_hasEpisode> <TL_2> 1 1 1 1
<15703034> <hasProgressionRelapseAssessment_hasEpisode> <TL_1> 1 1 1 1
<15710136> <hasProgressionRelapseAssessment_hasEpisode> <TL_4> 1 1 1 1
<15710171> <hasProgressionRelapseAssessment_hasEpisode> <TL_2> 1 1 1 1
<15715027> <hasProgressionRelapseAssessment_hasEpisode> <TL_1> 1 1 1 1
<15717540> <hasProgressionRelapseAssessment_hasEpisode> <TL_2> 1 1 1 1
<15714598> <hasProgressionRelapseAssessment_hasEpisode> <TL_2> 1 1 1 1
<201869> <hasProgressionRelapseAssessment_hasEpisode> <TL_2> 1 1 1 1
<201993> <hasProgressionRelapseAssessment_hasEpisode> <TL_1> 0 0 0 0
<204048> <hasProgressionRelapseAssessment_hasEpisode> <TL_2> 1 1 1 1
<204486> <hasProgressionRelapseAssessment_hasEpisode> <TL_1> 1 1 1 1
<204824> <hasProgressionRelapseAssessment_hasEpisode> <TL_2> 1 1 1 1
<2100744> <hasProgressionRelapseAssessment_hasEpisode> <TL_1> 1 1 1 1
<15715017> <hasProgressionRelapseAssessment_hasEpisode> <TL_1> 1 1 1 1
<204038> <hasProgressionRelapseAssessment_hasEpisode> <TL_2> 1 1 1 1
<15715007> <hasProgressionRelapseAssessment_hasEpisode> <TL_1> 1 1 1 1
<203545> <hasProgressionRelapseAssessment_hasEpisode> <TL_1> 1 1 1 1
<205889> <hasProgressionRelapseAssessment_hasEpisode> <TL_2> 0 0 0 0
<206001> <hasProgressionRelapseAssessment_hasEpisode> <TL_2> 1 1 1 1
<2100832> <hasProgressionRelapseAssessment_hasEpisode> <TL_1> 0 0 0 0
<206084> <hasProgressionRelapseAssessment_hasEpisode> <TL_1> 1 1 1 1
<201640> <hasProgressionRelapseAssessment_hasEpisode> <TL_2> 1 1 1 1
<205588> <hasProgressionRelapseAssessment_hasEpisode> <TL_1> 1 1 1 1
<208703> <hasProgressionRelapseAssessment_hasEpisode> <TL_1> 1 1 1 1
<202358> <hasProgressionRelapseAssessment_hasEpisode> <TL_2> 1 1 1 1
<203547> <hasProgressionRelapseAssessment_hasEpisode> <TL_2> 1 1 1 1
<209149> <hasProgressionRelapseAssessment_hasEpisode> <TL_2> 1 1 1 1
<2100832> <hasProgressionRelapseAssessment_hasEpisode> <TL_4> 1 1 1 1
<15715011> <hasProgressionRelapseAssessment_hasEpisode> <TL_3> 1 1 1 1
<203602> <hasProgressionRelapseAssessment_hasEpisode> <TL_3> 1 1 1 1
<201915> <hasProgressionRelapseAssessment_hasEpisode> <TL_3> 1 1 1 1
<208265> <hasProgressionRelapseAssessment_hasEpisode> <TL_3> 1 1 1 1
<207000> <hasProgressionRelapseAssessment_hasEpisode> <TL_3> 1 1 1 1
<201637> <hasProgressionRelapseAssessment_hasEpisode> <TL_3> 1 1 1 1
<203549> <hasProgressionRelapseAssessment_hasEpisode> <TL_3> 1 1 1 1
<203522> <hasProgressionRelapseAssessment_hasEpisode> <TL_3> 1 1 1 1
<203634> <hasProgressionRelapseAssessment_hasEpisode> <TL_3> 1 1 1 1
<201560> <hasProgressionRelapseAssessment_hasEpisode> <TL_3> 1 1 1 1
<207982> <hasProgressionRelapseAssessment_hasEpisode> <TL_3> 1 1 1 1
<203197> <hasProgressionRelapseAssessment_hasEpisode> <TL_2> 1 1 1 1
<202405> <hasProgressionRelapseAssessment_hasEpisode> <TL_2> 1 1 1 1
<201840> <hasProgressionRelapseAssessment_hasEpisode> <TL_1> 1 1 1 1
<206804> <hasProgressionRelapseAssessment_hasEpisode> <TL_2> 1 1 1 1
<202056> <hasProgressionRelapseAssessment_hasEpisode> <TL_1> 1 1 1 1
<211462> <hasProgressionRelapseAssessment_hasEpisode> <TL_1> 1 1 1 1
<210007> <hasProgressionRelapseAssessment_hasEpisode> <TL_3> 1 1 1 1
<201712> <hasProgressionRelapseAssessment_hasEpisode> <TL_3> 1 1 1 1
<211520> <hasProgressionRelapseAssessment_hasEpisode> <TL_3> 1 1 1 1
<208568> <hasProgressionRelapseAssessment_hasEpisode> <TL_5> 1 1 1 1
<2107511> <hasProgressionRelapseAssessment_hasEpisode> <TL_2> 1 1 1 1
<212088> <hasProgressionRelapseAssessment_hasEpisode> <TL_2> 0 0 0 0
<212276> <hasProgressionRelapseAssessment_hasEpisode> <TL_1> 0 0 0 0
<2300373> <hasProgressionRelapseAssessment_hasEpisode> <TL_2> 1 1 1 1
<2303056> <hasProgressionRelapseAssessment_hasEpisode> <TL_4> 1 1 1 1
<2408589> <hasProgressionRelapseAssessment_hasEpisode> <TL_1> 1 1 1 1
<2804208> <hasProgressionRelapseAssessment_hasEpisode> <TL_1> 1 1 1 1
<214544> <hasProgressionRelapseAssessment_hasEpisode> <TL_1> 1 1 1 1
<2304235> <hasProgressionRelapseAssessment_hasEpisode> <TL_1> 1 1 1 1
<211381> <hasProgressionRelapseAssessment_hasEpisode> <TL_2> 1 1 1 1
<2300023> <hasProgressionRelapseAssessment_hasEpisode> <TL_2> 1 1 1 1
<214544> <hasProgressionRelapseAssessment_hasEpisode> <TL_4> 1 1 1 1
<215268> <hasProgressionRelapseAssessment_hasEpisode> <TL_2> 0 0 0 0
<2304630> <hasProgressionRelapseAssessment_hasEpisode> <TL_1> 1 1 1 1
<2115500> <hasProgressionRelapseAssessment_hasEpisode> <TL_2> 1 1 1 1
<210387> <hasProgressionRelapseAssessment_hasEpisode> <TL_2> 1 1 1 1
<2105967> <hasProgressionRelapseAssessment_hasEpisode> <TL_2> 1 1 1 1
<2114409> <hasProgressionRelapseAssessment_hasEpisode> <TL_2> 1 1 1 1
<212178> <hasProgressionRelapseAssessment_hasEpisode> <TL_1> 1 1 1 1
<2305022> <hasProgressionRelapseAssessment_hasEpisode> <TL_4> 1 1 1 1
<2305899> <hasProgressionRelapseAssessment_hasEpisode> <TL_2> 1 1 1 1
<2101040> <hasProgressionRelapseAssessment_hasEpisode> <TL_1> 1 1 1 1
<2102392> <hasProgressionRelapseAssessment_hasEpisode> <TL_1> 1 1 1 1
<2309807> <hasProgressionRelapseAssessment_hasEpisode> <TL_1> 1 1 1 1
<2304455> <hasProgressionRelapseAssessment_hasEpisode> <TL_2> 0 0 0 0
<210448> <hasProgressionRelapseAssessment_hasEpisode> <TL_4> 1 1 1 1
<2107286> <hasProgressionRelapseAssessment_hasEpisode> <TL_1> 1 1 1 1
<211282> <hasProgressionRelapseAssessment_hasEpisode> <TL_1> 1 1 1 1
<2300001> <hasProgressionRelapseAssessment_hasEpisode> <TL_1> 1 1 1 1
<2305000> <hasProgressionRelapseAssessment_hasEpisode> <TL_2> 1 1 1 1
<217105> <hasProgressionRelapseAssessment_hasEpisode> <TL_1> 1 1 1 1
<2311675> <hasProgressionRelapseAssessment_hasEpisode> <TL_1> 1 1 1 1
<2108762> <hasProgressionRelapseAssessment_hasEpisode> <TL_1> 0 0 0 0
<2103584> <hasProgressionRelapseAssessment_hasEpisode> <TL_1> 1 1 1 1
<2312909> <hasProgressionRelapseAssessment_hasEpisode> <TL_1> 1 1 1 1
<2300123> <hasProgressionRelapseAssessment_hasEpisode> <TL_4> 1 1 1 1
<2300021> <hasProgressionRelapseAssessment_hasEpisode> <TL_5> 1 1 1 1
<2101432> <hasProgressionRelapseAssessment_hasEpisode> <TL_1> 1 1 1 1
<2305150> <hasProgressionRelapseAssessment_hasEpisode> <TL_1> 1 1 1 1
<2305869> <hasProgressionRelapseAssessment_hasEpisode> <TL_3> 1 1 1 1
<2408590> <hasProgressionRelapseAssessment_hasEpisode> <TL_3> 1 1 1 1
<2305753> <hasProgressionRelapseAssessment_hasEpisode> <TL_3> 1 1 1 1
<2304825> <hasProgressionRelapseAssessment_hasEpisode> <TL_3> 1 1 1 1
<2311652> <hasProgressionRelapseAssessment_hasEpisode> <TL_3> 1 1 1 1
<212208> <hasProgressionRelapseAssessment_hasEpisode> <TL_3> 0 0 0 0
<215382> <hasProgressionRelapseAssessment_hasEpisode> <TL_3> 1 1 1 1
<2305140> <hasProgressionRelapseAssessment_hasEpisode> <TL_6> 1 1 1 1
<2101029> <hasProgressionRelapseAssessment_hasEpisode> <TL_1> 0 0 0 0
<210444> <hasProgressionRelapseAssessment_hasEpisode> <TL_1> 1 1 1 1
<2813118> <hasProgressionRelapseAssessment_hasEpisode> <TL_2> 1 1 1 1
<2813154> <hasProgressionRelapseAssessment_hasEpisode> <TL_1> 1 1 1 1
<2813592> <hasProgressionRelapseAssessment_hasEpisode> <TL_1> 1 1 1 1
<2815683> <hasProgressionRelapseAssessment_hasEpisode> <TL_1> 1 1 1 1
<3105906> <hasProgressionRelapseAssessment_hasEpisode> <TL_2> 1 1 1 1
<312304> <hasProgressionRelapseAssessment_hasEpisode> <TL_2> 1 1 1 1
<3404493> <hasProgressionRelapseAssessment_hasEpisode> <TL_1> 1 1 1 1
<3408821> <hasProgressionRelapseAssessment_hasEpisode> <TL_1> 1 1 1 1
<3505626> <hasProgressionRelapseAssessment_hasEpisode> <TL_2> 1 1 1 1
<3505880> <hasProgressionRelapseAssessment_hasEpisode> <TL_2> 1 1 1 1
<2816460> <hasProgressionRelapseAssessment_hasEpisode> <TL_1> 1 1 1 1
<3000395> <hasProgressionRelapseAssessment_hasEpisode> <TL_1> 0 0 0 0
<2811954> <hasProgressionRelapseAssessment_hasEpisode> <TL_3> 0 0 0 0
<2806200> <hasProgressionRelapseAssessment_hasEpisode> <TL_3> 1 1 1 1
<302640> <hasProgressionRelapseAssessment_hasEpisode> <TL_3> 1 1 1 1
<3505948> <hasProgressionRelapseAssessment_hasEpisode> <TL_3> 1 1 1 1
<2815904> <hasProgressionRelapseAssessment_hasEpisode> <TL_1> 1 1 1 1
<301087> <hasProgressionRelapseAssessment_hasEpisode> <TL_1> 1 1 1 1
<3405218> <hasProgressionRelapseAssessment_hasEpisode> <TL_1> 1 1 1 1
<312921> <hasProgressionRelapseAssessment_hasEpisode> <TL_1> 1 1 1 1
<300256> <hasProgressionRelapseAssessment_hasEpisode> <TL_2> 0 0 0 0
<3405563> <hasProgressionRelapseAssessment_hasEpisode> <TL_1> 1 1 1 1
<2900494> <hasProgressionRelapseAssessment_hasEpisode> <TL_1> 1 1 1 1
<3307035> <hasProgressionRelapseAssessment_hasEpisode> <TL_2> 1 1 1 1
<3507662> <hasProgressionRelapseAssessment_hasEpisode> <TL_1> 1 1 1 1
<2815302> <hasProgressionRelapseAssessment_hasEpisode> <TL_4> 1 1 1 1
<3307031> <hasProgressionRelapseAssessment_hasEpisode> <TL_1> 1 1 1 1
<3404439> <hasProgressionRelapseAssessment_hasEpisode> <TL_1> 1 1 1 1
<300400> <hasProgressionRelapseAssessment_hasEpisode> <TL_1> 1 1 1 1
<3000763> <hasProgressionRelapseAssessment_hasEpisode> <TL_1> 1 1 1 1
<3404321> <hasProgressionRelapseAssessment_hasEpisode> <TL_2> 1 1 1 1
<300328> <hasProgressionRelapseAssessment_hasEpisode> <TL_1> 1 1 1 1
<311784> <hasProgressionRelapseAssessment_hasEpisode> <TL_1> 1 1 1 1
<3413980> <hasProgressionRelapseAssessment_hasEpisode> <TL_1> 1 1 1 1
<2911843> <hasProgressionRelapseAssessment_hasEpisode> <TL_2> 0 0 0 0
<3306043> <hasProgressionRelapseAssessment_hasEpisode> <TL_2> 1 1 1 1
<2812588> <hasProgressionRelapseAssessment_hasEpisode> <TL_1> 1 1 1 1
<2809990> <hasProgressionRelapseAssessment_hasEpisode> <TL_2> 1 1 1 1
<3412055> <hasProgressionRelapseAssessment_hasEpisode> <TL_4> 1 1 1 1
<2806200> <hasProgressionRelapseAssessment_hasEpisode> <TL_5> 0 0 0 0
<304782> <hasProgressionRelapseAssessment_hasEpisode> <TL_1> 1 1 1 1
<3404558> <hasProgressionRelapseAssessment_hasEpisode> <TL_1> 1 1 1 1
<3507404> <hasProgressionRelapseAssessment_hasEpisode> <TL_3> 1 1 1 1
<300320> <hasProgressionRelapseAssessment_hasEpisode> <TL_3> 1 1 1 1
<3316703> <hasProgressionRelapseAssessment_hasEpisode> <TL_3> 1 1 1 1
<2903704> <hasProgressionRelapseAssessment_hasEpisode> <TL_3> 1 1 1 1
<3505864> <hasProgressionRelapseAssessment_hasEpisode> <TL_1> 1 1 1 1
<3307211> <hasProgressionRelapseAssessment_hasEpisode> <TL_2> 1 1 1 1
<2903118> <hasProgressionRelapseAssessment_hasEpisode> <TL_1> 1 1 1 1
<300467> <hasProgressionRelapseAssessment_hasEpisode> <TL_1> 1 1 1 1
<3405323> <hasProgressionRelapseAssessment_hasEpisode> <TL_1> 0 0 0 0
<3510752> <hasProgressionRelapseAssessment_hasEpisode> <TL_2> 1 1 1 1
<3511076> <hasProgressionRelapseAssessment_hasEpisode> <TL_4> 1 1 1 1
<407503> <hasProgressionRelapseAssessment_hasEpisode> <TL_1> 1 1 1 1
<3709157> <hasProgressionRelapseAssessment_hasEpisode> <TL_1> 1 1 1 1
<407663> <hasProgressionRelapseAssessment_hasEpisode> <TL_1> 1 1 1 1
<409363> <hasProgressionRelapseAssessment_hasEpisode> <TL_1> 1 1 1 1
<409577> <hasProgressionRelapseAssessment_hasEpisode> <TL_1> 1 1 1 1
<409593> <hasProgressionRelapseAssessment_hasEpisode> <TL_1> 1 1 1 1
<413029> <hasProgressionRelapseAssessment_hasEpisode> <TL_2> 1 1 1 1
<407634> <hasProgressionRelapseAssessment_hasEpisode> <TL_2> 1 1 1 1
<411064> <hasProgressionRelapseAssessment_hasEpisode> <TL_1> 1 1 1 1
<410079> <hasProgressionRelapseAssessment_hasEpisode> <TL_1> 1 1 1 1
<3510861> <hasProgressionRelapseAssessment_hasEpisode> <TL_1> 1 1 1 1
<3510580> <hasProgressionRelapseAssessment_hasEpisode> <TL_2> 1 1 1 1
<409600> <hasProgressionRelapseAssessment_hasEpisode> <TL_2> 1 1 1 1
<3508801> <hasProgressionRelapseAssessment_hasEpisode> <TL_1> 1 1 1 1
<3511291> <hasProgressionRelapseAssessment_hasEpisode> <TL_1> 1 1 1 1
<409501> <hasProgressionRelapseAssessment_hasEpisode> <TL_2> 1 1 1 1
<3508631> <hasProgressionRelapseAssessment_hasEpisode> <TL_5> 1 1 1 1
<3509823> <hasProgressionRelapseAssessment_hasEpisode> <TL_2> 1 1 1 1
<409697> <hasProgressionRelapseAssessment_hasEpisode> <TL_1> 1 1 1 1
<412995> <hasProgressionRelapseAssessment_hasEpisode> <TL_2> 1 1 1 1
<413287> <hasProgressionRelapseAssessment_hasEpisode> <TL_4> 1 1 1 1
<3511062> <hasProgressionRelapseAssessment_hasEpisode> <TL_3> 1 1 1 1
<3508583> <hasProgressionRelapseAssessment_hasEpisode> <TL_3> 1 1 1 1
<409442> <hasProgressionRelapseAssessment_hasEpisode> <TL_3> 1 1 1 1
<3508916> <hasProgressionRelapseAssessment_hasEpisode> <TL_3> 1 1 1 1
<410010> <hasProgressionRelapseAssessment_hasEpisode> <TL_3> 1 1 1 1
<409954> <hasProgressionRelapseAssessment_hasEpisode> <TL_3> 1 1 1 1
<407633> <hasProgressionRelapseAssessment_hasEpisode> <TL_3> 1 1 1 1
<3712397> <hasProgressionRelapseAssessment_hasEpisode> <TL_2> 1 1 1 1
<407634> <hasProgressionRelapseAssessment_hasEpisode> <TL_5> 1 1 1 1
<409450> <hasProgressionRelapseAssessment_hasEpisode> <TL_1> 1 1 1 1
<409561> <hasProgressionRelapseAssessment_hasEpisode> <TL_2> 1 1 1 1
<415879> <hasProgressionRelapseAssessment_hasEpisode> <TL_2> 1 1 1 1
<412010> <hasProgressionRelapseAssessment_hasEpisode> <TL_2> 1 1 1 1
<3704658> <hasProgressionRelapseAssessment_hasEpisode> <TL_1> 1 1 1 1
<410368> <hasProgressionRelapseAssessment_hasEpisode> <TL_1> 1 1 1 1
<415875> <hasProgressionRelapseAssessment_hasEpisode> <TL_2> 0 0 0 0
<416068> <hasProgressionRelapseAssessment_hasEpisode> <TL_2> 1 1 1 1
<416705> <hasProgressionRelapseAssessment_hasEpisode> <TL_1> 1 1 1 1
<417135> <hasProgressionRelapseAssessment_hasEpisode> <TL_4> 1 1 1 1
<4305874> <hasProgressionRelapseAssessment_hasEpisode> <TL_2> 1 1 1 1
<4600306> <hasProgressionRelapseAssessment_hasEpisode> <TL_1> 1 1 1 1
<410223> <hasProgressionRelapseAssessment_hasEpisode> <TL_3> 1 1 1 1
<410271> <hasProgressionRelapseAssessment_hasEpisode> <TL_3> 1 1 1 1
<3510955> <hasProgressionRelapseAssessment_hasEpisode> <TL_3> 1 1 1 1
<417587> <hasProgressionRelapseAssessment_hasEpisode> <TL_1> 1 1 1 1
<4910625> <hasProgressionRelapseAssessment_hasEpisode> <TL_1> 0 0 0 0
<4910952> <hasProgressionRelapseAssessment_hasEpisode> <TL_1> 1 1 1 1
<4911130> <hasProgressionRelapseAssessment_hasEpisode> <TL_1> 1 1 1 1
<503298> <hasProgressionRelapseAssessment_hasEpisode> <TL_2> 1 1 1 1
<503928> <hasProgressionRelapseAssessment_hasEpisode> <TL_2> 1 1 1 1
<504131> <hasProgressionRelapseAssessment_hasEpisode> <TL_2> 1 1 1 1
<4910913> <hasProgressionRelapseAssessment_hasEpisode> <TL_2> 1 1 1 1
<4911265> <hasProgressionRelapseAssessment_hasEpisode> <TL_2> 1 1 1 1
<4910889> <hasProgressionRelapseAssessment_hasEpisode> <TL_1> 1 1 1 1
<4910907> <hasProgressionRelapseAssessment_hasEpisode> <TL_1> 1 1 1 1
<501230> <hasProgressionRelapseAssessment_hasEpisode> <TL_1> 1 1 1 1
<4605947> <hasProgressionRelapseAssessment_hasEpisode> <TL_1> 1 1 1 1
<417284> <hasProgressionRelapseAssessment_hasEpisode> <TL_1> 1 1 1 1
<415975> <hasProgressionRelapseAssessment_hasEpisode> <TL_2> 1 1 1 1
<4910633> <hasProgressionRelapseAssessment_hasEpisode> <TL_1> 1 1 1 1
<501331> <hasProgressionRelapseAssessment_hasEpisode> <TL_1> 1 1 1 1
<503910> <hasProgressionRelapseAssessment_hasEpisode> <TL_2> 1 1 1 1
<504064> <hasProgressionRelapseAssessment_hasEpisode> <TL_1> 1 1 1 1
<507801> <hasProgressionRelapseAssessment_hasEpisode> <TL_1> 0 0 0 0
<416774> <hasProgressionRelapseAssessment_hasEpisode> <TL_6> 0 0 0 0
<4910929> <hasProgressionRelapseAssessment_hasEpisode> <TL_2> 1 1 1 1
<503928> <hasProgressionRelapseAssessment_hasEpisode> <TL_5> 1 1 1 1
<503289> <hasProgressionRelapseAssessment_hasEpisode> <TL_2> 1 1 1 1
<503172> <hasProgressionRelapseAssessment_hasEpisode> <TL_1> 1 1 1 1
<416055> <hasProgressionRelapseAssessment_hasEpisode> <TL_1> 1 1 1 1
<4305619> <hasProgressionRelapseAssessment_hasEpisode> <TL_1> 1 1 1 1
<417061> <hasProgressionRelapseAssessment_hasEpisode> <TL_1> 1 1 1 1
<503841> <hasProgressionRelapseAssessment_hasEpisode> <TL_1> 1 1 1 1
<4313208> <hasProgressionRelapseAssessment_hasEpisode> <TL_4> 1 1 1 1
<4911147> <hasProgressionRelapseAssessment_hasEpisode> <TL_7> 1 1 1 1
<503920> <hasProgressionRelapseAssessment_hasEpisode> <TL_1> 0 0 0 0
<501315> <hasProgressionRelapseAssessment_hasEpisode> <TL_1> 1 1 1 1
<4602355> <hasProgressionRelapseAssessment_hasEpisode> <TL_1> 0 0 0 0
<4911217> <hasProgressionRelapseAssessment_hasEpisode> <TL_1> 0 0 0 0
<417011> <hasProgressionRelapseAssessment_hasEpisode> <TL_1> 0 0 0 0
<416418> <hasProgressionRelapseAssessment_hasEpisode> <TL_1> 1 1 1 1
<4911124> <hasProgressionRelapseAssessment_hasEpisode> <TL_1> 1 1 1 1
<507614> <hasProgressionRelapseAssessment_hasEpisode> <TL_3> 1 1 1 1
<501219> <hasProgressionRelapseAssessment_hasEpisode> <TL_3> 1 1 1 1
<503398> <hasProgressionRelapseAssessment_hasEpisode> <TL_3> 1 1 1 1
<507792> <hasProgressionRelapseAssessment_hasEpisode> <TL_4> 1 1 1 1
<503294> <hasProgressionRelapseAssessment_hasEpisode> <TL_1> 1 1 1 1
<507512> <hasProgressionRelapseAssessment_hasEpisode> <TL_1> 1 1 1 1
<501237> <hasProgressionRelapseAssessment_hasEpisode> <TL_2> 1 1 1 1
<501229> <hasProgressionRelapseAssessment_hasEpisode> <TL_1> 1 1 1 1
<417588> <hasProgressionRelapseAssessment_hasEpisode> <TL_1> 1 1 1 1
<4910882> <hasProgressionRelapseAssessment_hasEpisode> <TL_1> 1 1 1 1
<4605637> <hasProgressionRelapseAssessment_hasEpisode> <TL_2> 1 1 1 1
<503174> <hasProgressionRelapseAssessment_hasEpisode> <TL_2> 1 1 1 1
<507875> <hasProgressionRelapseAssessment_hasEpisode> <TL_1> 0 0 0 0
<501249> <hasProgressionRelapseAssessment_hasEpisode> <TL_1> 1 1 1 1
<507800> <hasProgressionRelapseAssessment_hasEpisode> <TL_1> 1 1 1 1
<504130> <hasProgressionRelapseAssessment_hasEpisode> <TL_5> 1 1 1 1
<501265> <hasProgressionRelapseAssessment_hasEpisode> <TL_1> 1 1 1 1
<508228> <hasProgressionRelapseAssessment_hasEpisode> <TL_2> 1 1 1 1
<508512> <hasProgressionRelapseAssessment_hasEpisode> <TL_2> 1 1 1 1
<508965> <hasProgressionRelapseAssessment_hasEpisode> <TL_1> 1 1 1 1
<509007> <hasProgressionRelapseAssessment_hasEpisode> <TL_2> 1 1 1 1
<5103144> <hasProgressionRelapseAssessment_hasEpisode> <TL_4> 1 1 1 1
<5103802> <hasProgressionRelapseAssessment_hasEpisode> <TL_1> 1 1 1 1
<5103777> <hasProgressionRelapseAssessment_hasEpisode> <TL_2> 1 1 1 1
<5104228> <hasProgressionRelapseAssessment_hasEpisode> <TL_2> 1 1 1 1
<5104536> <hasProgressionRelapseAssessment_hasEpisode> <TL_1> 1 1 1 1
<5102827> <hasProgressionRelapseAssessment_hasEpisode> <TL_2> 0 0 0 0
<5104260> <hasProgressionRelapseAssessment_hasEpisode> <TL_3> 1 1 1 1
<508061> <hasProgressionRelapseAssessment_hasEpisode> <TL_1> 1 1 1 1
<5103361> <hasProgressionRelapseAssessment_hasEpisode> <TL_2> 1 1 1 1
<509054> <hasProgressionRelapseAssessment_hasEpisode> <TL_1> 1 1 1 1
<5104815> <hasProgressionRelapseAssessment_hasEpisode> <TL_6> 1 1 1 1
<5106267> <hasProgressionRelapseAssessment_hasEpisode> <TL_2> 1 1 1 1
<5106369> <hasProgressionRelapseAssessment_hasEpisode> <TL_1> 1 1 1 1
<5106571> <hasProgressionRelapseAssessment_hasEpisode> <TL_2> 1 1 1 1
<5106961> <hasProgressionRelapseAssessment_hasEpisode> <TL_1> 1 1 1 1
<5107114> <hasProgressionRelapseAssessment_hasEpisode> <TL_1> 1 1 1 1
<5109610> <hasProgressionRelapseAssessment_hasEpisode> <TL_2> 1 1 1 1
<5115288> <hasProgressionRelapseAssessment_hasEpisode> <TL_2> 1 1 1 1
<512556> <hasProgressionRelapseAssessment_hasEpisode> <TL_2> 1 1 1 1
<5104815> <hasProgressionRelapseAssessment_hasEpisode> <TL_7> 0 0 0 0
<5106286> <hasProgressionRelapseAssessment_hasEpisode> <TL_4> 1 1 1 1
<508273> <hasProgressionRelapseAssessment_hasEpisode> <TL_1> 0 0 0 0
<5109298> <hasProgressionRelapseAssessment_hasEpisode> <TL_2> 1 1 1 1
<5117583> <hasProgressionRelapseAssessment_hasEpisode> <TL_1> 1 1 1 1
<5104669> <hasProgressionRelapseAssessment_hasEpisode> <TL_1> 0 0 0 0
<5106150> <hasProgressionRelapseAssessment_hasEpisode> <TL_2> 1 1 1 1
<5107402> <hasProgressionRelapseAssessment_hasEpisode> <TL_2> 1 1 1 1
<512430> <hasProgressionRelapseAssessment_hasEpisode> <TL_1> 1 1 1 1
<5106286> <hasProgressionRelapseAssessment_hasEpisode> <TL_1> 1 1 1 1
<5104605> <hasProgressionRelapseAssessment_hasEpisode> <TL_1> 1 1 1 1
<508543> <hasProgressionRelapseAssessment_hasEpisode> <TL_1> 1 1 1 1
<509322> <hasProgressionRelapseAssessment_hasEpisode> <TL_1> 1 1 1 1
<5104921> <hasProgressionRelapseAssessment_hasEpisode> <TL_1> 1 1 1 1
<508450> <hasProgressionRelapseAssessment_hasEpisode> <TL_2> 1 1 1 1
<5114583> <hasProgressionRelapseAssessment_hasEpisode> <TL_1> 1 1 1 1
<5109518> <hasProgressionRelapseAssessment_hasEpisode> <TL_2> 1 1 1 1
<5105123> <hasProgressionRelapseAssessment_hasEpisode> <TL_2> 1 1 1 1
<5103515> <hasProgressionRelapseAssessment_hasEpisode> <TL_3> 1 1 1 1
<5107717> <hasProgressionRelapseAssessment_hasEpisode> <TL_1> 1 1 1 1
<5104641> <hasProgressionRelapseAssessment_hasEpisode> <TL_2> 1 1 1 1
<5102976> <hasProgressionRelapseAssessment_hasEpisode> <TL_4> 1 1 1 1
<5110386> <hasProgressionRelapseAssessment_hasEpisode> <TL_4> 1 1 1 1
<5103342> <hasProgressionRelapseAssessment_hasEpisode> <TL_1> 1 1 1 1
<513155> <hasProgressionRelapseAssessment_hasEpisode> <TL_1> 1 1 1 1
<513582> <hasProgressionRelapseAssessment_hasEpisode> <TL_2> 1 1 1 1
<513739> <hasProgressionRelapseAssessment_hasEpisode> <TL_6> 1 1 1 1
<513964> <hasProgressionRelapseAssessment_hasEpisode> <TL_5> 1 1 1 1
<514021> <hasProgressionRelapseAssessment_hasEpisode> <TL_2> 1 1 1 1
<514203> <hasProgressionRelapseAssessment_hasEpisode> <TL_1> 1 1 1 1
<514363> <hasProgressionRelapseAssessment_hasEpisode> <TL_1> 0 0 0 0
<514416> <hasProgressionRelapseAssessment_hasEpisode> <TL_1> 1 1 1 1
<514446> <hasProgressionRelapseAssessment_hasEpisode> <TL_1> 1 1 1 1
<515707> <hasProgressionRelapseAssessment_hasEpisode> <TL_2> 1 1 1 1
<5302665> <hasProgressionRelapseAssessment_hasEpisode> <TL_1> 1 1 1 1
<5305704> <hasProgressionRelapseAssessment_hasEpisode> <TL_2> 0 0 0 0
<5305803> <hasProgressionRelapseAssessment_hasEpisode> <TL_2> 1 1 1 1
<516257> <hasProgressionRelapseAssessment_hasEpisode> <TL_7> 1 1 1 1
<516173> <hasProgressionRelapseAssessment_hasEpisode> <TL_1> 1 1 1 1
<516603> <hasProgressionRelapseAssessment_hasEpisode> <TL_1> 1 1 1 1
<5305674> <hasProgressionRelapseAssessment_hasEpisode> <TL_1> 0 0 0 0
<5305643> <hasProgressionRelapseAssessment_hasEpisode> <TL_1> 0 0 0 0
<513945> <hasProgressionRelapseAssessment_hasEpisode> <TL_1> 1 1 1 1
<5305826> <hasProgressionRelapseAssessment_hasEpisode> <TL_2> 1 1 1 1
<5313163> <hasProgressionRelapseAssessment_hasEpisode> <TL_1> 1 1 1 1
<5314165> <hasProgressionRelapseAssessment_hasEpisode> <TL_1> 1 1 1 1
<5314514> <hasProgressionRelapseAssessment_hasEpisode> <TL_1> 0 0 0 0
<5315119> <hasProgressionRelapseAssessment_hasEpisode> <TL_1> 1 1 1 1
<5316061> <hasProgressionRelapseAssessment_hasEpisode> <TL_1> 1 1 1 1
<5316568> <hasProgressionRelapseAssessment_hasEpisode> <TL_2> 1 1 1 1
<513377> <hasProgressionRelapseAssessment_hasEpisode> <TL_1> 1 1 1 1
<514133> <hasProgressionRelapseAssessment_hasEpisode> <TL_1> 1 1 1 1
<5316594> <hasProgressionRelapseAssessment_hasEpisode> <TL_1> 1 1 1 1
<514276> <hasProgressionRelapseAssessment_hasEpisode> <TL_3> 1 1 1 1
<5316058> <hasProgressionRelapseAssessment_hasEpisode> <TL_3> 1 1 1 1
<516779> <hasProgressionRelapseAssessment_hasEpisode> <TL_3> 1 1 1 1
<516258> <hasProgressionRelapseAssessment_hasEpisode> <TL_1> 1 1 1 1
<5315826> <hasProgressionRelapseAssessment_hasEpisode> <TL_1> 1 1 1 1
<5314297> <hasProgressionRelapseAssessment_hasEpisode> <TL_1> 1 1 1 1
<5316213> <hasProgressionRelapseAssessment_hasEpisode> <TL_1> 1 1 1 1
<515839> <hasProgressionRelapseAssessment_hasEpisode> <TL_1> 1 1 1 1
<5304660> <hasProgressionRelapseAssessment_hasEpisode> <TL_2> 1 1 1 1
<5315920> <hasProgressionRelapseAssessment_hasEpisode> <TL_1> 1 1 1 1
<5313372> <hasProgressionRelapseAssessment_hasEpisode> <TL_1> 1 1 1 1
<514112> <hasProgressionRelapseAssessment_hasEpisode> <TL_1> 0 0 0 0
<5314654> <hasProgressionRelapseAssessment_hasEpisode> <TL_1> 1 1 1 1
<5316046> <hasProgressionRelapseAssessment_hasEpisode> <TL_1> 1 1 1 1
<6301765> <hasProgressionRelapseAssessment_hasEpisode> <TL_4> 1 1 1 1
<6305100> <hasProgressionRelapseAssessment_hasEpisode> <TL_1> 0 0 0 0
<6316488> <hasProgressionRelapseAssessment_hasEpisode> <TL_1> 1 1 1 1
<6316991> <hasProgressionRelapseAssessment_hasEpisode> <TL_1> 1 1 1 1
<7000476> <hasProgressionRelapseAssessment_hasEpisode> <TL_1> 1 1 1 1
<702153> <hasProgressionRelapseAssessment_hasEpisode> <TL_2> 1 1 1 1
<702908> <hasProgressionRelapseAssessment_hasEpisode> <TL_5> 1 1 1 1
<707547> <hasProgressionRelapseAssessment_hasEpisode> <TL_1> 1 1 1 1
<5502774> <hasProgressionRelapseAssessment_hasEpisode> <TL_1> 0 0 0 0
<6300240> <hasProgressionRelapseAssessment_hasEpisode> <TL_1> 1 1 1 1
<7012914> <hasProgressionRelapseAssessment_hasEpisode> <TL_1> 1 1 1 1
<5511026> <hasProgressionRelapseAssessment_hasEpisode> <TL_1> 1 1 1 1
<6300481> <hasProgressionRelapseAssessment_hasEpisode> <TL_4> 1 1 1 1
<704901> <hasProgressionRelapseAssessment_hasEpisode> <TL_2> 0 0 0 0
<8311456> <hasProgressionRelapseAssessment_hasEpisode> <TL_1> 1 1 1 1
<6312757> <hasProgressionRelapseAssessment_hasEpisode> <TL_1> 1 1 1 1
<701792> <hasProgressionRelapseAssessment_hasEpisode> <TL_1> 1 1 1 1
<916876> <hasProgressionRelapseAssessment_hasEpisode> <TL_1> 1 1 1 1
<917440> <hasProgressionRelapseAssessment_hasEpisode> <TL_1> 1 1 1 1
<5506993> <hasProgressionRelapseAssessment_hasEpisode> <TL_2> 0 0 0 0
<9414083> <hasProgressionRelapseAssessment_hasEpisode> <TL_1> 1 1 1 1
<916897> <hasProgressionRelapseAssessment_hasEpisode> <TL_1> 1 1 1 1
<6315712> <hasProgressionRelapseAssessment_hasEpisode> <TL_1> 1 1 1 1
<6315972> <hasProgressionRelapseAssessment_hasEpisode> <TL_1> 1 1 1 1
<6400531> <hasProgressionRelapseAssessment_hasEpisode> <TL_1> 1 1 1 1
<6317432> <hasProgressionRelapseAssessment_hasEpisode> <TL_2> 1 1 1 1
<9409569> <hasProgressionRelapseAssessment_hasEpisode> <TL_1> 1 1 1 1
<6311629> <hasProgressionRelapseAssessment_hasEpisode> <TL_1> 1 1 1 1
<6311704> <hasProgressionRelapseAssessment_hasEpisode> <TL_1> 1 1 1 1
<5511005> <hasProgressionRelapseAssessment_hasEpisode> <TL_5> 1 1 1 1
<6312736> <hasProgressionRelapseAssessment_hasEpisode> <TL_1> 1 1 1 1
<7105924> <hasProgressionRelapseAssessment_hasEpisode> <TL_1> 1 1 1 1
<6311504> <hasProgressionRelapseAssessment_hasEpisode> <TL_1> 1 1 1 1
<9415650> <hasProgressionRelapseAssessment_hasEpisode> <TL_1> 1 1 1 1
<6300095> <hasProgressionRelapseAssessment_hasEpisode> <TL_1> 1 1 1 1
<6402742> <hasProgressionRelapseAssessment_hasEpisode> <TL_1> 1 1 1 1
<7000612> <hasProgressionRelapseAssessment_hasEpisode> <TL_2> 0 0 0 0
<906998> <hasProgressionRelapseAssessment_hasEpisode> <TL_2> 1 1 1 1
<9408690> <hasProgressionRelapseAssessment_hasEpisode> <TL_1> 1 1 1 1
<909723> <hasProgressionRelapseAssessment_hasEpisode> <TL_2> 1 1 1 1
<8306657> <hasProgressionRelapseAssessment_hasEpisode> <TL_3> 1 1 1 1
<6312695> <hasProgressionRelapseAssessment_hasEpisode> <TL_3> 1 1 1 1
<901903> <hasProgressionRelapseAssessment_hasEpisode> <TL_3> 1 1 1 1
<6315907> <hasProgressionRelapseAssessment_hasEpisode> <TL_2> 1 1 1 1
<7005931> <hasProgressionRelapseAssessment_hasEpisode> <TL_2> 1 1 1 1
<701731> <hasProgressionRelapseAssessment_hasEpisode> <TL_1> 0 0 0 0
<7216329> <hasProgressionRelapseAssessment_hasEpisode> <TL_1> 1 1 1 1
<1213657> <hasProgressionRelapseAssessment_hasEpisode> <TL_1> 0 0 0 0
<1306209> <hasProgressionRelapseAssessment_hasEpisode> <TL_1> 1 1 1 1
<212407> <hasProgressionRelapseAssessment_hasEpisode> <TL_1> 1 1 1 1
<412014> <hasProgressionRelapseAssessment_hasEpisode> <TL_1> 1 1 1 1
<512776> <hasProgressionRelapseAssessment_hasEpisode> <TL_1> 1 1 1 1
<101502> <hasProgressionRelapseAssessment_hasEpisode> <TL_3> 1 1 1 1
<110350> <hasProgressionRelapseAssessment_hasEpisode> <TL_3> 0 0 0 0
<108322> <hasProgressionRelapseAssessment_hasEpisode> <TL_3> 1 1 1 1
<1214686> <hasProgressionRelapseAssessment_hasEpisode> <TL_3> 1 1 1 1
<2902534> <hasProgressionRelapseAssessment_hasEpisode> <TL_3> 0 0 0 0
<3704467> <hasProgressionRelapseAssessment_hasEpisode> <TL_3> 1 1 1 1
<513741> <hasProgressionRelapseAssessment_hasEpisode> <TL_8> 1 1 1 1
<6313379> <hasProgressionRelapseAssessment_hasEpisode> <TL_3> 1 1 1 1
<12914382> <hasProgressionRelapseAssessment_hasEpisode> <TL_3> 1 1 1 1
<2300002> <hasProgressionRelapseAssessment_hasEpisode> <TL_3> 1 1 1 1
<413883> <hasProgressionRelapseAssessment_hasEpisode> <TL_3> 1 1 1 1
<1006639> <hasProgressionRelapseAssessment_hasEpisode> <TL_1> 1 1 1 1
<101511> <hasProgressionRelapseAssessment_hasEpisode> <TL_1> 1 1 1 1
<107814> <hasProgressionRelapseAssessment_hasEpisode> <TL_1> 1 1 1 1
<108016> <hasProgressionRelapseAssessment_hasEpisode> <TL_1> 1 1 1 1
<109409> <hasProgressionRelapseAssessment_hasEpisode> <TL_4> 1 1 1 1
<110691> <hasProgressionRelapseAssessment_hasEpisode> <TL_4> 1 1 1 1
<111272> <hasProgressionRelapseAssessment_hasEpisode> <TL_1> 1 1 1 1
<1201390> <hasProgressionRelapseAssessment_hasEpisode> <TL_1> 1 1 1 1
<1213165> <hasProgressionRelapseAssessment_hasEpisode> <TL_1> 1 1 1 1
<1214875> <hasProgressionRelapseAssessment_hasEpisode> <TL_2> 1 1 1 1
<101927> <hasProgressionRelapseAssessment_hasEpisode> <TL_1> 1 1 1 1
<10612180> <hasProgressionRelapseAssessment_hasEpisode> <TL_1> 1 1 1 1
<11313453> <hasProgressionRelapseAssessment_hasEpisode> <TL_1> 1 1 1 1
<102874> <hasProgressionRelapseAssessment_hasEpisode> <TL_6> 1 1 1 1
<104464> <hasProgressionRelapseAssessment_hasEpisode> <TL_1> 1 1 1 1
<10806003> <hasProgressionRelapseAssessment_hasEpisode> <TL_2> 1 1 1 1
<11405913> <hasProgressionRelapseAssessment_hasEpisode> <TL_4> 1 1 1 1
<10600760> <hasProgressionRelapseAssessment_hasEpisode> <TL_1> 1 1 1 1
<107675> <hasProgressionRelapseAssessment_hasEpisode> <TL_2> 0 0 0 0
<1300505> <hasProgressionRelapseAssessment_hasEpisode> <TL_1> 1 1 1 1
<1215810> <hasProgressionRelapseAssessment_hasEpisode> <TL_1> 1 1 1 1
<10803745> <hasProgressionRelapseAssessment_hasEpisode> <TL_1> 1 1 1 1
<1200717> <hasProgressionRelapseAssessment_hasEpisode> <TL_2> 1 1 1 1
<111983> <hasProgressionRelapseAssessment_hasEpisode> <TL_2> 1 1 1 1
<10612184> <hasProgressionRelapseAssessment_hasEpisode> <TL_1> 1 1 1 1
<110126> <hasProgressionRelapseAssessment_hasEpisode> <TL_1> 0 0 0 0
<11405820> <hasProgressionRelapseAssessment_hasEpisode> <TL_2> 1 1 1 1
<1216759> <hasProgressionRelapseAssessment_hasEpisode> <TL_1> 1 1 1 1
<1007344> <hasProgressionRelapseAssessment_hasEpisode> <TL_1> 1 1 1 1
<101796> <hasProgressionRelapseAssessment_hasEpisode> <TL_1> 0 0 0 0
<101606> <hasProgressionRelapseAssessment_hasEpisode> <TL_1> 1 1 1 1
<10612139> <hasProgressionRelapseAssessment_hasEpisode> <TL_1> 1 1 1 1
<11405736> <hasProgressionRelapseAssessment_hasEpisode> <TL_2> 1 1 1 1
<1009259> <hasProgressionRelapseAssessment_hasEpisode> <TL_2> 1 1 1 1
<1201115> <hasProgressionRelapseAssessment_hasEpisode> <TL_1> 1 1 1 1
<1200522> <hasProgressionRelapseAssessment_hasEpisode> <TL_1> 1 1 1 1
<1005087> <hasProgressionRelapseAssessment_hasEpisode> <TL_2> 0 0 0 0
<10601173> <hasProgressionRelapseAssessment_hasEpisode> <TL_1> 1 1 1 1
<110350> <hasProgressionRelapseAssessment_hasEpisode> <TL_1> 1 1 1 1
<1202335> <hasProgressionRelapseAssessment_hasEpisode> <TL_2> 1 1 1 1
<1200936> <hasProgressionRelapseAssessment_hasEpisode> <TL_2> 1 1 1 1
<11405982> <hasProgressionRelapseAssessment_hasEpisode> <TL_1> 1 1 1 1
<102867> <hasProgressionRelapseAssessment_hasEpisode> <TL_2> 0 0 0 0
<112498> <hasProgressionRelapseAssessment_hasEpisode> <TL_3> 1 1 1 1
<109872> <hasProgressionRelapseAssessment_hasEpisode> <TL_3> 1 1 1 1
<111011> <hasProgressionRelapseAssessment_hasEpisode> <TL_3> 1 1 1 1
<1214974> <hasProgressionRelapseAssessment_hasEpisode> <TL_3> 1 1 1 1
<12915497> <hasProgressionRelapseAssessment_hasEpisode> <TL_3> 1 1 1 1
<11314477> <hasProgressionRelapseAssessment_hasEpisode> <TL_2> 1 1 1 1
<1214686> <hasProgressionRelapseAssessment_hasEpisode> <TL_1> 1 1 1 1
<1300145> <hasProgressionRelapseAssessment_hasEpisode> <TL_1> 1 1 1 1
<10610332> <hasProgressionRelapseAssessment_hasEpisode> <TL_1> 1 1 1 1
<110053> <hasProgressionRelapseAssessment_hasEpisode> <TL_5> 1 1 1 1
<1300783> <hasProgressionRelapseAssessment_hasEpisode> <TL_1> 0 0 0 0
<108322> <hasProgressionRelapseAssessment_hasEpisode> <TL_1> 1 1 1 1
<11405737> <hasProgressionRelapseAssessment_hasEpisode> <TL_1> 1 1 1 1
<1009307> <hasProgressionRelapseAssessment_hasEpisode> <TL_1> 0 0 0 0
<1301641> <hasProgressionRelapseAssessment_hasEpisode> <TL_1> 1 1 1 1
<1301941> <hasProgressionRelapseAssessment_hasEpisode> <TL_2> 1 1 1 1
<1302254> <hasProgressionRelapseAssessment_hasEpisode> <TL_1> 1 1 1 1
<1303761> <hasProgressionRelapseAssessment_hasEpisode> <TL_1> 1 1 1 1
<1302159> <hasProgressionRelapseAssessment_hasEpisode> <TL_2> 1 1 1 1
<1302048> <hasProgressionRelapseAssessment_hasEpisode> <TL_1> 1 1 1 1
<1305767> <hasProgressionRelapseAssessment_hasEpisode> <TL_2> 1 1 1 1
<1306574> <hasProgressionRelapseAssessment_hasEpisode> <TL_2> 1 1 1 1
<1511132> <hasProgressionRelapseAssessment_hasEpisode> <TL_1> 1 1 1 1
<1305004> <hasProgressionRelapseAssessment_hasEpisode> <TL_1> 1 1 1 1
<14603601> <hasProgressionRelapseAssessment_hasEpisode> <TL_1> 1 1 1 1
<1312798> <hasProgressionRelapseAssessment_hasEpisode> <TL_1> 1 1 1 1
<1504546> <hasProgressionRelapseAssessment_hasEpisode> <TL_1> 1 1 1 1
<1305585> <hasProgressionRelapseAssessment_hasEpisode> <TL_1> 1 1 1 1
<1305595> <hasProgressionRelapseAssessment_hasEpisode> <TL_1> 1 1 1 1
<1314729> <hasProgressionRelapseAssessment_hasEpisode> <TL_1> 1 1 1 1
<14505794> <hasProgressionRelapseAssessment_hasEpisode> <TL_2> 1 1 1 1
<1505968> <hasProgressionRelapseAssessment_hasEpisode> <TL_1> 1 1 1 1
<1312563> <hasProgressionRelapseAssessment_hasEpisode> <TL_1> 1 1 1 1
<1500849> <hasProgressionRelapseAssessment_hasEpisode> <TL_1> 1 1 1 1
<1305769> <hasProgressionRelapseAssessment_hasEpisode> <TL_2> 1 1 1 1
<1306374> <hasProgressionRelapseAssessment_hasEpisode> <TL_1> 1 1 1 1
<1315229> <hasProgressionRelapseAssessment_hasEpisode> <TL_1> 1 1 1 1
<1314709> <hasProgressionRelapseAssessment_hasEpisode> <TL_5> 1 1 1 1
<1305678> <hasProgressionRelapseAssessment_hasEpisode> <TL_1> 1 1 1 1
<1306061> <hasProgressionRelapseAssessment_hasEpisode> <TL_2> 1 1 1 1
<1306182> <hasProgressionRelapseAssessment_hasEpisode> <TL_4> 1 1 1 1
<1306308> <hasProgressionRelapseAssessment_hasEpisode> <TL_1> 1 1 1 1
<1312875> <hasProgressionRelapseAssessment_hasEpisode> <TL_1> 1 1 1 1
<1511125> <hasProgressionRelapseAssessment_hasEpisode> <TL_1> 1 1 1 1
<1306287> <hasProgressionRelapseAssessment_hasEpisode> <TL_2> 1 1 1 1
<1509453> <hasProgressionRelapseAssessment_hasEpisode> <TL_1> 1 1 1 1
<1503660> <hasProgressionRelapseAssessment_hasEpisode> <TL_1> 0 0 0 0
<1314909> <hasProgressionRelapseAssessment_hasEpisode> <TL_1> 0 0 0 0
<1305769> <hasProgressionRelapseAssessment_hasEpisode> <TL_3> 1 1 1 1
<1314555> <hasProgressionRelapseAssessment_hasEpisode> <TL_3> 1 1 1 1
<15701585> <hasProgressionRelapseAssessment_hasEpisode> <TL_3> 1 1 1 1
<1314629> <hasProgressionRelapseAssessment_hasEpisode> <TL_1> 1 1 1 1
<1315420> <hasProgressionRelapseAssessment_hasEpisode> <TL_1> 1 1 1 1
<1508321> <hasProgressionRelapseAssessment_hasEpisode> <TL_2> 1 1 1 1
<1314484> <hasProgressionRelapseAssessment_hasEpisode> <TL_1> 1 1 1 1
<15706102> <hasProgressionRelapseAssessment_hasEpisode> <TL_2> 1 1 1 1
<15714651> <hasProgressionRelapseAssessment_hasEpisode> <TL_1> 1 1 1 1
<15714643> <hasProgressionRelapseAssessment_hasEpisode> <TL_1> 1 1 1 1
<15703029> <hasProgressionRelapseAssessment_hasEpisode> <TL_2> 1 1 1 1
<201863> <hasProgressionRelapseAssessment_hasEpisode> <TL_1> 1 1 1 1
<203544> <hasProgressionRelapseAssessment_hasEpisode> <TL_2> 1 1 1 1
<204051> <hasProgressionRelapseAssessment_hasEpisode> <TL_1> 1 1 1 1
<207182> <hasProgressionRelapseAssessment_hasEpisode> <TL_2> 1 1 1 1
<207982> <hasProgressionRelapseAssessment_hasEpisode> <TL_1> 1 1 1 1
<204734> <hasProgressionRelapseAssessment_hasEpisode> <TL_2> 1 1 1 1
<207926> <hasProgressionRelapseAssessment_hasEpisode> <TL_1> 1 1 1 1
<208000> <hasProgressionRelapseAssessment_hasEpisode> <TL_1> 1 1 1 1
<209541> <hasProgressionRelapseAssessment_hasEpisode> <TL_1> 1 1 1 1
<208301> <hasProgressionRelapseAssessment_hasEpisode> <TL_1> 1 1 1 1
<201829> <hasProgressionRelapseAssessment_hasEpisode> <TL_1> 1 1 1 1
<204142> <hasProgressionRelapseAssessment_hasEpisode> <TL_2> 1 1 1 1
<207955> <hasProgressionRelapseAssessment_hasEpisode> <TL_1> 1 1 1 1
<201567> <hasProgressionRelapseAssessment_hasEpisode> <TL_4> 1 1 1 1
<15704699> <hasProgressionRelapseAssessment_hasEpisode> <TL_1> 1 1 1 1
<15717530> <hasProgressionRelapseAssessment_hasEpisode> <TL_1> 1 1 1 1
<201948> <hasProgressionRelapseAssessment_hasEpisode> <TL_1> 1 1 1 1
<205354> <hasProgressionRelapseAssessment_hasEpisode> <TL_1> 1 1 1 1
<202541> <hasProgressionRelapseAssessment_hasEpisode> <TL_2> 1 1 1 1
<203155> <hasProgressionRelapseAssessment_hasEpisode> <TL_1> 1 1 1 1
<205484> <hasProgressionRelapseAssessment_hasEpisode> <TL_1> 0 0 0 0
<201565> <hasProgressionRelapseAssessment_hasEpisode> <TL_1> 1 1 1 1
<207436> <hasProgressionRelapseAssessment_hasEpisode> <TL_1> 1 1 1 1
<15706418> <hasProgressionRelapseAssessment_hasEpisode> <TL_3> 1 1 1 1
<15714600> <hasProgressionRelapseAssessment_hasEpisode> <TL_3> 1 1 1 1
<203544> <hasProgressionRelapseAssessment_hasEpisode> <TL_3> 1 1 1 1
<209280> <hasProgressionRelapseAssessment_hasEpisode> <TL_3> 1 1 1 1
<201798> <hasProgressionRelapseAssessment_hasEpisode> <TL_3> 1 1 1 1
<203402> <hasProgressionRelapseAssessment_hasEpisode> <TL_8> 1 1 1 1
<203924> <hasProgressionRelapseAssessment_hasEpisode> <TL_1> 1 1 1 1
<201868> <hasProgressionRelapseAssessment_hasEpisode> <TL_1> 1 1 1 1
<204740> <hasProgressionRelapseAssessment_hasEpisode> <TL_2> 1 1 1 1
<202035> <hasProgressionRelapseAssessment_hasEpisode> <TL_1> 1 1 1 1
<202076> <hasProgressionRelapseAssessment_hasEpisode> <TL_1> 1 1 1 1
<202227> <hasProgressionRelapseAssessment_hasEpisode> <TL_2> 1 1 1 1
<204146> <hasProgressionRelapseAssessment_hasEpisode> <TL_2> 1 1 1 1
<204067> <hasProgressionRelapseAssessment_hasEpisode> <TL_2> 1 1 1 1
<2100609> <hasProgressionRelapseAssessment_hasEpisode> <TL_5> 1 1 1 1
<203495> <hasProgressionRelapseAssessment_hasEpisode> <TL_2> 1 1 1 1
<202926> <hasProgressionRelapseAssessment_hasEpisode> <TL_2> 1 1 1 1
<204165> <hasProgressionRelapseAssessment_hasEpisode> <TL_1> 1 1 1 1
<209907> <hasProgressionRelapseAssessment_hasEpisode> <TL_1> 1 1 1 1
<205891> <hasProgressionRelapseAssessment_hasEpisode> <TL_3> 1 1 1 1
<208568> <hasProgressionRelapseAssessment_hasEpisode> <TL_4> 0 0 0 0
<2101026> <hasProgressionRelapseAssessment_hasEpisode> <TL_1> 0 0 0 0
<2101070> <hasProgressionRelapseAssessment_hasEpisode> <TL_2> 1 1 1 1
<2103750> <hasProgressionRelapseAssessment_hasEpisode> <TL_1> 1 1 1 1
<2106674> <hasProgressionRelapseAssessment_hasEpisode> <TL_1> 1 1 1 1
<2101039> <hasProgressionRelapseAssessment_hasEpisode> <TL_2> 1 1 1 1
<2114401> <hasProgressionRelapseAssessment_hasEpisode> <TL_1> 1 1 1 1
<2304500> <hasProgressionRelapseAssessment_hasEpisode> <TL_1> 1 1 1 1
<2304500> <hasProgressionRelapseAssessment_hasEpisode> <TL_4> 1 1 1 1
<2304756> <hasProgressionRelapseAssessment_hasEpisode> <TL_1> 1 1 1 1
<2305377> <hasProgressionRelapseAssessment_hasEpisode> <TL_2> 1 1 1 1
<2306177> <hasProgressionRelapseAssessment_hasEpisode> <TL_1> 1 1 1 1
<2311949> <hasProgressionRelapseAssessment_hasEpisode> <TL_1> 1 1 1 1
<2404011> <hasProgressionRelapseAssessment_hasEpisode> <TL_2> 1 1 1 1
<2506013> <hasProgressionRelapseAssessment_hasEpisode> <TL_4> 1 1 1 1
<2507360> <hasProgressionRelapseAssessment_hasEpisode> <TL_2> 1 1 1 1
<2305895> <hasProgressionRelapseAssessment_hasEpisode> <TL_5> 1 1 1 1
<214534> <hasProgressionRelapseAssessment_hasEpisode> <TL_2> 1 1 1 1
<2312589> <hasProgressionRelapseAssessment_hasEpisode> <TL_1> 1 1 1 1
<2405798> <hasProgressionRelapseAssessment_hasEpisode> <TL_1> 1 1 1 1
<2513350> <hasProgressionRelapseAssessment_hasEpisode> <TL_1> 1 1 1 1
<2406757> <hasProgressionRelapseAssessment_hasEpisode> <TL_1> 1 1 1 1
<210257> <hasProgressionRelapseAssessment_hasEpisode> <TL_1> 0 0 0 0
<2106675> <hasProgressionRelapseAssessment_hasEpisode> <TL_1> 1 1 1 1
<212671> <hasProgressionRelapseAssessment_hasEpisode> <TL_1> 1 1 1 1
<2300004> <hasProgressionRelapseAssessment_hasEpisode> <TL_1> 1 1 1 1
<2301197> <hasProgressionRelapseAssessment_hasEpisode> <TL_2> 1 1 1 1
<2305145> <hasProgressionRelapseAssessment_hasEpisode> <TL_1> 1 1 1 1
<2301508> <hasProgressionRelapseAssessment_hasEpisode> <TL_1> 1 1 1 1
<2301551> <hasProgressionRelapseAssessment_hasEpisode> <TL_1> 1 1 1 1
<2303859> <hasProgressionRelapseAssessment_hasEpisode> <TL_4> 1 1 1 1
<2304823> <hasProgressionRelapseAssessment_hasEpisode> <TL_2> 1 1 1 1
<2305951> <hasProgressionRelapseAssessment_hasEpisode> <TL_1> 1 1 1 1
<212013> <hasProgressionRelapseAssessment_hasEpisode> <TL_1> 0 0 0 0
<2405881> <hasProgressionRelapseAssessment_hasEpisode> <TL_1> 1 1 1 1
<214993> <hasProgressionRelapseAssessment_hasEpisode> <TL_1> 1 1 1 1
<215255> <hasProgressionRelapseAssessment_hasEpisode> <TL_2> 1 1 1 1
<2300166> <hasProgressionRelapseAssessment_hasEpisode> <TL_1> 0 0 0 0
<2801983> <hasProgressionRelapseAssessment_hasEpisode> <TL_1> 0 0 0 0
<2304848> <hasProgressionRelapseAssessment_hasEpisode> <TL_2> 1 1 1 1
<2305280> <hasProgressionRelapseAssessment_hasEpisode> <TL_4> 1 1 1 1
<2305849> <hasProgressionRelapseAssessment_hasEpisode> <TL_5> 0 0 0 0
<2101878> <hasProgressionRelapseAssessment_hasEpisode> <TL_6> 1 1 1 1
<2304577> <hasProgressionRelapseAssessment_hasEpisode> <TL_2> 0 0 0 0
<2406760> <hasProgressionRelapseAssessment_hasEpisode> <TL_1> 1 1 1 1
<210390> <hasProgressionRelapseAssessment_hasEpisode> <TL_1> 1 1 1 1
<212208> <hasProgressionRelapseAssessment_hasEpisode> <TL_1> 1 1 1 1
<2304325> <hasProgressionRelapseAssessment_hasEpisode> <TL_1> 1 1 1 1
<2101166> <hasProgressionRelapseAssessment_hasEpisode> <TL_1> 1 1 1 1
<2307004> <hasProgressionRelapseAssessment_hasEpisode> <TL_1> 1 1 1 1
<2109199> <hasProgressionRelapseAssessment_hasEpisode> <TL_2> 1 1 1 1
<205888> <hasProgressionRelapseAssessment_hasEpisode> <TL_3> 1 1 1 1
<212515> <hasProgressionRelapseAssessment_hasEpisode> <TL_3> 1 1 1 1
<2305022> <hasProgressionRelapseAssessment_hasEpisode> <TL_3> 1 1 1 1
<211794> <hasProgressionRelapseAssessment_hasEpisode> <TL_1> 1 1 1 1
<2311054> <hasProgressionRelapseAssessment_hasEpisode> <TL_1> 1 1 1 1
<217021> <hasProgressionRelapseAssessment_hasEpisode> <TL_1> 1 1 1 1
<215382> <hasProgressionRelapseAssessment_hasEpisode> <TL_1> 1 1 1 1
<2305000> <hasProgressionRelapseAssessment_hasEpisode> <TL_4> 1 1 1 1
<2805043> <hasProgressionRelapseAssessment_hasEpisode> <TL_1> 1 1 1 1
<2811052> <hasProgressionRelapseAssessment_hasEpisode> <TL_1> 1 1 1 1
<2900485> <hasProgressionRelapseAssessment_hasEpisode> <TL_3> 1 1 1 1
<2105247> <hasProgressionRelapseAssessment_hasEpisode> <TL_1> 1 1 1 1
<2300188> <hasProgressionRelapseAssessment_hasEpisode> <TL_1> 1 1 1 1
<2809863> <hasProgressionRelapseAssessment_hasEpisode> <TL_1> 1 1 1 1
<2810551> <hasProgressionRelapseAssessment_hasEpisode> <TL_1> 1 1 1 1
<2905857> <hasProgressionRelapseAssessment_hasEpisode> <TL_4> 1 1 1 1
<3004381> <hasProgressionRelapseAssessment_hasEpisode> <TL_2> 1 1 1 1
<3007191> <hasProgressionRelapseAssessment_hasEpisode> <TL_2> 1 1 1 1
<300854> <hasProgressionRelapseAssessment_hasEpisode> <TL_1> 1 1 1 1
<302640> <hasProgressionRelapseAssessment_hasEpisode> <TL_4> 1 1 1 1
<311595> <hasProgressionRelapseAssessment_hasEpisode> <TL_1> 1 1 1 1
<3405062> <hasProgressionRelapseAssessment_hasEpisode> <TL_1> 1 1 1 1
<3405596> <hasProgressionRelapseAssessment_hasEpisode> <TL_1> 1 1 1 1
<3410397> <hasProgressionRelapseAssessment_hasEpisode> <TL_1> 1 1 1 1
<3505880> <hasProgressionRelapseAssessment_hasEpisode> <TL_4> 1 1 1 1
<3404319> <hasProgressionRelapseAssessment_hasEpisode> <TL_1> 1 1 1 1
<2903694> <hasProgressionRelapseAssessment_hasEpisode> <TL_1> 1 1 1 1
<3012680> <hasProgressionRelapseAssessment_hasEpisode> <TL_2> 0 0 0 0
<3315526> <hasProgressionRelapseAssessment_hasEpisode> <TL_2> 1 1 1 1
<3315431> <hasProgressionRelapseAssessment_hasEpisode> <TL_2> 1 1 1 1
<306282> <hasProgressionRelapseAssessment_hasEpisode> <TL_2> 1 1 1 1
<2813124> <hasProgressionRelapseAssessment_hasEpisode> <TL_1> 1 1 1 1
<301440> <hasProgressionRelapseAssessment_hasEpisode> <TL_1> 1 1 1 1
<301445> <hasProgressionRelapseAssessment_hasEpisode> <TL_1> 1 1 1 1
<2810359> <hasProgressionRelapseAssessment_hasEpisode> <TL_1> 1 1 1 1
<3105728> <hasProgressionRelapseAssessment_hasEpisode> <TL_1> 1 1 1 1
<3406979> <hasProgressionRelapseAssessment_hasEpisode> <TL_1> 1 1 1 1
<3405218> <hasProgressionRelapseAssessment_hasEpisode> <TL_2> 1 1 1 1
<3307208> <hasProgressionRelapseAssessment_hasEpisode> <TL_1> 0 0 0 0
<3404297> <hasProgressionRelapseAssessment_hasEpisode> <TL_1> 1 1 1 1
<2808925> <hasProgressionRelapseAssessment_hasEpisode> <TL_4> 1 1 1 1
<3408821> <hasProgressionRelapseAssessment_hasEpisode> <TL_2> 0 0 0 0
<3406728> <hasProgressionRelapseAssessment_hasEpisode> <TL_2> 1 1 1 1
<3410584> <hasProgressionRelapseAssessment_hasEpisode> <TL_2> 0 0 0 0
<3000765> <hasProgressionRelapseAssessment_hasEpisode> <TL_1> 1 1 1 1
<2811745> <hasProgressionRelapseAssessment_hasEpisode> <TL_1> 1 1 1 1
<304814> <hasProgressionRelapseAssessment_hasEpisode> <TL_2> 1 1 1 1
<2815361> <hasProgressionRelapseAssessment_hasEpisode> <TL_2> 1 1 1 1
<3307189> <hasProgressionRelapseAssessment_hasEpisode> <TL_1> 1 1 1 1
<3308090> <hasProgressionRelapseAssessment_hasEpisode> <TL_1> 1 1 1 1
<3507392> <hasProgressionRelapseAssessment_hasEpisode> <TL_4> 0 0 0 0
<3405008> <hasProgressionRelapseAssessment_hasEpisode> <TL_1> 1 1 1 1
<303673> <hasProgressionRelapseAssessment_hasEpisode> <TL_1> 1 1 1 1
<3505877> <hasProgressionRelapseAssessment_hasEpisode> <TL_2> 1 1 1 1
<3505866> <hasProgressionRelapseAssessment_hasEpisode> <TL_3> 1 1 1 1
<3507671> <hasProgressionRelapseAssessment_hasEpisode> <TL_3> 1 1 1 1
<303476> <hasProgressionRelapseAssessment_hasEpisode> <TL_3> 1 1 1 1
<2815848> <hasProgressionRelapseAssessment_hasEpisode> <TL_1> 0 0 0 0
<2810464> <hasProgressionRelapseAssessment_hasEpisode> <TL_1> 0 0 0 0
<2902534> <hasProgressionRelapseAssessment_hasEpisode> <TL_4> 1 1 1 1
<3307211> <hasProgressionRelapseAssessment_hasEpisode> <TL_1> 1 1 1 1
<3505953> <hasProgressionRelapseAssessment_hasEpisode> <TL_6> 1 1 1 1
<311507> <hasProgressionRelapseAssessment_hasEpisode> <TL_1> 1 1 1 1
<300933> <hasProgressionRelapseAssessment_hasEpisode> <TL_1> 1 1 1 1
<300320> <hasProgressionRelapseAssessment_hasEpisode> <TL_1> 1 1 1 1
<3801517> <hasProgressionRelapseAssessment_hasEpisode> <TL_1> 0 0 0 0
<3514376> <hasProgressionRelapseAssessment_hasEpisode> <TL_1> 1 1 1 1
<3508583> <hasProgressionRelapseAssessment_hasEpisode> <TL_4> 1 1 1 1
<409175> <hasProgressionRelapseAssessment_hasEpisode> <TL_4> 1 1 1 1
<413470> <hasProgressionRelapseAssessment_hasEpisode> <TL_4> 1 1 1 1
<415195> <hasProgressionRelapseAssessment_hasEpisode> <TL_2> 1 1 1 1
<3802331> <hasProgressionRelapseAssessment_hasEpisode> <TL_1> 1 1 1 1
<411446> <hasProgressionRelapseAssessment_hasEpisode> <TL_2> 0 0 0 0
<415733> <hasProgressionRelapseAssessment_hasEpisode> <TL_2> 1 1 1 1
<3508935> <hasProgressionRelapseAssessment_hasEpisode> <TL_1> 1 1 1 1
<3508800> <hasProgressionRelapseAssessment_hasEpisode> <TL_1> 1 1 1 1
<407503> <hasProgressionRelapseAssessment_hasEpisode> <TL_2> 1 1 1 1
<3508940> <hasProgressionRelapseAssessment_hasEpisode> <TL_2> 1 1 1 1
<3510678> <hasProgressionRelapseAssessment_hasEpisode> <TL_1> 1 1 1 1
<407676> <hasProgressionRelapseAssessment_hasEpisode> <TL_2> 1 1 1 1
<413294> <hasProgressionRelapseAssessment_hasEpisode> <TL_1> 1 1 1 1
<410242> <hasProgressionRelapseAssessment_hasEpisode> <TL_3> 1 1 1 1
<411489> <hasProgressionRelapseAssessment_hasEpisode> <TL_4> 1 1 1 1
<413017> <hasProgressionRelapseAssessment_hasEpisode> <TL_2> 1 1 1 1
<410017> <hasProgressionRelapseAssessment_hasEpisode> <TL_1> 1 1 1 1
<410076> <hasProgressionRelapseAssessment_hasEpisode> <TL_1> 1 1 1 1
<409687> <hasProgressionRelapseAssessment_hasEpisode> <TL_4> 1 1 1 1
<410089> <hasProgressionRelapseAssessment_hasEpisode> <TL_2> 1 1 1 1
<413987> <hasProgressionRelapseAssessment_hasEpisode> <TL_1> 1 1 1 1
<409711> <hasProgressionRelapseAssessment_hasEpisode> <TL_1> 1 1 1 1
<409433> <hasProgressionRelapseAssessment_hasEpisode> <TL_1> 1 1 1 1
<409899> <hasProgressionRelapseAssessment_hasEpisode> <TL_1> 1 1 1 1
<410029> <hasProgressionRelapseAssessment_hasEpisode> <TL_1> 0 0 0 0
<409439> <hasProgressionRelapseAssessment_hasEpisode> <TL_1> 1 1 1 1
<407453> <hasProgressionRelapseAssessment_hasEpisode> <TL_4> 1 1 1 1
<407401> <hasProgressionRelapseAssessment_hasEpisode> <TL_1> 1 1 1 1
<3704636> <hasProgressionRelapseAssessment_hasEpisode> <TL_1> 1 1 1 1
<409593> <hasProgressionRelapseAssessment_hasEpisode> <TL_6> 1 1 1 1
<409455> <hasProgressionRelapseAssessment_hasEpisode> <TL_2> 1 1 1 1
<411494> <hasProgressionRelapseAssessment_hasEpisode> <TL_1> 1 1 1 1
<410379> <hasProgressionRelapseAssessment_hasEpisode> <TL_1> 1 1 1 1
<3514386> <hasProgressionRelapseAssessment_hasEpisode> <TL_1> 0 0 0 0
<407635> <hasProgressionRelapseAssessment_hasEpisode> <TL_1> 1 1 1 1
<407537> <hasProgressionRelapseAssessment_hasEpisode> <TL_2> 1 1 1 1
<415782> <hasProgressionRelapseAssessment_hasEpisode> <TL_2> 1 1 1 1
<407606> <hasProgressionRelapseAssessment_hasEpisode> <TL_2> 1 1 1 1
<410114> <hasProgressionRelapseAssessment_hasEpisode> <TL_3> 1 1 1 1
<413285> <hasProgressionRelapseAssessment_hasEpisode> <TL_3> 1 1 1 1
<409790> <hasProgressionRelapseAssessment_hasEpisode> <TL_3> 0 0 0 0
<409869> <hasProgressionRelapseAssessment_hasEpisode> <TL_3> 1 1 1 1
<415881> <hasProgressionRelapseAssessment_hasEpisode> <TL_1> 1 1 1 1
<409448> <hasProgressionRelapseAssessment_hasEpisode> <TL_1> 1 1 1 1
<409757> <hasProgressionRelapseAssessment_hasEpisode> <TL_4> 0 0 0 0
<409685> <hasProgressionRelapseAssessment_hasEpisode> <TL_1> 0 0 0 0
<410104> <hasProgressionRelapseAssessment_hasEpisode> <TL_1> 1 1 1 1
<413293> <hasProgressionRelapseAssessment_hasEpisode> <TL_1> 1 1 1 1
<4313325> <hasProgressionRelapseAssessment_hasEpisode> <TL_1> 1 1 1 1
<416505> <hasProgressionRelapseAssessment_hasEpisode> <TL_1> 1 1 1 1
<4910731> <hasProgressionRelapseAssessment_hasEpisode> <TL_1> 1 1 1 1
<4910768> <hasProgressionRelapseAssessment_hasEpisode> <TL_1> 1 1 1 1
<4911262> <hasProgressionRelapseAssessment_hasEpisode> <TL_1> 1 1 1 1
<501227> <hasProgressionRelapseAssessment_hasEpisode> <TL_2> 1 1 1 1
<501318> <hasProgressionRelapseAssessment_hasEpisode> <TL_1> 1 1 1 1
<503109> <hasProgressionRelapseAssessment_hasEpisode> <TL_1> 1 1 1 1
<503765> <hasProgressionRelapseAssessment_hasEpisode> <TL_1> 1 1 1 1
<503934> <hasProgressionRelapseAssessment_hasEpisode> <TL_2> 1 1 1 1
<507727> <hasProgressionRelapseAssessment_hasEpisode> <TL_1> 1 1 1 1
<503174> <hasProgressionRelapseAssessment_hasEpisode> <TL_1> 1 1 1 1
<4911197> <hasProgressionRelapseAssessment_hasEpisode> <TL_2> 1 1 1 1
<4910907> <hasProgressionRelapseAssessment_hasEpisode> <TL_2> 1 1 1 1
<4305617> <hasProgressionRelapseAssessment_hasEpisode> <TL_1> 1 1 1 1
<4305619> <hasProgressionRelapseAssessment_hasEpisode> <TL_2> 1 1 1 1
<501258> <hasProgressionRelapseAssessment_hasEpisode> <TL_2> 1 1 1 1
<501294> <hasProgressionRelapseAssessment_hasEpisode> <TL_1> 1 1 1 1
<507259> <hasProgressionRelapseAssessment_hasEpisode> <TL_1> 1 1 1 1
<507543> <hasProgressionRelapseAssessment_hasEpisode> <TL_4> 1 1 1 1
<503044> <hasProgressionRelapseAssessment_hasEpisode> <TL_2> 1 1 1 1
<4910902> <hasProgressionRelapseAssessment_hasEpisode> <TL_1> 1 1 1 1
<503398> <hasProgressionRelapseAssessment_hasEpisode> <TL_1> 1 1 1 1
<503000> <hasProgressionRelapseAssessment_hasEpisode> <TL_1> 1 1 1 1
<415988> <hasProgressionRelapseAssessment_hasEpisode> <TL_4> 0 0 0 0
<4910559> <hasProgressionRelapseAssessment_hasEpisode> <TL_2> 1 1 1 1
<4911036> <hasProgressionRelapseAssessment_hasEpisode> <TL_2> 1 1 1 1
<416053> <hasProgressionRelapseAssessment_hasEpisode> <TL_1> 1 1 1 1
<4910702> <hasProgressionRelapseAssessment_hasEpisode> <TL_4> 1 1 1 1
<507781> <hasProgressionRelapseAssessment_hasEpisode> <TL_1> 0 0 0 0
<503179> <hasProgressionRelapseAssessment_hasEpisode> <TL_2> 1 1 1 1
<507779> <hasProgressionRelapseAssessment_hasEpisode> <TL_1> 1 1 1 1
<4910774> <hasProgressionRelapseAssessment_hasEpisode> <TL_2> 1 1 1 1
<507290> <hasProgressionRelapseAssessment_hasEpisode> <TL_1> 1 1 1 1
<4911121> <hasProgressionRelapseAssessment_hasEpisode> <TL_1> 1 1 1 1
<417209> <hasProgressionRelapseAssessment_hasEpisode> <TL_1> 1 1 1 1
<4605029> <hasProgressionRelapseAssessment_hasEpisode> <TL_1> 1 1 1 1
<503925> <hasProgressionRelapseAssessment_hasEpisode> <TL_1> 1 1 1 1
<503142> <hasProgressionRelapseAssessment_hasEpisode> <TL_5> 1 1 1 1
<503947> <hasProgressionRelapseAssessment_hasEpisode> <TL_1> 1 1 1 1
<503952> <hasProgressionRelapseAssessment_hasEpisode> <TL_3> 1 1 1 1
<507258> <hasProgressionRelapseAssessment_hasEpisode> <TL_15> 1 1 1 1
<503047> <hasProgressionRelapseAssessment_hasEpisode> <TL_3> 1 1 1 1
<503183> <hasProgressionRelapseAssessment_hasEpisode> <TL_3> 1 1 1 1
<4605886> <hasProgressionRelapseAssessment_hasEpisode> <TL_3> 1 1 1 1
<4305619> <hasProgressionRelapseAssessment_hasEpisode> <TL_3> 1 1 1 1
<416821> <hasProgressionRelapseAssessment_hasEpisode> <TL_3> 1 1 1 1
<4314438> <hasProgressionRelapseAssessment_hasEpisode> <TL_1> 1 1 1 1
<416030> <hasProgressionRelapseAssessment_hasEpisode> <TL_1> 1 1 1 1
<4910735> <hasProgressionRelapseAssessment_hasEpisode> <TL_2> 1 1 1 1
<4910871> <hasProgressionRelapseAssessment_hasEpisode> <TL_1> 1 1 1 1
<501237> <hasProgressionRelapseAssessment_hasEpisode> <TL_4> 1 1 1 1
<4911103> <hasProgressionRelapseAssessment_hasEpisode> <TL_2> 1 1 1 1
<507900> <hasProgressionRelapseAssessment_hasEpisode> <TL_4> 1 1 1 1
<508181> <hasProgressionRelapseAssessment_hasEpisode> <TL_1> 1 1 1 1
<508228> <hasProgressionRelapseAssessment_hasEpisode> <TL_1> 1 1 1 1
<508398> <hasProgressionRelapseAssessment_hasEpisode> <TL_1> 1 1 1 1
<508430> <hasProgressionRelapseAssessment_hasEpisode> <TL_1> 1 1 1 1
<5103320> <hasProgressionRelapseAssessment_hasEpisode> <TL_1> 1 1 1 1
<5104313> <hasProgressionRelapseAssessment_hasEpisode> <TL_2> 1 1 1 1
<5104483> <hasProgressionRelapseAssessment_hasEpisode> <TL_1> 1 1 1 1
<5104605> <hasProgressionRelapseAssessment_hasEpisode> <TL_2> 1 1 1 1
<508289> <hasProgressionRelapseAssessment_hasEpisode> <TL_1> 1 1 1 1
<5102979> <hasProgressionRelapseAssessment_hasEpisode> <TL_4> 1 1 1 1
<5105158> <hasProgressionRelapseAssessment_hasEpisode> <TL_1> 1 1 1 1
<5106073> <hasProgressionRelapseAssessment_hasEpisode> <TL_1> 1 1 1 1
<5106482> <hasProgressionRelapseAssessment_hasEpisode> <TL_2> 1 1 1 1
<5106576> <hasProgressionRelapseAssessment_hasEpisode> <TL_1> 1 1 1 1
<5110838> <hasProgressionRelapseAssessment_hasEpisode> <TL_1> 1 1 1 1
<5111775> <hasProgressionRelapseAssessment_hasEpisode> <TL_1> 1 1 1 1
<5112506> <hasProgressionRelapseAssessment_hasEpisode> <TL_1> 1 1 1 1
<5112959> <hasProgressionRelapseAssessment_hasEpisode> <TL_2> 1 1 1 1
<5115573> <hasProgressionRelapseAssessment_hasEpisode> <TL_1> 1 1 1 1
<5116364> <hasProgressionRelapseAssessment_hasEpisode> <TL_2> 0 0 0 0
<508864> <hasProgressionRelapseAssessment_hasEpisode> <TL_1> 1 1 1 1
<512511> <hasProgressionRelapseAssessment_hasEpisode> <TL_1> 0 0 0 0
<5104855> <hasProgressionRelapseAssessment_hasEpisode> <TL_1> 1 1 1 1
<5105383> <hasProgressionRelapseAssessment_hasEpisode> <TL_1> 1 1 1 1
<5106366> <hasProgressionRelapseAssessment_hasEpisode> <TL_2> 1 1 1 1
<508444> <hasProgressionRelapseAssessment_hasEpisode> <TL_2> 1 1 1 1
<508541> <hasProgressionRelapseAssessment_hasEpisode> <TL_1> 0 0 0 0
<508189> <hasProgressionRelapseAssessment_hasEpisode> <TL_1> 1 1 1 1
<5104775> <hasProgressionRelapseAssessment_hasEpisode> <TL_2> 1 1 1 1
<5106123> <hasProgressionRelapseAssessment_hasEpisode> <TL_1> 1 1 1 1
<5112765> <hasProgressionRelapseAssessment_hasEpisode> <TL_5> 1 1 1 1
<508040> <hasProgressionRelapseAssessment_hasEpisode> <TL_1> 1 1 1 1
<508978> <hasProgressionRelapseAssessment_hasEpisode> <TL_1> 1 1 1 1
<5111665> <hasProgressionRelapseAssessment_hasEpisode> <TL_1> 1 1 1 1
<508823> <hasProgressionRelapseAssessment_hasEpisode> <TL_4> 1 1 1 1
<508286> <hasProgressionRelapseAssessment_hasEpisode> <TL_3> 1 1 1 1
<512613> <hasProgressionRelapseAssessment_hasEpisode> <TL_3> 1 1 1 1
<512332> <hasProgressionRelapseAssessment_hasEpisode> <TL_3> 0 0 0 0
<5106492> <hasProgressionRelapseAssessment_hasEpisode> <TL_3> 1 1 1 1
<5109586> <hasProgressionRelapseAssessment_hasEpisode> <TL_3> 1 1 1 1
<508152> <hasProgressionRelapseAssessment_hasEpisode> <TL_3> 1 1 1 1
<5103312> <hasProgressionRelapseAssessment_hasEpisode> <TL_1> 1 1 1 1
<5103361> <hasProgressionRelapseAssessment_hasEpisode> <TL_1> 1 1 1 1
<5103463> <hasProgressionRelapseAssessment_hasEpisode> <TL_2> 1 1 1 1
<5102878> <hasProgressionRelapseAssessment_hasEpisode> <TL_2> 1 1 1 1
<508393> <hasProgressionRelapseAssessment_hasEpisode> <TL_1> 1 1 1 1
<513126> <hasProgressionRelapseAssessment_hasEpisode> <TL_1> 1 1 1 1
<513241> <hasProgressionRelapseAssessment_hasEpisode> <TL_1> 1 1 1 1
<513729> <hasProgressionRelapseAssessment_hasEpisode> <TL_2> 1 1 1 1
<513739> <hasProgressionRelapseAssessment_hasEpisode> <TL_1> 1 1 1 1
<514420> <hasProgressionRelapseAssessment_hasEpisode> <TL_2> 1 1 1 1
<516236> <hasProgressionRelapseAssessment_hasEpisode> <TL_5> 1 1 1 1
<516882> <hasProgressionRelapseAssessment_hasEpisode> <TL_4> 1 1 1 1
<513926> <hasProgressionRelapseAssessment_hasEpisode> <TL_4> 1 1 1 1
<516315> <hasProgressionRelapseAssessment_hasEpisode> <TL_1> 1 1 1 1
<517078> <hasProgressionRelapseAssessment_hasEpisode> <TL_2> 1 1 1 1
<514306> <hasProgressionRelapseAssessment_hasEpisode> <TL_2> 0 0 0 0
<5301981> <hasProgressionRelapseAssessment_hasEpisode> <TL_2> 1 1 1 1
<512948> <hasProgressionRelapseAssessment_hasEpisode> <TL_2> 1 1 1 1
<513348> <hasProgressionRelapseAssessment_hasEpisode> <TL_1> 1 1 1 1
<513868> <hasProgressionRelapseAssessment_hasEpisode> <TL_1> 1 1 1 1
<514136> <hasProgressionRelapseAssessment_hasEpisode> <TL_1> 1 1 1 1
<514214> <hasProgressionRelapseAssessment_hasEpisode> <TL_1> 1 1 1 1
<5305721> <hasProgressionRelapseAssessment_hasEpisode> <TL_1> 1 1 1 1
<5104484> <hasProgressionRelapseAssessment_hasEpisode> <TL_3> 1 1 1 1
<5305260> <hasProgressionRelapseAssessment_hasEpisode> <TL_1> 1 1 1 1
<513039> <hasProgressionRelapseAssessment_hasEpisode> <TL_1> 1 1 1 1
<516908> <hasProgressionRelapseAssessment_hasEpisode> <TL_2> 1 1 1 1
<5305814> <hasProgressionRelapseAssessment_hasEpisode> <TL_5> 1 1 1 1
<5313114> <hasProgressionRelapseAssessment_hasEpisode> <TL_1> 1 1 1 1
<5313746> <hasProgressionRelapseAssessment_hasEpisode> <TL_1> 1 1 1 1
<5314283> <hasProgressionRelapseAssessment_hasEpisode> <TL_1> 1 1 1 1
<5314716> <hasProgressionRelapseAssessment_hasEpisode> <TL_1> 0 0 0 0
<5315138> <hasProgressionRelapseAssessment_hasEpisode> <TL_1> 0 0 0 0
<5315665> <hasProgressionRelapseAssessment_hasEpisode> <TL_1> 1 1 1 1
<5315791> <hasProgressionRelapseAssessment_hasEpisode> <TL_1> 1 1 1 1
<5316166> <hasProgressionRelapseAssessment_hasEpisode> <TL_1> 1 1 1 1
<5316743> <hasProgressionRelapseAssessment_hasEpisode> <TL_1> 0 0 0 0
<5308239> <hasProgressionRelapseAssessment_hasEpisode> <TL_2> 1 1 1 1
<5315018> <hasProgressionRelapseAssessment_hasEpisode> <TL_2> 1 1 1 1
<5312261> <hasProgressionRelapseAssessment_hasEpisode> <TL_1> 1 1 1 1
<5314669> <hasProgressionRelapseAssessment_hasEpisode> <TL_1> 1 1 1 1
<5316004> <hasProgressionRelapseAssessment_hasEpisode> <TL_2> 1 1 1 1
<5317384> <hasProgressionRelapseAssessment_hasEpisode> <TL_1> 1 1 1 1
<514313> <hasProgressionRelapseAssessment_hasEpisode> <TL_2> 1 1 1 1
<514126> <hasProgressionRelapseAssessment_hasEpisode> <TL_2> 1 1 1 1
<5305972> <hasProgressionRelapseAssessment_hasEpisode> <TL_1> 1 1 1 1
<5312265> <hasProgressionRelapseAssessment_hasEpisode> <TL_1> 1 1 1 1
<5314075> <hasProgressionRelapseAssessment_hasEpisode> <TL_1> 1 1 1 1
<5305963> <hasProgressionRelapseAssessment_hasEpisode> <TL_2> 1 1 1 1
<514412> <hasProgressionRelapseAssessment_hasEpisode> <TL_3> 1 1 1 1
<5305963> <hasProgressionRelapseAssessment_hasEpisode> <TL_3> 0 0 0 0
<5316004> <hasProgressionRelapseAssessment_hasEpisode> <TL_3> 1 1 1 1
<513665> <hasProgressionRelapseAssessment_hasEpisode> <TL_8> 1 1 1 1
<5313518> <hasProgressionRelapseAssessment_hasEpisode> <TL_1> 1 1 1 1
<5313162> <hasProgressionRelapseAssessment_hasEpisode> <TL_1> 1 1 1 1
<514188> <hasProgressionRelapseAssessment_hasEpisode> <TL_1> 1 1 1 1
<5314899> <hasProgressionRelapseAssessment_hasEpisode> <TL_1> 0 0 0 0
<5315748> <hasProgressionRelapseAssessment_hasEpisode> <TL_1> 1 1 1 1
<5315767> <hasProgressionRelapseAssessment_hasEpisode> <TL_1> 1 1 1 1
<6300084> <hasProgressionRelapseAssessment_hasEpisode> <TL_2> 1 1 1 1
<6315479> <hasProgressionRelapseAssessment_hasEpisode> <TL_1> 1 1 1 1
<6317276> <hasProgressionRelapseAssessment_hasEpisode> <TL_1> 1 1 1 1
<6400268> <hasProgressionRelapseAssessment_hasEpisode> <TL_1> 1 1 1 1
<6401436> <hasProgressionRelapseAssessment_hasEpisode> <TL_1> 1 1 1 1
<6402110> <hasProgressionRelapseAssessment_hasEpisode> <TL_1> 1 1 1 1
<7005783> <hasProgressionRelapseAssessment_hasEpisode> <TL_5> 1 1 1 1
<7407327> <hasProgressionRelapseAssessment_hasEpisode> <TL_1> 1 1 1 1
<5505420> <hasProgressionRelapseAssessment_hasEpisode> <TL_2> 1 1 1 1
<6311631> <hasProgressionRelapseAssessment_hasEpisode> <TL_4> 1 1 1 1
<6315670> <hasProgressionRelapseAssessment_hasEpisode> <TL_1> 1 1 1 1
<6400646> <hasProgressionRelapseAssessment_hasEpisode> <TL_2> 1 1 1 1
<5504876> <hasProgressionRelapseAssessment_hasEpisode> <TL_2> 1 1 1 1
<6317027> <hasProgressionRelapseAssessment_hasEpisode> <TL_1> 0 0 0 0
<7404584> <hasProgressionRelapseAssessment_hasEpisode> <TL_5> 1 1 1 1
<6605734> <hasProgressionRelapseAssessment_hasEpisode> <TL_1> 1 1 1 1
<6900341> <hasProgressionRelapseAssessment_hasEpisode> <TL_2> 1 1 1 1
<9408728> <hasProgressionRelapseAssessment_hasEpisode> <TL_1> 0 0 0 0
<9414083> <hasProgressionRelapseAssessment_hasEpisode> <TL_5> 1 1 1 1
<9703263> <hasProgressionRelapseAssessment_hasEpisode> <TL_2> 0 0 0 0
<9710761> <hasProgressionRelapseAssessment_hasEpisode> <TL_1> 1 1 1 1
<905892> <hasProgressionRelapseAssessment_hasEpisode> <TL_1> 1 1 1 1
<908790> <hasProgressionRelapseAssessment_hasEpisode> <TL_1> 1 1 1 1
<5504684> <hasProgressionRelapseAssessment_hasEpisode> <TL_1> 0 0 0 0
<5510990> <hasProgressionRelapseAssessment_hasEpisode> <TL_1> 1 1 1 1
<6315953> <hasProgressionRelapseAssessment_hasEpisode> <TL_1> 1 1 1 1
<704308> <hasProgressionRelapseAssessment_hasEpisode> <TL_1> 1 1 1 1
<5506797> <hasProgressionRelapseAssessment_hasEpisode> <TL_1> 1 1 1 1
<6312736> <hasProgressionRelapseAssessment_hasEpisode> <TL_2> 1 1 1 1
<8311967> <hasProgressionRelapseAssessment_hasEpisode> <TL_1> 1 1 1 1
<6315314> <hasProgressionRelapseAssessment_hasEpisode> <TL_1> 1 1 1 1
<8307668> <hasProgressionRelapseAssessment_hasEpisode> <TL_2> 1 1 1 1
<6316799> <hasProgressionRelapseAssessment_hasEpisode> <TL_1> 1 1 1 1
<6311574> <hasProgressionRelapseAssessment_hasEpisode> <TL_2> 1 1 1 1
<6402271> <hasProgressionRelapseAssessment_hasEpisode> <TL_1> 1 1 1 1
<906909> <hasProgressionRelapseAssessment_hasEpisode> <TL_2> 1 1 1 1
<6315216> <hasProgressionRelapseAssessment_hasEpisode> <TL_1> 1 1 1 1
<5508923> <hasProgressionRelapseAssessment_hasEpisode> <TL_3> 1 1 1 1
<701614> <hasProgressionRelapseAssessment_hasEpisode> <TL_3> 1 1 1 1
<5505897> <hasProgressionRelapseAssessment_hasEpisode> <TL_3> 1 1 1 1
<6313383> <hasProgressionRelapseAssessment_hasEpisode> <TL_3> 1 1 1 1
<6307168> <hasProgressionRelapseAssessment_hasEpisode> <TL_1> 1 1 1 1
<6010342> <hasProgressionRelapseAssessment_hasEpisode> <TL_1> 0 0 0 0
<905828> <hasProgressionRelapseAssessment_hasEpisode> <TL_1> 1 1 1 1
<6315571> <hasProgressionRelapseAssessment_hasEpisode> <TL_1> 1 1 1 1
<9909143> <hasProgressionRelapseAssessment_hasEpisode> <TL_1> 1 1 1 1
<9703839> <hasProgressionRelapseAssessment_hasEpisode> <TL_1> 1 1 1 1
<916433> <hasProgressionRelapseAssessment_hasEpisode> <TL_2> 1 1 1 1
<2103671> <hasProgressionRelapseAssessment_hasEpisode> <TL_1> 1 1 1 1
<415913> <hasProgressionRelapseAssessment_hasEpisode> <TL_1> 1 1 1 1
<413883> <hasProgressionRelapseAssessment_hasEpisode> <TL_1> 1 1 1 1
<4607097> <hasProgressionRelapseAssessment_hasEpisode> <TL_1> 1 1 1 1
<917234> <hasProgressionRelapseAssessment_hasEpisode> <TL_2> 1 1 1 1
<917234> <hasProgressionRelapseAssessment_hasEpisode> <TL_3> 1 1 1 1
<1301730> <hasProgressionRelapseAssessment_hasEpisode> <TL_3> 1 1 1 1
<1503443> <hasProgressionRelapseAssessment_hasEpisode> <TL_3> 1 1 1 1
<2505256> <hasProgressionRelapseAssessment_hasEpisode> <TL_3> 1 1 1 1
<414387> <hasProgressionRelapseAssessment_hasEpisode> <TL_3> 1 1 1 1
<5102899> <hasProgressionRelapseAssessment_hasEpisode> <TL_3> 1 1 1 1
<513741> <hasProgressionRelapseAssessment_hasEpisode> <TL_3> 1 1 1 1
<7000300> <hasProgressionRelapseAssessment_hasEpisode> <TL_3> 1 1 1 1
<9408652> <hasProgressionRelapseAssessment_hasEpisode> <TL_3> 1 1 1 1
<9411416> <hasProgressionRelapseAssessment_hasEpisode> <TL_3> 1 1 1 1
<906814> <hasProgressionRelapseAssessment_hasEpisode> <TL_3> 1 1 1 1
<9414083> <hasProgressionRelapseAssessment_hasEpisode> <TL_3> 1 1 1 1
<9714391> <hasProgressionRelapseAssessment_hasEpisode> <TL_3> 1 1 1 1
