<1500907> <has_cancer_metastasized_to_pleural_effusion> <Yes> 67 65 0 0
<15701856> <has_cancer_metastasized_to_pleural_effusion> <Yes> 0 0 0 0
<503289> <has_cancer_metastasized_to_pleural_effusion> <Yes> 59 57 0 0
<1306278> <has_cancer_metastasized_to_pleural_effusion> <Yes> 72 70 0 0
<206597> <has_cancer_metastasized_to_pleural_effusion> <Yes> 72 70 0 0
<2806064> <has_cancer_metastasized_to_pleural_effusion> <Yes> 0 0 0 0
<207938> <has_cancer_metastasized_to_pleural_effusion> <Yes> 13 13 0 0
<9708627> <has_cancer_metastasized_to_pleural_effusion> <Yes> 15 15 0 0
<3709594> <has_cancer_metastasized_to_pleural_effusion> <Yes> 72 70 0 0
<208932> <has_cancer_metastasized_to_pleural_effusion> <Yes> 64 62 0 0
<513060> <has_cancer_metastasized_to_pleural_effusion> <Yes> 23 23 0 0
<9713363> <has_cancer_metastasized_to_pleural_effusion> <Yes> 92 90 0 0
<513686> <has_cancer_metastasized_to_pleural_effusion> <Yes> 51 49 0 0
<2813548> <has_cancer_metastasized_to_pleural_effusion> <Yes> 51 49 0 0
<2312792> <has_cancer_metastasized_to_pleural_effusion> <Yes> 0 0 0 0
<1314289> <has_cancer_metastasized_to_pleural_effusion> <Yes> 71 69 0 0
<1315117> <has_cancer_metastasized_to_pleural_effusion> <Yes> 95 93 0 0
<7214959> <has_cancer_metastasized_to_pleural_effusion> <Yes> 57 55 0 0
<417200> <has_cancer_metastasized_to_pleural_effusion> <Yes> 52 50 0 0
<5301002> <has_cancer_metastasized_to_pleural_effusion> <Yes> 72 70 0 0
<301444> <has_cancer_metastasized_to_pleural_effusion> <Yes> 55 53 0 0
<15700266> <has_cancer_metastasized_to_pleural_effusion> <Yes> 59 57 0 0
<916607> <has_cancer_metastasized_to_pleural_effusion> <Yes> 52 50 0 0
<10600797> <has_cancer_metastasized_to_pleural_effusion> <Yes> 72 70 0 0
<202281> <has_cancer_metastasized_to_pleural_effusion> <Yes> 15 15 0 0
<2301197> <has_cancer_metastasized_to_pleural_effusion> <Yes> 49 47 0 0
<1300704> <has_cancer_metastasized_to_pleural_effusion> <Yes> 57 55 0 0
<102125> <has_cancer_metastasized_to_pleural_effusion> <Yes> 60 58 0 0
<4305935> <has_cancer_metastasized_to_pleural_effusion> <Yes> 71 69 0 0
<3408805> <has_cancer_metastasized_to_pleural_effusion> <Yes> 70 68 0 0
<1509559> <has_cancer_metastasized_to_pleural_effusion> <Yes> 72 70 0 0
<916893> <has_cancer_metastasized_to_pleural_effusion> <Yes> 16 16 0 0
<409439> <has_cancer_metastasized_to_pleural_effusion> <Yes> 72 70 0 0
<15717536> <has_cancer_metastasized_to_pleural_effusion> <Yes> 10 10 1 1
<3508801> <has_cancer_metastasized_to_pleural_effusion> <Yes> 14 14 0 0
<509007> <has_cancer_metastasized_to_pleural_effusion> <Yes> 58 56 0 0
<5316163> <has_cancer_metastasized_to_pleural_effusion> <Yes> 72 70 0 0
<5110538> <has_cancer_metastasized_to_pleural_effusion> <Yes> 58 56 0 0
<201492> <has_cancer_metastasized_to_pleural_effusion> <Yes> 59 57 0 0
<101873> <has_cancer_metastasized_to_pleural_effusion> <Yes> 58 56 0 0
<7404244> <has_cancer_metastasized_to_pleural_effusion> <Yes> 5 5 1 1
<3704544> <has_cancer_metastasized_to_pleural_effusion> <Yes> 6 6 1 1
<203974> <has_cancer_metastasized_to_pleural_effusion> <Yes> 60 58 0 0
<7404609> <has_cancer_metastasized_to_pleural_effusion> <Yes> 0 0 0 0
<15706133> <has_cancer_metastasized_to_pleural_effusion> <Yes> 0 0 0 0
<107984> <has_cancer_metastasized_to_pleural_effusion> <Yes> 65 63 0 0
<408732> <has_cancer_metastasized_to_pleural_effusion> <Yes> 21 21 0 0
<508944> <has_cancer_metastasized_to_pleural_effusion> <Yes> 0 0 0 0
<509055> <has_cancer_metastasized_to_pleural_effusion> <Yes> 81 79 0 0
<1509911> <has_cancer_metastasized_to_pleural_effusion> <Yes> 59 57 0 0
<413183> <has_cancer_metastasized_to_pleural_effusion> <Yes> 0 0 0 0
<1314009> <has_cancer_metastasized_to_pleural_effusion> <Yes> 50 48 0 0
<514364> <has_cancer_metastasized_to_pleural_effusion> <Yes> 51 49 0 0
<5314963> <has_cancer_metastasized_to_pleural_effusion> <Yes> 44 43 0 0
<6315712> <has_cancer_metastasized_to_pleural_effusion> <Yes> 58 56 0 0
<5315806> <has_cancer_metastasized_to_pleural_effusion> <Yes> 43 42 0 0
<2815965> <has_cancer_metastasized_to_pleural_effusion> <Yes> 70 68 0 0
<2816235> <has_cancer_metastasized_to_pleural_effusion> <Yes> 0 0 0 0
<2816476> <has_cancer_metastasized_to_pleural_effusion> <Yes> 0 0 0 0
<101885> <has_cancer_metastasized_to_pleural_effusion> <Yes> 72 70 0 0
<916874> <has_cancer_metastasized_to_pleural_effusion> <Yes> 16 16 0 0
<202383> <has_cancer_metastasized_to_pleural_effusion> <Yes> 71 69 0 0
<503001> <has_cancer_metastasized_to_pleural_effusion> <Yes> 13 13 0 0
<503181> <has_cancer_metastasized_to_pleural_effusion> <Yes> 15 15 0 0
<11405821> <has_cancer_metastasized_to_pleural_effusion> <Yes> 16 16 0 0
<205413> <has_cancer_metastasized_to_pleural_effusion> <Yes> 53 51 0 0
<5113487> <has_cancer_metastasized_to_pleural_effusion> <Yes> 60 58 0 0
<5117238> <has_cancer_metastasized_to_pleural_effusion> <Yes> 17 17 0 0
<514021> <has_cancer_metastasized_to_pleural_effusion> <Yes> 59 57 0 0
<3410526> <has_cancer_metastasized_to_pleural_effusion> <Yes> 16 16 0 0
<206542> <has_cancer_metastasized_to_pleural_effusion> <Yes> 50 48 0 0
<5106393> <has_cancer_metastasized_to_pleural_effusion> <Yes> 71 69 0 0
<205134> <has_cancer_metastasized_to_pleural_effusion> <Yes> 16 16 0 0
<5106366> <has_cancer_metastasized_to_pleural_effusion> <Yes> 15 15 0 0
<1500905> <has_cancer_metastasized_to_pleural_effusion> <Yes> 16 16 0 0
<6311741> <has_cancer_metastasized_to_pleural_effusion> <Yes> 43 42 0 0
