<2100832> <has_cancer_metastasized_to_liver> <Yes> 15 15 0 0
<6400587> <has_cancer_metastasized_to_liver> <Yes> 54 52 0 0
<15701649> <has_cancer_metastasized_to_liver> <Yes> 32 30 0 0
<5301423> <has_cancer_metastasized_to_liver> <Yes> 24 22 0 0
<5102903> <has_cancer_metastasized_to_liver> <Yes> 52 50 0 0
<14702394> <has_cancer_metastasized_to_liver> <Yes> 53 51 0 0
<14702384> <has_cancer_metastasized_to_liver> <Yes> 62 60 0 0
<3404807> <has_cancer_metastasized_to_liver> <Yes> 53 51 0 0
<14705097> <has_cancer_metastasized_to_liver> <Yes> 26 24 0 0
<906976> <has_cancer_metastasized_to_liver> <Yes> 80 78 0 0
<508066> <has_cancer_metastasized_to_liver> <Yes> 30 28 0 0
<4910703> <has_cancer_metastasized_to_liver> <Yes> 81 79 0 0
<410223> <has_cancer_metastasized_to_liver> <Yes> 24 22 0 0
<5510112> <has_cancer_metastasized_to_liver> <Yes> 81 79 0 0
<313032> <has_cancer_metastasized_to_liver> <Yes> 16 16 0 0
<211720> <has_cancer_metastasized_to_liver> <Yes> 33 31 0 0
<1213440> <has_cancer_metastasized_to_liver> <Yes> 81 79 0 0
<10612093> <has_cancer_metastasized_to_liver> <Yes> 25 23 0 0
<513121> <has_cancer_metastasized_to_liver> <Yes> 0 0 0 0
<413472> <has_cancer_metastasized_to_liver> <Yes> 0 0 0 0
<3812566> <has_cancer_metastasized_to_liver> <Yes> 54 52 0 0
<6312405> <has_cancer_metastasized_to_liver> <Yes> 39 37 0 0
<12915109> <has_cancer_metastasized_to_liver> <Yes> 30 28 0 0
<415404> <has_cancer_metastasized_to_liver> <Yes> 0 0 0 0
<516193> <has_cancer_metastasized_to_liver> <Yes> 24 22 0 0
<516754> <has_cancer_metastasized_to_liver> <Yes> 33 31 0 0
<2816809> <has_cancer_metastasized_to_liver> <Yes> 63 61 0 0
<3703504> <has_cancer_metastasized_to_liver> <Yes> 54 52 0 0
<5105589> <has_cancer_metastasized_to_liver> <Yes> 33 31 0 0
<9409216> <has_cancer_metastasized_to_liver> <Yes> 53 51 0 0
<2305369> <has_cancer_metastasized_to_liver> <Yes> 35 33 0 0
<514312> <has_cancer_metastasized_to_liver> <Yes> 34 32 0 0
<1314673> <has_cancer_metastasized_to_liver> <Yes> 0 0 0 0
<210125> <has_cancer_metastasized_to_liver> <Yes> 81 79 0 0
<4911019> <has_cancer_metastasized_to_liver> <Yes> 54 52 0 0
<5102740> <has_cancer_metastasized_to_liver> <Yes> 44 42 0 0
<2505024> <has_cancer_metastasized_to_liver> <Yes> 38 36 0 0
<1500611> <has_cancer_metastasized_to_liver> <Yes> 0 0 0 0
<12914382> <has_cancer_metastasized_to_liver> <Yes> 34 32 0 0
<9700557> <has_cancer_metastasized_to_liver> <Yes> 62 60 0 0
<10600617> <has_cancer_metastasized_to_liver> <Yes> 17 17 0 0
<501226> <has_cancer_metastasized_to_liver> <Yes> 80 78 0 0
<1301928> <has_cancer_metastasized_to_liver> <Yes> 54 52 0 0
<4602355> <has_cancer_metastasized_to_liver> <Yes> 23 21 0 0
<2803646> <has_cancer_metastasized_to_liver> <Yes> 0 0 0 0
<503089> <has_cancer_metastasized_to_liver> <Yes> 0 0 0 0
<903110> <has_cancer_metastasized_to_liver> <Yes> 63 61 0 0
<205413> <has_cancer_metastasized_to_liver> <Yes> 35 33 0 0
<1306515> <has_cancer_metastasized_to_liver> <Yes> 33 31 0 0
<5304878> <has_cancer_metastasized_to_liver> <Yes> 33 31 0 0
<5106075> <has_cancer_metastasized_to_liver> <Yes> 18 18 0 0
<1305920> <has_cancer_metastasized_to_liver> <Yes> 0 0 0 0
<2305899> <has_cancer_metastasized_to_liver> <Yes> 51 49 0 0
<2806036> <has_cancer_metastasized_to_liver> <Yes> 83 81 0 0
<906907> <has_cancer_metastasized_to_liver> <Yes> 83 81 0 0
<2307326> <has_cancer_metastasized_to_liver> <Yes> 63 61 0 0
<508189> <has_cancer_metastasized_to_liver> <Yes> 54 52 0 0
<2306769> <has_cancer_metastasized_to_liver> <Yes> 0 0 0 0
<3510752> <has_cancer_metastasized_to_liver> <Yes> 43 41 0 0
<1310063> <has_cancer_metastasized_to_liver> <Yes> 51 49 0 0
<4910569> <has_cancer_metastasized_to_liver> <Yes> 53 51 0 0
<109532> <has_cancer_metastasized_to_liver> <Yes> 0 0 0 0
<513200> <has_cancer_metastasized_to_liver> <Yes> 52 50 0 0
<212955> <has_cancer_metastasized_to_liver> <Yes> 0 0 0 0
<2914776> <has_cancer_metastasized_to_liver> <Yes> 26 24 0 0
<5315386> <has_cancer_metastasized_to_liver> <Yes> 76 74 0 0
<3314961> <has_cancer_metastasized_to_liver> <Yes> 0 0 0 0
<1314551> <has_cancer_metastasized_to_liver> <Yes> 54 52 0 0
<7214847> <has_cancer_metastasized_to_liver> <Yes> 32 30 0 0
<2100734> <has_cancer_metastasized_to_liver> <Yes> 81 79 0 0
<702320> <has_cancer_metastasized_to_liver> <Yes> 0 0 0 0
<3602144> <has_cancer_metastasized_to_liver> <Yes> 52 50 0 0
<1216547> <has_cancer_metastasized_to_liver> <Yes> 0 0 0 0
<5316161> <has_cancer_metastasized_to_liver> <Yes> 81 79 0 0
<5305801> <has_cancer_metastasized_to_liver> <Yes> 77 75 0 0
<5305803> <has_cancer_metastasized_to_liver> <Yes> 63 61 0 0
<1305690> <has_cancer_metastasized_to_liver> <Yes> 62 60 0 0
<2905791> <has_cancer_metastasized_to_liver> <Yes> 16 16 0 0
<5305980> <has_cancer_metastasized_to_liver> <Yes> 62 60 0 0
<5109252> <has_cancer_metastasized_to_liver> <Yes> 51 49 0 0
<2804520> <has_cancer_metastasized_to_liver> <Yes> 51 49 0 0
<503179> <has_cancer_metastasized_to_liver> <Yes> 23 21 0 0
<3405218> <has_cancer_metastasized_to_liver> <Yes> 41 39 0 0
<110721> <has_cancer_metastasized_to_liver> <Yes> 81 79 0 0
<2300042> <has_cancer_metastasized_to_liver> <Yes> 63 61 0 0
<12914286> <has_cancer_metastasized_to_liver> <Yes> 32 30 0 0
<514076> <has_cancer_metastasized_to_liver> <Yes> 24 22 0 0
<507741> <has_cancer_metastasized_to_liver> <Yes> 54 52 0 0
<508861> <has_cancer_metastasized_to_liver> <Yes> 33 31 0 0
<208572> <has_cancer_metastasized_to_liver> <Yes> 62 60 0 0
<205064> <has_cancer_metastasized_to_liver> <Yes> 25 23 0 0
<2101491> <has_cancer_metastasized_to_liver> <Yes> 80 78 0 0
