<101873> <has_cancer_metastasized_to_extrathoracic_lymphadenopaties> <Yes> 33 27 0 0
<503060> <has_cancer_metastasized_to_extrathoracic_lymphadenopaties> <Yes> 31 25 0 0
<503949> <has_cancer_metastasized_to_extrathoracic_lymphadenopaties> <Yes> 32 26 0 0
<7404357> <has_cancer_metastasized_to_extrathoracic_lymphadenopaties> <Yes> 34 28 0 0
<14603600> <has_cancer_metastasized_to_extrathoracic_lymphadenopaties> <Yes> 80 72 0 0
<204282> <has_cancer_metastasized_to_extrathoracic_lymphadenopaties> <Yes> 85 77 0 0
<204917> <has_cancer_metastasized_to_extrathoracic_lymphadenopaties> <Yes> 77 69 0 0
<3505953> <has_cancer_metastasized_to_extrathoracic_lymphadenopaties> <Yes> 32 26 0 0
<5106925> <has_cancer_metastasized_to_extrathoracic_lymphadenopaties> <Yes> 32 26 0 0
<2806963> <has_cancer_metastasized_to_extrathoracic_lymphadenopaties> <Yes> 30 24 0 0
<207369> <has_cancer_metastasized_to_extrathoracic_lymphadenopaties> <Yes> 66 58 0 0
<6010372> <has_cancer_metastasized_to_extrathoracic_lymphadenopaties> <Yes> 68 60 0 0
<9410210> <has_cancer_metastasized_to_extrathoracic_lymphadenopaties> <Yes> 60 52 0 0
<2808876> <has_cancer_metastasized_to_extrathoracic_lymphadenopaties> <Yes> 33 27 0 0
<210026> <has_cancer_metastasized_to_extrathoracic_lymphadenopaties> <Yes> 35 29 0 0
<513374> <has_cancer_metastasized_to_extrathoracic_lymphadenopaties> <Yes> 33 27 0 0
<15714639> <has_cancer_metastasized_to_extrathoracic_lymphadenopaties> <Yes> 63 55 0 0
<416756> <has_cancer_metastasized_to_extrathoracic_lymphadenopaties> <Yes> 22 18 0 0
<1500905> <has_cancer_metastasized_to_extrathoracic_lymphadenopaties> <Yes> 33 27 0 0
<205064> <has_cancer_metastasized_to_extrathoracic_lymphadenopaties> <Yes> 41 34 0 0
<507562> <has_cancer_metastasized_to_extrathoracic_lymphadenopaties> <Yes> 85 77 0 0
<508266> <has_cancer_metastasized_to_extrathoracic_lymphadenopaties> <Yes> 58 50 0 0
<503940> <has_cancer_metastasized_to_extrathoracic_lymphadenopaties> <Yes> 54 47 0 0
<211797> <has_cancer_metastasized_to_extrathoracic_lymphadenopaties> <Yes> 33 27 0 0
<516337> <has_cancer_metastasized_to_extrathoracic_lymphadenopaties> <Yes> 33 27 0 0
<208052> <has_cancer_metastasized_to_extrathoracic_lymphadenopaties> <Yes> 23 19 0 0
<5104313> <has_cancer_metastasized_to_extrathoracic_lymphadenopaties> <Yes> 30 24 0 0
<204053> <has_cancer_metastasized_to_extrathoracic_lymphadenopaties> <Yes> 85 77 0 0
<2300610> <has_cancer_metastasized_to_extrathoracic_lymphadenopaties> <Yes> 32 26 0 0
<1501034> <has_cancer_metastasized_to_extrathoracic_lymphadenopaties> <Yes> 34 28 0 0
<1202332> <has_cancer_metastasized_to_extrathoracic_lymphadenopaties> <Yes> 34 28 0 0
<2801977> <has_cancer_metastasized_to_extrathoracic_lymphadenopaties> <Yes> 34 28 0 0
<11405815> <has_cancer_metastasized_to_extrathoracic_lymphadenopaties> <Yes> 32 26 0 0
<2304742> <has_cancer_metastasized_to_extrathoracic_lymphadenopaties> <Yes> 31 25 0 0
<508049> <has_cancer_metastasized_to_extrathoracic_lymphadenopaties> <Yes> 33 27 0 0
<1305851> <has_cancer_metastasized_to_extrathoracic_lymphadenopaties> <Yes> 33 27 0 0
<204740> <has_cancer_metastasized_to_extrathoracic_lymphadenopaties> <Yes> 34 28 0 0
<507613> <has_cancer_metastasized_to_extrathoracic_lymphadenopaties> <Yes> 34 28 0 0
<1310119> <has_cancer_metastasized_to_extrathoracic_lymphadenopaties> <Yes> 17 13 0 0
<2811573> <has_cancer_metastasized_to_extrathoracic_lymphadenopaties> <Yes> 32 26 0 0
<2312402> <has_cancer_metastasized_to_extrathoracic_lymphadenopaties> <Yes> 14 10 0 1
<111272> <has_cancer_metastasized_to_extrathoracic_lymphadenopaties> <Yes> 84 76 0 0
<513348> <has_cancer_metastasized_to_extrathoracic_lymphadenopaties> <Yes> 34 28 0 0
<311825> <has_cancer_metastasized_to_extrathoracic_lymphadenopaties> <Yes> 90 82 0 0
<1314717> <has_cancer_metastasized_to_extrathoracic_lymphadenopaties> <Yes> 9 8 1 1
<12915492> <has_cancer_metastasized_to_extrathoracic_lymphadenopaties> <Yes> 34 28 0 0
<514157> <has_cancer_metastasized_to_extrathoracic_lymphadenopaties> <Yes> 80 72 0 0
<2101418> <has_cancer_metastasized_to_extrathoracic_lymphadenopaties> <Yes> 57 50 0 0
<5506993> <has_cancer_metastasized_to_extrathoracic_lymphadenopaties> <Yes> 34 28 0 0
<2305195> <has_cancer_metastasized_to_extrathoracic_lymphadenopaties> <Yes> 54 47 0 0
<207436> <has_cancer_metastasized_to_extrathoracic_lymphadenopaties> <Yes> 32 26 0 0
<5111266> <has_cancer_metastasized_to_extrathoracic_lymphadenopaties> <Yes> 85 77 0 0
<416451> <has_cancer_metastasized_to_extrathoracic_lymphadenopaties> <Yes> 33 27 0 0
<409591> <has_cancer_metastasized_to_extrathoracic_lymphadenopaties> <Yes> 32 26 0 0
<6307125> <has_cancer_metastasized_to_extrathoracic_lymphadenopaties> <Yes> 32 26 0 0
