<1300379> <has_cancer_metastasized_to_adrenal> <Yes> 46 46 0 0
<701761> <has_cancer_metastasized_to_adrenal> <Yes> 65 65 0 0
<3702910> <has_cancer_metastasized_to_adrenal> <Yes> 34 34 0 0
<503108> <has_cancer_metastasized_to_adrenal> <Yes> 0 0 0 0
<503915> <has_cancer_metastasized_to_adrenal> <Yes> 47 47 0 0
<5505491> <has_cancer_metastasized_to_adrenal> <Yes> 48 48 0 0
<2304630> <has_cancer_metastasized_to_adrenal> <Yes> 6 6 1 1
<11405657> <has_cancer_metastasized_to_adrenal> <Yes> 58 58 0 0
<7406483> <has_cancer_metastasized_to_adrenal> <Yes> 52 52 0 0
<2806014> <has_cancer_metastasized_to_adrenal> <Yes> 60 60 0 0
<3704714> <has_cancer_metastasized_to_adrenal> <Yes> 44 44 0 0
<1305545> <has_cancer_metastasized_to_adrenal> <Yes> 15 15 0 0
<1306334> <has_cancer_metastasized_to_adrenal> <Yes> 39 39 0 0
<5106925> <has_cancer_metastasized_to_adrenal> <Yes> 38 38 0 0
<507900> <has_cancer_metastasized_to_adrenal> <Yes> 33 33 0 0
<107788> <has_cancer_metastasized_to_adrenal> <Yes> 57 57 0 0
<507509> <has_cancer_metastasized_to_adrenal> <Yes> 70 70 0 0
<507559> <has_cancer_metastasized_to_adrenal> <Yes> 48 48 0 0
<2111532> <has_cancer_metastasized_to_adrenal> <Yes> 0 0 0 0
<508997> <has_cancer_metastasized_to_adrenal> <Yes> 25 25 0 0
<6312905> <has_cancer_metastasized_to_adrenal> <Yes> 64 64 0 0
<513366> <has_cancer_metastasized_to_adrenal> <Yes> 11 11 0 0
<5112958> <has_cancer_metastasized_to_adrenal> <Yes> 24 24 0 0
<2311679> <has_cancer_metastasized_to_adrenal> <Yes> 32 32 0 0
<514182> <has_cancer_metastasized_to_adrenal> <Yes> 58 58 0 0
<3315526> <has_cancer_metastasized_to_adrenal> <Yes> 69 69 0 0
<15714631> <has_cancer_metastasized_to_adrenal> <Yes> 0 0 0 0
<416444> <has_cancer_metastasized_to_adrenal> <Yes> 24 24 0 0
<6300140> <has_cancer_metastasized_to_adrenal> <Yes> 38 38 0 0
<7404246> <has_cancer_metastasized_to_adrenal> <Yes> 57 57 0 0
<3507806> <has_cancer_metastasized_to_adrenal> <Yes> 22 22 0 0
<1306030> <has_cancer_metastasized_to_adrenal> <Yes> 78 78 0 0
<207048> <has_cancer_metastasized_to_adrenal> <Yes> 57 57 0 0
<2810617> <has_cancer_metastasized_to_adrenal> <Yes> 24 24 0 0
<2300610> <has_cancer_metastasized_to_adrenal> <Yes> 45 45 0 0
<3509567> <has_cancer_metastasized_to_adrenal> <Yes> 46 46 0 0
<7717071> <has_cancer_metastasized_to_adrenal> <Yes> 23 23 0 0
<2101455> <has_cancer_metastasized_to_adrenal> <Yes> 58 58 0 0
<1300145> <has_cancer_metastasized_to_adrenal> <Yes> 69 69 0 0
<2900533> <has_cancer_metastasized_to_adrenal> <Yes> 39 39 0 0
<2100831> <has_cancer_metastasized_to_adrenal> <Yes> 65 65 0 0
<2100728> <has_cancer_metastasized_to_adrenal> <Yes> 32 32 0 0
<201864> <has_cancer_metastasized_to_adrenal> <Yes> 70 70 0 0
<2303893> <has_cancer_metastasized_to_adrenal> <Yes> 64 64 0 0
<3802503> <has_cancer_metastasized_to_adrenal> <Yes> 0 0 0 0
<1305772> <has_cancer_metastasized_to_adrenal> <Yes> 24 24 0 0
<6605839> <has_cancer_metastasized_to_adrenal> <Yes> 21 21 0 0
<1305597> <has_cancer_metastasized_to_adrenal> <Yes> 78 78 0 0
<1306515> <has_cancer_metastasized_to_adrenal> <Yes> 24 24 0 0
<5106753> <has_cancer_metastasized_to_adrenal> <Yes> 23 23 0 0
<9408833> <has_cancer_metastasized_to_adrenal> <Yes> 0 0 0 0
<3006821> <has_cancer_metastasized_to_adrenal> <Yes> 78 78 0 0
<409399> <has_cancer_metastasized_to_adrenal> <Yes> 64 64 0 0
<409407> <has_cancer_metastasized_to_adrenal> <Yes> 63 63 0 0
<10610945> <has_cancer_metastasized_to_adrenal> <Yes> 0 0 0 0
<111014> <has_cancer_metastasized_to_adrenal> <Yes> 0 0 0 0
<5110401> <has_cancer_metastasized_to_adrenal> <Yes> 24 24 0 0
<9911651> <has_cancer_metastasized_to_adrenal> <Yes> 24 24 0 0
<5312262> <has_cancer_metastasized_to_adrenal> <Yes> 78 78 0 0
<513080> <has_cancer_metastasized_to_adrenal> <Yes> 12 12 0 0
<5314872> <has_cancer_metastasized_to_adrenal> <Yes> 0 0 0 0
<5315946> <has_cancer_metastasized_to_adrenal> <Yes> 31 31 0 0
<5316294> <has_cancer_metastasized_to_adrenal> <Yes> 47 47 0 0
<5516087> <has_cancer_metastasized_to_adrenal> <Yes> 25 25 0 0
<916997> <has_cancer_metastasized_to_adrenal> <Yes> 3 3 1 1
<2107236> <has_cancer_metastasized_to_adrenal> <Yes> 78 78 0 0
<5104329> <has_cancer_metastasized_to_adrenal> <Yes> 64 64 0 0
<11405909> <has_cancer_metastasized_to_adrenal> <Yes> 21 21 0 0
<503936> <has_cancer_metastasized_to_adrenal> <Yes> 70 70 0 0
<15715007> <has_cancer_metastasized_to_adrenal> <Yes> 26 26 0 0
<109837> <has_cancer_metastasized_to_adrenal> <Yes> 46 46 0 0
<3702950> <has_cancer_metastasized_to_adrenal> <Yes> 63 63 0 0
<517078> <has_cancer_metastasized_to_adrenal> <Yes> 44 44 0 0
