<2901428> <has_cancer_metastasized_to_other_locations> <Yes> 0 0 0 0
<1300464> <has_cancer_metastasized_to_other_locations> <Yes> 43 42 0 0
<1300897> <has_cancer_metastasized_to_other_locations> <Yes> 36 35 0 0
<204316> <has_cancer_metastasized_to_other_locations> <Yes> 81 80 0 0
<2510003> <has_cancer_metastasized_to_other_locations> <Yes> 0 0 0 0
<7411361> <has_cancer_metastasized_to_other_locations> <Yes> 51 50 0 0
<9414078> <has_cancer_metastasized_to_other_locations> <Yes> 23 22 0 0
<7404250> <has_cancer_metastasized_to_other_locations> <Yes> 91 90 0 0
<208568> <has_cancer_metastasized_to_other_locations> <Yes> 72 71 0 0
<1213165> <has_cancer_metastasized_to_other_locations> <Yes> 53 52 0 0
<213820> <has_cancer_metastasized_to_other_locations> <Yes> 72 71 0 0
<5305643> <has_cancer_metastasized_to_other_locations> <Yes> 88 87 0 0
<508376> <has_cancer_metastasized_to_other_locations> <Yes> 35 34 0 0
<2100956> <has_cancer_metastasized_to_other_locations> <Yes> 49 48 0 0
<501284> <has_cancer_metastasized_to_other_locations> <Yes> 0 0 0 0
<2904008> <has_cancer_metastasized_to_other_locations> <Yes> 94 93 0 0
<5105543> <has_cancer_metastasized_to_other_locations> <Yes> 37 36 0 0
<2808173> <has_cancer_metastasized_to_other_locations> <Yes> 87 86 0 0
<1309754> <has_cancer_metastasized_to_other_locations> <Yes> 0 0 0 0
<409508> <has_cancer_metastasized_to_other_locations> <Yes> 36 35 0 0
<3712205> <has_cancer_metastasized_to_other_locations> <Yes> 96 95 0 0
<11312223> <has_cancer_metastasized_to_other_locations> <Yes> 0 0 0 0
<2917489> <has_cancer_metastasized_to_other_locations> <Yes> 71 70 0 0
<416391> <has_cancer_metastasized_to_other_locations> <Yes> 0 0 0 0
<1201895> <has_cancer_metastasized_to_other_locations> <Yes> 27 26 0 0
<5103515> <has_cancer_metastasized_to_other_locations> <Yes> 44 43 0 0
<7404362> <has_cancer_metastasized_to_other_locations> <Yes> 71 70 0 0
<5103315> <has_cancer_metastasized_to_other_locations> <Yes> 21 20 0 0
<4205843> <has_cancer_metastasized_to_other_locations> <Yes> 26 25 0 0
<508194> <has_cancer_metastasized_to_other_locations> <Yes> 50 49 0 0
<3410584> <has_cancer_metastasized_to_other_locations> <Yes> 14 13 0 0
<5315222> <has_cancer_metastasized_to_other_locations> <Yes> 72 71 0 0
<508870> <has_cancer_metastasized_to_other_locations> <Yes> 0 0 0 0
<2107237> <has_cancer_metastasized_to_other_locations> <Yes> 86 85 0 0
