<6300215> <has_cancer_metastasized_to_pleural_nodules> <Yes> 7 5 1 1
<10600759> <has_cancer_metastasized_to_pleural_nodules> <Yes> 77 74 0 0
<301015> <has_cancer_metastasized_to_pleural_nodules> <Yes> 26 24 0 0
<1200842> <has_cancer_metastasized_to_pleural_nodules> <Yes> 17 15 0 0
<2902518> <has_cancer_metastasized_to_pleural_nodules> <Yes> 66 63 0 0
<7404349> <has_cancer_metastasized_to_pleural_nodules> <Yes> 0 0 0 0
<305040> <has_cancer_metastasized_to_pleural_nodules> <Yes> 0 0 0 0
<5304864> <has_cancer_metastasized_to_pleural_nodules> <Yes> 96 93 0 0
<1305603> <has_cancer_metastasized_to_pleural_nodules> <Yes> 76 73 0 0
<1305916> <has_cancer_metastasized_to_pleural_nodules> <Yes> 65 62 0 0
<1306515> <has_cancer_metastasized_to_pleural_nodules> <Yes> 51 48 0 0
<1306547> <has_cancer_metastasized_to_pleural_nodules> <Yes> 16 14 0 0
<5106243> <has_cancer_metastasized_to_pleural_nodules> <Yes> 19 17 0 0
<1305600> <has_cancer_metastasized_to_pleural_nodules> <Yes> 16 14 0 0
<14705779> <has_cancer_metastasized_to_pleural_nodules> <Yes> 76 73 0 0
<3306044> <has_cancer_metastasized_to_pleural_nodules> <Yes> 75 72 0 0
<5107354> <has_cancer_metastasized_to_pleural_nodules> <Yes> 35 33 0 0
<3408351> <has_cancer_metastasized_to_pleural_nodules> <Yes> 17 15 0 0
<9408690> <has_cancer_metastasized_to_pleural_nodules> <Yes> 18 16 0 0
<509004> <has_cancer_metastasized_to_pleural_nodules> <Yes> 0 0 0 0
<209992> <has_cancer_metastasized_to_pleural_nodules> <Yes> 0 0 0 0
<4910842> <has_cancer_metastasized_to_pleural_nodules> <Yes> 65 62 0 0
<112089> <has_cancer_metastasized_to_pleural_nodules> <Yes> 67 64 0 0
<9700573> <has_cancer_metastasized_to_pleural_nodules> <Yes> 66 63 0 0
<917123> <has_cancer_metastasized_to_pleural_nodules> <Yes> 15 13 0 0
<1504166> <has_cancer_metastasized_to_pleural_nodules> <Yes> 17 15 0 0
<10807132> <has_cancer_metastasized_to_pleural_nodules> <Yes> 49 46 0 0
<407453> <has_cancer_metastasized_to_pleural_nodules> <Yes> 16 14 0 0
<3505949> <has_cancer_metastasized_to_pleural_nodules> <Yes> 13 11 0 0
<2810617> <has_cancer_metastasized_to_pleural_nodules> <Yes> 51 48 0 0
<11911305> <has_cancer_metastasized_to_pleural_nodules> <Yes> 41 39 0 0
<5110538> <has_cancer_metastasized_to_pleural_nodules> <Yes> 65 62 0 0
<2100671> <has_cancer_metastasized_to_pleural_nodules> <Yes> 90 87 0 0
<4601114> <has_cancer_metastasized_to_pleural_nodules> <Yes> 65 62 0 0
<1305777> <has_cancer_metastasized_to_pleural_nodules> <Yes> 84 81 0 0
<1305789> <has_cancer_metastasized_to_pleural_nodules> <Yes> 51 48 0 0
<3508608> <has_cancer_metastasized_to_pleural_nodules> <Yes> 67 64 0 0
<3508879> <has_cancer_metastasized_to_pleural_nodules> <Yes> 64 61 0 0
<4911039> <has_cancer_metastasized_to_pleural_nodules> <Yes> 18 16 0 0
<110094> <has_cancer_metastasized_to_pleural_nodules> <Yes> 66 63 0 0
<513750> <has_cancer_metastasized_to_pleural_nodules> <Yes> 42 40 0 0
<5115483> <has_cancer_metastasized_to_pleural_nodules> <Yes> 16 14 0 0
<1315140> <has_cancer_metastasized_to_pleural_nodules> <Yes> 17 15 0 0
<5116144> <has_cancer_metastasized_to_pleural_nodules> <Yes> 18 16 0 0
<1200817> <has_cancer_metastasized_to_pleural_nodules> <Yes> 16 14 0 0
<101505> <has_cancer_metastasized_to_pleural_nodules> <Yes> 12 10 0 1
<1201124> <has_cancer_metastasized_to_pleural_nodules> <Yes> 65 62 0 0
<508450> <has_cancer_metastasized_to_pleural_nodules> <Yes> 76 73 0 0
<7404360> <has_cancer_metastasized_to_pleural_nodules> <Yes> 84 81 0 0
<416831> <has_cancer_metastasized_to_pleural_nodules> <Yes> 75 72 0 0
<409439> <has_cancer_metastasized_to_pleural_nodules> <Yes> 85 82 0 0
