<1006644> <has_provenance> <SLCG> 0 0 0 0
<101817> <has_provenance> <SLCG> 0 0 0 0
<101947> <has_provenance> <SLCG> 0 0 0 0
<102366> <has_provenance> <SLCG> 0 0 0 0
<103862> <has_provenance> <SLCG> 0 0 0 0
<10602413> <has_provenance> <SLCG> 0 0 0 0
<10612969> <has_provenance> <SLCG> 0 0 0 0
<10612158> <has_provenance> <SLCG> 0 0 0 0
<10615291> <has_provenance> <SLCG> 0 0 0 0
<10802685> <has_provenance> <SLCG> 0 0 0 0
<108128> <has_provenance> <SLCG> 0 0 0 0
<10612118> <has_provenance> <SLCG> 0 0 0 0
<10610944> <has_provenance> <SLCG> 0 0 0 0
<10601102> <has_provenance> <SLCG> 0 0 0 0
<10801083> <has_provenance> <SLCG> 0 0 0 0
<10600796> <has_provenance> <SLCG> 0 0 0 0
<109386> <has_provenance> <SLCG> 0 0 0 0
<109875> <has_provenance> <SLCG> 0 0 0 0
<11405901> <has_provenance> <SLCG> 0 0 0 0
<116600> <has_provenance> <SLCG> 0 0 0 0
<1200934> <has_provenance> <SLCG> 0 0 0 0
<108162> <has_provenance> <SLCG> 0 0 0 0
<108166> <has_provenance> <SLCG> 0 0 0 0
<11311998> <has_provenance> <SLCG> 0 0 0 0
<11312077> <has_provenance> <SLCG> 0 0 0 0
<109510> <has_provenance> <SLCG> 0 0 0 0
<111383> <has_provenance> <SLCG> 0 0 0 0
<11317218> <has_provenance> <SLCG> 0 0 0 0
<11912348> <has_provenance> <SLCG> 0 0 0 0
<11405823> <has_provenance> <SLCG> 0 0 0 0
<110870> <has_provenance> <SLCG> 0 0 0 0
<101435> <has_provenance> <SLCG> 0 0 0 0
<11313874> <has_provenance> <SLCG> 0 0 0 0
<11317039> <has_provenance> <SLCG> 0 0 0 0
<1214693> <has_provenance> <SLCG> 0 0 0 0
<12914554> <has_provenance> <SLCG> 0 0 0 0
<11312006> <has_provenance> <SLCG> 0 0 0 0
<11312313> <has_provenance> <SLCG> 0 0 0 0
<110053> <has_provenance> <SLCG> 0 0 0 0
<12914819> <has_provenance> <SLCG> 0 0 0 0
<1305597> <has_provenance> <SLCG> 0 0 0 0
<1306139> <has_provenance> <SLCG> 0 0 0 0
<1306350> <has_provenance> <SLCG> 0 0 0 0
<1310772> <has_provenance> <SLCG> 0 0 0 0
<1311270> <has_provenance> <SLCG> 0 0 0 0
<1312861> <has_provenance> <SLCG> 0 0 0 0
<1300756> <has_provenance> <SLCG> 0 0 0 0
<1300891> <has_provenance> <SLCG> 0 0 0 0
<1305682> <has_provenance> <SLCG> 0 0 0 0
<1306304> <has_provenance> <SLCG> 0 0 0 0
<1306376> <has_provenance> <SLCG> 0 0 0 0
<12914506> <has_provenance> <SLCG> 0 0 0 0
<1303364> <has_provenance> <SLCG> 0 0 0 0
<1300459> <has_provenance> <SLCG> 0 0 0 0
<1306683> <has_provenance> <SLCG> 0 0 0 0
<1300452> <has_provenance> <SLCG> 0 0 0 0
<1306302> <has_provenance> <SLCG> 0 0 0 0
<1306213> <has_provenance> <SLCG> 0 0 0 0
<1300637> <has_provenance> <SLCG> 0 0 0 0
<1300789> <has_provenance> <SLCG> 0 0 0 0
<1216616> <has_provenance> <SLCG> 0 0 0 0
<1312956> <has_provenance> <SLCG> 0 0 0 0
<1314606> <has_provenance> <SLCG> 0 0 0 0
<14707701> <has_provenance> <SLCG> 0 0 0 0
<1500844> <has_provenance> <SLCG> 0 0 0 0
<1501050> <has_provenance> <SLCG> 0 0 0 0
<1315409> <has_provenance> <SLCG> 0 0 0 0
<1503528> <has_provenance> <SLCG> 0 0 0 0
<1513066> <has_provenance> <SLCG> 0 0 0 0
<15701407> <has_provenance> <SLCG> 0 0 0 0
<1509533> <has_provenance> <SLCG> 0 0 0 0
<15700322> <has_provenance> <SLCG> 0 0 0 0
<1315088> <has_provenance> <SLCG> 0 0 0 0
<1504560> <has_provenance> <SLCG> 0 0 0 0
<15700194> <has_provenance> <SLCG> 0 0 0 0
<1314783> <has_provenance> <SLCG> 0 0 0 0
<1315804> <has_provenance> <SLCG> 0 0 0 0
<1315091> <has_provenance> <SLCG> 0 0 0 0
<1513995> <has_provenance> <SLCG> 0 0 0 0
<1514483> <has_provenance> <SLCG> 0 0 0 0
<1508577> <has_provenance> <SLCG> 0 0 0 0
<1504913> <has_provenance> <SLCG> 0 0 0 0
<15706090> <has_provenance> <SLCG> 0 0 0 0
<15707821> <has_provenance> <SLCG> 0 0 0 0
<15714638> <has_provenance> <SLCG> 0 0 0 0
<201477> <has_provenance> <SLCG> 0 0 0 0
<201865> <has_provenance> <SLCG> 0 0 0 0
<15714658> <has_provenance> <SLCG> 0 0 0 0
<15717529> <has_provenance> <SLCG> 0 0 0 0
<201795> <has_provenance> <SLCG> 0 0 0 0
<202308> <has_provenance> <SLCG> 0 0 0 0
<203255> <has_provenance> <SLCG> 0 0 0 0
<204030> <has_provenance> <SLCG> 0 0 0 0
<205111> <has_provenance> <SLCG> 0 0 0 0
<205658> <has_provenance> <SLCG> 0 0 0 0
<206170> <has_provenance> <SLCG> 0 0 0 0
<15709816> <has_provenance> <SLCG> 0 0 0 0
<201907> <has_provenance> <SLCG> 0 0 0 0
<202546> <has_provenance> <SLCG> 0 0 0 0
<204050> <has_provenance> <SLCG> 0 0 0 0
<202220> <has_provenance> <SLCG> 0 0 0 0
<15708053> <has_provenance> <SLCG> 0 0 0 0
<204937> <has_provenance> <SLCG> 0 0 0 0
<202055> <has_provenance> <SLCG> 0 0 0 0
<1511128> <has_provenance> <SLCG> 0 0 0 0
<201611> <has_provenance> <SLCG> 0 0 0 0
<1511162> <has_provenance> <SLCG> 0 0 0 0
<202585> <has_provenance> <SLCG> 0 0 0 0
<204783> <has_provenance> <SLCG> 0 0 0 0
<1516739> <has_provenance> <SLCG> 0 0 0 0
<206787> <has_provenance> <SLCG> 0 0 0 0
<204721> <has_provenance> <SLCG> 0 0 0 0
<203926> <has_provenance> <SLCG> 0 0 0 0
<204162> <has_provenance> <SLCG> 0 0 0 0
<207785> <has_provenance> <SLCG> 0 0 0 0
<209490> <has_provenance> <SLCG> 0 0 0 0
<2110960> <has_provenance> <SLCG> 0 0 0 0
<2111532> <has_provenance> <SLCG> 0 0 0 0
<211226> <has_provenance> <SLCG> 0 0 0 0
<2115765> <has_provenance> <SLCG> 0 0 0 0
<212396> <has_provenance> <SLCG> 0 0 0 0
<215668> <has_provenance> <SLCG> 0 0 0 0
<217051> <has_provenance> <SLCG> 0 0 0 0
<210681> <has_provenance> <SLCG> 0 0 0 0
<2110564> <has_provenance> <SLCG> 0 0 0 0
<212172> <has_provenance> <SLCG> 0 0 0 0
<204917> <has_provenance> <SLCG> 0 0 0 0
<208084> <has_provenance> <SLCG> 0 0 0 0
<211746> <has_provenance> <SLCG> 0 0 0 0
<2115766> <has_provenance> <SLCG> 0 0 0 0
<211293> <has_provenance> <SLCG> 0 0 0 0
<204078> <has_provenance> <SLCG> 0 0 0 0
<207976> <has_provenance> <SLCG> 0 0 0 0
<212088> <has_provenance> <SLCG> 0 0 0 0
<202762> <has_provenance> <SLCG> 0 0 0 0
<206706> <has_provenance> <SLCG> 0 0 0 0
<211707> <has_provenance> <SLCG> 0 0 0 0
<2115662> <has_provenance> <SLCG> 0 0 0 0
<210207> <has_provenance> <SLCG> 0 0 0 0
<210009> <has_provenance> <SLCG> 0 0 0 0
<211021> <has_provenance> <SLCG> 0 0 0 0
<2300028> <has_provenance> <SLCG> 0 0 0 0
<210451> <has_provenance> <SLCG> 0 0 0 0
<2306768> <has_provenance> <SLCG> 0 0 0 0
<2307326> <has_provenance> <SLCG> 0 0 0 0
<2310510> <has_provenance> <SLCG> 0 0 0 0
<2312685> <has_provenance> <SLCG> 0 0 0 0
<2715745> <has_provenance> <SLCG> 0 0 0 0
<2804352> <has_provenance> <SLCG> 0 0 0 0
<2808165> <has_provenance> <SLCG> 0 0 0 0
<2312909> <has_provenance> <SLCG> 0 0 0 0
<2307091> <has_provenance> <SLCG> 0 0 0 0
<2307332> <has_provenance> <SLCG> 0 0 0 0
<2305059> <has_provenance> <SLCG> 0 0 0 0
<2505024> <has_provenance> <SLCG> 0 0 0 0
<2300036> <has_provenance> <SLCG> 0 0 0 0
<2304719> <has_provenance> <SLCG> 0 0 0 0
<2308158> <has_provenance> <SLCG> 0 0 0 0
<2302100> <has_provenance> <SLCG> 0 0 0 0
<2808723> <has_provenance> <SLCG> 0 0 0 0
<2304972> <has_provenance> <SLCG> 0 0 0 0
<2307323> <has_provenance> <SLCG> 0 0 0 0
<2112065> <has_provenance> <SLCG> 0 0 0 0
<2804485> <has_provenance> <SLCG> 0 0 0 0
<2810618> <has_provenance> <SLCG> 0 0 0 0
<2806618> <has_provenance> <SLCG> 0 0 0 0
<2305017> <has_provenance> <SLCG> 0 0 0 0
<211892> <has_provenance> <SLCG> 0 0 0 0
<2309218> <has_provenance> <SLCG> 0 0 0 0
<2812853> <has_provenance> <SLCG> 0 0 0 0
<2815927> <has_provenance> <SLCG> 0 0 0 0
<2903693> <has_provenance> <SLCG> 0 0 0 0
<2903694> <has_provenance> <SLCG> 0 0 0 0
<2908941> <has_provenance> <SLCG> 0 0 0 0
<2916078> <has_provenance> <SLCG> 0 0 0 0
<300255> <has_provenance> <SLCG> 0 0 0 0
<300428> <has_provenance> <SLCG> 0 0 0 0
<301086> <has_provenance> <SLCG> 0 0 0 0
<2902445> <has_provenance> <SLCG> 0 0 0 0
<2904006> <has_provenance> <SLCG> 0 0 0 0
<2905607> <has_provenance> <SLCG> 0 0 0 0
<2810614> <has_provenance> <SLCG> 0 0 0 0
<300398> <has_provenance> <SLCG> 0 0 0 0
<2814499> <has_provenance> <SLCG> 0 0 0 0
<2816842> <has_provenance> <SLCG> 0 0 0 0
<2811007> <has_provenance> <SLCG> 0 0 0 0
<3017060> <has_provenance> <SLCG> 0 0 0 0
<300855> <has_provenance> <SLCG> 0 0 0 0
<109965> <has_provenance> <SLCG> 0 0 0 0
<213313> <has_provenance> <SLCG> 0 0 0 0
<104524> <has_provenance> <SLCG> 0 0 0 0
<10612108> <has_provenance> <SLCG> 0 0 0 0
<10601123> <has_provenance> <SLCG> 0 0 0 0
<10612093> <has_provenance> <SLCG> 0 0 0 0
<10816491> <has_provenance> <SLCG> 0 0 0 0
<10613564> <has_provenance> <SLCG> 0 0 0 0
<10805378> <has_provenance> <SLCG> 0 0 0 0
<10803800> <has_provenance> <SLCG> 0 0 0 0
<10610643> <has_provenance> <SLCG> 0 0 0 0
<102948> <has_provenance> <SLCG> 0 0 0 0
<10612120> <has_provenance> <SLCG> 0 0 0 0
<10816595> <has_provenance> <SLCG> 0 0 0 0
<102907> <has_provenance> <SLCG> 0 0 0 0
<109477> <has_provenance> <SLCG> 0 0 0 0
<110689> <has_provenance> <SLCG> 0 0 0 0
<110979> <has_provenance> <SLCG> 0 0 0 0
<11312201> <has_provenance> <SLCG> 0 0 0 0
<11312311> <has_provenance> <SLCG> 0 0 0 0
<11312885> <has_provenance> <SLCG> 0 0 0 0
<11314171> <has_provenance> <SLCG> 0 0 0 0
<108233> <has_provenance> <SLCG> 0 0 0 0
<112435> <has_provenance> <SLCG> 0 0 0 0
<110350> <has_provenance> <SLCG> 0 0 0 0
<11913099> <has_provenance> <SLCG> 0 0 0 0
<1200711> <has_provenance> <SLCG> 0 0 0 0
<1201021> <has_provenance> <SLCG> 0 0 0 0
<1213169> <has_provenance> <SLCG> 0 0 0 0
<1216076> <has_provenance> <SLCG> 0 0 0 0
<1213218> <has_provenance> <SLCG> 0 0 0 0
<1201115> <has_provenance> <SLCG> 0 0 0 0
<12914319> <has_provenance> <SLCG> 0 0 0 0
<109791> <has_provenance> <SLCG> 0 0 0 0
<11312882> <has_provenance> <SLCG> 0 0 0 0
<11313509> <has_provenance> <SLCG> 0 0 0 0
<112440> <has_provenance> <SLCG> 0 0 0 0
<11911402> <has_provenance> <SLCG> 0 0 0 0
<1200518> <has_provenance> <SLCG> 0 0 0 0
<12913958> <has_provenance> <SLCG> 0 0 0 0
<109409> <has_provenance> <SLCG> 0 0 0 0
<1214894> <has_provenance> <SLCG> 0 0 0 0
<1200521> <has_provenance> <SLCG> 0 0 0 0
<1200591> <has_provenance> <SLCG> 0 0 0 0
<1201898> <has_provenance> <SLCG> 0 0 0 0
<1213460> <has_provenance> <SLCG> 0 0 0 0
<109740> <has_provenance> <SLCG> 0 0 0 0
<12915896> <has_provenance> <SLCG> 0 0 0 0
<1301571> <has_provenance> <SLCG> 0 0 0 0
<1302025> <has_provenance> <SLCG> 0 0 0 0
<1303305> <has_provenance> <SLCG> 0 0 0 0
<1303612> <has_provenance> <SLCG> 0 0 0 0
<1303834> <has_provenance> <SLCG> 0 0 0 0
<1301730> <has_provenance> <SLCG> 0 0 0 0
<1302067> <has_provenance> <SLCG> 0 0 0 0
<1305605> <has_provenance> <SLCG> 0 0 0 0
<1308145> <has_provenance> <SLCG> 0 0 0 0
<1310823> <has_provenance> <SLCG> 0 0 0 0
<1313382> <has_provenance> <SLCG> 0 0 0 0
<1314595> <has_provenance> <SLCG> 0 0 0 0
<1305553> <has_provenance> <SLCG> 0 0 0 0
<1306612> <has_provenance> <SLCG> 0 0 0 0
<1300515> <has_provenance> <SLCG> 0 0 0 0
<1300875> <has_provenance> <SLCG> 0 0 0 0
<11911847> <has_provenance> <SLCG> 0 0 0 0
<1300499> <has_provenance> <SLCG> 0 0 0 0
<1302171> <has_provenance> <SLCG> 0 0 0 0
<1305767> <has_provenance> <SLCG> 0 0 0 0
<12914266> <has_provenance> <SLCG> 0 0 0 0
<1300513> <has_provenance> <SLCG> 0 0 0 0
<1315146> <has_provenance> <SLCG> 0 0 0 0
<14505939> <has_provenance> <SLCG> 0 0 0 0
<1500601> <has_provenance> <SLCG> 0 0 0 0
<1504861> <has_provenance> <SLCG> 0 0 0 0
<1504914> <has_provenance> <SLCG> 0 0 0 0
<1516298> <has_provenance> <SLCG> 0 0 0 0
<1516768> <has_provenance> <SLCG> 0 0 0 0
<1314839> <has_provenance> <SLCG> 0 0 0 0
<14707033> <has_provenance> <SLCG> 0 0 0 0
<1315685> <has_provenance> <SLCG> 0 0 0 0
<1515335> <has_provenance> <SLCG> 0 0 0 0
<15701750> <has_provenance> <SLCG> 0 0 0 0
<15701649> <has_provenance> <SLCG> 0 0 0 0
<1303816> <has_provenance> <SLCG> 0 0 0 0
<1315503> <has_provenance> <SLCG> 0 0 0 0
<1500705> <has_provenance> <SLCG> 0 0 0 0
<15704702> <has_provenance> <SLCG> 0 0 0 0
<15701756> <has_provenance> <SLCG> 0 0 0 0
<1505968> <has_provenance> <SLCG> 0 0 0 0
<1514617> <has_provenance> <SLCG> 0 0 0 0
<201540> <has_provenance> <SLCG> 0 0 0 0
<15714599> <has_provenance> <SLCG> 0 0 0 0
<203477> <has_provenance> <SLCG> 0 0 0 0
<204395> <has_provenance> <SLCG> 0 0 0 0
<202650> <has_provenance> <SLCG> 0 0 0 0
<207295> <has_provenance> <SLCG> 0 0 0 0
<202454> <has_provenance> <SLCG> 0 0 0 0
<203218> <has_provenance> <SLCG> 0 0 0 0
<203405> <has_provenance> <SLCG> 0 0 0 0
<202248> <has_provenance> <SLCG> 0 0 0 0
<201683> <has_provenance> <SLCG> 0 0 0 0
<16100626> <has_provenance> <SLCG> 0 0 0 0
<203545> <has_provenance> <SLCG> 0 0 0 0
<202582> <has_provenance> <SLCG> 0 0 0 0
<203633> <has_provenance> <SLCG> 0 0 0 0
<15704503> <has_provenance> <SLCG> 0 0 0 0
<203147> <has_provenance> <SLCG> 0 0 0 0
<1516187> <has_provenance> <SLCG> 0 0 0 0
<1504197> <has_provenance> <SLCG> 0 0 0 0
<203197> <has_provenance> <SLCG> 0 0 0 0
<17713904> <has_provenance> <SLCG> 0 0 0 0
<18015710> <has_provenance> <SLCG> 0 0 0 0
<205888> <has_provenance> <SLCG> 0 0 0 0
<2101169> <has_provenance> <SLCG> 0 0 0 0
<2101416> <has_provenance> <SLCG> 0 0 0 0
<206804> <has_provenance> <SLCG> 0 0 0 0
<211492> <has_provenance> <SLCG> 0 0 0 0
<2300063> <has_provenance> <SLCG> 0 0 0 0
<2302192> <has_provenance> <SLCG> 0 0 0 0
<2302669> <has_provenance> <SLCG> 0 0 0 0
<2100768> <has_provenance> <SLCG> 0 0 0 0
<2114769> <has_provenance> <SLCG> 0 0 0 0
<211730> <has_provenance> <SLCG> 0 0 0 0
<212039> <has_provenance> <SLCG> 0 0 0 0
<207215> <has_provenance> <SLCG> 0 0 0 0
<212450> <has_provenance> <SLCG> 0 0 0 0
<214544> <has_provenance> <SLCG> 0 0 0 0
<209904> <has_provenance> <SLCG> 0 0 0 0
<207789> <has_provenance> <SLCG> 0 0 0 0
<211362> <has_provenance> <SLCG> 0 0 0 0
<213468> <has_provenance> <SLCG> 0 0 0 0
<217065> <has_provenance> <SLCG> 0 0 0 0
<212747> <has_provenance> <SLCG> 0 0 0 0
<214156> <has_provenance> <SLCG> 0 0 0 0
<2101078> <has_provenance> <SLCG> 0 0 0 0
<210520> <has_provenance> <SLCG> 0 0 0 0
<2101040> <has_provenance> <SLCG> 0 0 0 0
<2310591> <has_provenance> <SLCG> 0 0 0 0
<2311112> <has_provenance> <SLCG> 0 0 0 0
<2311615> <has_provenance> <SLCG> 0 0 0 0
<2405609> <has_provenance> <SLCG> 0 0 0 0
<2806962> <has_provenance> <SLCG> 0 0 0 0
<2806968> <has_provenance> <SLCG> 0 0 0 0
<2808758> <has_provenance> <SLCG> 0 0 0 0
<2808815> <has_provenance> <SLCG> 0 0 0 0
<2809260> <has_provenance> <SLCG> 0 0 0 0
<2807021> <has_provenance> <SLCG> 0 0 0 0
<2810919> <has_provenance> <SLCG> 0 0 0 0
<2310596> <has_provenance> <SLCG> 0 0 0 0
<2303245> <has_provenance> <SLCG> 0 0 0 0
<2100746> <has_provenance> <SLCG> 0 0 0 0
<207624> <has_provenance> <SLCG> 0 0 0 0
<209945> <has_provenance> <SLCG> 0 0 0 0
<2806012> <has_provenance> <SLCG> 0 0 0 0
<2806159> <has_provenance> <SLCG> 0 0 0 0
<2807166> <has_provenance> <SLCG> 0 0 0 0
<2507340> <has_provenance> <SLCG> 0 0 0 0
<2310086> <has_provenance> <SLCG> 0 0 0 0
<2806058> <has_provenance> <SLCG> 0 0 0 0
<2903116> <has_provenance> <SLCG> 0 0 0 0
<2903721> <has_provenance> <SLCG> 0 0 0 0
<2903703> <has_provenance> <SLCG> 0 0 0 0
<2911369> <has_provenance> <SLCG> 0 0 0 0
<301506> <has_provenance> <SLCG> 0 0 0 0
<300901> <has_provenance> <SLCG> 0 0 0 0
<2813122> <has_provenance> <SLCG> 0 0 0 0
<302038> <has_provenance> <SLCG> 0 0 0 0
<3012721> <has_provenance> <SLCG> 0 0 0 0
<3007587> <has_provenance> <SLCG> 0 0 0 0
<2917459> <has_provenance> <SLCG> 0 0 0 0
<300465> <has_provenance> <SLCG> 0 0 0 0
<2811804> <has_provenance> <SLCG> 0 0 0 0
<3007641> <has_provenance> <SLCG> 0 0 0 0
<2407187> <has_provenance> <SLCG> 0 0 0 0
<2309223> <has_provenance> <SLCG> 0 0 0 0
<2900534> <has_provenance> <SLCG> 0 0 0 0
<2917334> <has_provenance> <SLCG> 0 0 0 0
<303854> <has_provenance> <SLCG> 0 0 0 0
<304535> <has_provenance> <SLCG> 0 0 0 0
<304749> <has_provenance> <SLCG> 0 0 0 0
<306851> <has_provenance> <SLCG> 0 0 0 0
<307041> <has_provenance> <SLCG> 0 0 0 0
<307198> <has_provenance> <SLCG> 0 0 0 0
<311423> <has_provenance> <SLCG> 0 0 0 0
<311905> <has_provenance> <SLCG> 0 0 0 0
<314397> <has_provenance> <SLCG> 0 0 0 0
<314435> <has_provenance> <SLCG> 0 0 0 0
<317155> <has_provenance> <SLCG> 0 0 0 0
<317249> <has_provenance> <SLCG> 0 0 0 0
<317266> <has_provenance> <SLCG> 0 0 0 0
<3317015> <has_provenance> <SLCG> 0 0 0 0
<3404573> <has_provenance> <SLCG> 0 0 0 0
<3407810> <has_provenance> <SLCG> 0 0 0 0
<3410397> <has_provenance> <SLCG> 0 0 0 0
<3410399> <has_provenance> <SLCG> 0 0 0 0
<3413980> <has_provenance> <SLCG> 0 0 0 0
<3507726> <has_provenance> <SLCG> 0 0 0 0
<3508938> <has_provenance> <SLCG> 0 0 0 0
<3509308> <has_provenance> <SLCG> 0 0 0 0
<3405290> <has_provenance> <SLCG> 0 0 0 0
<3505944> <has_provenance> <SLCG> 0 0 0 0
<307943> <has_provenance> <SLCG> 0 0 0 0
<3509134> <has_provenance> <SLCG> 0 0 0 0
<3317488> <has_provenance> <SLCG> 0 0 0 0
<3408108> <has_provenance> <SLCG> 0 0 0 0
<3702823> <has_provenance> <SLCG> 0 0 0 0
<3509162> <has_provenance> <SLCG> 0 0 0 0
<3801528> <has_provenance> <SLCG> 0 0 0 0
<3802646> <has_provenance> <SLCG> 0 0 0 0
<408739> <has_provenance> <SLCG> 0 0 0 0
<3703090> <has_provenance> <SLCG> 0 0 0 0
<3602433> <has_provenance> <SLCG> 0 0 0 0
<410079> <has_provenance> <SLCG> 0 0 0 0
<410083> <has_provenance> <SLCG> 0 0 0 0
<410123> <has_provenance> <SLCG> 0 0 0 0
<410223> <has_provenance> <SLCG> 0 0 0 0
<411990> <has_provenance> <SLCG> 0 0 0 0
<413119> <has_provenance> <SLCG> 0 0 0 0
<3704285> <has_provenance> <SLCG> 0 0 0 0
<409251> <has_provenance> <SLCG> 0 0 0 0
<3704933> <has_provenance> <SLCG> 0 0 0 0
<409989> <has_provenance> <SLCG> 0 0 0 0
<410188> <has_provenance> <SLCG> 0 0 0 0
<413766> <has_provenance> <SLCG> 0 0 0 0
<416406> <has_provenance> <SLCG> 0 0 0 0
<417022> <has_provenance> <SLCG> 0 0 0 0
<417109> <has_provenance> <SLCG> 0 0 0 0
<3715133> <has_provenance> <SLCG> 0 0 0 0
<3801515> <has_provenance> <SLCG> 0 0 0 0
<415880> <has_provenance> <SLCG> 0 0 0 0
<417398> <has_provenance> <SLCG> 0 0 0 0
<4600822> <has_provenance> <SLCG> 0 0 0 0
<4613026> <has_provenance> <SLCG> 0 0 0 0
<4910609> <has_provenance> <SLCG> 0 0 0 0
<4910671> <has_provenance> <SLCG> 0 0 0 0
<4910790> <has_provenance> <SLCG> 0 0 0 0
<4910886> <has_provenance> <SLCG> 0 0 0 0
<4911243> <has_provenance> <SLCG> 0 0 0 0
<501215> <has_provenance> <SLCG> 0 0 0 0
<4910521> <has_provenance> <SLCG> 0 0 0 0
<501268> <has_provenance> <SLCG> 0 0 0 0
<4910527> <has_provenance> <SLCG> 0 0 0 0
<501265> <has_provenance> <SLCG> 0 0 0 0
<417330> <has_provenance> <SLCG> 0 0 0 0
<4600969> <has_provenance> <SLCG> 0 0 0 0
<412010> <has_provenance> <SLCG> 0 0 0 0
<501320> <has_provenance> <SLCG> 0 0 0 0
<4911114> <has_provenance> <SLCG> 0 0 0 0
<501325> <has_provenance> <SLCG> 0 0 0 0
<502997> <has_provenance> <SLCG> 0 0 0 0
<503890> <has_provenance> <SLCG> 0 0 0 0
<503931> <has_provenance> <SLCG> 0 0 0 0
<504150> <has_provenance> <SLCG> 0 0 0 0
<507556> <has_provenance> <SLCG> 0 0 0 0
<507875> <has_provenance> <SLCG> 0 0 0 0
<507886> <has_provenance> <SLCG> 0 0 0 0
<507897> <has_provenance> <SLCG> 0 0 0 0
<508011> <has_provenance> <SLCG> 0 0 0 0
<508237> <has_provenance> <SLCG> 0 0 0 0
<508422> <has_provenance> <SLCG> 0 0 0 0
<508440> <has_provenance> <SLCG> 0 0 0 0
<508562> <has_provenance> <SLCG> 0 0 0 0
<509023> <has_provenance> <SLCG> 0 0 0 0
<509064> <has_provenance> <SLCG> 0 0 0 0
<508977> <has_provenance> <SLCG> 0 0 0 0
<503833> <has_provenance> <SLCG> 0 0 0 0
<507731> <has_provenance> <SLCG> 0 0 0 0
<507811> <has_provenance> <SLCG> 0 0 0 0
<508461> <has_provenance> <SLCG> 0 0 0 0
<509070> <has_provenance> <SLCG> 0 0 0 0
<507906> <has_provenance> <SLCG> 0 0 0 0
<502990> <has_provenance> <SLCG> 0 0 0 0
<509091> <has_provenance> <SLCG> 0 0 0 0
<509105> <has_provenance> <SLCG> 0 0 0 0
<509107> <has_provenance> <SLCG> 0 0 0 0
<510290> <has_provenance> <SLCG> 0 0 0 0
<5103315> <has_provenance> <SLCG> 0 0 0 0
<5103980> <has_provenance> <SLCG> 0 0 0 0
<5104775> <has_provenance> <SLCG> 0 0 0 0
<508468> <has_provenance> <SLCG> 0 0 0 0
<503081> <has_provenance> <SLCG> 0 0 0 0
<5102919> <has_provenance> <SLCG> 0 0 0 0
<5106488> <has_provenance> <SLCG> 0 0 0 0
<5106536> <has_provenance> <SLCG> 0 0 0 0
<5111734> <has_provenance> <SLCG> 0 0 0 0
<512374> <has_provenance> <SLCG> 0 0 0 0
<5112352> <has_provenance> <SLCG> 0 0 0 0
<5104883> <has_provenance> <SLCG> 0 0 0 0
<5109931> <has_provenance> <SLCG> 0 0 0 0
<5110404> <has_provenance> <SLCG> 0 0 0 0
<5115410> <has_provenance> <SLCG> 0 0 0 0
<5104707> <has_provenance> <SLCG> 0 0 0 0
<513166> <has_provenance> <SLCG> 0 0 0 0
<513221> <has_provenance> <SLCG> 0 0 0 0
<513724> <has_provenance> <SLCG> 0 0 0 0
<5103099> <has_provenance> <SLCG> 0 0 0 0
<5117396> <has_provenance> <SLCG> 0 0 0 0
<514122> <has_provenance> <SLCG> 0 0 0 0
<514366> <has_provenance> <SLCG> 0 0 0 0
<515383> <has_provenance> <SLCG> 0 0 0 0
<515724> <has_provenance> <SLCG> 0 0 0 0
<516635> <has_provenance> <SLCG> 0 0 0 0
<514353> <has_provenance> <SLCG> 0 0 0 0
<5307962> <has_provenance> <SLCG> 0 0 0 0
<5303991> <has_provenance> <SLCG> 0 0 0 0
<513731> <has_provenance> <SLCG> 0 0 0 0
<515715> <has_provenance> <SLCG> 0 0 0 0
<516913> <has_provenance> <SLCG> 0 0 0 0
<513919> <has_provenance> <SLCG> 0 0 0 0
<516985> <has_provenance> <SLCG> 0 0 0 0
<516169> <has_provenance> <SLCG> 0 0 0 0
<516655> <has_provenance> <SLCG> 0 0 0 0
<5314155> <has_provenance> <SLCG> 0 0 0 0
<5312315> <has_provenance> <SLCG> 0 0 0 0
<516962> <has_provenance> <SLCG> 0 0 0 0
<5314196> <has_provenance> <SLCG> 0 0 0 0
<5315284> <has_provenance> <SLCG> 0 0 0 0
<5315845> <has_provenance> <SLCG> 0 0 0 0
<5316463> <has_provenance> <SLCG> 0 0 0 0
<5316601> <has_provenance> <SLCG> 0 0 0 0
<5314520> <has_provenance> <SLCG> 0 0 0 0
<5316570> <has_provenance> <SLCG> 0 0 0 0
<5317385> <has_provenance> <SLCG> 0 0 0 0
<6312664> <has_provenance> <SLCG> 0 0 0 0
<6312894> <has_provenance> <SLCG> 0 0 0 0
<6313252> <has_provenance> <SLCG> 0 0 0 0
<5315748> <has_provenance> <SLCG> 0 0 0 0
<6315966> <has_provenance> <SLCG> 0 0 0 0
<6400278> <has_provenance> <SLCG> 0 0 0 0
<6400527> <has_provenance> <SLCG> 0 0 0 0
<702914> <has_provenance> <SLCG> 0 0 0 0
<710822> <has_provenance> <SLCG> 0 0 0 0
<7216291> <has_provenance> <SLCG> 0 0 0 0
<7404257> <has_provenance> <SLCG> 0 0 0 0
<7406523> <has_provenance> <SLCG> 0 0 0 0
<710884> <has_provenance> <SLCG> 0 0 0 0
<7407269> <has_provenance> <SLCG> 0 0 0 0
<6312757> <has_provenance> <SLCG> 0 0 0 0
<6316630> <has_provenance> <SLCG> 0 0 0 0
<6400528> <has_provenance> <SLCG> 0 0 0 0
<6402955> <has_provenance> <SLCG> 0 0 0 0
<706557> <has_provenance> <SLCG> 0 0 0 0
<710583> <has_provenance> <SLCG> 0 0 0 0
<702476> <has_provenance> <SLCG> 0 0 0 0
<710442> <has_provenance> <SLCG> 0 0 0 0
<7406527> <has_provenance> <SLCG> 0 0 0 0
<6900350> <has_provenance> <SLCG> 0 0 0 0
<8311961> <has_provenance> <SLCG> 0 0 0 0
<8311963> <has_provenance> <SLCG> 0 0 0 0
<900416> <has_provenance> <SLCG> 0 0 0 0
<900697> <has_provenance> <SLCG> 0 0 0 0
<901954> <has_provenance> <SLCG> 0 0 0 0
<701806> <has_provenance> <SLCG> 0 0 0 0
<712787> <has_provenance> <SLCG> 0 0 0 0
<6316502> <has_provenance> <SLCG> 0 0 0 0
<701588> <has_provenance> <SLCG> 0 0 0 0
<910850> <has_provenance> <SLCG> 0 0 0 0
<915899> <has_provenance> <SLCG> 0 0 0 0
<916825> <has_provenance> <SLCG> 0 0 0 0
<916898> <has_provenance> <SLCG> 0 0 0 0
<916910> <has_provenance> <SLCG> 0 0 0 0
<9407281> <has_provenance> <SLCG> 0 0 0 0
<9704909> <has_provenance> <SLCG> 0 0 0 0
<9909552> <has_provenance> <SLCG> 0 0 0 0
<7406826> <has_provenance> <SLCG> 0 0 0 0
<907062> <has_provenance> <SLCG> 0 0 0 0
<909662> <has_provenance> <SLCG> 0 0 0 0
<916876> <has_provenance> <SLCG> 0 0 0 0
<9412892> <has_provenance> <SLCG> 0 0 0 0
<9711312> <has_provenance> <SLCG> 0 0 0 0
<917159> <has_provenance> <SLCG> 0 0 0 0
<9711689> <has_provenance> <SLCG> 0 0 0 0
<906908> <has_provenance> <SLCG> 0 0 0 0
<901404> <has_provenance> <SLCG> 0 0 0 0
<9709195> <has_provenance> <SLCG> 0 0 0 0
<1514618> <has_provenance> <SLCG> 0 0 0 0
<206543> <has_provenance> <SLCG> 0 0 0 0
<417508> <has_provenance> <SLCG> 0 0 0 0
<4910751> <has_provenance> <SLCG> 0 0 0 0
<5107459> <has_provenance> <SLCG> 0 0 0 0
<305580> <has_provenance> <SLCG> 0 0 0 0
<306855> <has_provenance> <SLCG> 0 0 0 0
<306858> <has_provenance> <SLCG> 0 0 0 0
<311785> <has_provenance> <SLCG> 0 0 0 0
<317447> <has_provenance> <SLCG> 0 0 0 0
<3306045> <has_provenance> <SLCG> 0 0 0 0
<3315526> <has_provenance> <SLCG> 0 0 0 0
<3404086> <has_provenance> <SLCG> 0 0 0 0
<3404490> <has_provenance> <SLCG> 0 0 0 0
<3508781> <has_provenance> <SLCG> 0 0 0 0
<3508855> <has_provenance> <SLCG> 0 0 0 0
<3405563> <has_provenance> <SLCG> 0 0 0 0
<3508906> <has_provenance> <SLCG> 0 0 0 0
<3509114> <has_provenance> <SLCG> 0 0 0 0
<3406077> <has_provenance> <SLCG> 0 0 0 0
<3411275> <has_provenance> <SLCG> 0 0 0 0
<309882> <has_provenance> <SLCG> 0 0 0 0
<317265> <has_provenance> <SLCG> 0 0 0 0
<3509113> <has_provenance> <SLCG> 0 0 0 0
<3510436> <has_provenance> <SLCG> 0 0 0 0
<3511061> <has_provenance> <SLCG> 0 0 0 0
<3707142> <has_provenance> <SLCG> 0 0 0 0
<3712652> <has_provenance> <SLCG> 0 0 0 0
<3802390> <has_provenance> <SLCG> 0 0 0 0
<3509405> <has_provenance> <SLCG> 0 0 0 0
<3510954> <has_provenance> <SLCG> 0 0 0 0
<3900105> <has_provenance> <SLCG> 0 0 0 0
<407762> <has_provenance> <SLCG> 0 0 0 0
<3510831> <has_provenance> <SLCG> 0 0 0 0
<409632> <has_provenance> <SLCG> 0 0 0 0
<409946> <has_provenance> <SLCG> 0 0 0 0
<411064> <has_provenance> <SLCG> 0 0 0 0
<411446> <has_provenance> <SLCG> 0 0 0 0
<415184> <has_provenance> <SLCG> 0 0 0 0
<415584> <has_provenance> <SLCG> 0 0 0 0
<411047> <has_provenance> <SLCG> 0 0 0 0
<411491> <has_provenance> <SLCG> 0 0 0 0
<410346> <has_provenance> <SLCG> 0 0 0 0
<410199> <has_provenance> <SLCG> 0 0 0 0
<412236> <has_provenance> <SLCG> 0 0 0 0
<416735> <has_provenance> <SLCG> 0 0 0 0
<416979> <has_provenance> <SLCG> 0 0 0 0
<417311> <has_provenance> <SLCG> 0 0 0 0
<417322> <has_provenance> <SLCG> 0 0 0 0
<417482> <has_provenance> <SLCG> 0 0 0 0
<417571> <has_provenance> <SLCG> 0 0 0 0
<4201853> <has_provenance> <SLCG> 0 0 0 0
<4305625> <has_provenance> <SLCG> 0 0 0 0
<4911121> <has_provenance> <SLCG> 0 0 0 0
<501250> <has_provenance> <SLCG> 0 0 0 0
<4910931> <has_provenance> <SLCG> 0 0 0 0
<501222> <has_provenance> <SLCG> 0 0 0 0
<416424> <has_provenance> <SLCG> 0 0 0 0
<417066> <has_provenance> <SLCG> 0 0 0 0
<417099> <has_provenance> <SLCG> 0 0 0 0
<4605029> <has_provenance> <SLCG> 0 0 0 0
<4605634> <has_provenance> <SLCG> 0 0 0 0
<501251> <has_provenance> <SLCG> 0 0 0 0
<501258> <has_provenance> <SLCG> 0 0 0 0
<4910902> <has_provenance> <SLCG> 0 0 0 0
<417017> <has_provenance> <SLCG> 0 0 0 0
<417471> <has_provenance> <SLCG> 0 0 0 0
<501282> <has_provenance> <SLCG> 0 0 0 0
<501259> <has_provenance> <SLCG> 0 0 0 0
<4911239> <has_provenance> <SLCG> 0 0 0 0
<4605942> <has_provenance> <SLCG> 0 0 0 0
<4910906> <has_provenance> <SLCG> 0 0 0 0
<416964> <has_provenance> <SLCG> 0 0 0 0
<416651> <has_provenance> <SLCG> 0 0 0 0
<417397> <has_provenance> <SLCG> 0 0 0 0
<417087> <has_provenance> <SLCG> 0 0 0 0
<4911079> <has_provenance> <SLCG> 0 0 0 0
<417092> <has_provenance> <SLCG> 0 0 0 0
<501239> <has_provenance> <SLCG> 0 0 0 0
<416391> <has_provenance> <SLCG> 0 0 0 0
<503176> <has_provenance> <SLCG> 0 0 0 0
<503188> <has_provenance> <SLCG> 0 0 0 0
<503292> <has_provenance> <SLCG> 0 0 0 0
<503877> <has_provenance> <SLCG> 0 0 0 0
<503889> <has_provenance> <SLCG> 0 0 0 0
<503908> <has_provenance> <SLCG> 0 0 0 0
<507727> <has_provenance> <SLCG> 0 0 0 0
<508081> <has_provenance> <SLCG> 0 0 0 0
<508427> <has_provenance> <SLCG> 0 0 0 0
<508489> <has_provenance> <SLCG> 0 0 0 0
<508493> <has_provenance> <SLCG> 0 0 0 0
<508526> <has_provenance> <SLCG> 0 0 0 0
<509355> <has_provenance> <SLCG> 0 0 0 0
<507522> <has_provenance> <SLCG> 0 0 0 0
<508200> <has_provenance> <SLCG> 0 0 0 0
<508240> <has_provenance> <SLCG> 0 0 0 0
<508949> <has_provenance> <SLCG> 0 0 0 0
<508565> <has_provenance> <SLCG> 0 0 0 0
<508206> <has_provenance> <SLCG> 0 0 0 0
<507894> <has_provenance> <SLCG> 0 0 0 0
<503809> <has_provenance> <SLCG> 0 0 0 0
<507652> <has_provenance> <SLCG> 0 0 0 0
<5102755> <has_provenance> <SLCG> 0 0 0 0
<5102782> <has_provenance> <SLCG> 0 0 0 0
<5102824> <has_provenance> <SLCG> 0 0 0 0
<5104032> <has_provenance> <SLCG> 0 0 0 0
<5104160> <has_provenance> <SLCG> 0 0 0 0
<5104578> <has_provenance> <SLCG> 0 0 0 0
<5105206> <has_provenance> <SLCG> 0 0 0 0
<5106123> <has_provenance> <SLCG> 0 0 0 0
<5106258> <has_provenance> <SLCG> 0 0 0 0
<5113913> <has_provenance> <SLCG> 0 0 0 0
<5114481> <has_provenance> <SLCG> 0 0 0 0
<5115558> <has_provenance> <SLCG> 0 0 0 0
<512627> <has_provenance> <SLCG> 0 0 0 0
<5104554> <has_provenance> <SLCG> 0 0 0 0
<5106961> <has_provenance> <SLCG> 0 0 0 0
<5107282> <has_provenance> <SLCG> 0 0 0 0
<5107402> <has_provenance> <SLCG> 0 0 0 0
<5115280> <has_provenance> <SLCG> 0 0 0 0
<512357> <has_provenance> <SLCG> 0 0 0 0
<5103777> <has_provenance> <SLCG> 0 0 0 0
<5103286> <has_provenance> <SLCG> 0 0 0 0
<5103965> <has_provenance> <SLCG> 0 0 0 0
<512619> <has_provenance> <SLCG> 0 0 0 0
<5110840> <has_provenance> <SLCG> 0 0 0 0
<5106482> <has_provenance> <SLCG> 0 0 0 0
<512428> <has_provenance> <SLCG> 0 0 0 0
<5111209> <has_provenance> <SLCG> 0 0 0 0
<513318> <has_provenance> <SLCG> 0 0 0 0
<513505> <has_provenance> <SLCG> 0 0 0 0
<513701> <has_provenance> <SLCG> 0 0 0 0
<513717> <has_provenance> <SLCG> 0 0 0 0
<513755> <has_provenance> <SLCG> 0 0 0 0
<513792> <has_provenance> <SLCG> 0 0 0 0
<513977> <has_provenance> <SLCG> 0 0 0 0
<514312> <has_provenance> <SLCG> 0 0 0 0
<514313> <has_provenance> <SLCG> 0 0 0 0
<516155> <has_provenance> <SLCG> 0 0 0 0
<516942> <has_provenance> <SLCG> 0 0 0 0
<517207> <has_provenance> <SLCG> 0 0 0 0
<5304877> <has_provenance> <SLCG> 0 0 0 0
<513677> <has_provenance> <SLCG> 0 0 0 0
<516779> <has_provenance> <SLCG> 0 0 0 0
<5305643> <has_provenance> <SLCG> 0 0 0 0
<514308> <has_provenance> <SLCG> 0 0 0 0
<516205> <has_provenance> <SLCG> 0 0 0 0
<514280> <has_provenance> <SLCG> 0 0 0 0
<5305250> <has_provenance> <SLCG> 0 0 0 0
<513760> <has_provenance> <SLCG> 0 0 0 0
<5304443> <has_provenance> <SLCG> 0 0 0 0
<514181> <has_provenance> <SLCG> 0 0 0 0
<514197> <has_provenance> <SLCG> 0 0 0 0
<516177> <has_provenance> <SLCG> 0 0 0 0
<516765> <has_provenance> <SLCG> 0 0 0 0
<513237> <has_provenance> <SLCG> 0 0 0 0
<5312984> <has_provenance> <SLCG> 0 0 0 0
<5313141> <has_provenance> <SLCG> 0 0 0 0
<5313545> <has_provenance> <SLCG> 0 0 0 0
<5314074> <has_provenance> <SLCG> 0 0 0 0
<5314283> <has_provenance> <SLCG> 0 0 0 0
<5314539> <has_provenance> <SLCG> 0 0 0 0
<5315033> <has_provenance> <SLCG> 0 0 0 0
<5315504> <has_provenance> <SLCG> 0 0 0 0
<5315826> <has_provenance> <SLCG> 0 0 0 0
<5315963> <has_provenance> <SLCG> 0 0 0 0
<5317569> <has_provenance> <SLCG> 0 0 0 0
<5501921> <has_provenance> <SLCG> 0 0 0 0
<5513622> <has_provenance> <SLCG> 0 0 0 0
<6304663> <has_provenance> <SLCG> 0 0 0 0
<5316522> <has_provenance> <SLCG> 0 0 0 0
<6311976> <has_provenance> <SLCG> 0 0 0 0
<5313746> <has_provenance> <SLCG> 0 0 0 0
<5316922> <has_provenance> <SLCG> 0 0 0 0
<5314733> <has_provenance> <SLCG> 0 0 0 0
<5315366> <has_provenance> <SLCG> 0 0 0 0
<5315441> <has_provenance> <SLCG> 0 0 0 0
<5502113> <has_provenance> <SLCG> 0 0 0 0
<6302477> <has_provenance> <SLCG> 0 0 0 0
<5505959> <has_provenance> <SLCG> 0 0 0 0
<5314980> <has_provenance> <SLCG> 0 0 0 0
<6312736> <has_provenance> <SLCG> 0 0 0 0
<6315488> <has_provenance> <SLCG> 0 0 0 0
<6315950> <has_provenance> <SLCG> 0 0 0 0
<6316627> <has_provenance> <SLCG> 0 0 0 0
<6316796> <has_provenance> <SLCG> 0 0 0 0
<6316980> <has_provenance> <SLCG> 0 0 0 0
<6317380> <has_provenance> <SLCG> 0 0 0 0
<6402409> <has_provenance> <SLCG> 0 0 0 0
<7000488> <has_provenance> <SLCG> 0 0 0 0
<701617> <has_provenance> <SLCG> 0 0 0 0
<701770> <has_provenance> <SLCG> 0 0 0 0
<702152> <has_provenance> <SLCG> 0 0 0 0
<710428> <has_provenance> <SLCG> 0 0 0 0
<7215922> <has_provenance> <SLCG> 0 0 0 0
<705934> <has_provenance> <SLCG> 0 0 0 0
<707918> <has_provenance> <SLCG> 0 0 0 0
<6316312> <has_provenance> <SLCG> 0 0 0 0
<6316803> <has_provenance> <SLCG> 0 0 0 0
<707435> <has_provenance> <SLCG> 0 0 0 0
<7216322> <has_provenance> <SLCG> 0 0 0 0
<7404127> <has_provenance> <SLCG> 0 0 0 0
<702151> <has_provenance> <SLCG> 0 0 0 0
<6312142> <has_provenance> <SLCG> 0 0 0 0
<6312866> <has_provenance> <SLCG> 0 0 0 0
<6315923> <has_provenance> <SLCG> 0 0 0 0
<6315905> <has_provenance> <SLCG> 0 0 0 0
<702153> <has_provenance> <SLCG> 0 0 0 0
<6312083> <has_provenance> <SLCG> 0 0 0 0
<6401490> <has_provenance> <SLCG> 0 0 0 0
<6317008> <has_provenance> <SLCG> 0 0 0 0
<6316681> <has_provenance> <SLCG> 0 0 0 0
<702911> <has_provenance> <SLCG> 0 0 0 0
<7410921> <has_provenance> <SLCG> 0 0 0 0
<900413> <has_provenance> <SLCG> 0 0 0 0
<900449> <has_provenance> <SLCG> 0 0 0 0
<906891> <has_provenance> <SLCG> 0 0 0 0
<916816> <has_provenance> <SLCG> 0 0 0 0
<9407911> <has_provenance> <SLCG> 0 0 0 0
<9408598> <has_provenance> <SLCG> 0 0 0 0
<9408671> <has_provenance> <SLCG> 0 0 0 0
<9409569> <has_provenance> <SLCG> 0 0 0 0
<9414077> <has_provenance> <SLCG> 0 0 0 0
<9705166> <has_provenance> <SLCG> 0 0 0 0
<9711211> <has_provenance> <SLCG> 0 0 0 0
<9711696> <has_provenance> <SLCG> 0 0 0 0
<9905703> <has_provenance> <SLCG> 0 0 0 0
<9908918> <has_provenance> <SLCG> 0 0 0 0
<7408193> <has_provenance> <SLCG> 0 0 0 0
<909749> <has_provenance> <SLCG> 0 0 0 0
<9417520> <has_provenance> <SLCG> 0 0 0 0
<9909293> <has_provenance> <SLCG> 0 0 0 0
<916895> <has_provenance> <SLCG> 0 0 0 0
<7408848> <has_provenance> <SLCG> 0 0 0 0
<9416378> <has_provenance> <SLCG> 0 0 0 0
<906884> <has_provenance> <SLCG> 0 0 0 0
<9416342> <has_provenance> <SLCG> 0 0 0 0
<7407719> <has_provenance> <SLCG> 0 0 0 0
<9409333> <has_provenance> <SLCG> 0 0 0 0
<908790> <has_provenance> <SLCG> 0 0 0 0
<9701711> <has_provenance> <SLCG> 0 0 0 0
<9703652> <has_provenance> <SLCG> 0 0 0 0
<900433> <has_provenance> <SLCG> 0 0 0 0
<907697> <has_provenance> <SLCG> 0 0 0 0
<9908914> <has_provenance> <SLCG> 0 0 0 0
<917122> <has_provenance> <SLCG> 0 0 0 0
<9415463> <has_provenance> <SLCG> 0 0 0 0
<9914674> <has_provenance> <SLCG> 0 0 0 0
<513567> <has_provenance> <SLCG> 0 0 0 0
<6311741> <has_provenance> <SLCG> 0 0 0 0
