<10600618> <hasFamilyHistory> <Mother_Lung> 0 0 0 0
<11312075> <hasFamilyHistory> <Father_Central_nervous_system> 0 0 0 0
<11312217> <hasFamilyHistory> <Aunt_Lung> 0 0 0 0
<1214095> <hasFamilyHistory> <Father_Lung> 0 0 0 0
<1302165> <hasFamilyHistory> <Father_Lung> 0 0 0 0
<103642> <hasFamilyHistory> <Father_Breast> 0 0 0 0
<102127> <hasFamilyHistory> <Mother_Breast> 0 0 0 0
<10803798> <hasFamilyHistory> <Father_Colorrectal> 0 0 0 0
<11314171> <hasFamilyHistory> <Mother_Breast> 0 0 0 0
<1314874> <hasFamilyHistory> <Father_Esophagogastric> 0 0 0 0
<1314909> <hasFamilyHistory> <Sister_Leukemia> 0 0 0 0
<10615344> <hasFamilyHistory> <Aunt_Pancreatic> 0 0 0 0
<1501034> <hasFamilyHistory> <Mother_Uterus/cervical> 0 0 0 0
<1504894> <hasFamilyHistory> <Aunt_Other> 0 0 0 0
<1505068> <hasFamilyHistory> <Uncle_Renal> 0 0 0 0
<1506932> <hasFamilyHistory> <Uncle_Lung> 0 0 0 0
<1507374> <hasFamilyHistory> <Mother_Uterus/cervical> 0 0 0 0
<1509771> <hasFamilyHistory> <Father_Other> 0 0 0 0
<1509852> <hasFamilyHistory> <Sister_Lung> 0 0 0 0
<1511060> <hasFamilyHistory> <Greatgrandmother_Head_and_neck> 0 0 0 0
<1511093> <hasFamilyHistory> <Brother_Lung> 0 0 0 0
<1511189> <hasFamilyHistory> <Mother_Other> 0 0 0 0
<15706387> <hasFamilyHistory> <Father_Sarcoma> 0 0 0 0
<15709787> <hasFamilyHistory> <Mother_Breast> 0 0 0 0
<201640> <hasFamilyHistory> <Mother_Leukemia> 0 0 0 0
<202278> <hasFamilyHistory> <Uncle_Lung> 0 0 0 0
<202511> <hasFamilyHistory> <Sister_Lung> 0 0 0 0
<1305096> <hasFamilyHistory> <Mother_Esophagogastric> 0 0 0 0
<1509465> <hasFamilyHistory> <Aunt_Ovarian> 0 0 0 0
<1510275> <hasFamilyHistory> <Mother_Other> 0 0 0 0
<11312004> <hasFamilyHistory> <Sister_Pancreatic> 0 0 0 0
<1302386> <hasFamilyHistory> <Uncle_Colorrectal> 0 0 0 0
<1302285> <hasFamilyHistory> <Brother_Lung> 0 0 0 0
<1311228> <hasFamilyHistory> <Uncle_Other> 0 0 0 0
<1314646> <hasFamilyHistory> <Brother_Lung> 0 0 0 0
<1214098> <hasFamilyHistory> <Father_Lung> 0 0 0 0
<1305593> <hasFamilyHistory> <Brother_Leukemia> 0 0 0 0
<206085> <hasFamilyHistory> <Sister_Esophagogastric> 0 0 0 0
<210437> <hasFamilyHistory> <Aunt_Breast> 0 0 0 0
<210478> <hasFamilyHistory> <Sister_Breast> 0 0 0 0
<2300119> <hasFamilyHistory> <Sister_Unknown_origin_carcinoma> 0 0 0 0
<2301406> <hasFamilyHistory> <Father_Lung> 0 0 0 0
<2312683> <hasFamilyHistory> <Mother_Breast> 0 0 0 0
<2804773> <hasFamilyHistory> <Mother_Lung> 0 0 0 0
<2806688> <hasFamilyHistory> <Brother_Lung> 0 0 0 0
<2810001> <hasFamilyHistory> <Brother_Leukemia> 0 0 0 0
<2813661> <hasFamilyHistory> <Mother_Colorrectal> 0 0 0 0
<2903736> <hasFamilyHistory> <Mother_Breast> 0 0 0 0
<301413> <hasFamilyHistory> <Sister_Sarcoma> 0 0 0 0
<303328> <hasFamilyHistory> <Mother_Liver> 0 0 0 0
<2808723> <hasFamilyHistory> <Father_Other> 0 0 0 0
<2310905> <hasFamilyHistory> <Sister_Unknown_origin_carcinoma> 0 0 0 0
<2303749> <hasFamilyHistory> <Mother_Breast> 0 0 0 0
<3017435> <hasFamilyHistory> <Father_Lung> 0 0 0 0
<2104981> <hasFamilyHistory> <Father_Bladder/urinary_tract> 0 0 0 0
<2808285> <hasFamilyHistory> <Sister_Breast> 0 0 0 0
<307198> <hasFamilyHistory> <Father_Prostate> 0 0 0 0
<1513591> <hasFamilyHistory> <Brother_Esophagogastric> 0 0 0 0
<12914394> <hasFamilyHistory> <Father_Renal> 0 0 0 0
<1501047> <hasFamilyHistory> <Female_Cousin_Head_and_neck> 0 0 0 0
<1505090> <hasFamilyHistory> <Father_Other> 0 0 0 0
<201702> <hasFamilyHistory> <Father_Leukemia> 0 0 0 0
<1301928> <hasFamilyHistory> <Son_Germinal_tumors> 0 0 0 0
<204601> <hasFamilyHistory> <Father_Colorrectal> 0 0 0 0
<2101037> <hasFamilyHistory> <Grandfather_Lymphoma> 0 0 0 0
<2805902> <hasFamilyHistory> <Sister_Esophagogastric> 0 0 0 0
<2917306> <hasFamilyHistory> <Uncle_Unknown_origin_carcinoma> 0 0 0 0
<2306769> <hasFamilyHistory> <Female_Cousin_Lung> 0 0 0 0
<3005665> <hasFamilyHistory> <Uncle_Lung> 0 0 0 0
<1309848> <hasFamilyHistory> <Father_Esophagogastric> 0 0 0 0
<1303590> <hasFamilyHistory> <Mother_Lung> 0 0 0 0
<1506065> <hasFamilyHistory> <Grandfather_Lung> 0 0 0 0
<1511181> <hasFamilyHistory> <Sister_Colorrectal> 0 0 0 0
<1507757> <hasFamilyHistory> <Father_Pancreatic> 0 0 0 0
<1311490> <hasFamilyHistory> <Brother_Colorrectal> 0 0 0 0
<2300125> <hasFamilyHistory> <Father_Other> 0 0 0 0
<2817251> <hasFamilyHistory> <Father_Head_and_neck> 0 0 0 0
<300321> <hasFamilyHistory> <Father_Head_and_neck> 0 0 0 0
<2301141> <hasFamilyHistory> <Sister_Leukemia> 0 0 0 0
<2910826> <hasFamilyHistory> <Brother_Skin_no_melanoma> 0 0 0 0
<1311748> <hasFamilyHistory> <Father_Pancreatic> 0 0 0 0
<2304881> <hasFamilyHistory> <Uncle_Prostate> 0 0 0 0
<15700189> <hasFamilyHistory> <UNK_Unknown_origin_carcinoma> 0 0 0 0
<206127> <hasFamilyHistory> <Uncle_Lung> 0 0 0 0
<202473> <hasFamilyHistory> <Father_Pancreatic> 0 0 0 0
<1511190> <hasFamilyHistory> <Father_Lung> 0 0 0 0
<2310804> <hasFamilyHistory> <Father_Head_and_neck> 0 0 0 0
<310418> <hasFamilyHistory> <Father_Esophagogastric> 0 0 0 0
<2302047> <hasFamilyHistory> <Mother_Liver> 0 0 0 0
<1201124> <hasFamilyHistory> <UNK_Unknown_origin_carcinoma> 0 0 0 0
<15700569> <hasFamilyHistory> <Sister_Lung> 0 0 0 0
<11405733> <hasFamilyHistory> <Brother_Lymphoma> 0 0 0 0
<1310443> <hasFamilyHistory> <Uncle_Lung> 0 0 0 0
<3404213> <hasFamilyHistory> <Aunt_Breast> 0 0 0 0
<1313467> <hasFamilyHistory> <Brother_Head_and_neck> 0 0 0 0
<1513349> <hasFamilyHistory> <Brother_Unknown_origin_carcinoma> 0 0 0 0
<2305369> <hasFamilyHistory> <Sister_Central_nervous_system> 0 0 0 0
<2307001> <hasFamilyHistory> <Brother_Head_and_neck> 0 0 0 0
<11312220> <hasFamilyHistory> <Brother_Head_and_neck> 0 0 0 0
<203548> <hasFamilyHistory> <Aunt_Esophagogastric> 0 0 0 0
<2311860> <hasFamilyHistory> <Grandson_Leukemia> 0 0 0 0
<3006775> <hasFamilyHistory> <Sister_Central_nervous_system> 0 0 0 0
<202020> <hasFamilyHistory> <Mother_Central_nervous_system> 0 0 0 0
<3000698> <hasFamilyHistory> <Mother_Head_and_neck> 0 0 0 0
<111288> <hasFamilyHistory> <Sister_Central_nervous_system> 0 0 0 0
<1213460> <hasFamilyHistory> <Father_Unknown_origin_carcinoma> 0 0 0 0
<1310890> <hasFamilyHistory> <Aunt_Lung> 0 0 0 0
<206235> <hasFamilyHistory> <Father_Lung> 0 0 0 0
<3004268> <hasFamilyHistory> <Brother_Colorrectal> 0 0 0 0
<303311> <hasFamilyHistory> <Sister_Skin_no_melanoma> 0 0 0 0
<110129> <hasFamilyHistory> <Aunt_Unknown_origin_carcinoma> 0 0 0 0
<3016887> <hasFamilyHistory> <Daughter_Other> 0 0 0 0
<2305128> <hasFamilyHistory> <Mother_Breast> 0 0 0 0
<1511188> <hasFamilyHistory> <Brother_Esophagogastric> 0 0 0 0
<202031> <hasFamilyHistory> <Brother_Pancreatic> 0 0 0 0
<3006408> <hasFamilyHistory> <Aunt_Lung> 0 0 0 0
<1509847> <hasFamilyHistory> <Mother_Colorrectal> 0 0 0 0
<2311253> <hasFamilyHistory> <Father_Central_nervous_system> 0 0 0 0
<415942> <hasFamilyHistory> <Mother_Lung> 0 0 0 0
<4910535> <hasFamilyHistory> <Sister_Other> 0 0 0 0
<4910626> <hasFamilyHistory> <Father_Lung> 0 0 0 0
<4910985> <hasFamilyHistory> <Father_Bladder/urinary_tract> 0 0 0 0
<501329> <hasFamilyHistory> <Uncle_Prostate> 0 0 0 0
<4614561> <hasFamilyHistory> <Sister_Ovarian> 0 0 0 0
<4910460> <hasFamilyHistory> <Father_Prostate> 0 0 0 0
<413471> <hasFamilyHistory> <Nephew_Esophagogastric> 0 0 0 0
<4910550> <hasFamilyHistory> <Father_Lung> 0 0 0 0
<4910933> <hasFamilyHistory> <Mother_Colorrectal> 0 0 0 0
<3406017> <hasFamilyHistory> <Father_Pancreatic> 0 0 0 0
<3408093> <hasFamilyHistory> <Sister_Colorrectal> 0 0 0 0
<501350> <hasFamilyHistory> <Mother_Colorrectal> 0 0 0 0
<507446> <hasFamilyHistory> <Grandmother_Unknown_origin_carcinoma> 0 0 0 0
<508550> <hasFamilyHistory> <UNK_Esophagogastric> 0 0 0 0
<5107046> <hasFamilyHistory> <Father_Lung> 0 0 0 0
<5107702> <hasFamilyHistory> <Uncle_Pancreatic> 0 0 0 0
<5109724> <hasFamilyHistory> <Brother_Lung> 0 0 0 0
<5110620> <hasFamilyHistory> <Father_Prostate> 0 0 0 0
<512463> <hasFamilyHistory> <Mother_Uterus/cervical> 0 0 0 0
<503003> <hasFamilyHistory> <Father_Central_nervous_system> 0 0 0 0
<508066> <hasFamilyHistory> <Grandmother_Unknown_origin_carcinoma> 0 0 0 0
<5106531> <hasFamilyHistory> <Mother_Breast> 0 0 0 0
<5115288> <hasFamilyHistory> <Father_Esophagogastric> 0 0 0 0
<5109727> <hasFamilyHistory> <Sister_Breast> 0 0 0 0
<507885> <hasFamilyHistory> <Brother_Lung> 0 0 0 0
<512601> <hasFamilyHistory> <Brother_Prostate> 0 0 0 0
<514128> <hasFamilyHistory> <Uncle_Colorrectal> 0 0 0 0
<4602328> <hasFamilyHistory> <Sister_Breast> 0 0 0 0
<3704420> <hasFamilyHistory> <Brother_Esophagogastric> 0 0 0 0
<507356> <hasFamilyHistory> <Aunt_Colorrectal> 0 0 0 0
<5104125> <hasFamilyHistory> <Mother_Breast> 0 0 0 0
<5114503> <hasFamilyHistory> <Brother_Colorrectal> 0 0 0 0
<512553> <hasFamilyHistory> <Uncle_Prostate> 0 0 0 0
<5112353> <hasFamilyHistory> <Father_Lung> 0 0 0 0
<504066> <hasFamilyHistory> <Niece_Breast> 0 0 0 0
<5111686> <hasFamilyHistory> <Father_Lung> 0 0 0 0
<416541> <hasFamilyHistory> <Female_Cousin_Breast> 0 0 0 0
<4612751> <hasFamilyHistory> <Grandfather_Prostate> 0 0 0 0
<4910535> <hasFamilyHistory> <Mother_Gall_bladder> 0 0 0 0
<3405248> <hasFamilyHistory> <Mother_Breast> 0 0 0 0
<413471> <hasFamilyHistory> <Niece_Breast> 0 0 0 0
<501251> <hasFamilyHistory> <Grandmother_Esophagogastric> 0 0 0 0
<503442> <hasFamilyHistory> <Male_Cousin_Esophagogastric> 0 0 0 0
<503986> <hasFamilyHistory> <Brother_Melanoma> 0 0 0 0
<5106491> <hasFamilyHistory> <Father_Colorrectal> 0 0 0 0
<514225> <hasFamilyHistory> <Father_Colorrectal> 0 0 0 0
<4605034> <hasFamilyHistory> <Grandfather_Lung> 0 0 0 0
<4604094> <hasFamilyHistory> <Grandfather_Melanoma> 0 0 0 0
<4604094> <hasFamilyHistory> <Father_Leukemia> 0 0 0 0
<503807> <hasFamilyHistory> <Father_Lung> 0 0 0 0
<5111621> <hasFamilyHistory> <Grandfather_Lung> 0 0 0 0
<3404439> <hasFamilyHistory> <Mother_Colorrectal> 0 0 0 0
<3508886> <hasFamilyHistory> <Grandmother_Esophagogastric> 0 0 0 0
<317298> <hasFamilyHistory> <Aunt_Breast> 0 0 0 0
<5104855> <hasFamilyHistory> <Sister_Lung> 0 0 0 0
<5107103> <hasFamilyHistory> <Father_Lung> 0 0 0 0
<5109138> <hasFamilyHistory> <Father_Colorrectal> 0 0 0 0
<5109451> <hasFamilyHistory> <Mother_Uterus/cervical> 0 0 0 0
<5116363> <hasFamilyHistory> <Brother_Prostate> 0 0 0 0
<5103665> <hasFamilyHistory> <Grandfather_Colorrectal> 0 0 0 0
<3703795> <hasFamilyHistory> <Mother_Colorrectal> 0 0 0 0
<4611308> <hasFamilyHistory> <Brother_Leukemia> 0 0 0 0
<513123> <hasFamilyHistory> <Daughter_Bladder/urinary_tract> 0 0 0 0
<516707> <hasFamilyHistory> <Male_Cousin_Bladder/urinary_tract> 0 0 0 0
<5307651> <hasFamilyHistory> <Sister_Melanoma> 0 0 0 0
<416750> <hasFamilyHistory> <Uncle_Head_and_neck> 0 0 0 0
<4604111> <hasFamilyHistory> <Brother_Head_and_neck> 0 0 0 0
<507446> <hasFamilyHistory> <Male_Cousin_Head_and_neck> 0 0 0 0
<5106530> <hasFamilyHistory> <Uncle_Head_and_neck> 0 0 0 0
<5106073> <hasFamilyHistory> <Brother_Head_and_neck> 0 0 0 0
<514126> <hasFamilyHistory> <Grandfather_Renal> 0 0 0 0
<512424> <hasFamilyHistory> <Brother_Bladder/urinary_tract> 0 0 0 0
<5107084> <hasFamilyHistory> <Uncle_Head_and_neck> 0 0 0 0
<3905705> <hasFamilyHistory> <Father_Liver> 0 0 0 0
<4614857> <hasFamilyHistory> <Uncle_Lung> 0 0 0 0
<417428> <hasFamilyHistory> <Brother_Lung> 0 0 0 0
<4605637> <hasFamilyHistory> <Father_Lung> 0 0 0 0
<507652> <hasFamilyHistory> <Father_Lung> 0 0 0 0
<512643> <hasFamilyHistory> <Mother_Breast> 0 0 0 0
<512770> <hasFamilyHistory> <Father_Lung> 0 0 0 0
<5113216> <hasFamilyHistory> <Uncle_Lung> 0 0 0 0
<512410> <hasFamilyHistory> <Mother_Breast> 0 0 0 0
<503039> <hasFamilyHistory> <Grandmother_Esophagogastric> 0 0 0 0
<3505864> <hasFamilyHistory> <Brother_Colorrectal> 0 0 0 0
<5106370> <hasFamilyHistory> <Female_Cousin_Lung> 0 0 0 0
<313722> <hasFamilyHistory> <Father_Pancreatic> 0 0 0 0
<5116773> <hasFamilyHistory> <Mother_Colorrectal> 0 0 0 0
<5106370> <hasFamilyHistory> <Aunt_Uterus/cervical> 0 0 0 0
<5304771> <hasFamilyHistory> <Sister_Breast> 0 0 0 0
<5314979> <hasFamilyHistory> <Sister_Uterus/cervical> 0 0 0 0
<5316041> <hasFamilyHistory> <Sister_Breast> 0 0 0 0
<5316687> <hasFamilyHistory> <Uncle_Central_nervous_system> 0 0 0 0
<5510794> <hasFamilyHistory> <Son_Lung> 0 0 0 0
<6605838> <hasFamilyHistory> <Father_Bladder/urinary_tract> 0 0 0 0
<514296> <hasFamilyHistory> <Grandmother_Unknown_origin_carcinoma> 0 0 0 0
<6311458> <hasFamilyHistory> <Father_Leukemia> 0 0 0 0
<6402605> <hasFamilyHistory> <Female_Cousin_Central_nervous_system> 0 0 0 0
<6402754> <hasFamilyHistory> <Brother_Lung> 0 0 0 0
<513748> <hasFamilyHistory> <Sister_Unknown_origin_carcinoma> 0 0 0 0
<5315665> <hasFamilyHistory> <Female_Cousin_Colorrectal> 0 0 0 0
<6301771> <hasFamilyHistory> <Mother_Lung> 0 0 0 0
<6315359> <hasFamilyHistory> <Father_Leukemia> 0 0 0 0
<6317278> <hasFamilyHistory> <Uncle_Bladder/urinary_tract> 0 0 0 0
<704307> <hasFamilyHistory> <Sister_Lung> 0 0 0 0
<7105832> <hasFamilyHistory> <Sister_Colorrectal> 0 0 0 0
<903643> <hasFamilyHistory> <Grandfather_Lung> 0 0 0 0
<906916> <hasFamilyHistory> <Father_Esophagogastric> 0 0 0 0
<907700> <hasFamilyHistory> <Daughter_Breast> 0 0 0 0
<916423> <hasFamilyHistory> <Father_Esophagogastric> 0 0 0 0
<716289> <hasFamilyHistory> <Aunt_Liver> 0 0 0 0
<8311608> <hasFamilyHistory> <Mother_Breast> 0 0 0 0
<906795> <hasFamilyHistory> <Aunt_Breast> 0 0 0 0
<7409150> <hasFamilyHistory> <Father_Lung> 0 0 0 0
<715075> <hasFamilyHistory> <Mother_Breast> 0 0 0 0
<711040> <hasFamilyHistory> <Brother_Colorrectal> 0 0 0 0
<516234> <hasFamilyHistory> <Brother_Esophagogastric> 0 0 0 0
<6300967> <hasFamilyHistory> <Father_Esophagogastric> 0 0 0 0
<513952> <hasFamilyHistory> <Brother_Lung> 0 0 0 0
<514446> <hasFamilyHistory> <Sister_Other> 0 0 0 0
<516262> <hasFamilyHistory> <Uncle_Lung> 0 0 0 0
<5316084> <hasFamilyHistory> <Brother_Renal> 0 0 0 0
<6315495> <hasFamilyHistory> <Aunt_Breast> 0 0 0 0
<5305801> <hasFamilyHistory> <Father_Colorrectal> 0 0 0 0
<5316922> <hasFamilyHistory> <Grandmother_Breast> 0 0 0 0
<5313839> <hasFamilyHistory> <Uncle_Esophagogastric> 0 0 0 0
<516182> <hasFamilyHistory> <Brother_Lung> 0 0 0 0
<6311980> <hasFamilyHistory> <Father_Esophagogastric> 0 0 0 0
<515839> <hasFamilyHistory> <Aunt_Uterus/cervical> 0 0 0 0
<709344> <hasFamilyHistory> <Male_Cousin_Pancreatic> 0 0 0 0
<9415464> <hasFamilyHistory> <Uncle_Esophagogastric> 0 0 0 0
<9912935> <hasFamilyHistory> <Mother_Colorrectal> 0 0 0 0
<9408840> <hasFamilyHistory> <Father_Colorrectal> 0 0 0 0
<911554> <hasFamilyHistory> <Brother_Colorrectal> 0 0 0 0
<7000309> <hasFamilyHistory> <Mother_Uterus/cervical> 0 0 0 0
<5504922> <hasFamilyHistory> <Grandfather_Lung> 0 0 0 0
<5316594> <hasFamilyHistory> <Sister_Breast> 0 0 0 0
<6315235> <hasFamilyHistory> <Father_Head_and_neck> 0 0 0 0
<7000634> <hasFamilyHistory> <Brother_Lung> 0 0 0 0
<907367> <hasFamilyHistory> <Sister_Lung> 0 0 0 0
<7717071> <hasFamilyHistory> <Sister_Breast> 0 0 0 0
<5316154> <hasFamilyHistory> <Sister_Breast> 0 0 0 0
<5303206> <hasFamilyHistory> <Father_Lung> 0 0 0 0
<6400527> <hasFamilyHistory> <Brother_Pancreatic> 0 0 0 0
<916791> <hasFamilyHistory> <Uncle_Lung> 0 0 0 0
<911816> <hasFamilyHistory> <Sister_Esophagogastric> 0 0 0 0
<7406523> <hasFamilyHistory> <Niece_Bladder/urinary_tract> 0 0 0 0
<6300792> <hasFamilyHistory> <Brother_Prostate> 0 0 0 0
<7406603> <hasFamilyHistory> <Sister_Breast> 0 0 0 0
<901902> <hasFamilyHistory> <Aunt_Uterus/cervical> 0 0 0 0
<6302589> <hasFamilyHistory> <Brother_Lung> 0 0 0 0
<516201> <hasFamilyHistory> <Brother_Head_and_neck> 0 0 0 0
<514359> <hasFamilyHistory> <Brother_Bladder/urinary_tract> 0 0 0 0
<516707> <hasFamilyHistory> <Male_Cousin_Head_and_neck> 0 0 0 0
<9417547> <hasFamilyHistory> <Brother_Head_and_neck> 0 0 0 0
<514263> <hasFamilyHistory> <Mother_Central_nervous_system> 0 0 0 0
<6311644> <hasFamilyHistory> <Son_Other> 0 0 0 0
<6315713> <hasFamilyHistory> <Mother_Unknown_origin_carcinoma> 0 0 0 0
<513741> <hasFamilyHistory> <Female_Cousin_Breast> 0 0 0 0
<7000300> <hasFamilyHistory> <Brother_Esophagogastric> 0 0 0 0
<5313493> <hasFamilyHistory> <Mother_Breast> 0 0 0 0
<5312315> <hasFamilyHistory> <Aunt_Uterus/cervical> 0 0 0 0
<516820> <hasFamilyHistory> <Brother_Lung> 0 0 0 0
<9704907> <hasFamilyHistory> <Aunt_Liver> 0 0 0 0
<5315859> <hasFamilyHistory> <Brother_Pancreatic> 0 0 0 0
<6900552> <hasFamilyHistory> <Mother_Liver> 0 0 0 0
<909692> <hasFamilyHistory> <Father_Prostate> 0 0 0 0
<6305069> <hasFamilyHistory> <Sister_Lymphoma> 0 0 0 0
<6300925> <hasFamilyHistory> <Sister_Breast> 0 0 0 0
<6311460> <hasFamilyHistory> <Father_Prostate> 0 0 0 0
<4910552> <hasFamilyHistory> <Brother_Lung> 0 0 0 0
<9408661> <hasFamilyHistory> <Male_Cousin_Esophagogastric> 0 0 0 0
<3812437> <hasFamilyHistory> <Grandfather_Central_nervous_system> 0 0 0 0
<513240> <hasFamilyHistory> <Mother_Head_and_neck> 0 0 0 0
<512770> <hasFamilyHistory> <Mother_Pancreatic> 0 0 0 0
<4910783> <hasFamilyHistory> <Father_Liver> 0 0 0 0
<1006660> <hasFamilyHistory> <Mother_Breast> 0 0 0 0
<10607055> <hasFamilyHistory> <Sister_Breast> 0 0 0 0
<10612123> <hasFamilyHistory> <Sister_Breast> 0 0 0 0
<10612970> <hasFamilyHistory> <Father_Lung> 0 0 0 0
<10810457> <hasFamilyHistory> <Aunt_Ovarian> 0 0 0 0
<1006649> <hasFamilyHistory> <Grandfather_Lung> 0 0 0 0
<10612162> <hasFamilyHistory> <Father_Head_and_neck> 0 0 0 0
<102718> <hasFamilyHistory> <Brother_Lung> 0 0 0 0
<11312376> <hasFamilyHistory> <Son_Esophagogastric> 0 0 0 0
<11313605> <hasFamilyHistory> <Father_Lung> 0 0 0 0
<11317082> <hasFamilyHistory> <Female_Cousin_Breast> 0 0 0 0
<1310443> <hasFamilyHistory> <Father_Colorrectal> 0 0 0 0
<1315089> <hasFamilyHistory> <Sister_Breast> 0 0 0 0
<1509504> <hasFamilyHistory> <Sister_Pancreatic> 0 0 0 0
<1509527> <hasFamilyHistory> <Nephew_Leukemia> 0 0 0 0
<1511163> <hasFamilyHistory> <Uncle_Lung> 0 0 0 0
<15707823> <hasFamilyHistory> <Brother_Lung> 0 0 0 0
<15715013> <hasFamilyHistory> <Mother_Lymphoma> 0 0 0 0
<15717546> <hasFamilyHistory> <Father_Other> 0 0 0 0
<202768> <hasFamilyHistory> <Grandfather_Colorrectal> 0 0 0 0
<1317420> <hasFamilyHistory> <Father_Lung> 0 0 0 0
<1503664> <hasFamilyHistory> <Grandfather_Unknown_origin_carcinoma> 0 0 0 0
<15704693> <hasFamilyHistory> <Niece_Breast> 0 0 0 0
<202609> <hasFamilyHistory> <Mother_Breast> 0 0 0 0
<11312000> <hasFamilyHistory> <Brother_Colorrectal> 0 0 0 0
<1509494> <hasFamilyHistory> <Father_Bladder/urinary_tract> 0 0 0 0
<11405991> <hasFamilyHistory> <Grandmother_Esophagogastric> 0 0 0 0
<203543> <hasFamilyHistory> <Father_Lung> 0 0 0 0
<208931> <hasFamilyHistory> <Mother_Colorrectal> 0 0 0 0
<209677> <hasFamilyHistory> <Sister_Breast> 0 0 0 0
<2100837> <hasFamilyHistory> <Father_Melanoma> 0 0 0 0
<2110562> <hasFamilyHistory> <Grandmother_Pancreatic> 0 0 0 0
<2300060> <hasFamilyHistory> <Father_Lung> 0 0 0 0
<2307126> <hasFamilyHistory> <Sister_Lung> 0 0 0 0
<2807337> <hasFamilyHistory> <Brother_Lung> 0 0 0 0
<2816469> <hasFamilyHistory> <Mother_Uterus/cervical> 0 0 0 0
<2904006> <hasFamilyHistory> <Grandfather_Colorrectal> 0 0 0 0
<2907123> <hasFamilyHistory> <Father_Lung> 0 0 0 0
<3012052> <hasFamilyHistory> <Sister_Ovarian> 0 0 0 0
<210520> <hasFamilyHistory> <Father_Prostate> 0 0 0 0
<2101418> <hasFamilyHistory> <Father_Colorrectal> 0 0 0 0
<2108699> <hasFamilyHistory> <Uncle_Lung> 0 0 0 0
<2304418> <hasFamilyHistory> <Mother_Esophagogastric> 0 0 0 0
<1310335> <hasFamilyHistory> <Brother_Esophagogastric> 0 0 0 0
<1500991> <hasFamilyHistory> <Aunt_Colorrectal> 0 0 0 0
<1501055> <hasFamilyHistory> <Mother_Esophagogastric> 0 0 0 0
<1505968> <hasFamilyHistory> <Mother_Esophagogastric> 0 0 0 0
<202768> <hasFamilyHistory> <Father_Colorrectal> 0 0 0 0
<109805> <hasFamilyHistory> <Father_Lung> 0 0 0 0
<1316064> <hasFamilyHistory> <Brother_Lung> 0 0 0 0
<1514712> <hasFamilyHistory> <Father_Esophagogastric> 0 0 0 0
<1511157> <hasFamilyHistory> <Sister_Uterus/cervical> 0 0 0 0
<2916085> <hasFamilyHistory> <Father_Colorrectal> 0 0 0 0
<1302254> <hasFamilyHistory> <Grandmother_Esophagogastric> 0 0 0 0
<1501047> <hasFamilyHistory> <Male_Cousin_Lung> 0 0 0 0
<15701754> <hasFamilyHistory> <Uncle_Lung> 0 0 0 0
<15701757> <hasFamilyHistory> <Brother_Esophagogastric> 0 0 0 0
<1515321> <hasFamilyHistory> <Father_Bladder/urinary_tract> 0 0 0 0
<2305369> <hasFamilyHistory> <Nephew_Central_nervous_system> 0 0 0 0
<303004> <hasFamilyHistory> <Aunt_Breast> 0 0 0 0
<203552> <hasFamilyHistory> <Sister_Esophagogastric> 0 0 0 0
<2107119> <hasFamilyHistory> <Sister_Breast> 0 0 0 0
<212409> <hasFamilyHistory> <Sister_Breast> 0 0 0 0
<2305672> <hasFamilyHistory> <Father_Skin_no_melanoma> 0 0 0 0
<1314986> <hasFamilyHistory> <Father_Liver> 0 0 0 0
<1315600> <hasFamilyHistory> <Sister_Leukemia> 0 0 0 0
<2100809> <hasFamilyHistory> <Father_Colorrectal> 0 0 0 0
<2115849> <hasFamilyHistory> <Father_Lung> 0 0 0 0
<2505019> <hasFamilyHistory> <Aunt_Other> 0 0 0 0
<2811003> <hasFamilyHistory> <Female_Cousin_Breast> 0 0 0 0
<204069> <hasFamilyHistory> <Brother_Lung> 0 0 0 0
<1302065> <hasFamilyHistory> <Father_Prostate> 0 0 0 0
<1310349> <hasFamilyHistory> <Sister_Breast> 0 0 0 0
<1500966> <hasFamilyHistory> <Sister_Breast> 0 0 0 0
<201992> <hasFamilyHistory> <Grandmother_Liver> 0 0 0 0
<1315088> <hasFamilyHistory> <Son_Head_and_neck> 0 0 0 0
<217105> <hasFamilyHistory> <Mother_Uterus/cervical> 0 0 0 0
<2301196> <hasFamilyHistory> <Sister_Colorrectal> 0 0 0 0
<1508004> <hasFamilyHistory> <Sister_Lung> 0 0 0 0
<2100972> <hasFamilyHistory> <Grandfather_Prostate> 0 0 0 0
<201543> <hasFamilyHistory> <Father_Leukemia> 0 0 0 0
<1302061> <hasFamilyHistory> <Sister_Lung> 0 0 0 0
<203274> <hasFamilyHistory> <Brother_Other> 0 0 0 0
<204333> <hasFamilyHistory> <Aunt_Lung> 0 0 0 0
<2305369> <hasFamilyHistory> <Mother_Colorrectal> 0 0 0 0
<1509566> <hasFamilyHistory> <Father_Head_and_neck> 0 0 0 0
<2903694> <hasFamilyHistory> <Mother_Colorrectal> 0 0 0 0
<204924> <hasFamilyHistory> <Mother_Esophagogastric> 0 0 0 0
<2803740> <hasFamilyHistory> <Sister_Breast> 0 0 0 0
<305228> <hasFamilyHistory> <Sister_Breast> 0 0 0 0
<307944> <hasFamilyHistory> <Uncle_Colorrectal> 0 0 0 0
<3316703> <hasFamilyHistory> <Mother_Colorrectal> 0 0 0 0
<3410584> <hasFamilyHistory> <Female_Cousin_Breast> 0 0 0 0
<3507496> <hasFamilyHistory> <Father_Gall_bladder> 0 0 0 0
<409231> <hasFamilyHistory> <Father_Other> 0 0 0 0
<409399> <hasFamilyHistory> <Father_Prostate> 0 0 0 0
<415195> <hasFamilyHistory> <Father_Lung> 0 0 0 0
<415720> <hasFamilyHistory> <Father_Unknown_origin_carcinoma> 0 0 0 0
<416648> <hasFamilyHistory> <Sister_Breast> 0 0 0 0
<417176> <hasFamilyHistory> <Grandmother_Colorrectal> 0 0 0 0
<4314193> <hasFamilyHistory> <Son_UNK> 0 0 0 0
<501247> <hasFamilyHistory> <Aunt_Lung> 0 0 0 0
<501250> <hasFamilyHistory> <Father_Head_and_neck> 0 0 0 0
<3508649> <hasFamilyHistory> <Father_Colorrectal> 0 0 0 0
<408732> <hasFamilyHistory> <Father_Lung> 0 0 0 0
<317192> <hasFamilyHistory> <Sister_Breast> 0 0 0 0
<4910657> <hasFamilyHistory> <Brother_Esophagogastric> 0 0 0 0
<4607094> <hasFamilyHistory> <Father_Esophagogastric> 0 0 0 0
<317292> <hasFamilyHistory> <Father_Lung> 0 0 0 0
<503806> <hasFamilyHistory> <Uncle_Lung> 0 0 0 0
<503890> <hasFamilyHistory> <Sister_Melanoma> 0 0 0 0
<507356> <hasFamilyHistory> <Female_Cousin_Breast> 0 0 0 0
<508011> <hasFamilyHistory> <Uncle_Lung> 0 0 0 0
<508437> <hasFamilyHistory> <Mother_Colorrectal> 0 0 0 0
<509060> <hasFamilyHistory> <Female_Cousin_Lung> 0 0 0 0
<5102740> <hasFamilyHistory> <Male_Cousin_Lung> 0 0 0 0
<5106366> <hasFamilyHistory> <Father_Prostate> 0 0 0 0
<5111470> <hasFamilyHistory> <Mother_Esophagogastric> 0 0 0 0
<5111663> <hasFamilyHistory> <Aunt_Breast> 0 0 0 0
<5113361> <hasFamilyHistory> <Father_Esophagogastric> 0 0 0 0
<5114777> <hasFamilyHistory> <Father_Head_and_neck> 0 0 0 0
<512414> <hasFamilyHistory> <Father_Lung> 0 0 0 0
<512768> <hasFamilyHistory> <Father_Esophagogastric> 0 0 0 0
<513278> <hasFamilyHistory> <Brother_Prostate> 0 0 0 0
<503843> <hasFamilyHistory> <Brother_Breast> 0 0 0 0
<504066> <hasFamilyHistory> <Sister_Other> 0 0 0 0
<507778> <hasFamilyHistory> <Father_Unknown_origin_carcinoma> 0 0 0 0
<5110622> <hasFamilyHistory> <Brother_Esophagogastric> 0 0 0 0
<5110938> <hasFamilyHistory> <Father_Lung> 0 0 0 0
<508237> <hasFamilyHistory> <Brother_Lung> 0 0 0 0
<5115220> <hasFamilyHistory> <Uncle_Lung> 0 0 0 0
<5106529> <hasFamilyHistory> <Brother_Lung> 0 0 0 0
<502993> <hasFamilyHistory> <Father_Colorrectal> 0 0 0 0
<5106256> <hasFamilyHistory> <Father_Colorrectal> 0 0 0 0
<5106531> <hasFamilyHistory> <Father_Lung> 0 0 0 0
<317192> <hasFamilyHistory> <Father_Prostate> 0 0 0 0
<410330> <hasFamilyHistory> <Father_Lung> 0 0 0 0
<412737> <hasFamilyHistory> <Brother_Colorrectal> 0 0 0 0
<4615211> <hasFamilyHistory> <Father_Colorrectal> 0 0 0 0
<317246> <hasFamilyHistory> <Brother_Lymphoma> 0 0 0 0
<3704714> <hasFamilyHistory> <Mother_Other> 0 0 0 0
<415885> <hasFamilyHistory> <Sister_Other> 0 0 0 0
<503108> <hasFamilyHistory> <Father_Bladder/urinary_tract> 0 0 0 0
<508169> <hasFamilyHistory> <Brother_Lung> 0 0 0 0
<508492> <hasFamilyHistory> <Father_Esophagogastric> 0 0 0 0
<512530> <hasFamilyHistory> <Niece_Colorrectal> 0 0 0 0
<508510> <hasFamilyHistory> <Uncle_Esophagogastric> 0 0 0 0
<5106720> <hasFamilyHistory> <Father_Lung> 0 0 0 0
<5114398> <hasFamilyHistory> <Brother_Prostate> 0 0 0 0
<300272> <hasFamilyHistory> <Brother_Lung> 0 0 0 0
<307148> <hasFamilyHistory> <Mother_Breast> 0 0 0 0
<412099> <hasFamilyHistory> <Father_Esophagogastric> 0 0 0 0
<503289> <hasFamilyHistory> <Sister_Colorrectal> 0 0 0 0
<508175> <hasFamilyHistory> <UNK_Lung> 0 0 0 0
<5107030> <hasFamilyHistory> <Brother_Colorrectal> 0 0 0 0
<512553> <hasFamilyHistory> <Father_Melanoma> 0 0 0 0
<512616> <hasFamilyHistory> <Father_Colorrectal> 0 0 0 0
<513537> <hasFamilyHistory> <Sister_Breast> 0 0 0 0
<507904> <hasFamilyHistory> <Mother_Ovarian> 0 0 0 0
<5108300> <hasFamilyHistory> <Father_Colorrectal> 0 0 0 0
<2300018> <hasFamilyHistory> <Brother_Unknown_origin_carcinoma> 0 0 0 0
<2917365> <hasFamilyHistory> <Brother_Bladder/urinary_tract> 0 0 0 0
<4600602> <hasFamilyHistory> <Brother_Head_and_neck> 0 0 0 0
<416737> <hasFamilyHistory> <Mother_Head_and_neck> 0 0 0 0
<5104173> <hasFamilyHistory> <Aunt_Esophagogastric> 0 0 0 0
<305124> <hasFamilyHistory> <Father_Skin_no_melanoma> 0 0 0 0
<4608612> <hasFamilyHistory> <Female_Cousin_Pancreatic> 0 0 0 0
<1312655> <hasFamilyHistory> <Father_Esophagogastric> 0 0 0 0
<2808600> <hasFamilyHistory> <Father_Colorrectal> 0 0 0 0
<1302286> <hasFamilyHistory> <Father_Renal> 0 0 0 0
<217113> <hasFamilyHistory> <Sister_Lung> 0 0 0 0
<4602350> <hasFamilyHistory> <Aunt_Breast> 0 0 0 0
<4605308> <hasFamilyHistory> <Brother_Lung> 0 0 0 0
<4605313> <hasFamilyHistory> <Female_Cousin_Leukemia> 0 0 0 0
<3012900> <hasFamilyHistory> <Brother_Esophagogastric> 0 0 0 0
<3412523> <hasFamilyHistory> <Grandmother_Colorrectal> 0 0 0 0
<4604114> <hasFamilyHistory> <Father_Head_and_neck> 0 0 0 0
<507878> <hasFamilyHistory> <Mother_Liver> 0 0 0 0
<508235> <hasFamilyHistory> <Uncle_Colorrectal> 0 0 0 0
<4911085> <hasFamilyHistory> <Brother_Lymphoma> 0 0 0 0
<416737> <hasFamilyHistory> <Father_Pancreatic> 0 0 0 0
<5115750> <hasFamilyHistory> <Mother_Leukemia> 0 0 0 0
<2901424> <hasFamilyHistory> <Mother_Breast> 0 0 0 0
<306944> <hasFamilyHistory> <Mother_Colorrectal> 0 0 0 0
<507741> <hasFamilyHistory> <Father_Lung> 0 0 0 0
<4604553> <hasFamilyHistory> <Father_Esophagogastric> 0 0 0 0
<508526> <hasFamilyHistory> <Mother_Uterus/cervical> 0 0 0 0
<513729> <hasFamilyHistory> <Father_Head_and_neck> 0 0 0 0
<513745> <hasFamilyHistory> <Father_Esophagogastric> 0 0 0 0
<513902> <hasFamilyHistory> <Sister_Uterus/cervical> 0 0 0 0
<513968> <hasFamilyHistory> <Male_Cousin_Lung> 0 0 0 0
<514126> <hasFamilyHistory> <Grandmother_Pancreatic> 0 0 0 0
<516236> <hasFamilyHistory> <Aunt_Leukemia> 0 0 0 0
<516603> <hasFamilyHistory> <Aunt_Colorrectal> 0 0 0 0
<517255> <hasFamilyHistory> <Brother_Lung> 0 0 0 0
<5314147> <hasFamilyHistory> <Uncle_Gall_bladder> 0 0 0 0
<5314665> <hasFamilyHistory> <Sister_Colorrectal> 0 0 0 0
<513930> <hasFamilyHistory> <Brother_Esophagogastric> 0 0 0 0
<516169> <hasFamilyHistory> <Mother_Other> 0 0 0 0
<5304769> <hasFamilyHistory> <Mother_Leukemia> 0 0 0 0
<6315347> <hasFamilyHistory> <Female_Cousin_Breast> 0 0 0 0
<513703> <hasFamilyHistory> <Father_Esophagogastric> 0 0 0 0
<6605735> <hasFamilyHistory> <Brother_Other> 0 0 0 0
<514399> <hasFamilyHistory> <Father_Colorrectal> 0 0 0 0
<5303094> <hasFamilyHistory> <Aunt_Lung> 0 0 0 0
<6316511> <hasFamilyHistory> <Father_Lung> 0 0 0 0
<513690> <hasFamilyHistory> <Father_Lung> 0 0 0 0
<6315491> <hasFamilyHistory> <Father_Lung> 0 0 0 0
<707708> <hasFamilyHistory> <Father_Lung> 0 0 0 0
<709528> <hasFamilyHistory> <Grandfather_Lung> 0 0 0 0
<714292> <hasFamilyHistory> <Brother_Lung> 0 0 0 0
<900422> <hasFamilyHistory> <Father_Head_and_neck> 0 0 0 0
<906884> <hasFamilyHistory> <Uncle_Lung> 0 0 0 0
<9407911> <hasFamilyHistory> <Mother_Uterus/cervical> 0 0 0 0
<703754> <hasFamilyHistory> <Father_Other> 0 0 0 0
<706168> <hasFamilyHistory> <Brother_Lung> 0 0 0 0
<9703783> <hasFamilyHistory> <Brother_Lung> 0 0 0 0
<906795> <hasFamilyHistory> <Mother_Colorrectal> 0 0 0 0
<9409337> <hasFamilyHistory> <Sister_Breast> 0 0 0 0
<9703654> <hasFamilyHistory> <Sister_Other> 0 0 0 0
<715074> <hasFamilyHistory> <Father_Lung> 0 0 0 0
<9703520> <hasFamilyHistory> <Aunt_Liver> 0 0 0 0
<704661> <hasFamilyHistory> <Mother_Breast> 0 0 0 0
<5111714> <hasFamilyHistory> <Brother_Esophagogastric> 0 0 0 0
<6302483> <hasFamilyHistory> <Father_Lung> 0 0 0 0
<6314340> <hasFamilyHistory> <Grandfather_Lung> 0 0 0 0
<6315248> <hasFamilyHistory> <Father_Lung> 0 0 0 0
<6315670> <hasFamilyHistory> <Father_Prostate> 0 0 0 0
<516727> <hasFamilyHistory> <Mother_Breast> 0 0 0 0
<6316147> <hasFamilyHistory> <Brother_Lung> 0 0 0 0
<513569> <hasFamilyHistory> <Father_Lung> 0 0 0 0
<513710> <hasFamilyHistory> <Father_Lung> 0 0 0 0
<514293> <hasFamilyHistory> <Sister_Head_and_neck> 0 0 0 0
<514363> <hasFamilyHistory> <Brother_Esophagogastric> 0 0 0 0
<5316514> <hasFamilyHistory> <Mother_Esophagogastric> 0 0 0 0
<709342> <hasFamilyHistory> <Uncle_Colorrectal> 0 0 0 0
<9910304> <hasFamilyHistory> <Mother_Breast> 0 0 0 0
<907156> <hasFamilyHistory> <Sister_Uterus/cervical> 0 0 0 0
<711015> <hasFamilyHistory> <Mother_Renal> 0 0 0 0
<710824> <hasFamilyHistory> <Sister_Breast> 0 0 0 0
<5317582> <hasFamilyHistory> <Sister_Uterus/cervical> 0 0 0 0
<514140> <hasFamilyHistory> <Father_Head_and_neck> 0 0 0 0
<5313414> <hasFamilyHistory> <Aunt_Breast> 0 0 0 0
<515850> <hasFamilyHistory> <Brother_Lung> 0 0 0 0
<7405346> <hasFamilyHistory> <Sister_Colorrectal> 0 0 0 0
<704183> <hasFamilyHistory> <Sister_Breast> 0 0 0 0
<916891> <hasFamilyHistory> <Mother_Bladder/urinary_tract> 0 0 0 0
<9408693> <hasFamilyHistory> <Father_Colorrectal> 0 0 0 0
<704307> <hasFamilyHistory> <Mother_Uterus/cervical> 0 0 0 0
<415781> <hasFamilyHistory> <Mother_Unknown_origin_carcinoma> 0 0 0 0
<6304717> <hasFamilyHistory> <Father_Liver> 0 0 0 0
<417504> <hasFamilyHistory> <Brother_Colorrectal> 0 0 0 0
<507265> <hasFamilyHistory> <Mother_Breast> 0 0 0 0
<516193> <hasFamilyHistory> <Sister_Colorrectal> 0 0 0 0
<7000353> <hasFamilyHistory> <Son_Lymphoma> 0 0 0 0
<512643> <hasFamilyHistory> <Uncle_Skin_no_melanoma> 0 0 0 0
<5314980> <hasFamilyHistory> <Female_Cousin_Uterus/cervical> 0 0 0 0
<6315233> <hasFamilyHistory> <Father_Prostate> 0 0 0 0
<8307698> <hasFamilyHistory> <Female_Cousin_Breast> 0 0 0 0
<708896> <hasFamilyHistory> <Mother_Breast> 0 0 0 0
<5111257> <hasFamilyHistory> <Father_Colorrectal> 0 0 0 0
<514414> <hasFamilyHistory> <Niece_Lung> 0 0 0 0
<5316652> <hasFamilyHistory> <Father_Head_and_neck> 0 0 0 0
<517078> <hasFamilyHistory> <Aunt_Breast> 0 0 0 0
<515383> <hasFamilyHistory> <Mother_Breast> 0 0 0 0
<514128> <hasFamilyHistory> <Father_Colorrectal> 0 0 0 0
<517149> <hasFamilyHistory> <Father_Lung> 0 0 0 0
<908619> <hasFamilyHistory> <Mother_Other> 0 0 0 0
<514245> <hasFamilyHistory> <Father_Prostate> 0 0 0 0
<2813854> <hasFamilyHistory> <Grandmother_Colorrectal> 0 0 0 0
<513242> <hasFamilyHistory> <Sister_Breast> 0 0 0 0
<513567> <hasFamilyHistory> <Grandmother_Pancreatic> 0 0 0 0
<10810457> <hasFamilyHistory> <Uncle_Head_and_neck> 0 0 0 0
<1511125> <hasFamilyHistory> <Mother_Pancreatic> 0 0 0 0
<5113725> <hasFamilyHistory> <Aunt_Esophagogastric> 0 0 0 0
<509051> <hasFamilyHistory> <Sister_Renal> 0 0 0 0
<3510987> <hasFamilyHistory> <Mother_Pancreatic> 0 0 0 0
<5315648> <hasFamilyHistory> <Brother_Head_and_neck> 0 0 0 0
<7215139> <hasFamilyHistory> <Brother_Bladder/urinary_tract> 0 0 0 0
<5314850> <hasFamilyHistory> <Brother_Head_and_neck> 0 0 0 0
