<108320> <hasPreviousCancerType> <Bladder/urinary_tract> 0 0 0 0
<102863> <hasPreviousCancerType> <Colorectal> 0 0 0 0
<12914061> <hasPreviousCancerType> <Prostate> 0 0 0 0
<102081> <hasPreviousCancerType> <Esophagogastric> 0 0 0 0
<202021> <hasPreviousCancerType> <Prostate> 0 0 0 0
<14705093> <hasPreviousCancerType> <Colorectal> 0 0 0 0
<15706112> <hasPreviousCancerType> <Prostate> 0 0 0 0
<11314105> <hasPreviousCancerType> <Bladder/urinary_tract> 0 0 0 0
<1511192> <hasPreviousCancerType> <Colorectal> 0 0 0 0
<12915098> <hasPreviousCancerType> <Other> 0 0 0 0
<1304675> <hasPreviousCancerType> <Head_and_neck> 0 0 0 0
<2902532> <hasPreviousCancerType> <Head_and_neck> 0 0 0 0
<306959> <hasPreviousCancerType> <Uterus/Cervical> 0 0 0 0
<2807164> <hasPreviousCancerType> <Head_and_neck> 0 0 0 0
<2107862> <hasPreviousCancerType> <Other> 0 0 0 0
<304975> <hasPreviousCancerType> <Prostate> 0 0 0 0
<2101171> <hasPreviousCancerType> <Esophagogastric> 0 0 0 0
<310421> <hasPreviousCancerType> <Other> 0 0 0 0
<2406967> <hasPreviousCancerType> <Bladder/urinary_tract> 0 0 0 0
<317263> <hasPreviousCancerType> <Lymphoma> 0 0 0 0
<3404233> <hasPreviousCancerType> <Prostate> 0 0 0 0
<2304732> <hasPreviousCancerType> <Head_and_neck> 0 0 0 0
<2903122> <hasPreviousCancerType> <Other> 0 0 0 0
<413119> <hasPreviousCancerType> <Prostate> 0 0 0 0
<3510011> <hasPreviousCancerType> <Bladder/urinary_tract> 0 0 0 0
<4201622> <hasPreviousCancerType> <Head_and_neck> 0 0 0 0
<501271> <hasPreviousCancerType> <Bladder/urinary_tract> 0 0 0 0
<508491> <hasPreviousCancerType> <Head_and_neck> 0 0 0 0
<503397> <hasPreviousCancerType> <Bladder/urinary_tract> 0 0 0 0
<504152> <hasPreviousCancerType> <Esophagogastric> 0 0 0 0
<4613026> <hasPreviousCancerType> <Other> 0 0 0 0
<415184> <hasPreviousCancerType> <Other> 0 0 0 0
<3510318> <hasPreviousCancerType> <Bladder/urinary_tract> 0 0 0 0
<507464> <hasPreviousCancerType> <Bladder/urinary_tract> 0 0 0 0
<508206> <hasPreviousCancerType> <Bladder/urinary_tract> 0 0 0 0
<508061> <hasPreviousCancerType> <Head_and_neck> 0 0 0 0
<514423> <hasPreviousCancerType> <Other> 0 0 0 0
<509095> <hasPreviousCancerType> <Pancreatic> 0 0 0 0
<5103144> <hasPreviousCancerType> <Other> 0 0 0 0
<513755> <hasPreviousCancerType> <Prostate> 0 0 0 0
<513573> <hasPreviousCancerType> <Colorectal> 0 0 0 0
<5102877> <hasPreviousCancerType> <Prostate> 0 0 0 0
<5316197> <hasPreviousCancerType> <Lymphoma> 0 0 0 0
<6317169> <hasPreviousCancerType> <Other> 0 0 0 0
<5317582> <hasPreviousCancerType> <Prostate> 0 0 0 0
<514112> <hasPreviousCancerType> <Breast> 0 0 0 0
<5315069> <hasPreviousCancerType> <Prostate> 0 0 0 0
<5508923> <hasPreviousCancerType> <Breast> 0 0 0 0
<513129> <hasPreviousCancerType> <Prostate> 0 0 0 0
<5316171> <hasPreviousCancerType> <Bladder/urinary_tract> 0 0 0 0
<901956> <hasPreviousCancerType> <Lymphoma> 0 0 0 0
<9704480> <hasPreviousCancerType> <Prostate> 0 0 0 0
<515378> <hasPreviousCancerType> <Other> 0 0 0 0
<9703373> <hasPreviousCancerType> <Other> 0 0 0 0
<7404459> <hasPreviousCancerType> <Central_nervous_system> 0 0 0 0
<906954> <hasPreviousCancerType> <Prostate> 0 0 0 0
<5315889> <hasPreviousCancerType> <Head_and_neck> 0 0 0 0
<900566> <hasPreviousCancerType> <Prostate> 0 0 0 0
<1512988> <hasPreviousCancerType> <Sarcoma> 0 0 0 0
<2405614> <hasPreviousCancerType> <Lung> 0 0 0 0
<303701> <hasPreviousCancerType> <Skin_no_melanoma> 0 0 0 0
<2305120> <hasPreviousCancerType> <Skin_no_melanoma> 0 0 0 0
<417209> <hasPreviousCancerType> <Skin_no_melanoma> 0 0 0 0
<5106772> <hasPreviousCancerType> <Melanoma> 0 0 0 0
<5314103> <hasPreviousCancerType> <Skin_no_melanoma> 0 0 0 0
<5314612> <hasPreviousCancerType> <Skin_no_melanoma> 0 0 0 0
<101715> <hasPreviousCancerType> <Bladder/urinary_tract> 0 0 0 0
<111272> <hasPreviousCancerType> <Other> 0 0 0 0
<11315838> <hasPreviousCancerType> <Bladder/urinary_tract> 0 0 0 0
<1200934> <hasPreviousCancerType> <Bladder/urinary_tract> 0 0 0 0
<1310063> <hasPreviousCancerType> <Head_and_neck> 0 0 0 0
<1314830> <hasPreviousCancerType> <Other> 0 0 0 0
<11314500> <hasPreviousCancerType> <Bladder/urinary_tract> 0 0 0 0
<1305472> <hasPreviousCancerType> <Germinal_tumors> 0 0 0 0
<202760> <hasPreviousCancerType> <Bladder/urinary_tract> 0 0 0 0
<203481> <hasPreviousCancerType> <Colorectal> 0 0 0 0
<15709467> <hasPreviousCancerType> <Prostate> 0 0 0 0
<1213195> <hasPreviousCancerType> <Pancreatic> 0 0 0 0
<1201158> <hasPreviousCancerType> <Head_and_neck> 0 0 0 0
<202581> <hasPreviousCancerType> <Bladder/urinary_tract> 0 0 0 0
<204030> <hasPreviousCancerType> <Esophagogastric> 0 0 0 0
<15715006> <hasPreviousCancerType> <Breast> 0 0 0 0
<1202336> <hasPreviousCancerType> <Prostate> 0 0 0 0
<205078> <hasPreviousCancerType> <Head_and_neck> 0 0 0 0
<1214689> <hasPreviousCancerType> <Prostate> 0 0 0 0
<213333> <hasPreviousCancerType> <Prostate> 0 0 0 0
<2110957> <hasPreviousCancerType> <Renal> 0 0 0 0
<2507378> <hasPreviousCancerType> <Colorectal> 0 0 0 0
<2914773> <hasPreviousCancerType> <Breast> 0 0 0 0
<2810365> <hasPreviousCancerType> <Colorectal> 0 0 0 0
<2903694> <hasPreviousCancerType> <Bladder/urinary_tract> 0 0 0 0
<2306987> <hasPreviousCancerType> <Prostate> 0 0 0 0
<3015430> <hasPreviousCancerType> <Other> 0 0 0 0
<303680> <hasPreviousCancerType> <Breast> 0 0 0 0
<307199> <hasPreviousCancerType> <Colorectal> 0 0 0 0
<2300041> <hasPreviousCancerType> <Other> 0 0 0 0
<213396> <hasPreviousCancerType> <Breast> 0 0 0 0
<11314170> <hasPreviousCancerType> <Other> 0 0 0 0
<2102189> <hasPreviousCancerType> <Breast> 0 0 0 0
<312134> <hasPreviousCancerType> <Breast> 0 0 0 0
<2814325> <hasPreviousCancerType> <Bladder/urinary_tract> 0 0 0 0
<2808915> <hasPreviousCancerType> <Head_and_neck> 0 0 0 0
<217090> <hasPreviousCancerType> <Lymphoma> 0 0 0 0
<2305119> <hasPreviousCancerType> <Colorectal> 0 0 0 0
<2808926> <hasPreviousCancerType> <Head_and_neck> 0 0 0 0
<410505> <hasPreviousCancerType> <Central_nervous_system> 0 0 0 0
<3405500> <hasPreviousCancerType> <Other> 0 0 0 0
<3905879> <hasPreviousCancerType> <Breast> 0 0 0 0
<4608362> <hasPreviousCancerType> <Prostate> 0 0 0 0
<503138> <hasPreviousCancerType> <Head_and_neck> 0 0 0 0
<508469> <hasPreviousCancerType> <Head_and_neck> 0 0 0 0
<501236> <hasPreviousCancerType> <Bladder/urinary_tract> 0 0 0 0
<507880> <hasPreviousCancerType> <Lymphoma> 0 0 0 0
<3404216> <hasPreviousCancerType> <Prostate> 0 0 0 0
<507571> <hasPreviousCancerType> <Bladder/urinary_tract> 0 0 0 0
<3905713> <hasPreviousCancerType> <Other> 0 0 0 0
<507652> <hasPreviousCancerType> <Breast> 0 0 0 0
<504029> <hasPreviousCancerType> <Bladder/urinary_tract> 0 0 0 0
<508409> <hasPreviousCancerType> <Head_and_neck> 0 0 0 0
<4605872> <hasPreviousCancerType> <Prostate> 0 0 0 0
<509053> <hasPreviousCancerType> <Bladder/urinary_tract> 0 0 0 0
<509376> <hasPreviousCancerType> <Bladder/urinary_tract> 0 0 0 0
<5106485> <hasPreviousCancerType> <Other> 0 0 0 0
<516169> <hasPreviousCancerType> <Renal> 0 0 0 0
<516278> <hasPreviousCancerType> <Uterus/Cervical> 0 0 0 0
<516952> <hasPreviousCancerType> <Other> 0 0 0 0
<5814884> <hasPreviousCancerType> <Prostate> 0 0 0 0
<6311800> <hasPreviousCancerType> <Esophagogastric> 0 0 0 0
<6312202> <hasPreviousCancerType> <Bladder/urinary_tract> 0 0 0 0
<5314334> <hasPreviousCancerType> <Head_and_neck> 0 0 0 0
<5504936> <hasPreviousCancerType> <Esophagogastric> 0 0 0 0
<5112693> <hasPreviousCancerType> <Prostate> 0 0 0 0
<5109138> <hasPreviousCancerType> <Bladder/urinary_tract> 0 0 0 0
<516259> <hasPreviousCancerType> <Breast> 0 0 0 0
<5315467> <hasPreviousCancerType> <Head_and_neck> 0 0 0 0
<5107219> <hasPreviousCancerType> <Head_and_neck> 0 0 0 0
<516359> <hasPreviousCancerType> <Renal> 0 0 0 0
<5316343> <hasPreviousCancerType> <Head_and_neck> 0 0 0 0
<512460> <hasPreviousCancerType> <Other> 0 0 0 0
<5107704> <hasPreviousCancerType> <Prostate> 0 0 0 0
<5108858> <hasPreviousCancerType> <Breast> 0 0 0 0
<5313493> <hasPreviousCancerType> <Head_and_neck> 0 0 0 0
<7000638> <hasPreviousCancerType> <Head_and_neck> 0 0 0 0
<7407327> <hasPreviousCancerType> <Head_and_neck> 0 0 0 0
<907276> <hasPreviousCancerType> <Other> 0 0 0 0
<9708324> <hasPreviousCancerType> <Bladder/urinary_tract> 0 0 0 0
<1313446> <hasPreviousCancerType> <Skin_no_melanoma> 0 0 0 0
<204836> <hasPreviousCancerType> <Skin_no_melanoma> 0 0 0 0
<1309995> <hasPreviousCancerType> <Skin_no_melanoma> 0 0 0 0
<204334> <hasPreviousCancerType> <Skin_no_melanoma> 0 0 0 0
<2407071> <hasPreviousCancerType> <Skin_no_melanoma> 0 0 0 0
<214992> <hasPreviousCancerType> <Skin_no_melanoma> 0 0 0 0
<211874> <hasPreviousCancerType> <Melanoma> 0 0 0 0
<2306768> <hasPreviousCancerType> <Lung> 0 0 0 0
<2807857> <hasPreviousCancerType> <Skin_no_melanoma> 0 0 0 0
<3508887> <hasPreviousCancerType> <Skin_no_melanoma> 0 0 0 0
<6317029> <hasPreviousCancerType> <Skin_no_melanoma> 0 0 0 0
