<101747> <hasBiopsy> <Biopsy> 1 1 1 1
<101918> <hasBiopsy> <Biopsy> 1 1 1 1
<102262> <hasBiopsy> <Biopsy> 1 1 1 1
<10607196> <hasBiopsy> <Biopsy> 1 1 1 1
<107576> <hasBiopsy> <Biopsy> 1 1 1 1
<10805378> <hasBiopsy> <Biopsy> 1 1 1 1
<10807132> <hasBiopsy> <Biopsy> 1 1 1 1
<10816785> <hasBiopsy> <Biopsy> 1 1 1 1
<109253> <hasBiopsy> <Biopsy> 1 1 1 1
<11311973> <hasBiopsy> <Biopsy> 1 1 1 1
<113209> <hasBiopsy> <Biopsy> 1 1 1 1
<1201908> <hasBiopsy> <Biopsy> 1 1 1 1
<12814764> <hasBiopsy> <Biopsy> 1 1 1 1
<1300743> <hasBiopsy> <Biopsy> 1 1 1 1
<1302643> <hasBiopsy> <Biopsy> 1 1 1 1
<1303483> <hasBiopsy> <Biopsy> 1 1 1 1
<1303606> <hasBiopsy> <Biopsy> 1 1 1 1
<1305777> <hasBiopsy> <Biopsy> 1 1 1 1
<1310063> <hasBiopsy> <Biopsy> 1 1 1 1
<1315340> <hasBiopsy> <Biopsy> 1 1 1 1
<1316106> <hasBiopsy> <Biopsy> 1 1 1 1
<14715531> <hasBiopsy> <Biopsy> 0 0 0 0
<14715851> <hasBiopsy> <Biopsy> 1 1 1 1
<1500845> <hasBiopsy> <Biopsy> 1 1 1 1
<1503660> <hasBiopsy> <Biopsy> 1 1 1 1
<1509341> <hasBiopsy> <Biopsy> 1 1 1 1
<1517231> <hasBiopsy> <Biopsy> 0 0 0 0
<15704694> <hasBiopsy> <Biopsy> 1 1 1 1
<16100626> <hasBiopsy> <Biopsy> 0 0 0 0
<18015760> <hasBiopsy> <Biopsy> 1 1 1 1
<201537> <hasBiopsy> <Biopsy> 1 1 1 1
<203331> <hasBiopsy> <Biopsy> 1 1 1 1
<203527> <hasBiopsy> <Biopsy> 1 1 1 1
<205116> <hasBiopsy> <Biopsy> 1 1 1 1
<2101877> <hasBiopsy> <Biopsy> 1 1 1 1
<2106447> <hasBiopsy> <Biopsy> 1 1 1 1
<2115592> <hasBiopsy> <Biopsy> 1 1 1 1
<211730> <hasBiopsy> <Biopsy> 1 1 1 1
<2300003> <hasBiopsy> <Biopsy> 0 0 0 0
<2300037> <hasBiopsy> <Biopsy> 1 1 1 1
<2300339> <hasBiopsy> <Biopsy> 0 0 0 0
<2301151> <hasBiopsy> <Biopsy> 0 0 0 0
<2302090> <hasBiopsy> <Biopsy> 1 1 1 1
<2304399> <hasBiopsy> <Biopsy> 1 1 1 1
<2305282> <hasBiopsy> <Biopsy> 0 0 0 0
<2311681> <hasBiopsy> <Biopsy> 1 1 1 1
<2806064> <hasBiopsy> <Biopsy> 1 1 1 1
<2807352> <hasBiopsy> <Biopsy> 1 1 1 1
<2809854> <hasBiopsy> <Biopsy> 1 1 1 1
<2816465> <hasBiopsy> <Biopsy> 1 1 1 1
<2917492> <hasBiopsy> <Biopsy> 0 0 0 0
<300252> <hasBiopsy> <Biopsy> 1 1 1 1
<300380> <hasBiopsy> <Biopsy> 0 0 0 0
<1301971> <hasBiopsy> <Biopsy> 1 1 1 1
<1303244> <hasBiopsy> <Biopsy> 1 1 1 1
<1305508> <hasBiopsy> <Biopsy> 1 1 1 1
<1306718> <hasBiopsy> <Biopsy> 1 1 1 1
<1314756> <hasBiopsy> <Biopsy> 0 0 0 0
<1500847> <hasBiopsy> <Biopsy> 1 1 1 1
<1504840> <hasBiopsy> <Biopsy> 1 1 1 1
<203255> <hasBiopsy> <Biopsy> 1 1 1 1
<2100770> <hasBiopsy> <Biopsy> 1 1 1 1
<2107173> <hasBiopsy> <Biopsy> 1 1 1 1
<2306900> <hasBiopsy> <Biopsy> 0 0 0 0
<2807337> <hasBiopsy> <Biopsy> 1 1 1 1
<2807658> <hasBiopsy> <Biopsy> 1 1 1 1
<2903731> <hasBiopsy> <Biopsy> 0 0 0 0
<2300123> <hasBiopsy> <Biopsy> 1 1 1 1
<2406757> <hasBiopsy> <Biopsy> 1 1 1 1
<2811500> <hasBiopsy> <Biopsy> 1 1 1 1
<1201896> <hasBiopsy> <Biopsy> 1 1 1 1
<12914601> <hasBiopsy> <Biopsy> 1 1 1 1
<1314881> <hasBiopsy> <Biopsy> 1 1 1 1
<1508103> <hasBiopsy> <Biopsy> 1 1 1 1
<1514829> <hasBiopsy> <Biopsy> 1 1 1 1
<2911977> <hasBiopsy> <Biopsy> 1 1 1 1
<201993> <hasBiopsy> <Biopsy> 1 1 1 1
<2300919> <hasBiopsy> <Biopsy> 1 1 1 1
<11312488> <hasBiopsy> <Biopsy> 1 1 1 1
<3012052> <hasBiopsy> <Biopsy> 0 0 0 0
<301363> <hasBiopsy> <Biopsy> 0 0 0 0
<302294> <hasBiopsy> <Biopsy> 1 1 1 1
<303327> <hasBiopsy> <Biopsy> 1 1 1 1
<303372> <hasBiopsy> <Biopsy> 1 1 1 1
<311588> <hasBiopsy> <Biopsy> 0 0 0 0
<312132> <hasBiopsy> <Biopsy> 1 1 1 1
<313682> <hasBiopsy> <Biopsy> 1 1 1 1
<3404233> <hasBiopsy> <Biopsy> 0 0 0 0
<3405248> <hasBiopsy> <Biopsy> 1 1 1 1
<3405321> <hasBiopsy> <Biopsy> 1 1 1 1
<3406726> <hasBiopsy> <Biopsy> 1 1 1 1
<3505877> <hasBiopsy> <Biopsy> 1 1 1 1
<3602442> <hasBiopsy> <Biopsy> 1 1 1 1
<3602565> <hasBiopsy> <Biopsy> 1 1 1 1
<3602568> <hasBiopsy> <Biopsy> 1 1 1 1
<3611073> <hasBiopsy> <Biopsy> 1 1 1 1
<3811766> <hasBiopsy> <Biopsy> 1 1 1 1
<1300762> <hasBiopsy> <Biopsy> 1 1 1 1
<1303760> <hasBiopsy> <Biopsy> 1 1 1 1
<1314995> <hasBiopsy> <Biopsy> 0 0 0 0
<1315807> <hasBiopsy> <Biopsy> 1 1 1 1
<17707950> <hasBiopsy> <Biopsy> 0 0 0 0
<201453> <hasBiopsy> <Biopsy> 1 1 1 1
<102953> <hasBiopsy> <Biopsy> 1 1 1 1
<10612120> <hasBiopsy> <Biopsy> 1 1 1 1
<2100738> <hasBiopsy> <Biopsy> 1 1 1 1
<1504948> <hasBiopsy> <Biopsy> 1 1 1 1
<302692> <hasBiopsy> <Biopsy> 0 0 0 0
<409675> <hasBiopsy> <Biopsy> 1 1 1 1
<410045> <hasBiopsy> <Biopsy> 1 1 1 1
<415197> <hasBiopsy> <Biopsy> 1 1 1 1
<415563> <hasBiopsy> <Biopsy> 1 1 1 1
<416659> <hasBiopsy> <Biopsy> 1 1 1 1
<417077> <hasBiopsy> <Biopsy> 1 1 1 1
<417101> <hasBiopsy> <Biopsy> 1 1 1 1
<417287> <hasBiopsy> <Biopsy> 1 1 1 1
<4205846> <hasBiopsy> <Biopsy> 1 1 1 1
<4313457> <hasBiopsy> <Biopsy> 1 1 1 1
<4911222> <hasBiopsy> <Biopsy> 1 1 1 1
<4911244> <hasBiopsy> <Biopsy> 1 1 1 1
<501307> <hasBiopsy> <Biopsy> 1 1 1 1
<501314> <hasBiopsy> <Biopsy> 1 1 1 1
<501324> <hasBiopsy> <Biopsy> 1 1 1 1
<503246> <hasBiopsy> <Biopsy> 1 1 1 1
<507514> <hasBiopsy> <Biopsy> 0 0 0 0
<507533> <hasBiopsy> <Biopsy> 1 1 1 1
<508407> <hasBiopsy> <Biopsy> 0 0 0 0
<5104228> <hasBiopsy> <Biopsy> 0 0 0 0
<5106720> <hasBiopsy> <Biopsy> 0 0 0 0
<5110668> <hasBiopsy> <Biopsy> 0 0 0 0
<5111621> <hasBiopsy> <Biopsy> 0 0 0 0
<5111782> <hasBiopsy> <Biopsy> 1 1 1 1
<512403> <hasBiopsy> <Biopsy> 1 1 1 1
<512462> <hasBiopsy> <Biopsy> 1 1 1 1
<513728> <hasBiopsy> <Biopsy> 1 1 1 1
<513765> <hasBiopsy> <Biopsy> 0 0 0 0
<513767> <hasBiopsy> <Biopsy> 1 1 1 1
<514262> <hasBiopsy> <Biopsy> 0 0 0 0
<515822> <hasBiopsy> <Biopsy> 1 1 1 1
<516257> <hasBiopsy> <Biopsy> 1 1 1 1
<516760> <hasBiopsy> <Biopsy> 0 0 0 0
<516780> <hasBiopsy> <Biopsy> 1 1 1 1
<5313297> <hasBiopsy> <Biopsy> 1 1 1 1
<5313815> <hasBiopsy> <Biopsy> 1 1 1 1
<5313852> <hasBiopsy> <Biopsy> 1 1 1 1
<5314492> <hasBiopsy> <Biopsy> 1 1 1 1
<5314680> <hasBiopsy> <Biopsy> 1 1 1 1
<5314760> <hasBiopsy> <Biopsy> 1 1 1 1
<5314780> <hasBiopsy> <Biopsy> 1 1 1 1
<300858> <hasBiopsy> <Biopsy> 1 1 1 1
<304518> <hasBiopsy> <Biopsy> 1 1 1 1
<314013> <hasBiopsy> <Biopsy> 0 0 0 0
<316788> <hasBiopsy> <Biopsy> 1 1 1 1
<3304895> <hasBiopsy> <Biopsy> 1 1 1 1
<410361> <hasBiopsy> <Biopsy> 1 1 1 1
<410739> <hasBiopsy> <Biopsy> 1 1 1 1
<4313772> <hasBiopsy> <Biopsy> 1 1 1 1
<4601105> <hasBiopsy> <Biopsy> 1 1 1 1
<508422> <hasBiopsy> <Biopsy> 0 0 0 0
<5104271> <hasBiopsy> <Biopsy> 1 1 1 1
<5313192> <hasBiopsy> <Biopsy> 1 1 1 1
<5313367> <hasBiopsy> <Biopsy> 0 0 0 0
<5315791> <hasBiopsy> <Biopsy> 0 0 0 0
<311537> <hasBiopsy> <Biopsy> 1 1 1 1
<3405596> <hasBiopsy> <Biopsy> 1 1 1 1
<405841> <hasBiopsy> <Biopsy> 1 1 1 1
<416483> <hasBiopsy> <Biopsy> 1 1 1 1
<417506> <hasBiopsy> <Biopsy> 1 1 1 1
<4313378> <hasBiopsy> <Biopsy> 1 1 1 1
<501278> <hasBiopsy> <Biopsy> 1 1 1 1
<508558> <hasBiopsy> <Biopsy> 1 1 1 1
<508978> <hasBiopsy> <Biopsy> 0 0 0 0
<513665> <hasBiopsy> <Biopsy> 1 1 1 1
<5315385> <hasBiopsy> <Biopsy> 1 1 1 1
<4608614> <hasBiopsy> <Biopsy> 1 1 1 1
<4910703> <hasBiopsy> <Biopsy> 0 0 0 0
<5116542> <hasBiopsy> <Biopsy> 1 1 1 1
<2812031> <hasBiopsy> <Biopsy> 1 1 1 1
<2909953> <hasBiopsy> <Biopsy> 1 1 1 1
<3105728> <hasBiopsy> <Biopsy> 1 1 1 1
<3306162> <hasBiopsy> <Biopsy> 1 1 1 1
<5315224> <hasBiopsy> <Biopsy> 1 1 1 1
<2810919> <hasBiopsy> <Biopsy> 1 1 1 1
<1508114> <hasBiopsy> <Biopsy> 1 1 1 1
<15701755> <hasBiopsy> <Biopsy> 1 1 1 1
<2917316> <hasBiopsy> <Biopsy> 1 1 1 1
<516747> <hasBiopsy> <Biopsy> 0 0 0 0
<2903116> <hasBiopsy> <Biopsy> 1 1 1 1
<2304568> <hasBiopsy> <Biopsy> 1 1 1 1
<2806732> <hasBiopsy> <Biopsy> 1 1 1 1
<3510315> <hasBiopsy> <Biopsy> 1 1 1 1
<5315963> <hasBiopsy> <Biopsy> 0 0 0 0
<5316437> <hasBiopsy> <Biopsy> 1 1 1 1
<5316514> <hasBiopsy> <Biopsy> 1 1 1 1
<5316525> <hasBiopsy> <Biopsy> 1 1 1 1
<5316558> <hasBiopsy> <Biopsy> 1 1 1 1
<5317083> <hasBiopsy> <Biopsy> 1 1 1 1
<5317387> <hasBiopsy> <Biopsy> 0 0 0 0
<5501743> <hasBiopsy> <Biopsy> 1 1 1 1
<5509419> <hasBiopsy> <Biopsy> 1 1 1 1
<5517188> <hasBiopsy> <Biopsy> 1 1 1 1
<6300669> <hasBiopsy> <Biopsy> 1 1 1 1
<6301526> <hasBiopsy> <Biopsy> 1 1 1 1
<6311565> <hasBiopsy> <Biopsy> 1 1 1 1
<6315214> <hasBiopsy> <Biopsy> 1 1 1 1
<701836> <hasBiopsy> <Biopsy> 1 1 1 1
<705523> <hasBiopsy> <Biopsy> 1 1 1 1
<8306657> <hasBiopsy> <Biopsy> 1 1 1 1
<900435> <hasBiopsy> <Biopsy> 1 1 1 1
<906812> <hasBiopsy> <Biopsy> 1 1 1 1
<409350> <hasBiopsy> <Biopsy> 1 1 1 1
<409604> <hasBiopsy> <Biopsy> 1 1 1 1
<417247> <hasBiopsy> <Biopsy> 1 1 1 1
<5109140> <hasBiopsy> <Biopsy> 1 1 1 1
<508417> <hasBiopsy> <Biopsy> 0 0 0 0
<5111728> <hasBiopsy> <Biopsy> 1 1 1 1
<3412529> <hasBiopsy> <Biopsy> 1 1 1 1
<417402> <hasBiopsy> <Biopsy> 1 1 1 1
<513708> <hasBiopsy> <Biopsy> 0 0 0 0
<5315968> <hasBiopsy> <Biopsy> 1 1 1 1
<9703158> <hasBiopsy> <Biopsy> 0 0 0 0
<9703783> <hasBiopsy> <Biopsy> 0 0 0 0
<9708701> <hasBiopsy> <Biopsy> 1 1 1 1
<9708867> <hasBiopsy> <Biopsy> 1 1 1 1
<9914879> <hasBiopsy> <Biopsy> 0 0 0 0
<5501745> <hasBiopsy> <Biopsy> 0 0 0 0
<5511325> <hasBiopsy> <Biopsy> 0 0 0 0
<7406108> <hasBiopsy> <Biopsy> 1 1 1 1
<705121> <hasBiopsy> <Biopsy> 1 1 1 1
<5517181> <hasBiopsy> <Biopsy> 1 1 1 1
<504132> <hasBiopsy> <Biopsy> 0 0 0 0
<5316429> <hasBiopsy> <Biopsy> 1 1 1 1
<701835> <hasBiopsy> <Biopsy> 0 0 0 0
<6304839> <hasBiopsy> <Biopsy> 1 1 1 1
<2102270> <hasBiopsy> <Biopsy> 0 0 0 0
<416921> <hasBiopsy> <Biopsy> 1 1 1 1
<1006461> <hasBiopsy> <Biopsy> 0 0 0 0
<10607134> <hasBiopsy> <Biopsy> 1 1 1 1
<10611562> <hasBiopsy> <Biopsy> 1 1 1 1
<101716> <hasBiopsy> <Biopsy> 1 1 1 1
<102909> <hasBiopsy> <Biopsy> 0 0 0 0
<10604755> <hasBiopsy> <Biopsy> 0 0 0 0
<10612158> <hasBiopsy> <Biopsy> 0 0 0 0
<10612162> <hasBiopsy> <Biopsy> 0 0 0 0
<10612199> <hasBiopsy> <Biopsy> 1 1 1 1
<107661> <hasBiopsy> <Biopsy> 1 1 1 1
<107992> <hasBiopsy> <Biopsy> 0 0 0 0
<110870> <hasBiopsy> <Biopsy> 1 1 1 1
<112521> <hasBiopsy> <Biopsy> 1 1 1 1
<11911302> <hasBiopsy> <Biopsy> 1 1 1 1
<1200457> <hasBiopsy> <Biopsy> 1 1 1 1
<1200818> <hasBiopsy> <Biopsy> 1 1 1 1
<1201106> <hasBiopsy> <Biopsy> 1 1 1 1
<1213217> <hasBiopsy> <Biopsy> 1 1 1 1
<1214790> <hasBiopsy> <Biopsy> 0 0 0 0
<12915272> <hasBiopsy> <Biopsy> 1 1 1 1
<1300474> <hasBiopsy> <Biopsy> 0 0 0 0
<1300501> <hasBiopsy> <Biopsy> 1 1 1 1
<1301571> <hasBiopsy> <Biopsy> 1 1 1 1
<1302642> <hasBiopsy> <Biopsy> 1 1 1 1
<1303305> <hasBiopsy> <Biopsy> 0 0 0 0
<1303497> <hasBiopsy> <Biopsy> 1 1 1 1
<1304433> <hasBiopsy> <Biopsy> 1 1 1 1
<1305545> <hasBiopsy> <Biopsy> 1 1 1 1
<1305691> <hasBiopsy> <Biopsy> 1 1 1 1
<1305854> <hasBiopsy> <Biopsy> 1 1 1 1
<1310153> <hasBiopsy> <Biopsy> 1 1 1 1
<1310585> <hasBiopsy> <Biopsy> 1 1 1 1
<1314217> <hasBiopsy> <Biopsy> 1 1 1 1
<1314595> <hasBiopsy> <Biopsy> 1 1 1 1
<1314607> <hasBiopsy> <Biopsy> 1 1 1 1
<1504057> <hasBiopsy> <Biopsy> 1 1 1 1
<1505302> <hasBiopsy> <Biopsy> 0 0 0 0
<1513591> <hasBiopsy> <Biopsy> 0 0 0 0
<1516256> <hasBiopsy> <Biopsy> 1 1 1 1
<1516297> <hasBiopsy> <Biopsy> 1 1 1 1
<15710139> <hasBiopsy> <Biopsy> 0 0 0 0
<2115547> <hasBiopsy> <Biopsy> 1 1 1 1
<2300022> <hasBiopsy> <Biopsy> 1 1 1 1
<2300043> <hasBiopsy> <Biopsy> 1 1 1 1
<2300083> <hasBiopsy> <Biopsy> 1 1 1 1
<2300681> <hasBiopsy> <Biopsy> 1 1 1 1
<2311290> <hasBiopsy> <Biopsy> 1 1 1 1
<2406481> <hasBiopsy> <Biopsy> 0 0 0 0
<2801985> <hasBiopsy> <Biopsy> 1 1 1 1
<2805430> <hasBiopsy> <Biopsy> 0 0 0 0
<2807849> <hasBiopsy> <Biopsy> 1 1 1 1
<2808763> <hasBiopsy> <Biopsy> 1 1 1 1
<2809167> <hasBiopsy> <Biopsy> 1 1 1 1
<2815303> <hasBiopsy> <Biopsy> 1 1 1 1
<2816457> <hasBiopsy> <Biopsy> 1 1 1 1
<2817250> <hasBiopsy> <Biopsy> 1 1 1 1
<2902527> <hasBiopsy> <Biopsy> 0 0 0 0
<300462> <hasBiopsy> <Biopsy> 1 1 1 1
<3016943> <hasBiopsy> <Biopsy> 1 1 1 1
<302318> <hasBiopsy> <Biopsy> 1 1 1 1
<302340> <hasBiopsy> <Biopsy> 1 1 1 1
<103592> <hasBiopsy> <Biopsy> 1 1 1 1
<10612160> <hasBiopsy> <Biopsy> 1 1 1 1
<10803939> <hasBiopsy> <Biopsy> 1 1 1 1
<112098> <hasBiopsy> <Biopsy> 1 1 1 1
<1216586> <hasBiopsy> <Biopsy> 1 1 1 1
<12914506> <hasBiopsy> <Biopsy> 0 0 0 0
<1300389> <hasBiopsy> <Biopsy> 1 1 1 1
<1306715> <hasBiopsy> <Biopsy> 1 1 1 1
<1310229> <hasBiopsy> <Biopsy> 1 1 1 1
<1310467> <hasBiopsy> <Biopsy> 1 1 1 1
<1311287> <hasBiopsy> <Biopsy> 0 0 0 0
<1314717> <hasBiopsy> <Biopsy> 1 1 1 1
<14707385> <hasBiopsy> <Biopsy> 0 0 0 0
<1509852> <hasBiopsy> <Biopsy> 1 1 1 1
<1514825> <hasBiopsy> <Biopsy> 1 1 1 1
<1516852> <hasBiopsy> <Biopsy> 1 1 1 1
<15702371> <hasBiopsy> <Biopsy> 1 1 1 1
<201475> <hasBiopsy> <Biopsy> 1 1 1 1
<2300047> <hasBiopsy> <Biopsy> 1 1 1 1
<2806971> <hasBiopsy> <Biopsy> 1 1 1 1
<2810909> <hasBiopsy> <Biopsy> 1 1 1 1
<2814499> <hasBiopsy> <Biopsy> 1 1 1 1
<3005665> <hasBiopsy> <Biopsy> 0 0 0 0
<102863> <hasBiopsy> <Biopsy> 1 1 1 1
<2101430> <hasBiopsy> <Biopsy> 1 1 1 1
<2102865> <hasBiopsy> <Biopsy> 1 1 1 1
<2300118> <hasBiopsy> <Biopsy> 1 1 1 1
<2505255> <hasBiopsy> <Biopsy> 1 1 1 1
<2808829> <hasBiopsy> <Biopsy> 1 1 1 1
<1214722> <hasBiopsy> <Biopsy> 1 1 1 1
<14702226> <hasBiopsy> <Biopsy> 1 1 1 1
<109805> <hasBiopsy> <Biopsy> 1 1 1 1
<2100837> <hasBiopsy> <Biopsy> 1 1 1 1
<2101414> <hasBiopsy> <Biopsy> 1 1 1 1
<2809669> <hasBiopsy> <Biopsy> 1 1 1 1
<112111> <hasBiopsy> <Biopsy> 1 1 1 1
<1214686> <hasBiopsy> <Biopsy> 1 1 1 1
<2801917> <hasBiopsy> <Biopsy> 1 1 1 1
<3012040> <hasBiopsy> <Biopsy> 1 1 1 1
<301382> <hasBiopsy> <Biopsy> 1 1 1 1
<10611278> <hasBiopsy> <Biopsy> 1 1 1 1
<111417> <hasBiopsy> <Biopsy> 1 1 1 1
<116605> <hasBiopsy> <Biopsy> 1 1 1 1
<1314650> <hasBiopsy> <Biopsy> 1 1 1 1
<2304841> <hasBiopsy> <Biopsy> 1 1 1 1
<1300783> <hasBiopsy> <Biopsy> 1 1 1 1
<1516829> <hasBiopsy> <Biopsy> 1 1 1 1
<311640> <hasBiopsy> <Biopsy> 0 0 0 0
<3405225> <hasBiopsy> <Biopsy> 1 1 1 1
<3407252> <hasBiopsy> <Biopsy> 1 1 1 1
<3508649> <hasBiopsy> <Biopsy> 1 1 1 1
<3510875> <hasBiopsy> <Biopsy> 1 1 1 1
<3702789> <hasBiopsy> <Biopsy> 1 1 1 1
<3703692> <hasBiopsy> <Biopsy> 0 0 0 0
<3716093> <hasBiopsy> <Biopsy> 1 1 1 1
<409839> <hasBiopsy> <Biopsy> 1 1 1 1
<410095> <hasBiopsy> <Biopsy> 1 1 1 1
<410184> <hasBiopsy> <Biopsy> 1 1 1 1
<410222> <hasBiopsy> <Biopsy> 1 1 1 1
<410327> <hasBiopsy> <Biopsy> 0 0 0 0
<410374> <hasBiopsy> <Biopsy> 0 0 0 0
<413470> <hasBiopsy> <Biopsy> 1 1 1 1
<415777> <hasBiopsy> <Biopsy> 1 1 1 1
<417170> <hasBiopsy> <Biopsy> 1 1 1 1
<417417> <hasBiopsy> <Biopsy> 1 1 1 1
<4600606> <hasBiopsy> <Biopsy> 1 1 1 1
<4910934> <hasBiopsy> <Biopsy> 1 1 1 1
<501218> <hasBiopsy> <Biopsy> 1 1 1 1
<501356> <hasBiopsy> <Biopsy> 1 1 1 1
<503916> <hasBiopsy> <Biopsy> 1 1 1 1
<507448> <hasBiopsy> <Biopsy> 1 1 1 1
<508160> <hasBiopsy> <Biopsy> 0 0 0 0
<508448> <hasBiopsy> <Biopsy> 1 1 1 1
<508987> <hasBiopsy> <Biopsy> 0 0 0 0
<5106253> <hasBiopsy> <Biopsy> 0 0 0 0
<5106772> <hasBiopsy> <Biopsy> 1 1 1 1
<5111329> <hasBiopsy> <Biopsy> 1 1 1 1
<5111734> <hasBiopsy> <Biopsy> 0 0 0 0
<5111762> <hasBiopsy> <Biopsy> 1 1 1 1
<5114533> <hasBiopsy> <Biopsy> 0 0 0 0
<512941> <hasBiopsy> <Biopsy> 0 0 0 0
<513080> <hasBiopsy> <Biopsy> 1 1 1 1
<513895> <hasBiopsy> <Biopsy> 1 1 1 1
<513922> <hasBiopsy> <Biopsy> 1 1 1 1
<514306> <hasBiopsy> <Biopsy> 1 1 1 1
<515715> <hasBiopsy> <Biopsy> 1 1 1 1
<516167> <hasBiopsy> <Biopsy> 1 1 1 1
<516310> <hasBiopsy> <Biopsy> 1 1 1 1
<5301871> <hasBiopsy> <Biopsy> 1 1 1 1
<5314175> <hasBiopsy> <Biopsy> 1 1 1 1
<5315369> <hasBiopsy> <Biopsy> 1 1 1 1
<5316017> <hasBiopsy> <Biopsy> 1 1 1 1
<302235> <hasBiopsy> <Biopsy> 1 1 1 1
<311527> <hasBiopsy> <Biopsy> 1 1 1 1
<3308075> <hasBiopsy> <Biopsy> 1 1 1 1
<3704636> <hasBiopsy> <Biopsy> 0 0 0 0
<410023> <hasBiopsy> <Biopsy> 1 1 1 1
<415975> <hasBiopsy> <Biopsy> 1 1 1 1
<4911223> <hasBiopsy> <Biopsy> 1 1 1 1
<5109537> <hasBiopsy> <Biopsy> 1 1 1 1
<5113086> <hasBiopsy> <Biopsy> 1 1 1 1
<5113974> <hasBiopsy> <Biopsy> 1 1 1 1
<513762> <hasBiopsy> <Biopsy> 0 0 0 0
<514276> <hasBiopsy> <Biopsy> 1 1 1 1
<5301100> <hasBiopsy> <Biopsy> 1 1 1 1
<5312915> <hasBiopsy> <Biopsy> 0 0 0 0
<5315205> <hasBiopsy> <Biopsy> 1 1 1 1
<313009> <hasBiopsy> <Biopsy> 1 1 1 1
<415575> <hasBiopsy> <Biopsy> 1 1 1 1
<417022> <hasBiopsy> <Biopsy> 1 1 1 1
<4613023> <hasBiopsy> <Biopsy> 1 1 1 1
<507465> <hasBiopsy> <Biopsy> 1 1 1 1
<5109985> <hasBiopsy> <Biopsy> 0 0 0 0
<513197> <hasBiopsy> <Biopsy> 1 1 1 1
<512614> <hasBiopsy> <Biopsy> 1 1 1 1
<3704658> <hasBiopsy> <Biopsy> 1 1 1 1
<502987> <hasBiopsy> <Biopsy> 1 1 1 1
<5112917> <hasBiopsy> <Biopsy> 1 1 1 1
<416567> <hasBiopsy> <Biopsy> 1 1 1 1
<5106401> <hasBiopsy> <Biopsy> 0 0 0 0
<3514419> <hasBiopsy> <Biopsy> 1 1 1 1
<513700> <hasBiopsy> <Biopsy> 1 1 1 1
<513979> <hasBiopsy> <Biopsy> 1 1 1 1
<5313433> <hasBiopsy> <Biopsy> 1 1 1 1
<306994> <hasBiopsy> <Biopsy> 1 1 1 1
<409607> <hasBiopsy> <Biopsy> 1 1 1 1
<4608612> <hasBiopsy> <Biopsy> 1 1 1 1
<4910887> <hasBiopsy> <Biopsy> 1 1 1 1
<3409818> <hasBiopsy> <Biopsy> 1 1 1 1
<3509177> <hasBiopsy> <Biopsy> 1 1 1 1
<411870> <hasBiopsy> <Biopsy> 1 1 1 1
<416963> <hasBiopsy> <Biopsy> 1 1 1 1
<4910471> <hasBiopsy> <Biopsy> 1 1 1 1
<4911034> <hasBiopsy> <Biopsy> 1 1 1 1
<501274> <hasBiopsy> <Biopsy> 0 0 0 0
<5109800> <hasBiopsy> <Biopsy> 1 1 1 1
<513637> <hasBiopsy> <Biopsy> 1 1 1 1
<3412534> <hasBiopsy> <Biopsy> 0 0 0 0
<3812565> <hasBiopsy> <Biopsy> 1 1 1 1
<512460> <hasBiopsy> <Biopsy> 1 1 1 1
<513845> <hasBiopsy> <Biopsy> 0 0 0 0
<303628> <hasBiopsy> <Biopsy> 1 1 1 1
<503186> <hasBiopsy> <Biopsy> 1 1 1 1
<5317580> <hasBiopsy> <Biopsy> 1 1 1 1
<5501784> <hasBiopsy> <Biopsy> 1 1 1 1
<6301769> <hasBiopsy> <Biopsy> 0 0 0 0
<7012946> <hasBiopsy> <Biopsy> 0 0 0 0
<702297> <hasBiopsy> <Biopsy> 1 1 1 1
<7105401> <hasBiopsy> <Biopsy> 1 1 1 1
<7216741> <hasBiopsy> <Biopsy> 1 1 1 1
<8311608> <hasBiopsy> <Biopsy> 1 1 1 1
<9700545> <hasBiopsy> <Biopsy> 1 1 1 1
<5502302> <hasBiopsy> <Biopsy> 1 1 1 1
<5503981> <hasBiopsy> <Biopsy> 1 1 1 1
<5814889> <hasBiopsy> <Biopsy> 1 1 1 1
<701646> <hasBiopsy> <Biopsy> 1 1 1 1
<707715> <hasBiopsy> <Biopsy> 1 1 1 1
<9703371> <hasBiopsy> <Biopsy> 1 1 1 1
<9710080> <hasBiopsy> <Biopsy> 1 1 1 1
<5316302> <hasBiopsy> <Biopsy> 1 1 1 1
<5504936> <hasBiopsy> <Biopsy> 1 1 1 1
<9913133> <hasBiopsy> <Biopsy> 1 1 1 1
<5316090> <hasBiopsy> <Biopsy> 1 1 1 1
<6312716> <hasBiopsy> <Biopsy> 1 1 1 1
<7101192> <hasBiopsy> <Biopsy> 1 1 1 1
<707475> <hasBiopsy> <Biopsy> 0 0 0 0
<9909443> <hasBiopsy> <Biopsy> 0 0 0 0
<9705274> <hasBiopsy> <Biopsy> 1 1 1 1
<102735> <hasBiopsy> <Biopsy> 1 1 1 1
<1201889> <hasBiopsy> <Biopsy> 1 1 1 1
<512464> <hasBiopsy> <Biopsy> 1 1 1 1
<5315664> <hasBiopsy> <Biopsy> 1 1 1 1
<409850> <hasBiopsy> <Biopsy> 0 0 0 0
<6317434> <hasBiopsy> <Biopsy> 1 1 1 1
