<11911234> <hasEBUS> <EBUS> 0 0 0 0
<1516158> <hasEBUS> <EBUS> 0 0 0 0
<15706112> <hasEBUS> <EBUS> 0 0 0 0
<15714638> <hasEBUS> <EBUS> 0 0 0 0
<204556> <hasEBUS> <EBUS> 0 0 0 0
<205077> <hasEBUS> <EBUS> 0 0 0 0
<205417> <hasEBUS> <EBUS> 0 0 0 0
<205440> <hasEBUS> <EBUS> 0 0 0 0
<207049> <hasEBUS> <EBUS> 0 0 0 0
<2101500> <hasEBUS> <EBUS> 0 0 0 0
<212492> <hasEBUS> <EBUS> 0 0 0 0
<2302047> <hasEBUS> <EBUS> 0 0 0 0
<2407071> <hasEBUS> <EBUS> 0 0 0 0
<304971> <hasEBUS> <EBUS> 0 0 0 0
<305127> <hasEBUS> <EBUS> 0 0 0 0
<3315444> <hasEBUS> <EBUS> 0 0 0 0
<3508839> <hasEBUS> <EBUS> 0 0 0 0
<417245> <hasEBUS> <EBUS> 0 0 0 0
<5112959> <hasEBUS> <EBUS> 0 0 0 0
<5116363> <hasEBUS> <EBUS> 0 0 0 0
<513600> <hasEBUS> <EBUS> 0 0 0 0
<513745> <hasEBUS> <EBUS> 0 0 0 0
<514137> <hasEBUS> <EBUS> 0 0 0 0
<6311701> <hasEBUS> <EBUS> 0 0 0 0
<6311976> <hasEBUS> <EBUS> 0 0 0 0
<6314343> <hasEBUS> <EBUS> 0 0 0 0
<6402399> <hasEBUS> <EBUS> 0 0 0 0
<705611> <hasEBUS> <EBUS> 0 0 0 0
<707708> <hasEBUS> <EBUS> 0 0 0 0
<911441> <hasEBUS> <EBUS> 0 0 0 0
<1214792> <hasEBUS> <EBUS> 0 0 0 0
<15700162> <hasEBUS> <EBUS> 0 0 0 0
<207391> <hasEBUS> <EBUS> 0 0 0 0
<302318> <hasEBUS> <EBUS> 0 0 0 0
<907159> <hasEBUS> <EBUS> 0 0 0 0
<2715040> <hasEBUS> <EBUS> 0 0 0 0
<2810878> <hasEBUS> <EBUS> 0 0 0 0
<516176> <hasEBUS> <EBUS> 0 0 0 0
<507520> <hasEBUS> <EBUS> 0 0 0 0
<701614> <hasEBUS> <EBUS> 0 0 0 0
<207370> <hasEBUS> <EBUS> 0 0 0 0
<5110838> <hasEBUS> <EBUS> 0 0 0 0
<202310> <hasEBUS> <EBUS> 0 0 0 0
<303628> <hasEBUS> <EBUS> 0 0 0 0
<15702260> <hasEBUS> <EBUS> 0 0 0 0
<514188> <hasEBUS> <EBUS> 0 0 0 0
<2910970> <hasEBUS> <EBUS> 0 0 0 0
<413883> <hasEBUS> <EBUS> 0 0 0 0
<3307152> <hasEBUS> <EBUS> 0 0 0 0
<11312159> <hasEBUS> <EBUS> 0 0 0 0
<1213669> <hasEBUS> <EBUS> 0 0 0 0
<1217041> <hasEBUS> <EBUS> 0 0 0 0
<12914532> <hasEBUS> <EBUS> 0 0 0 0
<1511119> <hasEBUS> <EBUS> 0 0 0 0
<15715007> <hasEBUS> <EBUS> 0 0 0 0
<203495> <hasEBUS> <EBUS> 0 0 0 0
<204990> <hasEBUS> <EBUS> 0 0 0 0
<205542> <hasEBUS> <EBUS> 0 0 0 0
<207938> <hasEBUS> <EBUS> 0 0 0 0
<2306745> <hasEBUS> <EBUS> 0 0 0 0
<2310328> <hasEBUS> <EBUS> 0 0 0 0
<2808799> <hasEBUS> <EBUS> 0 0 0 0
<2900874> <hasEBUS> <EBUS> 0 0 0 0
<2917465> <hasEBUS> <EBUS> 0 0 0 0
<307050> <hasEBUS> <EBUS> 0 0 0 0
<3302199> <hasEBUS> <EBUS> 0 0 0 0
<508384> <hasEBUS> <EBUS> 0 0 0 0
<509107> <hasEBUS> <EBUS> 0 0 0 0
<5105132> <hasEBUS> <EBUS> 0 0 0 0
<5106558> <hasEBUS> <EBUS> 0 0 0 0
<5107540> <hasEBUS> <EBUS> 0 0 0 0
<5115686> <hasEBUS> <EBUS> 0 0 0 0
<512579> <hasEBUS> <EBUS> 0 0 0 0
<516201> <hasEBUS> <EBUS> 0 0 0 0
<6302481> <hasEBUS> <EBUS> 0 0 0 0
<6304713> <hasEBUS> <EBUS> 0 0 0 0
<6311629> <hasEBUS> <EBUS> 0 0 0 0
<703627> <hasEBUS> <EBUS> 0 0 0 0
<705756> <hasEBUS> <EBUS> 0 0 0 0
<906910> <hasEBUS> <EBUS> 0 0 0 0
<1506946> <hasEBUS> <EBUS> 0 0 0 0
<201915> <hasEBUS> <EBUS> 0 0 0 0
<216096> <hasEBUS> <EBUS> 0 0 0 0
<306668> <hasEBUS> <EBUS> 0 0 0 0
<3509246> <hasEBUS> <EBUS> 0 0 0 0
<507462> <hasEBUS> <EBUS> 0 0 0 0
<5102898> <hasEBUS> <EBUS> 0 0 0 0
<512769> <hasEBUS> <EBUS> 0 0 0 0
<513597> <hasEBUS> <EBUS> 0 0 0 0
<6300147> <hasEBUS> <EBUS> 0 0 0 0
<6312677> <hasEBUS> <EBUS> 0 0 0 0
<917235> <hasEBUS> <EBUS> 0 0 0 0
<5107702> <hasEBUS> <EBUS> 0 0 0 0
<5114578> <hasEBUS> <EBUS> 0 0 0 0
<6301772> <hasEBUS> <EBUS> 0 0 0 0
<908713> <hasEBUS> <EBUS> 0 0 0 0
<204222> <hasEBUS> <EBUS> 0 0 0 0
<516216> <hasEBUS> <EBUS> 0 0 0 0
<1214019> <hasEBUS> <EBUS> 0 0 0 0
<5104292> <hasEBUS> <EBUS> 0 0 0 0
<11317064> <hasEBUS> <EBUS> 0 0 0 0
<202607> <hasEBUS> <EBUS> 0 0 0 0
<5106079> <hasEBUS> <EBUS> 0 0 0 0
<6317000> <hasEBUS> <EBUS> 0 0 0 0
<202494> <hasEBUS> <EBUS> 0 0 0 0
<5106252> <hasEBUS> <EBUS> 0 0 0 0
<5102777> <hasEBUS> <EBUS> 0 0 0 0
