<107788> <hasPreviousCancerType> <Other> 0 0 0 0
<10803745> <hasPreviousCancerType> <Breast> 0 0 0 0
<109506> <hasPreviousCancerType> <Breast> 0 0 0 0
<110345> <hasPreviousCancerType> <Other> 0 0 0 0
<116583> <hasPreviousCancerType> <Colorectal> 0 0 0 0
<116633> <hasPreviousCancerType> <Other> 0 0 0 0
<1200820> <hasPreviousCancerType> <Head_and_neck> 0 0 0 0
<1006661> <hasPreviousCancerType> <Head_and_neck> 0 0 0 0
<11405718> <hasPreviousCancerType> <Head_and_neck> 0 0 0 0
<1214919> <hasPreviousCancerType> <Uterus/Cervical> 0 0 0 0
<1215034> <hasPreviousCancerType> <Head_and_neck> 0 0 0 0
<12914318> <hasPreviousCancerType> <Bladder/urinary_tract> 0 0 0 0
<12914698> <hasPreviousCancerType> <Prostate> 0 0 0 0
<12915098> <hasPreviousCancerType> <Other> 0 0 0 0
<1301955> <hasPreviousCancerType> <Other> 0 0 0 0
<1301971> <hasPreviousCancerType> <Other> 0 0 0 0
<1305462> <hasPreviousCancerType> <Prostate> 0 0 0 0
<1306287> <hasPreviousCancerType> <Bladder/urinary_tract> 0 0 0 0
<1310240> <hasPreviousCancerType> <Colorectal> 0 0 0 0
<1314568> <hasPreviousCancerType> <Other> 0 0 0 0
<14700261> <hasPreviousCancerType> <Prostate> 0 0 0 0
<1505482> <hasPreviousCancerType> <Bladder/urinary_tract> 0 0 0 0
<1505976> <hasPreviousCancerType> <Bladder/urinary_tract> 0 0 0 0
<1507379> <hasPreviousCancerType> <Other> 0 0 0 0
<1509852> <hasPreviousCancerType> <Head_and_neck> 0 0 0 0
<1509979> <hasPreviousCancerType> <Prostate> 0 0 0 0
<1511159> <hasPreviousCancerType> <Prostate> 0 0 0 0
<1514512> <hasPreviousCancerType> <Bladder/urinary_tract> 0 0 0 0
<15706112> <hasPreviousCancerType> <Prostate> 0 0 0 0
<15709816> <hasPreviousCancerType> <Breast> 0 0 0 0
<17707542> <hasPreviousCancerType> <Colorectal> 0 0 0 0
<201861> <hasPreviousCancerType> <Breast> 0 0 0 0
<202034> <hasPreviousCancerType> <Esophagogastric> 0 0 0 0
<202281> <hasPreviousCancerType> <Bladder/urinary_tract> 0 0 0 0
<203196> <hasPreviousCancerType> <Head_and_neck> 0 0 0 0
<205653> <hasPreviousCancerType> <Head_and_neck> 0 0 0 0
<207393> <hasPreviousCancerType> <Colorectal> 0 0 0 0
<2101072> <hasPreviousCancerType> <Breast> 0 0 0 0
<2101455> <hasPreviousCancerType> <Breast> 0 0 0 0
<2110563> <hasPreviousCancerType> <Head_and_neck> 0 0 0 0
<2110565> <hasPreviousCancerType> <Prostate> 0 0 0 0
<211333> <hasPreviousCancerType> <Bladder/urinary_tract> 0 0 0 0
<212479> <hasPreviousCancerType> <Central_nervous_system> 0 0 0 0
<217021> <hasPreviousCancerType> <Esophagogastric> 0 0 0 0
<2300149> <hasPreviousCancerType> <Bladder/urinary_tract> 0 0 0 0
<2302050> <hasPreviousCancerType> <Prostate> 0 0 0 0
<2302623> <hasPreviousCancerType> <Breast> 0 0 0 0
<2310525> <hasPreviousCancerType> <Prostate> 0 0 0 0
<2406967> <hasPreviousCancerType> <Bladder/urinary_tract> 0 0 0 0
<2507340> <hasPreviousCancerType> <Other> 0 0 0 0
<2806963> <hasPreviousCancerType> <Bladder/urinary_tract> 0 0 0 0
<2807154> <hasPreviousCancerType> <Colorectal> 0 0 0 0
<2813332> <hasPreviousCancerType> <Bladder/urinary_tract> 0 0 0 0
<2904036> <hasPreviousCancerType> <Prostate> 0 0 0 0
<3009918> <hasPreviousCancerType> <Prostate> 0 0 0 0
<302085> <hasPreviousCancerType> <Head_and_neck> 0 0 0 0
<302892> <hasPreviousCancerType> <Lymphoma> 0 0 0 0
<304975> <hasPreviousCancerType> <Prostate> 0 0 0 0
<314437> <hasPreviousCancerType> <Other> 0 0 0 0
<3315054> <hasPreviousCancerType> <Renal> 0 0 0 0
<3411393> <hasPreviousCancerType> <Bladder/urinary_tract> 0 0 0 0
<3507313> <hasPreviousCancerType> <Uterus/Cervical> 0 0 0 0
<2814325> <hasPreviousCancerType> <Bladder/urinary_tract> 0 0 0 0
<302692> <hasPreviousCancerType> <Prostate> 0 0 0 0
<3509495> <hasPreviousCancerType> <Head_and_neck> 0 0 0 0
<3510434> <hasPreviousCancerType> <Esophagogastric> 0 0 0 0
<3801837> <hasPreviousCancerType> <Head_and_neck> 0 0 0 0
<3812404> <hasPreviousCancerType> <Renal> 0 0 0 0
<3905706> <hasPreviousCancerType> <Other> 0 0 0 0
<415578> <hasPreviousCancerType> <Other> 0 0 0 0
<416328> <hasPreviousCancerType> <Head_and_neck> 0 0 0 0
<417570> <hasPreviousCancerType> <Bladder/urinary_tract> 0 0 0 0
<4201848> <hasPreviousCancerType> <Colorectal> 0 0 0 0
<4201850> <hasPreviousCancerType> <Colorectal> 0 0 0 0
<4305874> <hasPreviousCancerType> <Head_and_neck> 0 0 0 0
<3602251> <hasPreviousCancerType> <Leukemia> 0 0 0 0
<413182> <hasPreviousCancerType> <Other> 0 0 0 0
<415181> <hasPreviousCancerType> <Ovarian> 0 0 0 0
<503908> <hasPreviousCancerType> <Head_and_neck> 0 0 0 0
<507448> <hasPreviousCancerType> <Bladder/urinary_tract> 0 0 0 0
<507479> <hasPreviousCancerType> <Breast> 0 0 0 0
<508027> <hasPreviousCancerType> <Other> 0 0 0 0
<508445> <hasPreviousCancerType> <Lymphoma> 0 0 0 0
<508512> <hasPreviousCancerType> <Esophagogastric> 0 0 0 0
<5102877> <hasPreviousCancerType> <Prostate> 0 0 0 0
<5104537> <hasPreviousCancerType> <Bladder/urinary_tract> 0 0 0 0
<5104635> <hasPreviousCancerType> <Prostate> 0 0 0 0
<507890> <hasPreviousCancerType> <Unknown_origin_carcinoma> 0 0 0 0
<5106448> <hasPreviousCancerType> <Leukemia> 0 0 0 0
<5107213> <hasPreviousCancerType> <Head_and_neck> 0 0 0 0
<5115397> <hasPreviousCancerType> <Breast> 0 0 0 0
<513547> <hasPreviousCancerType> <Other> 0 0 0 0
<513660> <hasPreviousCancerType> <Prostate> 0 0 0 0
<514280> <hasPreviousCancerType> <Other> 0 0 0 0
<515825> <hasPreviousCancerType> <Bladder/urinary_tract> 0 0 0 0
<516242> <hasPreviousCancerType> <Other> 0 0 0 0
<5115624> <hasPreviousCancerType> <Prostate> 0 0 0 0
<513091> <hasPreviousCancerType> <Bladder/urinary_tract> 0 0 0 0
<513636> <hasPreviousCancerType> <Other> 0 0 0 0
<516193> <hasPreviousCancerType> <Colorectal> 0 0 0 0
<5313163> <hasPreviousCancerType> <Head_and_neck> 0 0 0 0
<5313439> <hasPreviousCancerType> <Breast> 0 0 0 0
<5315243> <hasPreviousCancerType> <Head_and_neck> 0 0 0 0
<5316516> <hasPreviousCancerType> <Head_and_neck> 0 0 0 0
<5316886> <hasPreviousCancerType> <Breast> 0 0 0 0
<6312756> <hasPreviousCancerType> <Other> 0 0 0 0
<6313588> <hasPreviousCancerType> <Prostate> 0 0 0 0
<6315930> <hasPreviousCancerType> <Prostate> 0 0 0 0
<6315455> <hasPreviousCancerType> <Bladder/urinary_tract> 0 0 0 0
<6317372> <hasPreviousCancerType> <Unknown_origin_carcinoma> 0 0 0 0
<712795> <hasPreviousCancerType> <Breast> 0 0 0 0
<7404259> <hasPreviousCancerType> <Uterus/Cervical> 0 0 0 0
<906935> <hasPreviousCancerType> <Other> 0 0 0 0
<911815> <hasPreviousCancerType> <Prostate> 0 0 0 0
<916421> <hasPreviousCancerType> <Prostate> 0 0 0 0
<9705202> <hasPreviousCancerType> <Uterus/Cervical> 0 0 0 0
<9708324> <hasPreviousCancerType> <Bladder/urinary_tract> 0 0 0 0
<9712200> <hasPreviousCancerType> <Other> 0 0 0 0
<906927> <hasPreviousCancerType> <Other> 0 0 0 0
<916899> <hasPreviousCancerType> <Prostate> 0 0 0 0
<9914887> <hasPreviousCancerType> <Other> 0 0 0 0
<311032> <hasPreviousCancerType> <Other> 0 0 0 0
<513495> <hasPreviousCancerType> <Prostate> 0 0 0 0
<107625> <hasPreviousCancerType> <Sarcoma> 0 0 0 0
<1305680> <hasPreviousCancerType> <Skin_no_melanoma> 0 0 0 0
<1516992> <hasPreviousCancerType> <Lung> 0 0 0 0
<15717542> <hasPreviousCancerType> <Melanoma> 0 0 0 0
<2102185> <hasPreviousCancerType> <Lung> 0 0 0 0
<2807349> <hasPreviousCancerType> <Melanoma> 0 0 0 0
<300256> <hasPreviousCancerType> <Skin_no_melanoma> 0 0 0 0
<3509824> <hasPreviousCancerType> <Skin_no_melanoma> 0 0 0 0
<4601116> <hasPreviousCancerType> <Lung> 0 0 0 0
<501248> <hasPreviousCancerType> <Skin_no_melanoma> 0 0 0 0
<503956> <hasPreviousCancerType> <Skin_no_melanoma> 0 0 0 0
<514012> <hasPreviousCancerType> <Melanoma> 0 0 0 0
<5314103> <hasPreviousCancerType> <Skin_no_melanoma> 0 0 0 0
<705121> <hasPreviousCancerType> <Skin_no_melanoma> 0 0 0 0
<9408598> <hasPreviousCancerType> <Skin_no_melanoma> 0 0 0 0
