<109250> <hasCarcinogenExposure> <Yes> 0 0 0 0
<15700158> <hasCarcinogenExposure> <Yes> 1 1 1 1
<2104017> <hasCarcinogenExposure> <Yes> 0 0 0 0
<2303380> <hasCarcinogenExposure> <Yes> 0 0 0 0
<2310177> <hasCarcinogenExposure> <Yes> 0 0 0 0
<2900485> <hasCarcinogenExposure> <Yes> 0 0 0 0
<2902441> <hasCarcinogenExposure> <Yes> 0 0 0 0
<2917363> <hasCarcinogenExposure> <Yes> 0 0 0 0
<3704934> <hasCarcinogenExposure> <Yes> 0 0 0 0
<3712205> <hasCarcinogenExposure> <Yes> 0 0 0 0
<4601465> <hasCarcinogenExposure> <Yes> 0 0 0 0
<4602330> <hasCarcinogenExposure> <Yes> 0 0 0 0
<4605314> <hasCarcinogenExposure> <Yes> 0 0 0 0
<5104168> <hasCarcinogenExposure> <Yes> 0 0 0 0
<5107170> <hasCarcinogenExposure> <Yes> 0 0 0 0
<5113424> <hasCarcinogenExposure> <Yes> 1 1 1 1
<6302584> <hasCarcinogenExposure> <Yes> 0 0 0 0
<6315536> <hasCarcinogenExposure> <Yes> 1 1 1 1
<6400277> <hasCarcinogenExposure> <Yes> 0 0 0 0
<6400653> <hasCarcinogenExposure> <Yes> 0 0 0 0
<6401437> <hasCarcinogenExposure> <Yes> 0 0 0 0
<9408730> <hasCarcinogenExposure> <Yes> 0 0 0 0
<204465> <hasCarcinogenExposure> <Yes> 0 0 0 0
<2300238> <hasCarcinogenExposure> <Yes> 0 0 0 0
<4612745> <hasCarcinogenExposure> <Yes> 0 0 0 0
<5106400> <hasCarcinogenExposure> <Yes> 0 0 0 0
