<100495> <has_provenance> <SLCG> 0 0 0 0
<1009256> <has_provenance> <SLCG> 0 0 0 0
<1009268> <has_provenance> <SLCG> 0 0 0 0
<101833> <has_provenance> <SLCG> 0 0 0 0
<101874> <has_provenance> <SLCG> 0 0 0 0
<101918> <has_provenance> <SLCG> 0 0 0 0
<101927> <has_provenance> <SLCG> 0 0 0 0
<101947> <has_provenance> <SLCG> 0 0 0 0
<102073> <has_provenance> <SLCG> 0 0 0 0
<102905> <has_provenance> <SLCG> 0 0 0 0
<104468> <has_provenance> <SLCG> 0 0 0 0
<104501> <has_provenance> <SLCG> 0 0 0 0
<10607196> <has_provenance> <SLCG> 0 0 0 0
<10610347> <has_provenance> <SLCG> 0 0 0 0
<10612015> <has_provenance> <SLCG> 0 0 0 0
<10612186> <has_provenance> <SLCG> 0 0 0 0
<10613559> <has_provenance> <SLCG> 0 0 0 0
<10617327> <has_provenance> <SLCG> 0 0 0 0
<107645> <has_provenance> <SLCG> 0 0 0 0
<108006> <has_provenance> <SLCG> 0 0 0 0
<10802677> <has_provenance> <SLCG> 0 0 0 0
<10803939> <has_provenance> <SLCG> 0 0 0 0
<10803941> <has_provenance> <SLCG> 0 0 0 0
<10803942> <has_provenance> <SLCG> 0 0 0 0
<108131> <has_provenance> <SLCG> 0 0 0 0
<10817079> <has_provenance> <SLCG> 0 0 0 0
<108282> <has_provenance> <SLCG> 0 0 0 0
<108294> <has_provenance> <SLCG> 0 0 0 0
<108593> <has_provenance> <SLCG> 0 0 0 0
<109234> <has_provenance> <SLCG> 0 0 0 0
<109532> <has_provenance> <SLCG> 0 0 0 0
<109578> <has_provenance> <SLCG> 0 0 0 0
<103639> <has_provenance> <SLCG> 0 0 0 0
<104434> <has_provenance> <SLCG> 0 0 0 0
<10612120> <has_provenance> <SLCG> 0 0 0 0
<107825> <has_provenance> <SLCG> 0 0 0 0
<108344> <has_provenance> <SLCG> 0 0 0 0
<109742> <has_provenance> <SLCG> 0 0 0 0
<109875> <has_provenance> <SLCG> 0 0 0 0
<110553> <has_provenance> <SLCG> 0 0 0 0
<110770> <has_provenance> <SLCG> 0 0 0 0
<111014> <has_provenance> <SLCG> 0 0 0 0
<111251> <has_provenance> <SLCG> 0 0 0 0
<111269> <has_provenance> <SLCG> 0 0 0 0
<111409> <has_provenance> <SLCG> 0 0 0 0
<111891> <has_provenance> <SLCG> 0 0 0 0
<112251> <has_provenance> <SLCG> 0 0 0 0
<112888> <has_provenance> <SLCG> 0 0 0 0
<11311912> <has_provenance> <SLCG> 0 0 0 0
<11311946> <has_provenance> <SLCG> 0 0 0 0
<11312007> <has_provenance> <SLCG> 0 0 0 0
<11312215> <has_provenance> <SLCG> 0 0 0 0
<11312249> <has_provenance> <SLCG> 0 0 0 0
<11312308> <has_provenance> <SLCG> 0 0 0 0
<11312309> <has_provenance> <SLCG> 0 0 0 0
<11312470> <has_provenance> <SLCG> 0 0 0 0
<11312488> <has_provenance> <SLCG> 0 0 0 0
<11312559> <has_provenance> <SLCG> 0 0 0 0
<11317522> <has_provenance> <SLCG> 0 0 0 0
<11402036> <has_provenance> <SLCG> 0 0 0 0
<11405910> <has_provenance> <SLCG> 0 0 0 0
<11405993> <has_provenance> <SLCG> 0 0 0 0
<116560> <has_provenance> <SLCG> 0 0 0 0
<11911323> <has_provenance> <SLCG> 0 0 0 0
<11313715> <has_provenance> <SLCG> 0 0 0 0
<11911932> <has_provenance> <SLCG> 0 0 0 0
<11912146> <has_provenance> <SLCG> 0 0 0 0
<1200131> <has_provenance> <SLCG> 0 0 0 0
<1204022> <has_provenance> <SLCG> 0 0 0 0
<1214005> <has_provenance> <SLCG> 0 0 0 0
<1214099> <has_provenance> <SLCG> 0 0 0 0
<1214861> <has_provenance> <SLCG> 0 0 0 0
<1215012> <has_provenance> <SLCG> 0 0 0 0
<1215244> <has_provenance> <SLCG> 0 0 0 0
<1216612> <has_provenance> <SLCG> 0 0 0 0
<1216763> <has_provenance> <SLCG> 0 0 0 0
<12914023> <has_provenance> <SLCG> 0 0 0 0
<12914024> <has_provenance> <SLCG> 0 0 0 0
<12914061> <has_provenance> <SLCG> 0 0 0 0
<12914154> <has_provenance> <SLCG> 0 0 0 0
<12914347> <has_provenance> <SLCG> 0 0 0 0
<12914459> <has_provenance> <SLCG> 0 0 0 0
<12914521> <has_provenance> <SLCG> 0 0 0 0
<12914944> <has_provenance> <SLCG> 0 0 0 0
<1200591> <has_provenance> <SLCG> 0 0 0 0
<12914556> <has_provenance> <SLCG> 0 0 0 0
<1300474> <has_provenance> <SLCG> 0 0 0 0
<1300784> <has_provenance> <SLCG> 0 0 0 0
<1300995> <has_provenance> <SLCG> 0 0 0 0
<1301639> <has_provenance> <SLCG> 0 0 0 0
<1301932> <has_provenance> <SLCG> 0 0 0 0
<1302168> <has_provenance> <SLCG> 0 0 0 0
<1302232> <has_provenance> <SLCG> 0 0 0 0
<1302254> <has_provenance> <SLCG> 0 0 0 0
<1302547> <has_provenance> <SLCG> 0 0 0 0
<1302574> <has_provenance> <SLCG> 0 0 0 0
<1302719> <has_provenance> <SLCG> 0 0 0 0
<1303776> <has_provenance> <SLCG> 0 0 0 0
<1303817> <has_provenance> <SLCG> 0 0 0 0
<1303834> <has_provenance> <SLCG> 0 0 0 0
<1304433> <has_provenance> <SLCG> 0 0 0 0
<1305469> <has_provenance> <SLCG> 0 0 0 0
<1305472> <has_provenance> <SLCG> 0 0 0 0
<1305498> <has_provenance> <SLCG> 0 0 0 0
<1305549> <has_provenance> <SLCG> 0 0 0 0
<1305686> <has_provenance> <SLCG> 0 0 0 0
<1305687> <has_provenance> <SLCG> 0 0 0 0
<1305919> <has_provenance> <SLCG> 0 0 0 0
<1305921> <has_provenance> <SLCG> 0 0 0 0
<1306118> <has_provenance> <SLCG> 0 0 0 0
<1300383> <has_provenance> <SLCG> 0 0 0 0
<1304953> <has_provenance> <SLCG> 0 0 0 0
<1306306> <has_provenance> <SLCG> 0 0 0 0
<1310608> <has_provenance> <SLCG> 0 0 0 0
<1310935> <has_provenance> <SLCG> 0 0 0 0
<1311332> <has_provenance> <SLCG> 0 0 0 0
<1312561> <has_provenance> <SLCG> 0 0 0 0
<1312798> <has_provenance> <SLCG> 0 0 0 0
<1312839> <has_provenance> <SLCG> 0 0 0 0
<1313337> <has_provenance> <SLCG> 0 0 0 0
<1313356> <has_provenance> <SLCG> 0 0 0 0
<1314551> <has_provenance> <SLCG> 0 0 0 0
<1314577> <has_provenance> <SLCG> 0 0 0 0
<1314709> <has_provenance> <SLCG> 0 0 0 0
<1314788> <has_provenance> <SLCG> 0 0 0 0
<1314806> <has_provenance> <SLCG> 0 0 0 0
<1311517> <has_provenance> <SLCG> 0 0 0 0
<1313408> <has_provenance> <SLCG> 0 0 0 0
<1314557> <has_provenance> <SLCG> 0 0 0 0
<1314705> <has_provenance> <SLCG> 0 0 0 0
<1315031> <has_provenance> <SLCG> 0 0 0 0
<1315330> <has_provenance> <SLCG> 0 0 0 0
<1315390> <has_provenance> <SLCG> 0 0 0 0
<1315394> <has_provenance> <SLCG> 0 0 0 0
<1315615> <has_provenance> <SLCG> 0 0 0 0
<1315677> <has_provenance> <SLCG> 0 0 0 0
<1315805> <has_provenance> <SLCG> 0 0 0 0
<14505794> <has_provenance> <SLCG> 0 0 0 0
<14702287> <has_provenance> <SLCG> 0 0 0 0
<14713303> <has_provenance> <SLCG> 0 0 0 0
<1500605> <has_provenance> <SLCG> 0 0 0 0
<1500845> <has_provenance> <SLCG> 0 0 0 0
<1500916> <has_provenance> <SLCG> 0 0 0 0
<1501044> <has_provenance> <SLCG> 0 0 0 0
<1501050> <has_provenance> <SLCG> 0 0 0 0
<1504523> <has_provenance> <SLCG> 0 0 0 0
<1504569> <has_provenance> <SLCG> 0 0 0 0
<1315539> <has_provenance> <SLCG> 0 0 0 0
<1506948> <has_provenance> <SLCG> 0 0 0 0
<1508816> <has_provenance> <SLCG> 0 0 0 0
<1509494> <has_provenance> <SLCG> 0 0 0 0
<1509504> <has_provenance> <SLCG> 0 0 0 0
<1509527> <has_provenance> <SLCG> 0 0 0 0
<1511129> <has_provenance> <SLCG> 0 0 0 0
<1511146> <has_provenance> <SLCG> 0 0 0 0
<1511185> <has_provenance> <SLCG> 0 0 0 0
<1513064> <has_provenance> <SLCG> 0 0 0 0
<1513584> <has_provenance> <SLCG> 0 0 0 0
<1514063> <has_provenance> <SLCG> 0 0 0 0
<1514222> <has_provenance> <SLCG> 0 0 0 0
<1516295> <has_provenance> <SLCG> 0 0 0 0
<1516981> <has_provenance> <SLCG> 0 0 0 0
<15700157> <has_provenance> <SLCG> 0 0 0 0
<15702255> <has_provenance> <SLCG> 0 0 0 0
<15704699> <has_provenance> <SLCG> 0 0 0 0
<15706293> <has_provenance> <SLCG> 0 0 0 0
<15706361> <has_provenance> <SLCG> 0 0 0 0
<15702258> <has_provenance> <SLCG> 0 0 0 0
<15706847> <has_provenance> <SLCG> 0 0 0 0
<15714603> <has_provenance> <SLCG> 0 0 0 0
<15714651> <has_provenance> <SLCG> 0 0 0 0
<15715022> <has_provenance> <SLCG> 0 0 0 0
<15715030> <has_provenance> <SLCG> 0 0 0 0
<15717529> <has_provenance> <SLCG> 0 0 0 0
<1804203> <has_provenance> <SLCG> 0 0 0 0
<1804205> <has_provenance> <SLCG> 0 0 0 0
<201462> <has_provenance> <SLCG> 0 0 0 0
<201471> <has_provenance> <SLCG> 0 0 0 0
<201475> <has_provenance> <SLCG> 0 0 0 0
<201813> <has_provenance> <SLCG> 0 0 0 0
<201865> <has_provenance> <SLCG> 0 0 0 0
<202022> <has_provenance> <SLCG> 0 0 0 0
<202032> <has_provenance> <SLCG> 0 0 0 0
<202140> <has_provenance> <SLCG> 0 0 0 0
<202223> <has_provenance> <SLCG> 0 0 0 0
<202277> <has_provenance> <SLCG> 0 0 0 0
<202358> <has_provenance> <SLCG> 0 0 0 0
<202454> <has_provenance> <SLCG> 0 0 0 0
<202576> <has_provenance> <SLCG> 0 0 0 0
<202689> <has_provenance> <SLCG> 0 0 0 0
<202771> <has_provenance> <SLCG> 0 0 0 0
<201868> <has_provenance> <SLCG> 0 0 0 0
<202939> <has_provenance> <SLCG> 0 0 0 0
<203200> <has_provenance> <SLCG> 0 0 0 0
<203389> <has_provenance> <SLCG> 0 0 0 0
<203392> <has_provenance> <SLCG> 0 0 0 0
<203407> <has_provenance> <SLCG> 0 0 0 0
<203420> <has_provenance> <SLCG> 0 0 0 0
<203527> <has_provenance> <SLCG> 0 0 0 0
<203598> <has_provenance> <SLCG> 0 0 0 0
<203635> <has_provenance> <SLCG> 0 0 0 0
<203921> <has_provenance> <SLCG> 0 0 0 0
<204164> <has_provenance> <SLCG> 0 0 0 0
<204559> <has_provenance> <SLCG> 0 0 0 0
<205064> <has_provenance> <SLCG> 0 0 0 0
<205077> <has_provenance> <SLCG> 0 0 0 0
<205130> <has_provenance> <SLCG> 0 0 0 0
<205440> <has_provenance> <SLCG> 0 0 0 0
<205541> <has_provenance> <SLCG> 0 0 0 0
<206054> <has_provenance> <SLCG> 0 0 0 0
<206328> <has_provenance> <SLCG> 0 0 0 0
<207226> <has_provenance> <SLCG> 0 0 0 0
<207915> <has_provenance> <SLCG> 0 0 0 0
<206236> <has_provenance> <SLCG> 0 0 0 0
<207293> <has_provenance> <SLCG> 0 0 0 0
<207955> <has_provenance> <SLCG> 0 0 0 0
<207991> <has_provenance> <SLCG> 0 0 0 0
<208630> <has_provenance> <SLCG> 0 0 0 0
<209427> <has_provenance> <SLCG> 0 0 0 0
<2100673> <has_provenance> <SLCG> 0 0 0 0
<2100832> <has_provenance> <SLCG> 0 0 0 0
<2100835> <has_provenance> <SLCG> 0 0 0 0
<2100953> <has_provenance> <SLCG> 0 0 0 0
<2101455> <has_provenance> <SLCG> 0 0 0 0
<210231> <has_provenance> <SLCG> 0 0 0 0
<2102840> <has_provenance> <SLCG> 0 0 0 0
<2106624> <has_provenance> <SLCG> 0 0 0 0
<2106674> <has_provenance> <SLCG> 0 0 0 0
<2107235> <has_provenance> <SLCG> 0 0 0 0
<2110937> <has_provenance> <SLCG> 0 0 0 0
<209205> <has_provenance> <SLCG> 0 0 0 0
<2101029> <has_provenance> <SLCG> 0 0 0 0
<2101074> <has_provenance> <SLCG> 0 0 0 0
<2107511> <has_provenance> <SLCG> 0 0 0 0
<211395> <has_provenance> <SLCG> 0 0 0 0
<2114610> <has_provenance> <SLCG> 0 0 0 0
<2117005> <has_provenance> <SLCG> 0 0 0 0
<211817> <has_provenance> <SLCG> 0 0 0 0
<212054> <has_provenance> <SLCG> 0 0 0 0
<212399> <has_provenance> <SLCG> 0 0 0 0
<215278> <has_provenance> <SLCG> 0 0 0 0
<217532> <has_provenance> <SLCG> 0 0 0 0
<2300005> <has_provenance> <SLCG> 0 0 0 0
<2300030> <has_provenance> <SLCG> 0 0 0 0
<2300037> <has_provenance> <SLCG> 0 0 0 0
<2300038> <has_provenance> <SLCG> 0 0 0 0
<2300043> <has_provenance> <SLCG> 0 0 0 0
<2300058> <has_provenance> <SLCG> 0 0 0 0
<2300060> <has_provenance> <SLCG> 0 0 0 0
<2300119> <has_provenance> <SLCG> 0 0 0 0
<2300149> <has_provenance> <SLCG> 0 0 0 0
<2300153> <has_provenance> <SLCG> 0 0 0 0
<2301551> <has_provenance> <SLCG> 0 0 0 0
<2302664> <has_provenance> <SLCG> 0 0 0 0
<211892> <has_provenance> <SLCG> 0 0 0 0
<215252> <has_provenance> <SLCG> 0 0 0 0
<2302933> <has_provenance> <SLCG> 0 0 0 0
<2303333> <has_provenance> <SLCG> 0 0 0 0
<2303534> <has_provenance> <SLCG> 0 0 0 0
<2303752> <has_provenance> <SLCG> 0 0 0 0
<2303797> <has_provenance> <SLCG> 0 0 0 0
<2303830> <has_provenance> <SLCG> 0 0 0 0
<2303857> <has_provenance> <SLCG> 0 0 0 0
<2304198> <has_provenance> <SLCG> 0 0 0 0
<2304682> <has_provenance> <SLCG> 0 0 0 0
<2304871> <has_provenance> <SLCG> 0 0 0 0
<2304964> <has_provenance> <SLCG> 0 0 0 0
<2305220> <has_provenance> <SLCG> 0 0 0 0
<2305303> <has_provenance> <SLCG> 0 0 0 0
<2305576> <has_provenance> <SLCG> 0 0 0 0
<2306984> <has_provenance> <SLCG> 0 0 0 0
<2306987> <has_provenance> <SLCG> 0 0 0 0
<2307243> <has_provenance> <SLCG> 0 0 0 0
<2311939> <has_provenance> <SLCG> 0 0 0 0
<2312571> <has_provenance> <SLCG> 0 0 0 0
<2312820> <has_provenance> <SLCG> 0 0 0 0
<2312864> <has_provenance> <SLCG> 0 0 0 0
<2312896> <has_provenance> <SLCG> 0 0 0 0
<2302925> <has_provenance> <SLCG> 0 0 0 0
<2307398> <has_provenance> <SLCG> 0 0 0 0
<2311054> <has_provenance> <SLCG> 0 0 0 0
<2405631> <has_provenance> <SLCG> 0 0 0 0
<2407343> <has_provenance> <SLCG> 0 0 0 0
<2505255> <has_provenance> <SLCG> 0 0 0 0
<2507376> <has_provenance> <SLCG> 0 0 0 0
<2507378> <has_provenance> <SLCG> 0 0 0 0
<2715043> <has_provenance> <SLCG> 0 0 0 0
<2802005> <has_provenance> <SLCG> 0 0 0 0
<2803881> <has_provenance> <SLCG> 0 0 0 0
<2804666> <has_provenance> <SLCG> 0 0 0 0
<2804767> <has_provenance> <SLCG> 0 0 0 0
<2805243> <has_provenance> <SLCG> 0 0 0 0
<2805433> <has_provenance> <SLCG> 0 0 0 0
<2805825> <has_provenance> <SLCG> 0 0 0 0
<2806039> <has_provenance> <SLCG> 0 0 0 0
<2806060> <has_provenance> <SLCG> 0 0 0 0
<2806070> <has_provenance> <SLCG> 0 0 0 0
<2807143> <has_provenance> <SLCG> 0 0 0 0
<2808231> <has_provenance> <SLCG> 0 0 0 0
<2808267> <has_provenance> <SLCG> 0 0 0 0
<2808296> <has_provenance> <SLCG> 0 0 0 0
<2808851> <has_provenance> <SLCG> 0 0 0 0
<2809210> <has_provenance> <SLCG> 0 0 0 0
<2809602> <has_provenance> <SLCG> 0 0 0 0
<2809756> <has_provenance> <SLCG> 0 0 0 0
<2810360> <has_provenance> <SLCG> 0 0 0 0
<2810619> <has_provenance> <SLCG> 0 0 0 0
<2804993> <has_provenance> <SLCG> 0 0 0 0
<2805083> <has_provenance> <SLCG> 0 0 0 0
<2806937> <has_provenance> <SLCG> 0 0 0 0
<2811804> <has_provenance> <SLCG> 0 0 0 0
<2811836> <has_provenance> <SLCG> 0 0 0 0
<2812070> <has_provenance> <SLCG> 0 0 0 0
<2812730> <has_provenance> <SLCG> 0 0 0 0
<2813648> <has_provenance> <SLCG> 0 0 0 0
<2815997> <has_provenance> <SLCG> 0 0 0 0
<2816235> <has_provenance> <SLCG> 0 0 0 0
<2816579> <has_provenance> <SLCG> 0 0 0 0
<2816637> <has_provenance> <SLCG> 0 0 0 0
<2902453> <has_provenance> <SLCG> 0 0 0 0
<2902518> <has_provenance> <SLCG> 0 0 0 0
<2902523> <has_provenance> <SLCG> 0 0 0 0
<2902536> <has_provenance> <SLCG> 0 0 0 0
<2903690> <has_provenance> <SLCG> 0 0 0 0
<2903720> <has_provenance> <SLCG> 0 0 0 0
<2903738> <has_provenance> <SLCG> 0 0 0 0
<2910707> <has_provenance> <SLCG> 0 0 0 0
<2911582> <has_provenance> <SLCG> 0 0 0 0
<2917286> <has_provenance> <SLCG> 0 0 0 0
<2917301> <has_provenance> <SLCG> 0 0 0 0
<2917317> <has_provenance> <SLCG> 0 0 0 0
<2917344> <has_provenance> <SLCG> 0 0 0 0
<2917359> <has_provenance> <SLCG> 0 0 0 0
<2917365> <has_provenance> <SLCG> 0 0 0 0
<2917366> <has_provenance> <SLCG> 0 0 0 0
<2917459> <has_provenance> <SLCG> 0 0 0 0
<2917465> <has_provenance> <SLCG> 0 0 0 0
<2815904> <has_provenance> <SLCG> 0 0 0 0
<2903707> <has_provenance> <SLCG> 0 0 0 0
<2903727> <has_provenance> <SLCG> 0 0 0 0
<2917186> <has_provenance> <SLCG> 0 0 0 0
<300274> <has_provenance> <SLCG> 0 0 0 0
<300333> <has_provenance> <SLCG> 0 0 0 0
<300462> <has_provenance> <SLCG> 0 0 0 0
<3006330> <has_provenance> <SLCG> 0 0 0 0
<3006809> <has_provenance> <SLCG> 0 0 0 0
<301087> <has_provenance> <SLCG> 0 0 0 0
<301091> <has_provenance> <SLCG> 0 0 0 0
<301134> <has_provenance> <SLCG> 0 0 0 0
<301135> <has_provenance> <SLCG> 0 0 0 0
<301138> <has_provenance> <SLCG> 0 0 0 0
<3012052> <has_provenance> <SLCG> 0 0 0 0
<3012721> <has_provenance> <SLCG> 0 0 0 0
<301362> <has_provenance> <SLCG> 0 0 0 0
<301381> <has_provenance> <SLCG> 0 0 0 0
<301412> <has_provenance> <SLCG> 0 0 0 0
<3016943> <has_provenance> <SLCG> 0 0 0 0
<302038> <has_provenance> <SLCG> 0 0 0 0
<302639> <has_provenance> <SLCG> 0 0 0 0
<303674> <has_provenance> <SLCG> 0 0 0 0
<303712> <has_provenance> <SLCG> 0 0 0 0
<304514> <has_provenance> <SLCG> 0 0 0 0
<304749> <has_provenance> <SLCG> 0 0 0 0
<304751> <has_provenance> <SLCG> 0 0 0 0
<304976> <has_provenance> <SLCG> 0 0 0 0
<3006779> <has_provenance> <SLCG> 0 0 0 0
<303860> <has_provenance> <SLCG> 0 0 0 0
<307595> <has_provenance> <SLCG> 0 0 0 0
<307923> <has_provenance> <SLCG> 0 0 0 0
<311386> <has_provenance> <SLCG> 0 0 0 0
<311429> <has_provenance> <SLCG> 0 0 0 0
<311440> <has_provenance> <SLCG> 0 0 0 0
<311744> <has_provenance> <SLCG> 0 0 0 0
<314431> <has_provenance> <SLCG> 0 0 0 0
<316790> <has_provenance> <SLCG> 0 0 0 0
<317299> <has_provenance> <SLCG> 0 0 0 0
<317376> <has_provenance> <SLCG> 0 0 0 0
<3302182> <has_provenance> <SLCG> 0 0 0 0
<3302230> <has_provenance> <SLCG> 0 0 0 0
<3307032> <has_provenance> <SLCG> 0 0 0 0
<3307192> <has_provenance> <SLCG> 0 0 0 0
<3308097> <has_provenance> <SLCG> 0 0 0 0
<3308098> <has_provenance> <SLCG> 0 0 0 0
<3309483> <has_provenance> <SLCG> 0 0 0 0
<3309500> <has_provenance> <SLCG> 0 0 0 0
<3315431> <has_provenance> <SLCG> 0 0 0 0
<3316704> <has_provenance> <SLCG> 0 0 0 0
<3317491> <has_provenance> <SLCG> 0 0 0 0
<3404231> <has_provenance> <SLCG> 0 0 0 0
<306610> <has_provenance> <SLCG> 0 0 0 0
<311030> <has_provenance> <SLCG> 0 0 0 0
<311923> <has_provenance> <SLCG> 0 0 0 0
<3404439> <has_provenance> <SLCG> 0 0 0 0
<3404551> <has_provenance> <SLCG> 0 0 0 0
<3405008> <has_provenance> <SLCG> 0 0 0 0
<3405036> <has_provenance> <SLCG> 0 0 0 0
<3405200> <has_provenance> <SLCG> 0 0 0 0
<3405225> <has_provenance> <SLCG> 0 0 0 0
<3405290> <has_provenance> <SLCG> 0 0 0 0
<3405599> <has_provenance> <SLCG> 0 0 0 0
<3407086> <has_provenance> <SLCG> 0 0 0 0
<3407986> <has_provenance> <SLCG> 0 0 0 0
<3410367> <has_provenance> <SLCG> 0 0 0 0
<3411393> <has_provenance> <SLCG> 0 0 0 0
<3411783> <has_provenance> <SLCG> 0 0 0 0
<3412534> <has_provenance> <SLCG> 0 0 0 0
<3505613> <has_provenance> <SLCG> 0 0 0 0
<3505867> <has_provenance> <SLCG> 0 0 0 0
<3507404> <has_provenance> <SLCG> 0 0 0 0
<3507444> <has_provenance> <SLCG> 0 0 0 0
<3507484> <has_provenance> <SLCG> 0 0 0 0
<3507720> <has_provenance> <SLCG> 0 0 0 0
<3507977> <has_provenance> <SLCG> 0 0 0 0
<3508886> <has_provenance> <SLCG> 0 0 0 0
<3508938> <has_provenance> <SLCG> 0 0 0 0
<3509112> <has_provenance> <SLCG> 0 0 0 0
<3509318> <has_provenance> <SLCG> 0 0 0 0
<3509922> <has_provenance> <SLCG> 0 0 0 0
<3509936> <has_provenance> <SLCG> 0 0 0 0
<3510219> <has_provenance> <SLCG> 0 0 0 0
<3510319> <has_provenance> <SLCG> 0 0 0 0
<3510649> <has_provenance> <SLCG> 0 0 0 0
<3510987> <has_provenance> <SLCG> 0 0 0 0
<3406709> <has_provenance> <SLCG> 0 0 0 0
<3508211> <has_provenance> <SLCG> 0 0 0 0
<3508850> <has_provenance> <SLCG> 0 0 0 0
<3509332> <has_provenance> <SLCG> 0 0 0 0
<3702759> <has_provenance> <SLCG> 0 0 0 0
<3703050> <has_provenance> <SLCG> 0 0 0 0
<3704958> <has_provenance> <SLCG> 0 0 0 0
<3712652> <has_provenance> <SLCG> 0 0 0 0
<3801547> <has_provenance> <SLCG> 0 0 0 0
<3801837> <has_provenance> <SLCG> 0 0 0 0
<3804095> <has_provenance> <SLCG> 0 0 0 0
<3812384> <has_provenance> <SLCG> 0 0 0 0
<407400> <has_provenance> <SLCG> 0 0 0 0
<407415> <has_provenance> <SLCG> 0 0 0 0
<407433> <has_provenance> <SLCG> 0 0 0 0
<407532> <has_provenance> <SLCG> 0 0 0 0
<407631> <has_provenance> <SLCG> 0 0 0 0
<407635> <has_provenance> <SLCG> 0 0 0 0
<407750> <has_provenance> <SLCG> 0 0 0 0
<407795> <has_provenance> <SLCG> 0 0 0 0
<409231> <has_provenance> <SLCG> 0 0 0 0
<409387> <has_provenance> <SLCG> 0 0 0 0
<409496> <has_provenance> <SLCG> 0 0 0 0
<409543> <has_provenance> <SLCG> 0 0 0 0
<409560> <has_provenance> <SLCG> 0 0 0 0
<409691> <has_provenance> <SLCG> 0 0 0 0
<409764> <has_provenance> <SLCG> 0 0 0 0
<3704638> <has_provenance> <SLCG> 0 0 0 0
<409902> <has_provenance> <SLCG> 0 0 0 0
<409912> <has_provenance> <SLCG> 0 0 0 0
<409923> <has_provenance> <SLCG> 0 0 0 0
<409935> <has_provenance> <SLCG> 0 0 0 0
<409951> <has_provenance> <SLCG> 0 0 0 0
<410170> <has_provenance> <SLCG> 0 0 0 0
<410184> <has_provenance> <SLCG> 0 0 0 0
<410334> <has_provenance> <SLCG> 0 0 0 0
<410358> <has_provenance> <SLCG> 0 0 0 0
<411493> <has_provenance> <SLCG> 0 0 0 0
<412996> <has_provenance> <SLCG> 0 0 0 0
<413483> <has_provenance> <SLCG> 0 0 0 0
<413984> <has_provenance> <SLCG> 0 0 0 0
<415127> <has_provenance> <SLCG> 0 0 0 0
<415944> <has_provenance> <SLCG> 0 0 0 0
<416328> <has_provenance> <SLCG> 0 0 0 0
<416622> <has_provenance> <SLCG> 0 0 0 0
<416654> <has_provenance> <SLCG> 0 0 0 0
<411489> <has_provenance> <SLCG> 0 0 0 0
<412986> <has_provenance> <SLCG> 0 0 0 0
<416513> <has_provenance> <SLCG> 0 0 0 0
<416686> <has_provenance> <SLCG> 0 0 0 0
<416979> <has_provenance> <SLCG> 0 0 0 0
<417165> <has_provenance> <SLCG> 0 0 0 0
<417176> <has_provenance> <SLCG> 0 0 0 0
<417198> <has_provenance> <SLCG> 0 0 0 0
<417201> <has_provenance> <SLCG> 0 0 0 0
<417300> <has_provenance> <SLCG> 0 0 0 0
<417335> <has_provenance> <SLCG> 0 0 0 0
<417378> <has_provenance> <SLCG> 0 0 0 0
<417413> <has_provenance> <SLCG> 0 0 0 0
<4201853> <has_provenance> <SLCG> 0 0 0 0
<4312718> <has_provenance> <SLCG> 0 0 0 0
<4313230> <has_provenance> <SLCG> 0 0 0 0
<4313232> <has_provenance> <SLCG> 0 0 0 0
<4600802> <has_provenance> <SLCG> 0 0 0 0
<4603779> <has_provenance> <SLCG> 0 0 0 0
<4604106> <has_provenance> <SLCG> 0 0 0 0
<4605317> <has_provenance> <SLCG> 0 0 0 0
<4605634> <has_provenance> <SLCG> 0 0 0 0
<4605871> <has_provenance> <SLCG> 0 0 0 0
<4607096> <has_provenance> <SLCG> 0 0 0 0
<4614561> <has_provenance> <SLCG> 0 0 0 0
<416752> <has_provenance> <SLCG> 0 0 0 0
<417104> <has_provenance> <SLCG> 0 0 0 0
<4605940> <has_provenance> <SLCG> 0 0 0 0
<4910471> <has_provenance> <SLCG> 0 0 0 0
<4910656> <has_provenance> <SLCG> 0 0 0 0
<4910698> <has_provenance> <SLCG> 0 0 0 0
<4910750> <has_provenance> <SLCG> 0 0 0 0
<4910754> <has_provenance> <SLCG> 0 0 0 0
<4910757> <has_provenance> <SLCG> 0 0 0 0
<4910881> <has_provenance> <SLCG> 0 0 0 0
<4910903> <has_provenance> <SLCG> 0 0 0 0
<4910924> <has_provenance> <SLCG> 0 0 0 0
<4910965> <has_provenance> <SLCG> 0 0 0 0
<4910991> <has_provenance> <SLCG> 0 0 0 0
<4911199> <has_provenance> <SLCG> 0 0 0 0
<4911216> <has_provenance> <SLCG> 0 0 0 0
<4911540> <has_provenance> <SLCG> 0 0 0 0
<4911541> <has_provenance> <SLCG> 0 0 0 0
<501215> <has_provenance> <SLCG> 0 0 0 0
<501238> <has_provenance> <SLCG> 0 0 0 0
<501250> <has_provenance> <SLCG> 0 0 0 0
<501258> <has_provenance> <SLCG> 0 0 0 0
<501265> <has_provenance> <SLCG> 0 0 0 0
<501326> <has_provenance> <SLCG> 0 0 0 0
<502969> <has_provenance> <SLCG> 0 0 0 0
<4910796> <has_provenance> <SLCG> 0 0 0 0
<4911133> <has_provenance> <SLCG> 0 0 0 0
<4911208> <has_provenance> <SLCG> 0 0 0 0
<503297> <has_provenance> <SLCG> 0 0 0 0
<503809> <has_provenance> <SLCG> 0 0 0 0
<503875> <has_provenance> <SLCG> 0 0 0 0
<503910> <has_provenance> <SLCG> 0 0 0 0
<503917> <has_provenance> <SLCG> 0 0 0 0
<503943> <has_provenance> <SLCG> 0 0 0 0
<503992> <has_provenance> <SLCG> 0 0 0 0
<507474> <has_provenance> <SLCG> 0 0 0 0
<507735> <has_provenance> <SLCG> 0 0 0 0
<507787> <has_provenance> <SLCG> 0 0 0 0
<507874> <has_provenance> <SLCG> 0 0 0 0
<507895> <has_provenance> <SLCG> 0 0 0 0
<508015> <has_provenance> <SLCG> 0 0 0 0
<508133> <has_provenance> <SLCG> 0 0 0 0
<508152> <has_provenance> <SLCG> 0 0 0 0
<508241> <has_provenance> <SLCG> 0 0 0 0
<507288> <has_provenance> <SLCG> 0 0 0 0
<507560> <has_provenance> <SLCG> 0 0 0 0
<507744> <has_provenance> <SLCG> 0 0 0 0
<507907> <has_provenance> <SLCG> 0 0 0 0
<508196> <has_provenance> <SLCG> 0 0 0 0
<508278> <has_provenance> <SLCG> 0 0 0 0
<508297> <has_provenance> <SLCG> 0 0 0 0
<508421> <has_provenance> <SLCG> 0 0 0 0
<508449> <has_provenance> <SLCG> 0 0 0 0
<508467> <has_provenance> <SLCG> 0 0 0 0
<508493> <has_provenance> <SLCG> 0 0 0 0
<508538> <has_provenance> <SLCG> 0 0 0 0
<508557> <has_provenance> <SLCG> 0 0 0 0
<508978> <has_provenance> <SLCG> 0 0 0 0
<508984> <has_provenance> <SLCG> 0 0 0 0
<508987> <has_provenance> <SLCG> 0 0 0 0
<509029> <has_provenance> <SLCG> 0 0 0 0
<509046> <has_provenance> <SLCG> 0 0 0 0
<509048> <has_provenance> <SLCG> 0 0 0 0
<509065> <has_provenance> <SLCG> 0 0 0 0
<509071> <has_provenance> <SLCG> 0 0 0 0
<509092> <has_provenance> <SLCG> 0 0 0 0
<509355> <has_provenance> <SLCG> 0 0 0 0
<509819> <has_provenance> <SLCG> 0 0 0 0
<5102755> <has_provenance> <SLCG> 0 0 0 0
<5102780> <has_provenance> <SLCG> 0 0 0 0
<508408> <has_provenance> <SLCG> 0 0 0 0
<508460> <has_provenance> <SLCG> 0 0 0 0
<508566> <has_provenance> <SLCG> 0 0 0 0
<508971> <has_provenance> <SLCG> 0 0 0 0
<5102864> <has_provenance> <SLCG> 0 0 0 0
<5103764> <has_provenance> <SLCG> 0 0 0 0
<5103864> <has_provenance> <SLCG> 0 0 0 0
<5104168> <has_provenance> <SLCG> 0 0 0 0
<5104260> <has_provenance> <SLCG> 0 0 0 0
<5104484> <has_provenance> <SLCG> 0 0 0 0
<5104668> <has_provenance> <SLCG> 0 0 0 0
<5104724> <has_provenance> <SLCG> 0 0 0 0
<5104918> <has_provenance> <SLCG> 0 0 0 0
<5106032> <has_provenance> <SLCG> 0 0 0 0
<5106050> <has_provenance> <SLCG> 0 0 0 0
<5106116> <has_provenance> <SLCG> 0 0 0 0
<5106254> <has_provenance> <SLCG> 0 0 0 0
<5106256> <has_provenance> <SLCG> 0 0 0 0
<5106448> <has_provenance> <SLCG> 0 0 0 0
<5106606> <has_provenance> <SLCG> 0 0 0 0
<5106950> <has_provenance> <SLCG> 0 0 0 0
<5107015> <has_provenance> <SLCG> 0 0 0 0
<5107082> <has_provenance> <SLCG> 0 0 0 0
<5107213> <has_provenance> <SLCG> 0 0 0 0
<5107283> <has_provenance> <SLCG> 0 0 0 0
<5107383> <has_provenance> <SLCG> 0 0 0 0
<5107716> <has_provenance> <SLCG> 0 0 0 0
<5109129> <has_provenance> <SLCG> 0 0 0 0
<5109292> <has_provenance> <SLCG> 0 0 0 0
<5109297> <has_provenance> <SLCG> 0 0 0 0
<5109585> <has_provenance> <SLCG> 0 0 0 0
<5109727> <has_provenance> <SLCG> 0 0 0 0
<5103361> <has_provenance> <SLCG> 0 0 0 0
<5103463> <has_provenance> <SLCG> 0 0 0 0
<5104727> <has_provenance> <SLCG> 0 0 0 0
<5106742> <has_provenance> <SLCG> 0 0 0 0
<5106773> <has_provenance> <SLCG> 0 0 0 0
<5107102> <has_provenance> <SLCG> 0 0 0 0
<5110938> <has_provenance> <SLCG> 0 0 0 0
<5111451> <has_provenance> <SLCG> 0 0 0 0
<5111638> <has_provenance> <SLCG> 0 0 0 0
<5111714> <has_provenance> <SLCG> 0 0 0 0
<5111729> <has_provenance> <SLCG> 0 0 0 0
<5111762> <has_provenance> <SLCG> 0 0 0 0
<5111776> <has_provenance> <SLCG> 0 0 0 0
<5111862> <has_provenance> <SLCG> 0 0 0 0
<5111981> <has_provenance> <SLCG> 0 0 0 0
<5112073> <has_provenance> <SLCG> 0 0 0 0
<5112421> <has_provenance> <SLCG> 0 0 0 0
<5112765> <has_provenance> <SLCG> 0 0 0 0
<5113475> <has_provenance> <SLCG> 0 0 0 0
<5113974> <has_provenance> <SLCG> 0 0 0 0
<5115126> <has_provenance> <SLCG> 0 0 0 0
<5115288> <has_provenance> <SLCG> 0 0 0 0
<5115785> <has_provenance> <SLCG> 0 0 0 0
<5116365> <has_provenance> <SLCG> 0 0 0 0
<5117391> <has_provenance> <SLCG> 0 0 0 0
<512314> <has_provenance> <SLCG> 0 0 0 0
<512339> <has_provenance> <SLCG> 0 0 0 0
<512461> <has_provenance> <SLCG> 0 0 0 0
<512528> <has_provenance> <SLCG> 0 0 0 0
<512621> <has_provenance> <SLCG> 0 0 0 0
<513012> <has_provenance> <SLCG> 0 0 0 0
<513034> <has_provenance> <SLCG> 0 0 0 0
<513080> <has_provenance> <SLCG> 0 0 0 0
<5117396> <has_provenance> <SLCG> 0 0 0 0
<513058> <has_provenance> <SLCG> 0 0 0 0
<513304> <has_provenance> <SLCG> 0 0 0 0
<513353> <has_provenance> <SLCG> 0 0 0 0
<513686> <has_provenance> <SLCG> 0 0 0 0
<513687> <has_provenance> <SLCG> 0 0 0 0
<513688> <has_provenance> <SLCG> 0 0 0 0
<513717> <has_provenance> <SLCG> 0 0 0 0
<513755> <has_provenance> <SLCG> 0 0 0 0
<513758> <has_provenance> <SLCG> 0 0 0 0
<513849> <has_provenance> <SLCG> 0 0 0 0
<513906> <has_provenance> <SLCG> 0 0 0 0
<513917> <has_provenance> <SLCG> 0 0 0 0
<513918> <has_provenance> <SLCG> 0 0 0 0
<513919> <has_provenance> <SLCG> 0 0 0 0
<513969> <has_provenance> <SLCG> 0 0 0 0
<514043> <has_provenance> <SLCG> 0 0 0 0
<514067> <has_provenance> <SLCG> 0 0 0 0
<514076> <has_provenance> <SLCG> 0 0 0 0
<514128> <has_provenance> <SLCG> 0 0 0 0
<514131> <has_provenance> <SLCG> 0 0 0 0
<514329> <has_provenance> <SLCG> 0 0 0 0
<514337> <has_provenance> <SLCG> 0 0 0 0
<515731> <has_provenance> <SLCG> 0 0 0 0
<516153> <has_provenance> <SLCG> 0 0 0 0
<516167> <has_provenance> <SLCG> 0 0 0 0
<513662> <has_provenance> <SLCG> 0 0 0 0
<513754> <has_provenance> <SLCG> 0 0 0 0
<513949> <has_provenance> <SLCG> 0 0 0 0
<514139> <has_provenance> <SLCG> 0 0 0 0
<516340> <has_provenance> <SLCG> 0 0 0 0
<516385> <has_provenance> <SLCG> 0 0 0 0
<516667> <has_provenance> <SLCG> 0 0 0 0
<516780> <has_provenance> <SLCG> 0 0 0 0
<516782> <has_provenance> <SLCG> 0 0 0 0
<516797> <has_provenance> <SLCG> 0 0 0 0
<517094> <has_provenance> <SLCG> 0 0 0 0
<5303987> <has_provenance> <SLCG> 0 0 0 0
<5304592> <has_provenance> <SLCG> 0 0 0 0
<5304703> <has_provenance> <SLCG> 0 0 0 0
<5304877> <has_provenance> <SLCG> 0 0 0 0
<5304885> <has_provenance> <SLCG> 0 0 0 0
<5305315> <has_provenance> <SLCG> 0 0 0 0
<5305643> <has_provenance> <SLCG> 0 0 0 0
<5305973> <has_provenance> <SLCG> 0 0 0 0
<5307052> <has_provenance> <SLCG> 0 0 0 0
<5310855> <has_provenance> <SLCG> 0 0 0 0
<5313018> <has_provenance> <SLCG> 0 0 0 0
<5313041> <has_provenance> <SLCG> 0 0 0 0
<5313297> <has_provenance> <SLCG> 0 0 0 0
<5313338> <has_provenance> <SLCG> 0 0 0 0
<5313340> <has_provenance> <SLCG> 0 0 0 0
<5313351> <has_provenance> <SLCG> 0 0 0 0
<5313354> <has_provenance> <SLCG> 0 0 0 0
<5313395> <has_provenance> <SLCG> 0 0 0 0
<5313425> <has_provenance> <SLCG> 0 0 0 0
<516914> <has_provenance> <SLCG> 0 0 0 0
<5312982> <has_provenance> <SLCG> 0 0 0 0
<5313421> <has_provenance> <SLCG> 0 0 0 0
<5314010> <has_provenance> <SLCG> 0 0 0 0
<5314042> <has_provenance> <SLCG> 0 0 0 0
<5314074> <has_provenance> <SLCG> 0 0 0 0
<5314334> <has_provenance> <SLCG> 0 0 0 0
<5314708> <has_provenance> <SLCG> 0 0 0 0
<5314833> <has_provenance> <SLCG> 0 0 0 0
<5314848> <has_provenance> <SLCG> 0 0 0 0
<5315092> <has_provenance> <SLCG> 0 0 0 0
<5315147> <has_provenance> <SLCG> 0 0 0 0
<5315149> <has_provenance> <SLCG> 0 0 0 0
<5315256> <has_provenance> <SLCG> 0 0 0 0
<5315336> <has_provenance> <SLCG> 0 0 0 0
<5315381> <has_provenance> <SLCG> 0 0 0 0
<5315440> <has_provenance> <SLCG> 0 0 0 0
<5315612> <has_provenance> <SLCG> 0 0 0 0
<5315699> <has_provenance> <SLCG> 0 0 0 0
<5315774> <has_provenance> <SLCG> 0 0 0 0
<5315929> <has_provenance> <SLCG> 0 0 0 0
<5316166> <has_provenance> <SLCG> 0 0 0 0
<5316275> <has_provenance> <SLCG> 0 0 0 0
<5315847> <has_provenance> <SLCG> 0 0 0 0
<5501784> <has_provenance> <SLCG> 0 0 0 0
<5501786> <has_provenance> <SLCG> 0 0 0 0
<5502858> <has_provenance> <SLCG> 0 0 0 0
<5503858> <has_provenance> <SLCG> 0 0 0 0
<5504015> <has_provenance> <SLCG> 0 0 0 0
<5510663> <has_provenance> <SLCG> 0 0 0 0
<5511321> <has_provenance> <SLCG> 0 0 0 0
<6300121> <has_provenance> <SLCG> 0 0 0 0
<6300679> <has_provenance> <SLCG> 0 0 0 0
<6300926> <has_provenance> <SLCG> 0 0 0 0
<6300958> <has_provenance> <SLCG> 0 0 0 0
<6302583> <has_provenance> <SLCG> 0 0 0 0
<6304654> <has_provenance> <SLCG> 0 0 0 0
<6304665> <has_provenance> <SLCG> 0 0 0 0
<6304713> <has_provenance> <SLCG> 0 0 0 0
<6304715> <has_provenance> <SLCG> 0 0 0 0
<6304752> <has_provenance> <SLCG> 0 0 0 0
<6311570> <has_provenance> <SLCG> 0 0 0 0
<6311629> <has_provenance> <SLCG> 0 0 0 0
<6311635> <has_provenance> <SLCG> 0 0 0 0
<6311800> <has_provenance> <SLCG> 0 0 0 0
<6312663> <has_provenance> <SLCG> 0 0 0 0
<6313375> <has_provenance> <SLCG> 0 0 0 0
<6300053> <has_provenance> <SLCG> 0 0 0 0
<6301666> <has_provenance> <SLCG> 0 0 0 0
<6307168> <has_provenance> <SLCG> 0 0 0 0
<6315306> <has_provenance> <SLCG> 0 0 0 0
<6315351> <has_provenance> <SLCG> 0 0 0 0
<6315515> <has_provenance> <SLCG> 0 0 0 0
<6315537> <has_provenance> <SLCG> 0 0 0 0
<6315544> <has_provenance> <SLCG> 0 0 0 0
<6315953> <has_provenance> <SLCG> 0 0 0 0
<6315957> <has_provenance> <SLCG> 0 0 0 0
<6315969> <has_provenance> <SLCG> 0 0 0 0
<6316133> <has_provenance> <SLCG> 0 0 0 0
<6316312> <has_provenance> <SLCG> 0 0 0 0
<6316333> <has_provenance> <SLCG> 0 0 0 0
<6316392> <has_provenance> <SLCG> 0 0 0 0
<6316627> <has_provenance> <SLCG> 0 0 0 0
<6316723> <has_provenance> <SLCG> 0 0 0 0
<6317029> <has_provenance> <SLCG> 0 0 0 0
<6317169> <has_provenance> <SLCG> 0 0 0 0
<6317199> <has_provenance> <SLCG> 0 0 0 0
<6317437> <has_provenance> <SLCG> 0 0 0 0
<6400650> <has_provenance> <SLCG> 0 0 0 0
<6400651> <has_provenance> <SLCG> 0 0 0 0
<6401437> <has_provenance> <SLCG> 0 0 0 0
<6402098> <has_provenance> <SLCG> 0 0 0 0
<6402741> <has_provenance> <SLCG> 0 0 0 0
<6611277> <has_provenance> <SLCG> 0 0 0 0
<6611284> <has_provenance> <SLCG> 0 0 0 0
<7005775> <has_provenance> <SLCG> 0 0 0 0
<701596> <has_provenance> <SLCG> 0 0 0 0
<6315569> <has_provenance> <SLCG> 0 0 0 0
<6315993> <has_provenance> <SLCG> 0 0 0 0
<6317000> <has_provenance> <SLCG> 0 0 0 0
<702299> <has_provenance> <SLCG> 0 0 0 0
<703054> <has_provenance> <SLCG> 0 0 0 0
<703772> <has_provenance> <SLCG> 0 0 0 0
<704747> <has_provenance> <SLCG> 0 0 0 0
<704897> <has_provenance> <SLCG> 0 0 0 0
<707419> <has_provenance> <SLCG> 0 0 0 0
<707547> <has_provenance> <SLCG> 0 0 0 0
<709463> <has_provenance> <SLCG> 0 0 0 0
<711040> <has_provenance> <SLCG> 0 0 0 0
<711609> <has_provenance> <SLCG> 0 0 0 0
<711610> <has_provenance> <SLCG> 0 0 0 0
<715074> <has_provenance> <SLCG> 0 0 0 0
<717341> <has_provenance> <SLCG> 0 0 0 0
<7404289> <has_provenance> <SLCG> 0 0 0 0
<7404363> <has_provenance> <SLCG> 0 0 0 0
<7409124> <has_provenance> <SLCG> 0 0 0 0
<7409207> <has_provenance> <SLCG> 0 0 0 0
<7410073> <has_provenance> <SLCG> 0 0 0 0
<7410798> <has_provenance> <SLCG> 0 0 0 0
<7411463> <has_provenance> <SLCG> 0 0 0 0
<900249> <has_provenance> <SLCG> 0 0 0 0
<707755> <has_provenance> <SLCG> 0 0 0 0
<7404247> <has_provenance> <SLCG> 0 0 0 0
<7407020> <has_provenance> <SLCG> 0 0 0 0
<900435> <has_provenance> <SLCG> 0 0 0 0
<901085> <has_provenance> <SLCG> 0 0 0 0
<901152> <has_provenance> <SLCG> 0 0 0 0
<901154> <has_provenance> <SLCG> 0 0 0 0
<902002> <has_provenance> <SLCG> 0 0 0 0
<902013> <has_provenance> <SLCG> 0 0 0 0
<906793> <has_provenance> <SLCG> 0 0 0 0
<906819> <has_provenance> <SLCG> 0 0 0 0
<906892> <has_provenance> <SLCG> 0 0 0 0
<906905> <has_provenance> <SLCG> 0 0 0 0
<906978> <has_provenance> <SLCG> 0 0 0 0
<906998> <has_provenance> <SLCG> 0 0 0 0
<907202> <has_provenance> <SLCG> 0 0 0 0
<908204> <has_provenance> <SLCG> 0 0 0 0
<908313> <has_provenance> <SLCG> 0 0 0 0
<908676> <has_provenance> <SLCG> 0 0 0 0
<908790> <has_provenance> <SLCG> 0 0 0 0
<909618> <has_provenance> <SLCG> 0 0 0 0
<909698> <has_provenance> <SLCG> 0 0 0 0
<909722> <has_provenance> <SLCG> 0 0 0 0
<911441> <has_provenance> <SLCG> 0 0 0 0
<911625> <has_provenance> <SLCG> 0 0 0 0
<916710> <has_provenance> <SLCG> 0 0 0 0
<916825> <has_provenance> <SLCG> 0 0 0 0
<916889> <has_provenance> <SLCG> 0 0 0 0
<916890> <has_provenance> <SLCG> 0 0 0 0
<917237> <has_provenance> <SLCG> 0 0 0 0
<9407222> <has_provenance> <SLCG> 0 0 0 0
<9407911> <has_provenance> <SLCG> 0 0 0 0
<908817> <has_provenance> <SLCG> 0 0 0 0
<9409777> <has_provenance> <SLCG> 0 0 0 0
<9414073> <has_provenance> <SLCG> 0 0 0 0
<9414083> <has_provenance> <SLCG> 0 0 0 0
<9415650> <has_provenance> <SLCG> 0 0 0 0
<9701709> <has_provenance> <SLCG> 0 0 0 0
<9702988> <has_provenance> <SLCG> 0 0 0 0
<9703154> <has_provenance> <SLCG> 0 0 0 0
<9703271> <has_provenance> <SLCG> 0 0 0 0
<9703619> <has_provenance> <SLCG> 0 0 0 0
<9703785> <has_provenance> <SLCG> 0 0 0 0
<9704099> <has_provenance> <SLCG> 0 0 0 0
<9704100> <has_provenance> <SLCG> 0 0 0 0
<9711212> <has_provenance> <SLCG> 0 0 0 0
<9711313> <has_provenance> <SLCG> 0 0 0 0
<9712189> <has_provenance> <SLCG> 0 0 0 0
<9712714> <has_provenance> <SLCG> 0 0 0 0
<9909446> <has_provenance> <SLCG> 0 0 0 0
<9909858> <has_provenance> <SLCG> 0 0 0 0
<9910148> <has_provenance> <SLCG> 0 0 0 0
<9911294> <has_provenance> <SLCG> 0 0 0 0
<9911654> <has_provenance> <SLCG> 0 0 0 0
<9912044> <has_provenance> <SLCG> 0 0 0 0
<9914890> <has_provenance> <SLCG> 0 0 0 0
<9414375> <has_provenance> <SLCG> 0 0 0 0
<9417518> <has_provenance> <SLCG> 0 0 0 0
<9703519> <has_provenance> <SLCG> 0 0 0 0
<9705274> <has_provenance> <SLCG> 0 0 0 0
<1306211> <has_provenance> <SLCG> 0 0 0 0
<1509348> <has_provenance> <SLCG> 0 0 0 0
<202938> <has_provenance> <SLCG> 0 0 0 0
<2815684> <has_provenance> <SLCG> 0 0 0 0
<3404295> <has_provenance> <SLCG> 0 0 0 0
<5102970> <has_provenance> <SLCG> 0 0 0 0
<5116401> <has_provenance> <SLCG> 0 0 0 0
<6315297> <has_provenance> <SLCG> 0 0 0 0
<901174> <has_provenance> <SLCG> 0 0 0 0
<902425> <has_provenance> <SLCG> 0 0 0 0
