<1006643> <hasFamilyHistory> <Mother_Breast> 0 0 0 0
<101793> <hasFamilyHistory> <Father_Lung> 0 0 0 0
<101817> <hasFamilyHistory> <Daughter_Other> 0 0 0 0
<102120> <hasFamilyHistory> <Brother_Prostate> 0 0 0 0
<102264> <hasFamilyHistory> <Brother_Central_nervous_system> 0 0 0 0
<102385> <hasFamilyHistory> <Brother_Pancreatic> 0 0 0 0
<102739> <hasFamilyHistory> <Sister_Central_nervous_system> 0 0 0 0
<102973> <hasFamilyHistory> <Female_Cousin_Breast> 0 0 0 0
<104468> <hasFamilyHistory> <Brother_Lung> 0 0 0 0
<104497> <hasFamilyHistory> <Grandmother_Liver> 0 0 0 0
<10600507> <hasFamilyHistory> <Brother_Lung> 0 0 0 0
<10601208> <hasFamilyHistory> <Sister_Uterus/cervical> 0 0 0 0
<10601513> <hasFamilyHistory> <Niece_Breast> 0 0 0 0
<10606316> <hasFamilyHistory> <Uncle_Esophagogastric> 0 0 0 0
<10816491> <hasFamilyHistory> <Father_Lung> 0 0 0 0
<108322> <hasFamilyHistory> <Father_Other> 0 0 0 0
<11312222> <hasFamilyHistory> <Sister_Colorrectal> 0 0 0 0
<11312488> <hasFamilyHistory> <Brother_Lung> 0 0 0 0
<11313474> <hasFamilyHistory> <Sister_Breast> 0 0 0 0
<11314148> <hasFamilyHistory> <Mother_Uterus/cervical> 0 0 0 0
<116536> <hasFamilyHistory> <Mother_Other> 0 0 0 0
<116560> <hasFamilyHistory> <Brother_Other> 0 0 0 0
<1214095> <hasFamilyHistory> <Father_Lung> 0 0 0 0
<1300291> <hasFamilyHistory> <Sister_Lung> 0 0 0 0
<1300419> <hasFamilyHistory> <Brother_Lung> 0 0 0 0
<1300463> <hasFamilyHistory> <Uncle_Colorrectal> 0 0 0 0
<102948> <hasFamilyHistory> <Mother_Breast> 0 0 0 0
<11314151> <hasFamilyHistory> <Mother_Other> 0 0 0 0
<1300801> <hasFamilyHistory> <Male_Cousin_Lung> 0 0 0 0
<1300801> <hasFamilyHistory> <Aunt_Head_and_neck> 0 0 0 0
<1302254> <hasFamilyHistory> <Grandfather_Esophagogastric> 0 0 0 0
<1302254> <hasFamilyHistory> <Grandmother_Esophagogastric> 0 0 0 0
<1305096> <hasFamilyHistory> <Mother_Esophagogastric> 0 0 0 0
<1305679> <hasFamilyHistory> <Father_Prostate> 0 0 0 0
<1306120> <hasFamilyHistory> <Sister_Breast> 0 0 0 0
<1306324> <hasFamilyHistory> <Sister_Uterus/cervical> 0 0 0 0
<1306585> <hasFamilyHistory> <Mother_Esophagogastric> 0 0 0 0
<1306712> <hasFamilyHistory> <Mother_Breast> 0 0 0 0
<1309754> <hasFamilyHistory> <Sister_Other> 0 0 0 0
<1309959> <hasFamilyHistory> <Sister_Lung> 0 0 0 0
<1310263> <hasFamilyHistory> <Father_Head_and_neck> 0 0 0 0
<1310467> <hasFamilyHistory> <Father_Lung> 0 0 0 0
<1311490> <hasFamilyHistory> <Brother_Colorrectal> 0 0 0 0
<1314350> <hasFamilyHistory> <Mother_Lung> 0 0 0 0
<1314595> <hasFamilyHistory> <Father_Esophagogastric> 0 0 0 0
<1314755> <hasFamilyHistory> <Brother_Lung> 0 0 0 0
<1314788> <hasFamilyHistory> <Sister_Breast> 0 0 0 0
<1315100> <hasFamilyHistory> <Brother_Lung> 0 0 0 0
<1500913> <hasFamilyHistory> <Father_Other> 0 0 0 0
<1500964> <hasFamilyHistory> <Brother_Prostate> 0 0 0 0
<1501008> <hasFamilyHistory> <Aunt_Other> 0 0 0 0
<1504007> <hasFamilyHistory> <Female_Cousin_Breast> 0 0 0 0
<1504837> <hasFamilyHistory> <Father_Prostate> 0 0 0 0
<1504914> <hasFamilyHistory> <Mother_Breast> 0 0 0 0
<1505365> <hasFamilyHistory> <Aunt_Lung> 0 0 0 0
<1505374> <hasFamilyHistory> <Brother_Lung> 0 0 0 0
<1506275> <hasFamilyHistory> <Brother_Esophagogastric> 0 0 0 0
<1506633> <hasFamilyHistory> <Grandfather_Esophagogastric> 0 0 0 0
<1508749> <hasFamilyHistory> <Father_Lung> 0 0 0 0
<1508907> <hasFamilyHistory> <Father_Leukemia> 0 0 0 0
<1509172> <hasFamilyHistory> <Father_Lung> 0 0 0 0
<1509579> <hasFamilyHistory> <Uncle_Other> 0 0 0 0
<1511125> <hasFamilyHistory> <Brother_Lung> 0 0 0 0
<1511148> <hasFamilyHistory> <Mother_Other> 0 0 0 0
<1511174> <hasFamilyHistory> <Female_Cousin_Breast> 0 0 0 0
<1513064> <hasFamilyHistory> <Grandmother_Colorrectal> 0 0 0 0
<1513999> <hasFamilyHistory> <Grandfather_Head_and_neck> 0 0 0 0
<1514715> <hasFamilyHistory> <Father_Lung> 0 0 0 0
<1515321> <hasFamilyHistory> <Uncle_Unknown_origin_carcinoma> 0 0 0 0
<1515335> <hasFamilyHistory> <Mother_Lung> 0 0 0 0
<1516288> <hasFamilyHistory> <Brother_Lung> 0 0 0 0
<1516299> <hasFamilyHistory> <Female_Cousin_Esophagogastric> 0 0 0 0
<1516981> <hasFamilyHistory> <Sister_Sarcoma> 0 0 0 0
<1516983> <hasFamilyHistory> <Mother_Esophagogastric> 0 0 0 0
<1516984> <hasFamilyHistory> <Mother_Leukemia> 0 0 0 0
<15700322> <hasFamilyHistory> <Brother_Prostate> 0 0 0 0
<15700323> <hasFamilyHistory> <Father_Lung> 0 0 0 0
<15700354> <hasFamilyHistory> <Mother_Lymphoma> 0 0 0 0
<15701583> <hasFamilyHistory> <Sister_Pancreatic> 0 0 0 0
<15703025> <hasFamilyHistory> <Brother_Lung> 0 0 0 0
<15704507> <hasFamilyHistory> <Father_Colorrectal> 0 0 0 0
<15704687> <hasFamilyHistory> <Uncle_Lung> 0 0 0 0
<15704702> <hasFamilyHistory> <Grandmother_Esophagogastric> 0 0 0 0
<15706134> <hasFamilyHistory> <Father_Lung> 0 0 0 0
<15707821> <hasFamilyHistory> <Father_Lung> 0 0 0 0
<15707828> <hasFamilyHistory> <Brother_Lung> 0 0 0 0
<15708053> <hasFamilyHistory> <Uncle_Lung> 0 0 0 0
<15709462> <hasFamilyHistory> <Uncle_Esophagogastric> 0 0 0 0
<15709472> <hasFamilyHistory> <Mother_Other> 0 0 0 0
<15710142> <hasFamilyHistory> <Father_Lung> 0 0 0 0
<15714585> <hasFamilyHistory> <Mother_Breast> 0 0 0 0
<15714643> <hasFamilyHistory> <Brother_Colorrectal> 0 0 0 0
<15714657> <hasFamilyHistory> <Grandmother_Renal> 0 0 0 0
<15715010> <hasFamilyHistory> <Mother_Other> 0 0 0 0
<201462> <hasFamilyHistory> <Grandfather_Colorrectal> 0 0 0 0
<201562> <hasFamilyHistory> <Mother_Breast> 0 0 0 0
<202216> <hasFamilyHistory> <Brother_Esophagogastric> 0 0 0 0
<202228> <hasFamilyHistory> <Uncle_Pancreatic> 0 0 0 0
<202250> <hasFamilyHistory> <Aunt_Liver> 0 0 0 0
<202405> <hasFamilyHistory> <Aunt_Colorrectal> 0 0 0 0
<203198> <hasFamilyHistory> <Brother_Lung> 0 0 0 0
<204706> <hasFamilyHistory> <Sister_Other> 0 0 0 0
<205479> <hasFamilyHistory> <Father_Colorrectal> 0 0 0 0
<206169> <hasFamilyHistory> <Brother_Colorrectal> 0 0 0 0
<206188> <hasFamilyHistory> <Father_Lung> 0 0 0 0
<206497> <hasFamilyHistory> <Mother_Liver> 0 0 0 0
<206537> <hasFamilyHistory> <Sister_Pancreatic> 0 0 0 0
<209731> <hasFamilyHistory> <Sister_Leukemia> 0 0 0 0
<2100837> <hasFamilyHistory> <Father_Melanoma> 0 0 0 0
<2102291> <hasFamilyHistory> <Father_Head_and_neck> 0 0 0 0
<2104410> <hasFamilyHistory> <Grandfather_Unknown_origin_carcinoma> 0 0 0 0
<1302364> <hasFamilyHistory> <Mother_Unknown_origin_carcinoma> 0 0 0 0
<1302580> <hasFamilyHistory> <Aunt_Esophagogastric> 0 0 0 0
<1313467> <hasFamilyHistory> <Brother_Head_and_neck> 0 0 0 0
<1314986> <hasFamilyHistory> <Father_Liver> 0 0 0 0
<1315409> <hasFamilyHistory> <Uncle_Head_and_neck> 0 0 0 0
<1503604> <hasFamilyHistory> <Mother_Central_nervous_system> 0 0 0 0
<1303816> <hasFamilyHistory> <Father_Prostate> 0 0 0 0
<1305446> <hasFamilyHistory> <Father_Esophagogastric> 0 0 0 0
<1310295> <hasFamilyHistory> <Father_Esophagogastric> 0 0 0 0
<1311798> <hasFamilyHistory> <Mother_Lymphoma> 0 0 0 0
<1500846> <hasFamilyHistory> <Sister_Breast> 0 0 0 0
<1506933> <hasFamilyHistory> <Brother_Other> 0 0 0 0
<201539> <hasFamilyHistory> <Brother_Colorrectal> 0 0 0 0
<202310> <hasFamilyHistory> <Sister_Breast> 0 0 0 0
<203623> <hasFamilyHistory> <Father_Lung> 0 0 0 0
<204939> <hasFamilyHistory> <Father_Lung> 0 0 0 0
<2107118> <hasFamilyHistory> <Aunt_Other> 0 0 0 0
<2107239> <hasFamilyHistory> <Sister_Ovarian> 0 0 0 0
<2110563> <hasFamilyHistory> <Mother_Breast> 0 0 0 0
<2110960> <hasFamilyHistory> <Sister_Central_nervous_system> 0 0 0 0
<2112581> <hasFamilyHistory> <Mother_Lung> 0 0 0 0
<211360> <hasFamilyHistory> <Mother_Melanoma> 0 0 0 0
<2115608> <hasFamilyHistory> <Grandmother_Colorrectal> 0 0 0 0
<211797> <hasFamilyHistory> <Niece_Breast> 0 0 0 0
<212476> <hasFamilyHistory> <Male_Cousin_Liver> 0 0 0 0
<212832> <hasFamilyHistory> <Uncle_Colorrectal> 0 0 0 0
<212876> <hasFamilyHistory> <Father_Head_and_neck> 0 0 0 0
<214201> <hasFamilyHistory> <Sister_Lung> 0 0 0 0
<215278> <hasFamilyHistory> <Father_Prostate> 0 0 0 0
<217037> <hasFamilyHistory> <Grandmother_Colorrectal> 0 0 0 0
<2301551> <hasFamilyHistory> <Brother_Colorrectal> 0 0 0 0
<2302047> <hasFamilyHistory> <Mother_Liver> 0 0 0 0
<2302372> <hasFamilyHistory> <Father_Lung> 0 0 0 0
<2303222> <hasFamilyHistory> <Aunt_Lung> 0 0 0 0
<2303857> <hasFamilyHistory> <Sister_Breast> 0 0 0 0
<2304143> <hasFamilyHistory> <Brother_Melanoma> 0 0 0 0
<2304772> <hasFamilyHistory> <Brother_Liver> 0 0 0 0
<2304880> <hasFamilyHistory> <Brother_Lung> 0 0 0 0
<2305106> <hasFamilyHistory> <Mother_Colorrectal> 0 0 0 0
<2305371> <hasFamilyHistory> <Uncle_Pancreatic> 0 0 0 0
<2306769> <hasFamilyHistory> <Female_Cousin_Lung> 0 0 0 0
<2307323> <hasFamilyHistory> <Mother_Lung> 0 0 0 0
<2307323> <hasFamilyHistory> <Father_Leukemia> 0 0 0 0
<2309209> <hasFamilyHistory> <Brother_Colorrectal> 0 0 0 0
<2312764> <hasFamilyHistory> <Father_Lung> 0 0 0 0
<2312824> <hasFamilyHistory> <Father_Bladder/urinary_tract> 0 0 0 0
<2406439> <hasFamilyHistory> <Brother_Esophagogastric> 0 0 0 0
<2406439> <hasFamilyHistory> <Brother_Prostate> 0 0 0 0
<2406827> <hasFamilyHistory> <Female_Cousin_Breast> 0 0 0 0
<2715040> <hasFamilyHistory> <Uncle_Pancreatic> 0 0 0 0
<2804494> <hasFamilyHistory> <UNK_Other> 0 0 0 0
<2808249> <hasFamilyHistory> <Mother_Colorrectal> 0 0 0 0
<2808349> <hasFamilyHistory> <Father_Lung> 0 0 0 0
<2808643> <hasFamilyHistory> <Sister_Breast> 0 0 0 0
<2808723> <hasFamilyHistory> <Father_Other> 0 0 0 0
<2808917> <hasFamilyHistory> <Brother_Lymphoma> 0 0 0 0
<2809659> <hasFamilyHistory> <Father_Lung> 0 0 0 0
<2810616> <hasFamilyHistory> <Sister_Leukemia> 0 0 0 0
<2810928> <hasFamilyHistory> <Mother_Breast> 0 0 0 0
<2813661> <hasFamilyHistory> <Sister_Breast> 0 0 0 0
<2902445> <hasFamilyHistory> <Sister_Esophagogastric> 0 0 0 0
<2902522> <hasFamilyHistory> <Aunt_Colorrectal> 0 0 0 0
<2903734> <hasFamilyHistory> <Sister_Central_nervous_system> 0 0 0 0
<2904002> <hasFamilyHistory> <Brother_Prostate> 0 0 0 0
<2904002> <hasFamilyHistory> <Niece_Breast> 0 0 0 0
<2904006> <hasFamilyHistory> <Father_Pancreatic> 0 0 0 0
<2917314> <hasFamilyHistory> <Brother_Lung> 0 0 0 0
<2917317> <hasFamilyHistory> <Mother_Ovarian> 0 0 0 0
<2917487> <hasFamilyHistory> <Grandmother_Esophagogastric> 0 0 0 0
<3006259> <hasFamilyHistory> <Brother_Colorrectal> 0 0 0 0
<3006806> <hasFamilyHistory> <Sister_Uterus/cervical> 0 0 0 0
<3008603> <hasFamilyHistory> <Father_Melanoma> 0 0 0 0
<301136> <hasFamilyHistory> <Father_Other> 0 0 0 0
<3012904> <hasFamilyHistory> <Mother_Breast> 0 0 0 0
<301988> <hasFamilyHistory> <Father_Colorrectal> 0 0 0 0
<302638> <hasFamilyHistory> <Brother_Leukemia> 0 0 0 0
<303370> <hasFamilyHistory> <Uncle_Prostate> 0 0 0 0
<303689> <hasFamilyHistory> <Mother_Esophagogastric> 0 0 0 0
<304942> <hasFamilyHistory> <Mother_Colorrectal> 0 0 0 0
<305227> <hasFamilyHistory> <Daughter_Other> 0 0 0 0
<306856> <hasFamilyHistory> <Aunt_Breast> 0 0 0 0
<306994> <hasFamilyHistory> <Male_Cousin_Other> 0 0 0 0
<307199> <hasFamilyHistory> <Brother_Lung> 0 0 0 0
<308187> <hasFamilyHistory> <Uncle_Lung> 0 0 0 0
<308641> <hasFamilyHistory> <Grandfather_Prostate> 0 0 0 0
<309888> <hasFamilyHistory> <Mother_Colorrectal> 0 0 0 0
<310314> <hasFamilyHistory> <Father_Prostate> 0 0 0 0
<311914> <hasFamilyHistory> <Aunt_Colorrectal> 0 0 0 0
<313676> <hasFamilyHistory> <Father_Lung> 0 0 0 0
<313682> <hasFamilyHistory> <Sister_Breast> 0 0 0 0
<317249> <hasFamilyHistory> <Mother_Uterus/cervical> 0 0 0 0
<3404058> <hasFamilyHistory> <Father_Colorrectal> 0 0 0 0
<3404326> <hasFamilyHistory> <Brother_Lung> 0 0 0 0
<3404980> <hasFamilyHistory> <Father_Prostate> 0 0 0 0
<3406077> <hasFamilyHistory> <Father_Other> 0 0 0 0
<214992> <hasFamilyHistory> <Uncle_Sarcoma> 0 0 0 0
<2300012> <hasFamilyHistory> <Brother_Head_and_neck> 0 0 0 0
<2902521> <hasFamilyHistory> <Brother_Unknown_origin_carcinoma> 0 0 0 0
<3011339> <hasFamilyHistory> <Father_Liver> 0 0 0 0
<311603> <hasFamilyHistory> <Mother_Head_and_neck> 0 0 0 0
<3404439> <hasFamilyHistory> <Father_Liver> 0 0 0 0
<2107764> <hasFamilyHistory> <Sister_Breast> 0 0 0 0
<2302198> <hasFamilyHistory> <Father_Prostate> 0 0 0 0
<2302923> <hasFamilyHistory> <Sister_Breast> 0 0 0 0
<2305128> <hasFamilyHistory> <Mother_Breast> 0 0 0 0
<2312694> <hasFamilyHistory> <Nephew_Germinal_tumors> 0 0 0 0
<2505256> <hasFamilyHistory> <Brother_Lung> 0 0 0 0
<2505256> <hasFamilyHistory> <Mother_Lung> 0 0 0 0
<2808600> <hasFamilyHistory> <Father_Colorrectal> 0 0 0 0
<2813532> <hasFamilyHistory> <Father_Lung> 0 0 0 0
<3016887> <hasFamilyHistory> <Daughter_Other> 0 0 0 0
<306610> <hasFamilyHistory> <Brother_Lung> 0 0 0 0
<307040> <hasFamilyHistory> <Mother_Breast> 0 0 0 0
<3404089> <hasFamilyHistory> <Brother_Lung> 0 0 0 0
<3410584> <hasFamilyHistory> <Mother_Breast> 0 0 0 0
<3508570> <hasFamilyHistory> <Grandfather_Lung> 0 0 0 0
<3508649> <hasFamilyHistory> <Aunt_Other> 0 0 0 0
<3508855> <hasFamilyHistory> <Mother_Colorrectal> 0 0 0 0
<3509270> <hasFamilyHistory> <Grandmother_Colorrectal> 0 0 0 0
<3509730> <hasFamilyHistory> <Mother_Ovarian> 0 0 0 0
<3509730> <hasFamilyHistory> <Male_Cousin_Colorrectal> 0 0 0 0
<3510438> <hasFamilyHistory> <Sister_Leukemia> 0 0 0 0
<3511059> <hasFamilyHistory> <Brother_Colorrectal> 0 0 0 0
<3702789> <hasFamilyHistory> <Father_Head_and_neck> 0 0 0 0
<3702910> <hasFamilyHistory> <Mother_Breast> 0 0 0 0
<3703504> <hasFamilyHistory> <Brother_Prostate> 0 0 0 0
<3704285> <hasFamilyHistory> <Father_Esophagogastric> 0 0 0 0
<3704420> <hasFamilyHistory> <Brother_Esophagogastric> 0 0 0 0
<3704679> <hasFamilyHistory> <Sister_Esophagogastric> 0 0 0 0
<3709157> <hasFamilyHistory> <Uncle_Esophagogastric> 0 0 0 0
<3712043> <hasFamilyHistory> <Brother_Other> 0 0 0 0
<3714335> <hasFamilyHistory> <Aunt_Breast> 0 0 0 0
<3805977> <hasFamilyHistory> <Grandmother_Breast> 0 0 0 0
<3812225> <hasFamilyHistory> <Sister_Breast> 0 0 0 0
<3812245> <hasFamilyHistory> <Mother_Uterus/cervical> 0 0 0 0
<409560> <hasFamilyHistory> <Mother_Breast> 0 0 0 0
<410170> <hasFamilyHistory> <Mother_Breast> 0 0 0 0
<410204> <hasFamilyHistory> <Father_Lung> 0 0 0 0
<410230> <hasFamilyHistory> <Father_Esophagogastric> 0 0 0 0
<410379> <hasFamilyHistory> <Father_Other> 0 0 0 0
<412099> <hasFamilyHistory> <Sister_Breast> 0 0 0 0
<412731> <hasFamilyHistory> <Mother_Leukemia> 0 0 0 0
<413283> <hasFamilyHistory> <Brother_Prostate> 0 0 0 0
<413985> <hasFamilyHistory> <Brother_Lymphoma> 0 0 0 0
<415195> <hasFamilyHistory> <Father_Lung> 0 0 0 0
<415583> <hasFamilyHistory> <Father_Other> 0 0 0 0
<415942> <hasFamilyHistory> <Sister_Liver> 0 0 0 0
<416387> <hasFamilyHistory> <Father_Other> 0 0 0 0
<416415> <hasFamilyHistory> <Brother_Liver> 0 0 0 0
<416673> <hasFamilyHistory> <Grandmother_Skin_no_melanoma> 0 0 0 0
<416824> <hasFamilyHistory> <Brother_Colorrectal> 0 0 0 0
<416945> <hasFamilyHistory> <Uncle_Bladder/urinary_tract> 0 0 0 0
<417017> <hasFamilyHistory> <Father_Lung> 0 0 0 0
<417176> <hasFamilyHistory> <Grandmother_Colorrectal> 0 0 0 0
<417318> <hasFamilyHistory> <Uncle_Other> 0 0 0 0
<417452> <hasFamilyHistory> <Sister_Ovarian> 0 0 0 0
<4301397> <hasFamilyHistory> <Daughter_Lymphoma> 0 0 0 0
<4314494> <hasFamilyHistory> <Brother_Pancreatic> 0 0 0 0
<4601465> <hasFamilyHistory> <Father_Prostate> 0 0 0 0
<4601469> <hasFamilyHistory> <Father_Esophagogastric> 0 0 0 0
<4601469> <hasFamilyHistory> <Sister_Breast> 0 0 0 0
<4602325> <hasFamilyHistory> <UNK_Lung> 0 0 0 0
<4602328> <hasFamilyHistory> <Mother_Breast> 0 0 0 0
<4602329> <hasFamilyHistory> <Brother_Other> 0 0 0 0
<4602348> <hasFamilyHistory> <Son_Lymphoma> 0 0 0 0
<4604549> <hasFamilyHistory> <Sister_Uterus/cervical> 0 0 0 0
<4604553> <hasFamilyHistory> <Brother_Lung> 0 0 0 0
<4605035> <hasFamilyHistory> <Father_Lung> 0 0 0 0
<4605314> <hasFamilyHistory> <Father_Colorrectal> 0 0 0 0
<4612749> <hasFamilyHistory> <Sister_Breast> 0 0 0 0
<4613026> <hasFamilyHistory> <Male_Cousin_Lung> 0 0 0 0
<4613263> <hasFamilyHistory> <Aunt_Breast> 0 0 0 0
<4613269> <hasFamilyHistory> <Male_Cousin_Colorrectal> 0 0 0 0
<4910460> <hasFamilyHistory> <Sister_Colorrectal> 0 0 0 0
<4910516> <hasFamilyHistory> <Brother_Other> 0 0 0 0
<4910535> <hasFamilyHistory> <Mother_Gall_bladder> 0 0 0 0
<4910550> <hasFamilyHistory> <Father_Lung> 0 0 0 0
<4910722> <hasFamilyHistory> <Aunt_Breast> 0 0 0 0
<4910947> <hasFamilyHistory> <Mother_Esophagogastric> 0 0 0 0
<4910963> <hasFamilyHistory> <Brother_Esophagogastric> 0 0 0 0
<4911008> <hasFamilyHistory> <Father_Lung> 0 0 0 0
<4911027> <hasFamilyHistory> <Brother_Lung> 0 0 0 0
<4911265> <hasFamilyHistory> <Brother_Lung> 0 0 0 0
<501276> <hasFamilyHistory> <Female_Cousin_Lung> 0 0 0 0
<501312> <hasFamilyHistory> <Mother_Breast> 0 0 0 0
<501350> <hasFamilyHistory> <Father_Lung> 0 0 0 0
<501350> <hasFamilyHistory> <Mother_Colorrectal> 0 0 0 0
<503049> <hasFamilyHistory> <Father_Prostate> 0 0 0 0
<503174> <hasFamilyHistory> <Father_Lung> 0 0 0 0
<503396> <hasFamilyHistory> <Father_Colorrectal> 0 0 0 0
<503812> <hasFamilyHistory> <Mother_Other> 0 0 0 0
<503869> <hasFamilyHistory> <Sister_Breast> 0 0 0 0
<503936> <hasFamilyHistory> <Aunt_Breast> 0 0 0 0
<503951> <hasFamilyHistory> <Grandfather_Colorrectal> 0 0 0 0
<504064> <hasFamilyHistory> <Mother_Colorrectal> 0 0 0 0
<507261> <hasFamilyHistory> <Sister_Breast> 0 0 0 0
<507356> <hasFamilyHistory> <Mother_Gall_bladder> 0 0 0 0
<507356> <hasFamilyHistory> <Father_Colorrectal> 0 0 0 0
<507545> <hasFamilyHistory> <Mother_Other> 0 0 0 0
<507654> <hasFamilyHistory> <Father_Head_and_neck> 0 0 0 0
<507878> <hasFamilyHistory> <Female_Cousin_Breast> 0 0 0 0
<507882> <hasFamilyHistory> <Sister_Other> 0 0 0 0
<507883> <hasFamilyHistory> <Aunt_Ovarian> 0 0 0 0
<508060> <hasFamilyHistory> <Brother_Prostate> 0 0 0 0
<3704644> <hasFamilyHistory> <Grandfather_Other> 0 0 0 0
<408739> <hasFamilyHistory> <Grandfather_Other> 0 0 0 0
<416964> <hasFamilyHistory> <Uncle_Head_and_neck> 0 0 0 0
<4911541> <hasFamilyHistory> <Aunt_Esophagogastric> 0 0 0 0
<501350> <hasFamilyHistory> <Brother_Head_and_neck> 0 0 0 0
<507896> <hasFamilyHistory> <Father_Liver> 0 0 0 0
<3509113> <hasFamilyHistory> <Father_Lung> 0 0 0 0
<3704638> <hasFamilyHistory> <Sister_Unknown_origin_carcinoma> 0 0 0 0
<417402> <hasFamilyHistory> <Father_Other> 0 0 0 0
<417504> <hasFamilyHistory> <Brother_Colorrectal> 0 0 0 0
<4612153> <hasFamilyHistory> <Aunt_Lung> 0 0 0 0
<4615070> <hasFamilyHistory> <Female_Cousin_Breast> 0 0 0 0
<4911208> <hasFamilyHistory> <Father_Lung> 0 0 0 0
<501228> <hasFamilyHistory> <Father_Unknown_origin_carcinoma> 0 0 0 0
<501335> <hasFamilyHistory> <Father_Lung> 0 0 0 0
<501339> <hasFamilyHistory> <Aunt_Colorrectal> 0 0 0 0
<503352> <hasFamilyHistory> <Grandfather_Lung> 0 0 0 0
<503958> <hasFamilyHistory> <Male_Cousin_Lung> 0 0 0 0
<508124> <hasFamilyHistory> <Mother_Leukemia> 0 0 0 0
<508156> <hasFamilyHistory> <Mother_Breast> 0 0 0 0
<508174> <hasFamilyHistory> <Sister_Liver> 0 0 0 0
<508198> <hasFamilyHistory> <Father_Lung> 0 0 0 0
<508520> <hasFamilyHistory> <UNK_Prostate> 0 0 0 0
<508536> <hasFamilyHistory> <UNK_Melanoma> 0 0 0 0
<508550> <hasFamilyHistory> <UNK_Esophagogastric> 0 0 0 0
<508558> <hasFamilyHistory> <Male_Cousin_Prostate> 0 0 0 0
<5102866> <hasFamilyHistory> <Father_Esophagogastric> 0 0 0 0
<5102866> <hasFamilyHistory> <Mother_Breast> 0 0 0 0
<5102866> <hasFamilyHistory> <Aunt_Colorrectal> 0 0 0 0
<5102963> <hasFamilyHistory> <Brother_Leukemia> 0 0 0 0
<5103229> <hasFamilyHistory> <Uncle_Lung> 0 0 0 0
<5103231> <hasFamilyHistory> <Uncle_Esophagogastric> 0 0 0 0
<5103509> <hasFamilyHistory> <Grandfather_Prostate> 0 0 0 0
<5103759> <hasFamilyHistory> <Father_Head_and_neck> 0 0 0 0
<5103985> <hasFamilyHistory> <Brother_Central_nervous_system> 0 0 0 0
<5104123> <hasFamilyHistory> <Grandmother_Colorrectal> 0 0 0 0
<5104815> <hasFamilyHistory> <Father_Lung> 0 0 0 0
<5106492> <hasFamilyHistory> <Father_Esophagogastric> 0 0 0 0
<5106539> <hasFamilyHistory> <Father_Lung> 0 0 0 0
<5106722> <hasFamilyHistory> <Grandfather_Colorrectal> 0 0 0 0
<5106834> <hasFamilyHistory> <Aunt_Lung> 0 0 0 0
<5107027> <hasFamilyHistory> <Brother_Germinal_tumors> 0 0 0 0
<5107030> <hasFamilyHistory> <Brother_Colorrectal> 0 0 0 0
<5107107> <hasFamilyHistory> <Sister_Colorrectal> 0 0 0 0
<5107194> <hasFamilyHistory> <Brother_Lung> 0 0 0 0
<5109138> <hasFamilyHistory> <Father_Bladder/urinary_tract> 0 0 0 0
<5111330> <hasFamilyHistory> <Daughter_Breast> 0 0 0 0
<5111620> <hasFamilyHistory> <Father_Lung> 0 0 0 0
<5112572> <hasFamilyHistory> <Sister_Breast> 0 0 0 0
<5112689> <hasFamilyHistory> <Uncle_Lung> 0 0 0 0
<5112765> <hasFamilyHistory> <Father_Other> 0 0 0 0
<5112960> <hasFamilyHistory> <Father_Esophagogastric> 0 0 0 0
<5113300> <hasFamilyHistory> <Father_Lung> 0 0 0 0
<5114031> <hasFamilyHistory> <Father_Prostate> 0 0 0 0
<5115558> <hasFamilyHistory> <Father_Head_and_neck> 0 0 0 0
<5116363> <hasFamilyHistory> <Brother_Prostate> 0 0 0 0
<5116375> <hasFamilyHistory> <Mother_Bladder/urinary_tract> 0 0 0 0
<512585> <hasFamilyHistory> <Sister_Lung> 0 0 0 0
<512612> <hasFamilyHistory> <Sister_Head_and_neck> 0 0 0 0
<512771> <hasFamilyHistory> <Mother_Other> 0 0 0 0
<512947> <hasFamilyHistory> <Father_Colorrectal> 0 0 0 0
<512973> <hasFamilyHistory> <Aunt_Breast> 0 0 0 0
<513044> <hasFamilyHistory> <Father_Head_and_neck> 0 0 0 0
<513080> <hasFamilyHistory> <Aunt_Lung> 0 0 0 0
<513148> <hasFamilyHistory> <Mother_Leukemia> 0 0 0 0
<513170> <hasFamilyHistory> <Father_Lung> 0 0 0 0
<513177> <hasFamilyHistory> <Brother_Colorrectal> 0 0 0 0
<513199> <hasFamilyHistory> <Sister_Breast> 0 0 0 0
<513278> <hasFamilyHistory> <Father_Prostate> 0 0 0 0
<513345> <hasFamilyHistory> <Brother_Lung> 0 0 0 0
<513365> <hasFamilyHistory> <Grandmother_Esophagogastric> 0 0 0 0
<513536> <hasFamilyHistory> <Brother_Colorrectal> 0 0 0 0
<513544> <hasFamilyHistory> <Uncle_Colorrectal> 0 0 0 0
<513570> <hasFamilyHistory> <Mother_Uterus/cervical> 0 0 0 0
<513703> <hasFamilyHistory> <Grandfather_Esophagogastric> 0 0 0 0
<513711> <hasFamilyHistory> <Mother_Esophagogastric> 0 0 0 0
<513714> <hasFamilyHistory> <Mother_Liver> 0 0 0 0
<513739> <hasFamilyHistory> <Father_Lung> 0 0 0 0
<513884> <hasFamilyHistory> <Uncle_Lung> 0 0 0 0
<513907> <hasFamilyHistory> <Sister_Breast> 0 0 0 0
<513934> <hasFamilyHistory> <Sister_Other> 0 0 0 0
<513952> <hasFamilyHistory> <Mother_Colorrectal> 0 0 0 0
<513959> <hasFamilyHistory> <Grandfather_Esophagogastric> 0 0 0 0
<514069> <hasFamilyHistory> <Sister_Lung> 0 0 0 0
<514110> <hasFamilyHistory> <Mother_Breast> 0 0 0 0
<514116> <hasFamilyHistory> <Father_Bladder/urinary_tract> 0 0 0 0
<514185> <hasFamilyHistory> <Sister_Head_and_neck> 0 0 0 0
<514190> <hasFamilyHistory> <Sister_Leukemia> 0 0 0 0
<514306> <hasFamilyHistory> <Mother_Uterus/cervical> 0 0 0 0
<514337> <hasFamilyHistory> <Grandfather_Prostate> 0 0 0 0
<509025> <hasFamilyHistory> <Uncle_Head_and_neck> 0 0 0 0
<5103189> <hasFamilyHistory> <Brother_Bladder/urinary_tract> 0 0 0 0
<5107027> <hasFamilyHistory> <Brother_Bladder/urinary_tract> 0 0 0 0
<513229> <hasFamilyHistory> <Brother_Bladder/urinary_tract> 0 0 0 0
<514198> <hasFamilyHistory> <Brother_Unknown_origin_carcinoma> 0 0 0 0
<508129> <hasFamilyHistory> <Mother_Uterus/cervical> 0 0 0 0
<5103342> <hasFamilyHistory> <Brother_Leukemia> 0 0 0 0
<5104033> <hasFamilyHistory> <Father_Lung> 0 0 0 0
<5104120> <hasFamilyHistory> <Grandfather_Esophagogastric> 0 0 0 0
<5105448> <hasFamilyHistory> <Father_Lung> 0 0 0 0
<5106960> <hasFamilyHistory> <Aunt_Breast> 0 0 0 0
<5114977> <hasFamilyHistory> <Father_Head_and_neck> 0 0 0 0
<512552> <hasFamilyHistory> <Mother_Liver> 0 0 0 0
<512770> <hasFamilyHistory> <Father_Lung> 0 0 0 0
<512967> <hasFamilyHistory> <Daughter_Breast> 0 0 0 0
<513129> <hasFamilyHistory> <Brother_Prostate> 0 0 0 0
<513358> <hasFamilyHistory> <Father_Prostate> 0 0 0 0
<514379> <hasFamilyHistory> <Brother_Lymphoma> 0 0 0 0
<515839> <hasFamilyHistory> <Aunt_Uterus/cervical> 0 0 0 0
<516169> <hasFamilyHistory> <Son_Leukemia> 0 0 0 0
<516176> <hasFamilyHistory> <Brother_Sarcoma> 0 0 0 0
<516234> <hasFamilyHistory> <Brother_Esophagogastric> 0 0 0 0
<516259> <hasFamilyHistory> <Brother_Lung> 0 0 0 0
<516262> <hasFamilyHistory> <Uncle_Lung> 0 0 0 0
<516339> <hasFamilyHistory> <Father_Melanoma> 0 0 0 0
<516360> <hasFamilyHistory> <Mother_Breast> 0 0 0 0
<516603> <hasFamilyHistory> <Aunt_Ovarian> 0 0 0 0
<516699> <hasFamilyHistory> <Father_Prostate> 0 0 0 0
<517004> <hasFamilyHistory> <Sister_Breast> 0 0 0 0
<517229> <hasFamilyHistory> <Brother_Liver> 0 0 0 0
<5301657> <hasFamilyHistory> <Brother_Lymphoma> 0 0 0 0
<5301979> <hasFamilyHistory> <Mother_Other> 0 0 0 0
<5304769> <hasFamilyHistory> <Aunt_Leukemia> 0 0 0 0
<5305972> <hasFamilyHistory> <Mother_Colorrectal> 0 0 0 0
<5306785> <hasFamilyHistory> <Father_Lung> 0 0 0 0
<5307052> <hasFamilyHistory> <Uncle_Colorrectal> 0 0 0 0
<5312666> <hasFamilyHistory> <Father_Other> 0 0 0 0
<5313354> <hasFamilyHistory> <Mother_Uterus/cervical> 0 0 0 0
<5313414> <hasFamilyHistory> <Male_Cousin_Other> 0 0 0 0
<5314147> <hasFamilyHistory> <Grandfather_Head_and_neck> 0 0 0 0
<5314291> <hasFamilyHistory> <Father_Esophagogastric> 0 0 0 0
<5314513> <hasFamilyHistory> <Father_Esophagogastric> 0 0 0 0
<5314981> <hasFamilyHistory> <Female_Cousin_Breast> 0 0 0 0
<5315594> <hasFamilyHistory> <Brother_Colorrectal> 0 0 0 0
<5315665> <hasFamilyHistory> <Female_Cousin_Colorrectal> 0 0 0 0
<5315939> <hasFamilyHistory> <Sister_Breast> 0 0 0 0
<5315963> <hasFamilyHistory> <Mother_Breast> 0 0 0 0
<5316081> <hasFamilyHistory> <Father_Esophagogastric> 0 0 0 0
<5316206> <hasFamilyHistory> <Daughter_Breast> 0 0 0 0
<5316687> <hasFamilyHistory> <Aunt_Pancreatic> 0 0 0 0
<5316922> <hasFamilyHistory> <Aunt_Breast> 0 0 0 0
<5317336> <hasFamilyHistory> <Brother_Prostate> 0 0 0 0
<5317582> <hasFamilyHistory> <Sister_Uterus/cervical> 0 0 0 0
<6300092> <hasFamilyHistory> <Grandfather_Lung> 0 0 0 0
<6300215> <hasFamilyHistory> <Brother_Prostate> 0 0 0 0
<6300792> <hasFamilyHistory> <Brother_Prostate> 0 0 0 0
<6302612> <hasFamilyHistory> <Mother_Breast> 0 0 0 0
<6304709> <hasFamilyHistory> <Mother_Esophagogastric> 0 0 0 0
<6305100> <hasFamilyHistory> <Sister_Breast> 0 0 0 0
<6311510> <hasFamilyHistory> <Brother_Other> 0 0 0 0
<6311986> <hasFamilyHistory> <Brother_Esophagogastric> 0 0 0 0
<6312020> <hasFamilyHistory> <Sister_Breast> 0 0 0 0
<6312083> <hasFamilyHistory> <Brother_Lung> 0 0 0 0
<6312316> <hasFamilyHistory> <Mother_Breast> 0 0 0 0
<6313193> <hasFamilyHistory> <Sister_Uterus/cervical> 0 0 0 0
<6313375> <hasFamilyHistory> <Brother_Esophagogastric> 0 0 0 0
<6313429> <hasFamilyHistory> <Brother_Lymphoma> 0 0 0 0
<6314340> <hasFamilyHistory> <Grandfather_Lung> 0 0 0 0
<6315233> <hasFamilyHistory> <Aunt_Breast> 0 0 0 0
<6315641> <hasFamilyHistory> <Mother_Colorrectal> 0 0 0 0
<6316503> <hasFamilyHistory> <Sister_Ovarian> 0 0 0 0
<6316629> <hasFamilyHistory> <Father_Prostate> 0 0 0 0
<6316835> <hasFamilyHistory> <Father_Renal> 0 0 0 0
<6317172> <hasFamilyHistory> <Daughter_Other> 0 0 0 0
<6317278> <hasFamilyHistory> <Uncle_Bladder/urinary_tract> 0 0 0 0
<6317432> <hasFamilyHistory> <Daughter_Leukemia> 0 0 0 0
<6402166> <hasFamilyHistory> <Mother_Breast> 0 0 0 0
<6403163> <hasFamilyHistory> <Sister_Uterus/cervical> 0 0 0 0
<6605758> <hasFamilyHistory> <Father_Prostate> 0 0 0 0
<6611316> <hasFamilyHistory> <Father_Prostate> 0 0 0 0
<7000477> <hasFamilyHistory> <Sister_Other> 0 0 0 0
<7012914> <hasFamilyHistory> <Father_Unknown_origin_carcinoma> 0 0 0 0
<702914> <hasFamilyHistory> <Brother_Lung> 0 0 0 0
<703896> <hasFamilyHistory> <Mother_Breast> 0 0 0 0
<705027> <hasFamilyHistory> <Brother_Lung> 0 0 0 0
<705610> <hasFamilyHistory> <Father_Prostate> 0 0 0 0
<706271> <hasFamilyHistory> <Father_Lung> 0 0 0 0
<708236> <hasFamilyHistory> <Grandfather_Prostate> 0 0 0 0
<708715> <hasFamilyHistory> <Father_Lung> 0 0 0 0
<709152> <hasFamilyHistory> <Brother_Lymphoma> 0 0 0 0
<709389> <hasFamilyHistory> <Father_Prostate> 0 0 0 0
<709528> <hasFamilyHistory> <Grandfather_Lung> 0 0 0 0
<7105709> <hasFamilyHistory> <Father_Esophagogastric> 0 0 0 0
<7105924> <hasFamilyHistory> <Mother_Uterus/cervical> 0 0 0 0
<711610> <hasFamilyHistory> <Mother_Breast> 0 0 0 0
<716289> <hasFamilyHistory> <Aunt_Liver> 0 0 0 0
<7405223> <hasFamilyHistory> <Uncle_Colorrectal> 0 0 0 0
<7405341> <hasFamilyHistory> <Brother_Lung> 0 0 0 0
<7717009> <hasFamilyHistory> <Brother_Prostate> 0 0 0 0
<901085> <hasFamilyHistory> <Father_Esophagogastric> 0 0 0 0
<906888> <hasFamilyHistory> <Sister_Pancreatic> 0 0 0 0
<514461> <hasFamilyHistory> <Aunt_Esophagogastric> 0 0 0 0
<516695> <hasFamilyHistory> <Grandmother_Uterus/cervical> 0 0 0 0
<5304703> <hasFamilyHistory> <Mother_Central_nervous_system> 0 0 0 0
<5312456> <hasFamilyHistory> <Brother_Head_and_neck> 0 0 0 0
<6301801> <hasFamilyHistory> <Brother_Head_and_neck> 0 0 0 0
<6312677> <hasFamilyHistory> <Brother_Head_and_neck> 0 0 0 0
<6313317> <hasFamilyHistory> <Brother_Head_and_neck> 0 0 0 0
<6315815> <hasFamilyHistory> <Brother_Unknown_origin_carcinoma> 0 0 0 0
<516820> <hasFamilyHistory> <Father_Prostate> 0 0 0 0
<5315339> <hasFamilyHistory> <Brother_Prostate> 0 0 0 0
<5315339> <hasFamilyHistory> <Son_Prostate> 0 0 0 0
<5316002> <hasFamilyHistory> <Uncle_Pancreatic> 0 0 0 0
<5316002> <hasFamilyHistory> <Female_Cousin_Breast> 0 0 0 0
<6300925> <hasFamilyHistory> <Sister_Breast> 0 0 0 0
<6312628> <hasFamilyHistory> <Father_Unknown_origin_carcinoma> 0 0 0 0
<6313379> <hasFamilyHistory> <Grandmother_Lung> 0 0 0 0
<6315364> <hasFamilyHistory> <Male_Cousin_Lung> 0 0 0 0
<6315993> <hasFamilyHistory> <Brother_Leukemia> 0 0 0 0
<6611286> <hasFamilyHistory> <Father_Esophagogastric> 0 0 0 0
<709444> <hasFamilyHistory> <Sister_Breast> 0 0 0 0
<711010> <hasFamilyHistory> <Father_Leukemia> 0 0 0 0
<900446> <hasFamilyHistory> <Mother_Esophagogastric> 0 0 0 0
<906942> <hasFamilyHistory> <Father_Colorrectal> 0 0 0 0
<906999> <hasFamilyHistory> <Mother_Liver> 0 0 0 0
<907060> <hasFamilyHistory> <Father_Head_and_neck> 0 0 0 0
<908574> <hasFamilyHistory> <Aunt_Breast> 0 0 0 0
<908785> <hasFamilyHistory> <Brother_Colorrectal> 0 0 0 0
<911554> <hasFamilyHistory> <Brother_Colorrectal> 0 0 0 0
<911694> <hasFamilyHistory> <Aunt_Breast> 0 0 0 0
<911695> <hasFamilyHistory> <Uncle_Melanoma> 0 0 0 0
<911816> <hasFamilyHistory> <Sister_Esophagogastric> 0 0 0 0
<916423> <hasFamilyHistory> <Father_Esophagogastric> 0 0 0 0
<9408670> <hasFamilyHistory> <Brother_Leukemia> 0 0 0 0
<9409315> <hasFamilyHistory> <Father_Lung> 0 0 0 0
<9410282> <hasFamilyHistory> <Father_Colorrectal> 0 0 0 0
<9416371> <hasFamilyHistory> <Brother_Lung> 0 0 0 0
<9703783> <hasFamilyHistory> <Brother_Lung> 0 0 0 0
<9704099> <hasFamilyHistory> <Sister_Other> 0 0 0 0
<9704797> <hasFamilyHistory> <Sister_Breast> 0 0 0 0
<9705165> <hasFamilyHistory> <Sister_Other> 0 0 0 0
<9714048> <hasFamilyHistory> <Sister_Breast> 0 0 0 0
<9805652> <hasFamilyHistory> <Uncle_Esophagogastric> 0 0 0 0
<9912044> <hasFamilyHistory> <Father_Lung> 0 0 0 0
<9913134> <hasFamilyHistory> <Brother_Other> 0 0 0 0
<9916413> <hasFamilyHistory> <Father_Bladder/urinary_tract> 0 0 0 0
<9909443> <hasFamilyHistory> <Sister_Lung> 0 0 0 0
<1509348> <hasFamilyHistory> <Mother_Colorrectal> 0 0 0 0
<2406875> <hasFamilyHistory> <Sister_Uterus/cervical> 0 0 0 0
<9408661> <hasFamilyHistory> <Uncle_Colorrectal> 0 0 0 0
<2507300> <hasFamilyHistory> <Brother_Head_and_neck> 0 0 0 0
<514290> <hasFamilyHistory> <Brother_Head_and_neck> 0 0 0 0
<1006649> <hasFamilyHistory> <Grandfather_Liver> 0 0 0 0
<101707> <hasFamilyHistory> <Brother_Unknown_origin_carcinoma> 0 0 0 0
<102366> <hasFamilyHistory> <Uncle_Head_and_neck> 0 0 0 0
<1006659> <hasFamilyHistory> <Mother_Pancreatic> 0 0 0 0
<101717> <hasFamilyHistory> <Mother_Pancreatic> 0 0 0 0
<107959> <hasFamilyHistory> <Mother_Pancreatic> 0 0 0 0
<10607134> <hasFamilyHistory> <Father_Liver> 0 0 0 0
<1314289> <hasFamilyHistory> <Mother_Pancreatic> 0 0 0 0
<1512988> <hasFamilyHistory> <Mother_Pancreatic> 0 0 0 0
<17707542> <hasFamilyHistory> <Mother_Pancreatic> 0 0 0 0
<2300082> <hasFamilyHistory> <Mother_Head_and_neck> 0 0 0 0
<4608615> <hasFamilyHistory> <Mother_Pancreatic> 0 0 0 0
<501274> <hasFamilyHistory> <Sister_Renal> 0 0 0 0
<5106370> <hasFamilyHistory> <Aunt_Esophagogastric> 0 0 0 0
<513237> <hasFamilyHistory> <Brother_Unknown_origin_carcinoma> 0 0 0 0
<5312315> <hasFamilyHistory> <Uncle_Head_and_neck> 0 0 0 0
<5316376> <hasFamilyHistory> <Brother_Head_and_neck> 0 0 0 0
