<100495> <hasBiopsy> <Biopsy> 1 1 1 1
<1009256> <hasBiopsy> <Biopsy> 1 1 1 1
<102082> <hasBiopsy> <Biopsy> 1 1 1 1
<102365> <hasBiopsy> <Biopsy> 1 1 1 1
<102896> <hasBiopsy> <Biopsy> 1 1 1 1
<103899> <hasBiopsy> <Biopsy> 1 1 1 1
<104296> <hasBiopsy> <Biopsy> 1 1 1 1
<10602094> <hasBiopsy> <Biopsy> 1 1 1 1
<10604593> <hasBiopsy> <Biopsy> 1 1 1 1
<10607059> <hasBiopsy> <Biopsy> 1 1 1 1
<10610700> <hasBiopsy> <Biopsy> 1 1 1 1
<10611834> <hasBiopsy> <Biopsy> 0 0 0 0
<10612162> <hasBiopsy> <Biopsy> 0 0 0 0
<10612183> <hasBiopsy> <Biopsy> 1 1 1 1
<10615281> <hasBiopsy> <Biopsy> 1 1 1 1
<107645> <hasBiopsy> <Biopsy> 1 1 1 1
<107793> <hasBiopsy> <Biopsy> 1 1 1 1
<107985> <hasBiopsy> <Biopsy> 1 1 1 1
<10803368> <hasBiopsy> <Biopsy> 1 1 1 1
<108123> <hasBiopsy> <Biopsy> 1 1 1 1
<109384> <hasBiopsy> <Biopsy> 1 1 1 1
<109551> <hasBiopsy> <Biopsy> 1 1 1 1
<109762> <hasBiopsy> <Biopsy> 1 1 1 1
<109876> <hasBiopsy> <Biopsy> 1 1 1 1
<110249> <hasBiopsy> <Biopsy> 1 1 1 1
<1006642> <hasBiopsy> <Biopsy> 1 1 1 1
<102718> <hasBiopsy> <Biopsy> 1 1 1 1
<103630> <hasBiopsy> <Biopsy> 1 1 1 1
<10612209> <hasBiopsy> <Biopsy> 1 1 1 1
<111477> <hasBiopsy> <Biopsy> 1 1 1 1
<111891> <hasBiopsy> <Biopsy> 1 1 1 1
<112176> <hasBiopsy> <Biopsy> 1 1 1 1
<112246> <hasBiopsy> <Biopsy> 1 1 1 1
<112835> <hasBiopsy> <Biopsy> 1 1 1 1
<112907> <hasBiopsy> <Biopsy> 1 1 1 1
<11311899> <hasBiopsy> <Biopsy> 1 1 1 1
<11312256> <hasBiopsy> <Biopsy> 1 1 1 1
<11312310> <hasBiopsy> <Biopsy> 1 1 1 1
<11312639> <hasBiopsy> <Biopsy> 1 1 1 1
<11405657> <hasBiopsy> <Biopsy> 1 1 1 1
<11405900> <hasBiopsy> <Biopsy> 1 1 1 1
<1200949> <hasBiopsy> <Biopsy> 1 1 1 1
<1213165> <hasBiopsy> <Biopsy> 1 1 1 1
<1214941> <hasBiopsy> <Biopsy> 0 0 0 0
<12914393> <hasBiopsy> <Biopsy> 1 1 1 1
<12914473> <hasBiopsy> <Biopsy> 1 1 1 1
<12914768> <hasBiopsy> <Biopsy> 0 0 0 0
<1300640> <hasBiopsy> <Biopsy> 1 1 1 1
<1301639> <hasBiopsy> <Biopsy> 1 1 1 1
<1301955> <hasBiopsy> <Biopsy> 1 1 1 1
<1302232> <hasBiopsy> <Biopsy> 1 1 1 1
<1302520> <hasBiopsy> <Biopsy> 1 1 1 1
<1303454> <hasBiopsy> <Biopsy> 0 0 0 0
<1303485> <hasBiopsy> <Biopsy> 1 1 1 1
<1304712> <hasBiopsy> <Biopsy> 1 1 1 1
<1305072> <hasBiopsy> <Biopsy> 1 1 1 1
<1305472> <hasBiopsy> <Biopsy> 1 1 1 1
<1305492> <hasBiopsy> <Biopsy> 1 1 1 1
<1306132> <hasBiopsy> <Biopsy> 1 1 1 1
<1306305> <hasBiopsy> <Biopsy> 1 1 1 1
<1306376> <hasBiopsy> <Biopsy> 1 1 1 1
<1306621> <hasBiopsy> <Biopsy> 0 0 0 0
<1306714> <hasBiopsy> <Biopsy> 1 1 1 1
<1308171> <hasBiopsy> <Biopsy> 1 1 1 1
<1309485> <hasBiopsy> <Biopsy> 1 1 1 1
<1309917> <hasBiopsy> <Biopsy> 1 1 1 1
<1310041> <hasBiopsy> <Biopsy> 0 0 0 0
<1310090> <hasBiopsy> <Biopsy> 1 1 1 1
<1310450> <hasBiopsy> <Biopsy> 0 0 0 0
<1310590> <hasBiopsy> <Biopsy> 1 1 1 1
<1311013> <hasBiopsy> <Biopsy> 1 1 1 1
<1314552> <hasBiopsy> <Biopsy> 1 1 1 1
<1314559> <hasBiopsy> <Biopsy> 1 1 1 1
<1314582> <hasBiopsy> <Biopsy> 1 1 1 1
<1314718> <hasBiopsy> <Biopsy> 1 1 1 1
<1314727> <hasBiopsy> <Biopsy> 1 1 1 1
<1314744> <hasBiopsy> <Biopsy> 1 1 1 1
<1314750> <hasBiopsy> <Biopsy> 1 1 1 1
<1314752> <hasBiopsy> <Biopsy> 1 1 1 1
<1314756> <hasBiopsy> <Biopsy> 1 1 1 1
<1314779> <hasBiopsy> <Biopsy> 1 1 1 1
<1314823> <hasBiopsy> <Biopsy> 1 1 1 1
<1314830> <hasBiopsy> <Biopsy> 1 1 1 1
<1314845> <hasBiopsy> <Biopsy> 1 1 1 1
<1315105> <hasBiopsy> <Biopsy> 1 1 1 1
<1315108> <hasBiopsy> <Biopsy> 1 1 1 1
<1315117> <hasBiopsy> <Biopsy> 1 1 1 1
<1315168> <hasBiopsy> <Biopsy> 0 0 0 0
<1315292> <hasBiopsy> <Biopsy> 0 0 0 0
<1315388> <hasBiopsy> <Biopsy> 1 1 1 1
<1315393> <hasBiopsy> <Biopsy> 1 1 1 1
<1315448> <hasBiopsy> <Biopsy> 1 1 1 1
<1315677> <hasBiopsy> <Biopsy> 1 1 1 1
<1315800> <hasBiopsy> <Biopsy> 1 1 1 1
<1316047> <hasBiopsy> <Biopsy> 1 1 1 1
<1500605> <hasBiopsy> <Biopsy> 1 1 1 1
<1500966> <hasBiopsy> <Biopsy> 1 1 1 1
<1501005> <hasBiopsy> <Biopsy> 1 1 1 1
<1503662> <hasBiopsy> <Biopsy> 1 1 1 1
<1504166> <hasBiopsy> <Biopsy> 1 1 1 1
<1505084> <hasBiopsy> <Biopsy> 0 0 0 0
<1505392> <hasBiopsy> <Biopsy> 1 1 1 1
<1506065> <hasBiopsy> <Biopsy> 1 1 1 1
<1507573> <hasBiopsy> <Biopsy> 1 1 1 1
<1508907> <hasBiopsy> <Biopsy> 1 1 1 1
<1509330> <hasBiopsy> <Biopsy> 0 0 0 0
<1509345> <hasBiopsy> <Biopsy> 1 1 1 1
<1509414> <hasBiopsy> <Biopsy> 1 1 1 1
<1509453> <hasBiopsy> <Biopsy> 1 1 1 1
<1509480> <hasBiopsy> <Biopsy> 1 1 1 1
<1509744> <hasBiopsy> <Biopsy> 1 1 1 1
<1510108> <hasBiopsy> <Biopsy> 0 0 0 0
<1510278> <hasBiopsy> <Biopsy> 1 1 1 1
<1511156> <hasBiopsy> <Biopsy> 1 1 1 1
<1512705> <hasBiopsy> <Biopsy> 1 1 1 1
<1513065> <hasBiopsy> <Biopsy> 0 0 0 0
<1513591> <hasBiopsy> <Biopsy> 1 1 1 1
<1513999> <hasBiopsy> <Biopsy> 1 1 1 1
<1515335> <hasBiopsy> <Biopsy> 1 1 1 1
<1516162> <hasBiopsy> <Biopsy> 1 1 1 1
<1516649> <hasBiopsy> <Biopsy> 1 1 1 1
<15700214> <hasBiopsy> <Biopsy> 1 1 1 1
<15700987> <hasBiopsy> <Biopsy> 1 1 1 1
<15700988> <hasBiopsy> <Biopsy> 1 1 1 1
<15704687> <hasBiopsy> <Biopsy> 1 1 1 1
<18015740> <hasBiopsy> <Biopsy> 1 1 1 1
<202075> <hasBiopsy> <Biopsy> 1 1 1 1
<202666> <hasBiopsy> <Biopsy> 1 1 1 1
<1213927> <hasBiopsy> <Biopsy> 1 1 1 1
<1214692> <hasBiopsy> <Biopsy> 1 1 1 1
<12914511> <hasBiopsy> <Biopsy> 1 1 1 1
<12915112> <hasBiopsy> <Biopsy> 1 1 1 1
<1304673> <hasBiopsy> <Biopsy> 1 1 1 1
<1305497> <hasBiopsy> <Biopsy> 1 1 1 1
<1306799> <hasBiopsy> <Biopsy> 1 1 1 1
<1310280> <hasBiopsy> <Biopsy> 1 1 1 1
<1315434> <hasBiopsy> <Biopsy> 1 1 1 1
<1315503> <hasBiopsy> <Biopsy> 1 1 1 1
<1315804> <hasBiopsy> <Biopsy> 1 1 1 1
<14704408> <hasBiopsy> <Biopsy> 1 1 1 1
<1503658> <hasBiopsy> <Biopsy> 1 1 1 1
<1509555> <hasBiopsy> <Biopsy> 1 1 1 1
<1515204> <hasBiopsy> <Biopsy> 1 1 1 1
<1516740> <hasBiopsy> <Biopsy> 1 1 1 1
<204415> <hasBiopsy> <Biopsy> 1 1 1 1
<206563> <hasBiopsy> <Biopsy> 1 1 1 1
<206691> <hasBiopsy> <Biopsy> 1 1 1 1
<2100726> <hasBiopsy> <Biopsy> 1 1 1 1
<2100734> <hasBiopsy> <Biopsy> 1 1 1 1
<2100951> <hasBiopsy> <Biopsy> 1 1 1 1
<2101457> <hasBiopsy> <Biopsy> 1 1 1 1
<2102188> <hasBiopsy> <Biopsy> 1 1 1 1
<2102290> <hasBiopsy> <Biopsy> 1 1 1 1
<2103584> <hasBiopsy> <Biopsy> 0 0 0 0
<2105324> <hasBiopsy> <Biopsy> 1 1 1 1
<2114403> <hasBiopsy> <Biopsy> 1 1 1 1
<2115592> <hasBiopsy> <Biopsy> 1 1 1 1
<2115607> <hasBiopsy> <Biopsy> 1 1 1 1
<2115609> <hasBiopsy> <Biopsy> 1 1 1 1
<2115662> <hasBiopsy> <Biopsy> 1 1 1 1
<2300036> <hasBiopsy> <Biopsy> 1 1 1 1
<2300044> <hasBiopsy> <Biopsy> 1 1 1 1
<2300063> <hasBiopsy> <Biopsy> 1 1 1 1
<2300369> <hasBiopsy> <Biopsy> 1 1 1 1
<2300427> <hasBiopsy> <Biopsy> 1 1 1 1
<2300610> <hasBiopsy> <Biopsy> 1 1 1 1
<2302749> <hasBiopsy> <Biopsy> 1 1 1 1
<2303153> <hasBiopsy> <Biopsy> 1 1 1 1
<2304399> <hasBiopsy> <Biopsy> 1 1 1 1
<2304491> <hasBiopsy> <Biopsy> 1 1 1 1
<2304860> <hasBiopsy> <Biopsy> 1 1 1 1
<2305753> <hasBiopsy> <Biopsy> 1 1 1 1
<2307241> <hasBiopsy> <Biopsy> 1 1 1 1
<2309226> <hasBiopsy> <Biopsy> 1 1 1 1
<2311652> <hasBiopsy> <Biopsy> 1 1 1 1
<2312286> <hasBiopsy> <Biopsy> 1 1 1 1
<2312544> <hasBiopsy> <Biopsy> 1 1 1 1
<2405633> <hasBiopsy> <Biopsy> 0 0 0 0
<2406827> <hasBiopsy> <Biopsy> 0 0 0 0
<2715042> <hasBiopsy> <Biopsy> 1 1 1 1
<2801875> <hasBiopsy> <Biopsy> 1 1 1 1
<2803740> <hasBiopsy> <Biopsy> 1 1 1 1
<2805432> <hasBiopsy> <Biopsy> 1 1 1 1
<2805433> <hasBiopsy> <Biopsy> 1 1 1 1
<2806038> <hasBiopsy> <Biopsy> 1 1 1 1
<2807162> <hasBiopsy> <Biopsy> 1 1 1 1
<2807330> <hasBiopsy> <Biopsy> 1 1 1 1
<2810001> <hasBiopsy> <Biopsy> 1 1 1 1
<2810360> <hasBiopsy> <Biopsy> 1 1 1 1
<2810885> <hasBiopsy> <Biopsy> 1 1 1 1
<2811001> <hasBiopsy> <Biopsy> 1 1 1 1
<2811571> <hasBiopsy> <Biopsy> 1 1 1 1
<2812028> <hasBiopsy> <Biopsy> 1 1 1 1
<2812588> <hasBiopsy> <Biopsy> 1 1 1 1
<2814327> <hasBiopsy> <Biopsy> 1 1 1 1
<2815311> <hasBiopsy> <Biopsy> 1 1 1 1
<2815893> <hasBiopsy> <Biopsy> 1 1 1 1
<2815927> <hasBiopsy> <Biopsy> 1 1 1 1
<2816467> <hasBiopsy> <Biopsy> 1 1 1 1
<2816554> <hasBiopsy> <Biopsy> 1 1 1 1
<2816639> <hasBiopsy> <Biopsy> 1 1 1 1
<2816809> <hasBiopsy> <Biopsy> 1 1 1 1
<2817183> <hasBiopsy> <Biopsy> 1 1 1 1
<2817220> <hasBiopsy> <Biopsy> 1 1 1 1
<2817250> <hasBiopsy> <Biopsy> 1 1 1 1
<2903116> <hasBiopsy> <Biopsy> 1 1 1 1
<2903723> <hasBiopsy> <Biopsy> 1 1 1 1
<2906429> <hasBiopsy> <Biopsy> 1 1 1 1
<2908942> <hasBiopsy> <Biopsy> 1 1 1 1
<2911373> <hasBiopsy> <Biopsy> 1 1 1 1
<2917301> <hasBiopsy> <Biopsy> 1 1 1 1
<2917344> <hasBiopsy> <Biopsy> 1 1 1 1
<300348> <hasBiopsy> <Biopsy> 1 1 1 1
<3004424> <hasBiopsy> <Biopsy> 1 1 1 1
<3005665> <hasBiopsy> <Biopsy> 0 0 0 0
<3007445> <hasBiopsy> <Biopsy> 1 1 1 1
<3012900> <hasBiopsy> <Biopsy> 0 0 0 0
<301375> <hasBiopsy> <Biopsy> 1 1 1 1
<301376> <hasBiopsy> <Biopsy> 1 1 1 1
<302040> <hasBiopsy> <Biopsy> 0 0 0 0
<303327> <hasBiopsy> <Biopsy> 1 1 1 1
<303678> <hasBiopsy> <Biopsy> 1 1 1 1
<303696> <hasBiopsy> <Biopsy> 1 1 1 1
<304518> <hasBiopsy> <Biopsy> 1 1 1 1
<304749> <hasBiopsy> <Biopsy> 1 1 1 1
<305333> <hasBiopsy> <Biopsy> 1 1 1 1
<306455> <hasBiopsy> <Biopsy> 1 1 1 1
<307506> <hasBiopsy> <Biopsy> 0 0 0 0
<307592> <hasBiopsy> <Biopsy> 1 1 1 1
<309892> <hasBiopsy> <Biopsy> 1 1 1 1
<310416> <hasBiopsy> <Biopsy> 1 1 1 1
<310418> <hasBiopsy> <Biopsy> 1 1 1 1
<310423> <hasBiopsy> <Biopsy> 1 1 1 1
<311527> <hasBiopsy> <Biopsy> 1 1 1 1
<311837> <hasBiopsy> <Biopsy> 1 1 1 1
<316445> <hasBiopsy> <Biopsy> 1 1 1 1
<317438> <hasBiopsy> <Biopsy> 0 0 0 0
<3304951> <hasBiopsy> <Biopsy> 1 1 1 1
<3308089> <hasBiopsy> <Biopsy> 1 1 1 1
<3404266> <hasBiopsy> <Biopsy> 0 0 0 0
<2300014> <hasBiopsy> <Biopsy> 1 1 1 1
<2409546> <hasBiopsy> <Biopsy> 1 1 1 1
<2810449> <hasBiopsy> <Biopsy> 1 1 1 1
<2811736> <hasBiopsy> <Biopsy> 1 1 1 1
<307147> <hasBiopsy> <Biopsy> 1 1 1 1
<3404438> <hasBiopsy> <Biopsy> 0 0 0 0
<3404466> <hasBiopsy> <Biopsy> 0 0 0 0
<3404493> <hasBiopsy> <Biopsy> 0 0 0 0
<3404571> <hasBiopsy> <Biopsy> 1 1 1 1
<3404809> <hasBiopsy> <Biopsy> 1 1 1 1
<3405002> <hasBiopsy> <Biopsy> 0 0 0 0
<3405217> <hasBiopsy> <Biopsy> 1 1 1 1
<3406735> <hasBiopsy> <Biopsy> 1 1 1 1
<3407987> <hasBiopsy> <Biopsy> 1 1 1 1
<3407989> <hasBiopsy> <Biopsy> 1 1 1 1
<3408805> <hasBiopsy> <Biopsy> 1 1 1 1
<3410397> <hasBiopsy> <Biopsy> 1 1 1 1
<3411393> <hasBiopsy> <Biopsy> 1 1 1 1
<3508873> <hasBiopsy> <Biopsy> 1 1 1 1
<3510765> <hasBiopsy> <Biopsy> 1 1 1 1
<3510955> <hasBiopsy> <Biopsy> 1 1 1 1
<3705645> <hasBiopsy> <Biopsy> 1 1 1 1
<3712042> <hasBiopsy> <Biopsy> 1 1 1 1
<3801480> <hasBiopsy> <Biopsy> 1 1 1 1
<3802323> <hasBiopsy> <Biopsy> 1 1 1 1
<409169> <hasBiopsy> <Biopsy> 1 1 1 1
<409281> <hasBiopsy> <Biopsy> 0 0 0 0
<409363> <hasBiopsy> <Biopsy> 1 1 1 1
<409455> <hasBiopsy> <Biopsy> 1 1 1 1
<409522> <hasBiopsy> <Biopsy> 1 1 1 1
<409607> <hasBiopsy> <Biopsy> 1 1 1 1
<409684> <hasBiopsy> <Biopsy> 1 1 1 1
<409866> <hasBiopsy> <Biopsy> 1 1 1 1
<409948> <hasBiopsy> <Biopsy> 1 1 1 1
<410208> <hasBiopsy> <Biopsy> 1 1 1 1
<410227> <hasBiopsy> <Biopsy> 1 1 1 1
<410241> <hasBiopsy> <Biopsy> 1 1 1 1
<410260> <hasBiopsy> <Biopsy> 1 1 1 1
<410379> <hasBiopsy> <Biopsy> 1 1 1 1
<411549> <hasBiopsy> <Biopsy> 1 1 1 1
<411871> <hasBiopsy> <Biopsy> 1 1 1 1
<411873> <hasBiopsy> <Biopsy> 1 1 1 1
<412094> <hasBiopsy> <Biopsy> 1 1 1 1
<412731> <hasBiopsy> <Biopsy> 1 1 1 1
<412994> <hasBiopsy> <Biopsy> 1 1 1 1
<412996> <hasBiopsy> <Biopsy> 1 1 1 1
<413004> <hasBiopsy> <Biopsy> 1 1 1 1
<413286> <hasBiopsy> <Biopsy> 1 1 1 1
<413476> <hasBiopsy> <Biopsy> 1 1 1 1
<415197> <hasBiopsy> <Biopsy> 1 1 1 1
<415728> <hasBiopsy> <Biopsy> 1 1 1 1
<415770> <hasBiopsy> <Biopsy> 1 1 1 1
<415777> <hasBiopsy> <Biopsy> 1 1 1 1
<416035> <hasBiopsy> <Biopsy> 1 1 1 1
<416505> <hasBiopsy> <Biopsy> 1 1 1 1
<416539> <hasBiopsy> <Biopsy> 1 1 1 1
<416777> <hasBiopsy> <Biopsy> 1 1 1 1
<416851> <hasBiopsy> <Biopsy> 1 1 1 1
<417030> <hasBiopsy> <Biopsy> 1 1 1 1
<417142> <hasBiopsy> <Biopsy> 1 1 1 1
<417174> <hasBiopsy> <Biopsy> 1 1 1 1
<417200> <hasBiopsy> <Biopsy> 1 1 1 1
<417300> <hasBiopsy> <Biopsy> 1 1 1 1
<417416> <hasBiopsy> <Biopsy> 1 1 1 1
<417425> <hasBiopsy> <Biopsy> 1 1 1 1
<417557> <hasBiopsy> <Biopsy> 1 1 1 1
<4313447> <hasBiopsy> <Biopsy> 1 1 1 1
<4600142> <hasBiopsy> <Biopsy> 1 1 1 1
<4601105> <hasBiopsy> <Biopsy> 1 1 1 1
<4609972> <hasBiopsy> <Biopsy> 0 0 0 0
<4613405> <hasBiopsy> <Biopsy> 1 1 1 1
<4614859> <hasBiopsy> <Biopsy> 1 1 1 1
<4616285> <hasBiopsy> <Biopsy> 1 1 1 1
<4910511> <hasBiopsy> <Biopsy> 1 1 1 1
<4910588> <hasBiopsy> <Biopsy> 1 1 1 1
<4910750> <hasBiopsy> <Biopsy> 1 1 1 1
<4910775> <hasBiopsy> <Biopsy> 1 1 1 1
<4910786> <hasBiopsy> <Biopsy> 1 1 1 1
<4910829> <hasBiopsy> <Biopsy> 1 1 1 1
<4910877> <hasBiopsy> <Biopsy> 1 1 1 1
<4910924> <hasBiopsy> <Biopsy> 1 1 1 1
<4911043> <hasBiopsy> <Biopsy> 1 1 1 1
<501221> <hasBiopsy> <Biopsy> 1 1 1 1
<501250> <hasBiopsy> <Biopsy> 1 1 1 1
<501282> <hasBiopsy> <Biopsy> 1 1 1 1
<501299> <hasBiopsy> <Biopsy> 1 1 1 1
<501300> <hasBiopsy> <Biopsy> 1 1 1 1
<501319> <hasBiopsy> <Biopsy> 1 1 1 1
<502995> <hasBiopsy> <Biopsy> 1 1 1 1
<503086> <hasBiopsy> <Biopsy> 1 1 1 1
<503204> <hasBiopsy> <Biopsy> 1 1 1 1
<503353> <hasBiopsy> <Biopsy> 1 1 1 1
<507447> <hasBiopsy> <Biopsy> 1 1 1 1
<507448> <hasBiopsy> <Biopsy> 1 1 1 1
<507473> <hasBiopsy> <Biopsy> 1 1 1 1
<507529> <hasBiopsy> <Biopsy> 1 1 1 1
<507534> <hasBiopsy> <Biopsy> 1 1 1 1
<507811> <hasBiopsy> <Biopsy> 1 1 1 1
<507880> <hasBiopsy> <Biopsy> 1 1 1 1
<507885> <hasBiopsy> <Biopsy> 1 1 1 1
<507896> <hasBiopsy> <Biopsy> 1 1 1 1
<508055> <hasBiopsy> <Biopsy> 1 1 1 1
<3410526> <hasBiopsy> <Biopsy> 1 1 1 1
<3602434> <hasBiopsy> <Biopsy> 1 1 1 1
<3801515> <hasBiopsy> <Biopsy> 1 1 1 1
<409418> <hasBiopsy> <Biopsy> 0 0 0 0
<417092> <hasBiopsy> <Biopsy> 1 1 1 1
<4313328> <hasBiopsy> <Biopsy> 0 0 0 0
<4910646> <hasBiopsy> <Biopsy> 1 1 1 1
<507792> <hasBiopsy> <Biopsy> 1 1 1 1
<508309> <hasBiopsy> <Biopsy> 1 1 1 1
<508391> <hasBiopsy> <Biopsy> 1 1 1 1
<508467> <hasBiopsy> <Biopsy> 1 1 1 1
<508483> <hasBiopsy> <Biopsy> 1 1 1 1
<508567> <hasBiopsy> <Biopsy> 1 1 1 1
<509144> <hasBiopsy> <Biopsy> 1 1 1 1
<5103098> <hasBiopsy> <Biopsy> 0 0 0 0
<5103225> <hasBiopsy> <Biopsy> 0 0 0 0
<5103666> <hasBiopsy> <Biopsy> 0 0 0 0
<5104171> <hasBiopsy> <Biopsy> 1 1 1 1
<5104294> <hasBiopsy> <Biopsy> 1 1 1 1
<5104484> <hasBiopsy> <Biopsy> 1 1 1 1
<5106449> <hasBiopsy> <Biopsy> 1 1 1 1
<5107354> <hasBiopsy> <Biopsy> 1 1 1 1
<5107507> <hasBiopsy> <Biopsy> 1 1 1 1
<5109297> <hasBiopsy> <Biopsy> 1 1 1 1
<5109590> <hasBiopsy> <Biopsy> 1 1 1 1
<5110737> <hasBiopsy> <Biopsy> 0 0 0 0
<5111470> <hasBiopsy> <Biopsy> 1 1 1 1
<5111473> <hasBiopsy> <Biopsy> 1 1 1 1
<5112503> <hasBiopsy> <Biopsy> 1 1 1 1
<5113015> <hasBiopsy> <Biopsy> 1 1 1 1
<5113130> <hasBiopsy> <Biopsy> 0 0 0 0
<5113300> <hasBiopsy> <Biopsy> 1 1 1 1
<5113903> <hasBiopsy> <Biopsy> 1 1 1 1
<5114533> <hasBiopsy> <Biopsy> 0 0 0 0
<5116042> <hasBiopsy> <Biopsy> 1 1 1 1
<5116142> <hasBiopsy> <Biopsy> 1 1 1 1
<5116542> <hasBiopsy> <Biopsy> 1 1 1 1
<512370> <hasBiopsy> <Biopsy> 1 1 1 1
<512392> <hasBiopsy> <Biopsy> 1 1 1 1
<512423> <hasBiopsy> <Biopsy> 1 1 1 1
<512430> <hasBiopsy> <Biopsy> 1 1 1 1
<512511> <hasBiopsy> <Biopsy> 1 1 1 1
<512606> <hasBiopsy> <Biopsy> 0 0 0 0
<512626> <hasBiopsy> <Biopsy> 1 1 1 1
<512771> <hasBiopsy> <Biopsy> 1 1 1 1
<512806> <hasBiopsy> <Biopsy> 1 1 1 1
<513042> <hasBiopsy> <Biopsy> 1 1 1 1
<513157> <hasBiopsy> <Biopsy> 1 1 1 1
<513197> <hasBiopsy> <Biopsy> 1 1 1 1
<513519> <hasBiopsy> <Biopsy> 1 1 1 1
<513544> <hasBiopsy> <Biopsy> 1 1 1 1
<513660> <hasBiopsy> <Biopsy> 1 1 1 1
<513689> <hasBiopsy> <Biopsy> 1 1 1 1
<513734> <hasBiopsy> <Biopsy> 1 1 1 1
<513792> <hasBiopsy> <Biopsy> 1 1 1 1
<513838> <hasBiopsy> <Biopsy> 1 1 1 1
<513901> <hasBiopsy> <Biopsy> 1 1 1 1
<514054> <hasBiopsy> <Biopsy> 1 1 1 1
<514126> <hasBiopsy> <Biopsy> 1 1 1 1
<516245> <hasBiopsy> <Biopsy> 1 1 1 1
<516253> <hasBiopsy> <Biopsy> 1 1 1 1
<516277> <hasBiopsy> <Biopsy> 0 0 0 0
<516367> <hasBiopsy> <Biopsy> 1 1 1 1
<5304174> <hasBiopsy> <Biopsy> 1 1 1 1
<5312984> <hasBiopsy> <Biopsy> 0 0 0 0
<5312992> <hasBiopsy> <Biopsy> 1 1 1 1
<5313340> <hasBiopsy> <Biopsy> 1 1 1 1
<5313465> <hasBiopsy> <Biopsy> 1 1 1 1
<5314027> <hasBiopsy> <Biopsy> 0 0 0 0
<5314424> <hasBiopsy> <Biopsy> 1 1 1 1
<5314425> <hasBiopsy> <Biopsy> 1 1 1 1
<5314771> <hasBiopsy> <Biopsy> 1 1 1 1
<5314812> <hasBiopsy> <Biopsy> 1 1 1 1
<5314831> <hasBiopsy> <Biopsy> 1 1 1 1
<5315018> <hasBiopsy> <Biopsy> 1 1 1 1
<5315093> <hasBiopsy> <Biopsy> 1 1 1 1
<5315208> <hasBiopsy> <Biopsy> 1 1 1 1
<5315425> <hasBiopsy> <Biopsy> 1 1 1 1
<5315774> <hasBiopsy> <Biopsy> 1 1 1 1
<5316081> <hasBiopsy> <Biopsy> 1 1 1 1
<5316161> <hasBiopsy> <Biopsy> 1 1 1 1
<5316186> <hasBiopsy> <Biopsy> 1 1 1 1
<5316218> <hasBiopsy> <Biopsy> 1 1 1 1
<5316260> <hasBiopsy> <Biopsy> 1 1 1 1
<5316388> <hasBiopsy> <Biopsy> 1 1 1 1
<5316538> <hasBiopsy> <Biopsy> 1 1 1 1
<5316636> <hasBiopsy> <Biopsy> 1 1 1 1
<5316883> <hasBiopsy> <Biopsy> 1 1 1 1
<5317336> <hasBiopsy> <Biopsy> 1 1 1 1
<5317507> <hasBiopsy> <Biopsy> 1 1 1 1
<5504653> <hasBiopsy> <Biopsy> 1 1 1 1
<5505273> <hasBiopsy> <Biopsy> 1 1 1 1
<5509419> <hasBiopsy> <Biopsy> 1 1 1 1
<6300140> <hasBiopsy> <Biopsy> 1 1 1 1
<6302612> <hasBiopsy> <Biopsy> 1 1 1 1
<5102965> <hasBiopsy> <Biopsy> 1 1 1 1
<5103146> <hasBiopsy> <Biopsy> 0 0 0 0
<5107705> <hasBiopsy> <Biopsy> 1 1 1 1
<5110537> <hasBiopsy> <Biopsy> 1 1 1 1
<5111726> <hasBiopsy> <Biopsy> 0 0 0 0
<5112804> <hasBiopsy> <Biopsy> 1 1 1 1
<5113725> <hasBiopsy> <Biopsy> 1 1 1 1
<5115708> <hasBiopsy> <Biopsy> 1 1 1 1
<512713> <hasBiopsy> <Biopsy> 1 1 1 1
<513639> <hasBiopsy> <Biopsy> 0 0 0 0
<513699> <hasBiopsy> <Biopsy> 1 1 1 1
<513870> <hasBiopsy> <Biopsy> 1 1 1 1
<514254> <hasBiopsy> <Biopsy> 1 1 1 1
<514278> <hasBiopsy> <Biopsy> 1 1 1 1
<516317> <hasBiopsy> <Biopsy> 1 1 1 1
<516359> <hasBiopsy> <Biopsy> 1 1 1 1
<5315847> <hasBiopsy> <Biopsy> 1 1 1 1
<5315858> <hasBiopsy> <Biopsy> 1 1 1 1
<5512684> <hasBiopsy> <Biopsy> 1 1 1 1
<6312681> <hasBiopsy> <Biopsy> 0 0 0 0
<6312717> <hasBiopsy> <Biopsy> 0 0 0 0
<6312821> <hasBiopsy> <Biopsy> 1 1 1 1
<6313429> <hasBiopsy> <Biopsy> 1 1 1 1
<6315972> <hasBiopsy> <Biopsy> 1 1 1 1
<6315980> <hasBiopsy> <Biopsy> 1 1 1 1
<6317225> <hasBiopsy> <Biopsy> 0 0 0 0
<6400376> <hasBiopsy> <Biopsy> 0 0 0 0
<6605839> <hasBiopsy> <Biopsy> 1 1 1 1
<704604> <hasBiopsy> <Biopsy> 1 1 1 1
<705934> <hasBiopsy> <Biopsy> 1 1 1 1
<707306> <hasBiopsy> <Biopsy> 0 0 0 0
<710428> <hasBiopsy> <Biopsy> 1 1 1 1
<7105685> <hasBiopsy> <Biopsy> 1 1 1 1
<7215139> <hasBiopsy> <Biopsy> 1 1 1 1
<7216025> <hasBiopsy> <Biopsy> 1 1 1 1
<7406109> <hasBiopsy> <Biopsy> 1 1 1 1
<7407002> <hasBiopsy> <Biopsy> 0 0 0 0
<7409150> <hasBiopsy> <Biopsy> 1 1 1 1
<7717148> <hasBiopsy> <Biopsy> 1 1 1 1
<8310309> <hasBiopsy> <Biopsy> 1 1 1 1
<900829> <hasBiopsy> <Biopsy> 1 1 1 1
<911442> <hasBiopsy> <Biopsy> 1 1 1 1
<916434> <hasBiopsy> <Biopsy> 1 1 1 1
<9413546> <hasBiopsy> <Biopsy> 1 1 1 1
<9414249> <hasBiopsy> <Biopsy> 1 1 1 1
<9415460> <hasBiopsy> <Biopsy> 1 1 1 1
<9704382> <hasBiopsy> <Biopsy> 1 1 1 1
<9705037> <hasBiopsy> <Biopsy> 0 0 0 0
<9705415> <hasBiopsy> <Biopsy> 1 1 1 1
<9708701> <hasBiopsy> <Biopsy> 1 1 1 1
<9710762> <hasBiopsy> <Biopsy> 1 1 1 1
<9711723> <hasBiopsy> <Biopsy> 1 1 1 1
<9712296> <hasBiopsy> <Biopsy> 1 1 1 1
<9909402> <hasBiopsy> <Biopsy> 0 0 0 0
<9910660> <hasBiopsy> <Biopsy> 1 1 1 1
<9913135> <hasBiopsy> <Biopsy> 1 1 1 1
<9914663> <hasBiopsy> <Biopsy> 1 1 1 1
<6311829> <hasBiopsy> <Biopsy> 0 0 0 0
<701806> <hasBiopsy> <Biopsy> 1 1 1 1
<906927> <hasBiopsy> <Biopsy> 1 1 1 1
<1200981> <hasBiopsy> <Biopsy> 1 1 1 1
<1512989> <hasBiopsy> <Biopsy> 1 1 1 1
<2311273> <hasBiopsy> <Biopsy> 1 1 1 1
<2809372> <hasBiopsy> <Biopsy> 1 1 1 1
<312133> <hasBiopsy> <Biopsy> 1 1 1 1
<3805443> <hasBiopsy> <Biopsy> 1 1 1 1
<516194> <hasBiopsy> <Biopsy> 1 1 1 1
<7404167> <hasBiopsy> <Biopsy> 1 1 1 1
<9408661> <hasBiopsy> <Biopsy> 1 1 1 1
