<101726> <hasOccupation> <Others> 0 0 0 0
<101747> <hasOccupation> <Others> 1 1 1 1
<102080> <hasOccupation> <Cleaning_worker> 0 0 0 0
<107730> <hasOccupation> <Others> 0 0 0 0
<107788> <hasOccupation> <Others> 0 0 0 0
<107793> <hasOccupation> <Textile_industry> 0 0 0 0
<108023> <hasOccupation> <Others> 0 0 0 0
<108166> <hasOccupation> <Others> 0 0 0 0
<108178> <hasOccupation> <Others> 0 0 0 0
<108233> <hasOccupation> <Others> 0 0 0 0
<109381> <hasOccupation> <Others> 0 0 0 0
<109474> <hasOccupation> <Others> 0 0 0 0
<109511> <hasOccupation> <Others> 0 0 0 0
<109603> <hasOccupation> <Others> 0 0 0 0
<109742> <hasOccupation> <Others> 0 0 0 0
<109805> <hasOccupation> <Others> 0 0 0 0
<110019> <hasOccupation> <Others> 0 0 0 0
<201643> <hasOccupation> <Textile_industry> 0 0 0 0
<201861> <hasOccupation> <Hairdresser> 0 0 0 0
<201951> <hasOccupation> <Others> 0 0 0 0
<202250> <hasOccupation> <Ceramist> 0 0 0 0
<202345> <hasOccupation> <Ironer> 0 0 0 0
<202577> <hasOccupation> <Others> 0 0 0 0
<202608> <hasOccupation> <Others> 0 0 0 0
<202667> <hasOccupation> <Others> 0 0 0 0
<203199> <hasOccupation> <Painter> 0 0 0 0
<203219> <hasOccupation> <Others> 0 0 0 0
<203475> <hasOccupation> <Others> 0 0 0 0
<203512> <hasOccupation> <Others> 0 0 0 0
<204303> <hasOccupation> <Cleaning_worker> 0 0 0 0
<204333> <hasOccupation> <Others> 0 0 0 0
<204616> <hasOccupation> <Others> 0 0 0 0
<204920> <hasOccupation> <Miner> 0 0 0 0
<205015> <hasOccupation> <Others> 0 0 0 0
<205484> <hasOccupation> <Mechanic> 0 0 0 0
<206001> <hasOccupation> <Others> 0 0 0 0
<206057> <hasOccupation> <Others> 0 0 0 0
<206195> <hasOccupation> <Cabbie> 0 0 0 0
<206684> <hasOccupation> <Others> 0 0 0 0
<207000> <hasOccupation> <Others> 0 0 0 0
<207915> <hasOccupation> <Others> 0 0 0 0
<208578> <hasOccupation> <Others> 0 0 0 0
<208872> <hasOccupation> <Others> 0 0 0 0
<209549> <hasOccupation> <Professional_driver> 0 0 0 0
<210138> <hasOccupation> <Others> 0 0 0 0
<210520> <hasOccupation> <Others> 0 0 0 0
<211226> <hasOccupation> <Others> 0 0 0 0
<211256> <hasOccupation> <Others> 0 0 0 0
<109398> <hasOccupation> <Builder> 0 0 0 0
<111985> <hasOccupation> <Builder> 0 0 0 0
<205078> <hasOccupation> <Builder> 0 0 0 0
<205573> <hasOccupation> <Builder> 0 0 0 0
<206086> <hasOccupation> <Builder> 0 0 0 0
<112838> <hasOccupation> <Hairdresser> 0 0 0 0
<202406> <hasOccupation> <Others> 0 0 0 0
<202607> <hasOccupation> <Others> 0 0 0 0
<203149> <hasOccupation> <Others> 0 0 0 0
<207785> <hasOccupation> <Others> 0 0 0 0
<209205> <hasOccupation> <Others> 0 0 0 0
<211331> <hasOccupation> <Others> 0 0 0 0
<211359> <hasOccupation> <Professional_driver> 0 0 0 0
<211707> <hasOccupation> <Others> 0 0 0 0
<211746> <hasOccupation> <Others> 0 0 0 0
<212054> <hasOccupation> <Railroad_worker> 0 0 0 0
<214538> <hasOccupation> <Others> 0 0 0 0
<215329> <hasOccupation> <Others> 0 0 0 0
<216099> <hasOccupation> <Others> 0 0 0 0
<217233> <hasOccupation> <Others> 1 1 1 1
<300328> <hasOccupation> <Farmworker> 0 0 0 0
<300398> <hasOccupation> <Hairdresser> 0 0 0 0
<300462> <hasOccupation> <Shipbuilder> 0 0 0 0
<300857> <hasOccupation> <Others> 0 0 0 0
<301087> <hasOccupation> <Others> 0 0 0 0
<301191> <hasOccupation> <Others> 0 0 0 0
<301409> <hasOccupation> <Professional_driver> 0 0 0 0
<301442> <hasOccupation> <Others> 1 1 1 1
<302640> <hasOccupation> <Farmworker> 0 0 0 0
<303679> <hasOccupation> <Others> 0 0 0 0
<304987> <hasOccupation> <Farmworker> 0 0 0 0
<307148> <hasOccupation> <Others> 0 0 0 0
<308334> <hasOccupation> <Cabbie> 0 0 0 0
<309895> <hasOccupation> <Others> 1 1 1 1
<310414> <hasOccupation> <Others> 0 0 0 0
<312304> <hasOccupation> <Others> 0 0 0 0
<313073> <hasOccupation> <Cleaning_worker> 0 0 0 0
<316787> <hasOccupation> <Others> 0 0 0 0
<407410> <hasOccupation> <Others> 0 0 0 0
<409206> <hasOccupation> <Painter> 0 0 0 0
<409395> <hasOccupation> <Others> 0 0 0 0
<409448> <hasOccupation> <Others> 0 0 0 0
<409522> <hasOccupation> <Others> 0 0 0 0
<411448> <hasOccupation> <Others> 0 0 0 0
<411496> <hasOccupation> <Others> 0 0 0 0
<416039> <hasOccupation> <Others> 0 0 0 0
<416328> <hasOccupation> <Others> 0 0 0 0
<417024> <hasOccupation> <Others> 0 0 0 0
<417176> <hasOccupation> <Others> 0 0 0 0
<417307> <hasOccupation> <Farmworker> 0 0 0 0
<501246> <hasOccupation> <Others> 0 0 0 0
<501330> <hasOccupation> <Others> 0 0 0 0
<503108> <hasOccupation> <Railroad_worker> 0 0 0 0
<503171> <hasOccupation> <Others> 0 0 0 0
<503765> <hasOccupation> <Others> 0 0 0 0
<503951> <hasOccupation> <Others> 0 0 0 0
<505890> <hasOccupation> <Others> 1 1 1 1
<507264> <hasOccupation> <Others> 0 0 0 0
<508049> <hasOccupation> <Others> 0 0 0 0
<508297> <hasOccupation> <Others> 0 0 0 0
<509300> <hasOccupation> <Others> 0 0 0 0
<509819> <hasOccupation> <Others> 0 0 0 0
<512354> <hasOccupation> <Others> 0 0 0 0
<512555> <hasOccupation> <Others> 0 0 0 0
<513034> <hasOccupation> <Others> 0 0 0 0
<513245> <hasOccupation> <Others> 0 0 0 0
<513526> <hasOccupation> <Others> 0 0 0 0
<513558> <hasOccupation> <Mechanic> 0 0 0 0
<513844> <hasOccupation> <Others> 0 0 0 0
<514086> <hasOccupation> <Others> 0 0 0 0
<514130> <hasOccupation> <Others> 0 0 0 0
<514137> <hasOccupation> <Others> 0 0 0 0
<514138> <hasOccupation> <Others> 0 0 0 0
<514189> <hasOccupation> <Others> 0 0 0 0
<514190> <hasOccupation> <Others> 0 0 0 0
<514262> <hasOccupation> <Others> 0 0 0 0
<514264> <hasOccupation> <Others> 0 0 0 0
<514369> <hasOccupation> <Others> 0 0 0 0
<515749> <hasOccupation> <Professional_driver> 0 0 0 0
<516153> <hasOccupation> <Others> 0 0 0 0
<516169> <hasOccupation> <Others> 0 0 0 0
<516211> <hasOccupation> <Others> 0 0 0 0
<516222> <hasOccupation> <Others> 0 0 0 0
<516257> <hasOccupation> <Others> 0 0 0 0
<516603> <hasOccupation> <Others> 0 0 0 0
<516731> <hasOccupation> <Others> 0 0 0 0
<516754> <hasOccupation> <Others> 0 0 0 0
<701628> <hasOccupation> <Others> 0 0 0 0
<701645> <hasOccupation> <Others> 0 0 0 0
<701732> <hasOccupation> <Others> 0 0 0 0
<701836> <hasOccupation> <Others> 0 0 0 0
<702297> <hasOccupation> <Others> 0 0 0 0
<702748> <hasOccupation> <Others> 0 0 0 0
<704307> <hasOccupation> <Painter> 0 0 0 0
<707419> <hasOccupation> <Cabbie> 0 0 0 0
<707939> <hasOccupation> <Others> 0 0 0 0
<216108> <hasOccupation> <Builder> 0 0 0 0
<306881> <hasOccupation> <Builder> 0 0 0 0
<412010> <hasOccupation> <Builder> 0 0 0 0
<413470> <hasOccupation> <Builder> 0 0 0 0
<503041> <hasOccupation> <Builder> 0 0 0 0
<514221> <hasOccupation> <Builder> 0 0 0 0
<707471> <hasOccupation> <Builder> 0 0 0 0
<217411> <hasOccupation> <Others> 0 0 0 0
<302694> <hasOccupation> <Others> 0 0 0 0
<409418> <hasOccupation> <Others> 0 0 0 0
<417204> <hasOccupation> <Others> 0 0 0 0
<502989> <hasOccupation> <Others> 0 0 0 0
<508013> <hasOccupation> <Farmworker> 0 0 0 0
<512967> <hasOccupation> <Others> 0 0 0 0
<513691> <hasOccupation> <Cleaning_worker> 0 0 0 0
<702868> <hasOccupation> <Others> 0 0 0 0
<710435> <hasOccupation> <Others> 0 0 0 0
<711040> <hasOccupation> <Others> 0 0 0 0
<711609> <hasOccupation> <Others> 0 0 0 0
<906911> <hasOccupation> <Others> 0 0 0 0
<906914> <hasOccupation> <Others> 0 0 0 0
<906915> <hasOccupation> <Others> 0 0 0 0
<911814> <hasOccupation> <Others> 0 0 0 0
<916791> <hasOccupation> <Others> 0 0 0 0
<1200129> <hasOccupation> <Others> 0 0 0 0
<1200842> <hasOccupation> <Others> 0 0 0 0
<1201894> <hasOccupation> <Mechanic> 0 0 0 0
<1202332> <hasOccupation> <Others> 0 0 0 0
<1213357> <hasOccupation> <Others> 0 0 0 0
<1213669> <hasOccupation> <Mechanic> 0 0 0 0
<1215045> <hasOccupation> <Ceramist> 0 0 0 0
<1300470> <hasOccupation> <Cleaning_worker> 0 0 0 0
<1300685> <hasOccupation> <Others> 0 0 0 0
<1300810> <hasOccupation> <Others> 0 0 0 0
<1302024> <hasOccupation> <Others> 0 0 0 0
<1302159> <hasOccupation> <Others> 0 0 0 0
<1302224> <hasOccupation> <Cleaning_worker> 0 0 0 0
<1302245> <hasOccupation> <Others> 0 0 0 0
<1304433> <hasOccupation> <Others> 0 0 0 0
<1305445> <hasOccupation> <Others> 0 0 0 0
<1305495> <hasOccupation> <Cleaning_worker> 0 0 0 0
<1305690> <hasOccupation> <Others> 0 0 0 0
<1305777> <hasOccupation> <Others> 0 0 0 0
<1306807> <hasOccupation> <Others> 0 0 0 0
<1308145> <hasOccupation> <Others> 0 0 0 0
<1308283> <hasOccupation> <Others> 0 0 0 0
<1310196> <hasOccupation> <Others> 0 0 0 0
<1310220> <hasOccupation> <Others> 0 0 0 0
<1310447> <hasOccupation> <Others> 0 0 0 0
<1310900> <hasOccupation> <Others> 0 0 0 0
<1311279> <hasOccupation> <Others> 0 0 0 0
<1312850> <hasOccupation> <Others> 0 0 0 0
<1313450> <hasOccupation> <Others> 0 0 0 0
<1315089> <hasOccupation> <Others> 0 0 0 0
<1315106> <hasOccupation> <Miner> 0 0 0 0
<1315137> <hasOccupation> <Shipbuilder> 0 0 0 0
<1315392> <hasOccupation> <Textile_industry> 0 0 0 0
<1315439> <hasOccupation> <Professional_driver> 0 0 0 0
<1316047> <hasOccupation> <Others> 0 0 0 0
<1500890> <hasOccupation> <Others> 0 0 0 0
<1500962> <hasOccupation> <Others> 0 0 0 0
<1501199> <hasOccupation> <Mechanic> 0 0 0 0
<1504057> <hasOccupation> <Others> 0 0 0 0
<1504541> <hasOccupation> <Cleaning_worker> 0 0 0 0
<1505370> <hasOccupation> <Others> 0 0 0 0
<1508125> <hasOccupation> <Textile_industry> 0 0 0 0
<1509559> <hasOccupation> <Farmworker> 0 0 0 0
<1511166> <hasOccupation> <Others> 0 0 0 0
<1511182> <hasOccupation> <Others> 0 0 0 0
<1514207> <hasOccupation> <Others> 0 0 0 0
<1514832> <hasOccupation> <Others> 0 0 0 0
<2100666> <hasOccupation> <Others> 0 0 0 0
<2101202> <hasOccupation> <Textile_industry> 0 0 0 0
<2101881> <hasOccupation> <Others> 0 0 0 0
<2102865> <hasOccupation> <Others> 1 1 1 1
<2103019> <hasOccupation> <Others> 0 0 0 0
<2103526> <hasOccupation> <Others> 0 0 0 0
<2106675> <hasOccupation> <Others> 0 0 0 0
<2107236> <hasOccupation> <Others> 1 1 1 1
<2108698> <hasOccupation> <Others> 0 0 0 0
<2110959> <hasOccupation> <Others> 0 0 0 0
<2300004> <hasOccupation> <Others> 0 0 0 0
<2300015> <hasOccupation> <Mechanic> 0 0 0 0
<2300062> <hasOccupation> <Others> 0 0 0 0
<908757> <hasOccupation> <Builder> 0 0 0 0
<1201127> <hasOccupation> <Builder> 0 0 0 0
<1310412> <hasOccupation> <Builder> 0 0 0 0
<1310597> <hasOccupation> <Builder> 0 0 0 0
<1311297> <hasOccupation> <Builder> 0 0 0 0
<1313265> <hasOccupation> <Builder> 0 0 0 0
<1500605> <hasOccupation> <Builder> 0 0 0 0
<1516298> <hasOccupation> <Builder> 0 0 0 0
<2300369> <hasOccupation> <Builder> 0 0 0 0
<2303859> <hasOccupation> <Builder> 0 0 0 0
<711660> <hasOccupation> <Others> 0 0 0 0
<1006650> <hasOccupation> <Textile_industry> 0 0 0 0
<1201107> <hasOccupation> <Others> 0 0 0 0
<1217003> <hasOccupation> <Ceramist> 0 0 0 0
<1305529> <hasOccupation> <Others> 0 0 0 0
<1500992> <hasOccupation> <Others> 1 1 1 1
<1516272> <hasOccupation> <Others> 1 1 1 1
<1516966> <hasOccupation> <Others> 0 0 0 0
<2304496> <hasOccupation> <Others> 0 0 0 0
<2304500> <hasOccupation> <Farmworker> 0 0 0 0
<2304633> <hasOccupation> <Others> 1 1 1 1
<2305268> <hasOccupation> <Others> 1 1 1 1
<2306746> <hasOccupation> <Others> 0 0 0 0
<2309220> <hasOccupation> <Others> 0 0 0 0
<2311648> <hasOccupation> <Others> 0 0 0 0
<2311854> <hasOccupation> <Farmworker> 0 0 0 0
<2311901> <hasOccupation> <Farmworker> 0 0 0 0
<2312849> <hasOccupation> <Farmworker> 0 0 0 0
<2406759> <hasOccupation> <Others> 0 0 0 0
<2406967> <hasOccupation> <Others> 0 0 0 0
<2507372> <hasOccupation> <Cabbie> 0 0 0 0
<2513051> <hasOccupation> <Others> 0 0 0 0
<2715745> <hasOccupation> <Cleaning_worker> 0 0 0 0
<2805335> <hasOccupation> <Others> 0 0 0 0
<2807683> <hasOccupation> <Others> 0 0 0 0
<2809379> <hasOccupation> <Others> 0 0 0 0
<2811836> <hasOccupation> <Others> 0 0 0 0
<2812344> <hasOccupation> <Others> 0 0 0 0
<2813067> <hasOccupation> <Others> 0 0 0 0
<2813427> <hasOccupation> <Others> 0 0 0 0
<2816555> <hasOccupation> <Others> 0 0 0 0
<2816637> <hasOccupation> <Others> 0 0 0 0
<2816842> <hasOccupation> <Others> 0 0 0 0
<2900494> <hasOccupation> <Others> 0 0 0 0
<2900538> <hasOccupation> <Others> 0 0 0 0
<2902519> <hasOccupation> <Others> 1 1 1 1
<2903116> <hasOccupation> <Others> 0 0 0 0
<2903737> <hasOccupation> <Others> 0 0 0 0
<2911843> <hasOccupation> <Others> 0 0 0 0
<2911845> <hasOccupation> <Others> 0 0 0 0
<2917363> <hasOccupation> <Others> 0 0 0 0
<2917365> <hasOccupation> <Others> 0 0 0 0
<2917366> <hasOccupation> <Others> 0 0 0 0
<2917463> <hasOccupation> <Professional_driver> 0 0 0 0
<2917476> <hasOccupation> <Others> 0 0 0 0
<2917477> <hasOccupation> <Others> 0 0 0 0
<3001046> <hasOccupation> <Textile_industry> 0 0 0 0
<3004529> <hasOccupation> <Cleaning_worker> 0 0 0 0
<3006430> <hasOccupation> <Mechanic> 0 0 0 0
<3006870> <hasOccupation> <Others> 0 0 0 0
<3009918> <hasOccupation> <Others> 0 0 0 0
<3012052> <hasOccupation> <Others> 0 0 0 0
<3012661> <hasOccupation> <Others> 0 0 0 0
<3016715> <hasOccupation> <Others> 0 0 0 0
<3101518> <hasOccupation> <Carpenter> 0 0 0 0
<3105905> <hasOccupation> <Others> 0 0 0 0
<3404590> <hasOccupation> <Others> 0 0 0 0
<3404803> <hasOccupation> <Others> 0 0 0 0
<3412523> <hasOccupation> <Others> 0 0 0 0
<3505613> <hasOccupation> <Others> 0 0 0 0
<3507444> <hasOccupation> <Professional_driver> 0 0 0 0
<3507496> <hasOccupation> <Others> 0 0 0 0
<3507508> <hasOccupation> <Others> 0 0 0 0
<3507867> <hasOccupation> <Professional_driver> 0 0 0 0
<3508704> <hasOccupation> <Others> 0 0 0 0
<3508717> <hasOccupation> <Professional_driver> 0 0 0 0
<3508786> <hasOccupation> <Painter> 0 0 0 0
<3508943> <hasOccupation> <Farmworker> 0 0 0 0
<3509329> <hasOccupation> <Others> 0 0 0 0
<3510580> <hasOccupation> <Others> 0 0 0 0
<3510861> <hasOccupation> <Others> 0 0 0 0
<3602462> <hasOccupation> <Others> 0 0 0 0
<3602464> <hasOccupation> <Others> 0 0 0 0
<3703306> <hasOccupation> <Farmworker> 0 0 0 0
<3703767> <hasOccupation> <Professional_driver> 0 0 0 0
<3704576> <hasOccupation> <Others> 0 0 0 0
<3705020> <hasOccupation> <Others> 0 0 0 0
<4312672> <hasOccupation> <Others> 0 0 0 0
<4313311> <hasOccupation> <Professional_driver> 0 0 0 0
<4313369> <hasOccupation> <Farmworker> 0 0 0 0
<4313608> <hasOccupation> <Others> 0 0 0 0
<4604107> <hasOccupation> <Carpenter> 0 0 0 0
<4605317> <hasOccupation> <Carpenter> 0 0 0 0
<4605941> <hasOccupation> <Others> 0 0 0 0
<4614561> <hasOccupation> <Ironer> 0 0 0 0
<4911043> <hasOccupation> <Mechanic> 0 0 0 0
<4911044> <hasOccupation> <Others> 0 0 0 0
<4911081> <hasOccupation> <Others> 0 0 0 0
<4911118> <hasOccupation> <Others> 0 0 0 0
<4911131> <hasOccupation> <Others> 0 0 0 0
<4911265> <hasOccupation> <Others> 0 0 0 0
<5102743> <hasOccupation> <Ironer> 0 0 0 0
<5102753> <hasOccupation> <Mechanic> 0 0 0 0
<2304761> <hasOccupation> <Builder> 0 0 0 0
<2305760> <hasOccupation> <Builder> 0 0 0 0
<2307001> <hasOccupation> <Builder> 0 0 0 0
<2307995> <hasOccupation> <Builder> 0 0 0 0
<2308635> <hasOccupation> <Builder> 0 0 0 0
<2310177> <hasOccupation> <Builder> 0 0 0 0
<2310911> <hasOccupation> <Builder> 0 0 0 0
<2405798> <hasOccupation> <Builder> 0 0 0 0
<2407218> <hasOccupation> <Builder> 0 0 0 0
<2804343> <hasOccupation> <Builder> 0 0 0 0
<2812735> <hasOccupation> <Builder> 0 0 0 0
<2815680> <hasOccupation> <Builder> 0 0 0 0
<2900873> <hasOccupation> <Builder> 0 0 0 0
<3007186> <hasOccupation> <Builder> 0 0 0 0
<3406051> <hasOccupation> <Builder> 0 0 0 0
<3507860> <hasOccupation> <Builder> 0 0 0 0
<3703770> <hasOccupation> <Builder> 0 0 0 0
<3704934> <hasOccupation> <Builder> 0 0 0 0
<3801767> <hasOccupation> <Builder> 0 0 0 0
<4602357> <hasOccupation> <Builder> 0 0 0 0
<4614562> <hasOccupation> <Builder> 0 0 0 0
<4910471> <hasOccupation> <Builder> 0 0 0 0
<4910947> <hasOccupation> <Builder> 0 0 0 0
<2308335> <hasOccupation> <Others> 0 0 0 0
<2811003> <hasOccupation> <Others> 0 0 0 0
<3508804> <hasOccupation> <Others> 0 0 0 0
<3509943> <hasOccupation> <Others> 0 0 0 0
<4314438> <hasOccupation> <Mechanic> 0 0 0 0
<5102824> <hasOccupation> <Farmworker> 0 0 0 0
<5103143> <hasOccupation> <Others> 0 0 0 0
<5103513> <hasOccupation> <Others> 0 0 0 0
<5104119> <hasOccupation> <Professional_driver> 0 0 0 0
<5104275> <hasOccupation> <Others> 0 0 0 0
<5104483> <hasOccupation> <Others> 0 0 0 0
<5104555> <hasOccupation> <Farmworker> 0 0 0 0
<5105480> <hasOccupation> <Others> 0 0 0 0
<5106078> <hasOccupation> <Others> 0 0 0 0
<5106256> <hasOccupation> <Painter> 0 0 0 0
<5106452> <hasOccupation> <Others> 0 0 0 0
<5106538> <hasOccupation> <Others> 0 0 0 0
<5106562> <hasOccupation> <Others> 0 0 0 0
<5106922> <hasOccupation> <Others> 0 0 0 0
<5107029> <hasOccupation> <Others> 0 0 0 0
<5107087> <hasOccupation> <Cabbie> 0 0 0 0
<5110354> <hasOccupation> <Farmworker> 0 0 0 0
<5110978> <hasOccupation> <Others> 0 0 0 0
<5111470> <hasOccupation> <Others> 0 0 0 0
<5111894> <hasOccupation> <Others> 0 0 0 0
<5112125> <hasOccupation> <Others> 0 0 0 0
<5112572> <hasOccupation> <Farmworker> 0 0 0 0
<5114548> <hasOccupation> <Others> 0 0 0 0
<5116049> <hasOccupation> <Others> 0 0 0 0
<5117394> <hasOccupation> <Others> 1 1 1 1
<5309454> <hasOccupation> <Others> 0 0 0 0
<5312952> <hasOccupation> <Others> 0 0 0 0
<5313153> <hasOccupation> <Farmworker> 0 0 0 0
<5313172> <hasOccupation> <Others> 0 0 0 0
<5313484> <hasOccupation> <Others> 0 0 0 0
<5314297> <hasOccupation> <Others> 0 0 0 0
<5315440> <hasOccupation> <Others> 0 0 0 0
<5315574> <hasOccupation> <Others> 0 0 0 0
<5315774> <hasOccupation> <Others> 0 0 0 0
<5316073> <hasOccupation> <Others> 0 0 0 0
<5316264> <hasOccupation> <Others> 0 0 0 0
<5503735> <hasOccupation> <Cleaning_worker> 0 0 0 0
<5505273> <hasOccupation> <Cleaning_worker> 0 0 0 0
<5512185> <hasOccupation> <Professional_driver> 0 0 0 0
<5814928> <hasOccupation> <Others> 0 0 0 0
<6300239> <hasOccupation> <Others> 0 0 0 0
<6301690> <hasOccupation> <Others> 0 0 0 0
<6301773> <hasOccupation> <Others> 0 0 0 0
<6311629> <hasOccupation> <Carpenter> 0 0 0 0
<6311635> <hasOccupation> <Professional_driver> 0 0 0 0
<6311702> <hasOccupation> <Cleaning_worker> 0 0 0 0
<6311704> <hasOccupation> <Others> 0 0 0 0
<6311769> <hasOccupation> <Professional_driver> 0 0 0 0
<6312149> <hasOccupation> <Others> 0 0 0 0
<6312741> <hasOccupation> <Cleaning_worker> 0 0 0 0
<6313248> <hasOccupation> <Others> 0 0 0 0
<6313429> <hasOccupation> <Others> 0 0 0 0
<6313540> <hasOccupation> <Others> 0 0 0 0
<6313588> <hasOccupation> <Others> 0 0 0 0
<6315418> <hasOccupation> <Others> 0 0 0 0
<6315515> <hasOccupation> <Others> 0 0 0 0
<6315817> <hasOccupation> <Others> 0 0 0 0
<6315841> <hasOccupation> <Others> 0 0 0 0
<6315909> <hasOccupation> <Others> 0 0 0 0
<6315996> <hasOccupation> <Others> 0 0 0 0
<6316143> <hasOccupation> <Others> 0 0 0 0
<6316549> <hasOccupation> <Others> 0 0 0 0
<6316629> <hasOccupation> <Farmworker> 0 0 0 0
<6317027> <hasOccupation> <Farmworker> 0 0 0 0
<6400268> <hasOccupation> <Others> 0 0 0 0
<6402102> <hasOccupation> <Others> 0 0 0 0
<6402110> <hasOccupation> <Others> 0 0 0 0
<6402742> <hasOccupation> <Others> 0 0 0 0
<6403163> <hasOccupation> <Others> 0 0 0 0
<6605750> <hasOccupation> <Others> 1 1 1 1
<6605758> <hasOccupation> <Others> 0 0 0 0
<6608825> <hasOccupation> <Others> 0 0 0 0
<7000309> <hasOccupation> <Others> 0 0 0 0
<7000638> <hasOccupation> <Carpenter> 0 0 0 0
<7214821> <hasOccupation> <Others> 1 1 1 1
<7404258> <hasOccupation> <Others> 0 0 0 0
<7406601> <hasOccupation> <Painter> 0 0 0 0
<7411022> <hasOccupation> <Professional_driver> 0 0 0 0
<7717071> <hasOccupation> <Textile_industry> 0 0 0 0
<8307617> <hasOccupation> <Cleaning_worker> 0 0 0 0
<5111862> <hasOccupation> <Builder> 0 0 0 0
<5112918> <hasOccupation> <Builder> 0 0 0 0
<5113016> <hasOccupation> <Builder> 0 0 0 0
<5115558> <hasOccupation> <Builder> 0 0 0 0
<5313041> <hasOccupation> <Builder> 0 0 0 0
<5314871> <hasOccupation> <Builder> 0 0 0 0
<5316221> <hasOccupation> <Builder> 0 0 0 0
<6300795> <hasOccupation> <Builder> 0 0 0 0
<6311575> <hasOccupation> <Builder> 0 0 0 0
<6315972> <hasOccupation> <Builder> 0 0 0 0
<6317221> <hasOccupation> <Builder> 0 0 0 0
<6402215> <hasOccupation> <Builder> 0 0 0 0
<6402399> <hasOccupation> <Builder> 0 0 0 0
<7110316> <hasOccupation> <Builder> 0 0 0 0
<5103342> <hasOccupation> <Others> 0 0 0 0
<5106240> <hasOccupation> <Others> 0 0 0 0
<5106392> <hasOccupation> <Others> 0 0 0 0
<5106742> <hasOccupation> <Others> 0 0 0 0
<5107705> <hasOccupation> <Others> 0 0 0 0
<5109726> <hasOccupation> <Others> 0 0 0 0
<5109933> <hasOccupation> <Others> 0 0 0 0
<5111728> <hasOccupation> <Others> 0 0 0 0
<5113935> <hasOccupation> <Mechanic> 0 0 0 0
<5313421> <hasOccupation> <Painter> 0 0 0 0
<5314480> <hasOccupation> <Others> 0 0 0 0
<5314529> <hasOccupation> <Painter> 0 0 0 0
<5315968> <hasOccupation> <Others> 0 0 0 0
<6300793> <hasOccupation> <Others> 0 0 0 0
<6311703> <hasOccupation> <Others> 0 0 0 0
<6314338> <hasOccupation> <Others> 0 0 0 0
<6315956> <hasOccupation> <Farmworker> 0 0 0 0
<6316404> <hasOccupation> <Others> 0 0 0 0
<6316681> <hasOccupation> <Others> 0 0 0 0
<6611286> <hasOccupation> <Others> 0 0 0 0
<7000353> <hasOccupation> <Cleaning_worker> 0 0 0 0
<7005923> <hasOccupation> <Others> 0 0 0 0
<7101186> <hasOccupation> <Shipbuilder> 0 0 0 0
<7409135> <hasOccupation> <Others> 0 0 0 0
<7410568> <hasOccupation> <Others> 0 0 0 0
<9407912> <hasOccupation> <Others> 0 0 0 0
<9408599> <hasOccupation> <Others> 0 0 0 0
<9408606> <hasOccupation> <Farmworker> 0 0 0 0
<9408788> <hasOccupation> <Mechanic> 0 0 0 0
<9414078> <hasOccupation> <Others> 0 0 0 0
<9416389> <hasOccupation> <Cleaning_worker> 0 0 0 0
<9417548> <hasOccupation> <Others> 0 0 0 0
<9703886> <hasOccupation> <Others> 0 0 0 0
<9704910> <hasOccupation> <Others> 0 0 0 0
<9711212> <hasOccupation> <Others> 0 0 0 0
<9712200> <hasOccupation> <Farmworker> 0 0 0 0
<9713409> <hasOccupation> <Carpenter> 0 0 0 0
<9804314> <hasOccupation> <Farmworker> 0 0 0 0
<9910479> <hasOccupation> <Cleaning_worker> 0 0 0 0
<10600507> <hasOccupation> <Others> 0 0 0 0
<10600617> <hasOccupation> <Others> 0 0 0 0
<10610206> <hasOccupation> <Others> 0 0 0 0
<10612188> <hasOccupation> <Ceramist> 0 0 0 0
<10612971> <hasOccupation> <Mechanic> 0 0 0 0
<10613178> <hasOccupation> <Cleaning_worker> 0 0 0 0
<10802685> <hasOccupation> <Others> 0 0 0 0
<10805583> <hasOccupation> <Carpenter> 0 0 0 0
<11312007> <hasOccupation> <Others> 0 0 0 0
<11312489> <hasOccupation> <Farmworker> 0 0 0 0
<11312637> <hasOccupation> <Others> 0 0 0 0
<11312638> <hasOccupation> <Others> 0 0 0 0
<11314168> <hasOccupation> <Farmworker> 0 0 0 0
<11317082> <hasOccupation> <Others> 0 0 0 0
<11317218> <hasOccupation> <Others> 0 0 0 0
<11405716> <hasOccupation> <Others> 0 0 0 0
<12913747> <hasOccupation> <Others> 0 0 0 0
<12914145> <hasOccupation> <Others> 0 0 0 0
<12914318> <hasOccupation> <Professional_driver> 0 0 0 0
<12914342> <hasOccupation> <Others> 0 0 0 0
<12914553> <hasOccupation> <Others> 0 0 0 0
<12915115> <hasOccupation> <Mechanic> 0 0 0 0
<14702287> <hasOccupation> <Painter> 0 0 0 0
<14703140> <hasOccupation> <Others> 0 0 0 0
<14706953> <hasOccupation> <Warehouse_worker> 0 0 0 0
<15700265> <hasOccupation> <Others> 0 0 0 0
<15700355> <hasOccupation> <Others> 0 0 0 0
<15701727> <hasOccupation> <Others> 0 0 0 0
<15703035> <hasOccupation> <Professional_driver> 0 0 0 0
<15706101> <hasOccupation> <Others> 0 0 0 0
<15706246> <hasOccupation> <Others> 0 0 0 0
<15706387> <hasOccupation> <Others> 0 0 0 0
<15706415> <hasOccupation> <Others> 0 0 0 0
<15709809> <hasOccupation> <Others> 0 0 0 0
<15710145> <hasOccupation> <Shipbuilder> 0 0 0 0
<15714626> <hasOccupation> <Cleaning_worker> 0 0 0 0
<15714658> <hasOccupation> <Others> 1 1 1 1
<15715007> <hasOccupation> <Shipbuilder> 0 0 0 0
<15715025> <hasOccupation> <Others> 0 0 0 0
<15717540> <hasOccupation> <Others> 0 0 0 0
<9408784> <hasOccupation> <Builder> 0 0 0 0
<9409187> <hasOccupation> <Builder> 0 0 0 0
<9909317> <hasOccupation> <Builder> 0 0 0 0
<10816233> <hasOccupation> <Builder> 0 0 0 0
<11313881> <hasOccupation> <Builder> 0 0 0 0
<11405740> <hasOccupation> <Builder> 0 0 0 0
<14702158> <hasOccupation> <Builder> 0 0 0 0
<15701584> <hasOccupation> <Builder> 0 0 0 0
<15710140> <hasOccupation> <Builder> 0 0 0 0
<15714630> <hasOccupation> <Builder> 0 0 0 0
<9408893> <hasOccupation> <Professional_driver> 0 0 0 0
<9409774> <hasOccupation> <Others> 0 0 0 0
<9417512> <hasOccupation> <Others> 0 0 0 0
<9912045> <hasOccupation> <Farmworker> 0 0 0 0
<11314151> <hasOccupation> <Others> 0 0 0 0
<14702309> <hasOccupation> <Others> 0 0 0 0
<15702834> <hasOccupation> <Others> 0 0 0 0
<15709786> <hasOccupation> <Painter> 0 0 0 0
<15714632> <hasOccupation> <Others> 0 0 0 0
<516662> <hasOccupation> <Others> 0 0 0 0
<5102970> <hasOccupation> <Others> 0 0 0 0
<7404167> <hasOccupation> <Others> 0 0 0 0
<205316> <hasOccupation> <Builder> 0 0 0 0
<508472> <hasOccupation> <Builder> 0 0 0 0
<1214008> <hasOccupation> <Builder> 0 0 0 0
<1314956> <hasOccupation> <Builder> 0 0 0 0
<2101029> <hasOccupation> <Builder> 0 0 0 0
<2903732> <hasOccupation> <Builder> 0 0 0 0
<5502752> <hasOccupation> <Builder> 0 0 0 0
<202412> <hasOccupation> <Builder> 0 0 0 0
<7406479> <hasOccupation> <Builder> 0 0 0 0
