<1006649> <hasBronchoscopy> <Bronchoscopy> 0 0 0 0
<1007348> <hasBronchoscopy> <Bronchoscopy> 0 0 0 0
<10612096> <hasBronchoscopy> <Bronchoscopy> 0 0 0 0
<10612162> <hasBronchoscopy> <Bronchoscopy> 0 0 0 0
<10612183> <hasBronchoscopy> <Bronchoscopy> 0 0 0 0
<10612979> <hasBronchoscopy> <Bronchoscopy> 0 0 0 0
<10803942> <hasBronchoscopy> <Bronchoscopy> 0 0 0 0
<10806003> <hasBronchoscopy> <Bronchoscopy> 0 0 0 0
<10806006> <hasBronchoscopy> <Bronchoscopy> 0 0 0 0
<10806080> <hasBronchoscopy> <Bronchoscopy> 0 0 0 0
<112542> <hasBronchoscopy> <Bronchoscopy> 0 0 0 0
<11312007> <hasBronchoscopy> <Bronchoscopy> 0 0 0 0
<11312137> <hasBronchoscopy> <Bronchoscopy> 0 0 0 0
<11312169> <hasBronchoscopy> <Bronchoscopy> 0 0 0 0
<11313615> <hasBronchoscopy> <Bronchoscopy> 0 0 0 0
<11313666> <hasBronchoscopy> <Bronchoscopy> 0 0 0 0
<11313881> <hasBronchoscopy> <Bronchoscopy> 0 0 0 0
<11314495> <hasBronchoscopy> <Bronchoscopy> 0 0 0 0
<1214034> <hasBronchoscopy> <Bronchoscopy> 0 0 0 0
<1214938> <hasBronchoscopy> <Bronchoscopy> 0 0 0 0
<1215755> <hasBronchoscopy> <Bronchoscopy> 0 0 0 0
<1216614> <hasBronchoscopy> <Bronchoscopy> 0 0 0 0
<12914767> <hasBronchoscopy> <Bronchoscopy> 0 0 0 0
<12915803> <hasBronchoscopy> <Bronchoscopy> 0 0 0 0
<1300291> <hasBronchoscopy> <Bronchoscopy> 0 0 0 0
<1300490> <hasBronchoscopy> <Bronchoscopy> 0 0 0 0
<1302155> <hasBronchoscopy> <Bronchoscopy> 0 0 0 0
<1302157> <hasBronchoscopy> <Bronchoscopy> 0 0 0 0
<1303308> <hasBronchoscopy> <Bronchoscopy> 0 0 0 0
<1303454> <hasBronchoscopy> <Bronchoscopy> 0 0 0 0
<1303491> <hasBronchoscopy> <Bronchoscopy> 0 0 0 0
<1305431> <hasBronchoscopy> <Bronchoscopy> 0 0 0 0
<1305537> <hasBronchoscopy> <Bronchoscopy> 0 0 0 0
<1305691> <hasBronchoscopy> <Bronchoscopy> 0 0 0 0
<1306034> <hasBronchoscopy> <Bronchoscopy> 0 0 0 0
<1306515> <hasBronchoscopy> <Bronchoscopy> 0 0 0 0
<1309947> <hasBronchoscopy> <Bronchoscopy> 0 0 0 0
<1310772> <hasBronchoscopy> <Bronchoscopy> 0 0 0 0
<1311013> <hasBronchoscopy> <Bronchoscopy> 0 0 0 0
<1315388> <hasBronchoscopy> <Bronchoscopy> 0 0 0 0
<1315457> <hasBronchoscopy> <Bronchoscopy> 0 0 0 0
<1315534> <hasBronchoscopy> <Bronchoscopy> 0 0 0 0
<14702396> <hasBronchoscopy> <Bronchoscopy> 0 0 0 0
<14703265> <hasBronchoscopy> <Bronchoscopy> 0 0 0 0
<1500850> <hasBronchoscopy> <Bronchoscopy> 0 0 0 0
<1508114> <hasBronchoscopy> <Bronchoscopy> 0 0 0 0
<1509499> <hasBronchoscopy> <Bronchoscopy> 0 0 0 0
<1511158> <hasBronchoscopy> <Bronchoscopy> 0 0 0 0
<1513063> <hasBronchoscopy> <Bronchoscopy> 0 0 0 0
<1514512> <hasBronchoscopy> <Bronchoscopy> 0 0 0 0
<1516250> <hasBronchoscopy> <Bronchoscopy> 0 0 0 0
<15709784> <hasBronchoscopy> <Bronchoscopy> 0 0 0 0
<15714635> <hasBronchoscopy> <Bronchoscopy> 0 0 0 0
<15717540> <hasBronchoscopy> <Bronchoscopy> 0 0 0 0
<15717544> <hasBronchoscopy> <Bronchoscopy> 0 0 0 0
<201577> <hasBronchoscopy> <Bronchoscopy> 0 0 0 0
<201698> <hasBronchoscopy> <Bronchoscopy> 0 0 0 0
<201842> <hasBronchoscopy> <Bronchoscopy> 0 0 0 0
<201950> <hasBronchoscopy> <Bronchoscopy> 0 0 0 0
<201992> <hasBronchoscopy> <Bronchoscopy> 0 0 0 0
<202055> <hasBronchoscopy> <Bronchoscopy> 0 0 0 0
<202129> <hasBronchoscopy> <Bronchoscopy> 0 0 0 0
<202221> <hasBronchoscopy> <Bronchoscopy> 0 0 0 0
<202317> <hasBronchoscopy> <Bronchoscopy> 0 0 0 0
<202359> <hasBronchoscopy> <Bronchoscopy> 0 0 0 0
<202747> <hasBronchoscopy> <Bronchoscopy> 0 0 0 0
<202784> <hasBronchoscopy> <Bronchoscopy> 0 0 0 0
<202786> <hasBronchoscopy> <Bronchoscopy> 0 0 0 0
<203147> <hasBronchoscopy> <Bronchoscopy> 0 0 0 0
<203280> <hasBronchoscopy> <Bronchoscopy> 0 0 0 0
<203508> <hasBronchoscopy> <Bronchoscopy> 0 0 0 0
<204147> <hasBronchoscopy> <Bronchoscopy> 0 0 0 0
<204164> <hasBronchoscopy> <Bronchoscopy> 0 0 0 0
<204301> <hasBronchoscopy> <Bronchoscopy> 0 0 0 0
<205440> <hasBronchoscopy> <Bronchoscopy> 0 0 0 0
<205467> <hasBronchoscopy> <Bronchoscopy> 0 0 0 0
<205572> <hasBronchoscopy> <Bronchoscopy> 0 0 0 0
<205954> <hasBronchoscopy> <Bronchoscopy> 0 0 0 0
<205956> <hasBronchoscopy> <Bronchoscopy> 0 0 0 0
<206055> <hasBronchoscopy> <Bronchoscopy> 0 0 0 0
<206263> <hasBronchoscopy> <Bronchoscopy> 0 0 0 0
<206754> <hasBronchoscopy> <Bronchoscopy> 0 0 0 0
<208581> <hasBronchoscopy> <Bronchoscopy> 0 0 0 0
<209617> <hasBronchoscopy> <Bronchoscopy> 0 0 0 0
<209621> <hasBronchoscopy> <Bronchoscopy> 0 0 0 0
<210028> <hasBronchoscopy> <Bronchoscopy> 0 0 0 0
<2100627> <hasBronchoscopy> <Bronchoscopy> 0 0 0 0
<2100750> <hasBronchoscopy> <Bronchoscopy> 0 0 0 0
<2100924> <hasBronchoscopy> <Bronchoscopy> 0 0 0 0
<2100929> <hasBronchoscopy> <Bronchoscopy> 0 0 0 0
<210101> <hasBronchoscopy> <Bronchoscopy> 0 0 0 0
<210173> <hasBronchoscopy> <Bronchoscopy> 0 0 0 0
<2102772> <hasBronchoscopy> <Bronchoscopy> 0 0 0 0
<11314477> <hasBronchoscopy> <Bronchoscopy> 0 0 0 0
<12915112> <hasBronchoscopy> <Bronchoscopy> 0 0 0 0
<1300503> <hasBronchoscopy> <Bronchoscopy> 0 0 0 0
<1300704> <hasBronchoscopy> <Bronchoscopy> 0 0 0 0
<1504387> <hasBronchoscopy> <Bronchoscopy> 0 0 0 0
<201487> <hasBronchoscopy> <Bronchoscopy> 0 0 0 0
<204341> <hasBronchoscopy> <Bronchoscopy> 0 0 0 0
<204465> <hasBronchoscopy> <Bronchoscopy> 0 0 0 0
<210396> <hasBronchoscopy> <Bronchoscopy> 0 0 0 0
<2106309> <hasBronchoscopy> <Bronchoscopy> 0 0 0 0
<2107255> <hasBronchoscopy> <Bronchoscopy> 0 0 0 0
<2108327> <hasBronchoscopy> <Bronchoscopy> 0 0 0 0
<211072> <hasBronchoscopy> <Bronchoscopy> 0 0 0 0
<2112059> <hasBronchoscopy> <Bronchoscopy> 0 0 0 0
<211810> <hasBronchoscopy> <Bronchoscopy> 0 0 0 0
<211874> <hasBronchoscopy> <Bronchoscopy> 0 0 0 0
<212570> <hasBronchoscopy> <Bronchoscopy> 0 0 0 0
<213233> <hasBronchoscopy> <Bronchoscopy> 0 0 0 0
<213270> <hasBronchoscopy> <Bronchoscopy> 0 0 0 0
<213489> <hasBronchoscopy> <Bronchoscopy> 0 0 0 0
<214468> <hasBronchoscopy> <Bronchoscopy> 0 0 0 0
<217105> <hasBronchoscopy> <Bronchoscopy> 0 0 0 0
<2300037> <hasBronchoscopy> <Bronchoscopy> 0 0 0 0
<2300681> <hasBronchoscopy> <Bronchoscopy> 0 0 0 0
<2302664> <hasBronchoscopy> <Bronchoscopy> 0 0 0 0
<2303254> <hasBronchoscopy> <Bronchoscopy> 0 0 0 0
<2303895> <hasBronchoscopy> <Bronchoscopy> 0 0 0 0
<2304145> <hasBronchoscopy> <Bronchoscopy> 0 0 0 0
<2304418> <hasBronchoscopy> <Bronchoscopy> 0 0 0 0
<2304860> <hasBronchoscopy> <Bronchoscopy> 0 0 0 0
<2305135> <hasBronchoscopy> <Bronchoscopy> 0 0 0 0
<2306876> <hasBronchoscopy> <Bronchoscopy> 0 0 0 0
<2306966> <hasBronchoscopy> <Bronchoscopy> 0 0 0 0
<2308776> <hasBronchoscopy> <Bronchoscopy> 0 0 0 0
<2309595> <hasBronchoscopy> <Bronchoscopy> 0 0 0 0
<2309758> <hasBronchoscopy> <Bronchoscopy> 0 0 0 0
<2310512> <hasBronchoscopy> <Bronchoscopy> 0 0 0 0
<2311911> <hasBronchoscopy> <Bronchoscopy> 0 0 0 0
<2312290> <hasBronchoscopy> <Bronchoscopy> 0 0 0 0
<2312913> <hasBronchoscopy> <Bronchoscopy> 0 0 0 0
<2402265> <hasBronchoscopy> <Bronchoscopy> 0 0 0 0
<2402266> <hasBronchoscopy> <Bronchoscopy> 0 0 0 0
<2802006> <hasBronchoscopy> <Bronchoscopy> 0 0 0 0
<2804103> <hasBronchoscopy> <Bronchoscopy> 0 0 0 0
<2804785> <hasBronchoscopy> <Bronchoscopy> 0 0 0 0
<2805016> <hasBronchoscopy> <Bronchoscopy> 0 0 0 0
<2805043> <hasBronchoscopy> <Bronchoscopy> 0 0 0 0
<2807669> <hasBronchoscopy> <Bronchoscopy> 0 0 0 0
<2808293> <hasBronchoscopy> <Bronchoscopy> 0 0 0 0
<2810872> <hasBronchoscopy> <Bronchoscopy> 0 0 0 0
<2811756> <hasBronchoscopy> <Bronchoscopy> 0 0 0 0
<2813068> <hasBronchoscopy> <Bronchoscopy> 0 0 0 0
<2815451> <hasBronchoscopy> <Bronchoscopy> 0 0 0 0
<2817216> <hasBronchoscopy> <Bronchoscopy> 0 0 0 0
<2903118> <hasBronchoscopy> <Bronchoscopy> 0 0 0 0
<2916085> <hasBronchoscopy> <Bronchoscopy> 0 0 0 0
<3000595> <hasBronchoscopy> <Bronchoscopy> 0 0 0 0
<300255> <hasBronchoscopy> <Bronchoscopy> 0 0 0 0
<300328> <hasBronchoscopy> <Bronchoscopy> 0 0 0 0
<3007163> <hasBronchoscopy> <Bronchoscopy> 0 0 0 0
<3007186> <hasBronchoscopy> <Bronchoscopy> 0 0 0 0
<3012762> <hasBronchoscopy> <Bronchoscopy> 0 0 0 0
<301443> <hasBronchoscopy> <Bronchoscopy> 0 0 0 0
<301446> <hasBronchoscopy> <Bronchoscopy> 0 0 0 0
<3016592> <hasBronchoscopy> <Bronchoscopy> 0 0 0 0
<306881> <hasBronchoscopy> <Bronchoscopy> 0 0 0 0
<307057> <hasBronchoscopy> <Bronchoscopy> 0 0 0 0
<310416> <hasBronchoscopy> <Bronchoscopy> 0 0 0 0
<311031> <hasBronchoscopy> <Bronchoscopy> 0 0 0 0
<311527> <hasBronchoscopy> <Bronchoscopy> 0 0 0 0
<311742> <hasBronchoscopy> <Bronchoscopy> 0 0 0 0
<312072> <hasBronchoscopy> <Bronchoscopy> 0 0 0 0
<316447> <hasBronchoscopy> <Bronchoscopy> 0 0 0 0
<3305141> <hasBronchoscopy> <Bronchoscopy> 0 0 0 0
<3307208> <hasBronchoscopy> <Bronchoscopy> 0 0 0 0
<3308094> <hasBronchoscopy> <Bronchoscopy> 0 0 0 0
<3314962> <hasBronchoscopy> <Bronchoscopy> 0 0 0 0
<3315051> <hasBronchoscopy> <Bronchoscopy> 0 0 0 0
<3405200> <hasBronchoscopy> <Bronchoscopy> 0 0 0 0
<3407989> <hasBronchoscopy> <Bronchoscopy> 0 0 0 0
<3408101> <hasBronchoscopy> <Bronchoscopy> 0 0 0 0
<3408108> <hasBronchoscopy> <Bronchoscopy> 0 0 0 0
<3412590> <hasBronchoscopy> <Bronchoscopy> 0 0 0 0
<3507313> <hasBronchoscopy> <Bronchoscopy> 0 0 0 0
<3507671> <hasBronchoscopy> <Bronchoscopy> 0 0 0 0
<2300082> <hasBronchoscopy> <Bronchoscopy> 0 0 0 0
<2310515> <hasBronchoscopy> <Bronchoscopy> 0 0 0 0
<2807855> <hasBronchoscopy> <Bronchoscopy> 0 0 0 0
<2808634> <hasBronchoscopy> <Bronchoscopy> 0 0 0 0
<2810272> <hasBronchoscopy> <Bronchoscopy> 0 0 0 0
<2815307> <hasBronchoscopy> <Bronchoscopy> 0 0 0 0
<302694> <hasBronchoscopy> <Bronchoscopy> 0 0 0 0
<303628> <hasBronchoscopy> <Bronchoscopy> 0 0 0 0
<306489> <hasBronchoscopy> <Bronchoscopy> 0 0 0 0
<311604> <hasBronchoscopy> <Bronchoscopy> 0 0 0 0
<316348> <hasBronchoscopy> <Bronchoscopy> 0 0 0 0
<3404089> <hasBronchoscopy> <Bronchoscopy> 0 0 0 0
<3404482> <hasBronchoscopy> <Bronchoscopy> 0 0 0 0
<3508928> <hasBronchoscopy> <Bronchoscopy> 0 0 0 0
<3508943> <hasBronchoscopy> <Bronchoscopy> 0 0 0 0
<3509505> <hasBronchoscopy> <Bronchoscopy> 0 0 0 0
<3509567> <hasBronchoscopy> <Bronchoscopy> 0 0 0 0
<3510128> <hasBronchoscopy> <Bronchoscopy> 0 0 0 0
<3510923> <hasBronchoscopy> <Bronchoscopy> 0 0 0 0
<3710087> <hasBronchoscopy> <Bronchoscopy> 0 0 0 0
<3801512> <hasBronchoscopy> <Bronchoscopy> 0 0 0 0
<3801553> <hasBronchoscopy> <Bronchoscopy> 0 0 0 0
<3812294> <hasBronchoscopy> <Bronchoscopy> 0 0 0 0
<407421> <hasBronchoscopy> <Bronchoscopy> 0 0 0 0
<407453> <hasBronchoscopy> <Bronchoscopy> 0 0 0 0
<407537> <hasBronchoscopy> <Bronchoscopy> 0 0 0 0
<408832> <hasBronchoscopy> <Bronchoscopy> 0 0 0 0
<409560> <hasBronchoscopy> <Bronchoscopy> 0 0 0 0
<409563> <hasBronchoscopy> <Bronchoscopy> 0 0 0 0
<410020> <hasBronchoscopy> <Bronchoscopy> 0 0 0 0
<410048> <hasBronchoscopy> <Bronchoscopy> 0 0 0 0
<410256> <hasBronchoscopy> <Bronchoscopy> 0 0 0 0
<410368> <hasBronchoscopy> <Bronchoscopy> 0 0 0 0
<411448> <hasBronchoscopy> <Bronchoscopy> 0 0 0 0
<412985> <hasBronchoscopy> <Bronchoscopy> 0 0 0 0
<412987> <hasBronchoscopy> <Bronchoscopy> 0 0 0 0
<413766> <hasBronchoscopy> <Bronchoscopy> 0 0 0 0
<415183> <hasBronchoscopy> <Bronchoscopy> 0 0 0 0
<416648> <hasBronchoscopy> <Bronchoscopy> 0 0 0 0
<416840> <hasBronchoscopy> <Bronchoscopy> 0 0 0 0
<417339> <hasBronchoscopy> <Bronchoscopy> 0 0 0 0
<417353> <hasBronchoscopy> <Bronchoscopy> 0 0 0 0
<417426> <hasBronchoscopy> <Bronchoscopy> 0 0 0 0
<4305935> <hasBronchoscopy> <Bronchoscopy> 0 0 0 0
<4313208> <hasBronchoscopy> <Bronchoscopy> 0 0 0 0
<4314178> <hasBronchoscopy> <Bronchoscopy> 0 0 0 0
<4602354> <hasBronchoscopy> <Bronchoscopy> 0 0 0 0
<4609968> <hasBronchoscopy> <Bronchoscopy> 0 0 0 0
<4611683> <hasBronchoscopy> <Bronchoscopy> 0 0 0 0
<4611772> <hasBronchoscopy> <Bronchoscopy> 0 0 0 0
<4910690> <hasBronchoscopy> <Bronchoscopy> 0 0 0 0
<4910742> <hasBronchoscopy> <Bronchoscopy> 0 0 0 0
<4910800> <hasBronchoscopy> <Bronchoscopy> 0 0 0 0
<4910806> <hasBronchoscopy> <Bronchoscopy> 0 0 0 0
<4910814> <hasBronchoscopy> <Bronchoscopy> 0 0 0 0
<4910880> <hasBronchoscopy> <Bronchoscopy> 0 0 0 0
<4910985> <hasBronchoscopy> <Bronchoscopy> 0 0 0 0
<501250> <hasBronchoscopy> <Bronchoscopy> 0 0 0 0
<501313> <hasBronchoscopy> <Bronchoscopy> 0 0 0 0
<501318> <hasBronchoscopy> <Bronchoscopy> 0 0 0 0
<501334> <hasBronchoscopy> <Bronchoscopy> 0 0 0 0
<502967> <hasBronchoscopy> <Bronchoscopy> 0 0 0 0
<503291> <hasBronchoscopy> <Bronchoscopy> 0 0 0 0
<503835> <hasBronchoscopy> <Bronchoscopy> 0 0 0 0
<503867> <hasBronchoscopy> <Bronchoscopy> 0 0 0 0
<503915> <hasBronchoscopy> <Bronchoscopy> 0 0 0 0
<503947> <hasBronchoscopy> <Bronchoscopy> 0 0 0 0
<507264> <hasBronchoscopy> <Bronchoscopy> 0 0 0 0
<507521> <hasBronchoscopy> <Bronchoscopy> 0 0 0 0
<508240> <hasBronchoscopy> <Bronchoscopy> 0 0 0 0
<508241> <hasBronchoscopy> <Bronchoscopy> 0 0 0 0
<508263> <hasBronchoscopy> <Bronchoscopy> 0 0 0 0
<508375> <hasBronchoscopy> <Bronchoscopy> 0 0 0 0
<508430> <hasBronchoscopy> <Bronchoscopy> 0 0 0 0
<508435> <hasBronchoscopy> <Bronchoscopy> 0 0 0 0
<508451> <hasBronchoscopy> <Bronchoscopy> 0 0 0 0
<508497> <hasBronchoscopy> <Bronchoscopy> 0 0 0 0
<508505> <hasBronchoscopy> <Bronchoscopy> 0 0 0 0
<508537> <hasBronchoscopy> <Bronchoscopy> 0 0 0 0
<508544> <hasBronchoscopy> <Bronchoscopy> 0 0 0 0
<508554> <hasBronchoscopy> <Bronchoscopy> 0 0 0 0
<508989> <hasBronchoscopy> <Bronchoscopy> 0 0 0 0
<509017> <hasBronchoscopy> <Bronchoscopy> 0 0 0 0
<509035> <hasBronchoscopy> <Bronchoscopy> 0 0 0 0
<509068> <hasBronchoscopy> <Bronchoscopy> 0 0 0 0
<509356> <hasBronchoscopy> <Bronchoscopy> 0 0 0 0
<5102903> <hasBronchoscopy> <Bronchoscopy> 0 0 0 0
<5102921> <hasBronchoscopy> <Bronchoscopy> 0 0 0 0
<5103227> <hasBronchoscopy> <Bronchoscopy> 0 0 0 0
<5103261> <hasBronchoscopy> <Bronchoscopy> 0 0 0 0
<5104855> <hasBronchoscopy> <Bronchoscopy> 0 0 0 0
<5105589> <hasBronchoscopy> <Bronchoscopy> 0 0 0 0
<3510927> <hasBronchoscopy> <Bronchoscopy> 0 0 0 0
<3707095> <hasBronchoscopy> <Bronchoscopy> 0 0 0 0
<3715133> <hasBronchoscopy> <Bronchoscopy> 0 0 0 0
<3802502> <hasBronchoscopy> <Bronchoscopy> 0 0 0 0
<3812243> <hasBronchoscopy> <Bronchoscopy> 0 0 0 0
<415552> <hasBronchoscopy> <Bronchoscopy> 0 0 0 0
<416529> <hasBronchoscopy> <Bronchoscopy> 0 0 0 0
<417206> <hasBronchoscopy> <Bronchoscopy> 0 0 0 0
<4313327> <hasBronchoscopy> <Bronchoscopy> 0 0 0 0
<5104124> <hasBronchoscopy> <Bronchoscopy> 0 0 0 0
<5106254> <hasBronchoscopy> <Bronchoscopy> 0 0 0 0
<5106372> <hasBronchoscopy> <Bronchoscopy> 0 0 0 0
<5106395> <hasBronchoscopy> <Bronchoscopy> 0 0 0 0
<5106490> <hasBronchoscopy> <Bronchoscopy> 0 0 0 0
<5107179> <hasBronchoscopy> <Bronchoscopy> 0 0 0 0
<5109129> <hasBronchoscopy> <Bronchoscopy> 0 0 0 0
<5109297> <hasBronchoscopy> <Bronchoscopy> 0 0 0 0
<5109298> <hasBronchoscopy> <Bronchoscopy> 0 0 0 0
<5109727> <hasBronchoscopy> <Bronchoscopy> 0 0 0 0
<5110669> <hasBronchoscopy> <Bronchoscopy> 0 0 0 0
<5111894> <hasBronchoscopy> <Bronchoscopy> 0 0 0 0
<5112106> <hasBronchoscopy> <Bronchoscopy> 0 0 0 0
<5112289> <hasBronchoscopy> <Bronchoscopy> 0 0 0 0
<5112624> <hasBronchoscopy> <Bronchoscopy> 0 0 0 0
<5113903> <hasBronchoscopy> <Bronchoscopy> 0 0 0 0
<5113940> <hasBronchoscopy> <Bronchoscopy> 0 0 0 0
<5116019> <hasBronchoscopy> <Bronchoscopy> 0 0 0 0
<5116372> <hasBronchoscopy> <Bronchoscopy> 0 0 0 0
<5116968> <hasBronchoscopy> <Bronchoscopy> 0 0 0 0
<512357> <hasBronchoscopy> <Bronchoscopy> 0 0 0 0
<512553> <hasBronchoscopy> <Bronchoscopy> 0 0 0 0
<512606> <hasBronchoscopy> <Bronchoscopy> 0 0 0 0
<512778> <hasBronchoscopy> <Bronchoscopy> 0 0 0 0
<512810> <hasBronchoscopy> <Bronchoscopy> 0 0 0 0
<513074> <hasBronchoscopy> <Bronchoscopy> 0 0 0 0
<513121> <hasBronchoscopy> <Bronchoscopy> 0 0 0 0
<513566> <hasBronchoscopy> <Bronchoscopy> 0 0 0 0
<513585> <hasBronchoscopy> <Bronchoscopy> 0 0 0 0
<513739> <hasBronchoscopy> <Bronchoscopy> 0 0 0 0
<514163> <hasBronchoscopy> <Bronchoscopy> 0 0 0 0
<514299> <hasBronchoscopy> <Bronchoscopy> 0 0 0 0
<514363> <hasBronchoscopy> <Bronchoscopy> 0 0 0 0
<514365> <hasBronchoscopy> <Bronchoscopy> 0 0 0 0
<514412> <hasBronchoscopy> <Bronchoscopy> 0 0 0 0
<516118> <hasBronchoscopy> <Bronchoscopy> 0 0 0 0
<516152> <hasBronchoscopy> <Bronchoscopy> 0 0 0 0
<516224> <hasBronchoscopy> <Bronchoscopy> 0 0 0 0
<517149> <hasBronchoscopy> <Bronchoscopy> 0 0 0 0
<5301978> <hasBronchoscopy> <Bronchoscopy> 0 0 0 0
<5303091> <hasBronchoscopy> <Bronchoscopy> 0 0 0 0
<5310666> <hasBronchoscopy> <Bronchoscopy> 0 0 0 0
<5311779> <hasBronchoscopy> <Bronchoscopy> 0 0 0 0
<5312676> <hasBronchoscopy> <Bronchoscopy> 0 0 0 0
<5313297> <hasBronchoscopy> <Bronchoscopy> 0 0 0 0
<5313315> <hasBronchoscopy> <Bronchoscopy> 0 0 0 0
<5313839> <hasBronchoscopy> <Bronchoscopy> 0 0 0 0
<5313928> <hasBronchoscopy> <Bronchoscopy> 0 0 0 0
<5314612> <hasBronchoscopy> <Bronchoscopy> 0 0 0 0
<5314616> <hasBronchoscopy> <Bronchoscopy> 0 0 0 0
<5314733> <hasBronchoscopy> <Bronchoscopy> 0 0 0 0
<5314795> <hasBronchoscopy> <Bronchoscopy> 0 0 0 0
<5315428> <hasBronchoscopy> <Bronchoscopy> 0 0 0 0
<5315504> <hasBronchoscopy> <Bronchoscopy> 0 0 0 0
<5315548> <hasBronchoscopy> <Bronchoscopy> 0 0 0 0
<5315716> <hasBronchoscopy> <Bronchoscopy> 0 0 0 0
<5315751> <hasBronchoscopy> <Bronchoscopy> 0 0 0 0
<5315776> <hasBronchoscopy> <Bronchoscopy> 0 0 0 0
<5315951> <hasBronchoscopy> <Bronchoscopy> 0 0 0 0
<5316166> <hasBronchoscopy> <Bronchoscopy> 0 0 0 0
<5316276> <hasBronchoscopy> <Bronchoscopy> 0 0 0 0
<5316416> <hasBronchoscopy> <Bronchoscopy> 0 0 0 0
<5316440> <hasBronchoscopy> <Bronchoscopy> 0 0 0 0
<5316540> <hasBronchoscopy> <Bronchoscopy> 0 0 0 0
<5316553> <hasBronchoscopy> <Bronchoscopy> 0 0 0 0
<5316643> <hasBronchoscopy> <Bronchoscopy> 0 0 0 0
<5316682> <hasBronchoscopy> <Bronchoscopy> 0 0 0 0
<5317076> <hasBronchoscopy> <Bronchoscopy> 0 0 0 0
<5317325> <hasBronchoscopy> <Bronchoscopy> 0 0 0 0
<5317387> <hasBronchoscopy> <Bronchoscopy> 0 0 0 0
<5501634> <hasBronchoscopy> <Bronchoscopy> 0 0 0 0
<5501808> <hasBronchoscopy> <Bronchoscopy> 0 0 0 0
<6300371> <hasBronchoscopy> <Bronchoscopy> 0 0 0 0
<6301771> <hasBronchoscopy> <Bronchoscopy> 0 0 0 0
<6311831> <hasBronchoscopy> <Bronchoscopy> 0 0 0 0
<6312231> <hasBronchoscopy> <Bronchoscopy> 0 0 0 0
<6312681> <hasBronchoscopy> <Bronchoscopy> 0 0 0 0
<6312816> <hasBronchoscopy> <Bronchoscopy> 0 0 0 0
<6312879> <hasBronchoscopy> <Bronchoscopy> 0 0 0 0
<6314224> <hasBronchoscopy> <Bronchoscopy> 0 0 0 0
<6315248> <hasBronchoscopy> <Bronchoscopy> 0 0 0 0
<6315374> <hasBronchoscopy> <Bronchoscopy> 0 0 0 0
<5106741> <hasBronchoscopy> <Bronchoscopy> 0 0 0 0
<5107705> <hasBronchoscopy> <Bronchoscopy> 0 0 0 0
<5109726> <hasBronchoscopy> <Bronchoscopy> 0 0 0 0
<5110386> <hasBronchoscopy> <Bronchoscopy> 0 0 0 0
<5111688> <hasBronchoscopy> <Bronchoscopy> 0 0 0 0
<5113216> <hasBronchoscopy> <Bronchoscopy> 0 0 0 0
<513262> <hasBronchoscopy> <Bronchoscopy> 0 0 0 0
<514181> <hasBronchoscopy> <Bronchoscopy> 0 0 0 0
<5313581> <hasBronchoscopy> <Bronchoscopy> 0 0 0 0
<5313712> <hasBronchoscopy> <Bronchoscopy> 0 0 0 0
<5316305> <hasBronchoscopy> <Bronchoscopy> 0 0 0 0
<5505898> <hasBronchoscopy> <Bronchoscopy> 0 0 0 0
<6315936> <hasBronchoscopy> <Bronchoscopy> 0 0 0 0
<6315953> <hasBronchoscopy> <Bronchoscopy> 0 0 0 0
<6316716> <hasBronchoscopy> <Bronchoscopy> 0 0 0 0
<6316917> <hasBronchoscopy> <Bronchoscopy> 0 0 0 0
<6402676> <hasBronchoscopy> <Bronchoscopy> 0 0 0 0
<6402680> <hasBronchoscopy> <Bronchoscopy> 0 0 0 0
<701761> <hasBronchoscopy> <Bronchoscopy> 0 0 0 0
<703625> <hasBronchoscopy> <Bronchoscopy> 0 0 0 0
<703741> <hasBronchoscopy> <Bronchoscopy> 0 0 0 0
<705382> <hasBronchoscopy> <Bronchoscopy> 0 0 0 0
<706444> <hasBronchoscopy> <Bronchoscopy> 0 0 0 0
<7101193> <hasBronchoscopy> <Bronchoscopy> 0 0 0 0
<710428> <hasBronchoscopy> <Bronchoscopy> 0 0 0 0
<7105399> <hasBronchoscopy> <Bronchoscopy> 0 0 0 0
<710659> <hasBronchoscopy> <Bronchoscopy> 0 0 0 0
<710824> <hasBronchoscopy> <Bronchoscopy> 0 0 0 0
<716289> <hasBronchoscopy> <Bronchoscopy> 0 0 0 0
<7216018> <hasBronchoscopy> <Bronchoscopy> 0 0 0 0
<7404251> <hasBronchoscopy> <Bronchoscopy> 0 0 0 0
<900437> <hasBronchoscopy> <Bronchoscopy> 0 0 0 0
<900829> <hasBronchoscopy> <Bronchoscopy> 0 0 0 0
<907158> <hasBronchoscopy> <Bronchoscopy> 0 0 0 0
<909767> <hasBronchoscopy> <Bronchoscopy> 0 0 0 0
<917128> <hasBronchoscopy> <Bronchoscopy> 0 0 0 0
<9408695> <hasBronchoscopy> <Bronchoscopy> 0 0 0 0
<9408736> <hasBronchoscopy> <Bronchoscopy> 0 0 0 0
<9701709> <hasBronchoscopy> <Bronchoscopy> 0 0 0 0
<9704798> <hasBronchoscopy> <Bronchoscopy> 0 0 0 0
<9705415> <hasBronchoscopy> <Bronchoscopy> 0 0 0 0
<9709885> <hasBronchoscopy> <Bronchoscopy> 0 0 0 0
<9709889> <hasBronchoscopy> <Bronchoscopy> 0 0 0 0
<9711718> <hasBronchoscopy> <Bronchoscopy> 0 0 0 0
<9712714> <hasBronchoscopy> <Bronchoscopy> 0 0 0 0
<9804314> <hasBronchoscopy> <Bronchoscopy> 0 0 0 0
<9909293> <hasBronchoscopy> <Bronchoscopy> 0 0 0 0
<9909857> <hasBronchoscopy> <Bronchoscopy> 0 0 0 0
<6402756> <hasBronchoscopy> <Bronchoscopy> 0 0 0 0
<6605729> <hasBronchoscopy> <Bronchoscopy> 0 0 0 0
<701629> <hasBronchoscopy> <Bronchoscopy> 0 0 0 0
<712584> <hasBronchoscopy> <Bronchoscopy> 0 0 0 0
<916867> <hasBronchoscopy> <Bronchoscopy> 0 0 0 0
<916899> <hasBronchoscopy> <Bronchoscopy> 0 0 0 0
<9704478> <hasBronchoscopy> <Bronchoscopy> 0 0 0 0
<9704907> <hasBronchoscopy> <Bronchoscopy> 0 0 0 0
<3306067> <hasBronchoscopy> <Bronchoscopy> 0 0 0 0
<411545> <hasBronchoscopy> <Bronchoscopy> 0 0 0 0
