<100408> <smokerType> <HeavySmoker> 0 0 0 0
<1006654> <smokerType> <HeavySmoker> 0 0 0 0
<101502> <smokerType> <HeavySmoker> 0 0 0 0
<1006642> <smokerType> <HeavySmoker> 0 0 0 0
<102200> <smokerType> <HeavySmoker> 0 0 0 0
<102973> <smokerType> <ModerateSmoker> 0 0 0 0
<103632> <smokerType> <VeryHeavySmoker> 0 0 0 0
<103794> <smokerType> <ModerateSmoker> 0 0 0 0
<10600742> <smokerType> <VeryHeavySmoker> 0 0 0 0
<10600758> <smokerType> <HeavySmoker> 0 0 0 0
<10600760> <smokerType> <HeavySmoker> 0 0 0 0
<10612213> <smokerType> <ModerateSmoker> 0 0 0 0
<10612970> <smokerType> <VeryHeavySmoker> 0 0 0 0
<10612979> <smokerType> <HeavySmoker> 0 0 0 0
<10615295> <smokerType> <HeavySmoker> 0 0 0 0
<108059> <smokerType> <VeryHeavySmoker> 0 0 0 0
<10810457> <smokerType> <HeavySmoker> 0 0 0 0
<10816593> <smokerType> <VeryHeavySmoker> 0 0 0 0
<10817080> <smokerType> <VeryHeavySmoker> 0 0 0 0
<109384> <smokerType> <HeavySmoker> 0 0 0 0
<109742> <smokerType> <VeryHeavySmoker> 0 0 0 0
<110137> <smokerType> <HeavySmoker> 0 0 0 0
<110249> <smokerType> <VeryHeavySmoker> 0 0 0 0
<111385> <smokerType> <HeavySmoker> 0 0 0 0
<111410> <smokerType> <VeryHeavySmoker> 0 0 0 0
<101944> <smokerType> <HeavySmoker> 0 0 0 0
<102953> <smokerType> <HeavySmoker> 0 0 0 0
<104441> <smokerType> <HeavySmoker> 0 0 0 0
<10610638> <smokerType> <HeavySmoker> 0 0 0 0
<111281> <smokerType> <ModerateSmoker> 0 0 0 0
<112498> <smokerType> <VeryHeavySmoker> 0 0 0 0
<112632> <smokerType> <HeavySmoker> 0 0 0 0
<11311912> <smokerType> <HeavySmoker> 0 0 0 0
<11311998> <smokerType> <HeavySmoker> 0 0 0 0
<11312470> <smokerType> <HeavySmoker> 0 0 0 0
<11312885> <smokerType> <ModerateSmoker> 0 0 0 0
<11313474> <smokerType> <HeavySmoker> 0 0 0 0
<11911710> <smokerType> <HeavySmoker> 0 0 0 0
<11911755> <smokerType> <HeavySmoker> 0 0 0 0
<1200110> <smokerType> <ModerateSmoker> 0 0 0 0
<1200983> <smokerType> <HeavySmoker> 0 0 0 0
<1201896> <smokerType> <HeavySmoker> 0 0 0 0
<1202556> <smokerType> <VeryHeavySmoker> 0 0 0 0
<1202727> <smokerType> <HeavySmoker> 0 0 0 0
<1204240> <smokerType> <ModerateSmoker> 0 0 0 0
<1213445> <smokerType> <VeryHeavySmoker> 0 0 0 0
<1213684> <smokerType> <ModerateSmoker> 0 0 0 0
<1216563> <smokerType> <HeavySmoker> 0 0 0 0
<12914241> <smokerType> <ModerateSmoker> 0 0 0 0
<12914269> <smokerType> <VeryHeavySmoker> 0 0 0 0
<12914317> <smokerType> <HeavySmoker> 0 0 0 0
<112838> <smokerType> <HeavySmoker> 0 0 0 0
<1300459> <smokerType> <HeavySmoker> 0 0 0 0
<1300784> <smokerType> <VeryHeavySmoker> 0 0 0 0
<1300785> <smokerType> <HeavySmoker> 0 0 0 0
<1300921> <smokerType> <VeryHeavySmoker> 0 0 0 0
<1302643> <smokerType> <VeryHeavySmoker> 0 0 0 0
<1303491> <smokerType> <HeavySmoker> 0 0 0 0
<1303609> <smokerType> <VeryHeavySmoker> 0 0 0 0
<1305546> <smokerType> <HeavySmoker> 0 0 0 0
<1305681> <smokerType> <ModerateSmoker> 0 0 0 0
<1305772> <smokerType> <ModerateSmoker> 0 0 0 0
<1306156> <smokerType> <HeavySmoker> 0 0 0 0
<1306191> <smokerType> <VeryHeavySmoker> 0 0 0 0
<1306322> <smokerType> <VeryHeavySmoker> 0 0 0 0
<1306324> <smokerType> <HeavySmoker> 0 0 0 0
<1306364> <smokerType> <VeryHeavySmoker> 0 0 0 0
<1309535> <smokerType> <HeavySmoker> 0 0 0 0
<1310021> <smokerType> <VeryHeavySmoker> 0 0 0 0
<1310734> <smokerType> <ModerateSmoker> 0 0 0 0
<1311013> <smokerType> <HeavySmoker> 0 0 0 0
<1312920> <smokerType> <HeavySmoker> 0 0 0 0
<1313397> <smokerType> <VeryHeavySmoker> 0 0 0 0
<1313450> <smokerType> <HeavySmoker> 0 0 0 0
<1313467> <smokerType> <HeavySmoker> 0 0 0 0
<1306378> <smokerType> <HeavySmoker> 0 0 0 0
<1314557> <smokerType> <HeavySmoker> 0 0 0 0
<1314845> <smokerType> <VeryHeavySmoker> 0 0 0 0
<1314954> <smokerType> <VeryHeavySmoker> 0 0 0 0
<1315486> <smokerType> <VeryHeavySmoker> 0 0 0 0
<1316052> <smokerType> <VeryHeavySmoker> 0 0 0 0
<14603600> <smokerType> <HeavySmoker> 0 0 0 0
<14707068> <smokerType> <ModerateSmoker> 0 0 0 0
<1501048> <smokerType> <VeryHeavySmoker> 0 0 0 0
<1501053> <smokerType> <HeavySmoker> 0 0 0 0
<1503604> <smokerType> <ModerateSmoker> 0 0 0 0
<1505968> <smokerType> <HeavySmoker> 0 0 0 0
<1509160> <smokerType> <VeryHeavySmoker> 0 0 0 0
<1509362> <smokerType> <ModerateSmoker> 0 0 0 0
<1509598> <smokerType> <VeryHeavySmoker> 0 0 0 0
<1509633> <smokerType> <ModerateSmoker> 0 0 0 0
<1509739> <smokerType> <HeavySmoker> 0 0 0 0
<1511068> <smokerType> <HeavySmoker> 0 0 0 0
<1511091> <smokerType> <VeryHeavySmoker> 0 0 0 0
<1511132> <smokerType> <ModerateSmoker> 0 0 0 0
<1511166> <smokerType> <HeavySmoker> 0 0 0 0
<1511177> <smokerType> <VeryHeavySmoker> 0 0 0 0
<1511189> <smokerType> <VeryHeavySmoker> 0 0 0 0
<1516698> <smokerType> <VeryHeavySmoker> 0 0 0 0
<15701407> <smokerType> <HeavySmoker> 0 0 0 0
<15702833> <smokerType> <VeryHeavySmoker> 0 0 0 0
<1314987> <smokerType> <VeryHeavySmoker> 0 0 0 0
<1315145> <smokerType> <VeryHeavySmoker> 0 0 0 0
<1504387> <smokerType> <ModerateSmoker> 0 0 0 0
<1511155> <smokerType> <VeryHeavySmoker> 0 0 0 0
<1511183> <smokerType> <VeryHeavySmoker> 0 0 0 0
<15700120> <smokerType> <HeavySmoker> 0 0 0 0
<15701719> <smokerType> <VeryHeavySmoker> 0 0 0 0
<15706245> <smokerType> <VeryHeavySmoker> 0 0 0 0
<15706389> <smokerType> <HeavySmoker> 0 0 0 0
<15709795> <smokerType> <ModerateSmoker> 0 0 0 0
<15714633> <smokerType> <HeavySmoker> 0 0 0 0
<15715011> <smokerType> <HeavySmoker> 0 0 0 0
<1804205> <smokerType> <HeavySmoker> 0 0 0 0
<201560> <smokerType> <VeryHeavySmoker> 0 0 0 0
<201570> <smokerType> <HeavySmoker> 0 0 0 0
<201865> <smokerType> <HeavySmoker> 0 0 0 0
<201942> <smokerType> <HeavySmoker> 0 0 0 0
<202043> <smokerType> <HeavySmoker> 0 0 0 0
<202134> <smokerType> <HeavySmoker> 0 0 0 0
<202219> <smokerType> <VeryHeavySmoker> 0 0 0 0
<202283> <smokerType> <VeryHeavySmoker> 0 0 0 0
<202451> <smokerType> <HeavySmoker> 0 0 0 0
<202788> <smokerType> <HeavySmoker> 0 0 0 0
<203200> <smokerType> <HeavySmoker> 0 0 0 0
<204154> <smokerType> <HeavySmoker> 0 0 0 0
<204212> <smokerType> <VeryHeavySmoker> 0 0 0 0
<204339> <smokerType> <ModerateSmoker> 0 0 0 0
<204391> <smokerType> <HeavySmoker> 0 0 0 0
<205015> <smokerType> <VeryHeavySmoker> 0 0 0 0
<205077> <smokerType> <HeavySmoker> 0 0 0 0
<205098> <smokerType> <HeavySmoker> 0 0 0 0
<205587> <smokerType> <HeavySmoker> 0 0 0 0
<206084> <smokerType> <HeavySmoker> 0 0 0 0
<206805> <smokerType> <HeavySmoker> 0 0 0 0
<207180> <smokerType> <HeavySmoker> 0 0 0 0
<207234> <smokerType> <HeavySmoker> 0 0 0 0
<207458> <smokerType> <HeavySmoker> 0 0 0 0
<201478> <smokerType> <VeryHeavySmoker> 0 0 0 0
<202107> <smokerType> <HeavySmoker> 0 0 0 0
<202607> <smokerType> <VeryHeavySmoker> 0 0 0 0
<204162> <smokerType> <ModerateSmoker> 0 0 0 0
<206236> <smokerType> <HeavySmoker> 0 0 0 0
<208874> <smokerType> <HeavySmoker> 0 0 0 0
<209571> <smokerType> <HeavySmoker> 0 0 0 0
<209969> <smokerType> <ModerateSmoker> 0 0 0 0
<2102498> <smokerType> <HeavySmoker> 0 0 0 0
<2104977> <smokerType> <HeavySmoker> 0 0 0 0
<2107173> <smokerType> <ModerateSmoker> 0 0 0 0
<2107255> <smokerType> <HeavySmoker> 0 0 0 0
<2107765> <smokerType> <ModerateSmoker> 0 0 0 0
<2107766> <smokerType> <HeavySmoker> 0 0 0 0
<2110957> <smokerType> <VeryHeavySmoker> 0 0 0 0
<2111481> <smokerType> <HeavySmoker> 0 0 0 0
<2117005> <smokerType> <HeavySmoker> 0 0 0 0
<212151> <smokerType> <ModerateSmoker> 0 0 0 0
<212447> <smokerType> <VeryHeavySmoker> 0 0 0 0
<214991> <smokerType> <ModerateSmoker> 0 0 0 0
<215277> <smokerType> <VeryHeavySmoker> 0 0 0 0
<216099> <smokerType> <VeryHeavySmoker> 0 0 0 0
<217116> <smokerType> <HeavySmoker> 0 0 0 0
<2300033> <smokerType> <VeryHeavySmoker> 0 0 0 0
<2300352> <smokerType> <HeavySmoker> 0 0 0 0
<2302621> <smokerType> <ModerateSmoker> 0 0 0 0
<208039> <smokerType> <HeavySmoker> 0 0 0 0
<210100> <smokerType> <HeavySmoker> 0 0 0 0
<211419> <smokerType> <HeavySmoker> 0 0 0 0
<215252> <smokerType> <HeavySmoker> 0 0 0 0
<2304232> <smokerType> <HeavySmoker> 0 0 0 0
<2304455> <smokerType> <HeavySmoker> 0 0 0 0
<2304643> <smokerType> <HeavySmoker> 0 0 0 0
<2304764> <smokerType> <ModerateSmoker> 0 0 0 0
<2305244> <smokerType> <HeavySmoker> 0 0 0 0
<2305249> <smokerType> <HeavySmoker> 0 0 0 0
<2306175> <smokerType> <HeavySmoker> 0 0 0 0
<2306874> <smokerType> <ModerateSmoker> 0 0 0 0
<2311652> <smokerType> <HeavySmoker> 0 0 0 0
<2312644> <smokerType> <ModerateSmoker> 0 0 0 0
<2407271> <smokerType> <HeavySmoker> 0 0 0 0
<2408589> <smokerType> <HeavySmoker> 0 0 0 0
<2505055> <smokerType> <HeavySmoker> 0 0 0 0
<2803881> <smokerType> <ModerateSmoker> 0 0 0 0
<2804371> <smokerType> <VeryHeavySmoker> 0 0 0 0
<2806131> <smokerType> <VeryHeavySmoker> 0 0 0 0
<2806971> <smokerType> <VeryHeavySmoker> 0 0 0 0
<2807330> <smokerType> <HeavySmoker> 0 0 0 0
<2808917> <smokerType> <VeryHeavySmoker> 0 0 0 0
<2809391> <smokerType> <VeryHeavySmoker> 0 0 0 0
<2810269> <smokerType> <HeavySmoker> 0 0 0 0
<2812738> <smokerType> <HeavySmoker> 0 0 0 0
<2303277> <smokerType> <HeavySmoker> 0 0 0 0
<2306829> <smokerType> <VeryHeavySmoker> 0 0 0 0
<2816581> <smokerType> <HeavySmoker> 0 0 0 0
<2903135> <smokerType> <ModerateSmoker> 0 0 0 0
<2911369> <smokerType> <ModerateSmoker> 0 0 0 0
<2917358> <smokerType> <HeavySmoker> 0 0 0 0
<2917360> <smokerType> <HeavySmoker> 0 0 0 0
<2917468> <smokerType> <ModerateSmoker> 0 0 0 0
<300330> <smokerType> <HeavySmoker> 0 0 0 0
<300346> <smokerType> <ModerateSmoker> 0 0 0 0
<3005655> <smokerType> <HeavySmoker> 0 0 0 0
<3006697> <smokerType> <ModerateSmoker> 0 0 0 0
<3007078> <smokerType> <HeavySmoker> 0 0 0 0
<300864> <smokerType> <HeavySmoker> 0 0 0 0
<3011388> <smokerType> <HeavySmoker> 0 0 0 0
<301446> <smokerType> <HeavySmoker> 0 0 0 0
<3017515> <smokerType> <HeavySmoker> 0 0 0 0
<302691> <smokerType> <HeavySmoker> 0 0 0 0
<303872> <smokerType> <HeavySmoker> 0 0 0 0
<305126> <smokerType> <VeryHeavySmoker> 0 0 0 0
<300788> <smokerType> <HeavySmoker> 0 0 0 0
<307497> <smokerType> <VeryHeavySmoker> 0 0 0 0
<307590> <smokerType> <HeavySmoker> 0 0 0 0
<307922> <smokerType> <HeavySmoker> 0 0 0 0
<307942> <smokerType> <HeavySmoker> 0 0 0 0
<307946> <smokerType> <VeryHeavySmoker> 0 0 0 0
<308350> <smokerType> <ModerateSmoker> 0 0 0 0
<3105724> <smokerType> <ModerateSmoker> 0 0 0 0
<311904> <smokerType> <HeavySmoker> 0 0 0 0
<314440> <smokerType> <VeryHeavySmoker> 0 0 0 0
<317192> <smokerType> <HeavySmoker> 0 0 0 0
<3304965> <smokerType> <HeavySmoker> 0 0 0 0
<3309709> <smokerType> <HeavySmoker> 0 0 0 0
<3315523> <smokerType> <ModerateSmoker> 0 0 0 0
<3404230> <smokerType> <HeavySmoker> 0 0 0 0
<3405217> <smokerType> <HeavySmoker> 0 0 0 0
<3507856> <smokerType> <HeavySmoker> 0 0 0 0
<3507868> <smokerType> <HeavySmoker> 0 0 0 0
<3508704> <smokerType> <ModerateSmoker> 0 0 0 0
<3508897> <smokerType> <VeryHeavySmoker> 0 0 0 0
<3509176> <smokerType> <HeavySmoker> 0 0 0 0
<3509329> <smokerType> <VeryHeavySmoker> 0 0 0 0
<306852> <smokerType> <VeryHeavySmoker> 0 0 0 0
<307051> <smokerType> <HeavySmoker> 0 0 0 0
<3309478> <smokerType> <VeryHeavySmoker> 0 0 0 0
<3315446> <smokerType> <VeryHeavySmoker> 0 0 0 0
<3509567> <smokerType> <ModerateSmoker> 0 0 0 0
<3509794> <smokerType> <HeavySmoker> 0 0 0 0
<3510016> <smokerType> <HeavySmoker> 0 0 0 0
<3510875> <smokerType> <HeavySmoker> 0 0 0 0
<3514419> <smokerType> <HeavySmoker> 0 0 0 0
<3704636> <smokerType> <HeavySmoker> 0 0 0 0
<3707101> <smokerType> <VeryHeavySmoker> 0 0 0 0
<3708753> <smokerType> <VeryHeavySmoker> 0 0 0 0
<3708774> <smokerType> <VeryHeavySmoker> 0 0 0 0
<3714404> <smokerType> <HeavySmoker> 0 0 0 0
<3801952> <smokerType> <HeavySmoker> 0 0 0 0
<3802331> <smokerType> <ModerateSmoker> 0 0 0 0
<3812386> <smokerType> <ModerateSmoker> 0 0 0 0
<3812575> <smokerType> <VeryHeavySmoker> 0 0 0 0
<3915320> <smokerType> <ModerateSmoker> 0 0 0 0
<407451> <smokerType> <ModerateSmoker> 0 0 0 0
<407631> <smokerType> <HeavySmoker> 0 0 0 0
<409175> <smokerType> <ModerateSmoker> 0 0 0 0
<409382> <smokerType> <HeavySmoker> 0 0 0 0
<409868> <smokerType> <VeryHeavySmoker> 0 0 0 0
<409930> <smokerType> <HeavySmoker> 0 0 0 0
<409948> <smokerType> <VeryHeavySmoker> 0 0 0 0
<410170> <smokerType> <ModerateSmoker> 0 0 0 0
<410505> <smokerType> <HeavySmoker> 0 0 0 0
<412228> <smokerType> <HeavySmoker> 0 0 0 0
<412731> <smokerType> <HeavySmoker> 0 0 0 0
<413291> <smokerType> <HeavySmoker> 0 0 0 0
<413766> <smokerType> <VeryHeavySmoker> 0 0 0 0
<415179> <smokerType> <ModerateSmoker> 0 0 0 0
<415187> <smokerType> <VeryHeavySmoker> 0 0 0 0
<415919> <smokerType> <ModerateSmoker> 0 0 0 0
<416032> <smokerType> <HeavySmoker> 0 0 0 0
<409538> <smokerType> <ModerateSmoker> 0 0 0 0
<410133> <smokerType> <HeavySmoker> 0 0 0 0
<415736> <smokerType> <HeavySmoker> 0 0 0 0
<416777> <smokerType> <VeryHeavySmoker> 0 0 0 0
<417059> <smokerType> <HeavySmoker> 0 0 0 0
<417077> <smokerType> <HeavySmoker> 0 0 0 0
<417176> <smokerType> <HeavySmoker> 0 0 0 0
<417329> <smokerType> <HeavySmoker> 0 0 0 0
<417412> <smokerType> <VeryHeavySmoker> 0 0 0 0
<417424> <smokerType> <VeryHeavySmoker> 0 0 0 0
<4201557> <smokerType> <HeavySmoker> 0 0 0 0
<4301397> <smokerType> <HeavySmoker> 0 0 0 0
<4314000> <smokerType> <VeryHeavySmoker> 0 0 0 0
<4602213> <smokerType> <HeavySmoker> 0 0 0 0
<4603820> <smokerType> <HeavySmoker> 0 0 0 0
<4604553> <smokerType> <HeavySmoker> 0 0 0 0
<4612485> <smokerType> <ModerateSmoker> 0 0 0 0
<4616336> <smokerType> <VeryHeavySmoker> 0 0 0 0
<4910671> <smokerType> <VeryHeavySmoker> 0 0 0 0
<4910673> <smokerType> <HeavySmoker> 0 0 0 0
<4910814> <smokerType> <ModerateSmoker> 0 0 0 0
<4910834> <smokerType> <ModerateSmoker> 0 0 0 0
<4911027> <smokerType> <VeryHeavySmoker> 0 0 0 0
<4911153> <smokerType> <VeryHeavySmoker> 0 0 0 0
<501304> <smokerType> <ModerateSmoker> 0 0 0 0
<501262> <smokerType> <VeryHeavySmoker> 0 0 0 0
<501312> <smokerType> <VeryHeavySmoker> 0 0 0 0
<501321> <smokerType> <HeavySmoker> 0 0 0 0
<501346> <smokerType> <ModerateSmoker> 0 0 0 0
<501352> <smokerType> <HeavySmoker> 0 0 0 0
<502993> <smokerType> <VeryHeavySmoker> 0 0 0 0
<502995> <smokerType> <VeryHeavySmoker> 0 0 0 0
<503033> <smokerType> <VeryHeavySmoker> 0 0 0 0
<503044> <smokerType> <HeavySmoker> 0 0 0 0
<503291> <smokerType> <HeavySmoker> 0 0 0 0
<503765> <smokerType> <HeavySmoker> 0 0 0 0
<503943> <smokerType> <ModerateSmoker> 0 0 0 0
<503957> <smokerType> <HeavySmoker> 0 0 0 0
<503959> <smokerType> <HeavySmoker> 0 0 0 0
<504064> <smokerType> <HeavySmoker> 0 0 0 0
<504131> <smokerType> <VeryHeavySmoker> 0 0 0 0
<504151> <smokerType> <VeryHeavySmoker> 0 0 0 0
<507448> <smokerType> <VeryHeavySmoker> 0 0 0 0
<507468> <smokerType> <HeavySmoker> 0 0 0 0
<507492> <smokerType> <HeavySmoker> 0 0 0 0
<507510> <smokerType> <HeavySmoker> 0 0 0 0
<507514> <smokerType> <HeavySmoker> 0 0 0 0
<507517> <smokerType> <VeryHeavySmoker> 0 0 0 0
<507566> <smokerType> <HeavySmoker> 0 0 0 0
<507734> <smokerType> <VeryHeavySmoker> 0 0 0 0
<507741> <smokerType> <VeryHeavySmoker> 0 0 0 0
<507882> <smokerType> <HeavySmoker> 0 0 0 0
<507898> <smokerType> <HeavySmoker> 0 0 0 0
<508055> <smokerType> <HeavySmoker> 0 0 0 0
<508116> <smokerType> <HeavySmoker> 0 0 0 0
<508416> <smokerType> <HeavySmoker> 0 0 0 0
<508424> <smokerType> <HeavySmoker> 0 0 0 0
<508443> <smokerType> <HeavySmoker> 0 0 0 0
<508518> <smokerType> <HeavySmoker> 0 0 0 0
<508870> <smokerType> <HeavySmoker> 0 0 0 0
<508953> <smokerType> <VeryHeavySmoker> 0 0 0 0
<509012> <smokerType> <HeavySmoker> 0 0 0 0
<509025> <smokerType> <HeavySmoker> 0 0 0 0
<509043> <smokerType> <VeryHeavySmoker> 0 0 0 0
<501345> <smokerType> <HeavySmoker> 0 0 0 0
<507265> <smokerType> <ModerateSmoker> 0 0 0 0
<507560> <smokerType> <VeryHeavySmoker> 0 0 0 0
<509015> <smokerType> <HeavySmoker> 0 0 0 0
<5103184> <smokerType> <ModerateSmoker> 0 0 0 0
<5103615> <smokerType> <HeavySmoker> 0 0 0 0
<5103985> <smokerType> <HeavySmoker> 0 0 0 0
<5104160> <smokerType> <HeavySmoker> 0 0 0 0
<5104449> <smokerType> <ModerateSmoker> 0 0 0 0
<5104720> <smokerType> <HeavySmoker> 0 0 0 0
<5105210> <smokerType> <ModerateSmoker> 0 0 0 0
<5106047> <smokerType> <HeavySmoker> 0 0 0 0
<5106258> <smokerType> <HeavySmoker> 0 0 0 0
<5106292> <smokerType> <HeavySmoker> 0 0 0 0
<5106607> <smokerType> <VeryHeavySmoker> 0 0 0 0
<5106739> <smokerType> <HeavySmoker> 0 0 0 0
<5106771> <smokerType> <HeavySmoker> 0 0 0 0
<5106772> <smokerType> <HeavySmoker> 0 0 0 0
<5106783> <smokerType> <VeryHeavySmoker> 0 0 0 0
<5107283> <smokerType> <HeavySmoker> 0 0 0 0
<5108038> <smokerType> <HeavySmoker> 0 0 0 0
<5108149> <smokerType> <VeryHeavySmoker> 0 0 0 0
<5110978> <smokerType> <ModerateSmoker> 0 0 0 0
<5111637> <smokerType> <HeavySmoker> 0 0 0 0
<5111862> <smokerType> <HeavySmoker> 0 0 0 0
<5112269> <smokerType> <VeryHeavySmoker> 0 0 0 0
<5112506> <smokerType> <ModerateSmoker> 0 0 0 0
<5113887> <smokerType> <HeavySmoker> 0 0 0 0
<5113903> <smokerType> <VeryHeavySmoker> 0 0 0 0
<5107961> <smokerType> <VeryHeavySmoker> 0 0 0 0
<5111726> <smokerType> <VeryHeavySmoker> 0 0 0 0
<5116141> <smokerType> <VeryHeavySmoker> 0 0 0 0
<5116968> <smokerType> <HeavySmoker> 0 0 0 0
<5117390> <smokerType> <ModerateSmoker> 0 0 0 0
<512390> <smokerType> <HeavySmoker> 0 0 0 0
<512434> <smokerType> <HeavySmoker> 0 0 0 0
<512606> <smokerType> <HeavySmoker> 0 0 0 0
<512621> <smokerType> <HeavySmoker> 0 0 0 0
<513014> <smokerType> <VeryHeavySmoker> 0 0 0 0
<513042> <smokerType> <HeavySmoker> 0 0 0 0
<513123> <smokerType> <VeryHeavySmoker> 0 0 0 0
<513205> <smokerType> <HeavySmoker> 0 0 0 0
<513309> <smokerType> <ModerateSmoker> 0 0 0 0
<513366> <smokerType> <HeavySmoker> 0 0 0 0
<513511> <smokerType> <HeavySmoker> 0 0 0 0
<513534> <smokerType> <ModerateSmoker> 0 0 0 0
<513614> <smokerType> <HeavySmoker> 0 0 0 0
<513664> <smokerType> <HeavySmoker> 0 0 0 0
<513665> <smokerType> <HeavySmoker> 0 0 0 0
<513728> <smokerType> <VeryHeavySmoker> 0 0 0 0
<513737> <smokerType> <VeryHeavySmoker> 0 0 0 0
<513787> <smokerType> <HeavySmoker> 0 0 0 0
<513849> <smokerType> <HeavySmoker> 0 0 0 0
<513898> <smokerType> <ModerateSmoker> 0 0 0 0
<513942> <smokerType> <VeryHeavySmoker> 0 0 0 0
<514076> <smokerType> <HeavySmoker> 0 0 0 0
<514223> <smokerType> <HeavySmoker> 0 0 0 0
<514308> <smokerType> <HeavySmoker> 0 0 0 0
<514323> <smokerType> <HeavySmoker> 0 0 0 0
<514351> <smokerType> <ModerateSmoker> 0 0 0 0
<514383> <smokerType> <HeavySmoker> 0 0 0 0
<514415> <smokerType> <ModerateSmoker> 0 0 0 0
<514457> <smokerType> <HeavySmoker> 0 0 0 0
<515722> <smokerType> <HeavySmoker> 0 0 0 0
<515850> <smokerType> <VeryHeavySmoker> 0 0 0 0
<516124> <smokerType> <HeavySmoker> 0 0 0 0
<516220> <smokerType> <HeavySmoker> 0 0 0 0
<516230> <smokerType> <VeryHeavySmoker> 0 0 0 0
<516277> <smokerType> <ModerateSmoker> 0 0 0 0
<516590> <smokerType> <VeryHeavySmoker> 0 0 0 0
<516691> <smokerType> <HeavySmoker> 0 0 0 0
<516779> <smokerType> <HeavySmoker> 0 0 0 0
<5301002> <smokerType> <HeavySmoker> 0 0 0 0
<5301600> <smokerType> <HeavySmoker> 0 0 0 0
<5303206> <smokerType> <HeavySmoker> 0 0 0 0
<5303984> <smokerType> <VeryHeavySmoker> 0 0 0 0
<5303990> <smokerType> <VeryHeavySmoker> 0 0 0 0
<5115708> <smokerType> <HeavySmoker> 0 0 0 0
<513129> <smokerType> <HeavySmoker> 0 0 0 0
<514139> <smokerType> <ModerateSmoker> 0 0 0 0
<515835> <smokerType> <HeavySmoker> 0 0 0 0
<5302675> <smokerType> <ModerateSmoker> 0 0 0 0
<5304866> <smokerType> <VeryHeavySmoker> 0 0 0 0
<5305648> <smokerType> <HeavySmoker> 0 0 0 0
<5305803> <smokerType> <HeavySmoker> 0 0 0 0
<5311833> <smokerType> <HeavySmoker> 0 0 0 0
<5312321> <smokerType> <VeryHeavySmoker> 0 0 0 0
<5312336> <smokerType> <ModerateSmoker> 0 0 0 0
<5313323> <smokerType> <VeryHeavySmoker> 0 0 0 0
<5313390> <smokerType> <HeavySmoker> 0 0 0 0
<5313761> <smokerType> <ModerateSmoker> 0 0 0 0
<5313865> <smokerType> <HeavySmoker> 0 0 0 0
<5314103> <smokerType> <ModerateSmoker> 0 0 0 0
<5314497> <smokerType> <VeryHeavySmoker> 0 0 0 0
<5315035> <smokerType> <VeryHeavySmoker> 0 0 0 0
<5315048> <smokerType> <HeavySmoker> 0 0 0 0
<5315595> <smokerType> <HeavySmoker> 0 0 0 0
<5315791> <smokerType> <VeryHeavySmoker> 0 0 0 0
<5315924> <smokerType> <HeavySmoker> 0 0 0 0
<5316016> <smokerType> <HeavySmoker> 0 0 0 0
<5316357> <smokerType> <VeryHeavySmoker> 0 0 0 0
<5316484> <smokerType> <VeryHeavySmoker> 0 0 0 0
<5317224> <smokerType> <VeryHeavySmoker> 0 0 0 0
<5502156> <smokerType> <ModerateSmoker> 0 0 0 0
<5502736> <smokerType> <VeryHeavySmoker> 0 0 0 0
<5505273> <smokerType> <HeavySmoker> 0 0 0 0
<5505396> <smokerType> <HeavySmoker> 0 0 0 0
<5505470> <smokerType> <HeavySmoker> 0 0 0 0
<5505551> <smokerType> <HeavySmoker> 0 0 0 0
<5505896> <smokerType> <ModerateSmoker> 0 0 0 0
<5507870> <smokerType> <VeryHeavySmoker> 0 0 0 0
<5511334> <smokerType> <ModerateSmoker> 0 0 0 0
<5512084> <smokerType> <VeryHeavySmoker> 0 0 0 0
<5815258> <smokerType> <VeryHeavySmoker> 0 0 0 0
<6300143> <smokerType> <HeavySmoker> 0 0 0 0
<6302601> <smokerType> <HeavySmoker> 0 0 0 0
<5313500> <smokerType> <HeavySmoker> 0 0 0 0
<5313712> <smokerType> <VeryHeavySmoker> 0 0 0 0
<5313972> <smokerType> <VeryHeavySmoker> 0 0 0 0
<5314529> <smokerType> <ModerateSmoker> 0 0 0 0
<5315597> <smokerType> <VeryHeavySmoker> 0 0 0 0
<5315783> <smokerType> <HeavySmoker> 0 0 0 0
<5315889> <smokerType> <ModerateSmoker> 0 0 0 0
<5316015> <smokerType> <VeryHeavySmoker> 0 0 0 0
<5317505> <smokerType> <HeavySmoker> 0 0 0 0
<5509601> <smokerType> <HeavySmoker> 0 0 0 0
<5813282> <smokerType> <VeryHeavySmoker> 0 0 0 0
<6304758> <smokerType> <HeavySmoker> 0 0 0 0
<6304854> <smokerType> <ModerateSmoker> 0 0 0 0
<6311701> <smokerType> <HeavySmoker> 0 0 0 0
<6311706> <smokerType> <HeavySmoker> 0 0 0 0
<6311987> <smokerType> <VeryHeavySmoker> 0 0 0 0
<6312226> <smokerType> <ModerateSmoker> 0 0 0 0
<6312317> <smokerType> <HeavySmoker> 0 0 0 0
<6312379> <smokerType> <VeryHeavySmoker> 0 0 0 0
<6315216> <smokerType> <HeavySmoker> 0 0 0 0
<6315246> <smokerType> <ModerateSmoker> 0 0 0 0
<6315248> <smokerType> <HeavySmoker> 0 0 0 0
<6315294> <smokerType> <HeavySmoker> 0 0 0 0
<6315298> <smokerType> <VeryHeavySmoker> 0 0 0 0
<6315421> <smokerType> <VeryHeavySmoker> 0 0 0 0
<6315572> <smokerType> <HeavySmoker> 0 0 0 0
<6316918> <smokerType> <VeryHeavySmoker> 0 0 0 0
<6317028> <smokerType> <VeryHeavySmoker> 0 0 0 0
<6317141> <smokerType> <ModerateSmoker> 0 0 0 0
<6317169> <smokerType> <VeryHeavySmoker> 0 0 0 0
<6317276> <smokerType> <HeavySmoker> 0 0 0 0
<6402271> <smokerType> <ModerateSmoker> 0 0 0 0
<701736> <smokerType> <VeryHeavySmoker> 0 0 0 0
<701761> <smokerType> <HeavySmoker> 0 0 0 0
<701794> <smokerType> <ModerateSmoker> 0 0 0 0
<701812> <smokerType> <VeryHeavySmoker> 0 0 0 0
<702150> <smokerType> <HeavySmoker> 0 0 0 0
<702321> <smokerType> <HeavySmoker> 0 0 0 0
<702528> <smokerType> <VeryHeavySmoker> 0 0 0 0
<703772> <smokerType> <HeavySmoker> 0 0 0 0
<704475> <smokerType> <HeavySmoker> 0 0 0 0
<704849> <smokerType> <VeryHeavySmoker> 0 0 0 0
<704852> <smokerType> <VeryHeavySmoker> 0 0 0 0
<705524> <smokerType> <HeavySmoker> 0 0 0 0
<706766> <smokerType> <VeryHeavySmoker> 0 0 0 0
<707471> <smokerType> <HeavySmoker> 0 0 0 0
<707694> <smokerType> <HeavySmoker> 0 0 0 0
<6311452> <smokerType> <VeryHeavySmoker> 0 0 0 0
<6315455> <smokerType> <HeavySmoker> 0 0 0 0
<6317372> <smokerType> <ModerateSmoker> 0 0 0 0
<6605848> <smokerType> <VeryHeavySmoker> 0 0 0 0
<7000300> <smokerType> <ModerateSmoker> 0 0 0 0
<7005923> <smokerType> <HeavySmoker> 0 0 0 0
<709404> <smokerType> <VeryHeavySmoker> 0 0 0 0
<711612> <smokerType> <VeryHeavySmoker> 0 0 0 0
<7404245> <smokerType> <HeavySmoker> 0 0 0 0
<7404249> <smokerType> <HeavySmoker> 0 0 0 0
<7404985> <smokerType> <VeryHeavySmoker> 0 0 0 0
<7405341> <smokerType> <HeavySmoker> 0 0 0 0
<7406108> <smokerType> <HeavySmoker> 0 0 0 0
<7406109> <smokerType> <HeavySmoker> 0 0 0 0
<8310513> <smokerType> <HeavySmoker> 0 0 0 0
<902014> <smokerType> <HeavySmoker> 0 0 0 0
<906980> <smokerType> <HeavySmoker> 0 0 0 0
<908792> <smokerType> <VeryHeavySmoker> 0 0 0 0
<909720> <smokerType> <HeavySmoker> 0 0 0 0
<916864> <smokerType> <ModerateSmoker> 0 0 0 0
<917124> <smokerType> <HeavySmoker> 0 0 0 0
<9409187> <smokerType> <ModerateSmoker> 0 0 0 0
<9409336> <smokerType> <ModerateSmoker> 0 0 0 0
<9409431> <smokerType> <HeavySmoker> 0 0 0 0
<9410572> <smokerType> <HeavySmoker> 0 0 0 0
<9413572> <smokerType> <HeavySmoker> 0 0 0 0
<7404247> <smokerType> <HeavySmoker> 0 0 0 0
<909717> <smokerType> <HeavySmoker> 0 0 0 0
<916562> <smokerType> <HeavySmoker> 0 0 0 0
<9704263> <smokerType> <HeavySmoker> 0 0 0 0
<9705166> <smokerType> <ModerateSmoker> 0 0 0 0
<9705422> <smokerType> <VeryHeavySmoker> 0 0 0 0
<9803214> <smokerType> <HeavySmoker> 0 0 0 0
<9900661> <smokerType> <HeavySmoker> 0 0 0 0
<9909295> <smokerType> <HeavySmoker> 0 0 0 0
<9909855> <smokerType> <HeavySmoker> 0 0 0 0
<9913144> <smokerType> <VeryHeavySmoker> 0 0 0 0
<9914663> <smokerType> <HeavySmoker> 0 0 0 0
<9705424> <smokerType> <HeavySmoker> 0 0 0 0
<9708702> <smokerType> <HeavySmoker> 0 0 0 0
<9911645> <smokerType> <HeavySmoker> 0 0 0 0
<9914486> <smokerType> <HeavySmoker> 0 0 0 0
<1305475> <smokerType> <HeavySmoker> 0 0 0 0
<207693> <smokerType> <HeavySmoker> 0 0 0 0
<501302> <smokerType> <HeavySmoker> 0 0 0 0
<5315399> <smokerType> <ModerateSmoker> 0 0 0 0
<6312090> <smokerType> <ModerateSmoker> 0 0 0 0
<6315587> <smokerType> <HeavySmoker> 0 0 0 0
<6317434> <smokerType> <HeavySmoker> 0 0 0 0
<7013770> <smokerType> <ModerateSmoker> 0 0 0 0
