<9910658> <hasFamilyHistory_familyRelationDegree> <First_Degree> 0 0 0 0
<9417520> <hasFamilyHistory_familyRelationDegree> <Male_First_Degree> 0 0 0 0
<5115623> <hasFamilyHistory_familyRelationDegree> <Female_First_Degree> 0 0 0 0
<903040> <hasFamilyHistory_familyRelationDegree> <Male_First_Degree> 0 0 0 0
<2311860> <hasFamilyHistory_familyRelationDegree> <Male_Second_Degree> 0 0 0 0
<2312286> <hasFamilyHistory_familyRelationDegree> <Second_Degree> 0 0 0 0
<6402246> <hasFamilyHistory_familyRelationDegree> <Female_First_Degree> 0 0 0 0
<907365> <hasFamilyHistory_familyRelationDegree> <Male_Second_Degree> 0 0 0 0
<9712642> <hasFamilyHistory_familyRelationDegree> <Third_Degree> 0 0 0 0
<900696> <hasFamilyHistory_familyRelationDegree> <First_Degree> 0 0 0 0
<906885> <hasFamilyHistory_familyRelationDegree> <Male_First_Degree> 0 0 0 0
<510287> <hasFamilyHistory_familyRelationDegree> <Male_Second_Degree> 0 0 0 0
<7101183> <hasFamilyHistory_familyRelationDegree> <Third_Degree> 0 0 0 0
<911695> <hasFamilyHistory_familyRelationDegree> <Second_Degree> 0 0 0 0
<900697> <hasFamilyHistory_familyRelationDegree> <Female_Second_Degree> 0 0 0 0
<6313336> <hasFamilyHistory_familyRelationDegree> <Female_Second_Degree> 0 0 0 0
<514359> <hasFamilyHistory_familyRelationDegree> <First_Degree> 0 0 0 0
<6402172> <hasFamilyHistory_familyRelationDegree> <Male_First_Degree> 0 0 0 0
<5112421> <hasFamilyHistory_familyRelationDegree> <Female_Third_Degree> 0 0 0 0
<514067> <hasFamilyHistory_familyRelationDegree> <Male_First_Degree> 0 0 0 0
<5313428> <hasFamilyHistory_familyRelationDegree> <Third_Degree> 0 0 0 0
<5313428> <hasFamilyHistory_familyRelationDegree> <Female_Third_Degree> 0 0 0 0
<715073> <hasFamilyHistory_familyRelationDegree> <Second_Degree> 0 0 0 0
<715073> <hasFamilyHistory_familyRelationDegree> <Female_Second_Degree> 0 0 0 0
<9713406> <hasFamilyHistory_familyRelationDegree> <Third_Degree> 0 0 0 0
<9705165> <hasFamilyHistory_familyRelationDegree> <First_Degree> 0 0 0 0
<9704907> <hasFamilyHistory_familyRelationDegree> <Second_Degree> 0 0 0 0
<9704795> <hasFamilyHistory_familyRelationDegree> <Male_First_Degree> 0 0 0 0
<9703511> <hasFamilyHistory_familyRelationDegree> <Third_Degree> 0 0 0 0
<5116128> <hasFamilyHistory_familyRelationDegree> <Male_First_Degree> 0 0 0 0
<513374> <hasFamilyHistory_familyRelationDegree> <Male_Second_Degree> 0 0 0 0
<512432> <hasFamilyHistory_familyRelationDegree> <Male_Third_Degree> 0 0 0 0
<9712297> <hasFamilyHistory_familyRelationDegree> <Female_First_Degree> 0 0 0 0
<906818> <hasFamilyHistory_familyRelationDegree> <Female_First_Degree> 0 0 0 0
<9408687> <hasFamilyHistory_familyRelationDegree> <Female_Third_Degree> 0 0 0 0
<514308> <hasFamilyHistory_familyRelationDegree> <Second_Degree> 0 0 0 0
<5301423> <hasFamilyHistory_familyRelationDegree> <Second_Degree> 0 0 0 0
<6312026> <hasFamilyHistory_familyRelationDegree> <Female_Second_Degree> 0 0 0 0
<2806126> <hasFamilyHistory_familyRelationDegree> <Male_First_Degree> 0 0 0 0
<9414082> <hasFamilyHistory_familyRelationDegree> <Male_Second_Degree> 0 0 0 0
<5111781> <hasFamilyHistory_familyRelationDegree> <Second_Degree> 0 0 0 0
<5501743> <hasFamilyHistory_familyRelationDegree> <First_Degree> 0 0 0 0
<709925> <hasFamilyHistory_familyRelationDegree> <Female_Third_Degree> 0 0 0 0
<3405334> <hasFamilyHistory_familyRelationDegree> <Second_Degree> 0 0 0 0
<4312718> <hasFamilyHistory_familyRelationDegree> <Female_Second_Degree> 0 0 0 0
<2101037> <hasFamilyHistory_familyRelationDegree> <Second_Degree> 0 0 0 0
<5301421> <hasFamilyHistory_familyRelationDegree> <Third_Degree> 0 0 0 0
<513717> <hasFamilyHistory_familyRelationDegree> <First_Degree> 0 0 0 0
<5103143> <hasFamilyHistory_familyRelationDegree> <Second_Degree> 0 0 0 0
<5304884> <hasFamilyHistory_familyRelationDegree> <First_Degree> 0 0 0 0
<5106521> <hasFamilyHistory_familyRelationDegree> <Second_Degree> 0 0 0 0
<5316050> <hasFamilyHistory_familyRelationDegree> <Male_First_Degree> 0 0 0 0
<6314247> <hasFamilyHistory_familyRelationDegree> <First_Degree> 0 0 0 0
<6314247> <hasFamilyHistory_familyRelationDegree> <Female_First_Degree> 0 0 0 0
<5303091> <hasFamilyHistory_familyRelationDegree> <Female_First_Degree> 0 0 0 0
<516707> <hasFamilyHistory_familyRelationDegree> <Male_Third_Degree> 0 0 0 0
<2101037> <hasFamilyHistory_familyRelationDegree> <Male_Second_Degree> 0 0 0 0
<11313191> <hasFamilyHistory_familyRelationDegree> <Female_First_Degree> 0 0 0 0
<9704608> <hasFamilyHistory_familyRelationDegree> <First_Degree> 0 0 0 0
<9409186> <hasFamilyHistory_familyRelationDegree> <Female_Second_Degree> 0 0 0 0
<9703997> <hasFamilyHistory_familyRelationDegree> <Female_Third_Degree> 0 0 0 0
<508434> <hasFamilyHistory_familyRelationDegree> <Male_First_Degree> 0 0 0 0
<6316716> <hasFamilyHistory_familyRelationDegree> <Male_First_Degree> 0 0 0 0
<9409491> <hasFamilyHistory_familyRelationDegree> <First_Degree> 0 0 0 0
<9703654> <hasFamilyHistory_familyRelationDegree> <Female_First_Degree> 0 0 0 0
<710486> <hasFamilyHistory_familyRelationDegree> <First_Degree> 0 0 0 0
<6312362> <hasFamilyHistory_familyRelationDegree> <Second_Degree> 0 0 0 0
<6300707> <hasFamilyHistory_familyRelationDegree> <UNK> 0 0 0 0
<6304739> <hasFamilyHistory_familyRelationDegree> <Second_Degree> 0 0 0 0
<5114908> <hasFamilyHistory_familyRelationDegree> <Second_Degree> 0 0 0 0
<906997> <hasFamilyHistory_familyRelationDegree> <Female_First_Degree> 0 0 0 0
<314433> <hasFamilyHistory_familyRelationDegree> <Second_Degree> 0 0 0 0
<416387> <hasFamilyHistory_familyRelationDegree> <First_Degree> 0 0 0 0
<5313338> <hasFamilyHistory_familyRelationDegree> <Second_Degree> 0 0 0 0
<1505049> <hasFamilyHistory_familyRelationDegree> <Second_Degree> 0 0 0 0
<6317029> <hasFamilyHistory_familyRelationDegree> <Male_Third_Degree> 0 0 0 0
<1306840> <hasFamilyHistory_familyRelationDegree> <Male_Second_Degree> 0 0 0 0
<9417547> <hasFamilyHistory_familyRelationDegree> <First_Degree> 0 0 0 0
<906813> <hasFamilyHistory_familyRelationDegree> <Male_First_Degree> 0 0 0 0
<9415327> <hasFamilyHistory_familyRelationDegree> <Male_Second_Degree> 0 0 0 0
<2303532> <hasFamilyHistory_familyRelationDegree> <Female_Second_Degree> 0 0 0 0
<9713406> <hasFamilyHistory_familyRelationDegree> <Male_Second_Degree> 0 0 0 0
<9408892> <hasFamilyHistory_familyRelationDegree> <Female_First_Degree> 0 0 0 0
<6404042> <hasFamilyHistory_familyRelationDegree> <Male_First_Degree> 0 0 0 0
<411048> <hasFamilyHistory_familyRelationDegree> <Male_First_Degree> 0 0 0 0
<7000307> <hasFamilyHistory_familyRelationDegree> <Female_First_Degree> 0 0 0 0
<2306769> <hasFamilyHistory_familyRelationDegree> <Male_Second_Degree> 0 0 0 0
<2309595> <hasFamilyHistory_familyRelationDegree> <First_Degree> 0 0 0 0
<6314224> <hasFamilyHistory_familyRelationDegree> <First_Degree> 0 0 0 0
<517244> <hasFamilyHistory_familyRelationDegree> <Male_Third_Degree> 0 0 0 0
<5316172> <hasFamilyHistory_familyRelationDegree> <Female_First_Degree> 0 0 0 0
<5314711> <hasFamilyHistory_familyRelationDegree> <Male_First_Degree> 0 0 0 0
<508547> <hasFamilyHistory_familyRelationDegree> <First_Degree> 0 0 0 0
<6317172> <hasFamilyHistory_familyRelationDegree> <Female_First_Degree> 0 0 0 0
<4613026> <hasFamilyHistory_familyRelationDegree> <First_Degree> 0 0 0 0
<7405345> <hasFamilyHistory_familyRelationDegree> <Male_First_Degree> 0 0 0 0
<917235> <hasFamilyHistory_familyRelationDegree> <Male_First_Degree> 0 0 0 0
<513701> <hasFamilyHistory_familyRelationDegree> <Second_Degree> 0 0 0 0
<5313879> <hasFamilyHistory_familyRelationDegree> <Male_Second_Degree> 0 0 0 0
<516650> <hasFamilyHistory_familyRelationDegree> <Male_Third_Degree> 0 0 0 0
<704853> <hasFamilyHistory_familyRelationDegree> <Female_First_Degree> 0 0 0 0
<3508649> <hasFamilyHistory_familyRelationDegree> <Female_Second_Degree> 0 0 0 0
<205540> <hasFamilyHistory_familyRelationDegree> <First_Degree> 0 0 0 0
<1503357> <hasFamilyHistory_familyRelationDegree> <Second_Degree> 0 0 0 0
<202283> <hasFamilyHistory_familyRelationDegree> <First_Degree> 0 0 0 0
<6316995> <hasFamilyHistory_familyRelationDegree> <First_Degree> 0 0 0 0
<3017435> <hasFamilyHistory_familyRelationDegree> <Female_First_Degree> 0 0 0 0
<6315713> <hasFamilyHistory_familyRelationDegree> <Female_First_Degree> 0 0 0 0
<9414355> <hasFamilyHistory_familyRelationDegree> <First_Degree> 0 0 0 0
<908810> <hasFamilyHistory_familyRelationDegree> <First_Degree> 0 0 0 0
<508014> <hasFamilyHistory_familyRelationDegree> <First_Degree> 0 0 0 0
<317298> <hasFamilyHistory_familyRelationDegree> <Second_Degree> 0 0 0 0
<416758> <hasFamilyHistory_familyRelationDegree> <Male_First_Degree> 0 0 0 0
<1213195> <hasFamilyHistory_familyRelationDegree> <First_Degree> 0 0 0 0
<7101195> <hasFamilyHistory_familyRelationDegree> <Male_First_Degree> 0 0 0 0
<5313518> <hasFamilyHistory_familyRelationDegree> <First_Degree> 0 0 0 0
<501274> <hasFamilyHistory_familyRelationDegree> <Male_Second_Degree> 0 0 0 0
<5316002> <hasFamilyHistory_familyRelationDegree> <Second_Degree> 0 0 0 0
<514157> <hasFamilyHistory_familyRelationDegree> <Third_Degree> 0 0 0 0
<909768> <hasFamilyHistory_familyRelationDegree> <Female_First_Degree> 0 0 0 0
<916930> <hasFamilyHistory_familyRelationDegree> <Male_Second_Degree> 0 0 0 0
<514415> <hasFamilyHistory_familyRelationDegree> <Second_Degree> 0 0 0 0
<6316511> <hasFamilyHistory_familyRelationDegree> <Third_Degree> 0 0 0 0
<6317382> <hasFamilyHistory_familyRelationDegree> <Male_First_Degree> 0 0 0 0
<2307332> <hasFamilyHistory_familyRelationDegree> <Male_Second_Degree> 0 0 0 0
<5116396> <hasFamilyHistory_familyRelationDegree> <First_Degree> 0 0 0 0
<515722> <hasFamilyHistory_familyRelationDegree> <Second_Degree> 0 0 0 0
<504150> <hasFamilyHistory_familyRelationDegree> <Female_First_Degree> 0 0 0 0
<516188> <hasFamilyHistory_familyRelationDegree> <Third_Degree> 0 0 0 0
<507517> <hasFamilyHistory_familyRelationDegree> <Female_Second_Degree> 0 0 0 0
<5103266> <hasFamilyHistory_familyRelationDegree> <Second_Degree> 0 0 0 0
<6316989> <hasFamilyHistory_familyRelationDegree> <Male_First_Degree> 0 0 0 0
<6316486> <hasFamilyHistory_familyRelationDegree> <First_Degree> 0 0 0 0
<707424> <hasFamilyHistory_familyRelationDegree> <Male_First_Degree> 0 0 0 0
<6316394> <hasFamilyHistory_familyRelationDegree> <First_Degree> 0 0 0 0
<916889> <hasFamilyHistory_familyRelationDegree> <First_Degree> 0 0 0 0
<2810744> <hasFamilyHistory_familyRelationDegree> <Male_First_Degree> 0 0 0 0
<514461> <hasFamilyHistory_familyRelationDegree> <Female_Second_Degree> 0 0 0 0
<310637> <hasFamilyHistory_familyRelationDegree> <Second_Degree> 0 0 0 0
<310637> <hasFamilyHistory_familyRelationDegree> <Female_Second_Degree> 0 0 0 0
<507555> <hasFamilyHistory_familyRelationDegree> <Second_Degree> 0 0 0 0
<908662> <hasFamilyHistory_familyRelationDegree> <Male_Second_Degree> 0 0 0 0
<907367> <hasFamilyHistory_familyRelationDegree> <Female_First_Degree> 0 0 0 0
<514218> <hasFamilyHistory_familyRelationDegree> <First_Degree> 0 0 0 0
<512587> <hasFamilyHistory_familyRelationDegree> <Third_Degree> 0 0 0 0
<516119> <hasFamilyHistory_familyRelationDegree> <Female_First_Degree> 0 0 0 0
<408739> <hasFamilyHistory_familyRelationDegree> <Male_Second_Degree> 0 0 0 0
<6317437> <hasFamilyHistory_familyRelationDegree> <Second_Degree> 0 0 0 0
<911815> <hasFamilyHistory_familyRelationDegree> <First_Degree> 0 0 0 0
<5108809> <hasFamilyHistory_familyRelationDegree> <Female_First_Degree> 0 0 0 0
<702288> <hasFamilyHistory_familyRelationDegree> <Female_First_Degree> 0 0 0 0
<513875> <hasFamilyHistory_familyRelationDegree> <Female_Second_Degree> 0 0 0 0
<514421> <hasFamilyHistory_familyRelationDegree> <Female_Second_Degree> 0 0 0 0
<513936> <hasFamilyHistory_familyRelationDegree> <Second_Degree> 0 0 0 0
<6316485> <hasFamilyHistory_familyRelationDegree> <Female_First_Degree> 0 0 0 0
<514363> <hasFamilyHistory_familyRelationDegree> <Male_First_Degree> 0 0 0 0
<6316996> <hasFamilyHistory_familyRelationDegree> <First_Degree> 0 0 0 0
<5109585> <hasFamilyHistory_familyRelationDegree> <Male_Third_Degree> 0 0 0 0
<4305873> <hasFamilyHistory_familyRelationDegree> <First_Degree> 0 0 0 0
<107952> <hasFamilyHistory_familyRelationDegree> <Second_Degree> 0 0 0 0
<516245> <hasFamilyHistory_familyRelationDegree> <Second_Degree> 0 0 0 0
<3404233> <hasFamilyHistory_familyRelationDegree> <First_Degree> 0 0 0 0
<3404233> <hasFamilyHistory_familyRelationDegree> <Female_First_Degree> 0 0 0 0
<5104192> <hasFamilyHistory_familyRelationDegree> <Female_First_Degree> 0 0 0 0
<514127> <hasFamilyHistory_familyRelationDegree> <Female_Second_Degree> 0 0 0 0
<15706387> <hasFamilyHistory_familyRelationDegree> <First_Degree> 0 0 0 0
<1315473> <hasFamilyHistory_familyRelationDegree> <Male_Second_Degree> 0 0 0 0
<5104171> <hasFamilyHistory_familyRelationDegree> <Second_Degree> 0 0 0 0
<707917> <hasFamilyHistory_familyRelationDegree> <Male_First_Degree> 0 0 0 0
<704897> <hasFamilyHistory_familyRelationDegree> <Male_Second_Degree> 0 0 0 0
<911699> <hasFamilyHistory_familyRelationDegree> <Male_First_Degree> 0 0 0 0
<7406603> <hasFamilyHistory_familyRelationDegree> <Third_Degree> 0 0 0 0
<6302615> <hasFamilyHistory_familyRelationDegree> <First_Degree> 0 0 0 0
<6313193> <hasFamilyHistory_familyRelationDegree> <First_Degree> 0 0 0 0
<3714404> <hasFamilyHistory_familyRelationDegree> <First_Degree> 0 0 0 0
<513846> <hasFamilyHistory_familyRelationDegree> <First_Degree> 0 0 0 0
<4600822> <hasFamilyHistory_familyRelationDegree> <Third_Degree> 0 0 0 0
<417424> <hasFamilyHistory_familyRelationDegree> <Male_Third_Degree> 0 0 0 0
<513901> <hasFamilyHistory_familyRelationDegree> <Female_Second_Degree> 0 0 0 0
<5107507> <hasFamilyHistory_familyRelationDegree> <Second_Degree> 0 0 0 0
<6316628> <hasFamilyHistory_familyRelationDegree> <First_Degree> 0 0 0 0
<5315224> <hasFamilyHistory_familyRelationDegree> <Female_First_Degree> 0 0 0 0
<2312519> <hasFamilyHistory_familyRelationDegree> <Female_Second_Degree> 0 0 0 0
<2905791> <hasFamilyHistory_familyRelationDegree> <Female_First_Degree> 0 0 0 0
<513365> <hasFamilyHistory_familyRelationDegree> <Female_Second_Degree> 0 0 0 0
<4613026> <hasFamilyHistory_familyRelationDegree> <Male_Second_Degree> 0 0 0 0
<203974> <hasFamilyHistory_familyRelationDegree> <Second_Degree> 0 0 0 0
<9703654> <hasFamilyHistory_familyRelationDegree> <Female_First_Degree> 0 0 0 0
<9408693> <hasFamilyHistory_familyRelationDegree> <First_Degree> 0 0 0 0
<513366> <hasFamilyHistory_familyRelationDegree> <Female_Second_Degree> 0 0 0 0
<6901057> <hasFamilyHistory_familyRelationDegree> <Male_Second_Degree> 0 0 0 0
<908785> <hasFamilyHistory_familyRelationDegree> <First_Degree> 0 0 0 0
<6315789> <hasFamilyHistory_familyRelationDegree> <First_Degree> 0 0 0 0
<201992> <hasFamilyHistory_familyRelationDegree> <Female_Second_Degree> 0 0 0 0
<703754> <hasFamilyHistory_familyRelationDegree> <Male_First_Degree> 0 0 0 0
<512412> <hasFamilyHistory_familyRelationDegree> <Female_First_Degree> 0 0 0 0
<2102772> <hasFamilyHistory_familyRelationDegree> <Male_First_Degree> 0 0 0 0
<416945> <hasFamilyHistory_familyRelationDegree> <Female_Third_Degree> 0 0 0 0
<508232> <hasFamilyHistory_familyRelationDegree> <Female_First_Degree> 0 0 0 0
<5315665> <hasFamilyHistory_familyRelationDegree> <Third_Degree> 0 0 0 0
<5315517> <hasFamilyHistory_familyRelationDegree> <Male_First_Degree> 0 0 0 0
<5316589> <hasFamilyHistory_familyRelationDegree> <First_Degree> 0 0 0 0
<503986> <hasFamilyHistory_familyRelationDegree> <First_Degree> 0 0 0 0
<503986> <hasFamilyHistory_familyRelationDegree> <Male_First_Degree> 0 0 0 0
<514230> <hasFamilyHistory_familyRelationDegree> <Second_Degree> 0 0 0 0
<508558> <hasFamilyHistory_familyRelationDegree> <Third_Degree> 0 0 0 0
<508558> <hasFamilyHistory_familyRelationDegree> <Male_Third_Degree> 0 0 0 0
<5105099> <hasFamilyHistory_familyRelationDegree> <First_Degree> 0 0 0 0
<5111712> <hasFamilyHistory_familyRelationDegree> <Male_Second_Degree> 0 0 0 0
<6315364> <hasFamilyHistory_familyRelationDegree> <Third_Degree> 0 0 0 0
<6900552> <hasFamilyHistory_familyRelationDegree> <Female_First_Degree> 0 0 0 0
<5316046> <hasFamilyHistory_familyRelationDegree> <First_Degree> 0 0 0 0
<507652> <hasFamilyHistory_familyRelationDegree> <Female_First_Degree> 0 0 0 0
<6315993> <hasFamilyHistory_familyRelationDegree> <First_Degree> 0 0 0 0
<5109933> <hasFamilyHistory_familyRelationDegree> <Second_Degree> 0 0 0 0
<3803826> <hasFamilyHistory_familyRelationDegree> <First_Degree> 0 0 0 0
<3005809> <hasFamilyHistory_familyRelationDegree> <Female_First_Degree> 0 0 0 0
<2505019> <hasFamilyHistory_familyRelationDegree> <Female_Second_Degree> 0 0 0 0
<5316305> <hasFamilyHistory_familyRelationDegree> <Male_First_Degree> 0 0 0 0
<5316435> <hasFamilyHistory_familyRelationDegree> <Female_First_Degree> 0 0 0 0
<513374> <hasFamilyHistory_familyRelationDegree> <Female_First_Degree> 0 0 0 0
<6400275> <hasFamilyHistory_familyRelationDegree> <Male_Second_Degree> 0 0 0 0
<5302675> <hasFamilyHistory_familyRelationDegree> <Male_First_Degree> 0 0 0 0
<5113725> <hasFamilyHistory_familyRelationDegree> <Female_Second_Degree> 0 0 0 0
<906894> <hasFamilyHistory_familyRelationDegree> <Female_First_Degree> 0 0 0 0
<214550> <hasFamilyHistory_familyRelationDegree> <Female_First_Degree> 0 0 0 0
<516232> <hasFamilyHistory_familyRelationDegree> <Male_First_Degree> 0 0 0 0
<5315048> <hasFamilyHistory_familyRelationDegree> <Female_First_Degree> 0 0 0 0
<2115663> <hasFamilyHistory_familyRelationDegree> <First_Degree> 0 0 0 0
<508470> <hasFamilyHistory_familyRelationDegree> <UNK> 0 0 0 0
<3507637> <hasFamilyHistory_familyRelationDegree> <Male_Second_Degree> 0 0 0 0
<5102954> <hasFamilyHistory_familyRelationDegree> <First_Degree> 0 0 0 0
<5102954> <hasFamilyHistory_familyRelationDegree> <Female_First_Degree> 0 0 0 0
<7000309> <hasFamilyHistory_familyRelationDegree> <First_Degree> 0 0 0 0
<710825> <hasFamilyHistory_familyRelationDegree> <Second_Degree> 0 0 0 0
<6402955> <hasFamilyHistory_familyRelationDegree> <Male_Second_Degree> 0 0 0 0
<7101185> <hasFamilyHistory_familyRelationDegree> <Second_Degree> 0 0 0 0
<5315716> <hasFamilyHistory_familyRelationDegree> <First_Degree> 0 0 0 0
<2117050> <hasFamilyHistory_familyRelationDegree> <First_Degree> 0 0 0 0
<2117050> <hasFamilyHistory_familyRelationDegree> <Female_First_Degree> 0 0 0 0
<5111781> <hasFamilyHistory_familyRelationDegree> <Female_Second_Degree> 0 0 0 0
<2810270> <hasFamilyHistory_familyRelationDegree> <Male_Second_Degree> 0 0 0 0
<4613269> <hasFamilyHistory_familyRelationDegree> <Female_Third_Degree> 0 0 0 0
<310313> <hasFamilyHistory_familyRelationDegree> <Female_Third_Degree> 0 0 0 0
<9409337> <hasFamilyHistory_familyRelationDegree> <Female_First_Degree> 0 0 0 0
<2302669> <hasFamilyHistory_familyRelationDegree> <First_Degree> 0 0 0 0
<514137> <hasFamilyHistory_familyRelationDegree> <Second_Degree> 0 0 0 0
<107984> <hasFamilyHistory_familyRelationDegree> <First_Degree> 0 0 0 0
<6315347> <hasFamilyHistory_familyRelationDegree> <Third_Degree> 0 0 0 0
<5313815> <hasFamilyHistory_familyRelationDegree> <First_Degree> 0 0 0 0
<513277> <hasFamilyHistory_familyRelationDegree> <Female_First_Degree> 0 0 0 0
<2310705> <hasFamilyHistory_familyRelationDegree> <Male_Second_Degree> 0 0 0 0
<6311504> <hasFamilyHistory_familyRelationDegree> <Female_First_Degree> 0 0 0 0
<5510990> <hasFamilyHistory_familyRelationDegree> <Male_First_Degree> 0 0 0 0
<4601105> <hasFamilyHistory_familyRelationDegree> <Female_Second_Degree> 0 0 0 0
<1509465> <hasFamilyHistory_familyRelationDegree> <Second_Degree> 0 0 0 0
<5106294> <hasFamilyHistory_familyRelationDegree> <First_Degree> 0 0 0 0
<6316134> <hasFamilyHistory_familyRelationDegree> <Female_First_Degree> 0 0 0 0
<516216> <hasFamilyHistory_familyRelationDegree> <Female_Second_Degree> 0 0 0 0
<704307> <hasFamilyHistory_familyRelationDegree> <First_Degree> 0 0 0 0
<4602212> <hasFamilyHistory_familyRelationDegree> <Second_Degree> 0 0 0 0
<5103320> <hasFamilyHistory_familyRelationDegree> <Female_Second_Degree> 0 0 0 0
<417431> <hasFamilyHistory_familyRelationDegree> <Second_Degree> 0 0 0 0
<1509221> <hasFamilyHistory_familyRelationDegree> <Second_Degree> 0 0 0 0
<302295> <hasFamilyHistory_familyRelationDegree> <Female_Third_Degree> 0 0 0 0
<6313193> <hasFamilyHistory_familyRelationDegree> <Female_First_Degree> 0 0 0 0
<911551> <hasFamilyHistory_familyRelationDegree> <First_Degree> 0 0 0 0
<6301799> <hasFamilyHistory_familyRelationDegree> <Female_First_Degree> 0 0 0 0
<3309483> <hasFamilyHistory_familyRelationDegree> <Male_First_Degree> 0 0 0 0
<513968> <hasFamilyHistory_familyRelationDegree> <Male_Third_Degree> 0 0 0 0
<417426> <hasFamilyHistory_familyRelationDegree> <First_Degree> 0 0 0 0
<6313317> <hasFamilyHistory_familyRelationDegree> <First_Degree> 0 0 0 0
<11312166> <hasFamilyHistory_familyRelationDegree> <Female_Second_Degree> 0 0 0 0
<6312816> <hasFamilyHistory_familyRelationDegree> <Second_Degree> 0 0 0 0
<710884> <hasFamilyHistory_familyRelationDegree> <First_Degree> 0 0 0 0
<711040> <hasFamilyHistory_familyRelationDegree> <Male_First_Degree> 0 0 0 0
<5315970> <hasFamilyHistory_familyRelationDegree> <First_Degree> 0 0 0 0
<5106165> <hasFamilyHistory_familyRelationDegree> <First_Degree> 0 0 0 0
<512468> <hasFamilyHistory_familyRelationDegree> <First_Degree> 0 0 0 0
<516269> <hasFamilyHistory_familyRelationDegree> <Male_First_Degree> 0 0 0 0
<210068> <hasFamilyHistory_familyRelationDegree> <Female_Second_Degree> 0 0 0 0
<202250> <hasFamilyHistory_familyRelationDegree> <Second_Degree> 0 0 0 0
<516603> <hasFamilyHistory_familyRelationDegree> <Second_Degree> 0 0 0 0
<508232> <hasFamilyHistory_familyRelationDegree> <Female_Second_Degree> 0 0 0 0
<1306364> <hasFamilyHistory_familyRelationDegree> <First_Degree> 0 0 0 0
<201580> <hasFamilyHistory_familyRelationDegree> <Second_Degree> 0 0 0 0
<9408687> <hasFamilyHistory_familyRelationDegree> <First_Degree> 0 0 0 0
<6312717> <hasFamilyHistory_familyRelationDegree> <Male_First_Degree> 0 0 0 0
<711015> <hasFamilyHistory_familyRelationDegree> <Male_First_Degree> 0 0 0 0
<416750> <hasFamilyHistory_familyRelationDegree> <Male_Second_Degree> 0 0 0 0
<5315854> <hasFamilyHistory_familyRelationDegree> <First_Degree> 0 0 0 0
<5104947> <hasFamilyHistory_familyRelationDegree> <Male_First_Degree> 0 0 0 0
<3510438> <hasFamilyHistory_familyRelationDegree> <First_Degree> 0 0 0 0
<307594> <hasFamilyHistory_familyRelationDegree> <Male_Third_Degree> 0 0 0 0
<514453> <hasFamilyHistory_familyRelationDegree> <Female_Third_Degree> 0 0 0 0
<508081> <hasFamilyHistory_familyRelationDegree> <Female_Second_Degree> 0 0 0 0
<5112710> <hasFamilyHistory_familyRelationDegree> <Male_First_Degree> 0 0 0 0
<6302616> <hasFamilyHistory_familyRelationDegree> <Second_Degree> 0 0 0 0
<705142> <hasFamilyHistory_familyRelationDegree> <Male_First_Degree> 0 0 0 0
<513057> <hasFamilyHistory_familyRelationDegree> <First_Degree> 0 0 0 0
<4910535> <hasFamilyHistory_familyRelationDegree> <Second_Degree> 0 0 0 0
<514212> <hasFamilyHistory_familyRelationDegree> <Female_Second_Degree> 0 0 0 0
<10606136> <hasFamilyHistory_familyRelationDegree> <Third_Degree> 0 0 0 0
<7105924> <hasFamilyHistory_familyRelationDegree> <Male_First_Degree> 0 0 0 0
<6311986> <hasFamilyHistory_familyRelationDegree> <Male_First_Degree> 0 0 0 0
<305240> <hasFamilyHistory_familyRelationDegree> <Second_Degree> 0 0 0 0
<305240> <hasFamilyHistory_familyRelationDegree> <Female_Second_Degree> 0 0 0 0
<2304143> <hasFamilyHistory_familyRelationDegree> <Male_First_Degree> 0 0 0 0
<503195> <hasFamilyHistory_familyRelationDegree> <First_Degree> 0 0 0 0
<503843> <hasFamilyHistory_familyRelationDegree> <Male_First_Degree> 0 0 0 0
<5102778> <hasFamilyHistory_familyRelationDegree> <Male_First_Degree> 0 0 0 0
<15715013> <hasFamilyHistory_familyRelationDegree> <Female_First_Degree> 0 0 0 0
<202343> <hasFamilyHistory_familyRelationDegree> <Female_First_Degree> 0 0 0 0
<5106783> <hasFamilyHistory_familyRelationDegree> <Male_First_Degree> 0 0 0 0
<6302588> <hasFamilyHistory_familyRelationDegree> <Male_First_Degree> 0 0 0 0
<513544> <hasFamilyHistory_familyRelationDegree> <Second_Degree> 0 0 0 0
<512413> <hasFamilyHistory_familyRelationDegree> <First_Degree> 0 0 0 0
<6315351> <hasFamilyHistory_familyRelationDegree> <First_Degree> 0 0 0 0
<1501048> <hasFamilyHistory_familyRelationDegree> <Male_Second_Degree> 0 0 0 0
<4305617> <hasFamilyHistory_familyRelationDegree> <First_Degree> 0 0 0 0
<6316013> <hasFamilyHistory_familyRelationDegree> <Male_Second_Degree> 0 0 0 0
<5109812> <hasFamilyHistory_familyRelationDegree> <Male_First_Degree> 0 0 0 0
<203332> <hasFamilyHistory_familyRelationDegree> <Male_Third_Degree> 0 0 0 0
<916562> <hasFamilyHistory_familyRelationDegree> <Male_First_Degree> 0 0 0 0
<1312655> <hasFamilyHistory_familyRelationDegree> <Second_Degree> 0 0 0 0
<5106370> <hasFamilyHistory_familyRelationDegree> <Second_Degree> 0 0 0 0
<1513995> <hasFamilyHistory_familyRelationDegree> <Third_Degree> 0 0 0 0
<5305294> <hasFamilyHistory_familyRelationDegree> <Third_Degree> 0 0 0 0
<7000300> <hasFamilyHistory_familyRelationDegree> <First_Degree> 0 0 0 0
<5106879> <hasFamilyHistory_familyRelationDegree> <Male_First_Degree> 0 0 0 0
<5110537> <hasFamilyHistory_familyRelationDegree> <Female_First_Degree> 0 0 0 0
<1503658> <hasFamilyHistory_familyRelationDegree> <Second_Degree> 0 0 0 0
<3704638> <hasFamilyHistory_familyRelationDegree> <Female_First_Degree> 0 0 0 0
<11313715> <hasFamilyHistory_familyRelationDegree> <First_Degree> 0 0 0 0
<5314979> <hasFamilyHistory_familyRelationDegree> <Female_First_Degree> 0 0 0 0
<503039> <hasFamilyHistory_familyRelationDegree> <Second_Degree> 0 0 0 0
<514197> <hasFamilyHistory_familyRelationDegree> <First_Degree> 0 0 0 0
<513741> <hasFamilyHistory_familyRelationDegree> <Male_Second_Degree> 0 0 0 0
<5111984> <hasFamilyHistory_familyRelationDegree> <Male_First_Degree> 0 0 0 0
<512468> <hasFamilyHistory_familyRelationDegree> <First_Degree> 0 0 0 0
<7105709> <hasFamilyHistory_familyRelationDegree> <First_Degree> 0 0 0 0
<5103225> <hasFamilyHistory_familyRelationDegree> <Female_First_Degree> 0 0 0 0
<711611> <hasFamilyHistory_familyRelationDegree> <First_Degree> 0 0 0 0
<710659> <hasFamilyHistory_familyRelationDegree> <Male_First_Degree> 0 0 0 0
<5316440> <hasFamilyHistory_familyRelationDegree> <Female_First_Degree> 0 0 0 0
<5302460> <hasFamilyHistory_familyRelationDegree> <Second_Degree> 0 0 0 0
<702320> <hasFamilyHistory_familyRelationDegree> <Male_First_Degree> 0 0 0 0
<513733> <hasFamilyHistory_familyRelationDegree> <First_Degree> 0 0 0 0
<4602207> <hasFamilyHistory_familyRelationDegree> <Second_Degree> 0 0 0 0
<6400587> <hasFamilyHistory_familyRelationDegree> <First_Degree> 0 0 0 0
<512585> <hasFamilyHistory_familyRelationDegree> <First_Degree> 0 0 0 0
<306994> <hasFamilyHistory_familyRelationDegree> <Second_Degree> 0 0 0 0
<3602431> <hasFamilyHistory_familyRelationDegree> <Male_First_Degree> 0 0 0 0
<416035> <hasFamilyHistory_familyRelationDegree> <Male_First_Degree> 0 0 0 0
<3000698> <hasFamilyHistory_familyRelationDegree> <Female_First_Degree> 0 0 0 0
<1314845> <hasFamilyHistory_familyRelationDegree> <First_Degree> 0 0 0 0
<508183> <hasFamilyHistory_familyRelationDegree> <Second_Degree> 0 0 0 0
<5113475> <hasFamilyHistory_familyRelationDegree> <Male_First_Degree> 0 0 0 0
<514323> <hasFamilyHistory_familyRelationDegree> <Male_Second_Degree> 0 0 0 0
<507778> <hasFamilyHistory_familyRelationDegree> <Male_First_Degree> 0 0 0 0
<2312913> <hasFamilyHistory_familyRelationDegree> <Male_Second_Degree> 0 0 0 0
<5313485> <hasFamilyHistory_familyRelationDegree> <Female_First_Degree> 0 0 0 0
<5104294> <hasFamilyHistory_familyRelationDegree> <Female_First_Degree> 0 0 0 0
<3006427> <hasFamilyHistory_familyRelationDegree> <Female_Second_Degree> 0 0 0 0
<3507753> <hasFamilyHistory_familyRelationDegree> <First_Degree> 0 0 0 0
<2900546> <hasFamilyHistory_familyRelationDegree> <Male_Second_Degree> 0 0 0 0
<907276> <hasFamilyHistory_familyRelationDegree> <Female_First_Degree> 0 0 0 0
<5315063> <hasFamilyHistory_familyRelationDegree> <First_Degree> 0 0 0 0
<507892> <hasFamilyHistory_familyRelationDegree> <Third_Degree> 0 0 0 0
<15706360> <hasFamilyHistory_familyRelationDegree> <Male_Second_Degree> 0 0 0 0
<2904002> <hasFamilyHistory_familyRelationDegree> <Female_Second_Degree> 0 0 0 0
<707940> <hasFamilyHistory_familyRelationDegree> <Male_First_Degree> 0 0 0 0
<416328> <hasFamilyHistory_familyRelationDegree> <Second_Degree> 0 0 0 0
<416328> <hasFamilyHistory_familyRelationDegree> <Female_Second_Degree> 0 0 0 0
<2302047> <hasFamilyHistory_familyRelationDegree> <Female_First_Degree> 0 0 0 0
<5315648> <hasFamilyHistory_familyRelationDegree> <Male_First_Degree> 0 0 0 0
<5111638> <hasFamilyHistory_familyRelationDegree> <First_Degree> 0 0 0 0
<3704958> <hasFamilyHistory_familyRelationDegree> <First_Degree> 0 0 0 0
<3704679> <hasFamilyHistory_familyRelationDegree> <First_Degree> 0 0 0 0
<513080> <hasFamilyHistory_familyRelationDegree> <First_Degree> 0 0 0 0
<3507637> <hasFamilyHistory_familyRelationDegree> <First_Degree> 0 0 0 0
<2100678> <hasFamilyHistory_familyRelationDegree> <Female_First_Degree> 0 0 0 0
<7101190> <hasFamilyHistory_familyRelationDegree> <Female_First_Degree> 0 0 0 0
<5102963> <hasFamilyHistory_familyRelationDegree> <First_Degree> 0 0 0 0
<513950> <hasFamilyHistory_familyRelationDegree> <Third_Degree> 0 0 0 0
<3704644> <hasFamilyHistory_familyRelationDegree> <First_Degree> 0 0 0 0
<3505859> <hasFamilyHistory_familyRelationDegree> <First_Degree> 0 0 0 0
<2311939> <hasFamilyHistory_familyRelationDegree> <Female_First_Degree> 0 0 0 0
<202181> <hasFamilyHistory_familyRelationDegree> <Male_Second_Degree> 0 0 0 0
<417400> <hasFamilyHistory_familyRelationDegree> <Second_Degree> 0 0 0 0
<509356> <hasFamilyHistory_familyRelationDegree> <Male_First_Degree> 0 0 0 0
<704265> <hasFamilyHistory_familyRelationDegree> <First_Degree> 0 0 0 0
<510288> <hasFamilyHistory_familyRelationDegree> <Female_First_Degree> 0 0 0 0
<411548> <hasFamilyHistory_familyRelationDegree> <Second_Degree> 0 0 0 0
<211331> <hasFamilyHistory_familyRelationDegree> <Second_Degree> 0 0 0 0
<203477> <hasFamilyHistory_familyRelationDegree> <Male_First_Degree> 0 0 0 0
<3314964> <hasFamilyHistory_familyRelationDegree> <Female_First_Degree> 0 0 0 0
<7000349> <hasFamilyHistory_familyRelationDegree> <Male_First_Degree> 0 0 0 0
<3812191> <hasFamilyHistory_familyRelationDegree> <First_Degree> 0 0 0 0
<709156> <hasFamilyHistory_familyRelationDegree> <Male_First_Degree> 0 0 0 0
<4604094> <hasFamilyHistory_familyRelationDegree> <Male_First_Degree> 0 0 0 0
<514457> <hasFamilyHistory_familyRelationDegree> <Female_First_Degree> 0 0 0 0
<2805251> <hasFamilyHistory_familyRelationDegree> <Second_Degree> 0 0 0 0
<412012> <hasFamilyHistory_familyRelationDegree> <Male_First_Degree> 0 0 0 0
<306928> <hasFamilyHistory_familyRelationDegree> <First_Degree> 0 0 0 0
<2107239> <hasFamilyHistory_familyRelationDegree> <First_Degree> 0 0 0 0
<202734> <hasFamilyHistory_familyRelationDegree> <First_Degree> 0 0 0 0
<512412> <hasFamilyHistory_familyRelationDegree> <Male_Second_Degree> 0 0 0 0
<516699> <hasFamilyHistory_familyRelationDegree> <Female_First_Degree> 0 0 0 0
<705610> <hasFamilyHistory_familyRelationDegree> <Male_First_Degree> 0 0 0 0
<5104260> <hasFamilyHistory_familyRelationDegree> <First_Degree> 0 0 0 0
<512428> <hasFamilyHistory_familyRelationDegree> <Second_Degree> 0 0 0 0
<5104092> <hasFamilyHistory_familyRelationDegree> <Female_First_Degree> 0 0 0 0
<2307332> <hasFamilyHistory_familyRelationDegree> <Male_First_Degree> 0 0 0 0
<514275> <hasFamilyHistory_familyRelationDegree> <First_Degree> 0 0 0 0
<507736> <hasFamilyHistory_familyRelationDegree> <First_Degree> 0 0 0 0
<310420> <hasFamilyHistory_familyRelationDegree> <First_Degree> 0 0 0 0
<513895> <hasFamilyHistory_familyRelationDegree> <First_Degree> 0 0 0 0
<15701583> <hasFamilyHistory_familyRelationDegree> <Female_First_Degree> 0 0 0 0
<508066> <hasFamilyHistory_familyRelationDegree> <Second_Degree> 0 0 0 0
<508066> <hasFamilyHistory_familyRelationDegree> <Male_Second_Degree> 0 0 0 0
<5112689> <hasFamilyHistory_familyRelationDegree> <Male_Second_Degree> 0 0 0 0
<5305663> <hasFamilyHistory_familyRelationDegree> <First_Degree> 0 0 0 0
<5304864> <hasFamilyHistory_familyRelationDegree> <Male_First_Degree> 0 0 0 0
<3414671> <hasFamilyHistory_familyRelationDegree> <Male_First_Degree> 0 0 0 0
<5110982> <hasFamilyHistory_familyRelationDegree> <Female_First_Degree> 0 0 0 0
<2817185> <hasFamilyHistory_familyRelationDegree> <Male_First_Degree> 0 0 0 0
<507267> <hasFamilyHistory_familyRelationDegree> <Female_First_Degree> 0 0 0 0
<416419> <hasFamilyHistory_familyRelationDegree> <Male_Second_Degree> 0 0 0 0
<3404058> <hasFamilyHistory_familyRelationDegree> <Female_First_Degree> 0 0 0 0
<512770> <hasFamilyHistory_familyRelationDegree> <Female_First_Degree> 0 0 0 0
<5104120> <hasFamilyHistory_familyRelationDegree> <Second_Degree> 0 0 0 0
<516261> <hasFamilyHistory_familyRelationDegree> <Female_First_Degree> 0 0 0 0
<5111045> <hasFamilyHistory_familyRelationDegree> <Male_Second_Degree> 0 0 0 0
<6605729> <hasFamilyHistory_familyRelationDegree> <Male_First_Degree> 0 0 0 0
<508061> <hasFamilyHistory_familyRelationDegree> <Male_First_Degree> 0 0 0 0
<503101> <hasFamilyHistory_familyRelationDegree> <Second_Degree> 0 0 0 0
<5302675> <hasFamilyHistory_familyRelationDegree> <Female_First_Degree> 0 0 0 0
<1214896> <hasFamilyHistory_familyRelationDegree> <Male_Second_Degree> 0 0 0 0
<514314> <hasFamilyHistory_familyRelationDegree> <Female_First_Degree> 0 0 0 0
<2903815> <hasFamilyHistory_familyRelationDegree> <Male_First_Degree> 0 0 0 0
<411869> <hasFamilyHistory_familyRelationDegree> <Male_First_Degree> 0 0 0 0
<1513591> <hasFamilyHistory_familyRelationDegree> <Female_First_Degree> 0 0 0 0
<517078> <hasFamilyHistory_familyRelationDegree> <Female_Second_Degree> 0 0 0 0
<5110978> <hasFamilyHistory_familyRelationDegree> <Male_Second_Degree> 0 0 0 0
<3709413> <hasFamilyHistory_familyRelationDegree> <Second_Degree> 0 0 0 0
<2311649> <hasFamilyHistory_familyRelationDegree> <First_Degree> 0 0 0 0
<512766> <hasFamilyHistory_familyRelationDegree> <First_Degree> 0 0 0 0
<5113974> <hasFamilyHistory_familyRelationDegree> <Male_First_Degree> 0 0 0 0
<701778> <hasFamilyHistory_familyRelationDegree> <First_Degree> 0 0 0 0
<4611683> <hasFamilyHistory_familyRelationDegree> <First_Degree> 0 0 0 0
<503142> <hasFamilyHistory_familyRelationDegree> <Male_Second_Degree> 0 0 0 0
<7717006> <hasFamilyHistory_familyRelationDegree> <First_Degree> 0 0 0 0
<6313434> <hasFamilyHistory_familyRelationDegree> <First_Degree> 0 0 0 0
<5106468> <hasFamilyHistory_familyRelationDegree> <Female_Third_Degree> 0 0 0 0
<2300054> <hasFamilyHistory_familyRelationDegree> <Male_First_Degree> 0 0 0 0
<3007163> <hasFamilyHistory_familyRelationDegree> <First_Degree> 0 0 0 0
<2406698> <hasFamilyHistory_familyRelationDegree> <First_Degree> 0 0 0 0
<5112765> <hasFamilyHistory_familyRelationDegree> <Male_First_Degree> 0 0 0 0
<1513965> <hasFamilyHistory_familyRelationDegree> <Female_Second_Degree> 0 0 0 0
<6900299> <hasFamilyHistory_familyRelationDegree> <First_Degree> 0 0 0 0
<3510835> <hasFamilyHistory_familyRelationDegree> <First_Degree> 0 0 0 0
<516160> <hasFamilyHistory_familyRelationDegree> <First_Degree> 0 0 0 0
<503017> <hasFamilyHistory_familyRelationDegree> <Male_Second_Degree> 0 0 0 0
<408818> <hasFamilyHistory_familyRelationDegree> <Second_Degree> 0 0 0 0
<5106265> <hasFamilyHistory_familyRelationDegree> <Third_Degree> 0 0 0 0
<6611316> <hasFamilyHistory_familyRelationDegree> <First_Degree> 0 0 0 0
<5315698> <hasFamilyHistory_familyRelationDegree> <Male_First_Degree> 0 0 0 0
<3812378> <hasFamilyHistory_familyRelationDegree> <Female_Second_Degree> 0 0 0 0
<5317384> <hasFamilyHistory_familyRelationDegree> <First_Degree> 0 0 0 0
<306857> <hasFamilyHistory_familyRelationDegree> <Second_Degree> 0 0 0 0
<513930> <hasFamilyHistory_familyRelationDegree> <Male_First_Degree> 0 0 0 0
<6312341> <hasFamilyHistory_familyRelationDegree> <Male_First_Degree> 0 0 0 0
<4910977> <hasFamilyHistory_familyRelationDegree> <Male_First_Degree> 0 0 0 0
<1302580> <hasFamilyHistory_familyRelationDegree> <Second_Degree> 0 0 0 0
<514363> <hasFamilyHistory_familyRelationDegree> <First_Degree> 0 0 0 0
<5304174> <hasFamilyHistory_familyRelationDegree> <First_Degree> 0 0 0 0
<3812273> <hasFamilyHistory_familyRelationDegree> <Second_Degree> 0 0 0 0
<3812378> <hasFamilyHistory_familyRelationDegree> <First_Degree> 0 0 0 0
<305239> <hasFamilyHistory_familyRelationDegree> <Female_Second_Degree> 0 0 0 0
<514362> <hasFamilyHistory_familyRelationDegree> <First_Degree> 0 0 0 0
<5103226> <hasFamilyHistory_familyRelationDegree> <Male_Second_Degree> 0 0 0 0
<507892> <hasFamilyHistory_familyRelationDegree> <Female_First_Degree> 0 0 0 0
<11312075> <hasFamilyHistory_familyRelationDegree> <First_Degree> 0 0 0 0
<5113105> <hasFamilyHistory_familyRelationDegree> <First_Degree> 0 0 0 0
<203710> <hasFamilyHistory_familyRelationDegree> <First_Degree> 0 0 0 0
<4910889> <hasFamilyHistory_familyRelationDegree> <Female_Second_Degree> 0 0 0 0
<5313338> <hasFamilyHistory_familyRelationDegree> <First_Degree> 0 0 0 0
<3703610> <hasFamilyHistory_familyRelationDegree> <Male_First_Degree> 0 0 0 0
<515832> <hasFamilyHistory_familyRelationDegree> <Female_Second_Degree> 0 0 0 0
<1505263> <hasFamilyHistory_familyRelationDegree> <Male_First_Degree> 0 0 0 0
<6605627> <hasFamilyHistory_familyRelationDegree> <Male_First_Degree> 0 0 0 0
<409591> <hasFamilyHistory_familyRelationDegree> <First_Degree> 0 0 0 0
<3508906> <hasFamilyHistory_familyRelationDegree> <Male_First_Degree> 0 0 0 0
<5112073> <hasFamilyHistory_familyRelationDegree> <Male_Second_Degree> 0 0 0 0
<507552> <hasFamilyHistory_familyRelationDegree> <Male_Second_Degree> 0 0 0 0
<5315517> <hasFamilyHistory_familyRelationDegree> <Male_First_Degree> 0 0 0 0
<1313810> <hasFamilyHistory_familyRelationDegree> <First_Degree> 0 0 0 0
<2406201> <hasFamilyHistory_familyRelationDegree> <Female_First_Degree> 0 0 0 0
<6315216> <hasFamilyHistory_familyRelationDegree> <Male_First_Degree> 0 0 0 0
<2305575> <hasFamilyHistory_familyRelationDegree> <Second_Degree> 0 0 0 0
<5815260> <hasFamilyHistory_familyRelationDegree> <First_Degree> 0 0 0 0
<508526> <hasFamilyHistory_familyRelationDegree> <Female_Third_Degree> 0 0 0 0
<2917495> <hasFamilyHistory_familyRelationDegree> <Male_Second_Degree> 0 0 0 0
<202089> <hasFamilyHistory_familyRelationDegree> <Second_Degree> 0 0 0 0
<6317172> <hasFamilyHistory_familyRelationDegree> <First_Degree> 0 0 0 0
<503765> <hasFamilyHistory_familyRelationDegree> <Male_Second_Degree> 0 0 0 0
<206676> <hasFamilyHistory_familyRelationDegree> <First_Degree> 0 0 0 0
<508278> <hasFamilyHistory_familyRelationDegree> <Female_Third_Degree> 0 0 0 0
<2806244> <hasFamilyHistory_familyRelationDegree> <First_Degree> 0 0 0 0
<5110667> <hasFamilyHistory_familyRelationDegree> <Male_First_Degree> 0 0 0 0
<4910535> <hasFamilyHistory_familyRelationDegree> <First_Degree> 0 0 0 0
<209974> <hasFamilyHistory_familyRelationDegree> <First_Degree> 0 0 0 0
<6302480> <hasFamilyHistory_familyRelationDegree> <Male_First_Degree> 0 0 0 0
<5106531> <hasFamilyHistory_familyRelationDegree> <Female_First_Degree> 0 0 0 0
<1310031> <hasFamilyHistory_familyRelationDegree> <Second_Degree> 0 0 0 0
<10803748> <hasFamilyHistory_familyRelationDegree> <Female_First_Degree> 0 0 0 0
<410123> <hasFamilyHistory_familyRelationDegree> <Female_First_Degree> 0 0 0 0
<3411355> <hasFamilyHistory_familyRelationDegree> <Female_First_Degree> 0 0 0 0
<6301531> <hasFamilyHistory_familyRelationDegree> <First_Degree> 0 0 0 0
<1516288> <hasFamilyHistory_familyRelationDegree> <First_Degree> 0 0 0 0
<1300885> <hasFamilyHistory_familyRelationDegree> <Second_Degree> 0 0 0 0
<5104669> <hasFamilyHistory_familyRelationDegree> <Male_Second_Degree> 0 0 0 0
<4911223> <hasFamilyHistory_familyRelationDegree> <Male_First_Degree> 0 0 0 0
<715074> <hasFamilyHistory_familyRelationDegree> <First_Degree> 0 0 0 0
<707677> <hasFamilyHistory_familyRelationDegree> <Female_First_Degree> 0 0 0 0
<513353> <hasFamilyHistory_familyRelationDegree> <Female_First_Degree> 0 0 0 0
<3306068> <hasFamilyHistory_familyRelationDegree> <Third_Degree> 0 0 0 0
<516207> <hasFamilyHistory_familyRelationDegree> <Male_First_Degree> 0 0 0 0
<1315805> <hasFamilyHistory_familyRelationDegree> <Male_First_Degree> 0 0 0 0
<2102594> <hasFamilyHistory_familyRelationDegree> <Female_First_Degree> 0 0 0 0
<6300140> <hasFamilyHistory_familyRelationDegree> <Male_First_Degree> 0 0 0 0
<311914> <hasFamilyHistory_familyRelationDegree> <Female_Second_Degree> 0 0 0 0
<5316086> <hasFamilyHistory_familyRelationDegree> <First_Degree> 0 0 0 0
<2101457> <hasFamilyHistory_familyRelationDegree> <First_Degree> 0 0 0 0
<1312937> <hasFamilyHistory_familyRelationDegree> <Female_First_Degree> 0 0 0 0
<4910839> <hasFamilyHistory_familyRelationDegree> <First_Degree> 0 0 0 0
<516762> <hasFamilyHistory_familyRelationDegree> <Female_First_Degree> 0 0 0 0
<5107175> <hasFamilyHistory_familyRelationDegree> <Female_First_Degree> 0 0 0 0
<1504560> <hasFamilyHistory_familyRelationDegree> <Male_First_Degree> 0 0 0 0
<5102956> <hasFamilyHistory_familyRelationDegree> <First_Degree> 0 0 0 0
<5316002> <hasFamilyHistory_familyRelationDegree> <Male_First_Degree> 0 0 0 0
<508029> <hasFamilyHistory_familyRelationDegree> <First_Degree> 0 0 0 0
<1504989> <hasFamilyHistory_familyRelationDegree> <Second_Degree> 0 0 0 0
<3509943> <hasFamilyHistory_familyRelationDegree> <Female_Second_Degree> 0 0 0 0
<3508804> <hasFamilyHistory_familyRelationDegree> <Male_First_Degree> 0 0 0 0
<712584> <hasFamilyHistory_familyRelationDegree> <Female_First_Degree> 0 0 0 0
<709444> <hasFamilyHistory_familyRelationDegree> <First_Degree> 0 0 0 0
<4910542> <hasFamilyHistory_familyRelationDegree> <First_Degree> 0 0 0 0
<409905> <hasFamilyHistory_familyRelationDegree> <Female_First_Degree> 0 0 0 0
<4313373> <hasFamilyHistory_familyRelationDegree> <Female_Third_Degree> 0 0 0 0
<717575> <hasFamilyHistory_familyRelationDegree> <First_Degree> 0 0 0 0
<414387> <hasFamilyHistory_familyRelationDegree> <Female_First_Degree> 0 0 0 0
<3006408> <hasFamilyHistory_familyRelationDegree> <Third_Degree> 0 0 0 0
<508011> <hasFamilyHistory_familyRelationDegree> <Second_Degree> 0 0 0 0
<204067> <hasFamilyHistory_familyRelationDegree> <First_Degree> 0 0 0 0
<4910657> <hasFamilyHistory_familyRelationDegree> <Male_First_Degree> 0 0 0 0
<508508> <hasFamilyHistory_familyRelationDegree> <Female_First_Degree> 0 0 0 0
<514399> <hasFamilyHistory_familyRelationDegree> <First_Degree> 0 0 0 0
<514399> <hasFamilyHistory_familyRelationDegree> <Female_First_Degree> 0 0 0 0
<6303486> <hasFamilyHistory_familyRelationDegree> <First_Degree> 0 0 0 0
<311527> <hasFamilyHistory_familyRelationDegree> <Male_Second_Degree> 0 0 0 0
<513745> <hasFamilyHistory_familyRelationDegree> <Second_Degree> 0 0 0 0
<2304603> <hasFamilyHistory_familyRelationDegree> <Second_Degree> 0 0 0 0
<2900879> <hasFamilyHistory_familyRelationDegree> <First_Degree> 0 0 0 0
<4602356> <hasFamilyHistory_familyRelationDegree> <First_Degree> 0 0 0 0
<6301668> <hasFamilyHistory_familyRelationDegree> <Male_First_Degree> 0 0 0 0
<3508873> <hasFamilyHistory_familyRelationDegree> <First_Degree> 0 0 0 0
<200710> <hasFamilyHistory_familyRelationDegree> <First_Degree> 0 0 0 0
<5105210> <hasFamilyHistory_familyRelationDegree> <First_Degree> 0 0 0 0
<6300960> <hasFamilyHistory_familyRelationDegree> <Male_First_Degree> 0 0 0 0
<6402098> <hasFamilyHistory_familyRelationDegree> <First_Degree> 0 0 0 0
<4910933> <hasFamilyHistory_familyRelationDegree> <Second_Degree> 0 0 0 0
<3709157> <hasFamilyHistory_familyRelationDegree> <Male_Second_Degree> 0 0 0 0
<204488> <hasFamilyHistory_familyRelationDegree> <Third_Degree> 0 0 0 0
<6311739> <hasFamilyHistory_familyRelationDegree> <First_Degree> 0 0 0 0
<3406974> <hasFamilyHistory_familyRelationDegree> <Female_First_Degree> 0 0 0 0
<2110480> <hasFamilyHistory_familyRelationDegree> <Second_Degree> 0 0 0 0
<307590> <hasFamilyHistory_familyRelationDegree> <First_Degree> 0 0 0 0
<6311701> <hasFamilyHistory_familyRelationDegree> <Female_First_Degree> 0 0 0 0
<208042> <hasFamilyHistory_familyRelationDegree> <Female_First_Degree> 0 0 0 0
<4608612> <hasFamilyHistory_familyRelationDegree> <Second_Degree> 0 0 0 0
<3410584> <hasFamilyHistory_familyRelationDegree> <Male_Second_Degree> 0 0 0 0
<2100731> <hasFamilyHistory_familyRelationDegree> <Male_Second_Degree> 0 0 0 0
<513884> <hasFamilyHistory_familyRelationDegree> <Second_Degree> 0 0 0 0
<512392> <hasFamilyHistory_familyRelationDegree> <First_Degree> 0 0 0 0
<3505876> <hasFamilyHistory_familyRelationDegree> <Female_First_Degree> 0 0 0 0
<706271> <hasFamilyHistory_familyRelationDegree> <Male_First_Degree> 0 0 0 0
<15702257> <hasFamilyHistory_familyRelationDegree> <Second_Degree> 0 0 0 0
<5317507> <hasFamilyHistory_familyRelationDegree> <Male_First_Degree> 0 0 0 0
<705382> <hasFamilyHistory_familyRelationDegree> <First_Degree> 0 0 0 0
<3508570> <hasFamilyHistory_familyRelationDegree> <Second_Degree> 0 0 0 0
<5111638> <hasFamilyHistory_familyRelationDegree> <Male_First_Degree> 0 0 0 0
<1314954> <hasFamilyHistory_familyRelationDegree> <Female_First_Degree> 0 0 0 0
<4614561> <hasFamilyHistory_familyRelationDegree> <Female_Third_Degree> 0 0 0 0
<1505370> <hasFamilyHistory_familyRelationDegree> <Second_Degree> 0 0 0 0
<415583> <hasFamilyHistory_familyRelationDegree> <Male_First_Degree> 0 0 0 0
<6317178> <hasFamilyHistory_familyRelationDegree> <First_Degree> 0 0 0 0
<5314935> <hasFamilyHistory_familyRelationDegree> <First_Degree> 0 0 0 0
<202762> <hasFamilyHistory_familyRelationDegree> <Female_Second_Degree> 0 0 0 0
<4601108> <hasFamilyHistory_familyRelationDegree> <First_Degree> 0 0 0 0
<2904036> <hasFamilyHistory_familyRelationDegree> <Female_First_Degree> 0 0 0 0
<1310343> <hasFamilyHistory_familyRelationDegree> <First_Degree> 0 0 0 0
<5109123> <hasFamilyHistory_familyRelationDegree> <Male_First_Degree> 0 0 0 0
<206325> <hasFamilyHistory_familyRelationDegree> <First_Degree> 0 0 0 0
<206325> <hasFamilyHistory_familyRelationDegree> <Male_First_Degree> 0 0 0 0
<10612130> <hasFamilyHistory_familyRelationDegree> <Male_First_Degree> 0 0 0 0
<5108323> <hasFamilyHistory_familyRelationDegree> <First_Degree> 0 0 0 0
<308187> <hasFamilyHistory_familyRelationDegree> <Male_Second_Degree> 0 0 0 0
<1305451> <hasFamilyHistory_familyRelationDegree> <Second_Degree> 0 0 0 0
<407606> <hasFamilyHistory_familyRelationDegree> <Male_First_Degree> 0 0 0 0
<5313428> <hasFamilyHistory_familyRelationDegree> <First_Degree> 0 0 0 0
<17707542> <hasFamilyHistory_familyRelationDegree> <First_Degree> 0 0 0 0
<509322> <hasFamilyHistory_familyRelationDegree> <Female_First_Degree> 0 0 0 0
<2808636> <hasFamilyHistory_familyRelationDegree> <Female_First_Degree> 0 0 0 0
<410271> <hasFamilyHistory_familyRelationDegree> <Male_First_Degree> 0 0 0 0
<1501008> <hasFamilyHistory_familyRelationDegree> <Female_Third_Degree> 0 0 0 0
<5315149> <hasFamilyHistory_familyRelationDegree> <Male_First_Degree> 0 0 0 0
<508962> <hasFamilyHistory_familyRelationDegree> <Female_First_Degree> 0 0 0 0
<3411355> <hasFamilyHistory_familyRelationDegree> <First_Degree> 0 0 0 0
<5315094> <hasFamilyHistory_familyRelationDegree> <First_Degree> 0 0 0 0
<5102898> <hasFamilyHistory_familyRelationDegree> <First_Degree> 0 0 0 0
<5115398> <hasFamilyHistory_familyRelationDegree> <Male_First_Degree> 0 0 0 0
<4910728> <hasFamilyHistory_familyRelationDegree> <First_Degree> 0 0 0 0
<15700301> <hasFamilyHistory_familyRelationDegree> <Female_First_Degree> 0 0 0 0
<5315963> <hasFamilyHistory_familyRelationDegree> <First_Degree> 0 0 0 0
<6316147> <hasFamilyHistory_familyRelationDegree> <First_Degree> 0 0 0 0
<15715022> <hasFamilyHistory_familyRelationDegree> <Male_First_Degree> 0 0 0 0
<4910886> <hasFamilyHistory_familyRelationDegree> <Female_First_Degree> 0 0 0 0
<2917481> <hasFamilyHistory_familyRelationDegree> <Male_Second_Degree> 0 0 0 0
<501282> <hasFamilyHistory_familyRelationDegree> <First_Degree> 0 0 0 0
<202608> <hasFamilyHistory_familyRelationDegree> <Female_First_Degree> 0 0 0 0
<5114030> <hasFamilyHistory_familyRelationDegree> <Female_First_Degree> 0 0 0 0
<15709462> <hasFamilyHistory_familyRelationDegree> <First_Degree> 0 0 0 0
<5304695> <hasFamilyHistory_familyRelationDegree> <First_Degree> 0 0 0 0
<15700324> <hasFamilyHistory_familyRelationDegree> <First_Degree> 0 0 0 0
<2917473> <hasFamilyHistory_familyRelationDegree> <Second_Degree> 0 0 0 0
<2305059> <hasFamilyHistory_familyRelationDegree> <Male_Second_Degree> 0 0 0 0
<2809283> <hasFamilyHistory_familyRelationDegree> <First_Degree> 0 0 0 0
<7000353> <hasFamilyHistory_familyRelationDegree> <First_Degree> 0 0 0 0
<503958> <hasFamilyHistory_familyRelationDegree> <Third_Degree> 0 0 0 0
<2115661> <hasFamilyHistory_familyRelationDegree> <Female_Second_Degree> 0 0 0 0
<316789> <hasFamilyHistory_familyRelationDegree> <Female_First_Degree> 0 0 0 0
<3514406> <hasFamilyHistory_familyRelationDegree> <Second_Degree> 0 0 0 0
<1302286> <hasFamilyHistory_familyRelationDegree> <First_Degree> 0 0 0 0
<4911034> <hasFamilyHistory_familyRelationDegree> <First_Degree> 0 0 0 0
<3408306> <hasFamilyHistory_familyRelationDegree> <First_Degree> 0 0 0 0
<5115624> <hasFamilyHistory_familyRelationDegree> <Second_Degree> 0 0 0 0
<2505256> <hasFamilyHistory_familyRelationDegree> <First_Degree> 0 0 0 0
<513920> <hasFamilyHistory_familyRelationDegree> <Male_First_Degree> 0 0 0 0
<3704636> <hasFamilyHistory_familyRelationDegree> <First_Degree> 0 0 0 0
<513902> <hasFamilyHistory_familyRelationDegree> <First_Degree> 0 0 0 0
<5117389> <hasFamilyHistory_familyRelationDegree> <Second_Degree> 0 0 0 0
<5314864> <hasFamilyHistory_familyRelationDegree> <First_Degree> 0 0 0 0
<5314864> <hasFamilyHistory_familyRelationDegree> <Female_First_Degree> 0 0 0 0
<516841> <hasFamilyHistory_familyRelationDegree> <Male_First_Degree> 0 0 0 0
<306897> <hasFamilyHistory_familyRelationDegree> <Female_Third_Degree> 0 0 0 0
<201865> <hasFamilyHistory_familyRelationDegree> <Female_First_Degree> 0 0 0 0
<6316995> <hasFamilyHistory_familyRelationDegree> <First_Degree> 0 0 0 0
<5106265> <hasFamilyHistory_familyRelationDegree> <First_Degree> 0 0 0 0
<515707> <hasFamilyHistory_familyRelationDegree> <Male_First_Degree> 0 0 0 0
<2304761> <hasFamilyHistory_familyRelationDegree> <Female_First_Degree> 0 0 0 0
<201470> <hasFamilyHistory_familyRelationDegree> <First_Degree> 0 0 0 0
<2915960> <hasFamilyHistory_familyRelationDegree> <Third_Degree> 0 0 0 0
<15706420> <hasFamilyHistory_familyRelationDegree> <First_Degree> 0 0 0 0
<6311799> <hasFamilyHistory_familyRelationDegree> <First_Degree> 0 0 0 0
<6311799> <hasFamilyHistory_familyRelationDegree> <Female_First_Degree> 0 0 0 0
<5109142> <hasFamilyHistory_familyRelationDegree> <First_Degree> 0 0 0 0
<2808783> <hasFamilyHistory_familyRelationDegree> <Male_Second_Degree> 0 0 0 0
<417553> <hasFamilyHistory_familyRelationDegree> <First_Degree> 0 0 0 0
<514359> <hasFamilyHistory_familyRelationDegree> <Male_First_Degree> 0 0 0 0
<10810457> <hasFamilyHistory_familyRelationDegree> <Second_Degree> 0 0 0 0
<6315363> <hasFamilyHistory_familyRelationDegree> <First_Degree> 0 0 0 0
<1315088> <hasFamilyHistory_familyRelationDegree> <First_Degree> 0 0 0 0
<5115220> <hasFamilyHistory_familyRelationDegree> <Second_Degree> 0 0 0 0
<2305371> <hasFamilyHistory_familyRelationDegree> <Male_Second_Degree> 0 0 0 0
<513036> <hasFamilyHistory_familyRelationDegree> <First_Degree> 0 0 0 0
<517138> <hasFamilyHistory_familyRelationDegree> <Female_First_Degree> 0 0 0 0
<6315491> <hasFamilyHistory_familyRelationDegree> <Male_First_Degree> 0 0 0 0
<1511157> <hasFamilyHistory_familyRelationDegree> <First_Degree> 0 0 0 0
<1511157> <hasFamilyHistory_familyRelationDegree> <Female_First_Degree> 0 0 0 0
<2312824> <hasFamilyHistory_familyRelationDegree> <First_Degree> 0 0 0 0
<514245> <hasFamilyHistory_familyRelationDegree> <Male_First_Degree> 0 0 0 0
<5116959> <hasFamilyHistory_familyRelationDegree> <Male_First_Degree> 0 0 0 0
<217052> <hasFamilyHistory_familyRelationDegree> <First_Degree> 0 0 0 0
<6315418> <hasFamilyHistory_familyRelationDegree> <Male_First_Degree> 0 0 0 0
<311592> <hasFamilyHistory_familyRelationDegree> <First_Degree> 0 0 0 0
<102366> <hasFamilyHistory_familyRelationDegree> <Male_Second_Degree> 0 0 0 0
<6313434> <hasFamilyHistory_familyRelationDegree> <First_Degree> 0 0 0 0
<1214694> <hasFamilyHistory_familyRelationDegree> <Male_First_Degree> 0 0 0 0
<5112689> <hasFamilyHistory_familyRelationDegree> <Second_Degree> 0 0 0 0
<417275> <hasFamilyHistory_familyRelationDegree> <First_Degree> 0 0 0 0
<212832> <hasFamilyHistory_familyRelationDegree> <Second_Degree> 0 0 0 0
<302894> <hasFamilyHistory_familyRelationDegree> <First_Degree> 0 0 0 0
<3801837> <hasFamilyHistory_familyRelationDegree> <Female_First_Degree> 0 0 0 0
<514128> <hasFamilyHistory_familyRelationDegree> <Male_First_Degree> 0 0 0 0
<11312103> <hasFamilyHistory_familyRelationDegree> <First_Degree> 0 0 0 0
<512780> <hasFamilyHistory_familyRelationDegree> <Male_First_Degree> 0 0 0 0
<3006288> <hasFamilyHistory_familyRelationDegree> <First_Degree> 0 0 0 0
<2804869> <hasFamilyHistory_familyRelationDegree> <Male_First_Degree> 0 0 0 0
<101934> <hasFamilyHistory_familyRelationDegree> <First_Degree> 0 0 0 0
<210257> <hasFamilyHistory_familyRelationDegree> <Second_Degree> 0 0 0 0
<202760> <hasFamilyHistory_familyRelationDegree> <Male_Second_Degree> 0 0 0 0
<5316352> <hasFamilyHistory_familyRelationDegree> <First_Degree> 0 0 0 0
<4605943> <hasFamilyHistory_familyRelationDegree> <First_Degree> 0 0 0 0
<6312083> <hasFamilyHistory_familyRelationDegree> <First_Degree> 0 0 0 0
<15715020> <hasFamilyHistory_familyRelationDegree> <Second_Degree> 0 0 0 0
<206686> <hasFamilyHistory_familyRelationDegree> <Female_First_Degree> 0 0 0 0
<4604553> <hasFamilyHistory_familyRelationDegree> <Male_First_Degree> 0 0 0 0
<210601> <hasFamilyHistory_familyRelationDegree> <Third_Degree> 0 0 0 0
<1310098> <hasFamilyHistory_familyRelationDegree> <First_Degree> 0 0 0 0
<5115288> <hasFamilyHistory_familyRelationDegree> <Male_First_Degree> 0 0 0 0
<5104187> <hasFamilyHistory_familyRelationDegree> <Second_Degree> 0 0 0 0
<201798> <hasFamilyHistory_familyRelationDegree> <First_Degree> 0 0 0 0
<3408101> <hasFamilyHistory_familyRelationDegree> <Female_First_Degree> 0 0 0 0
<512947> <hasFamilyHistory_familyRelationDegree> <First_Degree> 0 0 0 0
<6305047> <hasFamilyHistory_familyRelationDegree> <First_Degree> 0 0 0 0
<307058> <hasFamilyHistory_familyRelationDegree> <Female_First_Degree> 0 0 0 0
<312922> <hasFamilyHistory_familyRelationDegree> <First_Degree> 0 0 0 0
<5112421> <hasFamilyHistory_familyRelationDegree> <First_Degree> 0 0 0 0
<303689> <hasFamilyHistory_familyRelationDegree> <Female_First_Degree> 0 0 0 0
<1217001> <hasFamilyHistory_familyRelationDegree> <First_Degree> 0 0 0 0
<1314865> <hasFamilyHistory_familyRelationDegree> <Male_First_Degree> 0 0 0 0
<15706360> <hasFamilyHistory_familyRelationDegree> <First_Degree> 0 0 0 0
<6303499> <hasFamilyHistory_familyRelationDegree> <Male_First_Degree> 0 0 0 0
<5315774> <hasFamilyHistory_familyRelationDegree> <Female_First_Degree> 0 0 0 0
<6301700> <hasFamilyHistory_familyRelationDegree> <Male_First_Degree> 0 0 0 0
<503132> <hasFamilyHistory_familyRelationDegree> <Second_Degree> 0 0 0 0
<301409> <hasFamilyHistory_familyRelationDegree> <Female_First_Degree> 0 0 0 0
<15700752> <hasFamilyHistory_familyRelationDegree> <Male_First_Degree> 0 0 0 0
<307595> <hasFamilyHistory_familyRelationDegree> <First_Degree> 0 0 0 0
<2312545> <hasFamilyHistory_familyRelationDegree> <First_Degree> 0 0 0 0
<2917289> <hasFamilyHistory_familyRelationDegree> <Female_First_Degree> 0 0 0 0
<15700491> <hasFamilyHistory_familyRelationDegree> <First_Degree> 0 0 0 0
<1514829> <hasFamilyHistory_familyRelationDegree> <Third_Degree> 0 0 0 0
<1310150> <hasFamilyHistory_familyRelationDegree> <Male_First_Degree> 0 0 0 0
<2914924> <hasFamilyHistory_familyRelationDegree> <Female_First_Degree> 0 0 0 0
<6302610> <hasFamilyHistory_familyRelationDegree> <First_Degree> 0 0 0 0
<501300> <hasFamilyHistory_familyRelationDegree> <Female_First_Degree> 0 0 0 0
<1511163> <hasFamilyHistory_familyRelationDegree> <Male_Second_Degree> 0 0 0 0
<2910711> <hasFamilyHistory_familyRelationDegree> <First_Degree> 0 0 0 0
<1511053> <hasFamilyHistory_familyRelationDegree> <Female_Third_Degree> 0 0 0 0
<10606316> <hasFamilyHistory_familyRelationDegree> <Male_First_Degree> 0 0 0 0
<11312416> <hasFamilyHistory_familyRelationDegree> <Second_Degree> 0 0 0 0
<415880> <hasFamilyHistory_familyRelationDegree> <Female_First_Degree> 0 0 0 0
<5107961> <hasFamilyHistory_familyRelationDegree> <Male_First_Degree> 0 0 0 0
<514302> <hasFamilyHistory_familyRelationDegree> <Male_First_Degree> 0 0 0 0
<110053> <hasFamilyHistory_familyRelationDegree> <First_Degree> 0 0 0 0
<1006650> <hasFamilyHistory_familyRelationDegree> <Female_First_Degree> 0 0 0 0
<6312848> <hasFamilyHistory_familyRelationDegree> <First_Degree> 0 0 0 0
<513908> <hasFamilyHistory_familyRelationDegree> <Male_First_Degree> 0 0 0 0
<201542> <hasFamilyHistory_familyRelationDegree> <Male_First_Degree> 0 0 0 0
<1504948> <hasFamilyHistory_familyRelationDegree> <Male_First_Degree> 0 0 0 0
<5106902> <hasFamilyHistory_familyRelationDegree> <First_Degree> 0 0 0 0
<3005809> <hasFamilyHistory_familyRelationDegree> <Female_First_Degree> 0 0 0 0
<11314170> <hasFamilyHistory_familyRelationDegree> <First_Degree> 0 0 0 0
<501345> <hasFamilyHistory_familyRelationDegree> <Second_Degree> 0 0 0 0
<10607134> <hasFamilyHistory_familyRelationDegree> <Male_First_Degree> 0 0 0 0
<508400> <hasFamilyHistory_familyRelationDegree> <Male_First_Degree> 0 0 0 0
<2810618> <hasFamilyHistory_familyRelationDegree> <First_Degree> 0 0 0 0
<5106406> <hasFamilyHistory_familyRelationDegree> <Male_First_Degree> 0 0 0 0
<5109862> <hasFamilyHistory_familyRelationDegree> <First_Degree> 0 0 0 0
<3900057> <hasFamilyHistory_familyRelationDegree> <First_Degree> 0 0 0 0
<4613021> <hasFamilyHistory_familyRelationDegree> <Second_Degree> 0 0 0 0
<1500911> <hasFamilyHistory_familyRelationDegree> <Female_Third_Degree> 0 0 0 0
<2805009> <hasFamilyHistory_familyRelationDegree> <Female_First_Degree> 0 0 0 0
<10802828> <hasFamilyHistory_familyRelationDegree> <Second_Degree> 0 0 0 0
<2300048> <hasFamilyHistory_familyRelationDegree> <Female_First_Degree> 0 0 0 0
<2306769> <hasFamilyHistory_familyRelationDegree> <Female_First_Degree> 0 0 0 0
<1505084> <hasFamilyHistory_familyRelationDegree> <Male_Second_Degree> 0 0 0 0
<517255> <hasFamilyHistory_familyRelationDegree> <First_Degree> 0 0 0 0
<508157> <hasFamilyHistory_familyRelationDegree> <Male_First_Degree> 0 0 0 0
<1311117> <hasFamilyHistory_familyRelationDegree> <First_Degree> 0 0 0 0
<2310591> <hasFamilyHistory_familyRelationDegree> <First_Degree> 0 0 0 0
<512551> <hasFamilyHistory_familyRelationDegree> <First_Degree> 0 0 0 0
<5301597> <hasFamilyHistory_familyRelationDegree> <First_Degree> 0 0 0 0
<116560> <hasFamilyHistory_familyRelationDegree> <Male_First_Degree> 0 0 0 0
<503875> <hasFamilyHistory_familyRelationDegree> <First_Degree> 0 0 0 0
<416750> <hasFamilyHistory_familyRelationDegree> <Second_Degree> 0 0 0 0
<516822> <hasFamilyHistory_familyRelationDegree> <Male_First_Degree> 0 0 0 0
<2100835> <hasFamilyHistory_familyRelationDegree> <First_Degree> 0 0 0 0
<5107108> <hasFamilyHistory_familyRelationDegree> <First_Degree> 0 0 0 0
<209493> <hasFamilyHistory_familyRelationDegree> <First_Degree> 0 0 0 0
<5114543> <hasFamilyHistory_familyRelationDegree> <First_Degree> 0 0 0 0
<1301994> <hasFamilyHistory_familyRelationDegree> <Male_Second_Degree> 0 0 0 0
<5106264> <hasFamilyHistory_familyRelationDegree> <First_Degree> 0 0 0 0
<501259> <hasFamilyHistory_familyRelationDegree> <First_Degree> 0 0 0 0
<15710134> <hasFamilyHistory_familyRelationDegree> <Female_First_Degree> 0 0 0 0
<3703504> <hasFamilyHistory_familyRelationDegree> <Male_First_Degree> 0 0 0 0
<11405742> <hasFamilyHistory_familyRelationDegree> <Male_Second_Degree> 0 0 0 0
<1500913> <hasFamilyHistory_familyRelationDegree> <First_Degree> 0 0 0 0
<1500913> <hasFamilyHistory_familyRelationDegree> <Male_First_Degree> 0 0 0 0
<5105210> <hasFamilyHistory_familyRelationDegree> <First_Degree> 0 0 0 0
<514337> <hasFamilyHistory_familyRelationDegree> <First_Degree> 0 0 0 0
<11312323> <hasFamilyHistory_familyRelationDegree> <Second_Degree> 0 0 0 0
<501225> <hasFamilyHistory_familyRelationDegree> <First_Degree> 0 0 0 0
<10815688> <hasFamilyHistory_familyRelationDegree> <Female_First_Degree> 0 0 0 0
<207916> <hasFamilyHistory_familyRelationDegree> <Female_First_Degree> 0 0 0 0
<1311753> <hasFamilyHistory_familyRelationDegree> <Male_First_Degree> 0 0 0 0
<1511100> <hasFamilyHistory_familyRelationDegree> <First_Degree> 0 0 0 0
<1516228> <hasFamilyHistory_familyRelationDegree> <First_Degree> 0 0 0 0
<202103> <hasFamilyHistory_familyRelationDegree> <Female_First_Degree> 0 0 0 0
<1511172> <hasFamilyHistory_familyRelationDegree> <First_Degree> 0 0 0 0
<15717541> <hasFamilyHistory_familyRelationDegree> <Female_First_Degree> 0 0 0 0
<516124> <hasFamilyHistory_familyRelationDegree> <First_Degree> 0 0 0 0
<4602330> <hasFamilyHistory_familyRelationDegree> <First_Degree> 0 0 0 0
<4602330> <hasFamilyHistory_familyRelationDegree> <Male_First_Degree> 0 0 0 0
<306456> <hasFamilyHistory_familyRelationDegree> <Male_First_Degree> 0 0 0 0
<1505968> <hasFamilyHistory_familyRelationDegree> <First_Degree> 0 0 0 0
<1511146> <hasFamilyHistory_familyRelationDegree> <Female_First_Degree> 0 0 0 0
<1314990> <hasFamilyHistory_familyRelationDegree> <Male_First_Degree> 0 0 0 0
<1511189> <hasFamilyHistory_familyRelationDegree> <First_Degree> 0 0 0 0
<513950> <hasFamilyHistory_familyRelationDegree> <First_Degree> 0 0 0 0
<508219> <hasFamilyHistory_familyRelationDegree> <First_Degree> 0 0 0 0
<1501055> <hasFamilyHistory_familyRelationDegree> <First_Degree> 0 0 0 0
<5103759> <hasFamilyHistory_familyRelationDegree> <Female_First_Degree> 0 0 0 0
<300583> <hasFamilyHistory_familyRelationDegree> <Male_First_Degree> 0 0 0 0
<1500888> <hasFamilyHistory_familyRelationDegree> <Female_First_Degree> 0 0 0 0
<3006259> <hasFamilyHistory_familyRelationDegree> <Male_First_Degree> 0 0 0 0
<514361> <hasFamilyHistory_familyRelationDegree> <Male_First_Degree> 0 0 0 0
<1315685> <hasFamilyHistory_familyRelationDegree> <Female_First_Degree> 0 0 0 0
<1509852> <hasFamilyHistory_familyRelationDegree> <Female_First_Degree> 0 0 0 0
<1506275> <hasFamilyHistory_familyRelationDegree> <Female_First_Degree> 0 0 0 0
<412737> <hasFamilyHistory_familyRelationDegree> <First_Degree> 0 0 0 0
<1509559> <hasFamilyHistory_familyRelationDegree> <First_Degree> 0 0 0 0
<412230> <hasFamilyHistory_familyRelationDegree> <First_Degree> 0 0 0 0
<5102781> <hasFamilyHistory_familyRelationDegree> <Female_First_Degree> 0 0 0 0
<1304712> <hasFamilyHistory_familyRelationDegree> <First_Degree> 0 0 0 0
<513537> <hasFamilyHistory_familyRelationDegree> <Female_First_Degree> 0 0 0 0
<514262> <hasFamilyHistory_familyRelationDegree> <Male_First_Degree> 0 0 0 0
<311527> <hasFamilyHistory_familyRelationDegree> <Female_Second_Degree> 0 0 0 0
<1302254> <hasFamilyHistory_familyRelationDegree> <Male_First_Degree> 0 0 0 0
<513273> <hasFamilyHistory_familyRelationDegree> <First_Degree> 0 0 0 0
<310421> <hasFamilyHistory_familyRelationDegree> <Female_First_Degree> 0 0 0 0
<501327> <hasFamilyHistory_familyRelationDegree> <First_Degree> 0 0 0 0
<501332> <hasFamilyHistory_familyRelationDegree> <First_Degree> 0 0 0 0
<2406439> <hasFamilyHistory_familyRelationDegree> <First_Degree> 0 0 0 0
<3905813> <hasFamilyHistory_familyRelationDegree> <Male_First_Degree> 0 0 0 0
<1300490> <hasFamilyHistory_familyRelationDegree> <First_Degree> 0 0 0 0
<508048> <hasFamilyHistory_familyRelationDegree> <First_Degree> 0 0 0 0
<1214974> <hasFamilyHistory_familyRelationDegree> <Male_First_Degree> 0 0 0 0
<304942> <hasFamilyHistory_familyRelationDegree> <First_Degree> 0 0 0 0
<416844> <hasFamilyHistory_familyRelationDegree> <First_Degree> 0 0 0 0
<513906> <hasFamilyHistory_familyRelationDegree> <Male_First_Degree> 0 0 0 0
<2816477> <hasFamilyHistory_familyRelationDegree> <Female_First_Degree> 0 0 0 0
<415768> <hasFamilyHistory_familyRelationDegree> <First_Degree> 0 0 0 0
<2302133> <hasFamilyHistory_familyRelationDegree> <First_Degree> 0 0 0 0
<5106269> <hasFamilyHistory_familyRelationDegree> <Male_First_Degree> 0 0 0 0
<503348> <hasFamilyHistory_familyRelationDegree> <Second_Degree> 0 0 0 0
<3812243> <hasFamilyHistory_familyRelationDegree> <Female_Second_Degree> 0 0 0 0
<1513571> <hasFamilyHistory_familyRelationDegree> <First_Degree> 0 0 0 0
<508460> <hasFamilyHistory_familyRelationDegree> <Male_First_Degree> 0 0 0 0
<4602326> <hasFamilyHistory_familyRelationDegree> <Male_First_Degree> 0 0 0 0
<3404089> <hasFamilyHistory_familyRelationDegree> <Female_First_Degree> 0 0 0 0
<1506933> <hasFamilyHistory_familyRelationDegree> <Female_First_Degree> 0 0 0 0
<516193> <hasFamilyHistory_familyRelationDegree> <First_Degree> 0 0 0 0
<515823> <hasFamilyHistory_familyRelationDegree> <First_Degree> 0 0 0 0
<4602208> <hasFamilyHistory_familyRelationDegree> <Male_First_Degree> 0 0 0 0
<501229> <hasFamilyHistory_familyRelationDegree> <First_Degree> 0 0 0 0
<109759> <hasFamilyHistory_familyRelationDegree> <Female_First_Degree> 0 0 0 0
<4604219> <hasFamilyHistory_familyRelationDegree> <First_Degree> 0 0 0 0
<2307001> <hasFamilyHistory_familyRelationDegree> <First_Degree> 0 0 0 0
<2300577> <hasFamilyHistory_familyRelationDegree> <Male_First_Degree> 0 0 0 0
<10806081> <hasFamilyHistory_familyRelationDegree> <First_Degree> 0 0 0 0
<1300996> <hasFamilyHistory_familyRelationDegree> <First_Degree> 0 0 0 0
<3508839> <hasFamilyHistory_familyRelationDegree> <First_Degree> 0 0 0 0
<1300885> <hasFamilyHistory_familyRelationDegree> <Female_First_Degree> 0 0 0 0
<513915> <hasFamilyHistory_familyRelationDegree> <Male_First_Degree> 0 0 0 0
<2914924> <hasFamilyHistory_familyRelationDegree> <Second_Degree> 0 0 0 0
<416840> <hasFamilyHistory_familyRelationDegree> <First_Degree> 0 0 0 0
<513868> <hasFamilyHistory_familyRelationDegree> <Male_First_Degree> 0 0 0 0
<416121> <hasFamilyHistory_familyRelationDegree> <First_Degree> 0 0 0 0
<303713> <hasFamilyHistory_familyRelationDegree> <First_Degree> 0 0 0 0
<413138> <hasFamilyHistory_familyRelationDegree> <First_Degree> 0 0 0 0
<5116362> <hasFamilyHistory_familyRelationDegree> <Female_First_Degree> 0 0 0 0
<3408102> <hasFamilyHistory_familyRelationDegree> <First_Degree> 0 0 0 0
<409877> <hasFamilyHistory_familyRelationDegree> <Male_First_Degree> 0 0 0 0
<312135> <hasFamilyHistory_familyRelationDegree> <First_Degree> 0 0 0 0
<10600625> <hasFamilyHistory_familyRelationDegree> <Female_First_Degree> 0 0 0 0
<102139> <hasFamilyHistory_familyRelationDegree> <First_Degree> 0 0 0 0
<501312> <hasFamilyHistory_familyRelationDegree> <First_Degree> 0 0 0 0
<513569> <hasFamilyHistory_familyRelationDegree> <Male_First_Degree> 0 0 0 0
<5114398> <hasFamilyHistory_familyRelationDegree> <First_Degree> 0 0 0 0
<5114398> <hasFamilyHistory_familyRelationDegree> <Female_First_Degree> 0 0 0 0
<103642> <hasFamilyHistory_familyRelationDegree> <First_Degree> 0 0 0 0
<212796> <hasFamilyHistory_familyRelationDegree> <First_Degree> 0 0 0 0
<513093> <hasFamilyHistory_familyRelationDegree> <Male_First_Degree> 0 0 0 0
<108128> <hasFamilyHistory_familyRelationDegree> <Female_First_Degree> 0 0 0 0
<3000395> <hasFamilyHistory_familyRelationDegree> <Male_First_Degree> 0 0 0 0
<207936> <hasFamilyHistory_familyRelationDegree> <First_Degree> 0 0 0 0
<101791> <hasFamilyHistory_familyRelationDegree> <First_Degree> 0 0 0 0
<512626> <hasFamilyHistory_familyRelationDegree> <First_Degree> 0 0 0 0
<5113130> <hasFamilyHistory_familyRelationDegree> <Female_First_Degree> 0 0 0 0
<2917337> <hasFamilyHistory_familyRelationDegree> <Male_First_Degree> 0 0 0 0
<415979> <hasFamilyHistory_familyRelationDegree> <First_Degree> 0 0 0 0
<5112572> <hasFamilyHistory_familyRelationDegree> <First_Degree> 0 0 0 0
<2309773> <hasFamilyHistory_familyRelationDegree> <Second_Degree> 0 0 0 0
<415200> <hasFamilyHistory_familyRelationDegree> <Male_First_Degree> 0 0 0 0
<513080> <hasFamilyHistory_familyRelationDegree> <Male_First_Degree> 0 0 0 0
<2905397> <hasFamilyHistory_familyRelationDegree> <First_Degree> 0 0 0 0
<2101455> <hasFamilyHistory_familyRelationDegree> <First_Degree> 0 0 0 0
<209924> <hasFamilyHistory_familyRelationDegree> <Male_First_Degree> 0 0 0 0
<512487> <hasFamilyHistory_familyRelationDegree> <Male_First_Degree> 0 0 0 0
<2305059> <hasFamilyHistory_familyRelationDegree> <Female_Second_Degree> 0 0 0 0
<5111971> <hasFamilyHistory_familyRelationDegree> <First_Degree> 0 0 0 0
<5111971> <hasFamilyHistory_familyRelationDegree> <Female_First_Degree> 0 0 0 0
<512463> <hasFamilyHistory_familyRelationDegree> <First_Degree> 0 0 0 0
<3005665> <hasFamilyHistory_familyRelationDegree> <Male_Second_Degree> 0 0 0 0
<2917468> <hasFamilyHistory_familyRelationDegree> <First_Degree> 0 0 0 0
<2917468> <hasFamilyHistory_familyRelationDegree> <Male_First_Degree> 0 0 0 0
<4602213> <hasFamilyHistory_familyRelationDegree> <Female_First_Degree> 0 0 0 0
<2304867> <hasFamilyHistory_familyRelationDegree> <Second_Degree> 0 0 0 0
<2917316> <hasFamilyHistory_familyRelationDegree> <First_Degree> 0 0 0 0
<2902475> <hasFamilyHistory_familyRelationDegree> <First_Degree> 0 0 0 0
<512613> <hasFamilyHistory_familyRelationDegree> <Male_First_Degree> 0 0 0 0
<2304915> <hasFamilyHistory_familyRelationDegree> <Female_First_Degree> 0 0 0 0
<2910738> <hasFamilyHistory_familyRelationDegree> <First_Degree> 0 0 0 0
<5109727> <hasFamilyHistory_familyRelationDegree> <First_Degree> 0 0 0 0
<3508649> <hasFamilyHistory_familyRelationDegree> <Male_First_Degree> 0 0 0 0
<407635> <hasFamilyHistory_familyRelationDegree> <Male_First_Degree> 0 0 0 0
<2304325> <hasFamilyHistory_familyRelationDegree> <Female_First_Degree> 0 0 0 0
<2304198> <hasFamilyHistory_familyRelationDegree> <First_Degree> 0 0 0 0
<3414703> <hasFamilyHistory_familyRelationDegree> <First_Degree> 0 0 0 0
<2903720> <hasFamilyHistory_familyRelationDegree> <Male_Second_Degree> 0 0 0 0
<2812030> <hasFamilyHistory_familyRelationDegree> <First_Degree> 0 0 0 0
<417168> <hasFamilyHistory_familyRelationDegree> <First_Degree> 0 0 0 0
<3404213> <hasFamilyHistory_familyRelationDegree> <First_Degree> 0 0 0 0
<2815965> <hasFamilyHistory_familyRelationDegree> <Second_Degree> 0 0 0 0
<3709312> <hasFamilyHistory_familyRelationDegree> <First_Degree> 0 0 0 0
<2806200> <hasFamilyHistory_familyRelationDegree> <First_Degree> 0 0 0 0
<3404058> <hasFamilyHistory_familyRelationDegree> <Male_First_Degree> 0 0 0 0
<5113773> <hasFamilyHistory_familyRelationDegree> <First_Degree> 0 0 0 0
<1500964> <hasFamilyHistory_familyRelationDegree> <First_Degree> 0 0 0 0
<5107107> <hasFamilyHistory_familyRelationDegree> <Female_First_Degree> 0 0 0 0
<2801913> <hasFamilyHistory_familyRelationDegree> <First_Degree> 0 0 0 0
<1314972> <hasFamilyHistory_familyRelationDegree> <First_Degree> 0 0 0 0
<2804352> <hasFamilyHistory_familyRelationDegree> <Male_Second_Degree> 0 0 0 0
<2804200> <hasFamilyHistory_familyRelationDegree> <Male_Second_Degree> 0 0 0 0
<202762> <hasFamilyHistory_familyRelationDegree> <Second_Degree> 0 0 0 0
<3509270> <hasFamilyHistory_familyRelationDegree> <Male_First_Degree> 0 0 0 0
<211331> <hasFamilyHistory_familyRelationDegree> <Female_First_Degree> 0 0 0 0
<2311648> <hasFamilyHistory_familyRelationDegree> <Male_Second_Degree> 0 0 0 0
<3406729> <hasFamilyHistory_familyRelationDegree> <Male_First_Degree> 0 0 0 0
<1501050> <hasFamilyHistory_familyRelationDegree> <First_Degree> 0 0 0 0
<15714599> <hasFamilyHistory_familyRelationDegree> <Second_Degree> 0 0 0 0
<2305108> <hasFamilyHistory_familyRelationDegree> <Male_First_Degree> 0 0 0 0
<2304880> <hasFamilyHistory_familyRelationDegree> <Male_First_Degree> 0 0 0 0
<2304322> <hasFamilyHistory_familyRelationDegree> <Male_First_Degree> 0 0 0 0
<1310654> <hasFamilyHistory_familyRelationDegree> <First_Degree> 0 0 0 0
<1310180> <hasFamilyHistory_familyRelationDegree> <Male_First_Degree> 0 0 0 0
<212796> <hasFamilyHistory_familyRelationDegree> <Male_First_Degree> 0 0 0 0
<309894> <hasFamilyHistory_familyRelationDegree> <First_Degree> 0 0 0 0
<509027> <hasFamilyHistory_familyRelationDegree> <Female_First_Degree> 0 0 0 0
<212876> <hasFamilyHistory_familyRelationDegree> <First_Degree> 0 0 0 0
<508973> <hasFamilyHistory_familyRelationDegree> <First_Degree> 0 0 0 0
<508973> <hasFamilyHistory_familyRelationDegree> <Female_First_Degree> 0 0 0 0
<2102839> <hasFamilyHistory_familyRelationDegree> <Male_First_Degree> 0 0 0 0
<5110982> <hasFamilyHistory_familyRelationDegree> <First_Degree> 0 0 0 0
<5110982> <hasFamilyHistory_familyRelationDegree> <Male_First_Degree> 0 0 0 0
<203288> <hasFamilyHistory_familyRelationDegree> <First_Degree> 0 0 0 0
<212481> <hasFamilyHistory_familyRelationDegree> <Male_First_Degree> 0 0 0 0
<2101457> <hasFamilyHistory_familyRelationDegree> <Male_First_Degree> 0 0 0 0
<5110401> <hasFamilyHistory_familyRelationDegree> <First_Degree> 0 0 0 0
<2101454> <hasFamilyHistory_familyRelationDegree> <Male_First_Degree> 0 0 0 0
<5109298> <hasFamilyHistory_familyRelationDegree> <Male_First_Degree> 0 0 0 0
<2106674> <hasFamilyHistory_familyRelationDegree> <First_Degree> 0 0 0 0
<209683> <hasFamilyHistory_familyRelationDegree> <First_Degree> 0 0 0 0
<301409> <hasFamilyHistory_familyRelationDegree> <Male_First_Degree> 0 0 0 0
<1214018> <hasFamilyHistory_familyRelationDegree> <First_Degree> 0 0 0 0
<202276> <hasFamilyHistory_familyRelationDegree> <Second_Degree> 0 0 0 0
<1509909> <hasFamilyHistory_familyRelationDegree> <Male_First_Degree> 0 0 0 0
<1213625> <hasFamilyHistory_familyRelationDegree> <Second_Degree> 0 0 0 0
<313032> <hasFamilyHistory_familyRelationDegree> <First_Degree> 0 0 0 0
<2917479> <hasFamilyHistory_familyRelationDegree> <Male_First_Degree> 0 0 0 0
<1500619> <hasFamilyHistory_familyRelationDegree> <Female_First_Degree> 0 0 0 0
<110129> <hasFamilyHistory_familyRelationDegree> <First_Degree> 0 0 0 0
<3011356> <hasFamilyHistory_familyRelationDegree> <First_Degree> 0 0 0 0
<2804179> <hasFamilyHistory_familyRelationDegree> <Second_Degree> 0 0 0 0
<209239> <hasFamilyHistory_familyRelationDegree> <Male_First_Degree> 0 0 0 0
<2305052> <hasFamilyHistory_familyRelationDegree> <Female_First_Degree> 0 0 0 0
<2903739> <hasFamilyHistory_familyRelationDegree> <Male_First_Degree> 0 0 0 0
<2301140> <hasFamilyHistory_familyRelationDegree> <First_Degree> 0 0 0 0
<2803756> <hasFamilyHistory_familyRelationDegree> <First_Degree> 0 0 0 0
<1516767> <hasFamilyHistory_familyRelationDegree> <Second_Degree> 0 0 0 0
<5112898> <hasFamilyHistory_familyRelationDegree> <Male_First_Degree> 0 0 0 0
<5106079> <hasFamilyHistory_familyRelationDegree> <First_Degree> 0 0 0 0
<2804502> <hasFamilyHistory_familyRelationDegree> <First_Degree> 0 0 0 0
<1314557> <hasFamilyHistory_familyRelationDegree> <Second_Degree> 0 0 0 0
<2310515> <hasFamilyHistory_familyRelationDegree> <Male_First_Degree> 0 0 0 0
<1300683> <hasFamilyHistory_familyRelationDegree> <Male_First_Degree> 0 0 0 0
<1509847> <hasFamilyHistory_familyRelationDegree> <Female_First_Degree> 0 0 0 0
<1500954> <hasFamilyHistory_familyRelationDegree> <First_Degree> 0 0 0 0
<213727> <hasFamilyHistory_familyRelationDegree> <Male_First_Degree> 0 0 0 0
<10815688> <hasFamilyHistory_familyRelationDegree> <First_Degree> 0 0 0 0
<503973> <hasFamilyHistory_familyRelationDegree> <First_Degree> 0 0 0 0
<101678> <hasFamilyHistory_familyRelationDegree> <Second_Degree> 0 0 0 0
<5106770> <hasFamilyHistory_familyRelationDegree> <First_Degree> 0 0 0 0
<15708053> <hasFamilyHistory_familyRelationDegree> <Second_Degree> 0 0 0 0
<1313888> <hasFamilyHistory_familyRelationDegree> <Male_First_Degree> 0 0 0 0
<503292> <hasFamilyHistory_familyRelationDegree> <First_Degree> 0 0 0 0
<202648> <hasFamilyHistory_familyRelationDegree> <First_Degree> 0 0 0 0
<503291> <hasFamilyHistory_familyRelationDegree> <First_Degree> 0 0 0 0
<503291> <hasFamilyHistory_familyRelationDegree> <Female_First_Degree> 0 0 0 0
<1300993> <hasFamilyHistory_familyRelationDegree> <First_Degree> 0 0 0 0
<503108> <hasFamilyHistory_familyRelationDegree> <Female_First_Degree> 0 0 0 0
<501399> <hasFamilyHistory_familyRelationDegree> <First_Degree> 0 0 0 0
<303370> <hasFamilyHistory_familyRelationDegree> <Female_First_Degree> 0 0 0 0
<302637> <hasFamilyHistory_familyRelationDegree> <First_Degree> 0 0 0 0
<501299> <hasFamilyHistory_familyRelationDegree> <Female_First_Degree> 0 0 0 0
<302306> <hasFamilyHistory_familyRelationDegree> <Female_First_Degree> 0 0 0 0
<5106150> <hasFamilyHistory_familyRelationDegree> <Male_First_Degree> 0 0 0 0
<1504530> <hasFamilyHistory_familyRelationDegree> <Male_First_Degree> 0 0 0 0
<300933> <hasFamilyHistory_familyRelationDegree> <Female_First_Degree> 0 0 0 0
<1314754> <hasFamilyHistory_familyRelationDegree> <Male_First_Degree> 0 0 0 0
<1504870> <hasFamilyHistory_familyRelationDegree> <Second_Degree> 0 0 0 0
<508116> <hasFamilyHistory_familyRelationDegree> <Male_First_Degree> 0 0 0 0
<508051> <hasFamilyHistory_familyRelationDegree> <Male_First_Degree> 0 0 0 0
<4611308> <hasFamilyHistory_familyRelationDegree> <Female_First_Degree> 0 0 0 0
<11405816> <hasFamilyHistory_familyRelationDegree> <Male_First_Degree> 0 0 0 0
<5104092> <hasFamilyHistory_familyRelationDegree> <Male_First_Degree> 0 0 0 0
<101670> <hasFamilyHistory_familyRelationDegree> <First_Degree> 0 0 0 0
<1310253> <hasFamilyHistory_familyRelationDegree> <Male_First_Degree> 0 0 0 0
<3000595> <hasFamilyHistory_familyRelationDegree> <First_Degree> 0 0 0 0
<1305428> <hasFamilyHistory_familyRelationDegree> <First_Degree> 0 0 0 0
<1300753> <hasFamilyHistory_familyRelationDegree> <Male_Second_Degree> 0 0 0 0
<109506> <hasFamilyHistory_familyRelationDegree> <Male_First_Degree> 0 0 0 0
<2905791> <hasFamilyHistory_familyRelationDegree> <First_Degree> 0 0 0 0
<5102900> <hasFamilyHistory_familyRelationDegree> <First_Degree> 0 0 0 0
<11313881> <hasFamilyHistory_familyRelationDegree> <Second_Degree> 0 0 0 0
<15709796> <hasFamilyHistory_familyRelationDegree> <First_Degree> 0 0 0 0
<10802687> <hasFamilyHistory_familyRelationDegree> <Male_First_Degree> 0 0 0 0
<11312219> <hasFamilyHistory_familyRelationDegree> <Male_First_Degree> 0 0 0 0
<503766> <hasFamilyHistory_familyRelationDegree> <Male_First_Degree> 0 0 0 0
<2903736> <hasFamilyHistory_familyRelationDegree> <Female_First_Degree> 0 0 0 0
<509146> <hasFamilyHistory_familyRelationDegree> <Male_First_Degree> 0 0 0 0
<108233> <hasFamilyHistory_familyRelationDegree> <Male_First_Degree> 0 0 0 0
<2901424> <hasFamilyHistory_familyRelationDegree> <First_Degree> 0 0 0 0
<509105> <hasFamilyHistory_familyRelationDegree> <First_Degree> 0 0 0 0
<10612970> <hasFamilyHistory_familyRelationDegree> <Second_Degree> 0 0 0 0
<104526> <hasFamilyHistory_familyRelationDegree> <Male_First_Degree> 0 0 0 0
<503089> <hasFamilyHistory_familyRelationDegree> <Male_First_Degree> 0 0 0 0
<508977> <hasFamilyHistory_familyRelationDegree> <Male_First_Degree> 0 0 0 0
<2804437> <hasFamilyHistory_familyRelationDegree> <First_Degree> 0 0 0 0
<1509341> <hasFamilyHistory_familyRelationDegree> <First_Degree> 0 0 0 0
<1509341> <hasFamilyHistory_familyRelationDegree> <Male_First_Degree> 0 0 0 0
<11313931> <hasFamilyHistory_familyRelationDegree> <Male_First_Degree> 0 0 0 0
<507885> <hasFamilyHistory_familyRelationDegree> <First_Degree> 0 0 0 0
<409591> <hasFamilyHistory_familyRelationDegree> <First_Degree> 0 0 0 0
<409591> <hasFamilyHistory_familyRelationDegree> <Female_First_Degree> 0 0 0 0
<2304603> <hasFamilyHistory_familyRelationDegree> <Female_First_Degree> 0 0 0 0
<11312257> <hasFamilyHistory_familyRelationDegree> <Male_First_Degree> 0 0 0 0
<2303749> <hasFamilyHistory_familyRelationDegree> <Female_First_Degree> 0 0 0 0
<2303284> <hasFamilyHistory_familyRelationDegree> <First_Degree> 0 0 0 0
<503810> <hasFamilyHistory_familyRelationDegree> <Male_First_Degree> 0 0 0 0
<10607196> <hasFamilyHistory_familyRelationDegree> <First_Degree> 0 0 0 0
<4603819> <hasFamilyHistory_familyRelationDegree> <First_Degree> 0 0 0 0
<503180> <hasFamilyHistory_familyRelationDegree> <First_Degree> 0 0 0 0
<417281> <hasFamilyHistory_familyRelationDegree> <First_Degree> 0 0 0 0
<1302932> <hasFamilyHistory_familyRelationDegree> <First_Degree> 0 0 0 0
<1302240> <hasFamilyHistory_familyRelationDegree> <First_Degree> 0 0 0 0
<1302157> <hasFamilyHistory_familyRelationDegree> <First_Degree> 0 0 0 0
<501309> <hasFamilyHistory_familyRelationDegree> <First_Degree> 0 0 0 0
<206346> <hasFamilyHistory_familyRelationDegree> <First_Degree> 0 0 0 0
<206346> <hasFamilyHistory_familyRelationDegree> <Female_First_Degree> 0 0 0 0
<416028> <hasFamilyHistory_familyRelationDegree> <Male_First_Degree> 0 0 0 0
<501245> <hasFamilyHistory_familyRelationDegree> <Male_First_Degree> 0 0 0 0
<313682> <hasFamilyHistory_familyRelationDegree> <Female_First_Degree> 0 0 0 0
<412094> <hasFamilyHistory_familyRelationDegree> <Male_First_Degree> 0 0 0 0
<311837> <hasFamilyHistory_familyRelationDegree> <Female_First_Degree> 0 0 0 0
<4911137> <hasFamilyHistory_familyRelationDegree> <Male_First_Degree> 0 0 0 0
<4910963> <hasFamilyHistory_familyRelationDegree> <Male_First_Degree> 0 0 0 0
<10816341> <hasFamilyHistory_familyRelationDegree> <Male_First_Degree> 0 0 0 0
<4910723> <hasFamilyHistory_familyRelationDegree> <Male_First_Degree> 0 0 0 0
<10602094> <hasFamilyHistory_familyRelationDegree> <Male_First_Degree> 0 0 0 0
<3006259> <hasFamilyHistory_familyRelationDegree> <Female_First_Degree> 0 0 0 0
<102072> <hasFamilyHistory_familyRelationDegree> <Male_First_Degree> 0 0 0 0
<3000766> <hasFamilyHistory_familyRelationDegree> <First_Degree> 0 0 0 0
<3704757> <hasFamilyHistory_familyRelationDegree> <Male_First_Degree> 0 0 0 0
<1510092> <hasFamilyHistory_familyRelationDegree> <Female_First_Degree> 0 0 0 0
<1507377> <hasFamilyHistory_familyRelationDegree> <Female_First_Degree> 0 0 0 0
<2902448> <hasFamilyHistory_familyRelationDegree> <Female_First_Degree> 0 0 0 0
<1314648> <hasFamilyHistory_familyRelationDegree> <Female_First_Degree> 0 0 0 0
<5103342> <hasFamilyHistory_familyRelationDegree> <Male_First_Degree> 0 0 0 0
<4910981> <hasFamilyHistory_familyRelationDegree> <Female_First_Degree> 0 0 0 0
<1009248> <hasFamilyHistory_familyRelationDegree> <Female_First_Degree> 0 0 0 0
<5102977> <hasFamilyHistory_familyRelationDegree> <First_Degree> 0 0 0 0
<416384> <hasFamilyHistory_familyRelationDegree> <Male_First_Degree> 0 0 0 0
<4313328> <hasFamilyHistory_familyRelationDegree> <Male_First_Degree> 0 0 0 0
<416684> <hasFamilyHistory_familyRelationDegree> <Male_First_Degree> 0 0 0 0
<415941> <hasFamilyHistory_familyRelationDegree> <First_Degree> 0 0 0 0
<2513350> <hasFamilyHistory_familyRelationDegree> <First_Degree> 0 0 0 0
<2513051> <hasFamilyHistory_familyRelationDegree> <First_Degree> 0 0 0 0
<2507340> <hasFamilyHistory_familyRelationDegree> <First_Degree> 0 0 0 0
<412234> <hasFamilyHistory_familyRelationDegree> <Male_First_Degree> 0 0 0 0
<412094> <hasFamilyHistory_familyRelationDegree> <Male_First_Degree> 0 0 0 0
<2307544> <hasFamilyHistory_familyRelationDegree> <Female_First_Degree> 0 0 0 0
<411494> <hasFamilyHistory_familyRelationDegree> <Male_First_Degree> 0 0 0 0
<2305106> <hasFamilyHistory_familyRelationDegree> <First_Degree> 0 0 0 0
<11317212> <hasFamilyHistory_familyRelationDegree> <Female_First_Degree> 0 0 0 0
<11317069> <hasFamilyHistory_familyRelationDegree> <First_Degree> 0 0 0 0
<310422> <hasFamilyHistory_familyRelationDegree> <First_Degree> 0 0 0 0
<306856> <hasFamilyHistory_familyRelationDegree> <Male_First_Degree> 0 0 0 0
<408732> <hasFamilyHistory_familyRelationDegree> <Male_First_Degree> 0 0 0 0
<300901> <hasFamilyHistory_familyRelationDegree> <First_Degree> 0 0 0 0
<212419> <hasFamilyHistory_familyRelationDegree> <First_Degree> 0 0 0 0
<3005894> <hasFamilyHistory_familyRelationDegree> <Male_First_Degree> 0 0 0 0
<3001049> <hasFamilyHistory_familyRelationDegree> <Male_First_Degree> 0 0 0 0
<3802323> <hasFamilyHistory_familyRelationDegree> <First_Degree> 0 0 0 0
<209986> <hasFamilyHistory_familyRelationDegree> <First_Degree> 0 0 0 0
<101678> <hasFamilyHistory_familyRelationDegree> <First_Degree> 0 0 0 0
<209677> <hasFamilyHistory_familyRelationDegree> <First_Degree> 0 0 0 0
<209148> <hasFamilyHistory_familyRelationDegree> <First_Degree> 0 0 0 0
<1006643> <hasFamilyHistory_familyRelationDegree> <Female_First_Degree> 0 0 0 0
<2808341> <hasFamilyHistory_familyRelationDegree> <Male_First_Degree> 0 0 0 0
<3508704> <hasFamilyHistory_familyRelationDegree> <Male_First_Degree> 0 0 0 0
<2403488> <hasFamilyHistory_familyRelationDegree> <First_Degree> 0 0 0 0
<3404489> <hasFamilyHistory_familyRelationDegree> <First_Degree> 0 0 0 0
<3315431> <hasFamilyHistory_familyRelationDegree> <First_Degree> 0 0 0 0
<1513003> <hasFamilyHistory_familyRelationDegree> <First_Degree> 0 0 0 0
<2309807> <hasFamilyHistory_familyRelationDegree> <Male_First_Degree> 0 0 0 0
<1512726> <hasFamilyHistory_familyRelationDegree> <First_Degree> 0 0 0 0
<3309709> <hasFamilyHistory_familyRelationDegree> <First_Degree> 0 0 0 0
<3309709> <hasFamilyHistory_familyRelationDegree> <Male_First_Degree> 0 0 0 0
<1508004> <hasFamilyHistory_familyRelationDegree> <Female_First_Degree> 0 0 0 0
<1507249> <hasFamilyHistory_familyRelationDegree> <Female_First_Degree> 0 0 0 0
<1505976> <hasFamilyHistory_familyRelationDegree> <First_Degree> 0 0 0 0
<1505976> <hasFamilyHistory_familyRelationDegree> <Female_First_Degree> 0 0 0 0
<304513> <hasFamilyHistory_familyRelationDegree> <Male_First_Degree> 0 0 0 0
<303004> <hasFamilyHistory_familyRelationDegree> <Male_First_Degree> 0 0 0 0
<1315473> <hasFamilyHistory_familyRelationDegree> <Female_First_Degree> 0 0 0 0
<3011367> <hasFamilyHistory_familyRelationDegree> <First_Degree> 0 0 0 0
<2101501> <hasFamilyHistory_familyRelationDegree> <First_Degree> 0 0 0 0
<1310349> <hasFamilyHistory_familyRelationDegree> <Female_First_Degree> 0 0 0 0
<1306376> <hasFamilyHistory_familyRelationDegree> <First_Degree> 0 0 0 0
<208222> <hasFamilyHistory_familyRelationDegree> <First_Degree> 0 0 0 0
<208222> <hasFamilyHistory_familyRelationDegree> <Male_First_Degree> 0 0 0 0
<3001059> <hasFamilyHistory_familyRelationDegree> <Male_First_Degree> 0 0 0 0
<3000767> <hasFamilyHistory_familyRelationDegree> <Male_First_Degree> 0 0 0 0
<207936> <hasFamilyHistory_familyRelationDegree> <Male_First_Degree> 0 0 0 0
<206678> <hasFamilyHistory_familyRelationDegree> <Male_First_Degree> 0 0 0 0
<2907123> <hasFamilyHistory_familyRelationDegree> <Male_First_Degree> 0 0 0 0
<1300290> <hasFamilyHistory_familyRelationDegree> <First_Degree> 0 0 0 0
<1216616> <hasFamilyHistory_familyRelationDegree> <Female_First_Degree> 0 0 0 0
<2902513> <hasFamilyHistory_familyRelationDegree> <Male_First_Degree> 0 0 0 0
<2816475> <hasFamilyHistory_familyRelationDegree> <First_Degree> 0 0 0 0
<2812030> <hasFamilyHistory_familyRelationDegree> <First_Degree> 0 0 0 0
<2808349> <hasFamilyHistory_familyRelationDegree> <First_Degree> 0 0 0 0
<2808341> <hasFamilyHistory_familyRelationDegree> <First_Degree> 0 0 0 0
<15703030> <hasFamilyHistory_familyRelationDegree> <Male_First_Degree> 0 0 0 0
<104407> <hasFamilyHistory_familyRelationDegree> <First_Degree> 0 0 0 0
<102127> <hasFamilyHistory_familyRelationDegree> <First_Degree> 0 0 0 0
<101678> <hasFamilyHistory_familyRelationDegree> <Female_First_Degree> 0 0 0 0
<2312708> <hasFamilyHistory_familyRelationDegree> <First_Degree> 0 0 0 0
<1509979> <hasFamilyHistory_familyRelationDegree> <Male_First_Degree> 0 0 0 0
<1507379> <hasFamilyHistory_familyRelationDegree> <Male_First_Degree> 0 0 0 0
<1316064> <hasFamilyHistory_familyRelationDegree> <First_Degree> 0 0 0 0
<1315137> <hasFamilyHistory_familyRelationDegree> <Male_First_Degree> 0 0 0 0
<2303222> <hasFamilyHistory_familyRelationDegree> <First_Degree> 0 0 0 0
<1314700> <hasFamilyHistory_familyRelationDegree> <Male_First_Degree> 0 0 0 0
<214994> <hasFamilyHistory_familyRelationDegree> <Male_First_Degree> 0 0 0 0
<211725> <hasFamilyHistory_familyRelationDegree> <Male_First_Degree> 0 0 0 0
<1303485> <hasFamilyHistory_familyRelationDegree> <Male_First_Degree> 0 0 0 0
<211331> <hasFamilyHistory_familyRelationDegree> <First_Degree> 0 0 0 0
<1302285> <hasFamilyHistory_familyRelationDegree> <Male_First_Degree> 0 0 0 0
<1301926> <hasFamilyHistory_familyRelationDegree> <First_Degree> 0 0 0 0
<2102290> <hasFamilyHistory_familyRelationDegree> <Male_First_Degree> 0 0 0 0
<11312488> <hasFamilyHistory_familyRelationDegree> <Male_First_Degree> 0 0 0 0
<111288> <hasFamilyHistory_familyRelationDegree> <Male_First_Degree> 0 0 0 0
<110036> <hasFamilyHistory_familyRelationDegree> <Male_First_Degree> 0 0 0 0
<10803413> <hasFamilyHistory_familyRelationDegree> <Male_First_Degree> 0 0 0 0
<10607195> <hasFamilyHistory_familyRelationDegree> <First_Degree> 0 0 0 0
<104464> <hasFamilyHistory_familyRelationDegree> <First_Degree> 0 0 0 0
<101947> <hasFamilyHistory_familyRelationDegree> <Male_First_Degree> 0 0 0 0
<203635> <hasFamilyHistory_familyRelationDegree> <Male_First_Degree> 0 0 0 0
<202761> <hasFamilyHistory_familyRelationDegree> <First_Degree> 0 0 0 0
<202585> <hasFamilyHistory_familyRelationDegree> <First_Degree> 0 0 0 0
<202020> <hasFamilyHistory_familyRelationDegree> <Male_First_Degree> 0 0 0 0
<201803> <hasFamilyHistory_familyRelationDegree> <First_Degree> 0 0 0 0
<15715025> <hasFamilyHistory_familyRelationDegree> <First_Degree> 0 0 0 0
<15700323> <hasFamilyHistory_familyRelationDegree> <Male_First_Degree> 0 0 0 0
<1514825> <hasFamilyHistory_familyRelationDegree> <Male_First_Degree> 0 0 0 0
<1514715> <hasFamilyHistory_familyRelationDegree> <Male_First_Degree> 0 0 0 0
<1513565> <hasFamilyHistory_familyRelationDegree> <First_Degree> 0 0 0 0
<1506946> <hasFamilyHistory_familyRelationDegree> <Male_First_Degree> 0 0 0 0
<1315165> <hasFamilyHistory_familyRelationDegree> <Male_First_Degree> 0 0 0 0
<1314990> <hasFamilyHistory_familyRelationDegree> <First_Degree> 0 0 0 0
<1314350> <hasFamilyHistory_familyRelationDegree> <First_Degree> 0 0 0 0
<1314350> <hasFamilyHistory_familyRelationDegree> <Male_First_Degree> 0 0 0 0
<1304728> <hasFamilyHistory_familyRelationDegree> <First_Degree> 0 0 0 0
<1300691> <hasFamilyHistory_familyRelationDegree> <First_Degree> 0 0 0 0
<111322> <hasFamilyHistory_familyRelationDegree> <First_Degree> 0 0 0 0
<103502> <hasFamilyHistory_familyRelationDegree> <Male_First_Degree> 0 0 0 0
<102863> <hasFamilyHistory_familyRelationDegree> <Male_First_Degree> 0 0 0 0
<2107764> <hasFamilyHistory_familyRelationDegree> <Female_First_Degree> 0 0 0 0
<3702950> <hasFamilyHistory_familyRelationDegree> <First_Degree> 0 0 0 0
<2911370> <hasFamilyHistory_familyRelationDegree> <Male_First_Degree> 0 0 0 0
<2903122> <hasFamilyHistory_familyRelationDegree> <First_Degree> 0 0 0 0
<201539> <hasFamilyHistory_familyRelationDegree> <Male_First_Degree> 0 0 0 0
<1305535> <hasFamilyHistory_familyRelationDegree> <Male_First_Degree> 0 0 0 0
<513242> <hasFamilyHistory_familyRelationDegree> <Second_Degree> 0 0 0 0
<717578> <hasFamilyHistory_familyRelationDegree> <First_Degree> 0 0 0 0
<6315297> <hasFamilyHistory_familyRelationDegree> <Female_First_Degree> 0 0 0 0
<514290> <hasFamilyHistory_familyRelationDegree> <Male_First_Degree> 0 0 0 0
<512464> <hasFamilyHistory_familyRelationDegree> <Female_First_Degree> 0 0 0 0
<517268> <hasFamilyHistory_familyRelationDegree> <Female_Second_Degree> 0 0 0 0
<1214880> <hasFamilyHistory_familyRelationDegree> <Male_First_Degree> 0 0 0 0
<311758> <hasFamilyHistory_familyRelationDegree> <First_Degree> 0 0 0 0
<4910552> <hasFamilyHistory_familyRelationDegree> <First_Degree> 0 0 0 0
<203390> <hasFamilyHistory_familyRelationDegree> <Male_First_Degree> 0 0 0 0
<416746> <hasFamilyHistory_familyRelationDegree> <Male_First_Degree> 0 0 0 0
<3306067> <hasFamilyHistory_familyRelationDegree> <Second_Degree> 0 0 0 0
<306533> <hasFamilyHistory_familyRelationDegree> <First_Degree> 0 0 0 0
