<10612971> <hasCarcinogen_hasCarcinogenType> <Diesel_engine_smoke> 0 0 0 0
<11313713> <hasCarcinogen_hasCarcinogenType> <Others> 1 1 1 1
<11317522> <hasCarcinogen_hasCarcinogenType> <Paints> 0 0 0 0
<15700491> <hasCarcinogen_hasCarcinogenType> <Asbestos_related> 0 0 0 0
<1300814> <hasCarcinogen_hasCarcinogenType> <Others> 0 0 0 0
<15706382> <hasCarcinogen_hasCarcinogenType> <Others> 0 0 0 0
<15704685> <hasCarcinogen_hasCarcinogenType> <Diesel_engine_smoke> 0 0 0 0
<15709796> <hasCarcinogen_hasCarcinogenType> <Others> 0 0 0 0
<2301144> <hasCarcinogen_hasCarcinogenType> <Others> 0 0 0 0
<2302933> <hasCarcinogen_hasCarcinogenType> <Others> 1 1 1 1
<2312514> <hasCarcinogen_hasCarcinogenType> <Related_to_Arsenic> 1 1 1 1
<3707092> <hasCarcinogen_hasCarcinogenType> <Diesel_engine_smoke> 0 0 0 0
<3801788> <hasCarcinogen_hasCarcinogenType> <Others> 0 0 0 0
<203495> <hasCarcinogen_hasCarcinogenType> <Others> 1 1 1 1
<2302050> <hasCarcinogen_hasCarcinogenType> <Others> 1 1 1 1
<3006405> <hasCarcinogen_hasCarcinogenType> <Paints> 0 0 0 0
<2902450> <hasCarcinogen_hasCarcinogenType> <Others> 1 1 1 1
<215333> <hasCarcinogen_hasCarcinogenType> <Asbestos_related> 0 0 0 0
<2101415> <hasCarcinogen_hasCarcinogenType> <Diesel_engine_smoke> 0 0 0 0
<2405614> <hasCarcinogen_hasCarcinogenType> <Asbestos_related> 0 0 0 0
<2902530> <hasCarcinogen_hasCarcinogenType> <Others> 1 1 1 1
<3703774> <hasCarcinogen_hasCarcinogenType> <Asbestos_related> 0 0 0 0
<4609968> <hasCarcinogen_hasCarcinogenType> <Paints> 0 0 0 0
<5103363> <hasCarcinogen_hasCarcinogenType> <Others> 1 1 1 1
<5114030> <hasCarcinogen_hasCarcinogenType> <Diesel_engine_smoke> 0 0 0 0
<417107> <hasCarcinogen_hasCarcinogenType> <Asbestos_related> 0 0 0 0
<417573> <hasCarcinogen_hasCarcinogenType> <Asbestos_related> 0 0 0 0
<5108009> <hasCarcinogen_hasCarcinogenType> <Paints> 0 0 0 0
<5107507> <hasCarcinogen_hasCarcinogenType> <Others> 1 1 1 1
<5113266> <hasCarcinogen_hasCarcinogenType> <Diesel_engine_smoke> 0 0 0 0
<5106256> <hasCarcinogen_hasCarcinogenType> <Paints> 0 0 0 0
<5103649> <hasCarcinogen_hasCarcinogenType> <Asbestos_related> 0 0 0 0
<707440> <hasCarcinogen_hasCarcinogenType> <Asbestos_related> 0 0 0 0
<7404244> <hasCarcinogen_hasCarcinogenType> <Others> 0 0 0 0
<6305026> <hasCarcinogen_hasCarcinogenType> <Others> 0 0 0 0
<10610441> <hasCarcinogen_hasCarcinogenType> <Others> 0 0 0 0
<110770> <hasCarcinogen_hasCarcinogenType> <Others> 1 1 1 1
<1500991> <hasCarcinogen_hasCarcinogenType> <Others> 0 0 0 0
<15715010> <hasCarcinogen_hasCarcinogenType> <Others> 0 0 0 0
<104476> <hasCarcinogen_hasCarcinogenType> <Others> 0 0 0 0
<15706417> <hasCarcinogen_hasCarcinogenType> <Others> 1 1 1 1
<101726> <hasCarcinogen_hasCarcinogenType> <Asbestos_related> 0 0 0 0
<2300123> <hasCarcinogen_hasCarcinogenType> <Others> 1 1 1 1
<2302196> <hasCarcinogen_hasCarcinogenType> <Others> 0 0 0 0
<2304640> <hasCarcinogen_hasCarcinogenType> <Diesel_engine_smoke> 0 0 0 0
<2111530> <hasCarcinogen_hasCarcinogenType> <Diesel_engine_smoke> 0 0 0 0
<2307124> <hasCarcinogen_hasCarcinogenType> <Asbestos_related> 0 0 0 0
<2311615> <hasCarcinogen_hasCarcinogenType> <Others> 1 1 1 1
<2803740> <hasCarcinogen_hasCarcinogenType> <Paints> 0 0 0 0
<2917344> <hasCarcinogen_hasCarcinogenType> <Others> 0 0 0 0
<2917503> <hasCarcinogen_hasCarcinogenType> <Others> 0 0 0 0
<3001062> <hasCarcinogen_hasCarcinogenType> <Paints> 0 0 0 0
<3408102> <hasCarcinogen_hasCarcinogenType> <Diesel_engine_smoke> 0 0 0 0
<3802390> <hasCarcinogen_hasCarcinogenType> <Others> 1 1 1 1
<3405332> <hasCarcinogen_hasCarcinogenType> <Others> 0 0 0 0
<212154> <hasCarcinogen_hasCarcinogenType> <Diesel_engine_smoke> 0 0 0 0
<305234> <hasCarcinogen_hasCarcinogenType> <Others> 0 0 0 0
<2902514> <hasCarcinogen_hasCarcinogenType> <Others> 1 1 1 1
<305306> <hasCarcinogen_hasCarcinogenType> <Paints> 0 0 0 0
<311682> <hasCarcinogen_hasCarcinogenType> <Diesel_engine_smoke> 0 0 0 0
<210432> <hasCarcinogen_hasCarcinogenType> <Paints> 0 0 0 0
<2311906> <hasCarcinogen_hasCarcinogenType> <Asbestos_related> 0 0 0 0
<300857> <hasCarcinogen_hasCarcinogenType> <Diesel_engine_smoke> 0 0 0 0
<2312544> <hasCarcinogen_hasCarcinogenType> <Asbestos_related> 0 0 0 0
<407505> <hasCarcinogen_hasCarcinogenType> <Diesel_engine_smoke> 0 0 0 0
<5107283> <hasCarcinogen_hasCarcinogenType> <Diesel_engine_smoke> 0 0 0 0
<2811307> <hasCarcinogen_hasCarcinogenType> <Silica> 0 0 0 0
<11911234> <hasCarcinogen_hasCarcinogenType> <Silica> 0 0 0 0
<15700396> <hasCarcinogen_hasCarcinogenType> <Silica> 0 0 0 0
<201865> <hasCarcinogen_hasCarcinogenType> <Silica> 0 0 0 0
<10606140> <hasCarcinogen_hasCarcinogenType> <Asbestos_related> 0 0 0 0
<10607134> <hasCarcinogen_hasCarcinogenType> <Asbestos_related> 0 0 0 0
<109255> <hasCarcinogen_hasCarcinogenType> <Asbestos_related> 0 0 0 0
<1306173> <hasCarcinogen_hasCarcinogenType> <Others> 0 0 0 0
<101886> <hasCarcinogen_hasCarcinogenType> <Dyes> 0 0 0 0
<2302925> <hasCarcinogen_hasCarcinogenType> <Asbestos_related> 0 0 0 0
<4605940> <hasCarcinogen_hasCarcinogenType> <Diesel_engine_smoke> 0 0 0 0
<5104033> <hasCarcinogen_hasCarcinogenType> <Others> 1 1 1 1
<5107961> <hasCarcinogen_hasCarcinogenType> <Diesel_engine_smoke> 0 0 0 0
<5107219> <hasCarcinogen_hasCarcinogenType> <Paints> 0 0 0 0
<5112061> <hasCarcinogen_hasCarcinogenType> <Asbestos_related> 0 0 0 0
<710951> <hasCarcinogen_hasCarcinogenType> <Asbestos_related> 0 0 0 0
<9909443> <hasCarcinogen_hasCarcinogenType> <Dyes> 0 0 0 0
<1300134> <hasCarcinogen_hasCarcinogenType> <Others> 0 0 0 0
<1300895> <hasCarcinogen_hasCarcinogenType> <Others> 1 1 1 1
<2303277> <hasCarcinogen_hasCarcinogenType> <Related_to_Arsenic> 1 1 1 1
<2305128> <hasCarcinogen_hasCarcinogenType> <Related_to_Arsenic> 1 1 1 1
<215377> <hasCarcinogen_hasCarcinogenType> <Asbestos_related> 0 0 0 0
<4611770> <hasCarcinogen_hasCarcinogenType> <Asbestos_related> 0 0 0 0
<5105383> <hasCarcinogen_hasCarcinogenType> <Asbestos_related> 0 0 0 0
<5113298> <hasCarcinogen_hasCarcinogenType> <Diesel_engine_smoke> 0 0 0 0
<5504031> <hasCarcinogen_hasCarcinogenType> <Others> 1 1 1 1
<6300489> <hasCarcinogen_hasCarcinogenType> <Asbestos_related> 0 0 0 0
<6302483> <hasCarcinogen_hasCarcinogenType> <Others> 0 0 0 0
<7000488> <hasCarcinogen_hasCarcinogenType> <Paints> 0 0 0 0
<5109297> <hasCarcinogen_hasCarcinogenType> <Asbestos_related> 0 0 0 0
<4605421> <hasCarcinogen_hasCarcinogenType> <Asbestos_related> 0 0 0 0
<5111045> <hasCarcinogen_hasCarcinogenType> <Others> 1 1 1 1
