<101805> <locatedInHospital> <Comunidad_Valenciana> 0 0 0 0
<101834> <locatedInHospital> <Comunidad_Valenciana> 0 0 0 0
<101874> <locatedInHospital> <Comunidad_Valenciana> 0 0 0 0
<101947> <locatedInHospital> <Comunidad_Valenciana> 0 0 0 0
<102126> <locatedInHospital> <Comunidad_Valenciana> 0 0 0 0
<102127> <locatedInHospital> <Comunidad_Valenciana> 0 0 0 0
<103588> <locatedInHospital> <Comunidad_Valenciana> 0 0 0 0
<103791> <locatedInHospital> <Comunidad_Valenciana> 0 0 0 0
<104296> <locatedInHospital> <Comunidad_Valenciana> 0 0 0 0
<10600375> <locatedInHospital> <Madrid> 0 0 0 0
<10600625> <locatedInHospital> <Madrid> 0 0 0 0
<10601122> <locatedInHospital> <Madrid> 0 0 0 0
<10601123> <locatedInHospital> <Madrid> 0 0 0 0
<10601389> <locatedInHospital> <Madrid> 0 0 0 0
<10612211> <locatedInHospital> <Madrid> 0 0 0 0
<10613559> <locatedInHospital> <Madrid> 0 0 0 0
<107756> <locatedInHospital> <Comunidad_Valenciana> 0 0 0 0
<107832> <locatedInHospital> <Comunidad_Valenciana> 0 0 0 0
<108003> <locatedInHospital> <Comunidad_Valenciana> 0 0 0 0
<10803412> <locatedInHospital> <Catalunya> 0 0 0 0
<10803941> <locatedInHospital> <Catalunya> 0 0 0 0
<10803942> <locatedInHospital> <Catalunya> 0 0 0 0
<10815705> <locatedInHospital> <Catalunya> 0 0 0 0
<108178> <locatedInHospital> <Comunidad_Valenciana> 0 0 0 0
<108287> <locatedInHospital> <Comunidad_Valenciana> 0 0 0 0
<109171> <locatedInHospital> <Comunidad_Valenciana> 0 0 0 0
<109282> <locatedInHospital> <Comunidad_Valenciana> 0 0 0 0
<109466> <locatedInHospital> <Comunidad_Valenciana> 0 0 0 0
<109509> <locatedInHospital> <Comunidad_Valenciana> 0 0 0 0
<109603> <locatedInHospital> <Comunidad_Valenciana> 0 0 0 0
<109738> <locatedInHospital> <Comunidad_Valenciana> 0 0 0 0
<110345> <locatedInHospital> <Comunidad_Valenciana> 0 0 0 0
<111012> <locatedInHospital> <Comunidad_Valenciana> 0 0 0 0
<111476> <locatedInHospital> <Comunidad_Valenciana> 0 0 0 0
<112087> <locatedInHospital> <Comunidad_Valenciana> 0 0 0 0
<112176> <locatedInHospital> <Comunidad_Valenciana> 0 0 0 0
<112280> <locatedInHospital> <Comunidad_Valenciana> 0 0 0 0
<112287> <locatedInHospital> <Comunidad_Valenciana> 0 0 0 0
<11311945> <locatedInHospital> <Extremadura> 0 0 0 0
<11311973> <locatedInHospital> <Extremadura> 0 0 0 0
<11312000> <locatedInHospital> <Extremadura> 0 0 0 0
<11312074> <locatedInHospital> <Extremadura> 0 0 0 0
<11312119> <locatedInHospital> <Extremadura> 0 0 0 0
<707601> <locatedInHospital> <Madrid> 0 0 0 0
<707715> <locatedInHospital> <Madrid> 0 0 0 0
<707722> <locatedInHospital> <Madrid> 0 0 0 0
<709237> <locatedInHospital> <Madrid> 0 0 0 0
<709732> <locatedInHospital> <Madrid> 0 0 0 0
<711015> <locatedInHospital> <Madrid> 0 0 0 0
<714292> <locatedInHospital> <Madrid> 0 0 0 0
<7404073> <locatedInHospital> <Islas_Canarias> 0 0 0 0
<7406108> <locatedInHospital> <Islas_Canarias> 0 0 0 0
<7406523> <locatedInHospital> <Islas_Canarias> 0 0 0 0
<7406550> <locatedInHospital> <Islas_Canarias> 0 0 0 0
<7407019> <locatedInHospital> <Islas_Canarias> 0 0 0 0
<7407403> <locatedInHospital> <Islas_Canarias> 0 0 0 0
<7408336> <locatedInHospital> <Islas_Canarias> 0 0 0 0
<7408848> <locatedInHospital> <Islas_Canarias> 0 0 0 0
<8307698> <locatedInHospital> <Comunidad_Valenciana> 0 0 0 0
<8311457> <locatedInHospital> <Comunidad_Valenciana> 0 0 0 0
<8311740> <locatedInHospital> <Comunidad_Valenciana> 0 0 0 0
<900249> <locatedInHospital> <Madrid> 0 0 0 0
<900563> <locatedInHospital> <Madrid> 0 0 0 0
<10805582> <locatedInHospital> <Catalunya> 0 0 0 0
<11312116> <locatedInHospital> <Extremadura> 0 0 0 0
<717575> <locatedInHospital> <Madrid> 0 0 0 0
<7405339> <locatedInHospital> <Islas_Canarias> 0 0 0 0
<7407020> <locatedInHospital> <Islas_Canarias> 0 0 0 0
<901080> <locatedInHospital> <Madrid> 0 0 0 0
<901152> <locatedInHospital> <Madrid> 0 0 0 0
<901904> <locatedInHospital> <Madrid> 0 0 0 0
<905892> <locatedInHospital> <Madrid> 0 0 0 0
<907204> <locatedInHospital> <Madrid> 0 0 0 0
<907274> <locatedInHospital> <Madrid> 0 0 0 0
<908659> <locatedInHospital> <Madrid> 0 0 0 0
<909689> <locatedInHospital> <Madrid> 0 0 0 0
<909708> <locatedInHospital> <Madrid> 0 0 0 0
<911619> <locatedInHospital> <Madrid> 0 0 0 0
<911695> <locatedInHospital> <Madrid> 0 0 0 0
<916830> <locatedInHospital> <Madrid> 0 0 0 0
<916925> <locatedInHospital> <Madrid> 0 0 0 0
<916946> <locatedInHospital> <Madrid> 0 0 0 0
<916998> <locatedInHospital> <Madrid> 0 0 0 0
<917442> <locatedInHospital> <Madrid> 0 0 0 0
<9407281> <locatedInHospital> <Navarra> 0 0 0 0
<9408606> <locatedInHospital> <Navarra> 0 0 0 0
<9409189> <locatedInHospital> <Navarra> 0 0 0 0
<9409569> <locatedInHospital> <Navarra> 0 0 0 0
<9413646> <locatedInHospital> <Navarra> 0 0 0 0
<9414080> <locatedInHospital> <Navarra> 0 0 0 0
<9414355> <locatedInHospital> <Navarra> 0 0 0 0
<9414356> <locatedInHospital> <Navarra> 0 0 0 0
<9415535> <locatedInHospital> <Navarra> 0 0 0 0
<9914488> <locatedInHospital> <Comunidad_Valenciana> 0 0 0 0
<9705037> <locatedInHospital> <Castilla_la_Mancha> 0 0 0 0
<9705163> <locatedInHospital> <Castilla_la_Mancha> 0 0 0 0
<9708324> <locatedInHospital> <Castilla_la_Mancha> 0 0 0 0
<9709582> <locatedInHospital> <Castilla_la_Mancha> 0 0 0 0
<9709937> <locatedInHospital> <Castilla_la_Mancha> 0 0 0 0
<9711309> <locatedInHospital> <Castilla_la_Mancha> 0 0 0 0
<9712189> <locatedInHospital> <Castilla_la_Mancha> 0 0 0 0
<9713409> <locatedInHospital> <Castilla_la_Mancha> 0 0 0 0
<1006637> <locatedInHospital> <Catalunya> 0 0 0 0
<1006639> <locatedInHospital> <Catalunya> 0 0 0 0
<1009256> <locatedInHospital> <Catalunya> 0 0 0 0
<7101188> <locatedInHospital> <Pa%C3%83%C2%ADs_Vasco> 0 0 0 0
<7105829> <locatedInHospital> <Pa%C3%83%C2%ADs_Vasco> 0 0 0 0
<9702991> <locatedInHospital> <Castilla_la_Mancha> 0 0 0 0
<9703260> <locatedInHospital> <Castilla_la_Mancha> 0 0 0 0
<9703269> <locatedInHospital> <Castilla_la_Mancha> 0 0 0 0
<9703373> <locatedInHospital> <Castilla_la_Mancha> 0 0 0 0
<9703525> <locatedInHospital> <Castilla_la_Mancha> 0 0 0 0
<11312559> <locatedInHospital> <Extremadura> 0 0 0 0
<11313603> <locatedInHospital> <Extremadura> 0 0 0 0
<11313615> <locatedInHospital> <Extremadura> 0 0 0 0
<11911365> <locatedInHospital> <Castilla_la_Mancha> 0 0 0 0
<11911755> <locatedInHospital> <Castilla_la_Mancha> 0 0 0 0
<11912345> <locatedInHospital> <Castilla_la_Mancha> 0 0 0 0
<1200115> <locatedInHospital> <Comunidad_Valenciana> 0 0 0 0
<1200207> <locatedInHospital> <Comunidad_Valenciana> 0 0 0 0
<1200592> <locatedInHospital> <Comunidad_Valenciana> 0 0 0 0
<1200983> <locatedInHospital> <Comunidad_Valenciana> 0 0 0 0
<1201106> <locatedInHospital> <Comunidad_Valenciana> 0 0 0 0
<1201124> <locatedInHospital> <Comunidad_Valenciana> 0 0 0 0
<1201392> <locatedInHospital> <Comunidad_Valenciana> 0 0 0 0
<1201911> <locatedInHospital> <Comunidad_Valenciana> 0 0 0 0
<1202336> <locatedInHospital> <Comunidad_Valenciana> 0 0 0 0
<1213289> <locatedInHospital> <Comunidad_Valenciana> 0 0 0 0
<1213645> <locatedInHospital> <Comunidad_Valenciana> 0 0 0 0
<1214028> <locatedInHospital> <Comunidad_Valenciana> 0 0 0 0
<1214687> <locatedInHospital> <Comunidad_Valenciana> 0 0 0 0
<1214723> <locatedInHospital> <Comunidad_Valenciana> 0 0 0 0
<1214895> <locatedInHospital> <Comunidad_Valenciana> 0 0 0 0
<1214926> <locatedInHospital> <Comunidad_Valenciana> 0 0 0 0
<1216082> <locatedInHospital> <Comunidad_Valenciana> 0 0 0 0
<1216729> <locatedInHospital> <Comunidad_Valenciana> 0 0 0 0
<1300493> <locatedInHospital> <Islas_Canarias> 0 0 0 0
<1300505> <locatedInHospital> <Islas_Canarias> 0 0 0 0
<1300506> <locatedInHospital> <Islas_Canarias> 0 0 0 0
<1300682> <locatedInHospital> <Islas_Canarias> 0 0 0 0
<1300743> <locatedInHospital> <Islas_Canarias> 0 0 0 0
<1302024> <locatedInHospital> <Islas_Canarias> 0 0 0 0
<1302452> <locatedInHospital> <Islas_Canarias> 0 0 0 0
<12913747> <locatedInHospital> <Galicia> 0 0 0 0
<12913967> <locatedInHospital> <Galicia> 0 0 0 0
<12913975> <locatedInHospital> <Galicia> 0 0 0 0
<12914152> <locatedInHospital> <Galicia> 0 0 0 0
<12914240> <locatedInHospital> <Galicia> 0 0 0 0
<12914294> <locatedInHospital> <Galicia> 0 0 0 0
<12914339> <locatedInHospital> <Galicia> 0 0 0 0
<12914531> <locatedInHospital> <Galicia> 0 0 0 0
<12914567> <locatedInHospital> <Galicia> 0 0 0 0
<12914698> <locatedInHospital> <Galicia> 0 0 0 0
<12914738> <locatedInHospital> <Galicia> 0 0 0 0
<12914739> <locatedInHospital> <Galicia> 0 0 0 0
<12914819> <locatedInHospital> <Galicia> 0 0 0 0
<905828> <locatedInHospital> <Madrid> 0 0 0 0
<906927> <locatedInHospital> <Madrid> 0 0 0 0
<9407913> <locatedInHospital> <Navarra> 0 0 0 0
<9408746> <locatedInHospital> <Navarra> 0 0 0 0
<9415463> <locatedInHospital> <Navarra> 0 0 0 0
<9904315> <locatedInHospital> <Comunidad_Valenciana> 0 0 0 0
<9704907> <locatedInHospital> <Castilla_la_Mancha> 0 0 0 0
<9708702> <locatedInHospital> <Castilla_la_Mancha> 0 0 0 0
<9711722> <locatedInHospital> <Castilla_la_Mancha> 0 0 0 0
<1009248> <locatedInHospital> <Catalunya> 0 0 0 0
<7101186> <locatedInHospital> <Pa%C3%83%C2%ADs_Vasco> 0 0 0 0
<9703511> <locatedInHospital> <Castilla_la_Mancha> 0 0 0 0
<11911927> <locatedInHospital> <Castilla_la_Mancha> 0 0 0 0
<1214199> <locatedInHospital> <Comunidad_Valenciana> 0 0 0 0
<1303775> <locatedInHospital> <Islas_Canarias> 0 0 0 0
<1305004> <locatedInHospital> <Islas_Canarias> 0 0 0 0
<1305444> <locatedInHospital> <Islas_Canarias> 0 0 0 0
<1305471> <locatedInHospital> <Islas_Canarias> 0 0 0 0
<1305591> <locatedInHospital> <Islas_Canarias> 0 0 0 0
<1305919> <locatedInHospital> <Islas_Canarias> 0 0 0 0
<1306024> <locatedInHospital> <Islas_Canarias> 0 0 0 0
<1306062> <locatedInHospital> <Islas_Canarias> 0 0 0 0
<1306463> <locatedInHospital> <Islas_Canarias> 0 0 0 0
<1306596> <locatedInHospital> <Islas_Canarias> 0 0 0 0
<1308144> <locatedInHospital> <Islas_Canarias> 0 0 0 0
<1309840> <locatedInHospital> <Islas_Canarias> 0 0 0 0
<1311013> <locatedInHospital> <Islas_Canarias> 0 0 0 0
<1311543> <locatedInHospital> <Islas_Canarias> 0 0 0 0
<1311583> <locatedInHospital> <Islas_Canarias> 0 0 0 0
<1312851> <locatedInHospital> <Islas_Canarias> 0 0 0 0
<1312875> <locatedInHospital> <Islas_Canarias> 0 0 0 0
<1313867> <locatedInHospital> <Islas_Canarias> 0 0 0 0
<1313888> <locatedInHospital> <Islas_Canarias> 0 0 0 0
<1314720> <locatedInHospital> <Islas_Canarias> 0 0 0 0
<1314747> <locatedInHospital> <Islas_Canarias> 0 0 0 0
<1314749> <locatedInHospital> <Islas_Canarias> 0 0 0 0
<1314783> <locatedInHospital> <Islas_Canarias> 0 0 0 0
<1314803> <locatedInHospital> <Islas_Canarias> 0 0 0 0
<1314986> <locatedInHospital> <Islas_Canarias> 0 0 0 0
<1315090> <locatedInHospital> <Islas_Canarias> 0 0 0 0
<1315140> <locatedInHospital> <Islas_Canarias> 0 0 0 0
<1315259> <locatedInHospital> <Islas_Canarias> 0 0 0 0
<1315289> <locatedInHospital> <Islas_Canarias> 0 0 0 0
<1315389> <locatedInHospital> <Islas_Canarias> 0 0 0 0
<1315392> <locatedInHospital> <Islas_Canarias> 0 0 0 0
<1315417> <locatedInHospital> <Islas_Canarias> 0 0 0 0
<1315427> <locatedInHospital> <Islas_Canarias> 0 0 0 0
<1315439> <locatedInHospital> <Islas_Canarias> 0 0 0 0
<1315541> <locatedInHospital> <Islas_Canarias> 0 0 0 0
<1315619> <locatedInHospital> <Islas_Canarias> 0 0 0 0
<1315801> <locatedInHospital> <Islas_Canarias> 0 0 0 0
<1315808> <locatedInHospital> <Islas_Canarias> 0 0 0 0
<1316000> <locatedInHospital> <Islas_Canarias> 0 0 0 0
<1316907> <locatedInHospital> <Islas_Canarias> 0 0 0 0
<14602707> <locatedInHospital> <Madrid> 0 0 0 0
<14603601> <locatedInHospital> <Madrid> 0 0 0 0
<14702918> <locatedInHospital> <Madrid> 0 0 0 0
<14703264> <locatedInHospital> <Madrid> 0 0 0 0
<14704226> <locatedInHospital> <Madrid> 0 0 0 0
<14707385> <locatedInHospital> <Madrid> 0 0 0 0
<201495> <locatedInHospital> <Catalunya> 0 0 0 0
<201563> <locatedInHospital> <Catalunya> 0 0 0 0
<1500887> <locatedInHospital> <Galicia> 0 0 0 0
<1501009> <locatedInHospital> <Galicia> 0 0 0 0
<1501028> <locatedInHospital> <Galicia> 0 0 0 0
<1501038> <locatedInHospital> <Galicia> 0 0 0 0
<1501045> <locatedInHospital> <Galicia> 0 0 0 0
<1503976> <locatedInHospital> <Galicia> 0 0 0 0
<1504401> <locatedInHospital> <Galicia> 0 0 0 0
<1504523> <locatedInHospital> <Galicia> 0 0 0 0
<1504837> <locatedInHospital> <Galicia> 0 0 0 0
<1504962> <locatedInHospital> <Galicia> 0 0 0 0
<1505269> <locatedInHospital> <Galicia> 0 0 0 0
<1506932> <locatedInHospital> <Galicia> 0 0 0 0
<1506948> <locatedInHospital> <Galicia> 0 0 0 0
<1507242> <locatedInHospital> <Galicia> 0 0 0 0
<1508125> <locatedInHospital> <Galicia> 0 0 0 0
<1509414> <locatedInHospital> <Galicia> 0 0 0 0
<1509504> <locatedInHospital> <Galicia> 0 0 0 0
<1509559> <locatedInHospital> <Galicia> 0 0 0 0
<1509955> <locatedInHospital> <Galicia> 0 0 0 0
<1510014> <locatedInHospital> <Galicia> 0 0 0 0
<1511127> <locatedInHospital> <Galicia> 0 0 0 0
<1511158> <locatedInHospital> <Galicia> 0 0 0 0
<1511167> <locatedInHospital> <Galicia> 0 0 0 0
<1511170> <locatedInHospital> <Galicia> 0 0 0 0
<1511176> <locatedInHospital> <Galicia> 0 0 0 0
<1511189> <locatedInHospital> <Galicia> 0 0 0 0
<1512723> <locatedInHospital> <Galicia> 0 0 0 0
<1512938> <locatedInHospital> <Galicia> 0 0 0 0
<1513003> <locatedInHospital> <Galicia> 0 0 0 0
<1514485> <locatedInHospital> <Galicia> 0 0 0 0
<1514487> <locatedInHospital> <Galicia> 0 0 0 0
<1515331> <locatedInHospital> <Galicia> 0 0 0 0
<1516246> <locatedInHospital> <Galicia> 0 0 0 0
<1516256> <locatedInHospital> <Galicia> 0 0 0 0
<1516295> <locatedInHospital> <Galicia> 0 0 0 0
<1516974> <locatedInHospital> <Galicia> 0 0 0 0
<15700170> <locatedInHospital> <Galicia> 0 0 0 0
<15700201> <locatedInHospital> <Galicia> 0 0 0 0
<15700484> <locatedInHospital> <Galicia> 0 0 0 0
<15701755> <locatedInHospital> <Galicia> 0 0 0 0
<15703637> <locatedInHospital> <Galicia> 0 0 0 0
<15704505> <locatedInHospital> <Galicia> 0 0 0 0
<15706040> <locatedInHospital> <Galicia> 0 0 0 0
<15706106> <locatedInHospital> <Galicia> 0 0 0 0
<15706333> <locatedInHospital> <Galicia> 0 0 0 0
<15706358> <locatedInHospital> <Galicia> 0 0 0 0
<15706414> <locatedInHospital> <Galicia> 0 0 0 0
<15706419> <locatedInHospital> <Galicia> 0 0 0 0
<15706423> <locatedInHospital> <Galicia> 0 0 0 0
<15709789> <locatedInHospital> <Galicia> 0 0 0 0
<15709814> <locatedInHospital> <Galicia> 0 0 0 0
<15710145> <locatedInHospital> <Galicia> 0 0 0 0
<15714166> <locatedInHospital> <Galicia> 0 0 0 0
<15714588> <locatedInHospital> <Galicia> 0 0 0 0
<15714605> <locatedInHospital> <Galicia> 0 0 0 0
<15714634> <locatedInHospital> <Galicia> 0 0 0 0
<15714658> <locatedInHospital> <Galicia> 0 0 0 0
<15717540> <locatedInHospital> <Galicia> 0 0 0 0
<1306061> <locatedInHospital> <Islas_Canarias> 0 0 0 0
<1306440> <locatedInHospital> <Islas_Canarias> 0 0 0 0
<1310002> <locatedInHospital> <Islas_Canarias> 0 0 0 0
<1314995> <locatedInHospital> <Islas_Canarias> 0 0 0 0
<1315420> <locatedInHospital> <Islas_Canarias> 0 0 0 0
<1315807> <locatedInHospital> <Islas_Canarias> 0 0 0 0
<17707950> <locatedInHospital> <Madrid> 0 0 0 0
<201539> <locatedInHospital> <Catalunya> 0 0 0 0
<1508321> <locatedInHospital> <Galicia> 0 0 0 0
<1516189> <locatedInHospital> <Galicia> 0 0 0 0
<201580> <locatedInHospital> <Catalunya> 0 0 0 0
<201637> <locatedInHospital> <Catalunya> 0 0 0 0
<202218> <locatedInHospital> <Catalunya> 0 0 0 0
<202249> <locatedInHospital> <Catalunya> 0 0 0 0
<202276> <locatedInHospital> <Catalunya> 0 0 0 0
<202308> <locatedInHospital> <Catalunya> 0 0 0 0
<202315> <locatedInHospital> <Catalunya> 0 0 0 0
<202511> <locatedInHospital> <Catalunya> 0 0 0 0
<203346> <locatedInHospital> <Catalunya> 0 0 0 0
<203377> <locatedInHospital> <Catalunya> 0 0 0 0
<203399> <locatedInHospital> <Catalunya> 0 0 0 0
<204035> <locatedInHospital> <Catalunya> 0 0 0 0
<204078> <locatedInHospital> <Catalunya> 0 0 0 0
<204097> <locatedInHospital> <Catalunya> 0 0 0 0
<204332> <locatedInHospital> <Catalunya> 0 0 0 0
<204405> <locatedInHospital> <Catalunya> 0 0 0 0
<204600> <locatedInHospital> <Catalunya> 0 0 0 0
<204616> <locatedInHospital> <Catalunya> 0 0 0 0
<205111> <locatedInHospital> <Catalunya> 0 0 0 0
<205116> <locatedInHospital> <Catalunya> 0 0 0 0
<205356> <locatedInHospital> <Catalunya> 0 0 0 0
<205501> <locatedInHospital> <Catalunya> 0 0 0 0
<205887> <locatedInHospital> <Catalunya> 0 0 0 0
<206564> <locatedInHospital> <Catalunya> 0 0 0 0
<206719> <locatedInHospital> <Catalunya> 0 0 0 0
<207225> <locatedInHospital> <Catalunya> 0 0 0 0
<207295> <locatedInHospital> <Catalunya> 0 0 0 0
<208042> <locatedInHospital> <Catalunya> 0 0 0 0
<208047> <locatedInHospital> <Catalunya> 0 0 0 0
<208315> <locatedInHospital> <Catalunya> 0 0 0 0
<208770> <locatedInHospital> <Catalunya> 0 0 0 0
<210013> <locatedInHospital> <Catalunya> 0 0 0 0
<2100672> <locatedInHospital> <Catalunya> 0 0 0 0
<2100726> <locatedInHospital> <Catalunya> 0 0 0 0
<2100737> <locatedInHospital> <Catalunya> 0 0 0 0
<2100768> <locatedInHospital> <Catalunya> 0 0 0 0
<2100806> <locatedInHospital> <Catalunya> 0 0 0 0
<210081> <locatedInHospital> <Catalunya> 0 0 0 0
<2100830> <locatedInHospital> <Catalunya> 0 0 0 0
<2101166> <locatedInHospital> <Catalunya> 0 0 0 0
<210190> <locatedInHospital> <Catalunya> 0 0 0 0
<2102269> <locatedInHospital> <Catalunya> 0 0 0 0
<2102773> <locatedInHospital> <Catalunya> 0 0 0 0
<2103469> <locatedInHospital> <Catalunya> 0 0 0 0
<2103751> <locatedInHospital> <Catalunya> 0 0 0 0
<210432> <locatedInHospital> <Catalunya> 0 0 0 0
<2104374> <locatedInHospital> <Catalunya> 0 0 0 0
<210495> <locatedInHospital> <Catalunya> 0 0 0 0
<2104983> <locatedInHospital> <Catalunya> 0 0 0 0
<2106446> <locatedInHospital> <Catalunya> 0 0 0 0
<2107236> <locatedInHospital> <Catalunya> 0 0 0 0
<2107287> <locatedInHospital> <Catalunya> 0 0 0 0
<2108327> <locatedInHospital> <Catalunya> 0 0 0 0
<211063> <locatedInHospital> <Catalunya> 0 0 0 0
<211337> <locatedInHospital> <Catalunya> 0 0 0 0
<2114407> <locatedInHospital> <Catalunya> 0 0 0 0
<2114769> <locatedInHospital> <Catalunya> 0 0 0 0
<212275> <locatedInHospital> <Catalunya> 0 0 0 0
<212450> <locatedInHospital> <Catalunya> 0 0 0 0
<212876> <locatedInHospital> <Catalunya> 0 0 0 0
<214237> <locatedInHospital> <Catalunya> 0 0 0 0
<215691> <locatedInHospital> <Catalunya> 0 0 0 0
<2300011> <locatedInHospital> <Comunidad_Valenciana> 0 0 0 0
<2300023> <locatedInHospital> <Comunidad_Valenciana> 0 0 0 0
<2300043> <locatedInHospital> <Comunidad_Valenciana> 0 0 0 0
<2300047> <locatedInHospital> <Comunidad_Valenciana> 0 0 0 0
<2300065> <locatedInHospital> <Comunidad_Valenciana> 0 0 0 0
<2300373> <locatedInHospital> <Comunidad_Valenciana> 0 0 0 0
<2300920> <locatedInHospital> <Comunidad_Valenciana> 0 0 0 0
<2301148> <locatedInHospital> <Comunidad_Valenciana> 0 0 0 0
<2301516> <locatedInHospital> <Comunidad_Valenciana> 0 0 0 0
<2302623> <locatedInHospital> <Comunidad_Valenciana> 0 0 0 0
<2303531> <locatedInHospital> <Comunidad_Valenciana> 0 0 0 0
<2303789> <locatedInHospital> <Comunidad_Valenciana> 0 0 0 0
<2303797> <locatedInHospital> <Comunidad_Valenciana> 0 0 0 0
<2303895> <locatedInHospital> <Comunidad_Valenciana> 0 0 0 0
<2304198> <locatedInHospital> <Comunidad_Valenciana> 0 0 0 0
<2304406> <locatedInHospital> <Comunidad_Valenciana> 0 0 0 0
<2304417> <locatedInHospital> <Comunidad_Valenciana> 0 0 0 0
<2304575> <locatedInHospital> <Comunidad_Valenciana> 0 0 0 0
<2304823> <locatedInHospital> <Comunidad_Valenciana> 0 0 0 0
<2305054> <locatedInHospital> <Comunidad_Valenciana> 0 0 0 0
<2305285> <locatedInHospital> <Comunidad_Valenciana> 0 0 0 0
<2305301> <locatedInHospital> <Comunidad_Valenciana> 0 0 0 0
<202117> <locatedInHospital> <Catalunya> 0 0 0 0
<202415> <locatedInHospital> <Catalunya> 0 0 0 0
<203538> <locatedInHospital> <Catalunya> 0 0 0 0
<203596> <locatedInHospital> <Catalunya> 0 0 0 0
<204341> <locatedInHospital> <Catalunya> 0 0 0 0
<204708> <locatedInHospital> <Catalunya> 0 0 0 0
<205316> <locatedInHospital> <Catalunya> 0 0 0 0
<2100738> <locatedInHospital> <Catalunya> 0 0 0 0
<2102010> <locatedInHospital> <Catalunya> 0 0 0 0
<210672> <locatedInHospital> <Catalunya> 0 0 0 0
<2109201> <locatedInHospital> <Catalunya> 0 0 0 0
<217068> <locatedInHospital> <Catalunya> 0 0 0 0
<2300052> <locatedInHospital> <Comunidad_Valenciana> 0 0 0 0
<2302923> <locatedInHospital> <Comunidad_Valenciana> 0 0 0 0
<2305576> <locatedInHospital> <Comunidad_Valenciana> 0 0 0 0
<2305760> <locatedInHospital> <Comunidad_Valenciana> 0 0 0 0
<2306733> <locatedInHospital> <Comunidad_Valenciana> 0 0 0 0
<2306900> <locatedInHospital> <Comunidad_Valenciana> 0 0 0 0
<2306986> <locatedInHospital> <Comunidad_Valenciana> 0 0 0 0
<2307004> <locatedInHospital> <Comunidad_Valenciana> 0 0 0 0
<2307993> <locatedInHospital> <Comunidad_Valenciana> 0 0 0 0
<2309773> <locatedInHospital> <Comunidad_Valenciana> 0 0 0 0
<2310701> <locatedInHospital> <Comunidad_Valenciana> 0 0 0 0
<2311678> <locatedInHospital> <Comunidad_Valenciana> 0 0 0 0
<2311939> <locatedInHospital> <Comunidad_Valenciana> 0 0 0 0
<2312764> <locatedInHospital> <Comunidad_Valenciana> 0 0 0 0
<2403490> <locatedInHospital> <Islas_Baleares> 0 0 0 0
<2405795> <locatedInHospital> <Islas_Baleares> 0 0 0 0
<2406877> <locatedInHospital> <Islas_Baleares> 0 0 0 0
<2408594> <locatedInHospital> <Islas_Baleares> 0 0 0 0
<2507378> <locatedInHospital> <Madrid> 0 0 0 0
<2803646> <locatedInHospital> <Andaluc%C3%83%C2%ADa> 0 0 0 0
<2804785> <locatedInHospital> <Andaluc%C3%83%C2%ADa> 0 0 0 0
<2806248> <locatedInHospital> <Andaluc%C3%83%C2%ADa> 0 0 0 0
<2806626> <locatedInHospital> <Andaluc%C3%83%C2%ADa> 0 0 0 0
<2806694> <locatedInHospital> <Andaluc%C3%83%C2%ADa> 0 0 0 0
<2807849> <locatedInHospital> <Andaluc%C3%83%C2%ADa> 0 0 0 0
<2807857> <locatedInHospital> <Andaluc%C3%83%C2%ADa> 0 0 0 0
<2808113> <locatedInHospital> <Andaluc%C3%83%C2%ADa> 0 0 0 0
<2808637> <locatedInHospital> <Andaluc%C3%83%C2%ADa> 0 0 0 0
<2808919> <locatedInHospital> <Andaluc%C3%83%C2%ADa> 0 0 0 0
<2809164> <locatedInHospital> <Andaluc%C3%83%C2%ADa> 0 0 0 0
<2809210> <locatedInHospital> <Andaluc%C3%83%C2%ADa> 0 0 0 0
<2809667> <locatedInHospital> <Andaluc%C3%83%C2%ADa> 0 0 0 0
<2810468> <locatedInHospital> <Andaluc%C3%83%C2%ADa> 0 0 0 0
<2810610> <locatedInHospital> <Andaluc%C3%83%C2%ADa> 0 0 0 0
<2810651> <locatedInHospital> <Andaluc%C3%83%C2%ADa> 0 0 0 0
<2811000> <locatedInHospital> <Andaluc%C3%83%C2%ADa> 0 0 0 0
<2811221> <locatedInHospital> <Andaluc%C3%83%C2%ADa> 0 0 0 0
<2811298> <locatedInHospital> <Andaluc%C3%83%C2%ADa> 0 0 0 0
<2811954> <locatedInHospital> <Andaluc%C3%83%C2%ADa> 0 0 0 0
<2811960> <locatedInHospital> <Andaluc%C3%83%C2%ADa> 0 0 0 0
<2811996> <locatedInHospital> <Andaluc%C3%83%C2%ADa> 0 0 0 0
<2812351> <locatedInHospital> <Andaluc%C3%83%C2%ADa> 0 0 0 0
<2812509> <locatedInHospital> <Andaluc%C3%83%C2%ADa> 0 0 0 0
<2812853> <locatedInHospital> <Andaluc%C3%83%C2%ADa> 0 0 0 0
<2813592> <locatedInHospital> <Andaluc%C3%83%C2%ADa> 0 0 0 0
<2815317> <locatedInHospital> <Andaluc%C3%83%C2%ADa> 0 0 0 0
<2815451> <locatedInHospital> <Andaluc%C3%83%C2%ADa> 0 0 0 0
<2816555> <locatedInHospital> <Andaluc%C3%83%C2%ADa> 0 0 0 0
<2817214> <locatedInHospital> <Andaluc%C3%83%C2%ADa> 0 0 0 0
<2817251> <locatedInHospital> <Andaluc%C3%83%C2%ADa> 0 0 0 0
<2900537> <locatedInHospital> <Pa%C3%83%C2%ADs_Vasco> 0 0 0 0
<2902518> <locatedInHospital> <Pa%C3%83%C2%ADs_Vasco> 0 0 0 0
<2903693> <locatedInHospital> <Pa%C3%83%C2%ADs_Vasco> 0 0 0 0
<2903708> <locatedInHospital> <Pa%C3%83%C2%ADs_Vasco> 0 0 0 0
<2903733> <locatedInHospital> <Pa%C3%83%C2%ADs_Vasco> 0 0 0 0
<2911374> <locatedInHospital> <Pa%C3%83%C2%ADs_Vasco> 0 0 0 0
<2911534> <locatedInHospital> <Pa%C3%83%C2%ADs_Vasco> 0 0 0 0
<2917308> <locatedInHospital> <Pa%C3%83%C2%ADs_Vasco> 0 0 0 0
<2917317> <locatedInHospital> <Pa%C3%83%C2%ADs_Vasco> 0 0 0 0
<2917479> <locatedInHospital> <Pa%C3%83%C2%ADs_Vasco> 0 0 0 0
<2917483> <locatedInHospital> <Pa%C3%83%C2%ADs_Vasco> 0 0 0 0
<2917485> <locatedInHospital> <Pa%C3%83%C2%ADs_Vasco> 0 0 0 0
<3001049> <locatedInHospital> <Catalunya> 0 0 0 0
<300272> <locatedInHospital> <Comunidad_Valenciana> 0 0 0 0
<300319> <locatedInHospital> <Comunidad_Valenciana> 0 0 0 0
<300320> <locatedInHospital> <Comunidad_Valenciana> 0 0 0 0
<300327> <locatedInHospital> <Comunidad_Valenciana> 0 0 0 0
<300367> <locatedInHospital> <Comunidad_Valenciana> 0 0 0 0
<3005827> <locatedInHospital> <Catalunya> 0 0 0 0
<3006367> <locatedInHospital> <Catalunya> 0 0 0 0
<300859> <locatedInHospital> <Comunidad_Valenciana> 0 0 0 0
<3009626> <locatedInHospital> <Catalunya> 0 0 0 0
<301092> <locatedInHospital> <Comunidad_Valenciana> 0 0 0 0
<301133> <locatedInHospital> <Comunidad_Valenciana> 0 0 0 0
<3012657> <locatedInHospital> <Catalunya> 0 0 0 0
<3012668> <locatedInHospital> <Catalunya> 0 0 0 0
<3012725> <locatedInHospital> <Catalunya> 0 0 0 0
<301412> <locatedInHospital> <Comunidad_Valenciana> 0 0 0 0
<301413> <locatedInHospital> <Comunidad_Valenciana> 0 0 0 0
<3016950> <locatedInHospital> <Catalunya> 0 0 0 0
<302164> <locatedInHospital> <Comunidad_Valenciana> 0 0 0 0
<302303> <locatedInHospital> <Comunidad_Valenciana> 0 0 0 0
<302319> <locatedInHospital> <Comunidad_Valenciana> 0 0 0 0
<302637> <locatedInHospital> <Comunidad_Valenciana> 0 0 0 0
<303476> <locatedInHospital> <Comunidad_Valenciana> 0 0 0 0
<304512> <locatedInHospital> <Comunidad_Valenciana> 0 0 0 0
<304749> <locatedInHospital> <Comunidad_Valenciana> 0 0 0 0
<304968> <locatedInHospital> <Comunidad_Valenciana> 0 0 0 0
<305127> <locatedInHospital> <Comunidad_Valenciana> 0 0 0 0
<305228> <locatedInHospital> <Comunidad_Valenciana> 0 0 0 0
<306532> <locatedInHospital> <Comunidad_Valenciana> 0 0 0 0
<306860> <locatedInHospital> <Comunidad_Valenciana> 0 0 0 0
<307116> <locatedInHospital> <Comunidad_Valenciana> 0 0 0 0
<307318> <locatedInHospital> <Comunidad_Valenciana> 0 0 0 0
<307629> <locatedInHospital> <Comunidad_Valenciana> 0 0 0 0
<308672> <locatedInHospital> <Comunidad_Valenciana> 0 0 0 0
<309769> <locatedInHospital> <Comunidad_Valenciana> 0 0 0 0
<311033> <locatedInHospital> <Comunidad_Valenciana> 0 0 0 0
<311427> <locatedInHospital> <Comunidad_Valenciana> 0 0 0 0
<311677> <locatedInHospital> <Comunidad_Valenciana> 0 0 0 0
<311910> <locatedInHospital> <Comunidad_Valenciana> 0 0 0 0
<2810548> <locatedInHospital> <Andaluc%C3%83%C2%ADa> 0 0 0 0
<2811007> <locatedInHospital> <Andaluc%C3%83%C2%ADa> 0 0 0 0
<2813532> <locatedInHospital> <Andaluc%C3%83%C2%ADa> 0 0 0 0
<2813554> <locatedInHospital> <Andaluc%C3%83%C2%ADa> 0 0 0 0
<3001051> <locatedInHospital> <Catalunya> 0 0 0 0
<300440> <locatedInHospital> <Comunidad_Valenciana> 0 0 0 0
<303603> <locatedInHospital> <Comunidad_Valenciana> 0 0 0 0
<305232> <locatedInHospital> <Comunidad_Valenciana> 0 0 0 0
<306849> <locatedInHospital> <Comunidad_Valenciana> 0 0 0 0
<307040> <locatedInHospital> <Comunidad_Valenciana> 0 0 0 0
<309893> <locatedInHospital> <Comunidad_Valenciana> 0 0 0 0
<310237> <locatedInHospital> <Comunidad_Valenciana> 0 0 0 0
<311673> <locatedInHospital> <Comunidad_Valenciana> 0 0 0 0
<317254> <locatedInHospital> <Comunidad_Valenciana> 0 0 0 0
<3307210> <locatedInHospital> <Andaluc%C3%83%C2%ADa> 0 0 0 0
<3315522> <locatedInHospital> <Andaluc%C3%83%C2%ADa> 0 0 0 0
<3315525> <locatedInHospital> <Andaluc%C3%83%C2%ADa> 0 0 0 0
<3317036> <locatedInHospital> <Andaluc%C3%83%C2%ADa> 0 0 0 0
<3404178> <locatedInHospital> <Islas_Canarias> 0 0 0 0
<3404297> <locatedInHospital> <Islas_Canarias> 0 0 0 0
<3404466> <locatedInHospital> <Islas_Canarias> 0 0 0 0
<3405198> <locatedInHospital> <Islas_Canarias> 0 0 0 0
<3405288> <locatedInHospital> <Islas_Canarias> 0 0 0 0
<3405564> <locatedInHospital> <Islas_Canarias> 0 0 0 0
<3405599> <locatedInHospital> <Islas_Canarias> 0 0 0 0
<3407252> <locatedInHospital> <Islas_Canarias> 0 0 0 0
<3407386> <locatedInHospital> <Islas_Canarias> 0 0 0 0
<3407988> <locatedInHospital> <Islas_Canarias> 0 0 0 0
<3412535> <locatedInHospital> <Islas_Canarias> 0 0 0 0
<3413973> <locatedInHospital> <Islas_Canarias> 0 0 0 0
<3505867> <locatedInHospital> <Comunidad_Valenciana> 0 0 0 0
<3505880> <locatedInHospital> <Comunidad_Valenciana> 0 0 0 0
<3507773> <locatedInHospital> <Comunidad_Valenciana> 0 0 0 0
<3507867> <locatedInHospital> <Comunidad_Valenciana> 0 0 0 0
<3507868> <locatedInHospital> <Comunidad_Valenciana> 0 0 0 0
<3508801> <locatedInHospital> <Comunidad_Valenciana> 0 0 0 0
<3508860> <locatedInHospital> <Comunidad_Valenciana> 0 0 0 0
<3509405> <locatedInHospital> <Comunidad_Valenciana> 0 0 0 0
<3510322> <locatedInHospital> <Comunidad_Valenciana> 0 0 0 0
<3510424> <locatedInHospital> <Comunidad_Valenciana> 0 0 0 0
<3510649> <locatedInHospital> <Comunidad_Valenciana> 0 0 0 0
<3510650> <locatedInHospital> <Comunidad_Valenciana> 0 0 0 0
<3510765> <locatedInHospital> <Comunidad_Valenciana> 0 0 0 0
<3511061> <locatedInHospital> <Comunidad_Valenciana> 0 0 0 0
<3602374> <locatedInHospital> <Madrid> 0 0 0 0
<3602432> <locatedInHospital> <Madrid> 0 0 0 0
<3602466> <locatedInHospital> <Madrid> 0 0 0 0
<3702789> <locatedInHospital> <Castilla_Le%C3%83%C2%B3n> 0 0 0 0
<3703504> <locatedInHospital> <Castilla_Le%C3%83%C2%B3n> 0 0 0 0
<3703641> <locatedInHospital> <Castilla_Le%C3%83%C2%B3n> 0 0 0 0
<3704285> <locatedInHospital> <Castilla_Le%C3%83%C2%B3n> 0 0 0 0
<3709392> <locatedInHospital> <Castilla_Le%C3%83%C2%B3n> 0 0 0 0
<3801536> <locatedInHospital> <Comunidad_Valenciana> 0 0 0 0
<3801766> <locatedInHospital> <Comunidad_Valenciana> 0 0 0 0
<3804842> <locatedInHospital> <Comunidad_Valenciana> 0 0 0 0
<3812566> <locatedInHospital> <Comunidad_Valenciana> 0 0 0 0
<3905706> <locatedInHospital> <Comunidad_Valenciana> 0 0 0 0
<3905813> <locatedInHospital> <Comunidad_Valenciana> 0 0 0 0
<405841> <locatedInHospital> <Andaluc%C3%83%C2%ADa> 0 0 0 0
<407422> <locatedInHospital> <Andaluc%C3%83%C2%ADa> 0 0 0 0
<407503> <locatedInHospital> <Andaluc%C3%83%C2%ADa> 0 0 0 0
<407505> <locatedInHospital> <Andaluc%C3%83%C2%ADa> 0 0 0 0
<408853> <locatedInHospital> <Andaluc%C3%83%C2%ADa> 0 0 0 0
<409206> <locatedInHospital> <Andaluc%C3%83%C2%ADa> 0 0 0 0
<409387> <locatedInHospital> <Andaluc%C3%83%C2%ADa> 0 0 0 0
<409448> <locatedInHospital> <Andaluc%C3%83%C2%ADa> 0 0 0 0
<409531> <locatedInHospital> <Andaluc%C3%83%C2%ADa> 0 0 0 0
<409553> <locatedInHospital> <Andaluc%C3%83%C2%ADa> 0 0 0 0
<409581> <locatedInHospital> <Andaluc%C3%83%C2%ADa> 0 0 0 0
<409645> <locatedInHospital> <Andaluc%C3%83%C2%ADa> 0 0 0 0
<409652> <locatedInHospital> <Andaluc%C3%83%C2%ADa> 0 0 0 0
<409748> <locatedInHospital> <Andaluc%C3%83%C2%ADa> 0 0 0 0
<409815> <locatedInHospital> <Andaluc%C3%83%C2%ADa> 0 0 0 0
<409866> <locatedInHospital> <Andaluc%C3%83%C2%ADa> 0 0 0 0
<409900> <locatedInHospital> <Andaluc%C3%83%C2%ADa> 0 0 0 0
<409901> <locatedInHospital> <Andaluc%C3%83%C2%ADa> 0 0 0 0
<409902> <locatedInHospital> <Andaluc%C3%83%C2%ADa> 0 0 0 0
<409916> <locatedInHospital> <Andaluc%C3%83%C2%ADa> 0 0 0 0
<410020> <locatedInHospital> <Andaluc%C3%83%C2%ADa> 0 0 0 0
<410038> <locatedInHospital> <Andaluc%C3%83%C2%ADa> 0 0 0 0
<410199> <locatedInHospital> <Andaluc%C3%83%C2%ADa> 0 0 0 0
<410204> <locatedInHospital> <Andaluc%C3%83%C2%ADa> 0 0 0 0
<410379> <locatedInHospital> <Andaluc%C3%83%C2%ADa> 0 0 0 0
<415127> <locatedInHospital> <Andaluc%C3%83%C2%ADa> 0 0 0 0
<415200> <locatedInHospital> <Andaluc%C3%83%C2%ADa> 0 0 0 0
<415554> <locatedInHospital> <Andaluc%C3%83%C2%ADa> 0 0 0 0
<415770> <locatedInHospital> <Andaluc%C3%83%C2%ADa> 0 0 0 0
<415918> <locatedInHospital> <Andaluc%C3%83%C2%ADa> 0 0 0 0
<415941> <locatedInHospital> <Andaluc%C3%83%C2%ADa> 0 0 0 0
<415975> <locatedInHospital> <Andaluc%C3%83%C2%ADa> 0 0 0 0
<415988> <locatedInHospital> <Andaluc%C3%83%C2%ADa> 0 0 0 0
<416136> <locatedInHospital> <Andaluc%C3%83%C2%ADa> 0 0 0 0
<416436> <locatedInHospital> <Andaluc%C3%83%C2%ADa> 0 0 0 0
<416632> <locatedInHospital> <Andaluc%C3%83%C2%ADa> 0 0 0 0
<416657> <locatedInHospital> <Andaluc%C3%83%C2%ADa> 0 0 0 0
<416750> <locatedInHospital> <Andaluc%C3%83%C2%ADa> 0 0 0 0
<416781> <locatedInHospital> <Andaluc%C3%83%C2%ADa> 0 0 0 0
<416798> <locatedInHospital> <Andaluc%C3%83%C2%ADa> 0 0 0 0
<417030> <locatedInHospital> <Andaluc%C3%83%C2%ADa> 0 0 0 0
<417059> <locatedInHospital> <Andaluc%C3%83%C2%ADa> 0 0 0 0
<417330> <locatedInHospital> <Andaluc%C3%83%C2%ADa> 0 0 0 0
<417415> <locatedInHospital> <Andaluc%C3%83%C2%ADa> 0 0 0 0
<417431> <locatedInHospital> <Andaluc%C3%83%C2%ADa> 0 0 0 0
<417453> <locatedInHospital> <Andaluc%C3%83%C2%ADa> 0 0 0 0
<4201559> <locatedInHospital> <Madrid> 0 0 0 0
<314392> <locatedInHospital> <Comunidad_Valenciana> 0 0 0 0
<316454> <locatedInHospital> <Comunidad_Valenciana> 0 0 0 0
<3302341> <locatedInHospital> <Andaluc%C3%83%C2%ADa> 0 0 0 0
<3308088> <locatedInHospital> <Andaluc%C3%83%C2%ADa> 0 0 0 0
<3315446> <locatedInHospital> <Andaluc%C3%83%C2%ADa> 0 0 0 0
<3509943> <locatedInHospital> <Comunidad_Valenciana> 0 0 0 0
<417206> <locatedInHospital> <Andaluc%C3%83%C2%ADa> 0 0 0 0
<4600169> <locatedInHospital> <Catalunya> 0 0 0 0
<4602212> <locatedInHospital> <Catalunya> 0 0 0 0
<4605035> <locatedInHospital> <Catalunya> 0 0 0 0
<4607096> <locatedInHospital> <Catalunya> 0 0 0 0
<4611310> <locatedInHospital> <Catalunya> 0 0 0 0
<4611773> <locatedInHospital> <Catalunya> 0 0 0 0
<4612485> <locatedInHospital> <Catalunya> 0 0 0 0
<4615121> <locatedInHospital> <Catalunya> 0 0 0 0
<4910511> <locatedInHospital> <Andaluc%C3%83%C2%ADa> 0 0 0 0
<4910521> <locatedInHospital> <Andaluc%C3%83%C2%ADa> 0 0 0 0
<4910569> <locatedInHospital> <Andaluc%C3%83%C2%ADa> 0 0 0 0
<4910625> <locatedInHospital> <Andaluc%C3%83%C2%ADa> 0 0 0 0
<4910645> <locatedInHospital> <Andaluc%C3%83%C2%ADa> 0 0 0 0
<4910670> <locatedInHospital> <Andaluc%C3%83%C2%ADa> 0 0 0 0
<4910720> <locatedInHospital> <Andaluc%C3%83%C2%ADa> 0 0 0 0
<4910722> <locatedInHospital> <Andaluc%C3%83%C2%ADa> 0 0 0 0
<4910777> <locatedInHospital> <Andaluc%C3%83%C2%ADa> 0 0 0 0
<4910925> <locatedInHospital> <Andaluc%C3%83%C2%ADa> 0 0 0 0
<4910967> <locatedInHospital> <Andaluc%C3%83%C2%ADa> 0 0 0 0
<4910986> <locatedInHospital> <Andaluc%C3%83%C2%ADa> 0 0 0 0
<4911083> <locatedInHospital> <Andaluc%C3%83%C2%ADa> 0 0 0 0
<4911097> <locatedInHospital> <Andaluc%C3%83%C2%ADa> 0 0 0 0
<4911218> <locatedInHospital> <Andaluc%C3%83%C2%ADa> 0 0 0 0
<501226> <locatedInHospital> <Madrid> 0 0 0 0
<501240> <locatedInHospital> <Madrid> 0 0 0 0
<501265> <locatedInHospital> <Madrid> 0 0 0 0
<501277> <locatedInHospital> <Madrid> 0 0 0 0
<501289> <locatedInHospital> <Madrid> 0 0 0 0
<501297> <locatedInHospital> <Madrid> 0 0 0 0
<501306> <locatedInHospital> <Madrid> 0 0 0 0
<501326> <locatedInHospital> <Madrid> 0 0 0 0
<501334> <locatedInHospital> <Madrid> 0 0 0 0
<501338> <locatedInHospital> <Madrid> 0 0 0 0
<502993> <locatedInHospital> <Madrid> 0 0 0 0
<502997> <locatedInHospital> <Madrid> 0 0 0 0
<503067> <locatedInHospital> <Madrid> 0 0 0 0
<503179> <locatedInHospital> <Madrid> 0 0 0 0
<503190> <locatedInHospital> <Madrid> 0 0 0 0
<503291> <locatedInHospital> <Madrid> 0 0 0 0
<503302> <locatedInHospital> <Madrid> 0 0 0 0
<503908> <locatedInHospital> <Madrid> 0 0 0 0
<503912> <locatedInHospital> <Madrid> 0 0 0 0
<507267> <locatedInHospital> <Madrid> 0 0 0 0
<507546> <locatedInHospital> <Madrid> 0 0 0 0
<507554> <locatedInHospital> <Madrid> 0 0 0 0
<507732> <locatedInHospital> <Madrid> 0 0 0 0
<507739> <locatedInHospital> <Madrid> 0 0 0 0
<507807> <locatedInHospital> <Madrid> 0 0 0 0
<507884> <locatedInHospital> <Madrid> 0 0 0 0
<508034> <locatedInHospital> <Madrid> 0 0 0 0
<508058> <locatedInHospital> <Madrid> 0 0 0 0
<508130> <locatedInHospital> <Madrid> 0 0 0 0
<508142> <locatedInHospital> <Madrid> 0 0 0 0
<508200> <locatedInHospital> <Madrid> 0 0 0 0
<508377> <locatedInHospital> <Madrid> 0 0 0 0
<508378> <locatedInHospital> <Madrid> 0 0 0 0
<508470> <locatedInHospital> <Madrid> 0 0 0 0
<508522> <locatedInHospital> <Madrid> 0 0 0 0
<508529> <locatedInHospital> <Madrid> 0 0 0 0
<508559> <locatedInHospital> <Madrid> 0 0 0 0
<508951> <locatedInHospital> <Madrid> 0 0 0 0
<508964> <locatedInHospital> <Madrid> 0 0 0 0
<508970> <locatedInHospital> <Madrid> 0 0 0 0
<509018> <locatedInHospital> <Madrid> 0 0 0 0
<509094> <locatedInHospital> <Madrid> 0 0 0 0
<509147> <locatedInHospital> <Madrid> 0 0 0 0
<5102877> <locatedInHospital> <Castilla_Le%C3%83%C2%B3n> 0 0 0 0
<5102979> <locatedInHospital> <Castilla_Le%C3%83%C2%B3n> 0 0 0 0
<5103363> <locatedInHospital> <Castilla_Le%C3%83%C2%B3n> 0 0 0 0
<5103666> <locatedInHospital> <Castilla_Le%C3%83%C2%B3n> 0 0 0 0
<5103667> <locatedInHospital> <Castilla_Le%C3%83%C2%B3n> 0 0 0 0
<5104032> <locatedInHospital> <Castilla_Le%C3%83%C2%B3n> 0 0 0 0
<5104171> <locatedInHospital> <Castilla_Le%C3%83%C2%B3n> 0 0 0 0
<5105328> <locatedInHospital> <Castilla_Le%C3%83%C2%B3n> 0 0 0 0
<5105383> <locatedInHospital> <Castilla_Le%C3%83%C2%B3n> 0 0 0 0
<5106050> <locatedInHospital> <Castilla_Le%C3%83%C2%B3n> 0 0 0 0
<5106117> <locatedInHospital> <Castilla_Le%C3%83%C2%B3n> 0 0 0 0
<5106242> <locatedInHospital> <Castilla_Le%C3%83%C2%B3n> 0 0 0 0
<5106298> <locatedInHospital> <Castilla_Le%C3%83%C2%B3n> 0 0 0 0
<4313231> <locatedInHospital> <Murcia> 0 0 0 0
<4313339> <locatedInHospital> <Murcia> 0 0 0 0
<4313447> <locatedInHospital> <Murcia> 0 0 0 0
<4313830> <locatedInHospital> <Murcia> 0 0 0 0
<4910766> <locatedInHospital> <Andaluc%C3%83%C2%ADa> 0 0 0 0
<4911136> <locatedInHospital> <Andaluc%C3%83%C2%ADa> 0 0 0 0
<4911247> <locatedInHospital> <Andaluc%C3%83%C2%ADa> 0 0 0 0
<501244> <locatedInHospital> <Madrid> 0 0 0 0
<501270> <locatedInHospital> <Madrid> 0 0 0 0
<502989> <locatedInHospital> <Madrid> 0 0 0 0
<508028> <locatedInHospital> <Madrid> 0 0 0 0
<508205> <locatedInHospital> <Madrid> 0 0 0 0
<509099> <locatedInHospital> <Madrid> 0 0 0 0
<510289> <locatedInHospital> <Madrid> 0 0 0 0
<5103617> <locatedInHospital> <Castilla_Le%C3%83%C2%B3n> 0 0 0 0
<5106393> <locatedInHospital> <Castilla_Le%C3%83%C2%B3n> 0 0 0 0
<5106401> <locatedInHospital> <Castilla_Le%C3%83%C2%B3n> 0 0 0 0
<5106529> <locatedInHospital> <Castilla_Le%C3%83%C2%B3n> 0 0 0 0
<5106571> <locatedInHospital> <Castilla_Le%C3%83%C2%B3n> 0 0 0 0
<5106605> <locatedInHospital> <Castilla_Le%C3%83%C2%B3n> 0 0 0 0
<5106820> <locatedInHospital> <Castilla_Le%C3%83%C2%B3n> 0 0 0 0
<5107076> <locatedInHospital> <Castilla_Le%C3%83%C2%B3n> 0 0 0 0
<5107087> <locatedInHospital> <Castilla_Le%C3%83%C2%B3n> 0 0 0 0
<5109451> <locatedInHospital> <Castilla_Le%C3%83%C2%B3n> 0 0 0 0
<5109588> <locatedInHospital> <Castilla_Le%C3%83%C2%B3n> 0 0 0 0
<5109770> <locatedInHospital> <Castilla_Le%C3%83%C2%B3n> 0 0 0 0
<5110403> <locatedInHospital> <Castilla_Le%C3%83%C2%B3n> 0 0 0 0
<5110669> <locatedInHospital> <Castilla_Le%C3%83%C2%B3n> 0 0 0 0
<5110792> <locatedInHospital> <Castilla_Le%C3%83%C2%B3n> 0 0 0 0
<5111621> <locatedInHospital> <Castilla_Le%C3%83%C2%B3n> 0 0 0 0
<5111687> <locatedInHospital> <Castilla_Le%C3%83%C2%B3n> 0 0 0 0
<5112365> <locatedInHospital> <Castilla_Le%C3%83%C2%B3n> 0 0 0 0
<5112448> <locatedInHospital> <Castilla_Le%C3%83%C2%B3n> 0 0 0 0
<5113556> <locatedInHospital> <Castilla_Le%C3%83%C2%B3n> 0 0 0 0
<5113913> <locatedInHospital> <Castilla_Le%C3%83%C2%B3n> 0 0 0 0
<5113941> <locatedInHospital> <Castilla_Le%C3%83%C2%B3n> 0 0 0 0
<5116363> <locatedInHospital> <Castilla_Le%C3%83%C2%B3n> 0 0 0 0
<5116374> <locatedInHospital> <Castilla_Le%C3%83%C2%B3n> 0 0 0 0
<5117388> <locatedInHospital> <Castilla_Le%C3%83%C2%B3n> 0 0 0 0
<512339> <locatedInHospital> <Madrid> 0 0 0 0
<512391> <locatedInHospital> <Madrid> 0 0 0 0
<512403> <locatedInHospital> <Madrid> 0 0 0 0
<512411> <locatedInHospital> <Madrid> 0 0 0 0
<512486> <locatedInHospital> <Madrid> 0 0 0 0
<512490> <locatedInHospital> <Madrid> 0 0 0 0
<512528> <locatedInHospital> <Madrid> 0 0 0 0
<513033> <locatedInHospital> <Madrid> 0 0 0 0
<513164> <locatedInHospital> <Madrid> 0 0 0 0
<513188> <locatedInHospital> <Madrid> 0 0 0 0
<513219> <locatedInHospital> <Madrid> 0 0 0 0
<513370> <locatedInHospital> <Madrid> 0 0 0 0
<513526> <locatedInHospital> <Madrid> 0 0 0 0
<513538> <locatedInHospital> <Madrid> 0 0 0 0
<513597> <locatedInHospital> <Madrid> 0 0 0 0
<513600> <locatedInHospital> <Madrid> 0 0 0 0
<513613> <locatedInHospital> <Madrid> 0 0 0 0
<513635> <locatedInHospital> <Madrid> 0 0 0 0
<513654> <locatedInHospital> <Madrid> 0 0 0 0
<513719> <locatedInHospital> <Madrid> 0 0 0 0
<513804> <locatedInHospital> <Madrid> 0 0 0 0
<513942> <locatedInHospital> <Madrid> 0 0 0 0
<514125> <locatedInHospital> <Madrid> 0 0 0 0
<514127> <locatedInHospital> <Madrid> 0 0 0 0
<514133> <locatedInHospital> <Madrid> 0 0 0 0
<514213> <locatedInHospital> <Madrid> 0 0 0 0
<514265> <locatedInHospital> <Madrid> 0 0 0 0
<514275> <locatedInHospital> <Madrid> 0 0 0 0
<514371> <locatedInHospital> <Madrid> 0 0 0 0
<514447> <locatedInHospital> <Madrid> 0 0 0 0
<514450> <locatedInHospital> <Madrid> 0 0 0 0
<516179> <locatedInHospital> <Madrid> 0 0 0 0
<516222> <locatedInHospital> <Madrid> 0 0 0 0
<516635> <locatedInHospital> <Madrid> 0 0 0 0
<516990> <locatedInHospital> <Madrid> 0 0 0 0
<5301001> <locatedInHospital> <Andaluc%C3%83%C2%ADa> 0 0 0 0
<5301582> <locatedInHospital> <Andaluc%C3%83%C2%ADa> 0 0 0 0
<5301592> <locatedInHospital> <Andaluc%C3%83%C2%ADa> 0 0 0 0
<5304770> <locatedInHospital> <Andaluc%C3%83%C2%ADa> 0 0 0 0
<5305174> <locatedInHospital> <Andaluc%C3%83%C2%ADa> 0 0 0 0
<5305663> <locatedInHospital> <Andaluc%C3%83%C2%ADa> 0 0 0 0
<5307664> <locatedInHospital> <Andaluc%C3%83%C2%ADa> 0 0 0 0
<5307962> <locatedInHospital> <Andaluc%C3%83%C2%ADa> 0 0 0 0
<5310666> <locatedInHospital> <Andaluc%C3%83%C2%ADa> 0 0 0 0
<5312670> <locatedInHospital> <Andaluc%C3%83%C2%ADa> 0 0 0 0
<5313163> <locatedInHospital> <Andaluc%C3%83%C2%ADa> 0 0 0 0
<5313214> <locatedInHospital> <Andaluc%C3%83%C2%ADa> 0 0 0 0
<5313455> <locatedInHospital> <Andaluc%C3%83%C2%ADa> 0 0 0 0
<5313996> <locatedInHospital> <Andaluc%C3%83%C2%ADa> 0 0 0 0
<5314044> <locatedInHospital> <Andaluc%C3%83%C2%ADa> 0 0 0 0
<5314514> <locatedInHospital> <Andaluc%C3%83%C2%ADa> 0 0 0 0
<5314615> <locatedInHospital> <Andaluc%C3%83%C2%ADa> 0 0 0 0
<5314771> <locatedInHospital> <Andaluc%C3%83%C2%ADa> 0 0 0 0
<5314837> <locatedInHospital> <Andaluc%C3%83%C2%ADa> 0 0 0 0
<5315192> <locatedInHospital> <Andaluc%C3%83%C2%ADa> 0 0 0 0
<5315424> <locatedInHospital> <Andaluc%C3%83%C2%ADa> 0 0 0 0
<5106934> <locatedInHospital> <Castilla_Le%C3%83%C2%B3n> 0 0 0 0
<5107177> <locatedInHospital> <Castilla_Le%C3%83%C2%B3n> 0 0 0 0
<5110537> <locatedInHospital> <Castilla_Le%C3%83%C2%B3n> 0 0 0 0
<5112268> <locatedInHospital> <Castilla_Le%C3%83%C2%B3n> 0 0 0 0
<5112898> <locatedInHospital> <Castilla_Le%C3%83%C2%B3n> 0 0 0 0
<5114978> <locatedInHospital> <Castilla_Le%C3%83%C2%B3n> 0 0 0 0
<5116128> <locatedInHospital> <Castilla_Le%C3%83%C2%B3n> 0 0 0 0
<5116838> <locatedInHospital> <Castilla_Le%C3%83%C2%B3n> 0 0 0 0
<513656> <locatedInHospital> <Madrid> 0 0 0 0
<513949> <locatedInHospital> <Madrid> 0 0 0 0
<515853> <locatedInHospital> <Madrid> 0 0 0 0
<516261> <locatedInHospital> <Madrid> 0 0 0 0
<517509> <locatedInHospital> <Madrid> 0 0 0 0
<5305260> <locatedInHospital> <Andaluc%C3%83%C2%ADa> 0 0 0 0
<5315774> <locatedInHospital> <Andaluc%C3%83%C2%ADa> 0 0 0 0
<5315831> <locatedInHospital> <Andaluc%C3%83%C2%ADa> 0 0 0 0
<5316074> <locatedInHospital> <Andaluc%C3%83%C2%ADa> 0 0 0 0
<5316088> <locatedInHospital> <Andaluc%C3%83%C2%ADa> 0 0 0 0
<5316166> <locatedInHospital> <Andaluc%C3%83%C2%ADa> 0 0 0 0
<5316292> <locatedInHospital> <Andaluc%C3%83%C2%ADa> 0 0 0 0
<5316318> <locatedInHospital> <Andaluc%C3%83%C2%ADa> 0 0 0 0
<5316327> <locatedInHospital> <Andaluc%C3%83%C2%ADa> 0 0 0 0
<5316425> <locatedInHospital> <Andaluc%C3%83%C2%ADa> 0 0 0 0
<5316442> <locatedInHospital> <Andaluc%C3%83%C2%ADa> 0 0 0 0
<5316532> <locatedInHospital> <Andaluc%C3%83%C2%ADa> 0 0 0 0
<5316589> <locatedInHospital> <Andaluc%C3%83%C2%ADa> 0 0 0 0
<5316594> <locatedInHospital> <Andaluc%C3%83%C2%ADa> 0 0 0 0
<5316905> <locatedInHospital> <Andaluc%C3%83%C2%ADa> 0 0 0 0
<5317056> <locatedInHospital> <Andaluc%C3%83%C2%ADa> 0 0 0 0
<5317136> <locatedInHospital> <Andaluc%C3%83%C2%ADa> 0 0 0 0
<5317336> <locatedInHospital> <Andaluc%C3%83%C2%ADa> 0 0 0 0
<5501486> <locatedInHospital> <Islas_Canarias> 0 0 0 0
<5501786> <locatedInHospital> <Islas_Canarias> 0 0 0 0
<5506797> <locatedInHospital> <Islas_Canarias> 0 0 0 0
<5507870> <locatedInHospital> <Islas_Canarias> 0 0 0 0
<5510112> <locatedInHospital> <Islas_Canarias> 0 0 0 0
<5511026> <locatedInHospital> <Islas_Canarias> 0 0 0 0
<5805995> <locatedInHospital> <Catalunya> 0 0 0 0
<5806000> <locatedInHospital> <Catalunya> 0 0 0 0
<5814885> <locatedInHospital> <Catalunya> 0 0 0 0
<6301705> <locatedInHospital> <Castilla_Le%C3%83%C2%B3n> 0 0 0 0
<6302588> <locatedInHospital> <Castilla_Le%C3%83%C2%B3n> 0 0 0 0
<6311565> <locatedInHospital> <Castilla_Le%C3%83%C2%B3n> 0 0 0 0
<6311647> <locatedInHospital> <Castilla_Le%C3%83%C2%B3n> 0 0 0 0
<6312026> <locatedInHospital> <Castilla_Le%C3%83%C2%B3n> 0 0 0 0
<6315374> <locatedInHospital> <Castilla_Le%C3%83%C2%B3n> 0 0 0 0
<6315639> <locatedInHospital> <Castilla_Le%C3%83%C2%B3n> 0 0 0 0
<6315905> <locatedInHospital> <Castilla_Le%C3%83%C2%B3n> 0 0 0 0
<6315936> <locatedInHospital> <Castilla_Le%C3%83%C2%B3n> 0 0 0 0
<6316135> <locatedInHospital> <Castilla_Le%C3%83%C2%B3n> 0 0 0 0
<6316485> <locatedInHospital> <Castilla_Le%C3%83%C2%B3n> 0 0 0 0
<6316644> <locatedInHospital> <Castilla_Le%C3%83%C2%B3n> 0 0 0 0
<6316646> <locatedInHospital> <Castilla_Le%C3%83%C2%B3n> 0 0 0 0
<6317027> <locatedInHospital> <Castilla_Le%C3%83%C2%B3n> 0 0 0 0
<6317205> <locatedInHospital> <Castilla_Le%C3%83%C2%B3n> 0 0 0 0
<6317217> <locatedInHospital> <Castilla_Le%C3%83%C2%B3n> 0 0 0 0
<6400587> <locatedInHospital> <Castilla_la_Mancha> 0 0 0 0
<6401438> <locatedInHospital> <Castilla_la_Mancha> 0 0 0 0
<6402110> <locatedInHospital> <Castilla_la_Mancha> 0 0 0 0
<6404039> <locatedInHospital> <Castilla_la_Mancha> 0 0 0 0
<6605747> <locatedInHospital> <Navarra> 0 0 0 0
<6605837> <locatedInHospital> <Navarra> 0 0 0 0
<6605838> <locatedInHospital> <Navarra> 0 0 0 0
<7005783> <locatedInHospital> <Pa%C3%83%C2%ADs_Vasco> 0 0 0 0
<7012946> <locatedInHospital> <Pa%C3%83%C2%ADs_Vasco> 0 0 0 0
<701578> <locatedInHospital> <Madrid> 0 0 0 0
<701762> <locatedInHospital> <Madrid> 0 0 0 0
<701777> <locatedInHospital> <Madrid> 0 0 0 0
<702528> <locatedInHospital> <Madrid> 0 0 0 0
<702912> <locatedInHospital> <Madrid> 0 0 0 0
<702914> <locatedInHospital> <Madrid> 0 0 0 0
<704307> <locatedInHospital> <Madrid> 0 0 0 0
<5316881> <locatedInHospital> <Andaluc%C3%83%C2%ADa> 0 0 0 0
<5507815> <locatedInHospital> <Islas_Canarias> 0 0 0 0
<6312227> <locatedInHospital> <Castilla_Le%C3%83%C2%B3n> 0 0 0 0
<6316681> <locatedInHospital> <Castilla_Le%C3%83%C2%B3n> 0 0 0 0
<6402606> <locatedInHospital> <Castilla_la_Mancha> 0 0 0 0
<10611435> <locatedInHospital> <Madrid> 0 0 0 0
<10816571> <locatedInHospital> <Catalunya> 0 0 0 0
<208304> <locatedInHospital> <Catalunya> 0 0 0 0
<209643> <locatedInHospital> <Catalunya> 0 0 0 0
<417508> <locatedInHospital> <Andaluc%C3%83%C2%ADa> 0 0 0 0
<5107089> <locatedInHospital> <Castilla_Le%C3%83%C2%B3n> 0 0 0 0
<512775> <locatedInHospital> <Madrid> 0 0 0 0
<6311741> <locatedInHospital> <Castilla_Le%C3%83%C2%B3n> 0 0 0 0
<7214847> <locatedInHospital> <Galicia> 0 0 0 0
<11402036> <locatedInHospital> <Murcia> 0 0 0 0
<11405815> <locatedInHospital> <Murcia> 0 0 0 0
<11405987> <locatedInHospital> <Murcia> 0 0 0 0
<11405989> <locatedInHospital> <Murcia> 0 0 0 0
<11405990> <locatedInHospital> <Murcia> 0 0 0 0
<6900341> <locatedInHospital> <Galicia> 0 0 0 0
<6900828> <locatedInHospital> <Galicia> 0 0 0 0
