<1314912> <hasFamilyHistory_familyRelationDegree> <First_Degree> 0 0 0 0
<1305453> <hasFamilyHistory_familyRelationDegree> <First_Degree> 0 0 0 0
<507486> <hasFamilyHistory_familyRelationDegree> <Male_First_Degree> 0 0 0 0
<2303380> <hasFamilyHistory_familyRelationDegree> <First_Degree> 0 0 0 0
<5106452> <hasFamilyHistory_familyRelationDegree> <First_Degree> 0 0 0 0
<1516202> <hasFamilyHistory_familyRelationDegree> <Female_First_Degree> 0 0 0 0
<3309821> <hasFamilyHistory_familyRelationDegree> <First_Degree> 0 0 0 0
<409856> <hasFamilyHistory_familyRelationDegree> <First_Degree> 0 0 0 0
<3509117> <hasFamilyHistory_familyRelationDegree> <First_Degree> 0 0 0 0
<1314806> <hasFamilyHistory_familyRelationDegree> <Female_First_Degree> 0 0 0 0
<2902537> <hasFamilyHistory_familyRelationDegree> <Male_First_Degree> 0 0 0 0
<2900497> <hasFamilyHistory_familyRelationDegree> <First_Degree> 0 0 0 0
<2102765> <hasFamilyHistory_familyRelationDegree> <Male_First_Degree> 0 0 0 0
<4910647> <hasFamilyHistory_familyRelationDegree> <Male_First_Degree> 0 0 0 0
<1510092> <hasFamilyHistory_familyRelationDegree> <Male_First_Degree> 0 0 0 0
<11312002> <hasFamilyHistory_familyRelationDegree> <Male_First_Degree> 0 0 0 0
<100377> <hasFamilyHistory_familyRelationDegree> <Male_First_Degree> 0 0 0 0
<306878> <hasFamilyHistory_familyRelationDegree> <First_Degree> 0 0 0 0
<302637> <hasFamilyHistory_familyRelationDegree> <First_Degree> 0 0 0 0
<302637> <hasFamilyHistory_familyRelationDegree> <Female_First_Degree> 0 0 0 0
<415739> <hasFamilyHistory_familyRelationDegree> <Female_First_Degree> 0 0 0 0
<1306362> <hasFamilyHistory_familyRelationDegree> <Male_First_Degree> 0 0 0 0
<503180> <hasFamilyHistory_familyRelationDegree> <Male_First_Degree> 0 0 0 0
<2806189> <hasFamilyHistory_familyRelationDegree> <Female_First_Degree> 0 0 0 0
<1302205> <hasFamilyHistory_familyRelationDegree> <Female_First_Degree> 0 0 0 0
<313912> <hasFamilyHistory_familyRelationDegree> <Male_First_Degree> 0 0 0 0
<300336> <hasFamilyHistory_familyRelationDegree> <Male_First_Degree> 0 0 0 0
<1300445> <hasFamilyHistory_familyRelationDegree> <Male_First_Degree> 0 0 0 0
<2917350> <hasFamilyHistory_familyRelationDegree> <Male_First_Degree> 0 0 0 0
<11312220> <hasFamilyHistory_familyRelationDegree> <First_Degree> 0 0 0 0
<109545> <hasFamilyHistory_familyRelationDegree> <Male_First_Degree> 0 0 0 0
<3006259> <hasFamilyHistory_familyRelationDegree> <Female_First_Degree> 0 0 0 0
<1302023> <hasFamilyHistory_familyRelationDegree> <Male_First_Degree> 0 0 0 0
<1509503> <hasFamilyHistory_familyRelationDegree> <Male_First_Degree> 0 0 0 0
<2917366> <hasFamilyHistory_familyRelationDegree> <Male_First_Degree> 0 0 0 0
<2808296> <hasFamilyHistory_familyRelationDegree> <First_Degree> 0 0 0 0
<3508879> <hasFamilyHistory_familyRelationDegree> <First_Degree> 0 0 0 0
<2813661> <hasFamilyHistory_familyRelationDegree> <Female_First_Degree> 0 0 0 0
<4611684> <hasFamilyHistory_familyRelationDegree> <First_Degree> 0 0 0 0
<211141> <hasFamilyHistory_familyRelationDegree> <Female_First_Degree> 0 0 0 0
<206188> <hasFamilyHistory_familyRelationDegree> <First_Degree> 0 0 0 0
<2312896> <hasFamilyHistory_familyRelationDegree> <Female_First_Degree> 0 0 0 0
<4911246> <hasFamilyHistory_familyRelationDegree> <Male_First_Degree> 0 0 0 0
<513219> <hasFamilyHistory_familyRelationDegree> <Female_First_Degree> 0 0 0 0
<3000595> <hasFamilyHistory_familyRelationDegree> <Second_Degree> 0 0 0 0
<3915320> <hasFamilyHistory_familyRelationDegree> <Female_First_Degree> 0 0 0 0
<1504840> <hasFamilyHistory_familyRelationDegree> <First_Degree> 0 0 0 0
<1214894> <hasFamilyHistory_familyRelationDegree> <Female_First_Degree> 0 0 0 0
<102873> <hasFamilyHistory_familyRelationDegree> <Male_First_Degree> 0 0 0 0
<11315856> <hasFamilyHistory_familyRelationDegree> <First_Degree> 0 0 0 0
<3105905> <hasFamilyHistory_familyRelationDegree> <Female_First_Degree> 0 0 0 0
<1516738> <hasFamilyHistory_familyRelationDegree> <First_Degree> 0 0 0 0
<102362> <hasFamilyHistory_familyRelationDegree> <Male_First_Degree> 0 0 0 0
<1507822> <hasFamilyHistory_familyRelationDegree> <Female_First_Degree> 0 0 0 0
<109438> <hasFamilyHistory_familyRelationDegree> <Male_First_Degree> 0 0 0 0
<2917483> <hasFamilyHistory_familyRelationDegree> <First_Degree> 0 0 0 0
<203543> <hasFamilyHistory_familyRelationDegree> <Male_First_Degree> 0 0 0 0
<1303160> <hasFamilyHistory_familyRelationDegree> <Male_First_Degree> 0 0 0 0
<15706134> <hasFamilyHistory_familyRelationDegree> <Male_First_Degree> 0 0 0 0
<209327> <hasFamilyHistory_familyRelationDegree> <Male_First_Degree> 0 0 0 0
<309895> <hasFamilyHistory_familyRelationDegree> <Male_First_Degree> 0 0 0 0
<102120> <hasFamilyHistory_familyRelationDegree> <Female_First_Degree> 0 0 0 0
<116641> <hasFamilyHistory_familyRelationDegree> <First_Degree> 0 0 0 0
<2304676> <hasFamilyHistory_familyRelationDegree> <First_Degree> 0 0 0 0
<1300506> <hasFamilyHistory_familyRelationDegree> <First_Degree> 0 0 0 0
<509325> <hasFamilyHistory_familyRelationDegree> <First_Degree> 0 0 0 0
<1305446> <hasFamilyHistory_familyRelationDegree> <Male_First_Degree> 0 0 0 0
<14702897> <hasFamilyHistory_familyRelationDegree> <Male_First_Degree> 0 0 0 0
<207227> <hasFamilyHistory_familyRelationDegree> <Male_First_Degree> 0 0 0 0
<202274> <hasFamilyHistory_familyRelationDegree> <First_Degree> 0 0 0 0
<5105076> <hasFamilyHistory_familyRelationDegree> <Male_First_Degree> 0 0 0 0
<508441> <hasFamilyHistory_familyRelationDegree> <Female_First_Degree> 0 0 0 0
<316446> <hasFamilyHistory_familyRelationDegree> <First_Degree> 0 0 0 0
<15706844> <hasFamilyHistory_familyRelationDegree> <Female_First_Degree> 0 0 0 0
<3812387> <hasFamilyHistory_familyRelationDegree> <Female_First_Degree> 0 0 0 0
<1508180> <hasFamilyHistory_familyRelationDegree> <First_Degree> 0 0 0 0
<201539> <hasFamilyHistory_familyRelationDegree> <Second_Degree> 0 0 0 0
<2803756> <hasFamilyHistory_familyRelationDegree> <Female_First_Degree> 0 0 0 0
<202412> <hasFamilyHistory_familyRelationDegree> <First_Degree> 0 0 0 0
<2312755> <hasFamilyHistory_familyRelationDegree> <Male_First_Degree> 0 0 0 0
<415878> <hasFamilyHistory_familyRelationDegree> <First_Degree> 0 0 0 0
<1216114> <hasFamilyHistory_familyRelationDegree> <First_Degree> 0 0 0 0
<1501036> <hasFamilyHistory_familyRelationDegree> <Male_First_Degree> 0 0 0 0
<3703051> <hasFamilyHistory_familyRelationDegree> <Female_First_Degree> 0 0 0 0
<907365> <hasFamilyHistory_familyRelationDegree> <Male_Second_Degree> 0 0 0 0
<916815> <hasFamilyHistory_familyRelationDegree> <Female_First_Degree> 0 0 0 0
<9911653> <hasFamilyHistory_familyRelationDegree> <Female_First_Degree> 0 0 0 0
<710428> <hasFamilyHistory_familyRelationDegree> <Female_Second_Degree> 0 0 0 0
<6316718> <hasFamilyHistory_familyRelationDegree> <Male_Second_Degree> 0 0 0 0
<7717148> <hasFamilyHistory_familyRelationDegree> <First_Degree> 0 0 0 0
<516176> <hasFamilyHistory_familyRelationDegree> <Male_First_Degree> 0 0 0 0
<5114908> <hasFamilyHistory_familyRelationDegree> <Female_Second_Degree> 0 0 0 0
<107952> <hasFamilyHistory_familyRelationDegree> <Male_Second_Degree> 0 0 0 0
<711018> <hasFamilyHistory_familyRelationDegree> <First_Degree> 0 0 0 0
<4910507> <hasFamilyHistory_familyRelationDegree> <First_Degree> 0 0 0 0
<411549> <hasFamilyHistory_familyRelationDegree> <Female_Second_Degree> 0 0 0 0
<7404170> <hasFamilyHistory_familyRelationDegree> <Male_First_Degree> 0 0 0 0
<5814969> <hasFamilyHistory_familyRelationDegree> <First_Degree> 0 0 0 0
<6315414> <hasFamilyHistory_familyRelationDegree> <Third_Degree> 0 0 0 0
<6316007> <hasFamilyHistory_familyRelationDegree> <First_Degree> 0 0 0 0
<6402271> <hasFamilyHistory_familyRelationDegree> <First_Degree> 0 0 0 0
<704472> <hasFamilyHistory_familyRelationDegree> <First_Degree> 0 0 0 0
<516216> <hasFamilyHistory_familyRelationDegree> <Second_Degree> 0 0 0 0
<507465> <hasFamilyHistory_familyRelationDegree> <Male_Third_Degree> 0 0 0 0
<6605755> <hasFamilyHistory_familyRelationDegree> <First_Degree> 0 0 0 0
<5305714> <hasFamilyHistory_familyRelationDegree> <Male_Third_Degree> 0 0 0 0
<415185> <hasFamilyHistory_familyRelationDegree> <Male_Second_Degree> 0 0 0 0
<5106540> <hasFamilyHistory_familyRelationDegree> <Male_Second_Degree> 0 0 0 0
<6315347> <hasFamilyHistory_familyRelationDegree> <Second_Degree> 0 0 0 0
<514067> <hasFamilyHistory_familyRelationDegree> <First_Degree> 0 0 0 0
<510288> <hasFamilyHistory_familyRelationDegree> <Female_First_Degree> 0 0 0 0
<9705414> <hasFamilyHistory_familyRelationDegree> <Female_Second_Degree> 0 0 0 0
<2303532> <hasFamilyHistory_familyRelationDegree> <Female_Second_Degree> 0 0 0 0
<2305869> <hasFamilyHistory_familyRelationDegree> <Male_Second_Degree> 0 0 0 0
<6315306> <hasFamilyHistory_familyRelationDegree> <First_Degree> 0 0 0 0
<5109584> <hasFamilyHistory_familyRelationDegree> <Female_First_Degree> 0 0 0 0
<503843> <hasFamilyHistory_familyRelationDegree> <First_Degree> 0 0 0 0
<908755> <hasFamilyHistory_familyRelationDegree> <Female_First_Degree> 0 0 0 0
<516188> <hasFamilyHistory_familyRelationDegree> <Second_Degree> 0 0 0 0
<6608733> <hasFamilyHistory_familyRelationDegree> <First_Degree> 0 0 0 0
<5304769> <hasFamilyHistory_familyRelationDegree> <Female_Second_Degree> 0 0 0 0
<9905793> <hasFamilyHistory_familyRelationDegree> <Third_Degree> 0 0 0 0
<7214847> <hasFamilyHistory_familyRelationDegree> <First_Degree> 0 0 0 0
<509050> <hasFamilyHistory_familyRelationDegree> <UNK> 0 0 0 0
<9703158> <hasFamilyHistory_familyRelationDegree> <Female_First_Degree> 0 0 0 0
<901082> <hasFamilyHistory_familyRelationDegree> <First_Degree> 0 0 0 0
<9709321> <hasFamilyHistory_familyRelationDegree> <First_Degree> 0 0 0 0
<515832> <hasFamilyHistory_familyRelationDegree> <Second_Degree> 0 0 0 0
<9914486> <hasFamilyHistory_familyRelationDegree> <Male_First_Degree> 0 0 0 0
<512643> <hasFamilyHistory_familyRelationDegree> <Male_Second_Degree> 0 0 0 0
<303311> <hasFamilyHistory_familyRelationDegree> <Third_Degree> 0 0 0 0
<5316002> <hasFamilyHistory_familyRelationDegree> <Male_Second_Degree> 0 0 0 0
<9908914> <hasFamilyHistory_familyRelationDegree> <Female_First_Degree> 0 0 0 0
<9408683> <hasFamilyHistory_familyRelationDegree> <Male_First_Degree> 0 0 0 0
<3011356> <hasFamilyHistory_familyRelationDegree> <Second_Degree> 0 0 0 0
<901143> <hasFamilyHistory_familyRelationDegree> <Second_Degree> 0 0 0 0
<5316002> <hasFamilyHistory_familyRelationDegree> <Third_Degree> 0 0 0 0
<9407913> <hasFamilyHistory_familyRelationDegree> <Male_First_Degree> 0 0 0 0
<6312628> <hasFamilyHistory_familyRelationDegree> <Male_First_Degree> 0 0 0 0
<203418> <hasFamilyHistory_familyRelationDegree> <Female_Third_Degree> 0 0 0 0
<11313615> <hasFamilyHistory_familyRelationDegree> <Female_Second_Degree> 0 0 0 0
<6301775> <hasFamilyHistory_familyRelationDegree> <Male_First_Degree> 0 0 0 0
<5106531> <hasFamilyHistory_familyRelationDegree> <First_Degree> 0 0 0 0
<2312519> <hasFamilyHistory_familyRelationDegree> <Female_Second_Degree> 0 0 0 0
<911811> <hasFamilyHistory_familyRelationDegree> <First_Degree> 0 0 0 0
<514126> <hasFamilyHistory_familyRelationDegree> <Male_First_Degree> 0 0 0 0
<516695> <hasFamilyHistory_familyRelationDegree> <Second_Degree> 0 0 0 0
<5315732> <hasFamilyHistory_familyRelationDegree> <Male_First_Degree> 0 0 0 0
<7405223> <hasFamilyHistory_familyRelationDegree> <Second_Degree> 0 0 0 0
<206059> <hasFamilyHistory_familyRelationDegree> <First_Degree> 0 0 0 0
<704897> <hasFamilyHistory_familyRelationDegree> <Third_Degree> 0 0 0 0
<5315891> <hasFamilyHistory_familyRelationDegree> <Second_Degree> 0 0 0 0
<2917337> <hasFamilyHistory_familyRelationDegree> <Female_Second_Degree> 0 0 0 0
<4910698> <hasFamilyHistory_familyRelationDegree> <First_Degree> 0 0 0 0
<508558> <hasFamilyHistory_familyRelationDegree> <Male_Third_Degree> 0 0 0 0
<9415464> <hasFamilyHistory_familyRelationDegree> <Female_First_Degree> 0 0 0 0
<916561> <hasFamilyHistory_familyRelationDegree> <First_Degree> 0 0 0 0
<6312405> <hasFamilyHistory_familyRelationDegree> <Female_Third_Degree> 0 0 0 0
<5113300> <hasFamilyHistory_familyRelationDegree> <Male_Second_Degree> 0 0 0 0
<4910535> <hasFamilyHistory_familyRelationDegree> <Female_Second_Degree> 0 0 0 0
<513696> <hasFamilyHistory_familyRelationDegree> <Female_First_Degree> 0 0 0 0
<1304471> <hasFamilyHistory_familyRelationDegree> <First_Degree> 0 0 0 0
<7404359> <hasFamilyHistory_familyRelationDegree> <Male_First_Degree> 0 0 0 0
<312301> <hasFamilyHistory_familyRelationDegree> <Male_Second_Degree> 0 0 0 0
<1516666> <hasFamilyHistory_familyRelationDegree> <Male_Third_Degree> 0 0 0 0
<304623> <hasFamilyHistory_familyRelationDegree> <First_Degree> 0 0 0 0
<11312259> <hasFamilyHistory_familyRelationDegree> <Male_First_Degree> 0 0 0 0
<9408741> <hasFamilyHistory_familyRelationDegree> <Male_First_Degree> 0 0 0 0
<517229> <hasFamilyHistory_familyRelationDegree> <Male_Second_Degree> 0 0 0 0
<6605755> <hasFamilyHistory_familyRelationDegree> <Second_Degree> 0 0 0 0
<2304458> <hasFamilyHistory_familyRelationDegree> <Female_First_Degree> 0 0 0 0
<5115860> <hasFamilyHistory_familyRelationDegree> <First_Degree> 0 0 0 0
<1305854> <hasFamilyHistory_familyRelationDegree> <First_Degree> 0 0 0 0
<417024> <hasFamilyHistory_familyRelationDegree> <First_Degree> 0 0 0 0
<417024> <hasFamilyHistory_familyRelationDegree> <Female_First_Degree> 0 0 0 0
<4910657> <hasFamilyHistory_familyRelationDegree> <Female_First_Degree> 0 0 0 0
<503293> <hasFamilyHistory_familyRelationDegree> <Male_First_Degree> 0 0 0 0
<5315580> <hasFamilyHistory_familyRelationDegree> <Male_First_Degree> 0 0 0 0
<4613263> <hasFamilyHistory_familyRelationDegree> <Female_First_Degree> 0 0 0 0
<5112868> <hasFamilyHistory_familyRelationDegree> <First_Degree> 0 0 0 0
<708721> <hasFamilyHistory_familyRelationDegree> <Male_First_Degree> 0 0 0 0
<5315665> <hasFamilyHistory_familyRelationDegree> <Female_Third_Degree> 0 0 0 0
<709528> <hasFamilyHistory_familyRelationDegree> <First_Degree> 0 0 0 0
<4910534> <hasFamilyHistory_familyRelationDegree> <Female_Second_Degree> 0 0 0 0
<5105158> <hasFamilyHistory_familyRelationDegree> <Second_Degree> 0 0 0 0
<210068> <hasFamilyHistory_familyRelationDegree> <Female_Second_Degree> 0 0 0 0
<503002> <hasFamilyHistory_familyRelationDegree> <Female_Second_Degree> 0 0 0 0
<212844> <hasFamilyHistory_familyRelationDegree> <First_Degree> 0 0 0 0
<908791> <hasFamilyHistory_familyRelationDegree> <Male_First_Degree> 0 0 0 0
<707797> <hasFamilyHistory_familyRelationDegree> <Female_First_Degree> 0 0 0 0
<416945> <hasFamilyHistory_familyRelationDegree> <Female_Second_Degree> 0 0 0 0
<513703> <hasFamilyHistory_familyRelationDegree> <Second_Degree> 0 0 0 0
<5316922> <hasFamilyHistory_familyRelationDegree> <Second_Degree> 0 0 0 0
<906978> <hasFamilyHistory_familyRelationDegree> <First_Degree> 0 0 0 0
<501217> <hasFamilyHistory_familyRelationDegree> <First_Degree> 0 0 0 0
<211360> <hasFamilyHistory_familyRelationDegree> <First_Degree> 0 0 0 0
<906911> <hasFamilyHistory_familyRelationDegree> <First_Degree> 0 0 0 0
<3710922> <hasFamilyHistory_familyRelationDegree> <First_Degree> 0 0 0 0
<5106782> <hasFamilyHistory_familyRelationDegree> <First_Degree> 0 0 0 0
<2304458> <hasFamilyHistory_familyRelationDegree> <First_Degree> 0 0 0 0
<512965> <hasFamilyHistory_familyRelationDegree> <Female_Second_Degree> 0 0 0 0
<6303448> <hasFamilyHistory_familyRelationDegree> <Third_Degree> 0 0 0 0
<6313336> <hasFamilyHistory_familyRelationDegree> <Third_Degree> 0 0 0 0
<205958> <hasFamilyHistory_familyRelationDegree> <Female_First_Degree> 0 0 0 0
<503177> <hasFamilyHistory_familyRelationDegree> <Male_Second_Degree> 0 0 0 0
<514130> <hasFamilyHistory_familyRelationDegree> <Female_Second_Degree> 0 0 0 0
<5111473> <hasFamilyHistory_familyRelationDegree> <Third_Degree> 0 0 0 0
<5313428> <hasFamilyHistory_familyRelationDegree> <Female_Second_Degree> 0 0 0 0
<6605755> <hasFamilyHistory_familyRelationDegree> <Third_Degree> 0 0 0 0
<2311939> <hasFamilyHistory_familyRelationDegree> <Female_First_Degree> 0 0 0 0
<508174> <hasFamilyHistory_familyRelationDegree> <Female_First_Degree> 0 0 0 0
<6316485> <hasFamilyHistory_familyRelationDegree> <First_Degree> 0 0 0 0
<514379> <hasFamilyHistory_familyRelationDegree> <Male_Second_Degree> 0 0 0 0
<703054> <hasFamilyHistory_familyRelationDegree> <First_Degree> 0 0 0 0
<512468> <hasFamilyHistory_familyRelationDegree> <First_Degree> 0 0 0 0
<508235> <hasFamilyHistory_familyRelationDegree> <Female_Third_Degree> 0 0 0 0
<512766> <hasFamilyHistory_familyRelationDegree> <Second_Degree> 0 0 0 0
<5304878> <hasFamilyHistory_familyRelationDegree> <First_Degree> 0 0 0 0
<513366> <hasFamilyHistory_familyRelationDegree> <Female_Second_Degree> 0 0 0 0
<303631> <hasFamilyHistory_familyRelationDegree> <First_Degree> 0 0 0 0
<9412069> <hasFamilyHistory_familyRelationDegree> <Female_First_Degree> 0 0 0 0
<9416386> <hasFamilyHistory_familyRelationDegree> <Second_Degree> 0 0 0 0
<7216150> <hasFamilyHistory_familyRelationDegree> <Second_Degree> 0 0 0 0
<6316143> <hasFamilyHistory_familyRelationDegree> <Male_First_Degree> 0 0 0 0
<5106467> <hasFamilyHistory_familyRelationDegree> <Second_Degree> 0 0 0 0
<502985> <hasFamilyHistory_familyRelationDegree> <Male_First_Degree> 0 0 0 0
<5303206> <hasFamilyHistory_familyRelationDegree> <Third_Degree> 0 0 0 0
<514112> <hasFamilyHistory_familyRelationDegree> <Female_Second_Degree> 0 0 0 0
<2902455> <hasFamilyHistory_familyRelationDegree> <First_Degree> 0 0 0 0
<4615210> <hasFamilyHistory_familyRelationDegree> <Male_First_Degree> 0 0 0 0
<508518> <hasFamilyHistory_familyRelationDegree> <Female_First_Degree> 0 0 0 0
<2311857> <hasFamilyHistory_familyRelationDegree> <First_Degree> 0 0 0 0
<417452> <hasFamilyHistory_familyRelationDegree> <Female_First_Degree> 0 0 0 0
<907010> <hasFamilyHistory_familyRelationDegree> <Female_First_Degree> 0 0 0 0
<513374> <hasFamilyHistory_familyRelationDegree> <Female_First_Degree> 0 0 0 0
<4911079> <hasFamilyHistory_familyRelationDegree> <Second_Degree> 0 0 0 0
<5109812> <hasFamilyHistory_familyRelationDegree> <Male_First_Degree> 0 0 0 0
<711660> <hasFamilyHistory_familyRelationDegree> <First_Degree> 0 0 0 0
<6315571> <hasFamilyHistory_familyRelationDegree> <Male_First_Degree> 0 0 0 0
<5315859> <hasFamilyHistory_familyRelationDegree> <First_Degree> 0 0 0 0
<5103141> <hasFamilyHistory_familyRelationDegree> <Third_Degree> 0 0 0 0
<1312655> <hasFamilyHistory_familyRelationDegree> <Female_Second_Degree> 0 0 0 0
<909692> <hasFamilyHistory_familyRelationDegree> <First_Degree> 0 0 0 0
<3703790> <hasFamilyHistory_familyRelationDegree> <Second_Degree> 0 0 0 0
<507794> <hasFamilyHistory_familyRelationDegree> <Male_First_Degree> 0 0 0 0
<2811001> <hasFamilyHistory_familyRelationDegree> <Second_Degree> 0 0 0 0
<5305985> <hasFamilyHistory_familyRelationDegree> <Female_First_Degree> 0 0 0 0
<15710167> <hasFamilyHistory_familyRelationDegree> <First_Degree> 0 0 0 0
<507804> <hasFamilyHistory_familyRelationDegree> <Second_Degree> 0 0 0 0
<5106264> <hasFamilyHistory_familyRelationDegree> <Male_Second_Degree> 0 0 0 0
<6313193> <hasFamilyHistory_familyRelationDegree> <Male_First_Degree> 0 0 0 0
<1504057> <hasFamilyHistory_familyRelationDegree> <First_Degree> 0 0 0 0
<306857> <hasFamilyHistory_familyRelationDegree> <Second_Degree> 0 0 0 0
<1501198> <hasFamilyHistory_familyRelationDegree> <Male_First_Degree> 0 0 0 0
<5315071> <hasFamilyHistory_familyRelationDegree> <Male_First_Degree> 0 0 0 0
<305239> <hasFamilyHistory_familyRelationDegree> <Female_Second_Degree> 0 0 0 0
<409522> <hasFamilyHistory_familyRelationDegree> <First_Degree> 0 0 0 0
<10602094> <hasFamilyHistory_familyRelationDegree> <Female_First_Degree> 0 0 0 0
<203399> <hasFamilyHistory_familyRelationDegree> <Female_First_Degree> 0 0 0 0
<5107107> <hasFamilyHistory_familyRelationDegree> <Female_First_Degree> 0 0 0 0
<3510438> <hasFamilyHistory_familyRelationDegree> <Second_Degree> 0 0 0 0
<416777> <hasFamilyHistory_familyRelationDegree> <Third_Degree> 0 0 0 0
<5103189> <hasFamilyHistory_familyRelationDegree> <First_Degree> 0 0 0 0
<111482> <hasFamilyHistory_familyRelationDegree> <Female_First_Degree> 0 0 0 0
<2805153> <hasFamilyHistory_familyRelationDegree> <Female_Second_Degree> 0 0 0 0
<703741> <hasFamilyHistory_familyRelationDegree> <Male_First_Degree> 0 0 0 0
<1509362> <hasFamilyHistory_familyRelationDegree> <Female_First_Degree> 0 0 0 0
<516635> <hasFamilyHistory_familyRelationDegree> <First_Degree> 0 0 0 0
<514311> <hasFamilyHistory_familyRelationDegree> <First_Degree> 0 0 0 0
<415771> <hasFamilyHistory_familyRelationDegree> <Female_First_Degree> 0 0 0 0
<3812239> <hasFamilyHistory_familyRelationDegree> <Male_First_Degree> 0 0 0 0
<4205748> <hasFamilyHistory_familyRelationDegree> <First_Degree> 0 0 0 0
<2102185> <hasFamilyHistory_familyRelationDegree> <Second_Degree> 0 0 0 0
<6401436> <hasFamilyHistory_familyRelationDegree> <First_Degree> 0 0 0 0
<5814928> <hasFamilyHistory_familyRelationDegree> <First_Degree> 0 0 0 0
<302894> <hasFamilyHistory_familyRelationDegree> <Female_First_Degree> 0 0 0 0
<4614561> <hasFamilyHistory_familyRelationDegree> <Third_Degree> 0 0 0 0
<417340> <hasFamilyHistory_familyRelationDegree> <First_Degree> 0 0 0 0
<503177> <hasFamilyHistory_familyRelationDegree> <First_Degree> 0 0 0 0
<2917312> <hasFamilyHistory_familyRelationDegree> <First_Degree> 0 0 0 0
<308663> <hasFamilyHistory_familyRelationDegree> <First_Degree> 0 0 0 0
<4910832> <hasFamilyHistory_familyRelationDegree> <Second_Degree> 0 0 0 0
<1511158> <hasFamilyHistory_familyRelationDegree> <Male_Third_Degree> 0 0 0 0
<5116111> <hasFamilyHistory_familyRelationDegree> <Male_First_Degree> 0 0 0 0
<2303243> <hasFamilyHistory_familyRelationDegree> <Male_First_Degree> 0 0 0 0
<516230> <hasFamilyHistory_familyRelationDegree> <First_Degree> 0 0 0 0
<213270> <hasFamilyHistory_familyRelationDegree> <First_Degree> 0 0 0 0
<709156> <hasFamilyHistory_familyRelationDegree> <Male_First_Degree> 0 0 0 0
<2805251> <hasFamilyHistory_familyRelationDegree> <Second_Degree> 0 0 0 0
<5315824> <hasFamilyHistory_familyRelationDegree> <First_Degree> 0 0 0 0
<5104724> <hasFamilyHistory_familyRelationDegree> <First_Degree> 0 0 0 0
<3408711> <hasFamilyHistory_familyRelationDegree> <Male_Second_Degree> 0 0 0 0
<5106576> <hasFamilyHistory_familyRelationDegree> <First_Degree> 0 0 0 0
<2903120> <hasFamilyHistory_familyRelationDegree> <First_Degree> 0 0 0 0
<302316> <hasFamilyHistory_familyRelationDegree> <Male_First_Degree> 0 0 0 0
<513917> <hasFamilyHistory_familyRelationDegree> <First_Degree> 0 0 0 0
<5116375> <hasFamilyHistory_familyRelationDegree> <Male_First_Degree> 0 0 0 0
<6304671> <hasFamilyHistory_familyRelationDegree> <First_Degree> 0 0 0 0
<514366> <hasFamilyHistory_familyRelationDegree> <Female_First_Degree> 0 0 0 0
<305126> <hasFamilyHistory_familyRelationDegree> <Second_Degree> 0 0 0 0
<5111330> <hasFamilyHistory_familyRelationDegree> <Male_First_Degree> 0 0 0 0
<2810652> <hasFamilyHistory_familyRelationDegree> <Female_First_Degree> 0 0 0 0
<701596> <hasFamilyHistory_familyRelationDegree> <Female_First_Degree> 0 0 0 0
<3408102> <hasFamilyHistory_familyRelationDegree> <Female_First_Degree> 0 0 0 0
<5315065> <hasFamilyHistory_familyRelationDegree> <First_Degree> 0 0 0 0
<5315191> <hasFamilyHistory_familyRelationDegree> <Male_First_Degree> 0 0 0 0
<3007072> <hasFamilyHistory_familyRelationDegree> <Male_Third_Degree> 0 0 0 0
<416949> <hasFamilyHistory_familyRelationDegree> <Female_First_Degree> 0 0 0 0
<501311> <hasFamilyHistory_familyRelationDegree> <Female_First_Degree> 0 0 0 0
<208042> <hasFamilyHistory_familyRelationDegree> <Female_First_Degree> 0 0 0 0
<503442> <hasFamilyHistory_familyRelationDegree> <Female_First_Degree> 0 0 0 0
<906997> <hasFamilyHistory_familyRelationDegree> <Male_First_Degree> 0 0 0 0
<311430> <hasFamilyHistory_familyRelationDegree> <First_Degree> 0 0 0 0
<1300789> <hasFamilyHistory_familyRelationDegree> <First_Degree> 0 0 0 0
<203147> <hasFamilyHistory_familyRelationDegree> <Female_Second_Degree> 0 0 0 0
<206085> <hasFamilyHistory_familyRelationDegree> <Male_First_Degree> 0 0 0 0
<503203> <hasFamilyHistory_familyRelationDegree> <First_Degree> 0 0 0 0
<2310701> <hasFamilyHistory_familyRelationDegree> <Female_First_Degree> 0 0 0 0
<507745> <hasFamilyHistory_familyRelationDegree> <Female_First_Degree> 0 0 0 0
<707440> <hasFamilyHistory_familyRelationDegree> <Male_First_Degree> 0 0 0 0
<503812> <hasFamilyHistory_familyRelationDegree> <Female_First_Degree> 0 0 0 0
<5104169> <hasFamilyHistory_familyRelationDegree> <Female_First_Degree> 0 0 0 0
<1509494> <hasFamilyHistory_familyRelationDegree> <Second_Degree> 0 0 0 0
<508071> <hasFamilyHistory_familyRelationDegree> <Male_First_Degree> 0 0 0 0
<9408666> <hasFamilyHistory_familyRelationDegree> <Male_First_Degree> 0 0 0 0
<2107864> <hasFamilyHistory_familyRelationDegree> <Male_First_Degree> 0 0 0 0
<503289> <hasFamilyHistory_familyRelationDegree> <Female_First_Degree> 0 0 0 0
<3508570> <hasFamilyHistory_familyRelationDegree> <Male_Second_Degree> 0 0 0 0
<503177> <hasFamilyHistory_familyRelationDegree> <Female_First_Degree> 0 0 0 0
<4313322> <hasFamilyHistory_familyRelationDegree> <First_Degree> 0 0 0 0
<5315560> <hasFamilyHistory_familyRelationDegree> <Male_First_Degree> 0 0 0 0
<1509540> <hasFamilyHistory_familyRelationDegree> <Second_Degree> 0 0 0 0
<11314148> <hasFamilyHistory_familyRelationDegree> <Male_First_Degree> 0 0 0 0
<514461> <hasFamilyHistory_familyRelationDegree> <First_Degree> 0 0 0 0
<311595> <hasFamilyHistory_familyRelationDegree> <Male_First_Degree> 0 0 0 0
<2917473> <hasFamilyHistory_familyRelationDegree> <Male_Second_Degree> 0 0 0 0
<508014> <hasFamilyHistory_familyRelationDegree> <Male_First_Degree> 0 0 0 0
<107959> <hasFamilyHistory_familyRelationDegree> <Female_First_Degree> 0 0 0 0
<1511095> <hasFamilyHistory_familyRelationDegree> <Male_First_Degree> 0 0 0 0
<1214880> <hasFamilyHistory_familyRelationDegree> <First_Degree> 0 0 0 0
<501339> <hasFamilyHistory_familyRelationDegree> <Female_Second_Degree> 0 0 0 0
<5105181> <hasFamilyHistory_familyRelationDegree> <Female_First_Degree> 0 0 0 0
<5106402> <hasFamilyHistory_familyRelationDegree> <Female_First_Degree> 0 0 0 0
<503352> <hasFamilyHistory_familyRelationDegree> <Male_First_Degree> 0 0 0 0
<3703425> <hasFamilyHistory_familyRelationDegree> <First_Degree> 0 0 0 0
<514134> <hasFamilyHistory_familyRelationDegree> <Male_Second_Degree> 0 0 0 0
<3314876> <hasFamilyHistory_familyRelationDegree> <Female_Third_Degree> 0 0 0 0
<6311829> <hasFamilyHistory_familyRelationDegree> <First_Degree> 0 0 0 0
<1504989> <hasFamilyHistory_familyRelationDegree> <Second_Degree> 0 0 0 0
<1009248> <hasFamilyHistory_familyRelationDegree> <Female_Second_Degree> 0 0 0 0
<2804869> <hasFamilyHistory_familyRelationDegree> <First_Degree> 0 0 0 0
<2304603> <hasFamilyHistory_familyRelationDegree> <Female_Third_Degree> 0 0 0 0
<204990> <hasFamilyHistory_familyRelationDegree> <Second_Degree> 0 0 0 0
<5316380> <hasFamilyHistory_familyRelationDegree> <First_Degree> 0 0 0 0
<1509174> <hasFamilyHistory_familyRelationDegree> <Female_First_Degree> 0 0 0 0
<4602351> <hasFamilyHistory_familyRelationDegree> <Male_First_Degree> 0 0 0 0
<2910738> <hasFamilyHistory_familyRelationDegree> <First_Degree> 0 0 0 0
<2302750> <hasFamilyHistory_familyRelationDegree> <Female_First_Degree> 0 0 0 0
<3714335> <hasFamilyHistory_familyRelationDegree> <Female_Second_Degree> 0 0 0 0
<514223> <hasFamilyHistory_familyRelationDegree> <Female_First_Degree> 0 0 0 0
<5104726> <hasFamilyHistory_familyRelationDegree> <Male_First_Degree> 0 0 0 0
<516205> <hasFamilyHistory_familyRelationDegree> <Male_First_Degree> 0 0 0 0
<3105724> <hasFamilyHistory_familyRelationDegree> <Second_Degree> 0 0 0 0
<409363> <hasFamilyHistory_familyRelationDegree> <First_Degree> 0 0 0 0
<513731> <hasFamilyHistory_familyRelationDegree> <Male_First_Degree> 0 0 0 0
<2903753> <hasFamilyHistory_familyRelationDegree> <Female_First_Degree> 0 0 0 0
<2817214> <hasFamilyHistory_familyRelationDegree> <Second_Degree> 0 0 0 0
<303713> <hasFamilyHistory_familyRelationDegree> <Male_First_Degree> 0 0 0 0
<112633> <hasFamilyHistory_familyRelationDegree> <Female_First_Degree> 0 0 0 0
<2808249> <hasFamilyHistory_familyRelationDegree> <First_Degree> 0 0 0 0
<3016701> <hasFamilyHistory_familyRelationDegree> <First_Degree> 0 0 0 0
<512752> <hasFamilyHistory_familyRelationDegree> <First_Degree> 0 0 0 0
<317192> <hasFamilyHistory_familyRelationDegree> <First_Degree> 0 0 0 0
<311031> <hasFamilyHistory_familyRelationDegree> <Male_First_Degree> 0 0 0 0
<508183> <hasFamilyHistory_familyRelationDegree> <Female_First_Degree> 0 0 0 0
<1506945> <hasFamilyHistory_familyRelationDegree> <First_Degree> 0 0 0 0
<5116141> <hasFamilyHistory_familyRelationDegree> <Male_First_Degree> 0 0 0 0
<1504579> <hasFamilyHistory_familyRelationDegree> <Second_Degree> 0 0 0 0
<503183> <hasFamilyHistory_familyRelationDegree> <Male_First_Degree> 0 0 0 0
<1504949> <hasFamilyHistory_familyRelationDegree> <Male_First_Degree> 0 0 0 0
<1512999> <hasFamilyHistory_familyRelationDegree> <Male_Second_Degree> 0 0 0 0
<1315449> <hasFamilyHistory_familyRelationDegree> <First_Degree> 0 0 0 0
<508250> <hasFamilyHistory_familyRelationDegree> <Male_First_Degree> 0 0 0 0
<509060> <hasFamilyHistory_familyRelationDegree> <Male_Second_Degree> 0 0 0 0
<1303590> <hasFamilyHistory_familyRelationDegree> <First_Degree> 0 0 0 0
<202667> <hasFamilyHistory_familyRelationDegree> <First_Degree> 0 0 0 0
<2808597> <hasFamilyHistory_familyRelationDegree> <First_Degree> 0 0 0 0
<2807397> <hasFamilyHistory_familyRelationDegree> <First_Degree> 0 0 0 0
<2807154> <hasFamilyHistory_familyRelationDegree> <Male_First_Degree> 0 0 0 0
<508864> <hasFamilyHistory_familyRelationDegree> <Female_First_Degree> 0 0 0 0
<5109610> <hasFamilyHistory_familyRelationDegree> <Female_Second_Degree> 0 0 0 0
<1503382> <hasFamilyHistory_familyRelationDegree> <Female_First_Degree> 0 0 0 0
<2810360> <hasFamilyHistory_familyRelationDegree> <Second_Degree> 0 0 0 0
<212029> <hasFamilyHistory_familyRelationDegree> <First_Degree> 0 0 0 0
<1314990> <hasFamilyHistory_familyRelationDegree> <Male_First_Degree> 0 0 0 0
<1302062> <hasFamilyHistory_familyRelationDegree> <First_Degree> 0 0 0 0
<14702226> <hasFamilyHistory_familyRelationDegree> <First_Degree> 0 0 0 0
<1509221> <hasFamilyHistory_familyRelationDegree> <First_Degree> 0 0 0 0
<1310865> <hasFamilyHistory_familyRelationDegree> <Female_First_Degree> 0 0 0 0
<1314755> <hasFamilyHistory_familyRelationDegree> <First_Degree> 0 0 0 0
<2917487> <hasFamilyHistory_familyRelationDegree> <Female_First_Degree> 0 0 0 0
<513920> <hasFamilyHistory_familyRelationDegree> <Male_First_Degree> 0 0 0 0
<516748> <hasFamilyHistory_familyRelationDegree> <Male_First_Degree> 0 0 0 0
<300582> <hasFamilyHistory_familyRelationDegree> <Second_Degree> 0 0 0 0
<2304689> <hasFamilyHistory_familyRelationDegree> <Male_First_Degree> 0 0 0 0
<5117388> <hasFamilyHistory_familyRelationDegree> <Male_Second_Degree> 0 0 0 0
<107959> <hasFamilyHistory_familyRelationDegree> <First_Degree> 0 0 0 0
<101934> <hasFamilyHistory_familyRelationDegree> <First_Degree> 0 0 0 0
<3508714> <hasFamilyHistory_familyRelationDegree> <Female_First_Degree> 0 0 0 0
<2903753> <hasFamilyHistory_familyRelationDegree> <First_Degree> 0 0 0 0
<313679> <hasFamilyHistory_familyRelationDegree> <First_Degree> 0 0 0 0
<514360> <hasFamilyHistory_familyRelationDegree> <First_Degree> 0 0 0 0
<3707414> <hasFamilyHistory_familyRelationDegree> <First_Degree> 0 0 0 0
<513200> <hasFamilyHistory_familyRelationDegree> <First_Degree> 0 0 0 0
<514416> <hasFamilyHistory_familyRelationDegree> <First_Degree> 0 0 0 0
<508492> <hasFamilyHistory_familyRelationDegree> <Male_First_Degree> 0 0 0 0
<2304919> <hasFamilyHistory_familyRelationDegree> <Female_First_Degree> 0 0 0 0
<2804200> <hasFamilyHistory_familyRelationDegree> <Male_Second_Degree> 0 0 0 0
<4614565> <hasFamilyHistory_familyRelationDegree> <Female_First_Degree> 0 0 0 0
<203792> <hasFamilyHistory_familyRelationDegree> <Second_Degree> 0 0 0 0
<4601465> <hasFamilyHistory_familyRelationDegree> <Male_First_Degree> 0 0 0 0
<6301799> <hasFamilyHistory_familyRelationDegree> <Male_First_Degree> 0 0 0 0
<1300684> <hasFamilyHistory_familyRelationDegree> <Male_First_Degree> 0 0 0 0
<5106149> <hasFamilyHistory_familyRelationDegree> <First_Degree> 0 0 0 0
<2102839> <hasFamilyHistory_familyRelationDegree> <Male_First_Degree> 0 0 0 0
<3505859> <hasFamilyHistory_familyRelationDegree> <Female_First_Degree> 0 0 0 0
<4603257> <hasFamilyHistory_familyRelationDegree> <First_Degree> 0 0 0 0
<108163> <hasFamilyHistory_familyRelationDegree> <First_Degree> 0 0 0 0
<413283> <hasFamilyHistory_familyRelationDegree> <Male_First_Degree> 0 0 0 0
<512429> <hasFamilyHistory_familyRelationDegree> <Male_First_Degree> 0 0 0 0
<5103320> <hasFamilyHistory_familyRelationDegree> <First_Degree> 0 0 0 0
<15709462> <hasFamilyHistory_familyRelationDegree> <Female_First_Degree> 0 0 0 0
<307058> <hasFamilyHistory_familyRelationDegree> <First_Degree> 0 0 0 0
<15706360> <hasFamilyHistory_familyRelationDegree> <Male_First_Degree> 0 0 0 0
<1306614> <hasFamilyHistory_familyRelationDegree> <First_Degree> 0 0 0 0
<2911841> <hasFamilyHistory_familyRelationDegree> <First_Degree> 0 0 0 0
<2309482> <hasFamilyHistory_familyRelationDegree> <First_Degree> 0 0 0 0
<5305241> <hasFamilyHistory_familyRelationDegree> <Male_First_Degree> 0 0 0 0
<513278> <hasFamilyHistory_familyRelationDegree> <Female_First_Degree> 0 0 0 0
<203404> <hasFamilyHistory_familyRelationDegree> <Male_First_Degree> 0 0 0 0
<211889> <hasFamilyHistory_familyRelationDegree> <First_Degree> 0 0 0 0
<2810919> <hasFamilyHistory_familyRelationDegree> <Male_First_Degree> 0 0 0 0
<204005> <hasFamilyHistory_familyRelationDegree> <Male_First_Degree> 0 0 0 0
<1306378> <hasFamilyHistory_familyRelationDegree> <First_Degree> 0 0 0 0
<508129> <hasFamilyHistory_familyRelationDegree> <Male_First_Degree> 0 0 0 0
<3006390> <hasFamilyHistory_familyRelationDegree> <Female_Second_Degree> 0 0 0 0
<513358> <hasFamilyHistory_familyRelationDegree> <Male_First_Degree> 0 0 0 0
<1311517> <hasFamilyHistory_familyRelationDegree> <Male_First_Degree> 0 0 0 0
<3405578> <hasFamilyHistory_familyRelationDegree> <Female_Second_Degree> 0 0 0 0
<1514037> <hasFamilyHistory_familyRelationDegree> <Female_First_Degree> 0 0 0 0
<2811502> <hasFamilyHistory_familyRelationDegree> <Second_Degree> 0 0 0 0
<5106903> <hasFamilyHistory_familyRelationDegree> <First_Degree> 0 0 0 0
<416766> <hasFamilyHistory_familyRelationDegree> <Male_First_Degree> 0 0 0 0
<4615070> <hasFamilyHistory_familyRelationDegree> <First_Degree> 0 0 0 0
<302692> <hasFamilyHistory_familyRelationDegree> <Male_First_Degree> 0 0 0 0
<6315297> <hasFamilyHistory_familyRelationDegree> <First_Degree> 0 0 0 0
<1512989> <hasFamilyHistory_familyRelationDegree> <First_Degree> 0 0 0 0
<512464> <hasFamilyHistory_familyRelationDegree> <Female_First_Degree> 0 0 0 0
<5502298> <hasFamilyHistory_familyRelationDegree> <Male_First_Degree> 0 0 0 0
<2917464> <hasFamilyHistory_familyRelationDegree> <Male_First_Degree> 0 0 0 0
<9914663> <hasFamilyHistory_familyRelationDegree> <First_Degree> 0 0 0 0
<9914879> <hasFamilyHistory_familyRelationDegree> <Third_Degree> 0 0 0 0
<9714389> <hasFamilyHistory_familyRelationDegree> <Male_First_Degree> 0 0 0 0
<508148> <hasFamilyHistory_familyRelationDegree> <Second_Degree> 0 0 0 0
<9712200> <hasFamilyHistory_familyRelationDegree> <Male_First_Degree> 0 0 0 0
<7406550> <hasFamilyHistory_familyRelationDegree> <Second_Degree> 0 0 0 0
<507356> <hasFamilyHistory_familyRelationDegree> <Female_First_Degree> 0 0 0 0
<9912044> <hasFamilyHistory_familyRelationDegree> <Male_First_Degree> 0 0 0 0
<509323> <hasFamilyHistory_familyRelationDegree> <Male_First_Degree> 0 0 0 0
<4608366> <hasFamilyHistory_familyRelationDegree> <Male_Second_Degree> 0 0 0 0
<6315476> <hasFamilyHistory_familyRelationDegree> <Female_First_Degree> 0 0 0 0
<6314348> <hasFamilyHistory_familyRelationDegree> <Female_Second_Degree> 0 0 0 0
<6311644> <hasFamilyHistory_familyRelationDegree> <Male_Second_Degree> 0 0 0 0
<906819> <hasFamilyHistory_familyRelationDegree> <First_Degree> 0 0 0 0
<412010> <hasFamilyHistory_familyRelationDegree> <Female_First_Degree> 0 0 0 0
<6305051> <hasFamilyHistory_familyRelationDegree> <First_Degree> 0 0 0 0
<5313465> <hasFamilyHistory_familyRelationDegree> <First_Degree> 0 0 0 0
<507770> <hasFamilyHistory_familyRelationDegree> <Male_First_Degree> 0 0 0 0
<503876> <hasFamilyHistory_familyRelationDegree> <Female_Second_Degree> 0 0 0 0
<5109326> <hasFamilyHistory_familyRelationDegree> <Male_First_Degree> 0 0 0 0
<6315248> <hasFamilyHistory_familyRelationDegree> <Female_First_Degree> 0 0 0 0
<6402166> <hasFamilyHistory_familyRelationDegree> <Male_First_Degree> 0 0 0 0
<415942> <hasFamilyHistory_familyRelationDegree> <Female_First_Degree> 0 0 0 0
<512606> <hasFamilyHistory_familyRelationDegree> <Female_First_Degree> 0 0 0 0
<300321> <hasFamilyHistory_familyRelationDegree> <First_Degree> 0 0 0 0
<512332> <hasFamilyHistory_familyRelationDegree> <Second_Degree> 0 0 0 0
<216095> <hasFamilyHistory_familyRelationDegree> <Male_First_Degree> 0 0 0 0
<9705187> <hasFamilyHistory_familyRelationDegree> <Male_First_Degree> 0 0 0 0
<508124> <hasFamilyHistory_familyRelationDegree> <First_Degree> 0 0 0 0
<513123> <hasFamilyHistory_familyRelationDegree> <Female_First_Degree> 0 0 0 0
<508049> <hasFamilyHistory_familyRelationDegree> <UNK> 0 0 0 0
<706168> <hasFamilyHistory_familyRelationDegree> <First_Degree> 0 0 0 0
<1302083> <hasFamilyHistory_familyRelationDegree> <Female_First_Degree> 0 0 0 0
<5315069> <hasFamilyHistory_familyRelationDegree> <Female_Second_Degree> 0 0 0 0
<312303> <hasFamilyHistory_familyRelationDegree> <Second_Degree> 0 0 0 0
<5316440> <hasFamilyHistory_familyRelationDegree> <Second_Degree> 0 0 0 0
<9910158> <hasFamilyHistory_familyRelationDegree> <Male_First_Degree> 0 0 0 0
<516631> <hasFamilyHistory_familyRelationDegree> <Male_Second_Degree> 0 0 0 0
<413138> <hasFamilyHistory_familyRelationDegree> <First_Degree> 0 0 0 0
<9710761> <hasFamilyHistory_familyRelationDegree> <Female_First_Degree> 0 0 0 0
<9703267> <hasFamilyHistory_familyRelationDegree> <First_Degree> 0 0 0 0
<2911880> <hasFamilyHistory_familyRelationDegree> <Female_Second_Degree> 0 0 0 0
<503297> <hasFamilyHistory_familyRelationDegree> <Male_First_Degree> 0 0 0 0
<9713406> <hasFamilyHistory_familyRelationDegree> <Third_Degree> 0 0 0 0
<5315036> <hasFamilyHistory_familyRelationDegree> <Female_Third_Degree> 0 0 0 0
<9911654> <hasFamilyHistory_familyRelationDegree> <Third_Degree> 0 0 0 0
<9712642> <hasFamilyHistory_familyRelationDegree> <First_Degree> 0 0 0 0
<6616123> <hasFamilyHistory_familyRelationDegree> <Second_Degree> 0 0 0 0
<3712397> <hasFamilyHistory_familyRelationDegree> <Third_Degree> 0 0 0 0
<5315242> <hasFamilyHistory_familyRelationDegree> <Female_Third_Degree> 0 0 0 0
<416387> <hasFamilyHistory_familyRelationDegree> <First_Degree> 0 0 0 0
<5502774> <hasFamilyHistory_familyRelationDegree> <UNK> 0 0 0 0
<210601> <hasFamilyHistory_familyRelationDegree> <Third_Degree> 0 0 0 0
<2810744> <hasFamilyHistory_familyRelationDegree> <Female_Second_Degree> 0 0 0 0
<504134> <hasFamilyHistory_familyRelationDegree> <Male_Third_Degree> 0 0 0 0
<5107717> <hasFamilyHistory_familyRelationDegree> <Female_Second_Degree> 0 0 0 0
<1504998> <hasFamilyHistory_familyRelationDegree> <First_Degree> 0 0 0 0
<516188> <hasFamilyHistory_familyRelationDegree> <Female_Third_Degree> 0 0 0 0
<9414249> <hasFamilyHistory_familyRelationDegree> <First_Degree> 0 0 0 0
<501276> <hasFamilyHistory_familyRelationDegree> <Third_Degree> 0 0 0 0
<5116866> <hasFamilyHistory_familyRelationDegree> <Male_First_Degree> 0 0 0 0
<7000634> <hasFamilyHistory_familyRelationDegree> <First_Degree> 0 0 0 0
<5305726> <hasFamilyHistory_familyRelationDegree> <Third_Degree> 0 0 0 0
<516761> <hasFamilyHistory_familyRelationDegree> <Male_Second_Degree> 0 0 0 0
<6303448> <hasFamilyHistory_familyRelationDegree> <Female_Second_Degree> 0 0 0 0
<15701724> <hasFamilyHistory_familyRelationDegree> <Female_First_Degree> 0 0 0 0
<513703> <hasFamilyHistory_familyRelationDegree> <Female_Second_Degree> 0 0 0 0
<417424> <hasFamilyHistory_familyRelationDegree> <Third_Degree> 0 0 0 0
<5315386> <hasFamilyHistory_familyRelationDegree> <Female_First_Degree> 0 0 0 0
<707471> <hasFamilyHistory_familyRelationDegree> <First_Degree> 0 0 0 0
<5302672> <hasFamilyHistory_familyRelationDegree> <Male_Second_Degree> 0 0 0 0
<508153> <hasFamilyHistory_familyRelationDegree> <Male_First_Degree> 0 0 0 0
<4910889> <hasFamilyHistory_familyRelationDegree> <Male_Second_Degree> 0 0 0 0
<203522> <hasFamilyHistory_familyRelationDegree> <Female_Second_Degree> 0 0 0 0
<3710922> <hasFamilyHistory_familyRelationDegree> <Male_First_Degree> 0 0 0 0
<907274> <hasFamilyHistory_familyRelationDegree> <First_Degree> 0 0 0 0
<4910624> <hasFamilyHistory_familyRelationDegree> <Male_Second_Degree> 0 0 0 0
<411546> <hasFamilyHistory_familyRelationDegree> <Female_First_Degree> 0 0 0 0
<4610267> <hasFamilyHistory_familyRelationDegree> <Male_Second_Degree> 0 0 0 0
<513875> <hasFamilyHistory_familyRelationDegree> <First_Degree> 0 0 0 0
<203545> <hasFamilyHistory_familyRelationDegree> <Female_Third_Degree> 0 0 0 0
<514132> <hasFamilyHistory_familyRelationDegree> <First_Degree> 0 0 0 0
<508192> <hasFamilyHistory_familyRelationDegree> <Male_First_Degree> 0 0 0 0
<5103865> <hasFamilyHistory_familyRelationDegree> <Second_Degree> 0 0 0 0
<4910807> <hasFamilyHistory_familyRelationDegree> <First_Degree> 0 0 0 0
<513724> <hasFamilyHistory_familyRelationDegree> <Male_Second_Degree> 0 0 0 0
<7105924> <hasFamilyHistory_familyRelationDegree> <Male_First_Degree> 0 0 0 0
<514229> <hasFamilyHistory_familyRelationDegree> <First_Degree> 0 0 0 0
<1313397> <hasFamilyHistory_familyRelationDegree> <Female_Second_Degree> 0 0 0 0
<6303506> <hasFamilyHistory_familyRelationDegree> <Female_First_Degree> 0 0 0 0
<514277> <hasFamilyHistory_familyRelationDegree> <First_Degree> 0 0 0 0
<2303796> <hasFamilyHistory_familyRelationDegree> <Second_Degree> 0 0 0 0
<4314494> <hasFamilyHistory_familyRelationDegree> <Male_First_Degree> 0 0 0 0
<708896> <hasFamilyHistory_familyRelationDegree> <First_Degree> 0 0 0 0
<508289> <hasFamilyHistory_familyRelationDegree> <Female_First_Degree> 0 0 0 0
<1302147> <hasFamilyHistory_familyRelationDegree> <Male_First_Degree> 0 0 0 0
<15704687> <hasFamilyHistory_familyRelationDegree> <Male_Second_Degree> 0 0 0 0
<7105709> <hasFamilyHistory_familyRelationDegree> <Male_First_Degree> 0 0 0 0
<901954> <hasFamilyHistory_familyRelationDegree> <First_Degree> 0 0 0 0
<709277> <hasFamilyHistory_familyRelationDegree> <First_Degree> 0 0 0 0
<9409569> <hasFamilyHistory_familyRelationDegree> <First_Degree> 0 0 0 0
<409487> <hasFamilyHistory_familyRelationDegree> <Female_First_Degree> 0 0 0 0
<508522> <hasFamilyHistory_familyRelationDegree> <UNK> 0 0 0 0
<5316174> <hasFamilyHistory_familyRelationDegree> <Male_First_Degree> 0 0 0 0
<501217> <hasFamilyHistory_familyRelationDegree> <Male_First_Degree> 0 0 0 0
<3704658> <hasFamilyHistory_familyRelationDegree> <Female_First_Degree> 0 0 0 0
<3704638> <hasFamilyHistory_familyRelationDegree> <Female_First_Degree> 0 0 0 0
<5306785> <hasFamilyHistory_familyRelationDegree> <First_Degree> 0 0 0 0
<2103239> <hasFamilyHistory_familyRelationDegree> <Second_Degree> 0 0 0 0
<2302603> <hasFamilyHistory_familyRelationDegree> <First_Degree> 0 0 0 0
<513724> <hasFamilyHistory_familyRelationDegree> <Second_Degree> 0 0 0 0
<1515321> <hasFamilyHistory_familyRelationDegree> <Second_Degree> 0 0 0 0
<103536> <hasFamilyHistory_familyRelationDegree> <Female_First_Degree> 0 0 0 0
<210398> <hasFamilyHistory_familyRelationDegree> <Female_First_Degree> 0 0 0 0
<206537> <hasFamilyHistory_familyRelationDegree> <Female_First_Degree> 0 0 0 0
<1312916> <hasFamilyHistory_familyRelationDegree> <First_Degree> 0 0 0 0
<1511156> <hasFamilyHistory_familyRelationDegree> <Female_Second_Degree> 0 0 0 0
<2312519> <hasFamilyHistory_familyRelationDegree> <Second_Degree> 0 0 0 0
<302295> <hasFamilyHistory_familyRelationDegree> <Male_Third_Degree> 0 0 0 0
<5316197> <hasFamilyHistory_familyRelationDegree> <Second_Degree> 0 0 0 0
<507257> <hasFamilyHistory_familyRelationDegree> <Second_Degree> 0 0 0 0
<5106394> <hasFamilyHistory_familyRelationDegree> <Male_First_Degree> 0 0 0 0
<8306647> <hasFamilyHistory_familyRelationDegree> <Male_First_Degree> 0 0 0 0
<5117238> <hasFamilyHistory_familyRelationDegree> <First_Degree> 0 0 0 0
<5106049> <hasFamilyHistory_familyRelationDegree> <Male_First_Degree> 0 0 0 0
<4600822> <hasFamilyHistory_familyRelationDegree> <Male_Third_Degree> 0 0 0 0
<5314676> <hasFamilyHistory_familyRelationDegree> <Male_First_Degree> 0 0 0 0
<514067> <hasFamilyHistory_familyRelationDegree> <Female_Second_Degree> 0 0 0 0
<5107540> <hasFamilyHistory_familyRelationDegree> <First_Degree> 0 0 0 0
<2808917> <hasFamilyHistory_familyRelationDegree> <Female_First_Degree> 0 0 0 0
<1316104> <hasFamilyHistory_familyRelationDegree> <First_Degree> 0 0 0 0
<508183> <hasFamilyHistory_familyRelationDegree> <Female_Second_Degree> 0 0 0 0
<5315036> <hasFamilyHistory_familyRelationDegree> <Male_First_Degree> 0 0 0 0
<2807574> <hasFamilyHistory_familyRelationDegree> <UNK> 0 0 0 0
<516207> <hasFamilyHistory_familyRelationDegree> <First_Degree> 0 0 0 0
<202358> <hasFamilyHistory_familyRelationDegree> <Male_Third_Degree> 0 0 0 0
<207777> <hasFamilyHistory_familyRelationDegree> <First_Degree> 0 0 0 0
<5117238> <hasFamilyHistory_familyRelationDegree> <Female_First_Degree> 0 0 0 0
<906912> <hasFamilyHistory_familyRelationDegree> <First_Degree> 0 0 0 0
<9407913> <hasFamilyHistory_familyRelationDegree> <First_Degree> 0 0 0 0
<5314627> <hasFamilyHistory_familyRelationDegree> <Second_Degree> 0 0 0 0
<6314246> <hasFamilyHistory_familyRelationDegree> <First_Degree> 0 0 0 0
<514345> <hasFamilyHistory_familyRelationDegree> <First_Degree> 0 0 0 0
<6315364> <hasFamilyHistory_familyRelationDegree> <Male_Third_Degree> 0 0 0 0
<210026> <hasFamilyHistory_familyRelationDegree> <Female_Third_Degree> 0 0 0 0
<513237> <hasFamilyHistory_familyRelationDegree> <First_Degree> 0 0 0 0
<10615344> <hasFamilyHistory_familyRelationDegree> <Female_Second_Degree> 0 0 0 0
<1311798> <hasFamilyHistory_familyRelationDegree> <Female_First_Degree> 0 0 0 0
<3703790> <hasFamilyHistory_familyRelationDegree> <Female_Second_Degree> 0 0 0 0
<514157> <hasFamilyHistory_familyRelationDegree> <Female_Second_Degree> 0 0 0 0
<514197> <hasFamilyHistory_familyRelationDegree> <First_Degree> 0 0 0 0
<516695> <hasFamilyHistory_familyRelationDegree> <Female_Second_Degree> 0 0 0 0
<6315996> <hasFamilyHistory_familyRelationDegree> <First_Degree> 0 0 0 0
<8307616> <hasFamilyHistory_familyRelationDegree> <First_Degree> 0 0 0 0
<15704702> <hasFamilyHistory_familyRelationDegree> <Female_First_Degree> 0 0 0 0
<5107354> <hasFamilyHistory_familyRelationDegree> <Female_Second_Degree> 0 0 0 0
<413291> <hasFamilyHistory_familyRelationDegree> <Second_Degree> 0 0 0 0
<504148> <hasFamilyHistory_familyRelationDegree> <Female_Third_Degree> 0 0 0 0
<15710144> <hasFamilyHistory_familyRelationDegree> <Male_Second_Degree> 0 0 0 0
<107984> <hasFamilyHistory_familyRelationDegree> <First_Degree> 0 0 0 0
<4910839> <hasFamilyHistory_familyRelationDegree> <Male_Third_Degree> 0 0 0 0
<3404062> <hasFamilyHistory_familyRelationDegree> <Third_Degree> 0 0 0 0
<3704658> <hasFamilyHistory_familyRelationDegree> <First_Degree> 0 0 0 0
<6302602> <hasFamilyHistory_familyRelationDegree> <Female_First_Degree> 0 0 0 0
<508168> <hasFamilyHistory_familyRelationDegree> <First_Degree> 0 0 0 0
<3404062> <hasFamilyHistory_familyRelationDegree> <Second_Degree> 0 0 0 0
<4612485> <hasFamilyHistory_familyRelationDegree> <Female_First_Degree> 0 0 0 0
<5103518> <hasFamilyHistory_familyRelationDegree> <Male_First_Degree> 0 0 0 0
<1302155> <hasFamilyHistory_familyRelationDegree> <First_Degree> 0 0 0 0
<4602207> <hasFamilyHistory_familyRelationDegree> <Male_Second_Degree> 0 0 0 0
<916422> <hasFamilyHistory_familyRelationDegree> <Female_First_Degree> 0 0 0 0
<1513990> <hasFamilyHistory_familyRelationDegree> <Female_First_Degree> 0 0 0 0
<5312456> <hasFamilyHistory_familyRelationDegree> <Male_First_Degree> 0 0 0 0
<503877> <hasFamilyHistory_familyRelationDegree> <First_Degree> 0 0 0 0
<3007163> <hasFamilyHistory_familyRelationDegree> <Female_First_Degree> 0 0 0 0
<4910602> <hasFamilyHistory_familyRelationDegree> <Female_First_Degree> 0 0 0 0
<2101455> <hasFamilyHistory_familyRelationDegree> <Male_First_Degree> 0 0 0 0
<508060> <hasFamilyHistory_familyRelationDegree> <First_Degree> 0 0 0 0
<2104410> <hasFamilyHistory_familyRelationDegree> <First_Degree> 0 0 0 0
<4601465> <hasFamilyHistory_familyRelationDegree> <First_Degree> 0 0 0 0
<5314707> <hasFamilyHistory_familyRelationDegree> <Female_First_Degree> 0 0 0 0
<4608615> <hasFamilyHistory_familyRelationDegree> <First_Degree> 0 0 0 0
<204067> <hasFamilyHistory_familyRelationDegree> <First_Degree> 0 0 0 0
<3406017> <hasFamilyHistory_familyRelationDegree> <First_Degree> 0 0 0 0
<508993> <hasFamilyHistory_familyRelationDegree> <First_Degree> 0 0 0 0
<1506160> <hasFamilyHistory_familyRelationDegree> <Male_Second_Degree> 0 0 0 0
<514293> <hasFamilyHistory_familyRelationDegree> <Male_First_Degree> 0 0 0 0
<4600251> <hasFamilyHistory_familyRelationDegree> <First_Degree> 0 0 0 0
<3712400> <hasFamilyHistory_familyRelationDegree> <First_Degree> 0 0 0 0
<409928> <hasFamilyHistory_familyRelationDegree> <Male_First_Degree> 0 0 0 0
<111982> <hasFamilyHistory_familyRelationDegree> <Male_First_Degree> 0 0 0 0
<503108> <hasFamilyHistory_familyRelationDegree> <First_Degree> 0 0 0 0
<4911541> <hasFamilyHistory_familyRelationDegree> <First_Degree> 0 0 0 0
<6402101> <hasFamilyHistory_familyRelationDegree> <Male_First_Degree> 0 0 0 0
<6317274> <hasFamilyHistory_familyRelationDegree> <Male_First_Degree> 0 0 0 0
<1511095> <hasFamilyHistory_familyRelationDegree> <First_Degree> 0 0 0 0
<3712043> <hasFamilyHistory_familyRelationDegree> <Female_First_Degree> 0 0 0 0
<515724> <hasFamilyHistory_familyRelationDegree> <Female_First_Degree> 0 0 0 0
<2104981> <hasFamilyHistory_familyRelationDegree> <Male_First_Degree> 0 0 0 0
<508032> <hasFamilyHistory_familyRelationDegree> <Female_Second_Degree> 0 0 0 0
<2917366> <hasFamilyHistory_familyRelationDegree> <Female_First_Degree> 0 0 0 0
<6315314> <hasFamilyHistory_familyRelationDegree> <First_Degree> 0 0 0 0
<2806920> <hasFamilyHistory_familyRelationDegree> <Female_Second_Degree> 0 0 0 0
<5313338> <hasFamilyHistory_familyRelationDegree> <First_Degree> 0 0 0 0
<508219> <hasFamilyHistory_familyRelationDegree> <Second_Degree> 0 0 0 0
<1305485> <hasFamilyHistory_familyRelationDegree> <Male_First_Degree> 0 0 0 0
<5102956> <hasFamilyHistory_familyRelationDegree> <Male_First_Degree> 0 0 0 0
<2100658> <hasFamilyHistory_familyRelationDegree> <Male_First_Degree> 0 0 0 0
<1300800> <hasFamilyHistory_familyRelationDegree> <First_Degree> 0 0 0 0
<303696> <hasFamilyHistory_familyRelationDegree> <First_Degree> 0 0 0 0
<2101457> <hasFamilyHistory_familyRelationDegree> <First_Degree> 0 0 0 0
<2304830> <hasFamilyHistory_familyRelationDegree> <Female_Second_Degree> 0 0 0 0
<413886> <hasFamilyHistory_familyRelationDegree> <Male_First_Degree> 0 0 0 0
<2312824> <hasFamilyHistory_familyRelationDegree> <First_Degree> 0 0 0 0
<6312905> <hasFamilyHistory_familyRelationDegree> <First_Degree> 0 0 0 0
<6317166> <hasFamilyHistory_familyRelationDegree> <Male_First_Degree> 0 0 0 0
<512428> <hasFamilyHistory_familyRelationDegree> <First_Degree> 0 0 0 0
<3704525> <hasFamilyHistory_familyRelationDegree> <Second_Degree> 0 0 0 0
<1301994> <hasFamilyHistory_familyRelationDegree> <Second_Degree> 0 0 0 0
<4605032> <hasFamilyHistory_familyRelationDegree> <Female_First_Degree> 0 0 0 0
<4610265> <hasFamilyHistory_familyRelationDegree> <Male_First_Degree> 0 0 0 0
<6315363> <hasFamilyHistory_familyRelationDegree> <Male_First_Degree> 0 0 0 0
<507492> <hasFamilyHistory_familyRelationDegree> <First_Degree> 0 0 0 0
<1511104> <hasFamilyHistory_familyRelationDegree> <Second_Degree> 0 0 0 0
<5115686> <hasFamilyHistory_familyRelationDegree> <Male_First_Degree> 0 0 0 0
<2303470> <hasFamilyHistory_familyRelationDegree> <Second_Degree> 0 0 0 0
<11313615> <hasFamilyHistory_familyRelationDegree> <Male_Second_Degree> 0 0 0 0
<203475> <hasFamilyHistory_familyRelationDegree> <Male_Second_Degree> 0 0 0 0
<513734> <hasFamilyHistory_familyRelationDegree> <Second_Degree> 0 0 0 0
<509085> <hasFamilyHistory_familyRelationDegree> <First_Degree> 0 0 0 0
<203548> <hasFamilyHistory_familyRelationDegree> <Female_Second_Degree> 0 0 0 0
<303372> <hasFamilyHistory_familyRelationDegree> <Second_Degree> 0 0 0 0
<6317276> <hasFamilyHistory_familyRelationDegree> <Female_First_Degree> 0 0 0 0
<513711> <hasFamilyHistory_familyRelationDegree> <Female_First_Degree> 0 0 0 0
<707677> <hasFamilyHistory_familyRelationDegree> <First_Degree> 0 0 0 0
<409898> <hasFamilyHistory_familyRelationDegree> <Male_First_Degree> 0 0 0 0
<2507360> <hasFamilyHistory_familyRelationDegree> <First_Degree> 0 0 0 0
<514399> <hasFamilyHistory_familyRelationDegree> <Female_First_Degree> 0 0 0 0
<101737> <hasFamilyHistory_familyRelationDegree> <First_Degree> 0 0 0 0
<4611773> <hasFamilyHistory_familyRelationDegree> <First_Degree> 0 0 0 0
<2911369> <hasFamilyHistory_familyRelationDegree> <UNK> 0 0 0 0
<203399> <hasFamilyHistory_familyRelationDegree> <Male_First_Degree> 0 0 0 0
<507356> <hasFamilyHistory_familyRelationDegree> <Third_Degree> 0 0 0 0
<513716> <hasFamilyHistory_familyRelationDegree> <Second_Degree> 0 0 0 0
<1300801> <hasFamilyHistory_familyRelationDegree> <Female_Second_Degree> 0 0 0 0
<2305017> <hasFamilyHistory_familyRelationDegree> <First_Degree> 0 0 0 0
<1213088> <hasFamilyHistory_familyRelationDegree> <Female_First_Degree> 0 0 0 0
<204938> <hasFamilyHistory_familyRelationDegree> <Male_First_Degree> 0 0 0 0
<702911> <hasFamilyHistory_familyRelationDegree> <First_Degree> 0 0 0 0
<6316681> <hasFamilyHistory_familyRelationDegree> <Male_First_Degree> 0 0 0 0
<2505256> <hasFamilyHistory_familyRelationDegree> <Female_First_Degree> 0 0 0 0
<512963> <hasFamilyHistory_familyRelationDegree> <Male_First_Degree> 0 0 0 0
<2810548> <hasFamilyHistory_familyRelationDegree> <Male_First_Degree> 0 0 0 0
<509051> <hasFamilyHistory_familyRelationDegree> <Male_First_Degree> 0 0 0 0
<304778> <hasFamilyHistory_familyRelationDegree> <Second_Degree> 0 0 0 0
<512770> <hasFamilyHistory_familyRelationDegree> <Male_First_Degree> 0 0 0 0
<1503608> <hasFamilyHistory_familyRelationDegree> <Female_First_Degree> 0 0 0 0
<1509690> <hasFamilyHistory_familyRelationDegree> <First_Degree> 0 0 0 0
<513691> <hasFamilyHistory_familyRelationDegree> <Second_Degree> 0 0 0 0
<2304881> <hasFamilyHistory_familyRelationDegree> <Male_Second_Degree> 0 0 0 0
<514076> <hasFamilyHistory_familyRelationDegree> <Male_First_Degree> 0 0 0 0
<1303775> <hasFamilyHistory_familyRelationDegree> <Second_Degree> 0 0 0 0
<3007072> <hasFamilyHistory_familyRelationDegree> <Third_Degree> 0 0 0 0
<417424> <hasFamilyHistory_familyRelationDegree> <First_Degree> 0 0 0 0
<4611770> <hasFamilyHistory_familyRelationDegree> <First_Degree> 0 0 0 0
<2902522> <hasFamilyHistory_familyRelationDegree> <Female_Second_Degree> 0 0 0 0
<512965> <hasFamilyHistory_familyRelationDegree> <Female_First_Degree> 0 0 0 0
<217328> <hasFamilyHistory_familyRelationDegree> <Second_Degree> 0 0 0 0
<513884> <hasFamilyHistory_familyRelationDegree> <Male_Second_Degree> 0 0 0 0
<7000349> <hasFamilyHistory_familyRelationDegree> <Female_First_Degree> 0 0 0 0
<1306191> <hasFamilyHistory_familyRelationDegree> <First_Degree> 0 0 0 0
<1310779> <hasFamilyHistory_familyRelationDegree> <Male_First_Degree> 0 0 0 0
<2917359> <hasFamilyHistory_familyRelationDegree> <Second_Degree> 0 0 0 0
<1509579> <hasFamilyHistory_familyRelationDegree> <Second_Degree> 0 0 0 0
<416964> <hasFamilyHistory_familyRelationDegree> <Male_Second_Degree> 0 0 0 0
<108162> <hasFamilyHistory_familyRelationDegree> <Male_First_Degree> 0 0 0 0
<5316254> <hasFamilyHistory_familyRelationDegree> <Female_First_Degree> 0 0 0 0
<15706420> <hasFamilyHistory_familyRelationDegree> <First_Degree> 0 0 0 0
<6311646> <hasFamilyHistory_familyRelationDegree> <Male_First_Degree> 0 0 0 0
<512754> <hasFamilyHistory_familyRelationDegree> <First_Degree> 0 0 0 0
<300335> <hasFamilyHistory_familyRelationDegree> <First_Degree> 0 0 0 0
<1504007> <hasFamilyHistory_familyRelationDegree> <Third_Degree> 0 0 0 0
<1509494> <hasFamilyHistory_familyRelationDegree> <Male_First_Degree> 0 0 0 0
<3305155> <hasFamilyHistory_familyRelationDegree> <First_Degree> 0 0 0 0
<516182> <hasFamilyHistory_familyRelationDegree> <First_Degree> 0 0 0 0
<1501048> <hasFamilyHistory_familyRelationDegree> <First_Degree> 0 0 0 0
<300347> <hasFamilyHistory_familyRelationDegree> <First_Degree> 0 0 0 0
<508157> <hasFamilyHistory_familyRelationDegree> <Male_First_Degree> 0 0 0 0
<3804704> <hasFamilyHistory_familyRelationDegree> <Female_First_Degree> 0 0 0 0
<4607094> <hasFamilyHistory_familyRelationDegree> <Male_First_Degree> 0 0 0 0
<503101> <hasFamilyHistory_familyRelationDegree> <Male_First_Degree> 0 0 0 0
<1300616> <hasFamilyHistory_familyRelationDegree> <First_Degree> 0 0 0 0
<301092> <hasFamilyHistory_familyRelationDegree> <Second_Degree> 0 0 0 0
<2903115> <hasFamilyHistory_familyRelationDegree> <First_Degree> 0 0 0 0
<3712382> <hasFamilyHistory_familyRelationDegree> <First_Degree> 0 0 0 0
<411548> <hasFamilyHistory_familyRelationDegree> <Female_First_Degree> 0 0 0 0
<11312166> <hasFamilyHistory_familyRelationDegree> <Female_First_Degree> 0 0 0 0
<3507413> <hasFamilyHistory_familyRelationDegree> <First_Degree> 0 0 0 0
<1509160> <hasFamilyHistory_familyRelationDegree> <First_Degree> 0 0 0 0
<3510861> <hasFamilyHistory_familyRelationDegree> <Male_Second_Degree> 0 0 0 0
<1306711> <hasFamilyHistory_familyRelationDegree> <Male_First_Degree> 0 0 0 0
<1510117> <hasFamilyHistory_familyRelationDegree> <First_Degree> 0 0 0 0
<2309807> <hasFamilyHistory_familyRelationDegree> <First_Degree> 0 0 0 0
<1503661> <hasFamilyHistory_familyRelationDegree> <First_Degree> 0 0 0 0
<507888> <hasFamilyHistory_familyRelationDegree> <First_Degree> 0 0 0 0
<201604> <hasFamilyHistory_familyRelationDegree> <First_Degree> 0 0 0 0
<15709796> <hasFamilyHistory_familyRelationDegree> <First_Degree> 0 0 0 0
<508988> <hasFamilyHistory_familyRelationDegree> <Male_First_Degree> 0 0 0 0
<15706832> <hasFamilyHistory_familyRelationDegree> <First_Degree> 0 0 0 0
<11313931> <hasFamilyHistory_familyRelationDegree> <First_Degree> 0 0 0 0
<4614564> <hasFamilyHistory_familyRelationDegree> <Female_First_Degree> 0 0 0 0
<201865> <hasFamilyHistory_familyRelationDegree> <Female_First_Degree> 0 0 0 0
<1511158> <hasFamilyHistory_familyRelationDegree> <Female_First_Degree> 0 0 0 0
<10607301> <hasFamilyHistory_familyRelationDegree> <Male_Second_Degree> 0 0 0 0
<1214799> <hasFamilyHistory_familyRelationDegree> <Male_First_Degree> 0 0 0 0
<516262> <hasFamilyHistory_familyRelationDegree> <First_Degree> 0 0 0 0
<4313325> <hasFamilyHistory_familyRelationDegree> <Female_First_Degree> 0 0 0 0
<416406> <hasFamilyHistory_familyRelationDegree> <First_Degree> 0 0 0 0
<1509559> <hasFamilyHistory_familyRelationDegree> <First_Degree> 0 0 0 0
<2107767> <hasFamilyHistory_familyRelationDegree> <Male_First_Degree> 0 0 0 0
<4910856> <hasFamilyHistory_familyRelationDegree> <First_Degree> 0 0 0 0
<11317521> <hasFamilyHistory_familyRelationDegree> <Male_First_Degree> 0 0 0 0
<15700157> <hasFamilyHistory_familyRelationDegree> <First_Degree> 0 0 0 0
<409600> <hasFamilyHistory_familyRelationDegree> <Female_First_Degree> 0 0 0 0
<307595> <hasFamilyHistory_familyRelationDegree> <Female_First_Degree> 0 0 0 0
<2306769> <hasFamilyHistory_familyRelationDegree> <Female_First_Degree> 0 0 0 0
<211879> <hasFamilyHistory_familyRelationDegree> <Female_First_Degree> 0 0 0 0
<513692> <hasFamilyHistory_familyRelationDegree> <Female_First_Degree> 0 0 0 0
<108135> <hasFamilyHistory_familyRelationDegree> <Female_First_Degree> 0 0 0 0
<1516250> <hasFamilyHistory_familyRelationDegree> <First_Degree> 0 0 0 0
<513536> <hasFamilyHistory_familyRelationDegree> <First_Degree> 0 0 0 0
<2916083> <hasFamilyHistory_familyRelationDegree> <Female_First_Degree> 0 0 0 0
<6305100> <hasFamilyHistory_familyRelationDegree> <Female_First_Degree> 0 0 0 0
<1213445> <hasFamilyHistory_familyRelationDegree> <Male_Second_Degree> 0 0 0 0
<5313955> <hasFamilyHistory_familyRelationDegree> <First_Degree> 0 0 0 0
<214208> <hasFamilyHistory_familyRelationDegree> <Male_First_Degree> 0 0 0 0
<4313997> <hasFamilyHistory_familyRelationDegree> <Male_First_Degree> 0 0 0 0
<5106561> <hasFamilyHistory_familyRelationDegree> <Male_First_Degree> 0 0 0 0
<5106366> <hasFamilyHistory_familyRelationDegree> <First_Degree> 0 0 0 0
<4605311> <hasFamilyHistory_familyRelationDegree> <Female_First_Degree> 0 0 0 0
<2804386> <hasFamilyHistory_familyRelationDegree> <Male_First_Degree> 0 0 0 0
<2304935> <hasFamilyHistory_familyRelationDegree> <Second_Degree> 0 0 0 0
<1505050> <hasFamilyHistory_familyRelationDegree> <Female_First_Degree> 0 0 0 0
<17713924> <hasFamilyHistory_familyRelationDegree> <Female_First_Degree> 0 0 0 0
<110129> <hasFamilyHistory_familyRelationDegree> <Third_Degree> 0 0 0 0
<1300791> <hasFamilyHistory_familyRelationDegree> <First_Degree> 0 0 0 0
<2305154> <hasFamilyHistory_familyRelationDegree> <Male_First_Degree> 0 0 0 0
<1306863> <hasFamilyHistory_familyRelationDegree> <Female_First_Degree> 0 0 0 0
<1512936> <hasFamilyHistory_familyRelationDegree> <First_Degree> 0 0 0 0
<2310802> <hasFamilyHistory_familyRelationDegree> <Male_First_Degree> 0 0 0 0
<415880> <hasFamilyHistory_familyRelationDegree> <Second_Degree> 0 0 0 0
<10606315> <hasFamilyHistory_familyRelationDegree> <Second_Degree> 0 0 0 0
<5116773> <hasFamilyHistory_familyRelationDegree> <First_Degree> 0 0 0 0
<2108760> <hasFamilyHistory_familyRelationDegree> <First_Degree> 0 0 0 0
<417458> <hasFamilyHistory_familyRelationDegree> <First_Degree> 0 0 0 0
<1214199> <hasFamilyHistory_familyRelationDegree> <First_Degree> 0 0 0 0
<2310246> <hasFamilyHistory_familyRelationDegree> <First_Degree> 0 0 0 0
<5116773> <hasFamilyHistory_familyRelationDegree> <Female_First_Degree> 0 0 0 0
<1300683> <hasFamilyHistory_familyRelationDegree> <Male_First_Degree> 0 0 0 0
<209239> <hasFamilyHistory_familyRelationDegree> <First_Degree> 0 0 0 0
<5115288> <hasFamilyHistory_familyRelationDegree> <First_Degree> 0 0 0 0
<503298> <hasFamilyHistory_familyRelationDegree> <First_Degree> 0 0 0 0
<1505045> <hasFamilyHistory_familyRelationDegree> <First_Degree> 0 0 0 0
<508558> <hasFamilyHistory_familyRelationDegree> <Second_Degree> 0 0 0 0
<2303796> <hasFamilyHistory_familyRelationDegree> <First_Degree> 0 0 0 0
<2303333> <hasFamilyHistory_familyRelationDegree> <Second_Degree> 0 0 0 0
<514361> <hasFamilyHistory_familyRelationDegree> <Male_First_Degree> 0 0 0 0
<211707> <hasFamilyHistory_familyRelationDegree> <Male_Second_Degree> 0 0 0 0
<514137> <hasFamilyHistory_familyRelationDegree> <First_Degree> 0 0 0 0
<513075> <hasFamilyHistory_familyRelationDegree> <First_Degree> 0 0 0 0
<412737> <hasFamilyHistory_familyRelationDegree> <First_Degree> 0 0 0 0
<508494> <hasFamilyHistory_familyRelationDegree> <Male_First_Degree> 0 0 0 0
<503869> <hasFamilyHistory_familyRelationDegree> <Male_First_Degree> 0 0 0 0
<4605945> <hasFamilyHistory_familyRelationDegree> <First_Degree> 0 0 0 0
<313032> <hasFamilyHistory_familyRelationDegree> <Female_First_Degree> 0 0 0 0
<508116> <hasFamilyHistory_familyRelationDegree> <Male_First_Degree> 0 0 0 0
<11312078> <hasFamilyHistory_familyRelationDegree> <Male_First_Degree> 0 0 0 0
<1302932> <hasFamilyHistory_familyRelationDegree> <Male_First_Degree> 0 0 0 0
<3507691> <hasFamilyHistory_familyRelationDegree> <Female_First_Degree> 0 0 0 0
<3315431> <hasFamilyHistory_familyRelationDegree> <Female_First_Degree> 0 0 0 0
<2302883> <hasFamilyHistory_familyRelationDegree> <Female_First_Degree> 0 0 0 0
<210478> <hasFamilyHistory_familyRelationDegree> <Female_First_Degree> 0 0 0 0
<15700248> <hasFamilyHistory_familyRelationDegree> <Female_First_Degree> 0 0 0 0
<10602413> <hasFamilyHistory_familyRelationDegree> <Female_First_Degree> 0 0 0 0
<209327> <hasFamilyHistory_familyRelationDegree> <First_Degree> 0 0 0 0
<204557> <hasFamilyHistory_familyRelationDegree> <Male_First_Degree> 0 0 0 0
<3405289> <hasFamilyHistory_familyRelationDegree> <Male_First_Degree> 0 0 0 0
<15706838> <hasFamilyHistory_familyRelationDegree> <Male_First_Degree> 0 0 0 0
<1504487> <hasFamilyHistory_familyRelationDegree> <Male_First_Degree> 0 0 0 0
<1300384> <hasFamilyHistory_familyRelationDegree> <Male_First_Degree> 0 0 0 0
<101802> <hasFamilyHistory_familyRelationDegree> <Male_First_Degree> 0 0 0 0
<203280> <hasFamilyHistory_familyRelationDegree> <First_Degree> 0 0 0 0
<201561> <hasFamilyHistory_familyRelationDegree> <Male_First_Degree> 0 0 0 0
<417281> <hasFamilyHistory_familyRelationDegree> <First_Degree> 0 0 0 0
<415777> <hasFamilyHistory_familyRelationDegree> <First_Degree> 0 0 0 0
<305494> <hasFamilyHistory_familyRelationDegree> <Female_First_Degree> 0 0 0 0
<3708936> <hasFamilyHistory_familyRelationDegree> <Female_First_Degree> 0 0 0 0
<4601116> <hasFamilyHistory_familyRelationDegree> <Male_First_Degree> 0 0 0 0
<2917314> <hasFamilyHistory_familyRelationDegree> <First_Degree> 0 0 0 0
<11312877> <hasFamilyHistory_familyRelationDegree> <Male_First_Degree> 0 0 0 0
<1306371> <hasFamilyHistory_familyRelationDegree> <First_Degree> 0 0 0 0
<206152> <hasFamilyHistory_familyRelationDegree> <First_Degree> 0 0 0 0
<2307993> <hasFamilyHistory_familyRelationDegree> <Female_First_Degree> 0 0 0 0
<3704400> <hasFamilyHistory_familyRelationDegree> <Male_First_Degree> 0 0 0 0
<3812436> <hasFamilyHistory_familyRelationDegree> <First_Degree> 0 0 0 0
<2311939> <hasFamilyHistory_familyRelationDegree> <Male_First_Degree> 0 0 0 0
<102352> <hasFamilyHistory_familyRelationDegree> <First_Degree> 0 0 0 0
<3505622> <hasFamilyHistory_familyRelationDegree> <Female_First_Degree> 0 0 0 0
<109545> <hasFamilyHistory_familyRelationDegree> <First_Degree> 0 0 0 0
<3716092> <hasFamilyHistory_familyRelationDegree> <Male_First_Degree> 0 0 0 0
<109831> <hasFamilyHistory_familyRelationDegree> <Male_First_Degree> 0 0 0 0
<109393> <hasFamilyHistory_familyRelationDegree> <Female_First_Degree> 0 0 0 0
<2300919> <hasFamilyHistory_familyRelationDegree> <Male_First_Degree> 0 0 0 0
<501280> <hasFamilyHistory_familyRelationDegree> <Male_First_Degree> 0 0 0 0
<2301149> <hasFamilyHistory_familyRelationDegree> <Male_First_Degree> 0 0 0 0
<5111776> <hasFamilyHistory_familyRelationDegree> <First_Degree> 0 0 0 0
<417428> <hasFamilyHistory_familyRelationDegree> <First_Degree> 0 0 0 0
<316454> <hasFamilyHistory_familyRelationDegree> <Male_First_Degree> 0 0 0 0
<202107> <hasFamilyHistory_familyRelationDegree> <Male_First_Degree> 0 0 0 0
<1300378> <hasFamilyHistory_familyRelationDegree> <Male_First_Degree> 0 0 0 0
<409920> <hasFamilyHistory_familyRelationDegree> <First_Degree> 0 0 0 0
<1503443> <hasFamilyHistory_familyRelationDegree> <Male_First_Degree> 0 0 0 0
<202310> <hasFamilyHistory_familyRelationDegree> <First_Degree> 0 0 0 0
<1300452> <hasFamilyHistory_familyRelationDegree> <First_Degree> 0 0 0 0
<210437> <hasFamilyHistory_familyRelationDegree> <First_Degree> 0 0 0 0
<11312217> <hasFamilyHistory_familyRelationDegree> <Male_Second_Degree> 0 0 0 0
<1310340> <hasFamilyHistory_familyRelationDegree> <Male_First_Degree> 0 0 0 0
<3317015> <hasFamilyHistory_familyRelationDegree> <Male_First_Degree> 0 0 0 0
<201925> <hasFamilyHistory_familyRelationDegree> <Male_Second_Degree> 0 0 0 0
<11405903> <hasFamilyHistory_familyRelationDegree> <Female_First_Degree> 0 0 0 0
<1509579> <hasFamilyHistory_familyRelationDegree> <First_Degree> 0 0 0 0
<15701720> <hasFamilyHistory_familyRelationDegree> <First_Degree> 0 0 0 0
<1312826> <hasFamilyHistory_familyRelationDegree> <First_Degree> 0 0 0 0
<1301672> <hasFamilyHistory_familyRelationDegree> <Male_First_Degree> 0 0 0 0
<206235> <hasFamilyHistory_familyRelationDegree> <Male_Second_Degree> 0 0 0 0
<7110333> <hasFamilyHistory_familyRelationDegree> <First_Degree> 0 0 0 0
<2813854> <hasFamilyHistory_familyRelationDegree> <Third_Degree> 0 0 0 0
<5102777> <hasFamilyHistory_familyRelationDegree> <Second_Degree> 0 0 0 0
<2917464> <hasFamilyHistory_familyRelationDegree> <First_Degree> 0 0 0 0
<2100778> <hasFamilyHistory_familyRelationDegree> <Male_First_Degree> 0 0 0 0
<508433> <hasFamilyHistory_familyRelationDegree> <First_Degree> 0 0 0 0
