<15700163> <hasCarcinogen_hasCarcinogenType> <Dyes> 0 0 0 0
<2302933> <hasCarcinogen_hasCarcinogenType> <Others> 1 1 1 1
<417107> <hasCarcinogen_hasCarcinogenType> <Asbestos_related> 0 0 0 0
<4604116> <hasCarcinogen_hasCarcinogenType> <Acrylonitrile_%28plastic%29> 0 0 0 0
<12914697> <hasCarcinogen_hasCarcinogenType> <Dyes> 0 0 0 0
<1516283> <hasCarcinogen_hasCarcinogenType> <Others> 1 1 1 1
<15700986> <hasCarcinogen_hasCarcinogenType> <Asbestos_related> 0 0 0 0
<108003> <hasCarcinogen_hasCarcinogenType> <Asbestos_related> 0 0 0 0
<104497> <hasCarcinogen_hasCarcinogenType> <Others> 1 1 1 1
<2307995> <hasCarcinogen_hasCarcinogenType> <Asbestos_related> 0 0 0 0
<1300814> <hasCarcinogen_hasCarcinogenType> <Others> 0 0 0 0
<5104449> <hasCarcinogen_hasCarcinogenType> <Diesel_engine_smoke> 0 0 0 0
<5105099> <hasCarcinogen_hasCarcinogenType> <Asbestos_related> 0 0 0 0
<3703282> <hasCarcinogen_hasCarcinogenType> <Others> 1 1 1 1
<15717531> <hasCarcinogen_hasCarcinogenType> <Others> 0 0 0 0
<5106541> <hasCarcinogen_hasCarcinogenType> <Diesel_engine_smoke> 0 0 0 0
<4601116> <hasCarcinogen_hasCarcinogenType> <Paints> 0 0 0 0
<15709776> <hasCarcinogen_hasCarcinogenType> <Others> 0 0 0 0
<15706417> <hasCarcinogen_hasCarcinogenType> <Others> 1 1 1 1
<1306173> <hasCarcinogen_hasCarcinogenType> <Others> 0 0 0 0
<3507607> <hasCarcinogen_hasCarcinogenType> <Others> 1 1 1 1
<101944> <hasCarcinogen_hasCarcinogenType> <Asbestos_related> 0 0 0 0
<5104274> <hasCarcinogen_hasCarcinogenType> <Paints> 0 0 0 0
<707696> <hasCarcinogen_hasCarcinogenType> <Asbestos_related> 0 0 0 0
<2305268> <hasCarcinogen_hasCarcinogenType> <Others> 1 1 1 1
<9407640> <hasCarcinogen_hasCarcinogenType> <Paints> 0 0 0 0
<2905792> <hasCarcinogen_hasCarcinogenType> <Others> 1 1 1 1
<300289> <hasCarcinogen_hasCarcinogenType> <Others> 0 0 0 0
<9803105> <hasCarcinogen_hasCarcinogenType> <Others> 1 1 1 1
<5117583> <hasCarcinogen_hasCarcinogenType> <Asbestos_related> 0 0 0 0
<2102853> <hasCarcinogen_hasCarcinogenType> <Asbestos_related> 0 0 0 0
<1500959> <hasCarcinogen_hasCarcinogenType> <Others> 0 0 0 0
<5103668> <hasCarcinogen_hasCarcinogenType> <Asbestos_related> 0 0 0 0
<5315471> <hasCarcinogen_hasCarcinogenType> <Others> 0 0 0 0
<5112917> <hasCarcinogen_hasCarcinogenType> <Others> 1 1 1 1
<6312905> <hasCarcinogen_hasCarcinogenType> <Asbestos_related> 0 0 0 0
<2304322> <hasCarcinogen_hasCarcinogenType> <Others> 1 1 1 1
<5501808> <hasCarcinogen_hasCarcinogenType> <Paints> 0 0 0 0
<212569> <hasCarcinogen_hasCarcinogenType> <Asbestos_related> 0 0 0 0
<6402699> <hasCarcinogen_hasCarcinogenType> <Asbestos_related> 0 0 0 0
<3408102> <hasCarcinogen_hasCarcinogenType> <Diesel_engine_smoke> 0 0 0 0
<503960> <hasCarcinogen_hasCarcinogenType> <Others> 0 0 0 0
<305239> <hasCarcinogen_hasCarcinogenType> <Others> 1 1 1 1
<2917503> <hasCarcinogen_hasCarcinogenType> <Others> 1 1 1 1
<109400> <hasCarcinogen_hasCarcinogenType> <Others> 1 1 1 1
<2917301> <hasCarcinogen_hasCarcinogenType> <Others> 1 1 1 1
<1511189> <hasCarcinogen_hasCarcinogenType> <Others> 1 1 1 1
<11317180> <hasCarcinogen_hasCarcinogenType> <Others> 1 1 1 1
<202493> <hasCarcinogen_hasCarcinogenType> <Paints> 0 0 0 0
<311758> <hasCarcinogen_hasCarcinogenType> <Diesel_engine_smoke> 0 0 0 0
<3704576> <hasCarcinogen_hasCarcinogenType> <Silica> 0 0 0 0
<11911234> <hasCarcinogen_hasCarcinogenType> <Silica> 0 0 0 0
<1300496> <hasCarcinogen_hasCarcinogenType> <Paints> 0 0 0 0
<2102865> <hasCarcinogen_hasCarcinogenType> <Others> 1 1 1 1
<2304860> <hasCarcinogen_hasCarcinogenType> <Others> 1 1 1 1
<3006405> <hasCarcinogen_hasCarcinogenType> <Paints> 0 0 0 0
<202033> <hasCarcinogen_hasCarcinogenType> <Asbestos_related> 0 0 0 0
<1516826> <hasCarcinogen_hasCarcinogenType> <Others> 0 0 0 0
<2307993> <hasCarcinogen_hasCarcinogenType> <Others> 1 1 1 1
<305227> <hasCarcinogen_hasCarcinogenType> <Paints> 0 0 0 0
<4604109> <hasCarcinogen_hasCarcinogenType> <Others> 0 0 0 0
<4604111> <hasCarcinogen_hasCarcinogenType> <Paints> 0 0 0 0
<5104729> <hasCarcinogen_hasCarcinogenType> <Paints> 0 0 0 0
<2300059> <hasCarcinogen_hasCarcinogenType> <Others> 1 1 1 1
<10611835> <hasCarcinogen_hasCarcinogenType> <Radon> 0 0 0 0
<1510117> <hasCarcinogen_hasCarcinogenType> <Others> 1 1 1 1
<3001046> <hasCarcinogen_hasCarcinogenType> <Dyes> 0 0 0 0
<407636> <hasCarcinogen_hasCarcinogenType> <Dyes> 0 0 0 0
<309890> <hasCarcinogen_hasCarcinogenType> <Others> 1 1 1 1
<15703032> <hasCarcinogen_hasCarcinogenType> <Diesel_engine_smoke> 0 0 0 0
<1517469> <hasCarcinogen_hasCarcinogenType> <Others> 1 1 1 1
<3704636> <hasCarcinogen_hasCarcinogenType> <Asbestos_related> 0 0 0 0
<2902458> <hasCarcinogen_hasCarcinogenType> <Others> 0 0 0 0
<2308773> <hasCarcinogen_hasCarcinogenType> <Asbestos_related> 0 0 0 0
<2311857> <hasCarcinogen_hasCarcinogenType> <Others> 1 1 1 1
<1306378> <hasCarcinogen_hasCarcinogenType> <Others> 1 1 1 1
<5104033> <hasCarcinogen_hasCarcinogenType> <Others> 1 1 1 1
<5106960> <hasCarcinogen_hasCarcinogenType> <Others> 1 1 1 1
<1306799> <hasCarcinogen_hasCarcinogenType> <Diesel_engine_smoke> 0 0 0 0
<210444> <hasCarcinogen_hasCarcinogenType> <Paints> 0 0 0 0
<1305789> <hasCarcinogen_hasCarcinogenType> <Others> 0 0 0 0
<5115704> <hasCarcinogen_hasCarcinogenType> <Dyes> 0 0 0 0
<3709476> <hasCarcinogen_hasCarcinogenType> <Radon> 0 0 0 0
<1305676> <hasCarcinogen_hasCarcinogenType> <Diesel_engine_smoke> 0 0 0 0
<2312886> <hasCarcinogen_hasCarcinogenType> <Asbestos_related> 0 0 0 0
<416951> <hasCarcinogen_hasCarcinogenType> <Asbestos_related> 0 0 0 0
<3000701> <hasCarcinogen_hasCarcinogenType> <Dyes> 0 0 0 0
<3804872> <hasCarcinogen_hasCarcinogenType> <Dyes> 0 0 0 0
<503442> <hasCarcinogen_hasCarcinogenType> <Others> 0 0 0 0
<5115623> <hasCarcinogen_hasCarcinogenType> <Asbestos_related> 0 0 0 0
<2305371> <hasCarcinogen_hasCarcinogenType> <Others> 1 1 1 1
<15709471> <hasCarcinogen_hasCarcinogenType> <Others> 0 0 0 0
<3702950> <hasCarcinogen_hasCarcinogenType> <Asbestos_related> 0 0 0 0
<4201534> <hasCarcinogen_hasCarcinogenType> <Others> 1 1 1 1
<2305272> <hasCarcinogen_hasCarcinogenType> <Others> 1 1 1 1
<2312694> <hasCarcinogen_hasCarcinogenType> <Related_to_Arsenic> 1 1 1 1
<15706871> <hasCarcinogen_hasCarcinogenType> <Silica> 0 0 0 0
<3704644> <hasCarcinogen_hasCarcinogenType> <Silica> 0 0 0 0
<3712400> <hasCarcinogen_hasCarcinogenType> <Silica> 0 0 0 0
