<109398> <hasDiagnosis_has_SynchronousTumor_OrNot> <No> 1 1 1 1
<11312309> <hasDiagnosis_has_SynchronousTumor_OrNot> <No> 1 1 1 1
<11911300> <hasDiagnosis_has_SynchronousTumor_OrNot> <No> 1 1 1 1
<1215000> <hasDiagnosis_has_SynchronousTumor_OrNot> <No> 1 1 1 1
<1215702> <hasDiagnosis_has_SynchronousTumor_OrNot> <No> 1 1 1 1
<112498> <hasDiagnosis_has_SynchronousTumor_OrNot> <No> 1 1 1 1
<109746> <hasDiagnosis_has_SynchronousTumor_OrNot> <No> 1 1 1 1
<1216679> <hasDiagnosis_has_SynchronousTumor_OrNot> <No> 1 1 1 1
<12914944> <hasDiagnosis_has_SynchronousTumor_OrNot> <No> 1 1 1 1
<1315449> <hasDiagnosis_has_SynchronousTumor_OrNot> <No> 1 1 1 1
<1511104> <hasDiagnosis_has_SynchronousTumor_OrNot> <No> 1 1 1 1
<15715004> <hasDiagnosis_has_SynchronousTumor_OrNot> <No> 1 1 1 1
<15717531> <hasDiagnosis_has_SynchronousTumor_OrNot> <No> 1 1 1 1
<10816929> <hasDiagnosis_has_SynchronousTumor_OrNot> <No> 1 1 1 1
<11312885> <hasDiagnosis_has_SynchronousTumor_OrNot> <Yes> 0 0 0 0
<12913803> <hasDiagnosis_has_SynchronousTumor_OrNot> <No> 1 1 1 1
<1310302> <hasDiagnosis_has_SynchronousTumor_OrNot> <No> 1 1 1 1
<1213669> <hasDiagnosis_has_SynchronousTumor_OrNot> <No> 1 1 1 1
<1315170> <hasDiagnosis_has_SynchronousTumor_OrNot> <No> 0 0 0 0
<11312639> <hasDiagnosis_has_SynchronousTumor_OrNot> <No> 1 1 1 1
<1314668> <hasDiagnosis_has_SynchronousTumor_OrNot> <No> 1 1 1 1
<211469> <hasDiagnosis_has_SynchronousTumor_OrNot> <No> 1 1 1 1
<211874> <hasDiagnosis_has_SynchronousTumor_OrNot> <No> 0 0 0 0
<213331> <hasDiagnosis_has_SynchronousTumor_OrNot> <No> 1 1 1 1
<2309220> <hasDiagnosis_has_SynchronousTumor_OrNot> <No> 1 1 1 1
<2310407> <hasDiagnosis_has_SynchronousTumor_OrNot> <No> 0 0 0 0
<2812360> <hasDiagnosis_has_SynchronousTumor_OrNot> <No> 1 1 1 1
<1315484> <hasDiagnosis_has_SynchronousTumor_OrNot> <No> 1 1 1 1
<1316043> <hasDiagnosis_has_SynchronousTumor_OrNot> <No> 1 1 1 1
<11313618> <hasDiagnosis_has_SynchronousTumor_OrNot> <Yes> 0 0 0 0
<217051> <hasDiagnosis_has_SynchronousTumor_OrNot> <No> 1 1 1 1
<2809179> <hasDiagnosis_has_SynchronousTumor_OrNot> <No> 1 1 1 1
<1312800> <hasDiagnosis_has_SynchronousTumor_OrNot> <No> 1 1 1 1
<109578> <hasDiagnosis_has_SynchronousTumor_OrNot> <No> 1 1 1 1
<1310426> <hasDiagnosis_has_SynchronousTumor_OrNot> <No> 1 1 1 1
<1315395> <hasDiagnosis_has_SynchronousTumor_OrNot> <No> 1 1 1 1
<1314670> <hasDiagnosis_has_SynchronousTumor_OrNot> <No> 0 0 0 0
<12914462> <hasDiagnosis_has_SynchronousTumor_OrNot> <No> 1 1 1 1
<1315432> <hasDiagnosis_has_SynchronousTumor_OrNot> <No> 1 1 1 1
<12914766> <hasDiagnosis_has_SynchronousTumor_OrNot> <No> 1 1 1 1
<1315656> <hasDiagnosis_has_SynchronousTumor_OrNot> <No> 1 1 1 1
<1513048> <hasDiagnosis_has_SynchronousTumor_OrNot> <No> 1 1 1 1
<209278> <hasDiagnosis_has_SynchronousTumor_OrNot> <No> 1 1 1 1
<2911662> <hasDiagnosis_has_SynchronousTumor_OrNot> <No> 1 1 1 1
<314396> <hasDiagnosis_has_SynchronousTumor_OrNot> <No> 1 1 1 1
<316788> <hasDiagnosis_has_SynchronousTumor_OrNot> <No> 1 1 1 1
<409433> <hasDiagnosis_has_SynchronousTumor_OrNot> <No> 1 1 1 1
<409900> <hasDiagnosis_has_SynchronousTumor_OrNot> <No> 1 1 1 1
<211154> <hasDiagnosis_has_SynchronousTumor_OrNot> <No> 1 1 1 1
<2917476> <hasDiagnosis_has_SynchronousTumor_OrNot> <No> 1 1 1 1
<2815557> <hasDiagnosis_has_SynchronousTumor_OrNot> <No> 1 1 1 1
<10612207> <hasDiagnosis_has_SynchronousTumor_OrNot> <No> 1 1 1 1
<11312889> <hasDiagnosis_has_SynchronousTumor_OrNot> <No> 1 1 1 1
<2811500> <hasDiagnosis_has_SynchronousTumor_OrNot> <No> 1 1 1 1
<1315290> <hasDiagnosis_has_SynchronousTumor_OrNot> <No> 0 0 0 0
<17713904> <hasDiagnosis_has_SynchronousTumor_OrNot> <No> 1 1 1 1
<214824> <hasDiagnosis_has_SynchronousTumor_OrNot> <No> 0 0 0 0
<12914394> <hasDiagnosis_has_SynchronousTumor_OrNot> <No> 1 1 1 1
<1314729> <hasDiagnosis_has_SynchronousTumor_OrNot> <No> 0 0 0 0
<1315236> <hasDiagnosis_has_SynchronousTumor_OrNot> <No> 0 0 0 0
<1509313> <hasDiagnosis_has_SynchronousTumor_OrNot> <No> 1 1 1 1
<14715531> <hasDiagnosis_has_SynchronousTumor_OrNot> <No> 1 1 1 1
<12913756> <hasDiagnosis_has_SynchronousTumor_OrNot> <No> 1 1 1 1
<3511291> <hasDiagnosis_has_SynchronousTumor_OrNot> <No> 0 0 0 0
<3309820> <hasDiagnosis_has_SynchronousTumor_OrNot> <No> 1 1 1 1
<210161> <hasDiagnosis_has_SynchronousTumor_OrNot> <No> 1 1 1 1
<2812344> <hasDiagnosis_has_SynchronousTumor_OrNot> <No> 1 1 1 1
<1213217> <hasDiagnosis_has_SynchronousTumor_OrNot> <No> 1 1 1 1
<1213683> <hasDiagnosis_has_SynchronousTumor_OrNot> <No> 1 1 1 1
<10815371> <hasDiagnosis_has_SynchronousTumor_OrNot> <No> 1 1 1 1
<2312212> <hasDiagnosis_has_SynchronousTumor_OrNot> <No> 1 1 1 1
<1513050> <hasDiagnosis_has_SynchronousTumor_OrNot> <No> 0 0 0 0
<1511164> <hasDiagnosis_has_SynchronousTumor_OrNot> <No> 0 0 0 0
<1009273> <hasDiagnosis_has_SynchronousTumor_OrNot> <No> 1 1 1 1
<15709814> <hasDiagnosis_has_SynchronousTumor_OrNot> <No> 1 1 1 1
<1511205> <hasDiagnosis_has_SynchronousTumor_OrNot> <No> 1 1 1 1
<1215068> <hasDiagnosis_has_SynchronousTumor_OrNot> <No> 1 1 1 1
<416056> <hasDiagnosis_has_SynchronousTumor_OrNot> <No> 1 1 1 1
<4910800> <hasDiagnosis_has_SynchronousTumor_OrNot> <No> 1 1 1 1
<11313715> <hasDiagnosis_has_SynchronousTumor_OrNot> <No> 1 1 1 1
<15714631> <hasDiagnosis_has_SynchronousTumor_OrNot> <No> 1 1 1 1
<109715> <hasDiagnosis_has_SynchronousTumor_OrNot> <No> 1 1 1 1
<2911370> <hasDiagnosis_has_SynchronousTumor_OrNot> <No> 1 1 1 1
<1214426> <hasDiagnosis_has_SynchronousTumor_OrNot> <No> 1 1 1 1
<1314985> <hasDiagnosis_has_SynchronousTumor_OrNot> <No> 1 1 1 1
<12914004> <hasDiagnosis_has_SynchronousTumor_OrNot> <No> 1 1 1 1
<212669> <hasDiagnosis_has_SynchronousTumor_OrNot> <No> 1 1 1 1
<216094> <hasDiagnosis_has_SynchronousTumor_OrNot> <No> 0 0 0 0
<109927> <hasDiagnosis_has_SynchronousTumor_OrNot> <No> 1 1 1 1
<409597> <hasDiagnosis_has_SynchronousTumor_OrNot> <No> 0 0 0 0
<4611306> <hasDiagnosis_has_SynchronousTumor_OrNot> <No> 1 1 1 1
<3309851> <hasDiagnosis_has_SynchronousTumor_OrNot> <No> 1 1 1 1
<5117393> <hasDiagnosis_has_SynchronousTumor_OrNot> <No> 1 1 1 1
<5110982> <hasDiagnosis_has_SynchronousTumor_OrNot> <No> 1 1 1 1
<3011349> <hasDiagnosis_has_SynchronousTumor_OrNot> <No> 1 1 1 1
<211392> <hasDiagnosis_has_SynchronousTumor_OrNot> <No> 1 1 1 1
<409961> <hasDiagnosis_has_SynchronousTumor_OrNot> <No> 1 1 1 1
<3510923> <hasDiagnosis_has_SynchronousTumor_OrNot> <No> 1 1 1 1
<4910807> <hasDiagnosis_has_SynchronousTumor_OrNot> <No> 0 0 0 0
<5117239> <hasDiagnosis_has_SynchronousTumor_OrNot> <No> 1 1 1 1
<309884> <hasDiagnosis_has_SynchronousTumor_OrNot> <No> 0 0 0 0
<311915> <hasDiagnosis_has_SynchronousTumor_OrNot> <No> 1 1 1 1
<309895> <hasDiagnosis_has_SynchronousTumor_OrNot> <No> 1 1 1 1
<209940> <hasDiagnosis_has_SynchronousTumor_OrNot> <No> 1 1 1 1
<410368> <hasDiagnosis_has_SynchronousTumor_OrNot> <No> 1 1 1 1
<3314964> <hasDiagnosis_has_SynchronousTumor_OrNot> <No> 1 1 1 1
<2910707> <hasDiagnosis_has_SynchronousTumor_OrNot> <No> 1 1 1 1
<4312928> <hasDiagnosis_has_SynchronousTumor_OrNot> <No> 1 1 1 1
<2910746> <hasDiagnosis_has_SynchronousTumor_OrNot> <No> 1 1 1 1
<5112564> <hasDiagnosis_has_SynchronousTumor_OrNot> <No> 1 1 1 1
<313828> <hasDiagnosis_has_SynchronousTumor_OrNot> <No> 1 1 1 1
<514366> <hasDiagnosis_has_SynchronousTumor_OrNot> <Yes> 1 1 1 1
<509301> <hasDiagnosis_has_SynchronousTumor_OrNot> <No> 1 1 1 1
<5114543> <hasDiagnosis_has_SynchronousTumor_OrNot> <No> 1 1 1 1
<4910673> <hasDiagnosis_has_SynchronousTumor_OrNot> <No> 1 1 1 1
<4910931> <hasDiagnosis_has_SynchronousTumor_OrNot> <No> 1 1 1 1
<4313311> <hasDiagnosis_has_SynchronousTumor_OrNot> <No> 1 1 1 1
<513930> <hasDiagnosis_has_SynchronousTumor_OrNot> <No> 1 1 1 1
<516320> <hasDiagnosis_has_SynchronousTumor_OrNot> <No> 1 1 1 1
<516810> <hasDiagnosis_has_SynchronousTumor_OrNot> <No> 1 1 1 1
<5313420> <hasDiagnosis_has_SynchronousTumor_OrNot> <No> 1 1 1 1
<516211> <hasDiagnosis_has_SynchronousTumor_OrNot> <No> 0 0 0 0
<410204> <hasDiagnosis_has_SynchronousTumor_OrNot> <No> 1 1 1 1
<514021> <hasDiagnosis_has_SynchronousTumor_OrNot> <No> 1 1 1 1
<5316178> <hasDiagnosis_has_SynchronousTumor_OrNot> <No> 1 1 1 1
<6312695> <hasDiagnosis_has_SynchronousTumor_OrNot> <No> 1 1 1 1
<514191> <hasDiagnosis_has_SynchronousTumor_OrNot> <No> 1 1 1 1
<514312> <hasDiagnosis_has_SynchronousTumor_OrNot> <No> 1 1 1 1
<512367> <hasDiagnosis_has_SynchronousTumor_OrNot> <No> 1 1 1 1
<415196> <hasDiagnosis_has_SynchronousTumor_OrNot> <No> 1 1 1 1
<4911043> <hasDiagnosis_has_SynchronousTumor_OrNot> <No> 1 1 1 1
<5316682> <hasDiagnosis_has_SynchronousTumor_OrNot> <No> 1 1 1 1
<5117394> <hasDiagnosis_has_SynchronousTumor_OrNot> <No> 1 1 1 1
<517207> <hasDiagnosis_has_SynchronousTumor_OrNot> <No> 0 0 0 0
<514243> <hasDiagnosis_has_SynchronousTumor_OrNot> <No> 0 0 0 0
<5313802> <hasDiagnosis_has_SynchronousTumor_OrNot> <No> 1 1 1 1
<6315790> <hasDiagnosis_has_SynchronousTumor_OrNot> <No> 1 1 1 1
<6315868> <hasDiagnosis_has_SynchronousTumor_OrNot> <No> 1 1 1 1
<8311465> <hasDiagnosis_has_SynchronousTumor_OrNot> <No> 1 1 1 1
<916615> <hasDiagnosis_has_SynchronousTumor_OrNot> <No> 1 1 1 1
<9408655> <hasDiagnosis_has_SynchronousTumor_OrNot> <No> 1 1 1 1
<9410843> <hasDiagnosis_has_SynchronousTumor_OrNot> <No> 1 1 1 1
<514116> <hasDiagnosis_has_SynchronousTumor_OrNot> <Yes> 0 0 0 0
<516170> <hasDiagnosis_has_SynchronousTumor_OrNot> <No> 1 1 1 1
<5316553> <hasDiagnosis_has_SynchronousTumor_OrNot> <No> 1 1 1 1
<909693> <hasDiagnosis_has_SynchronousTumor_OrNot> <No> 1 1 1 1
<6317437> <hasDiagnosis_has_SynchronousTumor_OrNot> <No> 1 1 1 1
<5111763> <hasDiagnosis_has_SynchronousTumor_OrNot> <No> 1 1 1 1
<3412600> <hasDiagnosis_has_SynchronousTumor_OrNot> <No> 1 1 1 1
<409702> <hasDiagnosis_has_SynchronousTumor_OrNot> <No> 1 1 1 1
<417201> <hasDiagnosis_has_SynchronousTumor_OrNot> <No> 1 1 1 1
<417501> <hasDiagnosis_has_SynchronousTumor_OrNot> <No> 1 1 1 1
<2810614> <hasDiagnosis_has_SynchronousTumor_OrNot> <No> 1 1 1 1
<211337> <hasDiagnosis_has_SynchronousTumor_OrNot> <No> 1 1 1 1
<316786> <hasDiagnosis_has_SynchronousTumor_OrNot> <No> 1 1 1 1
<5313586> <hasDiagnosis_has_SynchronousTumor_OrNot> <No> 1 1 1 1
<514371> <hasDiagnosis_has_SynchronousTumor_OrNot> <No> 1 1 1 1
<4910820> <hasDiagnosis_has_SynchronousTumor_OrNot> <No> 1 1 1 1
<514195> <hasDiagnosis_has_SynchronousTumor_OrNot> <No> 1 1 1 1
<5315063> <hasDiagnosis_has_SynchronousTumor_OrNot> <No> 1 1 1 1
<516952> <hasDiagnosis_has_SynchronousTumor_OrNot> <No> 0 0 0 0
<5117418> <hasDiagnosis_has_SynchronousTumor_OrNot> <No> 1 1 1 1
<412731> <hasDiagnosis_has_SynchronousTumor_OrNot> <No> 1 1 1 1
<514050> <hasDiagnosis_has_SynchronousTumor_OrNot> <No> 1 1 1 1
<6314202> <hasDiagnosis_has_SynchronousTumor_OrNot> <No> 1 1 1 1
<2117050> <hasDiagnosis_has_SynchronousTumor_OrNot> <No> 1 1 1 1
<213820> <hasDiagnosis_has_SynchronousTumor_OrNot> <No> 1 1 1 1
<517561> <hasDiagnosis_has_SynchronousTumor_OrNot> <No> 1 1 1 1
<513082> <hasDiagnosis_has_SynchronousTumor_OrNot> <No> 0 0 0 0
<916873> <hasDiagnosis_has_SynchronousTumor_OrNot> <No> 0 0 0 0
<516367> <hasDiagnosis_has_SynchronousTumor_OrNot> <No> 1 1 1 1
<416478> <hasDiagnosis_has_SynchronousTumor_OrNot> <No> 1 1 1 1
<3514522> <hasDiagnosis_has_SynchronousTumor_OrNot> <No> 1 1 1 1
<4910806> <hasDiagnosis_has_SynchronousTumor_OrNot> <No> 1 1 1 1
<513575> <hasDiagnosis_has_SynchronousTumor_OrNot> <No> 1 1 1 1
<7215009> <hasDiagnosis_has_SynchronousTumor_OrNot> <No> 1 1 1 1
<2811569> <hasDiagnosis_has_SynchronousTumor_OrNot> <Yes> 1 1 1 1
<2111533> <hasDiagnosis_has_SynchronousTumor_OrNot> <No> 1 1 1 1
<512339> <hasDiagnosis_has_SynchronousTumor_OrNot> <No> 1 1 1 1
<513842> <hasDiagnosis_has_SynchronousTumor_OrNot> <No> 1 1 1 1
<5316356> <hasDiagnosis_has_SynchronousTumor_OrNot> <No> 1 1 1 1
<513094> <hasDiagnosis_has_SynchronousTumor_OrNot> <No> 1 1 1 1
<211360> <hasDiagnosis_has_SynchronousTumor_OrNot> <No> 1 1 1 1
<514399> <hasDiagnosis_has_SynchronousTumor_OrNot> <No> 1 1 1 1
<909646> <hasDiagnosis_has_SynchronousTumor_OrNot> <No> 1 1 1 1
<5316525> <hasDiagnosis_has_SynchronousTumor_OrNot> <No> 1 1 1 1
<409359> <hasDiagnosis_has_SynchronousTumor_OrNot> <No> 1 1 1 1
<409580> <hasDiagnosis_has_SynchronousTumor_OrNot> <No> 1 1 1 1
<4313327> <hasDiagnosis_has_SynchronousTumor_OrNot> <No> 1 1 1 1
<5111726> <hasDiagnosis_has_SynchronousTumor_OrNot> <No> 1 1 1 1
<411870> <hasDiagnosis_has_SynchronousTumor_OrNot> <No> 0 0 0 0
<5313162> <hasDiagnosis_has_SynchronousTumor_OrNot> <No> 1 1 1 1
<909721> <hasDiagnosis_has_SynchronousTumor_OrNot> <No> 1 1 1 1
<412727> <hasDiagnosis_has_SynchronousTumor_OrNot> <No> 1 1 1 1
<417206> <hasDiagnosis_has_SynchronousTumor_OrNot> <No> 1 1 1 1
<5315748> <hasDiagnosis_has_SynchronousTumor_OrNot> <No> 1 1 1 1
<513779> <hasDiagnosis_has_SynchronousTumor_OrNot> <No> 1 1 1 1
<417204> <hasDiagnosis_has_SynchronousTumor_OrNot> <No> 1 1 1 1
<513129> <hasDiagnosis_has_SynchronousTumor_OrNot> <No> 0 0 0 0
<9412069> <hasDiagnosis_has_SynchronousTumor_OrNot> <No> 1 1 1 1
<5316266> <hasDiagnosis_has_SynchronousTumor_OrNot> <No> 1 1 1 1
<917441> <hasDiagnosis_has_SynchronousTumor_OrNot> <No> 1 1 1 1
<917442> <hasDiagnosis_has_SynchronousTumor_OrNot> <No> 0 0 0 0
<709404> <hasDiagnosis_has_SynchronousTumor_OrNot> <No> 1 1 1 1
<9709203> <hasDiagnosis_has_SynchronousTumor_OrNot> <No> 1 1 1 1
<514220> <hasDiagnosis_has_SynchronousTumor_OrNot> <No> 1 1 1 1
<5313192> <hasDiagnosis_has_SynchronousTumor_OrNot> <No> 1 1 1 1
<5316601> <hasDiagnosis_has_SynchronousTumor_OrNot> <No> 0 0 0 0
<6315421> <hasDiagnosis_has_SynchronousTumor_OrNot> <No> 1 1 1 1
<6317169> <hasDiagnosis_has_SynchronousTumor_OrNot> <No> 0 0 0 0
<9913133> <hasDiagnosis_has_SynchronousTumor_OrNot> <No> 1 1 1 1
<6316723> <hasDiagnosis_has_SynchronousTumor_OrNot> <No> 1 1 1 1
<9414355> <hasDiagnosis_has_SynchronousTumor_OrNot> <No> 1 1 1 1
<9909859> <hasDiagnosis_has_SynchronousTumor_OrNot> <No> 1 1 1 1
<6315932> <hasDiagnosis_has_SynchronousTumor_OrNot> <No> 1 1 1 1
<909663> <hasDiagnosis_has_SynchronousTumor_OrNot> <No> 1 1 1 1
<9408883> <hasDiagnosis_has_SynchronousTumor_OrNot> <No> 0 0 0 0
<512809> <hasDiagnosis_has_SynchronousTumor_OrNot> <No> 1 1 1 1
<9910476> <hasDiagnosis_has_SynchronousTumor_OrNot> <No> 1 1 1 1
<5315549> <hasDiagnosis_has_SynchronousTumor_OrNot> <No> 1 1 1 1
<710582> <hasDiagnosis_has_SynchronousTumor_OrNot> <No> 1 1 1 1
<1314954> <hasDiagnosis_has_SynchronousTumor_OrNot> <No> 1 1 1 1
<911694> <hasDiagnosis_has_SynchronousTumor_OrNot> <No> 1 1 1 1
<513989> <hasDiagnosis_has_SynchronousTumor_OrNot> <No> 1 1 1 1
<714537> <hasDiagnosis_has_SynchronousTumor_OrNot> <No> 1 1 1 1
<915899> <hasDiagnosis_has_SynchronousTumor_OrNot> <No> 1 1 1 1
<911553> <hasDiagnosis_has_SynchronousTumor_OrNot> <No> 1 1 1 1
<9408683> <hasDiagnosis_has_SynchronousTumor_OrNot> <No> 1 1 1 1
<6315569> <hasDiagnosis_has_SynchronousTumor_OrNot> <No> 1 1 1 1
<6315842> <hasDiagnosis_has_SynchronousTumor_OrNot> <No> 0 0 0 0
<5315644> <hasDiagnosis_has_SynchronousTumor_OrNot> <No> 1 1 1 1
<1313850> <hasDiagnosis_has_SynchronousTumor_OrNot> <No> 1 1 1 1
<412238> <hasDiagnosis_has_SynchronousTumor_OrNot> <No> 1 1 1 1
<2311273> <hasDiagnosis_has_SynchronousTumor_OrNot> <No> 1 1 1 1
<513258> <hasDiagnosis_has_SynchronousTumor_OrNot> <No> 1 1 1 1
<10610441> <hasDiagnosis_has_SynchronousTumor_OrNot> <No> 1 1 1 1
<110351> <hasDiagnosis_has_SynchronousTumor_OrNot> <Yes> 2 2 1 1
<112098> <hasDiagnosis_has_SynchronousTumor_OrNot> <No> 1 1 1 1
<1214448> <hasDiagnosis_has_SynchronousTumor_OrNot> <No> 1 1 1 1
<11313713> <hasDiagnosis_has_SynchronousTumor_OrNot> <Yes> 0 0 0 0
<1310508> <hasDiagnosis_has_SynchronousTumor_OrNot> <No> 1 1 1 1
<1311583> <hasDiagnosis_has_SynchronousTumor_OrNot> <No> 1 1 1 1
<1313452> <hasDiagnosis_has_SynchronousTumor_OrNot> <No> 1 1 1 1
<1315390> <hasDiagnosis_has_SynchronousTumor_OrNot> <No> 1 1 1 1
<1509579> <hasDiagnosis_has_SynchronousTumor_OrNot> <No> 1 1 1 1
<1511101> <hasDiagnosis_has_SynchronousTumor_OrNot> <No> 1 1 1 1
<12914741> <hasDiagnosis_has_SynchronousTumor_OrNot> <No> 1 1 1 1
<1315615> <hasDiagnosis_has_SynchronousTumor_OrNot> <No> 2 2 1 1
<12914061> <hasDiagnosis_has_SynchronousTumor_OrNot> <No> 1 1 1 1
<12914518> <hasDiagnosis_has_SynchronousTumor_OrNot> <No> 1 1 1 1
<11317522> <hasDiagnosis_has_SynchronousTumor_OrNot> <No> 1 1 1 1
<1313451> <hasDiagnosis_has_SynchronousTumor_OrNot> <No> 1 1 1 1
<2111481> <hasDiagnosis_has_SynchronousTumor_OrNot> <No> 1 1 1 1
<217065> <hasDiagnosis_has_SynchronousTumor_OrNot> <No> 1 1 1 1
<2816476> <hasDiagnosis_has_SynchronousTumor_OrNot> <No> 1 1 1 1
<12915898> <hasDiagnosis_has_SynchronousTumor_OrNot> <No> 1 1 1 1
<1312563> <hasDiagnosis_has_SynchronousTumor_OrNot> <No> 1 1 1 1
<1511318> <hasDiagnosis_has_SynchronousTumor_OrNot> <No> 1 1 1 1
<11317519> <hasDiagnosis_has_SynchronousTumor_OrNot> <No> 1 1 1 1
<2813548> <hasDiagnosis_has_SynchronousTumor_OrNot> <No> 0 0 0 0
<12914288> <hasDiagnosis_has_SynchronousTumor_OrNot> <No> 1 1 1 1
<15715022> <hasDiagnosis_has_SynchronousTumor_OrNot> <No> 2 2 1 1
<1315678> <hasDiagnosis_has_SynchronousTumor_OrNot> <No> 0 0 0 0
<1214796> <hasDiagnosis_has_SynchronousTumor_OrNot> <No> 1 1 1 1
<2815361> <hasDiagnosis_has_SynchronousTumor_OrNot> <No> 1 1 1 1
<2810652> <hasDiagnosis_has_SynchronousTumor_OrNot> <No> 1 1 1 1
<1315802> <hasDiagnosis_has_SynchronousTumor_OrNot> <No> 1 1 1 1
<2816843> <hasDiagnosis_has_SynchronousTumor_OrNot> <No> 1 1 1 1
<2817253> <hasDiagnosis_has_SynchronousTumor_OrNot> <No> 1 1 1 1
<3012762> <hasDiagnosis_has_SynchronousTumor_OrNot> <No> 1 1 1 1
<311916> <hasDiagnosis_has_SynchronousTumor_OrNot> <No> 1 1 1 1
<3611073> <hasDiagnosis_has_SynchronousTumor_OrNot> <No> 1 1 1 1
<409898> <hasDiagnosis_has_SynchronousTumor_OrNot> <No> 1 1 1 1
<2312704> <hasDiagnosis_has_SynchronousTumor_OrNot> <No> 1 1 1 1
<3412531> <hasDiagnosis_has_SynchronousTumor_OrNot> <No> 1 1 1 1
<3511230> <hasDiagnosis_has_SynchronousTumor_OrNot> <Yes> 0 0 0 0
<409675> <hasDiagnosis_has_SynchronousTumor_OrNot> <No> 1 1 1 1
<2914765> <hasDiagnosis_has_SynchronousTumor_OrNot> <No> 1 1 1 1
<2911371> <hasDiagnosis_has_SynchronousTumor_OrNot> <No> 1 1 1 1
<4910624> <hasDiagnosis_has_SynchronousTumor_OrNot> <No> 1 1 1 1
<212513> <hasDiagnosis_has_SynchronousTumor_OrNot> <No> 1 1 1 1
<2917351> <hasDiagnosis_has_SynchronousTumor_OrNot> <No> 1 1 1 1
<213742> <hasDiagnosis_has_SynchronousTumor_OrNot> <No> 1 1 1 1
<2810035> <hasDiagnosis_has_SynchronousTumor_OrNot> <No> 1 1 1 1
<415577> <hasDiagnosis_has_SynchronousTumor_OrNot> <No> 1 1 1 1
<311957> <hasDiagnosis_has_SynchronousTumor_OrNot> <No> 1 1 1 1
<417061> <hasDiagnosis_has_SynchronousTumor_OrNot> <No> 1 1 1 1
<512332> <hasDiagnosis_has_SynchronousTumor_OrNot> <No> 1 1 1 1
<3812355> <hasDiagnosis_has_SynchronousTumor_OrNot> <No> 0 0 0 0
<2911877> <hasDiagnosis_has_SynchronousTumor_OrNot> <No> 1 1 1 1
<10612204> <hasDiagnosis_has_SynchronousTumor_OrNot> <No> 1 1 1 1
<1514622> <hasDiagnosis_has_SynchronousTumor_OrNot> <No> 1 1 1 1
<10610332> <hasDiagnosis_has_SynchronousTumor_OrNot> <No> 1 1 1 1
<11312218> <hasDiagnosis_has_SynchronousTumor_OrNot> <No> 1 1 1 1
<1216670> <hasDiagnosis_has_SynchronousTumor_OrNot> <No> 1 1 1 1
<4612153> <hasDiagnosis_has_SynchronousTumor_OrNot> <No> 1 1 1 1
<311525> <hasDiagnosis_has_SynchronousTumor_OrNot> <No> 1 1 1 1
<3709642> <hasDiagnosis_has_SynchronousTumor_OrNot> <No> 1 1 1 1
<1509847> <hasDiagnosis_has_SynchronousTumor_OrNot> <No> 1 1 1 1
<12914234> <hasDiagnosis_has_SynchronousTumor_OrNot> <No> 1 1 1 1
<311904> <hasDiagnosis_has_SynchronousTumor_OrNot> <No> 1 1 1 1
<3510315> <hasDiagnosis_has_SynchronousTumor_OrNot> <No> 1 1 1 1
<3509361> <hasDiagnosis_has_SynchronousTumor_OrNot> <No> 1 1 1 1
<213468> <hasDiagnosis_has_SynchronousTumor_OrNot> <No> 1 1 1 1
<415193> <hasDiagnosis_has_SynchronousTumor_OrNot> <No> 0 0 0 0
<4910832> <hasDiagnosis_has_SynchronousTumor_OrNot> <No> 1 1 1 1
<4911044> <hasDiagnosis_has_SynchronousTumor_OrNot> <No> 1 1 1 1
<1215034> <hasDiagnosis_has_SynchronousTumor_OrNot> <No> 0 0 0 0
<2310176> <hasDiagnosis_has_SynchronousTumor_OrNot> <No> 1 1 1 1
<1314870> <hasDiagnosis_has_SynchronousTumor_OrNot> <No> 1 1 1 1
<12914504> <hasDiagnosis_has_SynchronousTumor_OrNot> <No> 1 1 1 1
<1315645> <hasDiagnosis_has_SynchronousTumor_OrNot> <No> 1 1 1 1
<311837> <hasDiagnosis_has_SynchronousTumor_OrNot> <No> 1 1 1 1
<2312759> <hasDiagnosis_has_SynchronousTumor_OrNot> <No> 0 0 0 0
<309890> <hasDiagnosis_has_SynchronousTumor_OrNot> <No> 1 1 1 1
<3514411> <hasDiagnosis_has_SynchronousTumor_OrNot> <No> 1 1 1 1
<10611436> <hasDiagnosis_has_SynchronousTumor_OrNot> <No> 1 1 1 1
<11912785> <hasDiagnosis_has_SynchronousTumor_OrNot> <No> 1 1 1 1
<12915895> <hasDiagnosis_has_SynchronousTumor_OrNot> <No> 1 1 1 1
<1309959> <hasDiagnosis_has_SynchronousTumor_OrNot> <No> 1 1 1 1
<2715043> <hasDiagnosis_has_SynchronousTumor_OrNot> <No> 1 1 1 1
<317410> <hasDiagnosis_has_SynchronousTumor_OrNot> <No> 1 1 1 1
<3713962> <hasDiagnosis_has_SynchronousTumor_OrNot> <No> 1 1 1 1
<409460> <hasDiagnosis_has_SynchronousTumor_OrNot> <No> 1 1 1 1
<3315528> <hasDiagnosis_has_SynchronousTumor_OrNot> <No> 1 1 1 1
<3509967> <hasDiagnosis_has_SynchronousTumor_OrNot> <No> 1 1 1 1
<217116> <hasDiagnosis_has_SynchronousTumor_OrNot> <No> 1 1 1 1
<416418> <hasDiagnosis_has_SynchronousTumor_OrNot> <No> 1 1 1 1
<3316953> <hasDiagnosis_has_SynchronousTumor_OrNot> <No> 1 1 1 1
<311526> <hasDiagnosis_has_SynchronousTumor_OrNot> <No> 1 1 1 1
<3509274> <hasDiagnosis_has_SynchronousTumor_OrNot> <No> 1 1 1 1
<2810885> <hasDiagnosis_has_SynchronousTumor_OrNot> <No> 1 1 1 1
<512779> <hasDiagnosis_has_SynchronousTumor_OrNot> <No> 1 1 1 1
<513034> <hasDiagnosis_has_SynchronousTumor_OrNot> <No> 1 1 1 1
<410338> <hasDiagnosis_has_SynchronousTumor_OrNot> <No> 1 1 1 1
<513530> <hasDiagnosis_has_SynchronousTumor_OrNot> <No> 1 1 1 1
<417054> <hasDiagnosis_has_SynchronousTumor_OrNot> <No> 1 1 1 1
<5116372> <hasDiagnosis_has_SynchronousTumor_OrNot> <No> 1 1 1 1
<4313411> <hasDiagnosis_has_SynchronousTumor_OrNot> <No> 1 1 1 1
<514198> <hasDiagnosis_has_SynchronousTumor_OrNot> <No> 1 1 1 1
<417378> <hasDiagnosis_has_SynchronousTumor_OrNot> <No> 1 1 1 1
<5313297> <hasDiagnosis_has_SynchronousTumor_OrNot> <No> 1 1 1 1
<5315906> <hasDiagnosis_has_SynchronousTumor_OrNot> <No> 1 1 1 1
<5316538> <hasDiagnosis_has_SynchronousTumor_OrNot> <No> 1 1 1 1
<6313248> <hasDiagnosis_has_SynchronousTumor_OrNot> <No> 1 1 1 1
<6315453> <hasDiagnosis_has_SynchronousTumor_OrNot> <No> 1 1 1 1
<410395> <hasDiagnosis_has_SynchronousTumor_OrNot> <No> 1 1 1 1
<513516> <hasDiagnosis_has_SynchronousTumor_OrNot> <No> 0 0 0 0
<513635> <hasDiagnosis_has_SynchronousTumor_OrNot> <No> 0 0 0 0
<415739> <hasDiagnosis_has_SynchronousTumor_OrNot> <No> 1 1 1 1
<5111266> <hasDiagnosis_has_SynchronousTumor_OrNot> <No> 1 1 1 1
<5109609> <hasDiagnosis_has_SynchronousTumor_OrNot> <No> 0 0 0 0
<516795> <hasDiagnosis_has_SynchronousTumor_OrNot> <No> 1 1 1 1
<516822> <hasDiagnosis_has_SynchronousTumor_OrNot> <No> 1 1 1 1
<512461> <hasDiagnosis_has_SynchronousTumor_OrNot> <No> 1 1 1 1
<5113974> <hasDiagnosis_has_SynchronousTumor_OrNot> <No> 1 1 1 1
<5115750> <hasDiagnosis_has_SynchronousTumor_OrNot> <No> 1 1 1 1
<513524> <hasDiagnosis_has_SynchronousTumor_OrNot> <No> 1 1 1 1
<416659> <hasDiagnosis_has_SynchronousTumor_OrNot> <No> 1 1 1 1
<6311767> <hasDiagnosis_has_SynchronousTumor_OrNot> <No> 1 1 1 1
<417066> <hasDiagnosis_has_SynchronousTumor_OrNot> <Yes> 0 0 0 0
<5314463> <hasDiagnosis_has_SynchronousTumor_OrNot> <No> 1 1 1 1
<6311831> <hasDiagnosis_has_SynchronousTumor_OrNot> <No> 1 1 1 1
<4910771> <hasDiagnosis_has_SynchronousTumor_OrNot> <No> 0 0 0 0
<5316453> <hasDiagnosis_has_SynchronousTumor_OrNot> <No> 1 1 1 1
<4910917> <hasDiagnosis_has_SynchronousTumor_OrNot> <No> 1 1 1 1
<5513622> <hasDiagnosis_has_SynchronousTumor_OrNot> <No> 1 1 1 1
<4910516> <hasDiagnosis_has_SynchronousTumor_OrNot> <No> 1 1 1 1
<6315233> <hasDiagnosis_has_SynchronousTumor_OrNot> <No> 1 1 1 1
<5512684> <hasDiagnosis_has_SynchronousTumor_OrNot> <No> 1 1 1 1
<715074> <hasDiagnosis_has_SynchronousTumor_OrNot> <No> 1 1 1 1
<7216018> <hasDiagnosis_has_SynchronousTumor_OrNot> <No> 0 0 0 0
<916872> <hasDiagnosis_has_SynchronousTumor_OrNot> <No> 1 1 1 1
<5313433> <hasDiagnosis_has_SynchronousTumor_OrNot> <No> 1 1 1 1
<513161> <hasDiagnosis_has_SynchronousTumor_OrNot> <No> 0 0 0 0
<513906> <hasDiagnosis_has_SynchronousTumor_OrNot> <No> 0 0 0 0
<516222> <hasDiagnosis_has_SynchronousTumor_OrNot> <No> 0 0 0 0
<911693> <hasDiagnosis_has_SynchronousTumor_OrNot> <No> 1 1 1 1
<6315414> <hasDiagnosis_has_SynchronousTumor_OrNot> <No> 0 0 0 0
<916891> <hasDiagnosis_has_SynchronousTumor_OrNot> <No> 1 1 1 1
<9409878> <hasDiagnosis_has_SynchronousTumor_OrNot> <No> 1 1 1 1
<9415326> <hasDiagnosis_has_SynchronousTumor_OrNot> <No> 1 1 1 1
<415778> <hasDiagnosis_has_SynchronousTumor_OrNot> <No> 1 1 1 1
<3811766> <hasDiagnosis_has_SynchronousTumor_OrNot> <No> 1 1 1 1
<212441> <hasDiagnosis_has_SynchronousTumor_OrNot> <No> 1 1 1 1
<5115126> <hasDiagnosis_has_SynchronousTumor_OrNot> <No> 1 1 1 1
<5312456> <hasDiagnosis_has_SynchronousTumor_OrNot> <No> 1 1 1 1
<5313815> <hasDiagnosis_has_SynchronousTumor_OrNot> <No> 1 1 1 1
<6312024> <hasDiagnosis_has_SynchronousTumor_OrNot> <No> 1 1 1 1
<416855> <hasDiagnosis_has_SynchronousTumor_OrNot> <No> 1 1 1 1
<6312739> <hasDiagnosis_has_SynchronousTumor_OrNot> <No> 1 1 1 1
<6313383> <hasDiagnosis_has_SynchronousTumor_OrNot> <No> 1 1 1 1
<514364> <hasDiagnosis_has_SynchronousTumor_OrNot> <No> 1 1 1 1
<5317076> <hasDiagnosis_has_SynchronousTumor_OrNot> <No> 1 1 1 1
<4314178> <hasDiagnosis_has_SynchronousTumor_OrNot> <No> 1 1 1 1
<517456> <hasDiagnosis_has_SynchronousTumor_OrNot> <No> 1 1 1 1
<513853> <hasDiagnosis_has_SynchronousTumor_OrNot> <No> 0 0 0 0
<917120> <hasDiagnosis_has_SynchronousTumor_OrNot> <No> 1 1 1 1
<9712200> <hasDiagnosis_has_SynchronousTumor_OrNot> <No> 1 1 1 1
<3510154> <hasDiagnosis_has_SynchronousTumor_OrNot> <No> 1 1 1 1
<416934> <hasDiagnosis_has_SynchronousTumor_OrNot> <No> 1 1 1 1
<409942> <hasDiagnosis_has_SynchronousTumor_OrNot> <No> 0 0 0 0
<516191> <hasDiagnosis_has_SynchronousTumor_OrNot> <No> 1 1 1 1
<416391> <hasDiagnosis_has_SynchronousTumor_OrNot> <No> 1 1 1 1
<5314827> <hasDiagnosis_has_SynchronousTumor_OrNot> <No> 1 1 1 1
<4609972> <hasDiagnosis_has_SynchronousTumor_OrNot> <No> 0 0 0 0
<5314344> <hasDiagnosis_has_SynchronousTumor_OrNot> <No> 1 1 1 1
<513240> <hasDiagnosis_has_SynchronousTumor_OrNot> <No> 1 1 1 1
<514188> <hasDiagnosis_has_SynchronousTumor_OrNot> <No> 0 0 0 0
<6312822> <hasDiagnosis_has_SynchronousTumor_OrNot> <No> 0 0 0 0
<917450> <hasDiagnosis_has_SynchronousTumor_OrNot> <No> 1 1 1 1
<6316807> <hasDiagnosis_has_SynchronousTumor_OrNot> <No> 1 1 1 1
<4911038> <hasDiagnosis_has_SynchronousTumor_OrNot> <No> 0 0 0 0
<6315234> <hasDiagnosis_has_SynchronousTumor_OrNot> <No> 0 0 0 0
<5512128> <hasDiagnosis_has_SynchronousTumor_OrNot> <No> 1 1 1 1
<5111895> <hasDiagnosis_has_SynchronousTumor_OrNot> <No> 1 1 1 1
<5315732> <hasDiagnosis_has_SynchronousTumor_OrNot> <No> 1 1 1 1
<417073> <hasDiagnosis_has_SynchronousTumor_OrNot> <No> 1 1 1 1
<5114015> <hasDiagnosis_has_SynchronousTumor_OrNot> <No> 1 1 1 1
<514214> <hasDiagnosis_has_SynchronousTumor_OrNot> <No> 0 0 0 0
<513140> <hasDiagnosis_has_SynchronousTumor_OrNot> <No> 1 1 1 1
<513511> <hasDiagnosis_has_SynchronousTumor_OrNot> <No> 0 0 0 0
<513716> <hasDiagnosis_has_SynchronousTumor_OrNot> <No> 0 0 0 0
<5314680> <hasDiagnosis_has_SynchronousTumor_OrNot> <No> 1 1 1 1
<5113298> <hasDiagnosis_has_SynchronousTumor_OrNot> <No> 1 1 1 1
<514315> <hasDiagnosis_has_SynchronousTumor_OrNot> <No> 0 0 0 0
<6316398> <hasDiagnosis_has_SynchronousTumor_OrNot> <No> 0 0 0 0
<516350> <hasDiagnosis_has_SynchronousTumor_OrNot> <No> 0 0 0 0
<513513> <hasDiagnosis_has_SynchronousTumor_OrNot> <No> 1 1 1 1
<6312630> <hasDiagnosis_has_SynchronousTumor_OrNot> <No> 1 1 1 1
<6315938> <hasDiagnosis_has_SynchronousTumor_OrNot> <No> 1 1 1 1
<5316048> <hasDiagnosis_has_SynchronousTumor_OrNot> <No> 1 1 1 1
<517151> <hasDiagnosis_has_SynchronousTumor_OrNot> <No> 1 1 1 1
<6316627> <hasDiagnosis_has_SynchronousTumor_OrNot> <No> 0 0 0 0
<909668> <hasDiagnosis_has_SynchronousTumor_OrNot> <No> 1 1 1 1
<5815097> <hasDiagnosis_has_SynchronousTumor_OrNot> <No> 1 1 1 1
<514143> <hasDiagnosis_has_SynchronousTumor_OrNot> <No> 0 0 0 0
<513352> <hasDiagnosis_has_SynchronousTumor_OrNot> <No> 1 1 1 1
<416766> <hasDiagnosis_has_SynchronousTumor_OrNot> <No> 1 1 1 1
<5109812> <hasDiagnosis_has_SynchronousTumor_OrNot> <No> 1 1 1 1
<7411518> <hasDiagnosis_has_SynchronousTumor_OrNot> <No> 0 0 0 0
