<3000608> <hasSmokingHabit> <PreviousSmoker> 0 0 0 0
<300469> <hasSmokingHabit> <NonSmoker> 0 0 0 0
<3011367> <hasSmokingHabit> <PreviousSmoker> 0 0 0 0
<3017129> <hasSmokingHabit> <CurrentSmoker> 0 0 0 0
<302296> <hasSmokingHabit> <CurrentSmoker> 0 0 0 0
<303689> <hasSmokingHabit> <CurrentSmoker> 0 0 0 0
<304968> <hasSmokingHabit> <PreviousSmoker> 0 0 0 0
<306853> <hasSmokingHabit> <CurrentSmoker> 0 0 0 0
<306898> <hasSmokingHabit> <CurrentSmoker> 0 0 0 0
<307590> <hasSmokingHabit> <CurrentSmoker> 0 0 0 0
<311426> <hasSmokingHabit> <NonSmoker> 0 0 0 0
<311669> <hasSmokingHabit> <CurrentSmoker> 0 0 0 0
<311957> <hasSmokingHabit> <PreviousSmoker> 0 0 0 0
<317187> <hasSmokingHabit> <PreviousSmoker> 0 0 0 0
<317249> <hasSmokingHabit> <PreviousSmoker> 0 0 0 0
<317408> <hasSmokingHabit> <CurrentSmoker> 0 0 0 0
<3405159> <hasSmokingHabit> <PreviousSmoker> 0 0 0 0
<3405222> <hasSmokingHabit> <PreviousSmoker> 0 0 0 0
<2813071> <hasSmokingHabit> <CurrentSmoker> 0 0 0 0
<2916022> <hasSmokingHabit> <CurrentSmoker> 0 0 0 0
<2917496> <hasSmokingHabit> <PreviousSmoker> 0 0 0 0
<3006438> <hasSmokingHabit> <PreviousSmoker> 0 0 0 0
<2810652> <hasSmokingHabit> <PreviousSmoker> 0 0 0 0
<2917354> <hasSmokingHabit> <CurrentSmoker> 0 0 0 0
<2917359> <hasSmokingHabit> <CurrentSmoker> 0 0 0 0
<317252> <hasSmokingHabit> <PreviousSmoker> 0 0 0 0
<3316704> <hasSmokingHabit> <PreviousSmoker> 0 0 0 0
<301086> <hasSmokingHabit> <PreviousSmoker> 0 0 0 0
<2301079> <hasSmokingHabit> <PreviousSmoker> 0 0 0 0
<301506> <hasSmokingHabit> <CurrentSmoker> 0 0 0 0
<2305303> <hasSmokingHabit> <NonSmoker> 0 0 0 0
<3412520> <hasSmokingHabit> <CurrentSmoker> 0 0 0 0
<3507753> <hasSmokingHabit> <PreviousSmoker> 0 0 0 0
<3508611> <hasSmokingHabit> <PreviousSmoker> 0 0 0 0
<3509132> <hasSmokingHabit> <NonSmoker> 0 0 0 0
<3510955> <hasSmokingHabit> <CurrentSmoker> 0 0 0 0
<3514386> <hasSmokingHabit> <CurrentSmoker> 0 0 0 0
<3016887> <hasSmokingHabit> <PreviousSmoker> 0 0 0 0
<311642> <hasSmokingHabit> <CurrentSmoker> 0 0 0 0
<2810273> <hasSmokingHabit> <CurrentSmoker> 0 0 0 0
<3404460> <hasSmokingHabit> <PreviousSmoker> 0 0 0 0
<3704499> <hasSmokingHabit> <PreviousSmoker> 0 0 0 0
<3704576> <hasSmokingHabit> <CurrentSmoker> 0 0 0 0
<3704644> <hasSmokingHabit> <PreviousSmoker> 0 0 0 0
<3812378> <hasSmokingHabit> <PreviousSmoker> 0 0 0 0
<3900057> <hasSmokingHabit> <PreviousSmoker> 0 0 0 0
<407505> <hasSmokingHabit> <CurrentSmoker> 0 0 0 0
<408808> <hasSmokingHabit> <CurrentSmoker> 0 0 0 0
<409410> <hasSmokingHabit> <NonSmoker> 0 0 0 0
<409553> <hasSmokingHabit> <CurrentSmoker> 0 0 0 0
<409877> <hasSmokingHabit> <CurrentSmoker> 0 0 0 0
<409929> <hasSmokingHabit> <PreviousSmoker> 0 0 0 0
<409958> <hasSmokingHabit> <PreviousSmoker> 0 0 0 0
<411871> <hasSmokingHabit> <NonSmoker> 0 0 0 0
<416039> <hasSmokingHabit> <CurrentSmoker> 0 0 0 0
<417007> <hasSmokingHabit> <CurrentSmoker> 0 0 0 0
<417072> <hasSmokingHabit> <CurrentSmoker> 0 0 0 0
<417284> <hasSmokingHabit> <CurrentSmoker> 0 0 0 0
<417322> <hasSmokingHabit> <PreviousSmoker> 0 0 0 0
<417471> <hasSmokingHabit> <CurrentSmoker> 0 0 0 0
<4313311> <hasSmokingHabit> <CurrentSmoker> 0 0 0 0
<3417162> <hasSmokingHabit> <CurrentSmoker> 0 0 0 0
<3509318> <hasSmokingHabit> <PreviousSmoker> 0 0 0 0
<3509823> <hasSmokingHabit> <CurrentSmoker> 0 0 0 0
<3709219> <hasSmokingHabit> <PreviousSmoker> 0 0 0 0
<416665> <hasSmokingHabit> <PreviousSmoker> 0 0 0 0
<416844> <hasSmokingHabit> <CurrentSmoker> 0 0 0 0
<4600306> <hasSmokingHabit> <CurrentSmoker> 0 0 0 0
<3508680> <hasSmokingHabit> <PreviousSmoker> 0 0 0 0
<3805649> <hasSmokingHabit> <CurrentSmoker> 0 0 0 0
<410227> <hasSmokingHabit> <PreviousSmoker> 0 0 0 0
<410376> <hasSmokingHabit> <PreviousSmoker> 0 0 0 0
<413179> <hasSmokingHabit> <PreviousSmoker> 0 0 0 0
<416403> <hasSmokingHabit> <CurrentSmoker> 0 0 0 0
<417201> <hasSmokingHabit> <PreviousSmoker> 0 0 0 0
<3508631> <hasSmokingHabit> <CurrentSmoker> 0 0 0 0
<3510012> <hasSmokingHabit> <CurrentSmoker> 0 0 0 0
<409534> <hasSmokingHabit> <CurrentSmoker> 0 0 0 0
<3404438> <hasSmokingHabit> <NonSmoker> 0 0 0 0
<4910898> <hasSmokingHabit> <CurrentSmoker> 0 0 0 0
<501300> <hasSmokingHabit> <PreviousSmoker> 0 0 0 0
<501308> <hasSmokingHabit> <CurrentSmoker> 0 0 0 0
<501312> <hasSmokingHabit> <PreviousSmoker> 0 0 0 0
<503049> <hasSmokingHabit> <CurrentSmoker> 0 0 0 0
<503766> <hasSmokingHabit> <PreviousSmoker> 0 0 0 0
<503833> <hasSmokingHabit> <CurrentSmoker> 0 0 0 0
<3801859> <hasSmokingHabit> <NonSmoker> 0 0 0 0
<416498> <hasSmokingHabit> <UNK> 0 0 0 0
<410185> <hasSmokingHabit> <CurrentSmoker> 0 0 0 0
<503952> <hasSmokingHabit> <CurrentSmoker> 0 0 0 0
<503973> <hasSmokingHabit> <PreviousSmoker> 0 0 0 0
<507473> <hasSmokingHabit> <CurrentSmoker> 0 0 0 0
<508033> <hasSmokingHabit> <CurrentSmoker> 0 0 0 0
<508210> <hasSmokingHabit> <PreviousSmoker> 0 0 0 0
<508241> <hasSmokingHabit> <PreviousSmoker> 0 0 0 0
<508271> <hasSmokingHabit> <NonSmoker> 0 0 0 0
<508281> <hasSmokingHabit> <NonSmoker> 0 0 0 0
<508442> <hasSmokingHabit> <PreviousSmoker> 0 0 0 0
<508526> <hasSmokingHabit> <CurrentSmoker> 0 0 0 0
<508554> <hasSmokingHabit> <CurrentSmoker> 0 0 0 0
<509303> <hasSmokingHabit> <PreviousSmoker> 0 0 0 0
<5103983> <hasSmokingHabit> <PreviousSmoker> 0 0 0 0
<5104292> <hasSmokingHabit> <PreviousSmoker> 0 0 0 0
<5105183> <hasSmokingHabit> <PreviousSmoker> 0 0 0 0
<5106561> <hasSmokingHabit> <CurrentSmoker> 0 0 0 0
<5107024> <hasSmokingHabit> <NonSmoker> 0 0 0 0
<5107039> <hasSmokingHabit> <CurrentSmoker> 0 0 0 0
<5109123> <hasSmokingHabit> <NonSmoker> 0 0 0 0
<5109451> <hasSmokingHabit> <CurrentSmoker> 0 0 0 0
<501326> <hasSmokingHabit> <PreviousSmoker> 0 0 0 0
<503183> <hasSmokingHabit> <CurrentSmoker> 0 0 0 0
<503838> <hasSmokingHabit> <CurrentSmoker> 0 0 0 0
<504132> <hasSmokingHabit> <CurrentSmoker> 0 0 0 0
<508153> <hasSmokingHabit> <PreviousSmoker> 0 0 0 0
<508404> <hasSmokingHabit> <PreviousSmoker> 0 0 0 0
<508496> <hasSmokingHabit> <PreviousSmoker> 0 0 0 0
<508543> <hasSmokingHabit> <PreviousSmoker> 0 0 0 0
<5102738> <hasSmokingHabit> <PreviousSmoker> 0 0 0 0
<5102996> <hasSmokingHabit> <PreviousSmoker> 0 0 0 0
<5103616> <hasSmokingHabit> <PreviousSmoker> 0 0 0 0
<5104383> <hasSmokingHabit> <PreviousSmoker> 0 0 0 0
<507786> <hasSmokingHabit> <PreviousSmoker> 0 0 0 0
<508437> <hasSmokingHabit> <PreviousSmoker> 0 0 0 0
<508955> <hasSmokingHabit> <PreviousSmoker> 0 0 0 0
<5104617> <hasSmokingHabit> <CurrentSmoker> 0 0 0 0
<4910742> <hasSmokingHabit> <CurrentSmoker> 0 0 0 0
<5107409> <hasSmokingHabit> <NonSmoker> 0 0 0 0
<5116372> <hasSmokingHabit> <CurrentSmoker> 0 0 0 0
<503937> <hasSmokingHabit> <CurrentSmoker> 0 0 0 0
<507288> <hasSmokingHabit> <CurrentSmoker> 0 0 0 0
<5103361> <hasSmokingHabit> <NonSmoker> 0 0 0 0
<508028> <hasSmokingHabit> <PreviousSmoker> 0 0 0 0
<5103463> <hasSmokingHabit> <CurrentSmoker> 0 0 0 0
<5106960> <hasSmokingHabit> <NonSmoker> 0 0 0 0
<4911034> <hasSmokingHabit> <PreviousSmoker> 0 0 0 0
<513201> <hasSmokingHabit> <PreviousSmoker> 0 0 0 0
<513757> <hasSmokingHabit> <CurrentSmoker> 0 0 0 0
<514054> <hasSmokingHabit> <NonSmoker> 0 0 0 0
<514116> <hasSmokingHabit> <CurrentSmoker> 0 0 0 0
<514131> <hasSmokingHabit> <PreviousSmoker> 0 0 0 0
<515822> <hasSmokingHabit> <PreviousSmoker> 0 0 0 0
<516152> <hasSmokingHabit> <CurrentSmoker> 0 0 0 0
<516747> <hasSmokingHabit> <CurrentSmoker> 0 0 0 0
<5315560> <hasSmokingHabit> <PreviousSmoker> 0 0 0 0
<5316453> <hasSmokingHabit> <CurrentSmoker> 0 0 0 0
<5316516> <hasSmokingHabit> <PreviousSmoker> 0 0 0 0
<5505427> <hasSmokingHabit> <NonSmoker> 0 0 0 0
<5112365> <hasSmokingHabit> <CurrentSmoker> 0 0 0 0
<513789> <hasSmokingHabit> <PreviousSmoker> 0 0 0 0
<513838> <hasSmokingHabit> <CurrentSmoker> 0 0 0 0
<5301017> <hasSmokingHabit> <PreviousSmoker> 0 0 0 0
<5302672> <hasSmokingHabit> <CurrentSmoker> 0 0 0 0
<5305641> <hasSmokingHabit> <PreviousSmoker> 0 0 0 0
<5314334> <hasSmokingHabit> <PreviousSmoker> 0 0 0 0
<5314465> <hasSmokingHabit> <NonSmoker> 0 0 0 0
<5316414> <hasSmokingHabit> <PreviousSmoker> 0 0 0 0
<5504662> <hasSmokingHabit> <PreviousSmoker> 0 0 0 0
<514130> <hasSmokingHabit> <PreviousSmoker> 0 0 0 0
<5313852> <hasSmokingHabit> <PreviousSmoker> 0 0 0 0
<5304905> <hasSmokingHabit> <PreviousSmoker> 0 0 0 0
<5315093> <hasSmokingHabit> <PreviousSmoker> 0 0 0 0
<5502854> <hasSmokingHabit> <PreviousSmoker> 0 0 0 0
<5504922> <hasSmokingHabit> <CurrentSmoker> 0 0 0 0
<6300141> <hasSmokingHabit> <PreviousSmoker> 0 0 0 0
<6300285> <hasSmokingHabit> <PreviousSmoker> 0 0 0 0
<6304709> <hasSmokingHabit> <PreviousSmoker> 0 0 0 0
<6305100> <hasSmokingHabit> <CurrentSmoker> 0 0 0 0
<6312202> <hasSmokingHabit> <CurrentSmoker> 0 0 0 0
<513736> <hasSmokingHabit> <PreviousSmoker> 0 0 0 0
<513870> <hasSmokingHabit> <PreviousSmoker> 0 0 0 0
<517563> <hasSmokingHabit> <PreviousSmoker> 0 0 0 0
<5312272> <hasSmokingHabit> <NonSmoker> 0 0 0 0
<5316046> <hasSmokingHabit> <CurrentSmoker> 0 0 0 0
<5316343> <hasSmokingHabit> <PreviousSmoker> 0 0 0 0
<5316881> <hasSmokingHabit> <PreviousSmoker> 0 0 0 0
<517565> <hasSmokingHabit> <CurrentSmoker> 0 0 0 0
<516962> <hasSmokingHabit> <CurrentSmoker> 0 0 0 0
<5303982> <hasSmokingHabit> <CurrentSmoker> 0 0 0 0
<6312848> <hasSmokingHabit> <PreviousSmoker> 0 0 0 0
<6313379> <hasSmokingHabit> <CurrentSmoker> 0 0 0 0
<6315605> <hasSmokingHabit> <UNK> 0 0 0 0
<6316412> <hasSmokingHabit> <NonSmoker> 0 0 0 0
<6316836> <hasSmokingHabit> <NonSmoker> 0 0 0 0
<701732> <hasSmokingHabit> <NonSmoker> 0 0 0 0
<702149> <hasSmokingHabit> <PreviousSmoker> 0 0 0 0
<703494> <hasSmokingHabit> <PreviousSmoker> 0 0 0 0
<703978> <hasSmokingHabit> <CurrentSmoker> 0 0 0 0
<705376> <hasSmokingHabit> <PreviousSmoker> 0 0 0 0
<705934> <hasSmokingHabit> <PreviousSmoker> 0 0 0 0
<707797> <hasSmokingHabit> <CurrentSmoker> 0 0 0 0
<7215855> <hasSmokingHabit> <CurrentSmoker> 0 0 0 0
<7406826> <hasSmokingHabit> <CurrentSmoker> 0 0 0 0
<7407269> <hasSmokingHabit> <CurrentSmoker> 0 0 0 0
<906926> <hasSmokingHabit> <PreviousSmoker> 0 0 0 0
<908712> <hasSmokingHabit> <NonSmoker> 0 0 0 0
<909694> <hasSmokingHabit> <CurrentSmoker> 0 0 0 0
<909705> <hasSmokingHabit> <PreviousSmoker> 0 0 0 0
<916610> <hasSmokingHabit> <PreviousSmoker> 0 0 0 0
<916872> <hasSmokingHabit> <PreviousSmoker> 0 0 0 0
<916999> <hasSmokingHabit> <PreviousSmoker> 0 0 0 0
<917126> <hasSmokingHabit> <CurrentSmoker> 0 0 0 0
<6316683> <hasSmokingHabit> <CurrentSmoker> 0 0 0 0
<6317167> <hasSmokingHabit> <PreviousSmoker> 0 0 0 0
<6402605> <hasSmokingHabit> <CurrentSmoker> 0 0 0 0
<7409616> <hasSmokingHabit> <PreviousSmoker> 0 0 0 0
<7411317> <hasSmokingHabit> <CurrentSmoker> 0 0 0 0
<907275> <hasSmokingHabit> <UNK> 0 0 0 0
<909620> <hasSmokingHabit> <PreviousSmoker> 0 0 0 0
<911815> <hasSmokingHabit> <PreviousSmoker> 0 0 0 0
<6315235> <hasSmokingHabit> <CurrentSmoker> 0 0 0 0
<6315372> <hasSmokingHabit> <CurrentSmoker> 0 0 0 0
<6400586> <hasSmokingHabit> <CurrentSmoker> 0 0 0 0
<707722> <hasSmokingHabit> <PreviousSmoker> 0 0 0 0
<909701> <hasSmokingHabit> <PreviousSmoker> 0 0 0 0
<6312664> <hasSmokingHabit> <CurrentSmoker> 0 0 0 0
<6312696> <hasSmokingHabit> <PreviousSmoker> 0 0 0 0
<6312695> <hasSmokingHabit> <NonSmoker> 0 0 0 0
<707707> <hasSmokingHabit> <PreviousSmoker> 0 0 0 0
<6302480> <hasSmokingHabit> <PreviousSmoker> 0 0 0 0
<907364> <hasSmokingHabit> <PreviousSmoker> 0 0 0 0
<9704480> <hasSmokingHabit> <PreviousSmoker> 0 0 0 0
<9705189> <hasSmokingHabit> <PreviousSmoker> 0 0 0 0
<9711211> <hasSmokingHabit> <CurrentSmoker> 0 0 0 0
<9911295> <hasSmokingHabit> <PreviousSmoker> 0 0 0 0
<9914664> <hasSmokingHabit> <CurrentSmoker> 0 0 0 0
<6317372> <hasSmokingHabit> <CurrentSmoker> 0 0 0 0
<7410568> <hasSmokingHabit> <CurrentSmoker> 0 0 0 0
<6311460> <hasSmokingHabit> <CurrentSmoker> 0 0 0 0
<6314338> <hasSmokingHabit> <PreviousSmoker> 0 0 0 0
<711010> <hasSmokingHabit> <CurrentSmoker> 0 0 0 0
<9413646> <hasSmokingHabit> <UNK> 0 0 0 0
<9409190> <hasSmokingHabit> <NonSmoker> 0 0 0 0
<9708930> <hasSmokingHabit> <CurrentSmoker> 0 0 0 0
<9710761> <hasSmokingHabit> <PreviousSmoker> 0 0 0 0
<9704795> <hasSmokingHabit> <PreviousSmoker> 0 0 0 0
<307920> <hasSmokingHabit> <PreviousSmoker> 0 0 0 0
<3602467> <hasSmokingHabit> <NonSmoker> 0 0 0 0
<5306791> <hasSmokingHabit> <NonSmoker> 0 0 0 0
<512464> <hasSmokingHabit> <CurrentSmoker> 0 0 0 0
<6317434> <hasSmokingHabit> <PreviousSmoker> 0 0 0 0
<1006651> <hasSmokingHabit> <CurrentSmoker> 0 0 0 0
<10601514> <hasSmokingHabit> <PreviousSmoker> 0 0 0 0
<10607195> <hasSmokingHabit> <CurrentSmoker> 0 0 0 0
<10612162> <hasSmokingHabit> <PreviousSmoker> 0 0 0 0
<108007> <hasSmokingHabit> <CurrentSmoker> 0 0 0 0
<10803941> <hasSmokingHabit> <NonSmoker> 0 0 0 0
<108078> <hasSmokingHabit> <CurrentSmoker> 0 0 0 0
<109263> <hasSmokingHabit> <PreviousSmoker> 0 0 0 0
<108201> <hasSmokingHabit> <CurrentSmoker> 0 0 0 0
<109829> <hasSmokingHabit> <PreviousSmoker> 0 0 0 0
<10612167> <hasSmokingHabit> <PreviousSmoker> 0 0 0 0
<10610942> <hasSmokingHabit> <PreviousSmoker> 0 0 0 0
<102071> <hasSmokingHabit> <PreviousSmoker> 0 0 0 0
<10611866> <hasSmokingHabit> <CurrentSmoker> 0 0 0 0
<101823> <hasSmokingHabit> <PreviousSmoker> 0 0 0 0
<10601123> <hasSmokingHabit> <NonSmoker> 0 0 0 0
<110056> <hasSmokingHabit> <PreviousSmoker> 0 0 0 0
<110528> <hasSmokingHabit> <PreviousSmoker> 0 0 0 0
<111111> <hasSmokingHabit> <PreviousSmoker> 0 0 0 0
<112521> <hasSmokingHabit> <CurrentSmoker> 0 0 0 0
<11311921> <hasSmokingHabit> <NonSmoker> 0 0 0 0
<11312417> <hasSmokingHabit> <PreviousSmoker> 0 0 0 0
<11313603> <hasSmokingHabit> <PreviousSmoker> 0 0 0 0
<11405737> <hasSmokingHabit> <CurrentSmoker> 0 0 0 0
<107623> <hasSmokingHabit> <PreviousSmoker> 0 0 0 0
<10801083> <hasSmokingHabit> <PreviousSmoker> 0 0 0 0
<1006662> <hasSmokingHabit> <CurrentSmoker> 0 0 0 0
<1213463> <hasSmokingHabit> <NonSmoker> 0 0 0 0
<1214923> <hasSmokingHabit> <CurrentSmoker> 0 0 0 0
<1300291> <hasSmokingHabit> <PreviousSmoker> 0 0 0 0
<1300800> <hasSmokingHabit> <PreviousSmoker> 0 0 0 0
<1304950> <hasSmokingHabit> <CurrentSmoker> 0 0 0 0
<1306574> <hasSmokingHabit> <NonSmoker> 0 0 0 0
<1302063> <hasSmokingHabit> <CurrentSmoker> 0 0 0 0
<11312277> <hasSmokingHabit> <CurrentSmoker> 0 0 0 0
<11405822> <hasSmokingHabit> <CurrentSmoker> 0 0 0 0
<12915110> <hasSmokingHabit> <NonSmoker> 0 0 0 0
<1302048> <hasSmokingHabit> <NonSmoker> 0 0 0 0
<1302285> <hasSmokingHabit> <UNK> 0 0 0 0
<1305678> <hasSmokingHabit> <PreviousSmoker> 0 0 0 0
<1306139> <hasSmokingHabit> <PreviousSmoker> 0 0 0 0
<1308213> <hasSmokingHabit> <PreviousSmoker> 0 0 0 0
<1216608> <hasSmokingHabit> <CurrentSmoker> 0 0 0 0
<12914294> <hasSmokingHabit> <PreviousSmoker> 0 0 0 0
<1303497> <hasSmokingHabit> <NonSmoker> 0 0 0 0
<1305528> <hasSmokingHabit> <PreviousSmoker> 0 0 0 0
<110630> <hasSmokingHabit> <CurrentSmoker> 0 0 0 0
<112835> <hasSmokingHabit> <NonSmoker> 0 0 0 0
<12914906> <hasSmokingHabit> <CurrentSmoker> 0 0 0 0
<1300811> <hasSmokingHabit> <CurrentSmoker> 0 0 0 0
<1302224> <hasSmokingHabit> <CurrentSmoker> 0 0 0 0
<1310879> <hasSmokingHabit> <CurrentSmoker> 0 0 0 0
<1201897> <hasSmokingHabit> <CurrentSmoker> 0 0 0 0
<1300623> <hasSmokingHabit> <CurrentSmoker> 0 0 0 0
<1305686> <hasSmokingHabit> <NonSmoker> 0 0 0 0
<11314168> <hasSmokingHabit> <PreviousSmoker> 0 0 0 0
<1200110> <hasSmokingHabit> <PreviousSmoker> 0 0 0 0
<11312266> <hasSmokingHabit> <NonSmoker> 0 0 0 0
<11312322> <hasSmokingHabit> <PreviousSmoker> 0 0 0 0
<11312311> <hasSmokingHabit> <CurrentSmoker> 0 0 0 0
<11313666> <hasSmokingHabit> <PreviousSmoker> 0 0 0 0
<1312561> <hasSmokingHabit> <NonSmoker> 0 0 0 0
<1300510> <hasSmokingHabit> <NonSmoker> 0 0 0 0
<1201890> <hasSmokingHabit> <CurrentSmoker> 0 0 0 0
<1314289> <hasSmokingHabit> <NonSmoker> 0 0 0 0
<1315088> <hasSmokingHabit> <UNK> 0 0 0 0
<14715892> <hasSmokingHabit> <PreviousSmoker> 0 0 0 0
<11312363> <hasSmokingHabit> <NonSmoker> 0 0 0 0
<1204540> <hasSmokingHabit> <PreviousSmoker> 0 0 0 0
<1310295> <hasSmokingHabit> <CurrentSmoker> 0 0 0 0
<1300503> <hasSmokingHabit> <CurrentSmoker> 0 0 0 0
<1303816> <hasSmokingHabit> <CurrentSmoker> 0 0 0 0
<1500904> <hasSmokingHabit> <NonSmoker> 0 0 0 0
<1509221> <hasSmokingHabit> <NonSmoker> 0 0 0 0
<1509575> <hasSmokingHabit> <PreviousSmoker> 0 0 0 0
<201714> <hasSmokingHabit> <PreviousSmoker> 0 0 0 0
<201840> <hasSmokingHabit> <NonSmoker> 0 0 0 0
<201950> <hasSmokingHabit> <PreviousSmoker> 0 0 0 0
<202747> <hasSmokingHabit> <PreviousSmoker> 0 0 0 0
<204193> <hasSmokingHabit> <CurrentSmoker> 0 0 0 0
<204564> <hasSmokingHabit> <PreviousSmoker> 0 0 0 0
<204670> <hasSmokingHabit> <CurrentSmoker> 0 0 0 0
<1501012> <hasSmokingHabit> <CurrentSmoker> 0 0 0 0
<1509174> <hasSmokingHabit> <PreviousSmoker> 0 0 0 0
<1509751> <hasSmokingHabit> <PreviousSmoker> 0 0 0 0
<1511191> <hasSmokingHabit> <PreviousSmoker> 0 0 0 0
<1516225> <hasSmokingHabit> <CurrentSmoker> 0 0 0 0
<15700193> <hasSmokingHabit> <PreviousSmoker> 0 0 0 0
<15701723> <hasSmokingHabit> <CurrentSmoker> 0 0 0 0
<15709469> <hasSmokingHabit> <PreviousSmoker> 0 0 0 0
<201477> <hasSmokingHabit> <PreviousSmoker> 0 0 0 0
<202659> <hasSmokingHabit> <PreviousSmoker> 0 0 0 0
<204155> <hasSmokingHabit> <CurrentSmoker> 0 0 0 0
<1507229> <hasSmokingHabit> <PreviousSmoker> 0 0 0 0
<15700323> <hasSmokingHabit> <CurrentSmoker> 0 0 0 0
<15709804> <hasSmokingHabit> <PreviousSmoker> 0 0 0 0
<15714635> <hasSmokingHabit> <NonSmoker> 0 0 0 0
<1313857> <hasSmokingHabit> <PreviousSmoker> 0 0 0 0
<1504858> <hasSmokingHabit> <PreviousSmoker> 0 0 0 0
<1314787> <hasSmokingHabit> <PreviousSmoker> 0 0 0 0
<1315123> <hasSmokingHabit> <PreviousSmoker> 0 0 0 0
<1511189> <hasSmokingHabit> <PreviousSmoker> 0 0 0 0
<1513065> <hasSmokingHabit> <PreviousSmoker> 0 0 0 0
<200708> <hasSmokingHabit> <NonSmoker> 0 0 0 0
<203280> <hasSmokingHabit> <CurrentSmoker> 0 0 0 0
<14702384> <hasSmokingHabit> <PreviousSmoker> 0 0 0 0
<1514649> <hasSmokingHabit> <CurrentSmoker> 0 0 0 0
<202510> <hasSmokingHabit> <PreviousSmoker> 0 0 0 0
<1500990> <hasSmokingHabit> <CurrentSmoker> 0 0 0 0
<1314039> <hasSmokingHabit> <CurrentSmoker> 0 0 0 0
<201481> <hasSmokingHabit> <PreviousSmoker> 0 0 0 0
<201708> <hasSmokingHabit> <CurrentSmoker> 0 0 0 0
<1314582> <hasSmokingHabit> <CurrentSmoker> 0 0 0 0
<1314016> <hasSmokingHabit> <CurrentSmoker> 0 0 0 0
<15706382> <hasSmokingHabit> <PreviousSmoker> 0 0 0 0
<1314870> <hasSmokingHabit> <CurrentSmoker> 0 0 0 0
<204395> <hasSmokingHabit> <PreviousSmoker> 0 0 0 0
<207388> <hasSmokingHabit> <PreviousSmoker> 0 0 0 0
<209612> <hasSmokingHabit> <CurrentSmoker> 0 0 0 0
<2100659> <hasSmokingHabit> <CurrentSmoker> 0 0 0 0
<210268> <hasSmokingHabit> <CurrentSmoker> 0 0 0 0
<202381> <hasSmokingHabit> <PreviousSmoker> 0 0 0 0
<15707816> <hasSmokingHabit> <CurrentSmoker> 0 0 0 0
<1313461> <hasSmokingHabit> <CurrentSmoker> 0 0 0 0
<214524> <hasSmokingHabit> <PreviousSmoker> 0 0 0 0
<215382> <hasSmokingHabit> <PreviousSmoker> 0 0 0 0
<2300006> <hasSmokingHabit> <NonSmoker> 0 0 0 0
<2301144> <hasSmokingHabit> <CurrentSmoker> 0 0 0 0
<2302883> <hasSmokingHabit> <PreviousSmoker> 0 0 0 0
<2304935> <hasSmokingHabit> <NonSmoker> 0 0 0 0
<2305765> <hasSmokingHabit> <CurrentSmoker> 0 0 0 0
<2308776> <hasSmokingHabit> <CurrentSmoker> 0 0 0 0
<2406486> <hasSmokingHabit> <PreviousSmoker> 0 0 0 0
<2808261> <hasSmokingHabit> <PreviousSmoker> 0 0 0 0
<205358> <hasSmokingHabit> <PreviousSmoker> 0 0 0 0
<206084> <hasSmokingHabit> <CurrentSmoker> 0 0 0 0
<208710> <hasSmokingHabit> <PreviousSmoker> 0 0 0 0
<212276> <hasSmokingHabit> <CurrentSmoker> 0 0 0 0
<212763> <hasSmokingHabit> <CurrentSmoker> 0 0 0 0
<213742> <hasSmokingHabit> <CurrentSmoker> 0 0 0 0
<2304682> <hasSmokingHabit> <PreviousSmoker> 0 0 0 0
<2507353> <hasSmokingHabit> <CurrentSmoker> 0 0 0 0
<206542> <hasSmokingHabit> <CurrentSmoker> 0 0 0 0
<2101077> <hasSmokingHabit> <PreviousSmoker> 0 0 0 0
<2102011> <hasSmokingHabit> <PreviousSmoker> 0 0 0 0
<2102183> <hasSmokingHabit> <NonSmoker> 0 0 0 0
<212910> <hasSmokingHabit> <PreviousSmoker> 0 0 0 0
<2311938> <hasSmokingHabit> <PreviousSmoker> 0 0 0 0
<217090> <hasSmokingHabit> <NonSmoker> 0 0 0 0
<217114> <hasSmokingHabit> <PreviousSmoker> 0 0 0 0
<2311997> <hasSmokingHabit> <PreviousSmoker> 0 0 0 0
<2808754> <hasSmokingHabit> <CurrentSmoker> 0 0 0 0
<2304964> <hasSmokingHabit> <CurrentSmoker> 0 0 0 0
<2305176> <hasSmokingHabit> <CurrentSmoker> 0 0 0 0
<2100780> <hasSmokingHabit> <CurrentSmoker> 0 0 0 0
<2102592> <hasSmokingHabit> <PreviousSmoker> 0 0 0 0
<2804494> <hasSmokingHabit> <CurrentSmoker> 0 0 0 0
<2307091> <hasSmokingHabit> <CurrentSmoker> 0 0 0 0
<2100750> <hasSmokingHabit> <PreviousSmoker> 0 0 0 0
<205109> <hasSmokingHabit> <PreviousSmoker> 0 0 0 0
<2304421> <hasSmokingHabit> <CurrentSmoker> 0 0 0 0
<2100837> <hasSmokingHabit> <PreviousSmoker> 0 0 0 0
<2408592> <hasSmokingHabit> <PreviousSmoker> 0 0 0 0
<2100976> <hasSmokingHabit> <PreviousSmoker> 0 0 0 0
<2808723> <hasSmokingHabit> <CurrentSmoker> 0 0 0 0
<2100770> <hasSmokingHabit> <PreviousSmoker> 0 0 0 0
<2303254> <hasSmokingHabit> <PreviousSmoker> 0 0 0 0
<217025> <hasSmokingHabit> <PreviousSmoker> 0 0 0 0
<2810614> <hasSmokingHabit> <CurrentSmoker> 0 0 0 0
<2811049> <hasSmokingHabit> <PreviousSmoker> 0 0 0 0
<2813128> <hasSmokingHabit> <PreviousSmoker> 0 0 0 0
<2816347> <hasSmokingHabit> <CurrentSmoker> 0 0 0 0
<2904264> <hasSmokingHabit> <CurrentSmoker> 0 0 0 0
<2905791> <hasSmokingHabit> <PreviousSmoker> 0 0 0 0
<216094> <hasSmokingHabit> <CurrentSmoker> 0 0 0 0
<2307406> <hasSmokingHabit> <PreviousSmoker> 0 0 0 0
<207293> <hasSmokingHabit> <PreviousSmoker> 0 0 0 0
<202180> <hasSmokingHabit> <PreviousSmoker> 0 0 0 0
<104501> <hasSmokingHabit> <PreviousSmoker> 0 0 0 0
<10607303> <hasSmokingHabit> <PreviousSmoker> 0 0 0 0
<10613180> <hasSmokingHabit> <PreviousSmoker> 0 0 0 0
<1009256> <hasSmokingHabit> <PreviousSmoker> 0 0 0 0
<1009268> <hasSmokingHabit> <CurrentSmoker> 0 0 0 0
<102896> <hasSmokingHabit> <PreviousSmoker> 0 0 0 0
<102951> <hasSmokingHabit> <PreviousSmoker> 0 0 0 0
<108006> <hasSmokingHabit> <PreviousSmoker> 0 0 0 0
<10612141> <hasSmokingHabit> <CurrentSmoker> 0 0 0 0
<10601208> <hasSmokingHabit> <CurrentSmoker> 0 0 0 0
<107610> <hasSmokingHabit> <NonSmoker> 0 0 0 0
<109521> <hasSmokingHabit> <PreviousSmoker> 0 0 0 0
<101946> <hasSmokingHabit> <PreviousSmoker> 0 0 0 0
<100377> <hasSmokingHabit> <CurrentSmoker> 0 0 0 0
<101509> <hasSmokingHabit> <CurrentSmoker> 0 0 0 0
<102948> <hasSmokingHabit> <CurrentSmoker> 0 0 0 0
<103630> <hasSmokingHabit> <PreviousSmoker> 0 0 0 0
<109740> <hasSmokingHabit> <NonSmoker> 0 0 0 0
<1009248> <hasSmokingHabit> <PreviousSmoker> 0 0 0 0
<10600796> <hasSmokingHabit> <CurrentSmoker> 0 0 0 0
<110137> <hasSmokingHabit> <PreviousSmoker> 0 0 0 0
<110894> <hasSmokingHabit> <PreviousSmoker> 0 0 0 0
<11311943> <hasSmokingHabit> <CurrentSmoker> 0 0 0 0
<11312376> <hasSmokingHabit> <PreviousSmoker> 0 0 0 0
<11312640> <hasSmokingHabit> <NonSmoker> 0 0 0 0
<11312885> <hasSmokingHabit> <PreviousSmoker> 0 0 0 0
<11405903> <hasSmokingHabit> <NonSmoker> 0 0 0 0
<11911401> <hasSmokingHabit> <CurrentSmoker> 0 0 0 0
<1200522> <hasSmokingHabit> <CurrentSmoker> 0 0 0 0
<1201159> <hasSmokingHabit> <PreviousSmoker> 0 0 0 0
<12914154> <hasSmokingHabit> <PreviousSmoker> 0 0 0 0
<12914518> <hasSmokingHabit> <CurrentSmoker> 0 0 0 0
<1300993> <hasSmokingHabit> <CurrentSmoker> 0 0 0 0
<1301990> <hasSmokingHabit> <PreviousSmoker> 0 0 0 0
<1302155> <hasSmokingHabit> <NonSmoker> 0 0 0 0
<1305768> <hasSmokingHabit> <PreviousSmoker> 0 0 0 0
<1310263> <hasSmokingHabit> <CurrentSmoker> 0 0 0 0
<1310306> <hasSmokingHabit> <PreviousSmoker> 0 0 0 0
<1310340> <hasSmokingHabit> <PreviousSmoker> 0 0 0 0
<11311917> <hasSmokingHabit> <PreviousSmoker> 0 0 0 0
<11313191> <hasSmokingHabit> <CurrentSmoker> 0 0 0 0
<11317032> <hasSmokingHabit> <PreviousSmoker> 0 0 0 0
<11405657> <hasSmokingHabit> <PreviousSmoker> 0 0 0 0
<12914444> <hasSmokingHabit> <CurrentSmoker> 0 0 0 0
<1306053> <hasSmokingHabit> <CurrentSmoker> 0 0 0 0
<1309917> <hasSmokingHabit> <PreviousSmoker> 0 0 0 0
<11312635> <hasSmokingHabit> <PreviousSmoker> 0 0 0 0
<11913103> <hasSmokingHabit> <UNK> 0 0 0 0
<1201895> <hasSmokingHabit> <CurrentSmoker> 0 0 0 0
<1300445> <hasSmokingHabit> <PreviousSmoker> 0 0 0 0
<1214919> <hasSmokingHabit> <NonSmoker> 0 0 0 0
<1300789> <hasSmokingHabit> <CurrentSmoker> 0 0 0 0
<11317182> <hasSmokingHabit> <PreviousSmoker> 0 0 0 0
<110635> <hasSmokingHabit> <PreviousSmoker> 0 0 0 0
<1312850> <hasSmokingHabit> <CurrentSmoker> 0 0 0 0
<1306375> <hasSmokingHabit> <CurrentSmoker> 0 0 0 0
<110200> <hasSmokingHabit> <PreviousSmoker> 0 0 0 0
<11312249> <hasSmokingHabit> <PreviousSmoker> 0 0 0 0
<112838> <hasSmokingHabit> <PreviousSmoker> 0 0 0 0
<12915780> <hasSmokingHabit> <PreviousSmoker> 0 0 0 0
<1305689> <hasSmokingHabit> <PreviousSmoker> 0 0 0 0
<111016> <hasSmokingHabit> <PreviousSmoker> 0 0 0 0
<1311467> <hasSmokingHabit> <PreviousSmoker> 0 0 0 0
<1305570> <hasSmokingHabit> <CurrentSmoker> 0 0 0 0
<1313444> <hasSmokingHabit> <CurrentSmoker> 0 0 0 0
<1315426> <hasSmokingHabit> <PreviousSmoker> 0 0 0 0
<1513591> <hasSmokingHabit> <NonSmoker> 0 0 0 0
<1516288> <hasSmokingHabit> <PreviousSmoker> 0 0 0 0
<15700163> <hasSmokingHabit> <NonSmoker> 0 0 0 0
<15706359> <hasSmokingHabit> <NonSmoker> 0 0 0 0
<15709792> <hasSmokingHabit> <PreviousSmoker> 0 0 0 0
<15717531> <hasSmokingHabit> <PreviousSmoker> 0 0 0 0
<201712> <hasSmokingHabit> <NonSmoker> 0 0 0 0
<202585> <hasSmokingHabit> <CurrentSmoker> 0 0 0 0
<202786> <hasSmokingHabit> <PreviousSmoker> 0 0 0 0
<204084> <hasSmokingHabit> <CurrentSmoker> 0 0 0 0
<1505392> <hasSmokingHabit> <PreviousSmoker> 0 0 0 0
<1508106> <hasSmokingHabit> <NonSmoker> 0 0 0 0
<1509559> <hasSmokingHabit> <NonSmoker> 0 0 0 0
<1511190> <hasSmokingHabit> <CurrentSmoker> 0 0 0 0
<15700987> <hasSmokingHabit> <CurrentSmoker> 0 0 0 0
<201993> <hasSmokingHabit> <CurrentSmoker> 0 0 0 0
<202129> <hasSmokingHabit> <NonSmoker> 0 0 0 0
<203403> <hasSmokingHabit> <CurrentSmoker> 0 0 0 0
<203598> <hasSmokingHabit> <NonSmoker> 0 0 0 0
<204415> <hasSmokingHabit> <CurrentSmoker> 0 0 0 0
<14705780> <hasSmokingHabit> <PreviousSmoker> 0 0 0 0
<1504845> <hasSmokingHabit> <PreviousSmoker> 0 0 0 0
<1507752> <hasSmokingHabit> <PreviousSmoker> 0 0 0 0
<1516212> <hasSmokingHabit> <CurrentSmoker> 0 0 0 0
<18015740> <hasSmokingHabit> <NonSmoker> 0 0 0 0
<202242> <hasSmokingHabit> <PreviousSmoker> 0 0 0 0
<202342> <hasSmokingHabit> <PreviousSmoker> 0 0 0 0
<1316024> <hasSmokingHabit> <PreviousSmoker> 0 0 0 0
<1500910> <hasSmokingHabit> <PreviousSmoker> 0 0 0 0
<1514487> <hasSmokingHabit> <CurrentSmoker> 0 0 0 0
<1516298> <hasSmokingHabit> <PreviousSmoker> 0 0 0 0
<15706134> <hasSmokingHabit> <CurrentSmoker> 0 0 0 0
<202075> <hasSmokingHabit> <PreviousSmoker> 0 0 0 0
<202276> <hasSmokingHabit> <CurrentSmoker> 0 0 0 0
<204600> <hasSmokingHabit> <PreviousSmoker> 0 0 0 0
<15701583> <hasSmokingHabit> <PreviousSmoker> 0 0 0 0
<1312956> <hasSmokingHabit> <CurrentSmoker> 0 0 0 0
<203218> <hasSmokingHabit> <UNK> 0 0 0 0
<1314989> <hasSmokingHabit> <CurrentSmoker> 0 0 0 0
<18015709> <hasSmokingHabit> <CurrentSmoker> 0 0 0 0
<1511119> <hasSmokingHabit> <NonSmoker> 0 0 0 0
<204595> <hasSmokingHabit> <CurrentSmoker> 0 0 0 0
<1508125> <hasSmokingHabit> <NonSmoker> 0 0 0 0
<15700482> <hasSmokingHabit> <PreviousSmoker> 0 0 0 0
<1314785> <hasSmokingHabit> <PreviousSmoker> 0 0 0 0
<1315257> <hasSmokingHabit> <CurrentSmoker> 0 0 0 0
<14705112> <hasSmokingHabit> <PreviousSmoker> 0 0 0 0
<14703366> <hasSmokingHabit> <PreviousSmoker> 0 0 0 0
<203926> <hasSmokingHabit> <CurrentSmoker> 0 0 0 0
<209635> <hasSmokingHabit> <CurrentSmoker> 0 0 0 0
<2101031> <hasSmokingHabit> <CurrentSmoker> 0 0 0 0
<2115498> <hasSmokingHabit> <PreviousSmoker> 0 0 0 0
<2115499> <hasSmokingHabit> <PreviousSmoker> 0 0 0 0
<2115608> <hasSmokingHabit> <CurrentSmoker> 0 0 0 0
<211888> <hasSmokingHabit> <CurrentSmoker> 0 0 0 0
<2300549> <hasSmokingHabit> <PreviousSmoker> 0 0 0 0
<2303752> <hasSmokingHabit> <NonSmoker> 0 0 0 0
<2304915> <hasSmokingHabit> <CurrentSmoker> 0 0 0 0
<2407185> <hasSmokingHabit> <PreviousSmoker> 0 0 0 0
<2804056> <hasSmokingHabit> <CurrentSmoker> 0 0 0 0
<2806276> <hasSmokingHabit> <CurrentSmoker> 0 0 0 0
<210049> <hasSmokingHabit> <CurrentSmoker> 0 0 0 0
<210101> <hasSmokingHabit> <CurrentSmoker> 0 0 0 0
<210598> <hasSmokingHabit> <CurrentSmoker> 0 0 0 0
<2110959> <hasSmokingHabit> <PreviousSmoker> 0 0 0 0
<212274> <hasSmokingHabit> <CurrentSmoker> 0 0 0 0
<2304198> <hasSmokingHabit> <PreviousSmoker> 0 0 0 0
<2305296> <hasSmokingHabit> <CurrentSmoker> 0 0 0 0
<2312761> <hasSmokingHabit> <PreviousSmoker> 0 0 0 0
<2804652> <hasSmokingHabit> <CurrentSmoker> 0 0 0 0
<2804868> <hasSmokingHabit> <NonSmoker> 0 0 0 0
<217116> <hasSmokingHabit> <CurrentSmoker> 0 0 0 0
<2307243> <hasSmokingHabit> <CurrentSmoker> 0 0 0 0
<2810603> <hasSmokingHabit> <CurrentSmoker> 0 0 0 0
<205439> <hasSmokingHabit> <CurrentSmoker> 0 0 0 0
<206188> <hasSmokingHabit> <NonSmoker> 0 0 0 0
<207457> <hasSmokingHabit> <PreviousSmoker> 0 0 0 0
<213492> <hasSmokingHabit> <CurrentSmoker> 0 0 0 0
<2801998> <hasSmokingHabit> <NonSmoker> 0 0 0 0
<2808597> <hasSmokingHabit> <CurrentSmoker> 0 0 0 0
<2303378> <hasSmokingHabit> <CurrentSmoker> 0 0 0 0
<2312701> <hasSmokingHabit> <CurrentSmoker> 0 0 0 0
<2302469> <hasSmokingHabit> <CurrentSmoker> 0 0 0 0
<205390> <hasSmokingHabit> <CurrentSmoker> 0 0 0 0
<2100627> <hasSmokingHabit> <PreviousSmoker> 0 0 0 0
<2806064> <hasSmokingHabit> <PreviousSmoker> 0 0 0 0
<2804122> <hasSmokingHabit> <PreviousSmoker> 0 0 0 0
<2808726> <hasSmokingHabit> <NonSmoker> 0 0 0 0
<2100664> <hasSmokingHabit> <PreviousSmoker> 0 0 0 0
<2301520> <hasSmokingHabit> <CurrentSmoker> 0 0 0 0
<217106> <hasSmokingHabit> <PreviousSmoker> 0 0 0 0
<2109753> <hasSmokingHabit> <PreviousSmoker> 0 0 0 0
<2300063> <hasSmokingHabit> <CurrentSmoker> 0 0 0 0
<2104281> <hasSmokingHabit> <CurrentSmoker> 0 0 0 0
<2310905> <hasSmokingHabit> <PreviousSmoker> 0 0 0 0
<2405608> <hasSmokingHabit> <CurrentSmoker> 0 0 0 0
<2307997> <hasSmokingHabit> <CurrentSmoker> 0 0 0 0
<209148> <hasSmokingHabit> <NonSmoker> 0 0 0 0
<2715042> <hasSmokingHabit> <CurrentSmoker> 0 0 0 0
<2406877> <hasSmokingHabit> <PreviousSmoker> 0 0 0 0
<205330> <hasSmokingHabit> <PreviousSmoker> 0 0 0 0
<211245> <hasSmokingHabit> <PreviousSmoker> 0 0 0 0
<210444> <hasSmokingHabit> <CurrentSmoker> 0 0 0 0
<2305361> <hasSmokingHabit> <UNK> 0 0 0 0
<2806930> <hasSmokingHabit> <PreviousSmoker> 0 0 0 0
<208568> <hasSmokingHabit> <PreviousSmoker> 0 0 0 0
<2107764> <hasSmokingHabit> <PreviousSmoker> 0 0 0 0
<2813070> <hasSmokingHabit> <CurrentSmoker> 0 0 0 0
<2813115> <hasSmokingHabit> <NonSmoker> 0 0 0 0
<2815301> <hasSmokingHabit> <NonSmoker> 0 0 0 0
<2817185> <hasSmokingHabit> <CurrentSmoker> 0 0 0 0
<2900869> <hasSmokingHabit> <CurrentSmoker> 0 0 0 0
<2903115> <hasSmokingHabit> <PreviousSmoker> 0 0 0 0
<2904209> <hasSmokingHabit> <UNK> 0 0 0 0
<2917283> <hasSmokingHabit> <NonSmoker> 0 0 0 0
<2917344> <hasSmokingHabit> <PreviousSmoker> 0 0 0 0
<300367> <hasSmokingHabit> <PreviousSmoker> 0 0 0 0
<3005723> <hasSmokingHabit> <CurrentSmoker> 0 0 0 0
<3009626> <hasSmokingHabit> <CurrentSmoker> 0 0 0 0
<301987> <hasSmokingHabit> <CurrentSmoker> 0 0 0 0
<302629> <hasSmokingHabit> <CurrentSmoker> 0 0 0 0
<311823> <hasSmokingHabit> <NonSmoker> 0 0 0 0
<312135> <hasSmokingHabit> <PreviousSmoker> 0 0 0 0
<3306041> <hasSmokingHabit> <CurrentSmoker> 0 0 0 0
<3306043> <hasSmokingHabit> <PreviousSmoker> 0 0 0 0
<3404803> <hasSmokingHabit> <PreviousSmoker> 0 0 0 0
<3406728> <hasSmokingHabit> <CurrentSmoker> 0 0 0 0
<310421> <hasSmokingHabit> <NonSmoker> 0 0 0 0
<317266> <hasSmokingHabit> <PreviousSmoker> 0 0 0 0
<317377> <hasSmokingHabit> <CurrentSmoker> 0 0 0 0
<3305141> <hasSmokingHabit> <CurrentSmoker> 0 0 0 0
<3404227> <hasSmokingHabit> <CurrentSmoker> 0 0 0 0
<3404489> <hasSmokingHabit> <CurrentSmoker> 0 0 0 0
<2903693> <hasSmokingHabit> <NonSmoker> 0 0 0 0
<314300> <hasSmokingHabit> <CurrentSmoker> 0 0 0 0
<2813592> <hasSmokingHabit> <CurrentSmoker> 0 0 0 0
<2811461> <hasSmokingHabit> <NonSmoker> 0 0 0 0
<2903707> <hasSmokingHabit> <PreviousSmoker> 0 0 0 0
<303311> <hasSmokingHabit> <CurrentSmoker> 0 0 0 0
<303628> <hasSmokingHabit> <PreviousSmoker> 0 0 0 0
<300900> <hasSmokingHabit> <PreviousSmoker> 0 0 0 0
<3414703> <hasSmokingHabit> <PreviousSmoker> 0 0 0 0
<3507851> <hasSmokingHabit> <CurrentSmoker> 0 0 0 0
<3508781> <hasSmokingHabit> <PreviousSmoker> 0 0 0 0
<3509225> <hasSmokingHabit> <PreviousSmoker> 0 0 0 0
<3510322> <hasSmokingHabit> <CurrentSmoker> 0 0 0 0
<3602377> <hasSmokingHabit> <NonSmoker> 0 0 0 0
<3602417> <hasSmokingHabit> <PreviousSmoker> 0 0 0 0
<3602567> <hasSmokingHabit> <PreviousSmoker> 0 0 0 0
<3712401> <hasSmokingHabit> <PreviousSmoker> 0 0 0 0
<3714335> <hasSmokingHabit> <NonSmoker> 0 0 0 0
<3801530> <hasSmokingHabit> <NonSmoker> 0 0 0 0
<3802331> <hasSmokingHabit> <PreviousSmoker> 0 0 0 0
<3812294> <hasSmokingHabit> <CurrentSmoker> 0 0 0 0
<407415> <hasSmokingHabit> <PreviousSmoker> 0 0 0 0
<407532> <hasSmokingHabit> <PreviousSmoker> 0 0 0 0
<409899> <hasSmokingHabit> <PreviousSmoker> 0 0 0 0
<410192> <hasSmokingHabit> <NonSmoker> 0 0 0 0
<411498> <hasSmokingHabit> <CurrentSmoker> 0 0 0 0
<415942> <hasSmokingHabit> <PreviousSmoker> 0 0 0 0
<416415> <hasSmokingHabit> <CurrentSmoker> 0 0 0 0
<416483> <hasSmokingHabit> <CurrentSmoker> 0 0 0 0
<416657> <hasSmokingHabit> <PreviousSmoker> 0 0 0 0
<416706> <hasSmokingHabit> <CurrentSmoker> 0 0 0 0
<4313909> <hasSmokingHabit> <CurrentSmoker> 0 0 0 0
<4600969> <hasSmokingHabit> <CurrentSmoker> 0 0 0 0
<4601466> <hasSmokingHabit> <PreviousSmoker> 0 0 0 0
<4602214> <hasSmokingHabit> <PreviousSmoker> 0 0 0 0
<4611684> <hasSmokingHabit> <CurrentSmoker> 0 0 0 0
<4613261> <hasSmokingHabit> <NonSmoker> 0 0 0 0
<4613405> <hasSmokingHabit> <CurrentSmoker> 0 0 0 0
<410395> <hasSmokingHabit> <PreviousSmoker> 0 0 0 0
<412996> <hasSmokingHabit> <CurrentSmoker> 0 0 0 0
<415945> <hasSmokingHabit> <CurrentSmoker> 0 0 0 0
<415984> <hasSmokingHabit> <CurrentSmoker> 0 0 0 0
<416070> <hasSmokingHabit> <PreviousSmoker> 0 0 0 0
<4205835> <hasSmokingHabit> <NonSmoker> 0 0 0 0
<4602210> <hasSmokingHabit> <CurrentSmoker> 0 0 0 0
<416535> <hasSmokingHabit> <CurrentSmoker> 0 0 0 0
<3507313> <hasSmokingHabit> <CurrentSmoker> 0 0 0 0
<3510776> <hasSmokingHabit> <NonSmoker> 0 0 0 0
<417062> <hasSmokingHabit> <CurrentSmoker> 0 0 0 0
<3509539> <hasSmokingHabit> <PreviousSmoker> 0 0 0 0
<3708912> <hasSmokingHabit> <PreviousSmoker> 0 0 0 0
<3507607> <hasSmokingHabit> <CurrentSmoker> 0 0 0 0
<4910821> <hasSmokingHabit> <PreviousSmoker> 0 0 0 0
<501217> <hasSmokingHabit> <CurrentSmoker> 0 0 0 0
<501316> <hasSmokingHabit> <CurrentSmoker> 0 0 0 0
<503394> <hasSmokingHabit> <PreviousSmoker> 0 0 0 0
<503810> <hasSmokingHabit> <CurrentSmoker> 0 0 0 0
<503912> <hasSmokingHabit> <CurrentSmoker> 0 0 0 0
<507261> <hasSmokingHabit> <PreviousSmoker> 0 0 0 0
<507489> <hasSmokingHabit> <CurrentSmoker> 0 0 0 0
<507655> <hasSmokingHabit> <NonSmoker> 0 0 0 0
<507804> <hasSmokingHabit> <PreviousSmoker> 0 0 0 0
<507905> <hasSmokingHabit> <PreviousSmoker> 0 0 0 0
<508043> <hasSmokingHabit> <PreviousSmoker> 0 0 0 0
<508063> <hasSmokingHabit> <CurrentSmoker> 0 0 0 0
<508148> <hasSmokingHabit> <PreviousSmoker> 0 0 0 0
<508198> <hasSmokingHabit> <NonSmoker> 0 0 0 0
<509073> <hasSmokingHabit> <PreviousSmoker> 0 0 0 0
<509147> <hasSmokingHabit> <PreviousSmoker> 0 0 0 0
<5102817> <hasSmokingHabit> <CurrentSmoker> 0 0 0 0
<5103759> <hasSmokingHabit> <NonSmoker> 0 0 0 0
<5106487> <hasSmokingHabit> <CurrentSmoker> 0 0 0 0
<5106880> <hasSmokingHabit> <PreviousSmoker> 0 0 0 0
<503003> <hasSmokingHabit> <CurrentSmoker> 0 0 0 0
<509001> <hasSmokingHabit> <PreviousSmoker> 0 0 0 0
<5104555> <hasSmokingHabit> <PreviousSmoker> 0 0 0 0
<5106548> <hasSmokingHabit> <CurrentSmoker> 0 0 0 0
<5109326> <hasSmokingHabit> <CurrentSmoker> 0 0 0 0
<501361> <hasSmokingHabit> <PreviousSmoker> 0 0 0 0
<503175> <hasSmokingHabit> <UNK> 0 0 0 0
<503246> <hasSmokingHabit> <CurrentSmoker> 0 0 0 0
<503950> <hasSmokingHabit> <PreviousSmoker> 0 0 0 0
<503954> <hasSmokingHabit> <CurrentSmoker> 0 0 0 0
<508991> <hasSmokingHabit> <PreviousSmoker> 0 0 0 0
<5102743> <hasSmokingHabit> <CurrentSmoker> 0 0 0 0
<5107540> <hasSmokingHabit> <NonSmoker> 0 0 0 0
<510290> <hasSmokingHabit> <PreviousSmoker> 0 0 0 0
<5104447> <hasSmokingHabit> <PreviousSmoker> 0 0 0 0
<504136> <hasSmokingHabit> <CurrentSmoker> 0 0 0 0
<507652> <hasSmokingHabit> <CurrentSmoker> 0 0 0 0
<5102965> <hasSmokingHabit> <CurrentSmoker> 0 0 0 0
<503193> <hasSmokingHabit> <NonSmoker> 0 0 0 0
<508410> <hasSmokingHabit> <CurrentSmoker> 0 0 0 0
<503958> <hasSmokingHabit> <CurrentSmoker> 0 0 0 0
<5106773> <hasSmokingHabit> <CurrentSmoker> 0 0 0 0
<5111764> <hasSmokingHabit> <PreviousSmoker> 0 0 0 0
<5112289> <hasSmokingHabit> <CurrentSmoker> 0 0 0 0
<5117388> <hasSmokingHabit> <CurrentSmoker> 0 0 0 0
<512576> <hasSmokingHabit> <PreviousSmoker> 0 0 0 0
<513221> <hasSmokingHabit> <PreviousSmoker> 0 0 0 0
<513251> <hasSmokingHabit> <NonSmoker> 0 0 0 0
<514308> <hasSmokingHabit> <CurrentSmoker> 0 0 0 0
<514371> <hasSmokingHabit> <CurrentSmoker> 0 0 0 0
<516242> <hasSmokingHabit> <PreviousSmoker> 0 0 0 0
<516914> <hasSmokingHabit> <PreviousSmoker> 0 0 0 0
<5301016> <hasSmokingHabit> <CurrentSmoker> 0 0 0 0
<5307066> <hasSmokingHabit> <CurrentSmoker> 0 0 0 0
<5313206> <hasSmokingHabit> <CurrentSmoker> 0 0 0 0
<5313442> <hasSmokingHabit> <PreviousSmoker> 0 0 0 0
<5315355> <hasSmokingHabit> <CurrentSmoker> 0 0 0 0
<5316089> <hasSmokingHabit> <CurrentSmoker> 0 0 0 0
<5316314> <hasSmokingHabit> <PreviousSmoker> 0 0 0 0
<5316570> <hasSmokingHabit> <CurrentSmoker> 0 0 0 0
<5316596> <hasSmokingHabit> <CurrentSmoker> 0 0 0 0
<5316652> <hasSmokingHabit> <CurrentSmoker> 0 0 0 0
<5501933> <hasSmokingHabit> <CurrentSmoker> 0 0 0 0
<5115558> <hasSmokingHabit> <PreviousSmoker> 0 0 0 0
<5116959> <hasSmokingHabit> <PreviousSmoker> 0 0 0 0
<5116971> <hasSmokingHabit> <CurrentSmoker> 0 0 0 0
<512601> <hasSmokingHabit> <NonSmoker> 0 0 0 0
<513137> <hasSmokingHabit> <CurrentSmoker> 0 0 0 0
<5303096> <hasSmokingHabit> <NonSmoker> 0 0 0 0
<5313306> <hasSmokingHabit> <CurrentSmoker> 0 0 0 0
<5314297> <hasSmokingHabit> <CurrentSmoker> 0 0 0 0
<5316450> <hasSmokingHabit> <CurrentSmoker> 0 0 0 0
<513775> <hasSmokingHabit> <NonSmoker> 0 0 0 0
<516214> <hasSmokingHabit> <CurrentSmoker> 0 0 0 0
<5314810> <hasSmokingHabit> <PreviousSmoker> 0 0 0 0
<5315035> <hasSmokingHabit> <PreviousSmoker> 0 0 0 0
<5317580> <hasSmokingHabit> <PreviousSmoker> 0 0 0 0
<513732> <hasSmokingHabit> <CurrentSmoker> 0 0 0 0
<5312262> <hasSmokingHabit> <PreviousSmoker> 0 0 0 0
<5315156> <hasSmokingHabit> <PreviousSmoker> 0 0 0 0
<5115925> <hasSmokingHabit> <CurrentSmoker> 0 0 0 0
<5114978> <hasSmokingHabit> <NonSmoker> 0 0 0 0
<513047> <hasSmokingHabit> <CurrentSmoker> 0 0 0 0
<514251> <hasSmokingHabit> <CurrentSmoker> 0 0 0 0
<514314> <hasSmokingHabit> <PreviousSmoker> 0 0 0 0
<5316429> <hasSmokingHabit> <PreviousSmoker> 0 0 0 0
<5305394> <hasSmokingHabit> <PreviousSmoker> 0 0 0 0
<6301532> <hasSmokingHabit> <PreviousSmoker> 0 0 0 0
<6302589> <hasSmokingHabit> <PreviousSmoker> 0 0 0 0
<6302595> <hasSmokingHabit> <PreviousSmoker> 0 0 0 0
<6313607> <hasSmokingHabit> <CurrentSmoker> 0 0 0 0
<6315865> <hasSmokingHabit> <NonSmoker> 0 0 0 0
<6316499> <hasSmokingHabit> <PreviousSmoker> 0 0 0 0
<6317379> <hasSmokingHabit> <CurrentSmoker> 0 0 0 0
<6317437> <hasSmokingHabit> <CurrentSmoker> 0 0 0 0
<6400527> <hasSmokingHabit> <CurrentSmoker> 0 0 0 0
<6403164> <hasSmokingHabit> <CurrentSmoker> 0 0 0 0
<6901043> <hasSmokingHabit> <NonSmoker> 0 0 0 0
<705754> <hasSmokingHabit> <PreviousSmoker> 0 0 0 0
<707715> <hasSmokingHabit> <NonSmoker> 0 0 0 0
<7404363> <hasSmokingHabit> <PreviousSmoker> 0 0 0 0
<7407270> <hasSmokingHabit> <NonSmoker> 0 0 0 0
<900593> <hasSmokingHabit> <PreviousSmoker> 0 0 0 0
<901961> <hasSmokingHabit> <NonSmoker> 0 0 0 0
<906996> <hasSmokingHabit> <PreviousSmoker> 0 0 0 0
<909767> <hasSmokingHabit> <PreviousSmoker> 0 0 0 0
<911555> <hasSmokingHabit> <CurrentSmoker> 0 0 0 0
<916710> <hasSmokingHabit> <PreviousSmoker> 0 0 0 0
<6304654> <hasSmokingHabit> <PreviousSmoker> 0 0 0 0
<6311832> <hasSmokingHabit> <CurrentSmoker> 0 0 0 0
<6315360> <hasSmokingHabit> <NonSmoker> 0 0 0 0
<701599> <hasSmokingHabit> <CurrentSmoker> 0 0 0 0
<707475> <hasSmokingHabit> <CurrentSmoker> 0 0 0 0
<900416> <hasSmokingHabit> <PreviousSmoker> 0 0 0 0
<906975> <hasSmokingHabit> <NonSmoker> 0 0 0 0
<911551> <hasSmokingHabit> <CurrentSmoker> 0 0 0 0
<6402399> <hasSmokingHabit> <PreviousSmoker> 0 0 0 0
<701596> <hasSmokingHabit> <CurrentSmoker> 0 0 0 0
<7410921> <hasSmokingHabit> <PreviousSmoker> 0 0 0 0
<7411518> <hasSmokingHabit> <CurrentSmoker> 0 0 0 0
<901402> <hasSmokingHabit> <PreviousSmoker> 0 0 0 0
<6304731> <hasSmokingHabit> <PreviousSmoker> 0 0 0 0
<5506319> <hasSmokingHabit> <PreviousSmoker> 0 0 0 0
<6312628> <hasSmokingHabit> <CurrentSmoker> 0 0 0 0
<6315247> <hasSmokingHabit> <PreviousSmoker> 0 0 0 0
<6316807> <hasSmokingHabit> <CurrentSmoker> 0 0 0 0
<701806> <hasSmokingHabit> <PreviousSmoker> 0 0 0 0
<6301704> <hasSmokingHabit> <CurrentSmoker> 0 0 0 0
<901403> <hasSmokingHabit> <PreviousSmoker> 0 0 0 0
<916910> <hasSmokingHabit> <NonSmoker> 0 0 0 0
<9703151> <hasSmokingHabit> <CurrentSmoker> 0 0 0 0
<9704263> <hasSmokingHabit> <CurrentSmoker> 0 0 0 0
<9705160> <hasSmokingHabit> <CurrentSmoker> 0 0 0 0
<9709319> <hasSmokingHabit> <PreviousSmoker> 0 0 0 0
<9711717> <hasSmokingHabit> <CurrentSmoker> 0 0 0 0
<9914867> <hasSmokingHabit> <PreviousSmoker> 0 0 0 0
<9408891> <hasSmokingHabit> <PreviousSmoker> 0 0 0 0
<9409216> <hasSmokingHabit> <NonSmoker> 0 0 0 0
<9414250> <hasSmokingHabit> <CurrentSmoker> 0 0 0 0
<9908918> <hasSmokingHabit> <PreviousSmoker> 0 0 0 0
<9909317> <hasSmokingHabit> <CurrentSmoker> 0 0 0 0
<9914892> <hasSmokingHabit> <PreviousSmoker> 0 0 0 0
<9911296> <hasSmokingHabit> <PreviousSmoker> 0 0 0 0
<911658> <hasSmokingHabit> <NonSmoker> 0 0 0 0
<9711721> <hasSmokingHabit> <CurrentSmoker> 0 0 0 0
<917237> <hasSmokingHabit> <NonSmoker> 0 0 0 0
<708236> <hasSmokingHabit> <CurrentSmoker> 0 0 0 0
<9408652> <hasSmokingHabit> <PreviousSmoker> 0 0 0 0
<9416379> <hasSmokingHabit> <PreviousSmoker> 0 0 0 0
<909768> <hasSmokingHabit> <PreviousSmoker> 0 0 0 0
<702709> <hasSmokingHabit> <PreviousSmoker> 0 0 0 0
<908817> <hasSmokingHabit> <PreviousSmoker> 0 0 0 0
<9410282> <hasSmokingHabit> <PreviousSmoker> 0 0 0 0
<1300761> <hasSmokingHabit> <PreviousSmoker> 0 0 0 0
<11313190> <hasSmokingHabit> <CurrentSmoker> 0 0 0 0
<202414> <hasSmokingHabit> <PreviousSmoker> 0 0 0 0
<3306067> <hasSmokingHabit> <PreviousSmoker> 0 0 0 0
<3703051> <hasSmokingHabit> <PreviousSmoker> 0 0 0 0
<512776> <hasSmokingHabit> <NonSmoker> 0 0 0 0
