<103882> <age_category> <old> 0 0 0 0
<104451> <age_category> <old> 0 0 0 0
<10607195> <age_category> <old> 0 0 0 0
<10803374> <age_category> <old> 0 0 0 0
<108166> <age_category> <old> 0 0 0 0
<108251> <age_category> <old> 0 0 0 0
<111409> <age_category> <old> 0 0 0 0
<11311972> <age_category> <old> 0 0 0 0
<11312466> <age_category> <old> 0 0 0 0
<11405903> <age_category> <young> 0 0 0 0
<1201021> <age_category> <old> 0 0 0 0
<1202332> <age_category> <old> 0 0 0 0
<12914279> <age_category> <old> 0 0 0 0
<12914317> <age_category> <old> 0 0 0 0
<12914318> <age_category> <old> 0 0 0 0
<12914940> <age_category> <old> 0 0 0 0
<1300875> <age_category> <old> 0 0 0 0
<1303817> <age_category> <old> 0 0 0 0
<1306190> <age_category> <young> 0 0 0 0
<1306336> <age_category> <old> 0 0 0 0
<1306612> <age_category> <old> 0 0 0 0
<1310063> <age_category> <old> 0 0 0 0
<1310339> <age_category> <old> 0 0 0 0
<1311793> <age_category> <old> 0 0 0 0
<12914287> <age_category> <old> 0 0 0 0
<1300452> <age_category> <old> 0 0 0 0
<1305499> <age_category> <old> 0 0 0 0
<1309848> <age_category> <old> 0 0 0 0
<110077> <age_category> <old> 0 0 0 0
<12914854> <age_category> <old> 0 0 0 0
<1215755> <age_category> <old> 0 0 0 0
<1314954> <age_category> <old> 0 0 0 0
<1314955> <age_category> <old> 0 0 0 0
<1315061> <age_category> <old> 0 0 0 0
<1315229> <age_category> <old> 0 0 0 0
<1315341> <age_category> <old> 0 0 0 0
<1315408> <age_category> <old> 0 0 0 0
<1315426> <age_category> <old> 0 0 0 0
<1511160> <age_category> <old> 0 0 0 0
<15701720> <age_category> <old> 0 0 0 0
<15702369> <age_category> <old> 0 0 0 0
<15702836> <age_category> <old> 0 0 0 0
<102867> <age_category> <old> 0 0 0 0
<1006654> <age_category> <old> 0 0 0 0
<109393> <age_category> <old> 0 0 0 0
<112098> <age_category> <old> 0 0 0 0
<11405657> <age_category> <old> 0 0 0 0
<1215387> <age_category> <old> 0 0 0 0
<109746> <age_category> <old> 0 0 0 0
<12915897> <age_category> <old> 0 0 0 0
<109502> <age_category> <old> 0 0 0 0
<1315056> <age_category> <old> 0 0 0 0
<107949> <age_category> <old> 0 0 0 0
<1305678> <age_category> <old> 0 0 0 0
<116641> <age_category> <old> 0 0 0 0
<1315162> <age_category> <old> 0 0 0 0
<104393> <age_category> <old> 0 0 0 0
<1310186> <age_category> <old> 0 0 0 0
<102071> <age_category> <old> 0 0 0 0
<11313881> <age_category> <old> 0 0 0 0
<12916091> <age_category> <old> 0 0 0 0
<15709814> <age_category> <old> 0 0 0 0
<15715004> <age_category> <old> 0 0 0 0
<201477> <age_category> <old> 0 0 0 0
<10606315> <age_category> <old> 0 0 0 0
<108172> <age_category> <old> 0 0 0 0
<1200712> <age_category> <old> 0 0 0 0
<1315228> <age_category> <old> 0 0 0 0
<1315539> <age_category> <old> 0 0 0 0
<14702309> <age_category> <young> 0 0 0 0
<1506933> <age_category> <young> 0 0 0 0
<1304953> <age_category> <old> 0 0 0 0
<1302065> <age_category> <old> 0 0 0 0
<1312869> <age_category> <old> 0 0 0 0
<202548> <age_category> <old> 0 0 0 0
<203399> <age_category> <old> 0 0 0 0
<203418> <age_category> <old> 0 0 0 0
<204212> <age_category> <old> 0 0 0 0
<1314755> <age_category> <old> 0 0 0 0
<15706138> <age_category> <old> 0 0 0 0
<201564> <age_category> <old> 0 0 0 0
<202079> <age_category> <old> 0 0 0 0
<1505050> <age_category> <young> 0 0 0 0
<203255> <age_category> <old> 0 0 0 0
<205440> <age_category> <old> 0 0 0 0
<206233> <age_category> <old> 0 0 0 0
<206325> <age_category> <old> 0 0 0 0
<208932> <age_category> <young> 0 0 0 0
<209456> <age_category> <old> 0 0 0 0
<209986> <age_category> <old> 0 0 0 0
<210998> <age_category> <old> 0 0 0 0
<212477> <age_category> <old> 0 0 0 0
<213492> <age_category> <old> 0 0 0 0
<217065> <age_category> <old> 0 0 0 0
<2300036> <age_category> <old> 0 0 0 0
<2300122> <age_category> <old> 0 0 0 0
<2302820> <age_category> <old> 0 0 0 0
<2303591> <age_category> <old> 0 0 0 0
<2305672> <age_category> <young> 0 0 0 0
<2308933> <age_category> <old> 0 0 0 0
<2311680> <age_category> <old> 0 0 0 0
<2405798> <age_category> <old> 0 0 0 0
<2505024> <age_category> <young> 0 0 0 0
<2804352> <age_category> <old> 0 0 0 0
<211888> <age_category> <old> 0 0 0 0
<2303892> <age_category> <old> 0 0 0 0
<2312545> <age_category> <old> 0 0 0 0
<210578> <age_category> <old> 0 0 0 0
<2311903> <age_category> <old> 0 0 0 0
<2808851> <age_category> <old> 0 0 0 0
<2809241> <age_category> <old> 0 0 0 0
<2814499> <age_category> <old> 0 0 0 0
<2816459> <age_category> <old> 0 0 0 0
<2816709> <age_category> <old> 0 0 0 0
<2910532> <age_category> <old> 0 0 0 0
<2916021> <age_category> <old> 0 0 0 0
<2917289> <age_category> <old> 0 0 0 0
<3008569> <age_category> <old> 0 0 0 0
<3012748> <age_category> <old> 0 0 0 0
<3016928> <age_category> <old> 0 0 0 0
<301984> <age_category> <old> 0 0 0 0
<203544> <age_category> <old> 0 0 0 0
<1314912> <age_category> <old> 0 0 0 0
<1516298> <age_category> <old> 0 0 0 0
<1314756> <age_category> <old> 0 0 0 0
<202104> <age_category> <old> 0 0 0 0
<1513048> <age_category> <old> 0 0 0 0
<203347> <age_category> <young> 0 0 0 0
<207990> <age_category> <old> 0 0 0 0
<2106624> <age_category> <old> 0 0 0 0
<212088> <age_category> <old> 0 0 0 0
<2303534> <age_category> <young> 0 0 0 0
<211141> <age_category> <old> 0 0 0 0
<2300018> <age_category> <old> 0 0 0 0
<2406569> <age_category> <old> 0 0 0 0
<210611> <age_category> <old> 0 0 0 0
<2305176> <age_category> <old> 0 0 0 0
<2811792> <age_category> <old> 0 0 0 0
<2917349> <age_category> <old> 0 0 0 0
<3009980> <age_category> <old> 0 0 0 0
<204214> <age_category> <old> 0 0 0 0
<1313609> <age_category> <old> 0 0 0 0
<207914> <age_category> <old> 0 0 0 0
<210231> <age_category> <young> 0 0 0 0
<2109197> <age_category> <old> 0 0 0 0
<1314666> <age_category> <old> 0 0 0 0
<2304602> <age_category> <old> 0 0 0 0
<2804785> <age_category> <old> 0 0 0 0
<2300009> <age_category> <old> 0 0 0 0
<202177> <age_category> <old> 0 0 0 0
<2301408> <age_category> <old> 0 0 0 0
<2306900> <age_category> <old> 0 0 0 0
<2305575> <age_category> <old> 0 0 0 0
<306282> <age_category> <old> 0 0 0 0
<306397> <age_category> <old> 0 0 0 0
<307197> <age_category> <young> 0 0 0 0
<310418> <age_category> <old> 0 0 0 0
<311537> <age_category> <old> 0 0 0 0
<311826> <age_category> <old> 0 0 0 0
<316445> <age_category> <old> 0 0 0 0
<203636> <age_category> <old> 0 0 0 0
<204069> <age_category> <old> 0 0 0 0
<1315613> <age_category> <old> 0 0 0 0
<205360> <age_category> <old> 0 0 0 0
<2304865> <age_category> <old> 0 0 0 0
<2310802> <age_category> <old> 0 0 0 0
<2304804> <age_category> <old> 0 0 0 0
<2100738> <age_category> <old> 0 0 0 0
<15706844> <age_category> <old> 0 0 0 0
<202472> <age_category> <old> 0 0 0 0
<2300558> <age_category> <old> 0 0 0 0
<2103457> <age_category> <old> 0 0 0 0
<202137> <age_category> <old> 0 0 0 0
<202191> <age_category> <old> 0 0 0 0
<202494> <age_category> <old> 0 0 0 0
<311673> <age_category> <old> 0 0 0 0
<3317491> <age_category> <old> 0 0 0 0
<3507637> <age_category> <old> 0 0 0 0
<3509358> <age_category> <old> 0 0 0 0
<311567> <age_category> <old> 0 0 0 0
<3315524> <age_category> <old> 0 0 0 0
<2812019> <age_category> <old> 0 0 0 0
<317497> <age_category> <old> 0 0 0 0
<2808831> <age_category> <old> 0 0 0 0
<3309851> <age_category> <old> 0 0 0 0
<3510427> <age_category> <old> 0 0 0 0
<3510684> <age_category> <old> 0 0 0 0
<3702764> <age_category> <old> 0 0 0 0
<3708753> <age_category> <old> 0 0 0 0
<3709310> <age_category> <old> 0 0 0 0
<3801517> <age_category> <old> 0 0 0 0
<407421> <age_category> <old> 0 0 0 0
<409815> <age_category> <young> 0 0 0 0
<410114> <age_category> <old> 0 0 0 0
<416426> <age_category> <old> 0 0 0 0
<416663> <age_category> <old> 0 0 0 0
<417168> <age_category> <young> 0 0 0 0
<417176> <age_category> <young> 0 0 0 0
<4205998> <age_category> <young> 0 0 0 0
<4305619> <age_category> <old> 0 0 0 0
<501308> <age_category> <old> 0 0 0 0
<410384> <age_category> <old> 0 0 0 0
<4601466> <age_category> <old> 0 0 0 0
<4910534> <age_category> <old> 0 0 0 0
<4910670> <age_category> <old> 0 0 0 0
<4201848> <age_category> <old> 0 0 0 0
<409291> <age_category> <young> 0 0 0 0
<4201847> <age_category> <old> 0 0 0 0
<4911243> <age_category> <old> 0 0 0 0
<502969> <age_category> <old> 0 0 0 0
<503060> <age_category> <old> 0 0 0 0
<503804> <age_category> <old> 0 0 0 0
<507555> <age_category> <old> 0 0 0 0
<507564> <age_category> <old> 0 0 0 0
<507894> <age_category> <old> 0 0 0 0
<508416> <age_category> <old> 0 0 0 0
<508442> <age_category> <old> 0 0 0 0
<508521> <age_category> <young> 0 0 0 0
<508975> <age_category> <young> 0 0 0 0
<509011> <age_category> <old> 0 0 0 0
<509035> <age_category> <old> 0 0 0 0
<3316688> <age_category> <old> 0 0 0 0
<3507867> <age_category> <young> 0 0 0 0
<301411> <age_category> <old> 0 0 0 0
<3602421> <age_category> <old> 0 0 0 0
<408732> <age_category> <old> 0 0 0 0
<409672> <age_category> <old> 0 0 0 0
<410023> <age_category> <old> 0 0 0 0
<411495> <age_category> <old> 0 0 0 0
<416632> <age_category> <old> 0 0 0 0
<4910764> <age_category> <old> 0 0 0 0
<501225> <age_category> <old> 0 0 0 0
<410380> <age_category> <old> 0 0 0 0
<417101> <age_category> <old> 0 0 0 0
<415778> <age_category> <old> 0 0 0 0
<412099> <age_category> <old> 0 0 0 0
<417073> <age_category> <old> 0 0 0 0
<508949> <age_category> <old> 0 0 0 0
<509016> <age_category> <young> 0 0 0 0
<305074> <age_category> <old> 0 0 0 0
<2900532> <age_category> <old> 0 0 0 0
<3801527> <age_category> <old> 0 0 0 0
<417099> <age_category> <old> 0 0 0 0
<4602211> <age_category> <old> 0 0 0 0
<4911085> <age_category> <old> 0 0 0 0
<509029> <age_category> <old> 0 0 0 0
<501221> <age_category> <old> 0 0 0 0
<3406780> <age_category> <old> 0 0 0 0
<5102779> <age_category> <old> 0 0 0 0
<510281> <age_category> <old> 0 0 0 0
<5104119> <age_category> <old> 0 0 0 0
<5105550> <age_category> <old> 0 0 0 0
<5106372> <age_category> <old> 0 0 0 0
<2811572> <age_category> <old> 0 0 0 0
<3709592> <age_category> <old> 0 0 0 0
<417588> <age_category> <old> 0 0 0 0
<4605313> <age_category> <old> 0 0 0 0
<508534> <age_category> <old> 0 0 0 0
<3508660> <age_category> <old> 0 0 0 0
<2903739> <age_category> <old> 0 0 0 0
<501290> <age_category> <old> 0 0 0 0
<307005> <age_category> <old> 0 0 0 0
<415986> <age_category> <old> 0 0 0 0
<5107047> <age_category> <old> 0 0 0 0
<5107283> <age_category> <old> 0 0 0 0
<5109126> <age_category> <old> 0 0 0 0
<5110377> <age_category> <old> 0 0 0 0
<5111637> <age_category> <old> 0 0 0 0
<5112073> <age_category> <old> 0 0 0 0
<5112448> <age_category> <old> 0 0 0 0
<5112560> <age_category> <old> 0 0 0 0
<5114908> <age_category> <old> 0 0 0 0
<5116909> <age_category> <old> 0 0 0 0
<5116970> <age_category> <old> 0 0 0 0
<512468> <age_category> <old> 0 0 0 0
<509007> <age_category> <old> 0 0 0 0
<503931> <age_category> <old> 0 0 0 0
<513085> <age_category> <old> 0 0 0 0
<513309> <age_category> <old> 0 0 0 0
<513360> <age_category> <old> 0 0 0 0
<513624> <age_category> <old> 0 0 0 0
<513696> <age_category> <old> 0 0 0 0
<513734> <age_category> <old> 0 0 0 0
<514225> <age_category> <young> 0 0 0 0
<514280> <age_category> <old> 0 0 0 0
<516650> <age_category> <old> 0 0 0 0
<517149> <age_category> <young> 0 0 0 0
<5305488> <age_category> <young> 0 0 0 0
<5305674> <age_category> <old> 0 0 0 0
<5311818> <age_category> <old> 0 0 0 0
<5312484> <age_category> <old> 0 0 0 0
<5313315> <age_category> <old> 0 0 0 0
<5313390> <age_category> <old> 0 0 0 0
<5314010> <age_category> <old> 0 0 0 0
<5314733> <age_category> <old> 0 0 0 0
<5314800> <age_category> <old> 0 0 0 0
<5314852> <age_category> <old> 0 0 0 0
<5314901> <age_category> <old> 0 0 0 0
<5315035> <age_category> <old> 0 0 0 0
<5315253> <age_category> <old> 0 0 0 0
<5316260> <age_category> <old> 0 0 0 0
<5316292> <age_category> <old> 0 0 0 0
<5316658> <age_category> <old> 0 0 0 0
<5501636> <age_category> <old> 0 0 0 0
<5502156> <age_category> <old> 0 0 0 0
<5504802> <age_category> <old> 0 0 0 0
<5504922> <age_category> <old> 0 0 0 0
<5815095> <age_category> <old> 0 0 0 0
<6300509> <age_category> <old> 0 0 0 0
<6300960> <age_category> <old> 0 0 0 0
<6303489> <age_category> <old> 0 0 0 0
<6304730> <age_category> <old> 0 0 0 0
<6311769> <age_category> <old> 0 0 0 0
<6311777> <age_category> <old> 0 0 0 0
<6311800> <age_category> <old> 0 0 0 0
<6311988> <age_category> <old> 0 0 0 0
<5315208> <age_category> <old> 0 0 0 0
<516385> <age_category> <old> 0 0 0 0
<6315216> <age_category> <old> 0 0 0 0
<6315300> <age_category> <old> 0 0 0 0
<6315513> <age_category> <old> 0 0 0 0
<6316917> <age_category> <old> 0 0 0 0
<6317166> <age_category> <old> 0 0 0 0
<6317205> <age_category> <old> 0 0 0 0
<6400268> <age_category> <old> 0 0 0 0
<6402742> <age_category> <old> 0 0 0 0
<6605758> <age_category> <old> 0 0 0 0
<6900342> <age_category> <young> 0 0 0 0
<701832> <age_category> <old> 0 0 0 0
<703055> <age_category> <old> 0 0 0 0
<703814> <age_category> <old> 0 0 0 0
<709156> <age_category> <old> 0 0 0 0
<7105778> <age_category> <old> 0 0 0 0
<712795> <age_category> <old> 0 0 0 0
<715150> <age_category> <old> 0 0 0 0
<7405346> <age_category> <old> 0 0 0 0
<7409166> <age_category> <young> 0 0 0 0
<8311454> <age_category> <old> 0 0 0 0
<906938> <age_category> <old> 0 0 0 0
<5110403> <age_category> <old> 0 0 0 0
<504066> <age_category> <old> 0 0 0 0
<5105383> <age_category> <old> 0 0 0 0
<5106762> <age_category> <old> 0 0 0 0
<513816> <age_category> <old> 0 0 0 0
<5315665> <age_category> <old> 0 0 0 0
<5504774> <age_category> <old> 0 0 0 0
<7101193> <age_category> <old> 0 0 0 0
<5114543> <age_category> <old> 0 0 0 0
<5106178> <age_category> <old> 0 0 0 0
<6301799> <age_category> <old> 0 0 0 0
<5106521> <age_category> <old> 0 0 0 0
<5307285> <age_category> <young> 0 0 0 0
<5317507> <age_category> <old> 0 0 0 0
<504132> <age_category> <old> 0 0 0 0
<5314458> <age_category> <old> 0 0 0 0
<5301718> <age_category> <old> 0 0 0 0
<6608733> <age_category> <old> 0 0 0 0
<5116374> <age_category> <old> 0 0 0 0
<509062> <age_category> <old> 0 0 0 0
<516257> <age_category> <young> 0 0 0 0
<503181> <age_category> <old> 0 0 0 0
<907204> <age_category> <old> 0 0 0 0
<909701> <age_category> <old> 0 0 0 0
<911617> <age_category> <old> 0 0 0 0
<916771> <age_category> <old> 0 0 0 0
<916890> <age_category> <old> 0 0 0 0
<5107219> <age_category> <old> 0 0 0 0
<514181> <age_category> <old> 0 0 0 0
<709444> <age_category> <old> 0 0 0 0
<513847> <age_category> <old> 0 0 0 0
<906894> <age_category> <old> 0 0 0 0
<503849> <age_category> <old> 0 0 0 0
<5315223> <age_category> <old> 0 0 0 0
<909721> <age_category> <old> 0 0 0 0
<916899> <age_category> <old> 0 0 0 0
<9410283> <age_category> <old> 0 0 0 0
<9414355> <age_category> <old> 0 0 0 0
<9702922> <age_category> <old> 0 0 0 0
<9702988> <age_category> <old> 0 0 0 0
<9709897> <age_category> <old> 0 0 0 0
<9713406> <age_category> <old> 0 0 0 0
<9714390> <age_category> <old> 0 0 0 0
<7000349> <age_category> <old> 0 0 0 0
<7409548> <age_category> <old> 0 0 0 0
<9417552> <age_category> <old> 0 0 0 0
<7717171> <age_category> <old> 0 0 0 0
<9703517> <age_category> <old> 0 0 0 0
<9711691> <age_category> <old> 0 0 0 0
<6402215> <age_category> <old> 0 0 0 0
<9413542> <age_category> <young> 0 0 0 0
<716472> <age_category> <old> 0 0 0 0
<9705416> <age_category> <old> 0 0 0 0
<906917> <age_category> <old> 0 0 0 0
<6317175> <age_category> <old> 0 0 0 0
<909674> <age_category> <old> 0 0 0 0
<917123> <age_category> <old> 0 0 0 0
<908817> <age_category> <old> 0 0 0 0
<7406502> <age_category> <old> 0 0 0 0
<6402756> <age_category> <old> 0 0 0 0
<1214096> <age_category> <old> 0 0 0 0
<1300761> <age_category> <old> 0 0 0 0
<202938> <age_category> <old> 0 0 0 0
<3404295> <age_category> <old> 0 0 0 0
<410356> <age_category> <old> 0 0 0 0
<411545> <age_category> <old> 0 0 0 0
<5102970> <age_category> <old> 0 0 0 0
<101435> <age_category> <old> 0 0 0 0
<102004> <age_category> <young> 0 0 0 0
<102365> <age_category> <old> 0 0 0 0
<10600759> <age_category> <old> 0 0 0 0
<10601123> <age_category> <young> 0 0 0 0
<1006661> <age_category> <old> 0 0 0 0
<1006640> <age_category> <old> 0 0 0 0
<101946> <age_category> <old> 0 0 0 0
<102860> <age_category> <old> 0 0 0 0
<10610642> <age_category> <old> 0 0 0 0
<10612016> <age_category> <old> 0 0 0 0
<10806007> <age_category> <old> 0 0 0 0
<10812842> <age_category> <old> 0 0 0 0
<10812846> <age_category> <old> 0 0 0 0
<109400> <age_category> <old> 0 0 0 0
<112091> <age_category> <old> 0 0 0 0
<11311921> <age_category> <old> 0 0 0 0
<11313858> <age_category> <old> 0 0 0 0
<116536> <age_category> <old> 0 0 0 0
<116597> <age_category> <old> 0 0 0 0
<1213175> <age_category> <old> 0 0 0 0
<1214791> <age_category> <old> 0 0 0 0
<1216563> <age_category> <old> 0 0 0 0
<1300781> <age_category> <old> 0 0 0 0
<1303743> <age_category> <old> 0 0 0 0
<1305485> <age_category> <old> 0 0 0 0
<1306027> <age_category> <old> 0 0 0 0
<1306340> <age_category> <old> 0 0 0 0
<1306352> <age_category> <old> 0 0 0 0
<1306614> <age_category> <old> 0 0 0 0
<109409> <age_category> <old> 0 0 0 0
<11312472> <age_category> <old> 0 0 0 0
<1201891> <age_category> <old> 0 0 0 0
<1215553> <age_category> <old> 0 0 0 0
<1302023> <age_category> <old> 0 0 0 0
<1310340> <age_category> <old> 0 0 0 0
<1303612> <age_category> <old> 0 0 0 0
<1304639> <age_category> <old> 0 0 0 0
<1314613> <age_category> <young> 0 0 0 0
<1315003> <age_category> <old> 0 0 0 0
<1315263> <age_category> <old> 0 0 0 0
<1315677> <age_category> <old> 0 0 0 0
<1507379> <age_category> <old> 0 0 0 0
<1511163> <age_category> <old> 0 0 0 0
<15715008> <age_category> <old> 0 0 0 0
<201561> <age_category> <old> 0 0 0 0
<202091> <age_category> <old> 0 0 0 0
<202361> <age_category> <old> 0 0 0 0
<10601210> <age_category> <old> 0 0 0 0
<102737> <age_category> <old> 0 0 0 0
<10815687> <age_category> <old> 0 0 0 0
<108162> <age_category> <old> 0 0 0 0
<11405982> <age_category> <young> 0 0 0 0
<10803745> <age_category> <old> 0 0 0 0
<11405994> <age_category> <old> 0 0 0 0
<1306547> <age_category> <young> 0 0 0 0
<10806081> <age_category> <old> 0 0 0 0
<1201018> <age_category> <old> 0 0 0 0
<1310879> <age_category> <old> 0 0 0 0
<10607134> <age_category> <old> 0 0 0 0
<11312006> <age_category> <old> 0 0 0 0
<11312249> <age_category> <old> 0 0 0 0
<11313932> <age_category> <old> 0 0 0 0
<11405718> <age_category> <old> 0 0 0 0
<1310295> <age_category> <old> 0 0 0 0
<1315104> <age_category> <old> 0 0 0 0
<202769> <age_category> <young> 0 0 0 0
<1505172> <age_category> <old> 0 0 0 0
<1306029> <age_category> <young> 0 0 0 0
<1310373> <age_category> <old> 0 0 0 0
<1306620> <age_category> <old> 0 0 0 0
<1305088> <age_category> <young> 0 0 0 0
<1509751> <age_category> <old> 0 0 0 0
<1301928> <age_category> <old> 0 0 0 0
<1300410> <age_category> <old> 0 0 0 0
<12913975> <age_category> <old> 0 0 0 0
<1305483> <age_category> <old> 0 0 0 0
<10610347> <age_category> <old> 0 0 0 0
<1310025> <age_category> <old> 0 0 0 0
<1305506> <age_category> <old> 0 0 0 0
<1509412> <age_category> <old> 0 0 0 0
<203367> <age_category> <old> 0 0 0 0
<203508> <age_category> <old> 0 0 0 0
<205005> <age_category> <young> 0 0 0 0
<205330> <age_category> <old> 0 0 0 0
<1514649> <age_category> <old> 0 0 0 0
<15702833> <age_category> <old> 0 0 0 0
<1804201> <age_category> <old> 0 0 0 0
<205078> <age_category> <old> 0 0 0 0
<15704702> <age_category> <young> 0 0 0 0
<202242> <age_category> <old> 0 0 0 0
<205384> <age_category> <old> 0 0 0 0
<206329> <age_category> <old> 0 0 0 0
<2100677> <age_category> <old> 0 0 0 0
<2101076> <age_category> <old> 0 0 0 0
<2101169> <age_category> <old> 0 0 0 0
<2101824> <age_category> <old> 0 0 0 0
<2106672> <age_category> <old> 0 0 0 0
<2110565> <age_category> <old> 0 0 0 0
<211516> <age_category> <old> 0 0 0 0
<212567> <age_category> <young> 0 0 0 0
<212827> <age_category> <old> 0 0 0 0
<217100> <age_category> <old> 0 0 0 0
<2300083> <age_category> <old> 0 0 0 0
<2303222> <age_category> <old> 0 0 0 0
<2303893> <age_category> <old> 0 0 0 0
<2304676> <age_category> <old> 0 0 0 0
<2305363> <age_category> <old> 0 0 0 0
<2309758> <age_category> <old> 0 0 0 0
<2309773> <age_category> <old> 0 0 0 0
<2312864> <age_category> <old> 0 0 0 0
<2402128> <age_category> <old> 0 0 0 0
<2407343> <age_category> <young> 0 0 0 0
<2801912> <age_category> <old> 0 0 0 0
<2804331> <age_category> <old> 0 0 0 0
<2804650> <age_category> <old> 0 0 0 0
<2806295> <age_category> <old> 0 0 0 0
<208874> <age_category> <old> 0 0 0 0
<217158> <age_category> <old> 0 0 0 0
<2300438> <age_category> <old> 0 0 0 0
<2804200> <age_category> <old> 0 0 0 0
<209258> <age_category> <old> 0 0 0 0
<211466> <age_category> <old> 0 0 0 0
<208301> <age_category> <old> 0 0 0 0
<208771> <age_category> <old> 0 0 0 0
<217532> <age_category> <old> 0 0 0 0
<2810997> <age_category> <old> 0 0 0 0
<2811049> <age_category> <old> 0 0 0 0
<2815680> <age_category> <old> 0 0 0 0
<2815902> <age_category> <old> 0 0 0 0
<2816235> <age_category> <old> 0 0 0 0
<2816476> <age_category> <old> 0 0 0 0
<3006809> <age_category> <old> 0 0 0 0
<3011358> <age_category> <old> 0 0 0 0
<301409> <age_category> <old> 0 0 0 0
<302296> <age_category> <old> 0 0 0 0
<302892> <age_category> <old> 0 0 0 0
<305355> <age_category> <old> 0 0 0 0
<311669> <age_category> <old> 0 0 0 0
<311905> <age_category> <old> 0 0 0 0
<316452> <age_category> <old> 0 0 0 0
<3308120> <age_category> <young> 0 0 0 0
<3405507> <age_category> <old> 0 0 0 0
<3412728> <age_category> <young> 0 0 0 0
<15701585> <age_category> <young> 0 0 0 0
<201708> <age_category> <old> 0 0 0 0
<204614> <age_category> <young> 0 0 0 0
<1315643> <age_category> <old> 0 0 0 0
<1316047> <age_category> <old> 0 0 0 0
<15709792> <age_category> <old> 0 0 0 0
<205439> <age_category> <young> 0 0 0 0
<206249> <age_category> <old> 0 0 0 0
<216063> <age_category> <old> 0 0 0 0
<209969> <age_category> <old> 0 0 0 0
<2109753> <age_category> <old> 0 0 0 0
<2304496> <age_category> <old> 0 0 0 0
<2804767> <age_category> <young> 0 0 0 0
<2101494> <age_category> <old> 0 0 0 0
<2307995> <age_category> <old> 0 0 0 0
<10612121> <age_category> <old> 0 0 0 0
<1501036> <age_category> <young> 0 0 0 0
<217411> <age_category> <old> 0 0 0 0
<2307406> <age_category> <old> 0 0 0 0
<2102189> <age_category> <old> 0 0 0 0
<2300007> <age_category> <old> 0 0 0 0
<2811461> <age_category> <old> 0 0 0 0
<304779> <age_category> <old> 0 0 0 0
<307630> <age_category> <old> 0 0 0 0
<15704696> <age_category> <old> 0 0 0 0
<2108760> <age_category> <old> 0 0 0 0
<212022> <age_category> <old> 0 0 0 0
<3407989> <age_category> <old> 0 0 0 0
<1315415> <age_category> <old> 0 0 0 0
<1505263> <age_category> <old> 0 0 0 0
<2108329> <age_category> <young> 0 0 0 0
<2302090> <age_category> <old> 0 0 0 0
<2310525> <age_category> <old> 0 0 0 0
<2805009> <age_category> <old> 0 0 0 0
<202229> <age_category> <old> 0 0 0 0
<304976> <age_category> <old> 0 0 0 0
<2312537> <age_category> <young> 0 0 0 0
<15715020> <age_category> <old> 0 0 0 0
<213811> <age_category> <old> 0 0 0 0
<2806968> <age_category> <old> 0 0 0 0
<3505621> <age_category> <old> 0 0 0 0
<3509110> <age_category> <old> 0 0 0 0
<2816653> <age_category> <old> 0 0 0 0
<3404230> <age_category> <old> 0 0 0 0
<2812730> <age_category> <old> 0 0 0 0
<3404489> <age_category> <young> 0 0 0 0
<3509941> <age_category> <old> 0 0 0 0
<3611078> <age_category> <old> 0 0 0 0
<3702759> <age_category> <old> 0 0 0 0
<3702803> <age_category> <old> 0 0 0 0
<3704498> <age_category> <old> 0 0 0 0
<3812191> <age_category> <old> 0 0 0 0
<409614> <age_category> <old> 0 0 0 0
<409647> <age_category> <old> 0 0 0 0
<409685> <age_category> <old> 0 0 0 0
<409752> <age_category> <old> 0 0 0 0
<410294> <age_category> <old> 0 0 0 0
<410326> <age_category> <old> 0 0 0 0
<412092> <age_category> <young> 0 0 0 0
<413142> <age_category> <old> 0 0 0 0
<413286> <age_category> <young> 0 0 0 0
<413766> <age_category> <old> 0 0 0 0
<415406> <age_category> <old> 0 0 0 0
<415575> <age_category> <old> 0 0 0 0
<415737> <age_category> <old> 0 0 0 0
<415884> <age_category> <old> 0 0 0 0
<415942> <age_category> <old> 0 0 0 0
<416827> <age_category> <old> 0 0 0 0
<416944> <age_category> <old> 0 0 0 0
<416964> <age_category> <old> 0 0 0 0
<417287> <age_category> <old> 0 0 0 0
<4201846> <age_category> <old> 0 0 0 0
<4305935> <age_category> <old> 0 0 0 0
<4601114> <age_category> <old> 0 0 0 0
<4603779> <age_category> <old> 0 0 0 0
<4910860> <age_category> <old> 0 0 0 0
<4910991> <age_category> <old> 0 0 0 0
<501247> <age_category> <old> 0 0 0 0
<501255> <age_category> <old> 0 0 0 0
<3812425> <age_category> <old> 0 0 0 0
<416419> <age_category> <old> 0 0 0 0
<416427> <age_category> <old> 0 0 0 0
<417553> <age_category> <old> 0 0 0 0
<4910488> <age_category> <old> 0 0 0 0
<501267> <age_category> <old> 0 0 0 0
<501245> <age_category> <young> 0 0 0 0
<409460> <age_category> <old> 0 0 0 0
<503087> <age_category> <old> 0 0 0 0
<503908> <age_category> <old> 0 0 0 0
<503918> <age_category> <old> 0 0 0 0
<507454> <age_category> <old> 0 0 0 0
<507478> <age_category> <old> 0 0 0 0
<507534> <age_category> <old> 0 0 0 0
<507888> <age_category> <old> 0 0 0 0
<508168> <age_category> <old> 0 0 0 0
<509002> <age_category> <old> 0 0 0 0
<509065> <age_category> <old> 0 0 0 0
<509067> <age_category> <old> 0 0 0 0
<509095> <age_category> <old> 0 0 0 0
<5102825> <age_category> <old> 0 0 0 0
<510286> <age_category> <old> 0 0 0 0
<5102956> <age_category> <old> 0 0 0 0
<5103650> <age_category> <old> 0 0 0 0
<5104054> <age_category> <old> 0 0 0 0
<5104189> <age_category> <old> 0 0 0 0
<5104720> <age_category> <young> 0 0 0 0
<5104925> <age_category> <old> 0 0 0 0
<5105183> <age_category> <old> 0 0 0 0
<5106562> <age_category> <old> 0 0 0 0
<5109934> <age_category> <old> 0 0 0 0
<5110494> <age_category> <old> 0 0 0 0
<5111473> <age_category> <old> 0 0 0 0
<5111913> <age_category> <old> 0 0 0 0
<5112365> <age_category> <old> 0 0 0 0
<5113086> <age_category> <old> 0 0 0 0
<5113627> <age_category> <old> 0 0 0 0
<306944> <age_category> <old> 0 0 0 0
<3411786> <age_category> <young> 0 0 0 0
<3509227> <age_category> <young> 0 0 0 0
<301191> <age_category> <old> 0 0 0 0
<3105725> <age_category> <old> 0 0 0 0
<3000764> <age_category> <old> 0 0 0 0
<415180> <age_category> <old> 0 0 0 0
<4910819> <age_category> <old> 0 0 0 0
<3812436> <age_category> <old> 0 0 0 0
<4612742> <age_category> <old> 0 0 0 0
<3509830> <age_category> <old> 0 0 0 0
<503959> <age_category> <old> 0 0 0 0
<508476> <age_category> <old> 0 0 0 0
<5102755> <age_category> <old> 0 0 0 0
<1314774> <age_category> <old> 0 0 0 0
<2905700> <age_category> <young> 0 0 0 0
<201544> <age_category> <old> 0 0 0 0
<203149> <age_category> <old> 0 0 0 0
<2816098> <age_category> <old> 0 0 0 0
<3709642> <age_category> <old> 0 0 0 0
<410183> <age_category> <old> 0 0 0 0
<411869> <age_category> <old> 0 0 0 0
<417242> <age_category> <old> 0 0 0 0
<4602209> <age_category> <old> 0 0 0 0
<4605421> <age_category> <old> 0 0 0 0
<4910576> <age_category> <old> 0 0 0 0
<416508> <age_category> <old> 0 0 0 0
<5103342> <age_category> <old> 0 0 0 0
<5104171> <age_category> <old> 0 0 0 0
<5106253> <age_category> <old> 0 0 0 0
<2811806> <age_category> <old> 0 0 0 0
<417275> <age_category> <old> 0 0 0 0
<4910833> <age_category> <old> 0 0 0 0
<501223> <age_category> <old> 0 0 0 0
<407606> <age_category> <old> 0 0 0 0
<4911204> <age_category> <old> 0 0 0 0
<3705824> <age_category> <old> 0 0 0 0
<3801952> <age_category> <old> 0 0 0 0
<509034> <age_category> <old> 0 0 0 0
<3006697> <age_category> <old> 0 0 0 0
<409649> <age_category> <old> 0 0 0 0
<2815303> <age_category> <old> 0 0 0 0
<4313402> <age_category> <old> 0 0 0 0
<5102900> <age_category> <old> 0 0 0 0
<512530> <age_category> <old> 0 0 0 0
<512766> <age_category> <old> 0 0 0 0
<503002> <age_category> <old> 0 0 0 0
<508142> <age_category> <old> 0 0 0 0
<5113903> <age_category> <old> 0 0 0 0
<503994> <age_category> <old> 0 0 0 0
<508536> <age_category> <young> 0 0 0 0
<513318> <age_category> <old> 0 0 0 0
<513497> <age_category> <old> 0 0 0 0
<513504> <age_category> <old> 0 0 0 0
<513563> <age_category> <old> 0 0 0 0
<513643> <age_category> <old> 0 0 0 0
<513786> <age_category> <old> 0 0 0 0
<513789> <age_category> <old> 0 0 0 0
<514164> <age_category> <old> 0 0 0 0
<514183> <age_category> <old> 0 0 0 0
<514299> <age_category> <old> 0 0 0 0
<514457> <age_category> <old> 0 0 0 0
<515827> <age_category> <old> 0 0 0 0
<516200> <age_category> <old> 0 0 0 0
<516668> <age_category> <old> 0 0 0 0
<5303979> <age_category> <old> 0 0 0 0
<5314661> <age_category> <old> 0 0 0 0
<5315886> <age_category> <old> 0 0 0 0
<5316033> <age_category> <old> 0 0 0 0
<5505396> <age_category> <old> 0 0 0 0
<5510808> <age_category> <old> 0 0 0 0
<5511026> <age_category> <young> 0 0 0 0
<5805668> <age_category> <old> 0 0 0 0
<5815157> <age_category> <old> 0 0 0 0
<6300371> <age_category> <old> 0 0 0 0
<6301521> <age_category> <old> 0 0 0 0
<6301760> <age_category> <old> 0 0 0 0
<6311799> <age_category> <old> 0 0 0 0
<6312879> <age_category> <young> 0 0 0 0
<513370> <age_category> <old> 0 0 0 0
<5301981> <age_category> <young> 0 0 0 0
<5314291> <age_category> <old> 0 0 0 0
<5314937> <age_category> <old> 0 0 0 0
<5315242> <age_category> <old> 0 0 0 0
<5316442> <age_category> <old> 0 0 0 0
<5502736> <age_category> <old> 0 0 0 0
<513595> <age_category> <old> 0 0 0 0
<5315468> <age_category> <old> 0 0 0 0
<5315480> <age_category> <old> 0 0 0 0
<5313577> <age_category> <old> 0 0 0 0
<6315816> <age_category> <old> 0 0 0 0
<6316832> <age_category> <old> 0 0 0 0
<6900407> <age_category> <old> 0 0 0 0
<704472> <age_category> <old> 0 0 0 0
<7404351> <age_category> <old> 0 0 0 0
<7407329> <age_category> <old> 0 0 0 0
<7409346> <age_category> <old> 0 0 0 0
<7411006> <age_category> <old> 0 0 0 0
<901212> <age_category> <young> 0 0 0 0
<909651> <age_category> <old> 0 0 0 0
<909723> <age_category> <old> 0 0 0 0
<916999> <age_category> <old> 0 0 0 0
<9703371> <age_category> <old> 0 0 0 0
<9704101> <age_category> <old> 0 0 0 0
<9710761> <age_category> <old> 0 0 0 0
<9909859> <age_category> <old> 0 0 0 0
<512613> <age_category> <old> 0 0 0 0
<507568> <age_category> <old> 0 0 0 0
<5111971> <age_category> <old> 0 0 0 0
<5116372> <age_category> <old> 0 0 0 0
<508554> <age_category> <old> 0 0 0 0
<5113555> <age_category> <old> 0 0 0 0
<514126> <age_category> <old> 0 0 0 0
<5314385> <age_category> <old> 0 0 0 0
<6311705> <age_category> <old> 0 0 0 0
<513834> <age_category> <old> 0 0 0 0
<5303987> <age_category> <old> 0 0 0 0
<5315776> <age_category> <old> 0 0 0 0
<5517179> <age_category> <old> 0 0 0 0
<6312622> <age_category> <old> 0 0 0 0
<6301526> <age_category> <old> 0 0 0 0
<5502766> <age_category> <old> 0 0 0 0
<707567> <age_category> <old> 0 0 0 0
<906891> <age_category> <old> 0 0 0 0
<5108858> <age_category> <old> 0 0 0 0
<502989> <age_category> <old> 0 0 0 0
<507288> <age_category> <old> 0 0 0 0
<410105> <age_category> <old> 0 0 0 0
<5315946> <age_category> <old> 0 0 0 0
<5316015> <age_category> <old> 0 0 0 0
<7216040> <age_category> <old> 0 0 0 0
<7410568> <age_category> <old> 0 0 0 0
<9414066> <age_category> <old> 0 0 0 0
<5106836> <age_category> <old> 0 0 0 0
<6305069> <age_category> <old> 0 0 0 0
<5303982> <age_category> <old> 0 0 0 0
<9704610> <age_category> <old> 0 0 0 0
<509092> <age_category> <old> 0 0 0 0
<509053> <age_category> <old> 0 0 0 0
<6302583> <age_category> <old> 0 0 0 0
<513235> <age_category> <old> 0 0 0 0
<513884> <age_category> <old> 0 0 0 0
<514143> <age_category> <old> 0 0 0 0
<5314027> <age_category> <old> 0 0 0 0
<6307165> <age_category> <old> 0 0 0 0
<5302672> <age_category> <old> 0 0 0 0
<704661> <age_category> <old> 0 0 0 0
<707696> <age_category> <old> 0 0 0 0
<514203> <age_category> <old> 0 0 0 0
<513762> <age_category> <old> 0 0 0 0
<5315646> <age_category> <old> 0 0 0 0
<6311832> <age_category> <old> 0 0 0 0
<6316146> <age_category> <old> 0 0 0 0
<7406483> <age_category> <old> 0 0 0 0
<916559> <age_category> <old> 0 0 0 0
<509077> <age_category> <old> 0 0 0 0
<5305307> <age_category> <old> 0 0 0 0
<6304752> <age_category> <old> 0 0 0 0
<5316525> <age_category> <young> 0 0 0 0
<5316395> <age_category> <old> 0 0 0 0
<9910498> <age_category> <old> 0 0 0 0
<513947> <age_category> <old> 0 0 0 0
<514260> <age_category> <old> 0 0 0 0
<7717006> <age_category> <old> 0 0 0 0
<9910151> <age_category> <old> 0 0 0 0
<7000307> <age_category> <old> 0 0 0 0
<906793> <age_category> <old> 0 0 0 0
<906908> <age_category> <old> 0 0 0 0
<9712712> <age_category> <old> 0 0 0 0
<6315950> <age_category> <old> 0 0 0 0
<907203> <age_category> <old> 0 0 0 0
<9408599> <age_category> <old> 0 0 0 0
<9714305> <age_category> <old> 0 0 0 0
<7404369> <age_category> <old> 0 0 0 0
<703626> <age_category> <old> 0 0 0 0
<916721> <age_category> <old> 0 0 0 0
<9910164> <age_category> <old> 0 0 0 0
<9910501> <age_category> <old> 0 0 0 0
<508205> <age_category> <old> 0 0 0 0
<513352> <age_category> <old> 0 0 0 0
<9414068> <age_category> <old> 0 0 0 0
<5105181> <age_category> <old> 0 0 0 0
<516239> <age_category> <old> 0 0 0 0
<6312279> <age_category> <old> 0 0 0 0
<6316326> <age_category> <old> 0 0 0 0
<907010> <age_category> <old> 0 0 0 0
<6402606> <age_category> <old> 0 0 0 0
<702314> <age_category> <old> 0 0 0 0
<2902533> <age_category> <old> 0 0 0 0
<5502298> <age_category> <old> 0 0 0 0
<7407390> <age_category> <old> 0 0 0 0
<902425> <age_category> <old> 0 0 0 0
