<101606> <hasProgressionRelapseAssessment_hasProgressionType> <Distant> 0 0 0 0
<101747> <hasProgressionRelapseAssessment_hasProgressionType> <Local> 0 0 0 0
<102262> <hasProgressionRelapseAssessment_hasProgressionType> <Clinical_progression> 0 0 0 0
<104451> <hasProgressionRelapseAssessment_hasProgressionType> <Clinical_progression> 0 0 0 0
<10601123> <hasProgressionRelapseAssessment_hasProgressionType> <Distant> 0 0 0 0
<10610643> <hasProgressionRelapseAssessment_hasProgressionType> <Distant_and_local> 0 0 0 0
<108163> <hasProgressionRelapseAssessment_hasProgressionType> <Distant> 0 0 0 0
<108215> <hasProgressionRelapseAssessment_hasProgressionType> <Clinical_progression> 0 0 0 0
<109416> <hasProgressionRelapseAssessment_hasProgressionType> <Clinical_progression> 0 0 0 0
<110234> <hasProgressionRelapseAssessment_hasProgressionType> <Clinical_progression> 0 0 0 0
<111893> <hasProgressionRelapseAssessment_hasProgressionType> <Clinical_progression> 0 0 0 0
<11405986> <hasProgressionRelapseAssessment_hasProgressionType> <Distant_and_local> 0 0 0 0
<12914242> <hasProgressionRelapseAssessment_hasProgressionType> <Distant_and_local> 0 0 0 0
<12914394> <hasProgressionRelapseAssessment_hasProgressionType> <Local> 0 0 0 0
<112251> <hasProgressionRelapseAssessment_hasProgressionType> <Local> 0 0 0 0
<102874> <hasProgressionRelapseAssessment_hasProgressionType> <Distant_and_local> 0 0 0 0
<109875> <hasProgressionRelapseAssessment_hasProgressionType> <Clinical_progression> 0 0 0 0
<1214028> <hasProgressionRelapseAssessment_hasProgressionType> <Distant> 0 0 0 0
<1006661> <hasProgressionRelapseAssessment_hasProgressionType> <Distant_and_local> 0 0 0 0
<107429> <hasProgressionRelapseAssessment_hasProgressionType> <Distant_and_local> 0 0 0 0
<1200944> <hasProgressionRelapseAssessment_hasProgressionType> <Distant_and_local> 0 0 0 0
<1300704> <hasProgressionRelapseAssessment_hasProgressionType> <Distant_and_local> 0 0 0 0
<110129> <hasProgressionRelapseAssessment_hasProgressionType> <Local> 0 0 0 0
<11312004> <hasProgressionRelapseAssessment_hasProgressionType> <Distant> 0 0 0 0
<108208> <hasProgressionRelapseAssessment_hasProgressionType> <Clinical_progression> 0 0 0 0
<1300684> <hasProgressionRelapseAssessment_hasProgressionType> <Distant> 0 0 0 0
<101680> <hasProgressionRelapseAssessment_hasProgressionType> <Clinical_progression> 0 0 0 0
<109759> <hasProgressionRelapseAssessment_hasProgressionType> <Distant_and_local> 0 0 0 0
<110630> <hasProgressionRelapseAssessment_hasProgressionType> <Clinical_progression> 0 0 0 0
<110691> <hasProgressionRelapseAssessment_hasProgressionType> <Clinical_progression> 0 0 0 0
<111385> <hasProgressionRelapseAssessment_hasProgressionType> <Clinical_progression> 0 0 0 0
<11405912> <hasProgressionRelapseAssessment_hasProgressionType> <Local> 0 0 0 0
<1214796> <hasProgressionRelapseAssessment_hasProgressionType> <Distant> 0 0 0 0
<1006663> <hasProgressionRelapseAssessment_hasProgressionType> <Local> 0 0 0 0
<108059> <hasProgressionRelapseAssessment_hasProgressionType> <Distant_and_local> 0 0 0 0
<108342> <hasProgressionRelapseAssessment_hasProgressionType> <Clinical_progression> 0 0 0 0
<1300757> <hasProgressionRelapseAssessment_hasProgressionType> <Distant_and_local> 0 0 0 0
<11405716> <hasProgressionRelapseAssessment_hasProgressionType> <Local> 0 0 0 0
<1214794> <hasProgressionRelapseAssessment_hasProgressionType> <Local> 0 0 0 0
<11317069> <hasProgressionRelapseAssessment_hasProgressionType> <Distant_and_local> 0 0 0 0
<1213460> <hasProgressionRelapseAssessment_hasProgressionType> <Clinical_progression> 0 0 0 0
<1215799> <hasProgressionRelapseAssessment_hasProgressionType> <Distant> 0 0 0 0
<1300898> <hasProgressionRelapseAssessment_hasProgressionType> <Local> 0 0 0 0
<1300993> <hasProgressionRelapseAssessment_hasProgressionType> <Clinical_progression> 0 0 0 0
<1305453> <hasProgressionRelapseAssessment_hasProgressionType> <Local> 0 0 0 0
<1305917> <hasProgressionRelapseAssessment_hasProgressionType> <Distant_and_local> 0 0 0 0
<1306365> <hasProgressionRelapseAssessment_hasProgressionType> <Distant_and_local> 0 0 0 0
<1306574> <hasProgressionRelapseAssessment_hasProgressionType> <Distant_and_local> 0 0 0 0
<1310021> <hasProgressionRelapseAssessment_hasProgressionType> <Clinical_progression> 0 0 0 0
<1310385> <hasProgressionRelapseAssessment_hasProgressionType> <Distant_and_local> 0 0 0 0
<1310450> <hasProgressionRelapseAssessment_hasProgressionType> <Clinical_progression> 0 0 0 0
<1310467> <hasProgressionRelapseAssessment_hasProgressionType> <Distant_and_local> 0 0 0 0
<1314559> <hasProgressionRelapseAssessment_hasProgressionType> <Local> 0 0 0 0
<1504541> <hasProgressionRelapseAssessment_hasProgressionType> <Distant> 0 0 0 0
<1513565> <hasProgressionRelapseAssessment_hasProgressionType> <Distant> 0 0 0 0
<15700667> <hasProgressionRelapseAssessment_hasProgressionType> <Clinical_progression> 0 0 0 0
<1310879> <hasProgressionRelapseAssessment_hasProgressionType> <Clinical_progression> 0 0 0 0
<1500886> <hasProgressionRelapseAssessment_hasProgressionType> <Local> 0 0 0 0
<1509598> <hasProgressionRelapseAssessment_hasProgressionType> <Distant_and_local> 0 0 0 0
<1306056> <hasProgressionRelapseAssessment_hasProgressionType> <Local> 0 0 0 0
<1306147> <hasProgressionRelapseAssessment_hasProgressionType> <Local> 0 0 0 0
<1315598> <hasProgressionRelapseAssessment_hasProgressionType> <Clinical_progression> 0 0 0 0
<1314749> <hasProgressionRelapseAssessment_hasProgressionType> <Local> 0 0 0 0
<1315178> <hasProgressionRelapseAssessment_hasProgressionType> <Clinical_progression> 0 0 0 0
<1301972> <hasProgressionRelapseAssessment_hasProgressionType> <Distant_and_local> 0 0 0 0
<1301641> <hasProgressionRelapseAssessment_hasProgressionType> <Clinical_progression> 0 0 0 0
<1303497> <hasProgressionRelapseAssessment_hasProgressionType> <Clinical_progression> 0 0 0 0
<1314449> <hasProgressionRelapseAssessment_hasProgressionType> <Distant_and_local> 0 0 0 0
<1315141> <hasProgressionRelapseAssessment_hasProgressionType> <Local> 0 0 0 0
<1303305> <hasProgressionRelapseAssessment_hasProgressionType> <Local> 0 0 0 0
<1313422> <hasProgressionRelapseAssessment_hasProgressionType> <Clinical_progression> 0 0 0 0
<1309944> <hasProgressionRelapseAssessment_hasProgressionType> <Distant_and_local> 0 0 0 0
<1306308> <hasProgressionRelapseAssessment_hasProgressionType> <Clinical_progression> 0 0 0 0
<1306190> <hasProgressionRelapseAssessment_hasProgressionType> <Clinical_progression> 0 0 0 0
<1309848> <hasProgressionRelapseAssessment_hasProgressionType> <Distant> 0 0 0 0
<1314709> <hasProgressionRelapseAssessment_hasProgressionType> <Clinical_progression> 0 0 0 0
<1305461> <hasProgressionRelapseAssessment_hasProgressionType> <Distant> 0 0 0 0
<1314577> <hasProgressionRelapseAssessment_hasProgressionType> <Clinical_progression> 0 0 0 0
<1312655> <hasProgressionRelapseAssessment_hasProgressionType> <Clinical_progression> 0 0 0 0
<1300801> <hasProgressionRelapseAssessment_hasProgressionType> <Distant> 0 0 0 0
<1314939> <hasProgressionRelapseAssessment_hasProgressionType> <Distant> 0 0 0 0
<1314650> <hasProgressionRelapseAssessment_hasProgressionType> <Clinical_progression> 0 0 0 0
<1314582> <hasProgressionRelapseAssessment_hasProgressionType> <Distant_and_local> 0 0 0 0
<1315055> <hasProgressionRelapseAssessment_hasProgressionType> <Clinical_progression> 0 0 0 0
<1508901> <hasProgressionRelapseAssessment_hasProgressionType> <Local> 0 0 0 0
<1306862> <hasProgressionRelapseAssessment_hasProgressionType> <Clinical_progression> 0 0 0 0
<1315384> <hasProgressionRelapseAssessment_hasProgressionType> <Clinical_progression> 0 0 0 0
<1314830> <hasProgressionRelapseAssessment_hasProgressionType> <Distant_and_local> 0 0 0 0
<1509909> <hasProgressionRelapseAssessment_hasProgressionType> <Distant> 0 0 0 0
<1306300> <hasProgressionRelapseAssessment_hasProgressionType> <Distant_and_local> 0 0 0 0
<1505395> <hasProgressionRelapseAssessment_hasProgressionType> <Local> 0 0 0 0
<15709467> <hasProgressionRelapseAssessment_hasProgressionType> <Local> 0 0 0 0
<201492> <hasProgressionRelapseAssessment_hasProgressionType> <Distant> 0 0 0 0
<201674> <hasProgressionRelapseAssessment_hasProgressionType> <Distant_and_local> 0 0 0 0
<202218> <hasProgressionRelapseAssessment_hasProgressionType> <Local> 0 0 0 0
<209921> <hasProgressionRelapseAssessment_hasProgressionType> <Clinical_progression> 0 0 0 0
<15715011> <hasProgressionRelapseAssessment_hasProgressionType> <Local> 0 0 0 0
<206498> <hasProgressionRelapseAssessment_hasProgressionType> <Clinical_progression> 0 0 0 0
<207438> <hasProgressionRelapseAssessment_hasProgressionType> <Clinical_progression> 0 0 0 0
<202690> <hasProgressionRelapseAssessment_hasProgressionType> <Distant_and_local> 0 0 0 0
<204391> <hasProgressionRelapseAssessment_hasProgressionType> <Local> 0 0 0 0
<15707831> <hasProgressionRelapseAssessment_hasProgressionType> <Distant_and_local> 0 0 0 0
<15706040> <hasProgressionRelapseAssessment_hasProgressionType> <Distant_and_local> 0 0 0 0
<202029> <hasProgressionRelapseAssessment_hasProgressionType> <Distant_and_local> 0 0 0 0
<205891> <hasProgressionRelapseAssessment_hasProgressionType> <Distant> 0 0 0 0
<204738> <hasProgressionRelapseAssessment_hasProgressionType> <Clinical_progression> 0 0 0 0
<208770> <hasProgressionRelapseAssessment_hasProgressionType> <Local> 0 0 0 0
<207182> <hasProgressionRelapseAssessment_hasProgressionType> <Local> 0 0 0 0
<203544> <hasProgressionRelapseAssessment_hasProgressionType> <Distant> 0 0 0 0
<202119> <hasProgressionRelapseAssessment_hasProgressionType> <Distant_and_local> 0 0 0 0
<201708> <hasProgressionRelapseAssessment_hasProgressionType> <Local> 0 0 0 0
<205388> <hasProgressionRelapseAssessment_hasProgressionType> <Distant_and_local> 0 0 0 0
<207624> <hasProgressionRelapseAssessment_hasProgressionType> <Clinical_progression> 0 0 0 0
<205360> <hasProgressionRelapseAssessment_hasProgressionType> <Clinical_progression> 0 0 0 0
<2101165> <hasProgressionRelapseAssessment_hasProgressionType> <Distant> 0 0 0 0
<2104979> <hasProgressionRelapseAssessment_hasProgressionType> <Distant_and_local> 0 0 0 0
<2107237> <hasProgressionRelapseAssessment_hasProgressionType> <Distant_and_local> 0 0 0 0
<2107836> <hasProgressionRelapseAssessment_hasProgressionType> <Distant_and_local> 0 0 0 0
<2101205> <hasProgressionRelapseAssessment_hasProgressionType> <Local> 0 0 0 0
<2107836> <hasProgressionRelapseAssessment_hasProgressionType> <Distant> 0 0 0 0
<2103022> <hasProgressionRelapseAssessment_hasProgressionType> <Distant_and_local> 0 0 0 0
<211730> <hasProgressionRelapseAssessment_hasProgressionType> <Distant_and_local> 0 0 0 0
<212013> <hasProgressionRelapseAssessment_hasProgressionType> <Clinical_progression> 0 0 0 0
<212208> <hasProgressionRelapseAssessment_hasProgressionType> <Distant> 0 0 0 0
<2305179> <hasProgressionRelapseAssessment_hasProgressionType> <Distant> 0 0 0 0
<2306769> <hasProgressionRelapseAssessment_hasProgressionType> <Distant> 0 0 0 0
<2312852> <hasProgressionRelapseAssessment_hasProgressionType> <Clinical_progression> 0 0 0 0
<2101077> <hasProgressionRelapseAssessment_hasProgressionType> <Distant> 0 0 0 0
<217411> <hasProgressionRelapseAssessment_hasProgressionType> <Clinical_progression> 0 0 0 0
<2300025> <hasProgressionRelapseAssessment_hasProgressionType> <Distant> 0 0 0 0
<2803356> <hasProgressionRelapseAssessment_hasProgressionType> <Distant> 0 0 0 0
<2304867> <hasProgressionRelapseAssessment_hasProgressionType> <Clinical_progression> 0 0 0 0
<2304745> <hasProgressionRelapseAssessment_hasProgressionType> <Clinical_progression> 0 0 0 0
<2112067> <hasProgressionRelapseAssessment_hasProgressionType> <Distant> 0 0 0 0
<214209> <hasProgressionRelapseAssessment_hasProgressionType> <Distant> 0 0 0 0
<2103669> <hasProgressionRelapseAssessment_hasProgressionType> <Distant> 0 0 0 0
<2104981> <hasProgressionRelapseAssessment_hasProgressionType> <Clinical_progression> 0 0 0 0
<2305280> <hasProgressionRelapseAssessment_hasProgressionType> <Distant_and_local> 0 0 0 0
<2111335> <hasProgressionRelapseAssessment_hasProgressionType> <Clinical_progression> 0 0 0 0
<2300550> <hasProgressionRelapseAssessment_hasProgressionType> <Clinical_progression> 0 0 0 0
<2407071> <hasProgressionRelapseAssessment_hasProgressionType> <Distant> 0 0 0 0
<2304088> <hasProgressionRelapseAssessment_hasProgressionType> <Distant> 0 0 0 0
<2117005> <hasProgressionRelapseAssessment_hasProgressionType> <Distant_and_local> 0 0 0 0
<2307184> <hasProgressionRelapseAssessment_hasProgressionType> <Distant> 0 0 0 0
<2304602> <hasProgressionRelapseAssessment_hasProgressionType> <Local> 0 0 0 0
<2312690> <hasProgressionRelapseAssessment_hasProgressionType> <Local> 0 0 0 0
<212825> <hasProgressionRelapseAssessment_hasProgressionType> <Local> 0 0 0 0
<2304642> <hasProgressionRelapseAssessment_hasProgressionType> <Distant> 0 0 0 0
<2110957> <hasProgressionRelapseAssessment_hasProgressionType> <Clinical_progression> 0 0 0 0
<214540> <hasProgressionRelapseAssessment_hasProgressionType> <Local> 0 0 0 0
<2305280> <hasProgressionRelapseAssessment_hasProgressionType> <Distant> 0 0 0 0
<2106672> <hasProgressionRelapseAssessment_hasProgressionType> <Distant_and_local> 0 0 0 0
<2107255> <hasProgressionRelapseAssessment_hasProgressionType> <Local> 0 0 0 0
<2107864> <hasProgressionRelapseAssessment_hasProgressionType> <Local> 0 0 0 0
<2405615> <hasProgressionRelapseAssessment_hasProgressionType> <Local> 0 0 0 0
<2305253> <hasProgressionRelapseAssessment_hasProgressionType> <Clinical_progression> 0 0 0 0
<2808296> <hasProgressionRelapseAssessment_hasProgressionType> <Clinical_progression> 0 0 0 0
<2815452> <hasProgressionRelapseAssessment_hasProgressionType> <Clinical_progression> 0 0 0 0
<2901429> <hasProgressionRelapseAssessment_hasProgressionType> <Distant_and_local> 0 0 0 0
<3012673> <hasProgressionRelapseAssessment_hasProgressionType> <Distant> 0 0 0 0
<303680> <hasProgressionRelapseAssessment_hasProgressionType> <Distant> 0 0 0 0
<2809383> <hasProgressionRelapseAssessment_hasProgressionType> <Distant> 0 0 0 0
<2813589> <hasProgressionRelapseAssessment_hasProgressionType> <Distant_and_local> 0 0 0 0
<2917489> <hasProgressionRelapseAssessment_hasProgressionType> <Distant> 0 0 0 0
<2806046> <hasProgressionRelapseAssessment_hasProgressionType> <Clinical_progression> 0 0 0 0
<2811573> <hasProgressionRelapseAssessment_hasProgressionType> <Distant> 0 0 0 0
<2903120> <hasProgressionRelapseAssessment_hasProgressionType> <Distant> 0 0 0 0
<2812733> <hasProgressionRelapseAssessment_hasProgressionType> <Clinical_progression> 0 0 0 0
<3315522> <hasProgressionRelapseAssessment_hasProgressionType> <Distant> 0 0 0 0
<2917296> <hasProgressionRelapseAssessment_hasProgressionType> <Distant> 0 0 0 0
<3011358> <hasProgressionRelapseAssessment_hasProgressionType> <Clinical_progression> 0 0 0 0
<305127> <hasProgressionRelapseAssessment_hasProgressionType> <Distant> 0 0 0 0
<2904008> <hasProgressionRelapseAssessment_hasProgressionType> <Distant> 0 0 0 0
<3405323> <hasProgressionRelapseAssessment_hasProgressionType> <Distant_and_local> 0 0 0 0
<3309826> <hasProgressionRelapseAssessment_hasProgressionType> <Clinical_progression> 0 0 0 0
<3407253> <hasProgressionRelapseAssessment_hasProgressionType> <Distant_and_local> 0 0 0 0
<3407250> <hasProgressionRelapseAssessment_hasProgressionType> <Clinical_progression> 0 0 0 0
<3306163> <hasProgressionRelapseAssessment_hasProgressionType> <Distant_and_local> 0 0 0 0
<3507662> <hasProgressionRelapseAssessment_hasProgressionType> <Distant> 0 0 0 0
<2811864> <hasProgressionRelapseAssessment_hasProgressionType> <Distant> 0 0 0 0
<2815680> <hasProgressionRelapseAssessment_hasProgressionType> <Clinical_progression> 0 0 0 0
<3009637> <hasProgressionRelapseAssessment_hasProgressionType> <Distant_and_local> 0 0 0 0
<3404082> <hasProgressionRelapseAssessment_hasProgressionType> <Distant> 0 0 0 0
<3703306> <hasProgressionRelapseAssessment_hasProgressionType> <Local> 0 0 0 0
<3704636> <hasProgressionRelapseAssessment_hasProgressionType> <Distant> 0 0 0 0
<3709310> <hasProgressionRelapseAssessment_hasProgressionType> <Distant_and_local> 0 0 0 0
<3801788> <hasProgressionRelapseAssessment_hasProgressionType> <Distant_and_local> 0 0 0 0
<3812080> <hasProgressionRelapseAssessment_hasProgressionType> <Local> 0 0 0 0
<2901447> <hasProgressionRelapseAssessment_hasProgressionType> <Distant> 0 0 0 0
<3704420> <hasProgressionRelapseAssessment_hasProgressionType> <Distant> 0 0 0 0
<410379> <hasProgressionRelapseAssessment_hasProgressionType> <Distant> 0 0 0 0
<413885> <hasProgressionRelapseAssessment_hasProgressionType> <Clinical_progression> 0 0 0 0
<408808> <hasProgressionRelapseAssessment_hasProgressionType> <Clinical_progression> 0 0 0 0
<409856> <hasProgressionRelapseAssessment_hasProgressionType> <Distant_and_local> 0 0 0 0
<415781> <hasProgressionRelapseAssessment_hasProgressionType> <Clinical_progression> 0 0 0 0
<410260> <hasProgressionRelapseAssessment_hasProgressionType> <Clinical_progression> 0 0 0 0
<408769> <hasProgressionRelapseAssessment_hasProgressionType> <Distant_and_local> 0 0 0 0
<3508801> <hasProgressionRelapseAssessment_hasProgressionType> <Distant_and_local> 0 0 0 0
<3905670> <hasProgressionRelapseAssessment_hasProgressionType> <Distant_and_local> 0 0 0 0
<3801519> <hasProgressionRelapseAssessment_hasProgressionType> <Distant_and_local> 0 0 0 0
<413294> <hasProgressionRelapseAssessment_hasProgressionType> <Local> 0 0 0 0
<409839> <hasProgressionRelapseAssessment_hasProgressionType> <Clinical_progression> 0 0 0 0
<3812436> <hasProgressionRelapseAssessment_hasProgressionType> <Distant> 0 0 0 0
<3702927> <hasProgressionRelapseAssessment_hasProgressionType> <Distant_and_local> 0 0 0 0
<3602146> <hasProgressionRelapseAssessment_hasProgressionType> <Distant> 0 0 0 0
<413877> <hasProgressionRelapseAssessment_hasProgressionType> <Clinical_progression> 0 0 0 0
<3509823> <hasProgressionRelapseAssessment_hasProgressionType> <Local> 0 0 0 0
<3602558> <hasProgressionRelapseAssessment_hasProgressionType> <Distant_and_local> 0 0 0 0
<3510727> <hasProgressionRelapseAssessment_hasProgressionType> <Local> 0 0 0 0
<409581> <hasProgressionRelapseAssessment_hasProgressionType> <Local> 0 0 0 0
<3801952> <hasProgressionRelapseAssessment_hasProgressionType> <Distant> 0 0 0 0
<410222> <hasProgressionRelapseAssessment_hasProgressionType> <Local> 0 0 0 0
<409790> <hasProgressionRelapseAssessment_hasProgressionType> <Distant> 0 0 0 0
<3509567> <hasProgressionRelapseAssessment_hasProgressionType> <Distant> 0 0 0 0
<411048> <hasProgressionRelapseAssessment_hasProgressionType> <Local> 0 0 0 0
<409352> <hasProgressionRelapseAssessment_hasProgressionType> <Distant> 0 0 0 0
<410252> <hasProgressionRelapseAssessment_hasProgressionType> <Distant_and_local> 0 0 0 0
<410371> <hasProgressionRelapseAssessment_hasProgressionType> <Local> 0 0 0 0
<409644> <hasProgressionRelapseAssessment_hasProgressionType> <Local> 0 0 0 0
<417200> <hasProgressionRelapseAssessment_hasProgressionType> <Distant_and_local> 0 0 0 0
<4910768> <hasProgressionRelapseAssessment_hasProgressionType> <Clinical_progression> 0 0 0 0
<4911085> <hasProgressionRelapseAssessment_hasProgressionType> <Clinical_progression> 0 0 0 0
<501259> <hasProgressionRelapseAssessment_hasProgressionType> <Distant_and_local> 0 0 0 0
<501280> <hasProgressionRelapseAssessment_hasProgressionType> <Local> 0 0 0 0
<4910722> <hasProgressionRelapseAssessment_hasProgressionType> <Distant_and_local> 0 0 0 0
<503956> <hasProgressionRelapseAssessment_hasProgressionType> <Distant> 0 0 0 0
<4910902> <hasProgressionRelapseAssessment_hasProgressionType> <Clinical_progression> 0 0 0 0
<507779> <hasProgressionRelapseAssessment_hasProgressionType> <Local> 0 0 0 0
<507809> <hasProgressionRelapseAssessment_hasProgressionType> <Local> 0 0 0 0
<4910936> <hasProgressionRelapseAssessment_hasProgressionType> <Distant_and_local> 0 0 0 0
<503183> <hasProgressionRelapseAssessment_hasProgressionType> <Distant_and_local> 0 0 0 0
<4910810> <hasProgressionRelapseAssessment_hasProgressionType> <Clinical_progression> 0 0 0 0
<4614971> <hasProgressionRelapseAssessment_hasProgressionType> <Distant> 0 0 0 0
<501308> <hasProgressionRelapseAssessment_hasProgressionType> <Distant_and_local> 0 0 0 0
<501234> <hasProgressionRelapseAssessment_hasProgressionType> <Clinical_progression> 0 0 0 0
<4201557> <hasProgressionRelapseAssessment_hasProgressionType> <Distant> 0 0 0 0
<4314194> <hasProgressionRelapseAssessment_hasProgressionType> <Distant> 0 0 0 0
<417586> <hasProgressionRelapseAssessment_hasProgressionType> <Distant> 0 0 0 0
<503878> <hasProgressionRelapseAssessment_hasProgressionType> <Local> 0 0 0 0
<507882> <hasProgressionRelapseAssessment_hasProgressionType> <Distant_and_local> 0 0 0 0
<4911118> <hasProgressionRelapseAssessment_hasProgressionType> <Clinical_progression> 0 0 0 0
<4910836> <hasProgressionRelapseAssessment_hasProgressionType> <Clinical_progression> 0 0 0 0
<417398> <hasProgressionRelapseAssessment_hasProgressionType> <Local> 0 0 0 0
<4605032> <hasProgressionRelapseAssessment_hasProgressionType> <Distant> 0 0 0 0
<501330> <hasProgressionRelapseAssessment_hasProgressionType> <Clinical_progression> 0 0 0 0
<417095> <hasProgressionRelapseAssessment_hasProgressionType> <Clinical_progression> 0 0 0 0
<508286> <hasProgressionRelapseAssessment_hasProgressionType> <Distant_and_local> 0 0 0 0
<5102956> <hasProgressionRelapseAssessment_hasProgressionType> <Local> 0 0 0 0
<508528> <hasProgressionRelapseAssessment_hasProgressionType> <Local> 0 0 0 0
<508373> <hasProgressionRelapseAssessment_hasProgressionType> <Distant_and_local> 0 0 0 0
<508555> <hasProgressionRelapseAssessment_hasProgressionType> <Distant_and_local> 0 0 0 0
<508870> <hasProgressionRelapseAssessment_hasProgressionType> <Local> 0 0 0 0
<5102824> <hasProgressionRelapseAssessment_hasProgressionType> <Distant> 0 0 0 0
<5104668> <hasProgressionRelapseAssessment_hasProgressionType> <Local> 0 0 0 0
<5109724> <hasProgressionRelapseAssessment_hasProgressionType> <Local> 0 0 0 0
<5111470> <hasProgressionRelapseAssessment_hasProgressionType> <Local> 0 0 0 0
<508156> <hasProgressionRelapseAssessment_hasProgressionType> <Local> 0 0 0 0
<5106400> <hasProgressionRelapseAssessment_hasProgressionType> <Local> 0 0 0 0
<5106399> <hasProgressionRelapseAssessment_hasProgressionType> <Distant> 0 0 0 0
<5104707> <hasProgressionRelapseAssessment_hasProgressionType> <Local> 0 0 0 0
<508561> <hasProgressionRelapseAssessment_hasProgressionType> <Distant> 0 0 0 0
<5104033> <hasProgressionRelapseAssessment_hasProgressionType> <Distant> 0 0 0 0
<5111664> <hasProgressionRelapseAssessment_hasProgressionType> <Local> 0 0 0 0
<5106820> <hasProgressionRelapseAssessment_hasProgressionType> <Clinical_progression> 0 0 0 0
<5111330> <hasProgressionRelapseAssessment_hasProgressionType> <Clinical_progression> 0 0 0 0
<512752> <hasProgressionRelapseAssessment_hasProgressionType> <Distant_and_local> 0 0 0 0
<5105456> <hasProgressionRelapseAssessment_hasProgressionType> <Distant> 0 0 0 0
<5107015> <hasProgressionRelapseAssessment_hasProgressionType> <Local> 0 0 0 0
<512554> <hasProgressionRelapseAssessment_hasProgressionType> <Distant_and_local> 0 0 0 0
<512556> <hasProgressionRelapseAssessment_hasProgressionType> <Local> 0 0 0 0
<5102864> <hasProgressionRelapseAssessment_hasProgressionType> <Local> 0 0 0 0
<5102919> <hasProgressionRelapseAssessment_hasProgressionType> <Distant_and_local> 0 0 0 0
<512964> <hasProgressionRelapseAssessment_hasProgressionType> <Clinical_progression> 0 0 0 0
<513057> <hasProgressionRelapseAssessment_hasProgressionType> <Distant> 0 0 0 0
<514421> <hasProgressionRelapseAssessment_hasProgressionType> <Distant_and_local> 0 0 0 0
<515731> <hasProgressionRelapseAssessment_hasProgressionType> <Local> 0 0 0 0
<516742> <hasProgressionRelapseAssessment_hasProgressionType> <Clinical_progression> 0 0 0 0
<516339> <hasProgressionRelapseAssessment_hasProgressionType> <Distant> 0 0 0 0
<513060> <hasProgressionRelapseAssessment_hasProgressionType> <Clinical_progression> 0 0 0 0
<516985> <hasProgressionRelapseAssessment_hasProgressionType> <Clinical_progression> 0 0 0 0
<5305312> <hasProgressionRelapseAssessment_hasProgressionType> <Local> 0 0 0 0
<5305704> <hasProgressionRelapseAssessment_hasProgressionType> <Distant_and_local> 0 0 0 0
<5312265> <hasProgressionRelapseAssessment_hasProgressionType> <Clinical_progression> 0 0 0 0
<5312473> <hasProgressionRelapseAssessment_hasProgressionType> <Clinical_progression> 0 0 0 0
<5312645> <hasProgressionRelapseAssessment_hasProgressionType> <Clinical_progression> 0 0 0 0
<5314667> <hasProgressionRelapseAssessment_hasProgressionType> <Distant_and_local> 0 0 0 0
<5316033> <hasProgressionRelapseAssessment_hasProgressionType> <Distant_and_local> 0 0 0 0
<5316050> <hasProgressionRelapseAssessment_hasProgressionType> <Distant> 0 0 0 0
<5316172> <hasProgressionRelapseAssessment_hasProgressionType> <Distant_and_local> 0 0 0 0
<513145> <hasProgressionRelapseAssessment_hasProgressionType> <Local> 0 0 0 0
<514313> <hasProgressionRelapseAssessment_hasProgressionType> <Distant_and_local> 0 0 0 0
<5313244> <hasProgressionRelapseAssessment_hasProgressionType> <Local> 0 0 0 0
<514162> <hasProgressionRelapseAssessment_hasProgressionType> <Distant> 0 0 0 0
<513005> <hasProgressionRelapseAssessment_hasProgressionType> <Clinical_progression> 0 0 0 0
<516153> <hasProgressionRelapseAssessment_hasProgressionType> <Distant_and_local> 0 0 0 0
<5316045> <hasProgressionRelapseAssessment_hasProgressionType> <Local> 0 0 0 0
<513968> <hasProgressionRelapseAssessment_hasProgressionType> <Distant> 0 0 0 0
<516195> <hasProgressionRelapseAssessment_hasProgressionType> <Distant> 0 0 0 0
<516340> <hasProgressionRelapseAssessment_hasProgressionType> <Local> 0 0 0 0
<5304660> <hasProgressionRelapseAssessment_hasProgressionType> <Clinical_progression> 0 0 0 0
<5314147> <hasProgressionRelapseAssessment_hasProgressionType> <Distant_and_local> 0 0 0 0
<5314960> <hasProgressionRelapseAssessment_hasProgressionType> <Distant_and_local> 0 0 0 0
<516760> <hasProgressionRelapseAssessment_hasProgressionType> <Clinical_progression> 0 0 0 0
<5316309> <hasProgressionRelapseAssessment_hasProgressionType> <Distant_and_local> 0 0 0 0
<5301423> <hasProgressionRelapseAssessment_hasProgressionType> <Distant> 0 0 0 0
<5316016> <hasProgressionRelapseAssessment_hasProgressionType> <Distant_and_local> 0 0 0 0
<5314536> <hasProgressionRelapseAssessment_hasProgressionType> <Distant_and_local> 0 0 0 0
<513164> <hasProgressionRelapseAssessment_hasProgressionType> <Local> 0 0 0 0
<5805996> <hasProgressionRelapseAssessment_hasProgressionType> <Distant> 0 0 0 0
<6311576> <hasProgressionRelapseAssessment_hasProgressionType> <Distant> 0 0 0 0
<6312142> <hasProgressionRelapseAssessment_hasProgressionType> <Clinical_progression> 0 0 0 0
<6316012> <hasProgressionRelapseAssessment_hasProgressionType> <Clinical_progression> 0 0 0 0
<6316519> <hasProgressionRelapseAssessment_hasProgressionType> <Clinical_progression> 0 0 0 0
<6605752> <hasProgressionRelapseAssessment_hasProgressionType> <Distant_and_local> 0 0 0 0
<6900834> <hasProgressionRelapseAssessment_hasProgressionType> <Distant_and_local> 0 0 0 0
<7005783> <hasProgressionRelapseAssessment_hasProgressionType> <Distant_and_local> 0 0 0 0
<702288> <hasProgressionRelapseAssessment_hasProgressionType> <Local> 0 0 0 0
<702528> <hasProgressionRelapseAssessment_hasProgressionType> <Distant> 0 0 0 0
<6300679> <hasProgressionRelapseAssessment_hasProgressionType> <Distant_and_local> 0 0 0 0
<6307125> <hasProgressionRelapseAssessment_hasProgressionType> <Distant> 0 0 0 0
<6316333> <hasProgressionRelapseAssessment_hasProgressionType> <Clinical_progression> 0 0 0 0
<6301526> <hasProgressionRelapseAssessment_hasProgressionType> <Distant> 0 0 0 0
<6301765> <hasProgressionRelapseAssessment_hasProgressionType> <Local> 0 0 0 0
<705805> <hasProgressionRelapseAssessment_hasProgressionType> <Local> 0 0 0 0
<6400370> <hasProgressionRelapseAssessment_hasProgressionType> <Local> 0 0 0 0
<6315495> <hasProgressionRelapseAssessment_hasProgressionType> <Distant> 0 0 0 0
<7105829> <hasProgressionRelapseAssessment_hasProgressionType> <Local> 0 0 0 0
<7404360> <hasProgressionRelapseAssessment_hasProgressionType> <Distant_and_local> 0 0 0 0
<7408894> <hasProgressionRelapseAssessment_hasProgressionType> <Distant> 0 0 0 0
<906814> <hasProgressionRelapseAssessment_hasProgressionType> <Local> 0 0 0 0
<909694> <hasProgressionRelapseAssessment_hasProgressionType> <Distant_and_local> 0 0 0 0
<9408745> <hasProgressionRelapseAssessment_hasProgressionType> <Local> 0 0 0 0
<6317382> <hasProgressionRelapseAssessment_hasProgressionType> <Distant> 0 0 0 0
<7101190> <hasProgressionRelapseAssessment_hasProgressionType> <Clinical_progression> 0 0 0 0
<7404347> <hasProgressionRelapseAssessment_hasProgressionType> <Local> 0 0 0 0
<907365> <hasProgressionRelapseAssessment_hasProgressionType> <Distant_and_local> 0 0 0 0
<9408784> <hasProgressionRelapseAssessment_hasProgressionType> <Distant_and_local> 0 0 0 0
<7404359> <hasProgressionRelapseAssessment_hasProgressionType> <Distant> 0 0 0 0
<9409491> <hasProgressionRelapseAssessment_hasProgressionType> <Distant_and_local> 0 0 0 0
<7101192> <hasProgressionRelapseAssessment_hasProgressionType> <Local> 0 0 0 0
<6312623> <hasProgressionRelapseAssessment_hasProgressionType> <Clinical_progression> 0 0 0 0
<6313243> <hasProgressionRelapseAssessment_hasProgressionType> <Distant_and_local> 0 0 0 0
<6305047> <hasProgressionRelapseAssessment_hasProgressionType> <Distant> 0 0 0 0
<6305640> <hasProgressionRelapseAssessment_hasProgressionType> <Distant> 0 0 0 0
<6315957> <hasProgressionRelapseAssessment_hasProgressionType> <Clinical_progression> 0 0 0 0
<5503698> <hasProgressionRelapseAssessment_hasProgressionType> <Distant> 0 0 0 0
<7000300> <hasProgressionRelapseAssessment_hasProgressionType> <Distant> 0 0 0 0
<9409774> <hasProgressionRelapseAssessment_hasProgressionType> <Local> 0 0 0 0
<9704019> <hasProgressionRelapseAssessment_hasProgressionType> <Distant> 0 0 0 0
<9703653> <hasProgressionRelapseAssessment_hasProgressionType> <Clinical_progression> 0 0 0 0
<9712711> <hasProgressionRelapseAssessment_hasProgressionType> <Distant> 0 0 0 0
<207981> <hasProgressionRelapseAssessment_hasProgressionType> <Clinical_progression> 0 0 0 0
<2809372> <hasProgressionRelapseAssessment_hasProgressionType> <Clinical_progression> 0 0 0 0
<2903715> <hasProgressionRelapseAssessment_hasProgressionType> <Distant_and_local> 0 0 0 0
<3307152> <hasProgressionRelapseAssessment_hasProgressionType> <Distant> 0 0 0 0
<2902533> <hasProgressionRelapseAssessment_hasProgressionType> <Distant_and_local> 0 0 0 0
<409850> <hasProgressionRelapseAssessment_hasProgressionType> <Clinical_progression> 0 0 0 0
<4910552> <hasProgressionRelapseAssessment_hasProgressionType> <Clinical_progression> 0 0 0 0
<6315993> <hasProgressionRelapseAssessment_hasProgressionType> <Distant> 0 0 0 0
<1006652> <hasProgressionRelapseAssessment_hasProgressionType> <Distant> 0 0 0 0
<101703> <hasProgressionRelapseAssessment_hasProgressionType> <Local> 0 0 0 0
<101989> <hasProgressionRelapseAssessment_hasProgressionType> <Distant> 0 0 0 0
<103882> <hasProgressionRelapseAssessment_hasProgressionType> <Clinical_progression> 0 0 0 0
<10613593> <hasProgressionRelapseAssessment_hasProgressionType> <Clinical_progression> 0 0 0 0
<109578> <hasProgressionRelapseAssessment_hasProgressionType> <Clinical_progression> 0 0 0 0
<111011> <hasProgressionRelapseAssessment_hasProgressionType> <Distant> 0 0 0 0
<116588> <hasProgressionRelapseAssessment_hasProgressionType> <Local> 0 0 0 0
<11911323> <hasProgressionRelapseAssessment_hasProgressionType> <Distant_and_local> 0 0 0 0
<1214036> <hasProgressionRelapseAssessment_hasProgressionType> <Distant_and_local> 0 0 0 0
<1214792> <hasProgressionRelapseAssessment_hasProgressionType> <Distant> 0 0 0 0
<1300414> <hasProgressionRelapseAssessment_hasProgressionType> <Distant_and_local> 0 0 0 0
<1300453> <hasProgressionRelapseAssessment_hasProgressionType> <Local> 0 0 0 0
<1201967> <hasProgressionRelapseAssessment_hasProgressionType> <Distant_and_local> 0 0 0 0
<1216676> <hasProgressionRelapseAssessment_hasProgressionType> <Clinical_progression> 0 0 0 0
<101946> <hasProgressionRelapseAssessment_hasProgressionType> <Distant_and_local> 0 0 0 0
<102121> <hasProgressionRelapseAssessment_hasProgressionType> <Local> 0 0 0 0
<10803941> <hasProgressionRelapseAssessment_hasProgressionType> <Local> 0 0 0 0
<109837> <hasProgressionRelapseAssessment_hasProgressionType> <Distant_and_local> 0 0 0 0
<11312171> <hasProgressionRelapseAssessment_hasProgressionType> <Local> 0 0 0 0
<1200126> <hasProgressionRelapseAssessment_hasProgressionType> <Clinical_progression> 0 0 0 0
<1300637> <hasProgressionRelapseAssessment_hasProgressionType> <Local> 0 0 0 0
<1300756> <hasProgressionRelapseAssessment_hasProgressionType> <Distant_and_local> 0 0 0 0
<101827> <hasProgressionRelapseAssessment_hasProgressionType> <Clinical_progression> 0 0 0 0
<109506> <hasProgressionRelapseAssessment_hasProgressionType> <Distant> 0 0 0 0
<107680> <hasProgressionRelapseAssessment_hasProgressionType> <Clinical_progression> 0 0 0 0
<1202727> <hasProgressionRelapseAssessment_hasProgressionType> <Distant_and_local> 0 0 0 0
<11312376> <hasProgressionRelapseAssessment_hasProgressionType> <Distant_and_local> 0 0 0 0
<1214694> <hasProgressionRelapseAssessment_hasProgressionType> <Local> 0 0 0 0
<101739> <hasProgressionRelapseAssessment_hasProgressionType> <Distant> 0 0 0 0
<1200236> <hasProgressionRelapseAssessment_hasProgressionType> <Distant_and_local> 0 0 0 0
<1213445> <hasProgressionRelapseAssessment_hasProgressionType> <Distant> 0 0 0 0
<112881> <hasProgressionRelapseAssessment_hasProgressionType> <Distant> 0 0 0 0
<1214199> <hasProgressionRelapseAssessment_hasProgressionType> <Distant> 0 0 0 0
<108115> <hasProgressionRelapseAssessment_hasProgressionType> <Clinical_progression> 0 0 0 0
<1216587> <hasProgressionRelapseAssessment_hasProgressionType> <Distant_and_local> 0 0 0 0
<1213289> <hasProgressionRelapseAssessment_hasProgressionType> <Distant> 0 0 0 0
<1200946> <hasProgressionRelapseAssessment_hasProgressionType> <Distant_and_local> 0 0 0 0
<112112> <hasProgressionRelapseAssessment_hasProgressionType> <Clinical_progression> 0 0 0 0
<1301887> <hasProgressionRelapseAssessment_hasProgressionType> <Clinical_progression> 0 0 0 0
<1302058> <hasProgressionRelapseAssessment_hasProgressionType> <Local> 0 0 0 0
<1302159> <hasProgressionRelapseAssessment_hasProgressionType> <Distant> 0 0 0 0
<1302141> <hasProgressionRelapseAssessment_hasProgressionType> <Distant> 0 0 0 0
<1301652> <hasProgressionRelapseAssessment_hasProgressionType> <Local> 0 0 0 0
<1303485> <hasProgressionRelapseAssessment_hasProgressionType> <Distant> 0 0 0 0
<1305531> <hasProgressionRelapseAssessment_hasProgressionType> <Distant> 0 0 0 0
<1313319> <hasProgressionRelapseAssessment_hasProgressionType> <Distant> 0 0 0 0
<1315135> <hasProgressionRelapseAssessment_hasProgressionType> <Local> 0 0 0 0
<1315654> <hasProgressionRelapseAssessment_hasProgressionType> <Distant_and_local> 0 0 0 0
<1504444> <hasProgressionRelapseAssessment_hasProgressionType> <Distant> 0 0 0 0
<1509559> <hasProgressionRelapseAssessment_hasProgressionType> <Local> 0 0 0 0
<1514207> <hasProgressionRelapseAssessment_hasProgressionType> <Distant> 0 0 0 0
<1303491> <hasProgressionRelapseAssessment_hasProgressionType> <Local> 0 0 0 0
<1306145> <hasProgressionRelapseAssessment_hasProgressionType> <Distant_and_local> 0 0 0 0
<1314702> <hasProgressionRelapseAssessment_hasProgressionType> <Distant> 0 0 0 0
<1315330> <hasProgressionRelapseAssessment_hasProgressionType> <Clinical_progression> 0 0 0 0
<1507760> <hasProgressionRelapseAssessment_hasProgressionType> <Distant_and_local> 0 0 0 0
<1309959> <hasProgressionRelapseAssessment_hasProgressionType> <Distant> 0 0 0 0
<1302046> <hasProgressionRelapseAssessment_hasProgressionType> <Local> 0 0 0 0
<1304431> <hasProgressionRelapseAssessment_hasProgressionType> <Local> 0 0 0 0
<1504180> <hasProgressionRelapseAssessment_hasProgressionType> <Distant> 0 0 0 0
<1315165> <hasProgressionRelapseAssessment_hasProgressionType> <Distant> 0 0 0 0
<1306334> <hasProgressionRelapseAssessment_hasProgressionType> <Clinical_progression> 0 0 0 0
<1315103> <hasProgressionRelapseAssessment_hasProgressionType> <Clinical_progression> 0 0 0 0
<1509160> <hasProgressionRelapseAssessment_hasProgressionType> <Local> 0 0 0 0
<1305449> <hasProgressionRelapseAssessment_hasProgressionType> <Clinical_progression> 0 0 0 0
<1306173> <hasProgressionRelapseAssessment_hasProgressionType> <Clinical_progression> 0 0 0 0
<1306327> <hasProgressionRelapseAssessment_hasProgressionType> <Clinical_progression> 0 0 0 0
<1315514> <hasProgressionRelapseAssessment_hasProgressionType> <Clinical_progression> 0 0 0 0
<1306825> <hasProgressionRelapseAssessment_hasProgressionType> <Distant> 0 0 0 0
<1305428> <hasProgressionRelapseAssessment_hasProgressionType> <Clinical_progression> 0 0 0 0
<1306515> <hasProgressionRelapseAssessment_hasProgressionType> <Clinical_progression> 0 0 0 0
<1314451> <hasProgressionRelapseAssessment_hasProgressionType> <Local> 0 0 0 0
<1315135> <hasProgressionRelapseAssessment_hasProgressionType> <Clinical_progression> 0 0 0 0
<1503975> <hasProgressionRelapseAssessment_hasProgressionType> <Local> 0 0 0 0
<1500905> <hasProgressionRelapseAssessment_hasProgressionType> <Local> 0 0 0 0
<1305004> <hasProgressionRelapseAssessment_hasProgressionType> <Distant_and_local> 0 0 0 0
<1511116> <hasProgressionRelapseAssessment_hasProgressionType> <Distant> 0 0 0 0
<1305451> <hasProgressionRelapseAssessment_hasProgressionType> <Clinical_progression> 0 0 0 0
<1500887> <hasProgressionRelapseAssessment_hasProgressionType> <Local> 0 0 0 0
<1310914> <hasProgressionRelapseAssessment_hasProgressionType> <Distant> 0 0 0 0
<1315056> <hasProgressionRelapseAssessment_hasProgressionType> <Clinical_progression> 0 0 0 0
<1509527> <hasProgressionRelapseAssessment_hasProgressionType> <Distant_and_local> 0 0 0 0
<1508180> <hasProgressionRelapseAssessment_hasProgressionType> <Distant> 0 0 0 0
<1503608> <hasProgressionRelapseAssessment_hasProgressionType> <Local> 0 0 0 0
<1313461> <hasProgressionRelapseAssessment_hasProgressionType> <Distant> 0 0 0 0
<1315285> <hasProgressionRelapseAssessment_hasProgressionType> <Local> 0 0 0 0
<1310608> <hasProgressionRelapseAssessment_hasProgressionType> <Clinical_progression> 0 0 0 0
<15704697> <hasProgressionRelapseAssessment_hasProgressionType> <Distant_and_local> 0 0 0 0
<202401> <hasProgressionRelapseAssessment_hasProgressionType> <Distant_and_local> 0 0 0 0
<204038> <hasProgressionRelapseAssessment_hasProgressionType> <Distant_and_local> 0 0 0 0
<204303> <hasProgressionRelapseAssessment_hasProgressionType> <Distant_and_local> 0 0 0 0
<204595> <hasProgressionRelapseAssessment_hasProgressionType> <Distant_and_local> 0 0 0 0
<206469> <hasProgressionRelapseAssessment_hasProgressionType> <Clinical_progression> 0 0 0 0
<207935> <hasProgressionRelapseAssessment_hasProgressionType> <Local> 0 0 0 0
<208710> <hasProgressionRelapseAssessment_hasProgressionType> <Clinical_progression> 0 0 0 0
<15714651> <hasProgressionRelapseAssessment_hasProgressionType> <Distant_and_local> 0 0 0 0
<202659> <hasProgressionRelapseAssessment_hasProgressionType> <Clinical_progression> 0 0 0 0
<207956> <hasProgressionRelapseAssessment_hasProgressionType> <Distant> 0 0 0 0
<209986> <hasProgressionRelapseAssessment_hasProgressionType> <Clinical_progression> 0 0 0 0
<202055> <hasProgressionRelapseAssessment_hasProgressionType> <Distant> 0 0 0 0
<205669> <hasProgressionRelapseAssessment_hasProgressionType> <Distant_and_local> 0 0 0 0
<15706247> <hasProgressionRelapseAssessment_hasProgressionType> <Distant_and_local> 0 0 0 0
<205479> <hasProgressionRelapseAssessment_hasProgressionType> <Distant> 0 0 0 0
<206002> <hasProgressionRelapseAssessment_hasProgressionType> <Distant> 0 0 0 0
<201625> <hasProgressionRelapseAssessment_hasProgressionType> <Distant_and_local> 0 0 0 0
<15714599> <hasProgressionRelapseAssessment_hasProgressionType> <Distant_and_local> 0 0 0 0
<203522> <hasProgressionRelapseAssessment_hasProgressionType> <Distant> 0 0 0 0
<15706423> <hasProgressionRelapseAssessment_hasProgressionType> <Local> 0 0 0 0
<2100772> <hasProgressionRelapseAssessment_hasProgressionType> <Distant_and_local> 0 0 0 0
<1314629> <hasProgressionRelapseAssessment_hasProgressionType> <Distant> 0 0 0 0
<15707835> <hasProgressionRelapseAssessment_hasProgressionType> <Local> 0 0 0 0
<201453> <hasProgressionRelapseAssessment_hasProgressionType> <Local> 0 0 0 0
<204162> <hasProgressionRelapseAssessment_hasProgressionType> <Local> 0 0 0 0
<207279> <hasProgressionRelapseAssessment_hasProgressionType> <Clinical_progression> 0 0 0 0
<204162> <hasProgressionRelapseAssessment_hasProgressionType> <Clinical_progression> 0 0 0 0
<207293> <hasProgressionRelapseAssessment_hasProgressionType> <Clinical_progression> 0 0 0 0
<201595> <hasProgressionRelapseAssessment_hasProgressionType> <Distant> 0 0 0 0
<2100655> <hasProgressionRelapseAssessment_hasProgressionType> <Distant> 0 0 0 0
<202493> <hasProgressionRelapseAssessment_hasProgressionType> <Distant> 0 0 0 0
<202130> <hasProgressionRelapseAssessment_hasProgressionType> <Local> 0 0 0 0
<205134> <hasProgressionRelapseAssessment_hasProgressionType> <Local> 0 0 0 0
<2102392> <hasProgressionRelapseAssessment_hasProgressionType> <Local> 0 0 0 0
<2105967> <hasProgressionRelapseAssessment_hasProgressionType> <Local> 0 0 0 0
<2107863> <hasProgressionRelapseAssessment_hasProgressionType> <Clinical_progression> 0 0 0 0
<2304881> <hasProgressionRelapseAssessment_hasProgressionType> <Clinical_progression> 0 0 0 0
<211063> <hasProgressionRelapseAssessment_hasProgressionType> <Clinical_progression> 0 0 0 0
<213831> <hasProgressionRelapseAssessment_hasProgressionType> <Clinical_progression> 0 0 0 0
<2114400> <hasProgressionRelapseAssessment_hasProgressionType> <Clinical_progression> 0 0 0 0
<2304829> <hasProgressionRelapseAssessment_hasProgressionType> <Distant_and_local> 0 0 0 0
<211337> <hasProgressionRelapseAssessment_hasProgressionType> <Clinical_progression> 0 0 0 0
<217100> <hasProgressionRelapseAssessment_hasProgressionType> <Local> 0 0 0 0
<2302550> <hasProgressionRelapseAssessment_hasProgressionType> <Clinical_progression> 0 0 0 0
<2305197> <hasProgressionRelapseAssessment_hasProgressionType> <Distant_and_local> 0 0 0 0
<213333> <hasProgressionRelapseAssessment_hasProgressionType> <Clinical_progression> 0 0 0 0
<213396> <hasProgressionRelapseAssessment_hasProgressionType> <Distant> 0 0 0 0
<211353> <hasProgressionRelapseAssessment_hasProgressionType> <Local> 0 0 0 0
<2101430> <hasProgressionRelapseAssessment_hasProgressionType> <Distant> 0 0 0 0
<211810> <hasProgressionRelapseAssessment_hasProgressionType> <Local> 0 0 0 0
<216137> <hasProgressionRelapseAssessment_hasProgressionType> <Clinical_progression> 0 0 0 0
<2304496> <hasProgressionRelapseAssessment_hasProgressionType> <Distant> 0 0 0 0
<2305103> <hasProgressionRelapseAssessment_hasProgressionType> <Local> 0 0 0 0
<2304455> <hasProgressionRelapseAssessment_hasProgressionType> <Distant_and_local> 0 0 0 0
<211245> <hasProgressionRelapseAssessment_hasProgressionType> <Distant> 0 0 0 0
<2304283> <hasProgressionRelapseAssessment_hasProgressionType> <Local> 0 0 0 0
<2108686> <hasProgressionRelapseAssessment_hasProgressionType> <Distant> 0 0 0 0
<2101035> <hasProgressionRelapseAssessment_hasProgressionType> <Clinical_progression> 0 0 0 0
<2804485> <hasProgressionRelapseAssessment_hasProgressionType> <Distant> 0 0 0 0
<2804352> <hasProgressionRelapseAssessment_hasProgressionType> <Local> 0 0 0 0
<2309802> <hasProgressionRelapseAssessment_hasProgressionType> <Clinical_progression> 0 0 0 0
<2300028> <hasProgressionRelapseAssessment_hasProgressionType> <Distant> 0 0 0 0
<2307398> <hasProgressionRelapseAssessment_hasProgressionType> <Distant> 0 0 0 0
<2809997> <hasProgressionRelapseAssessment_hasProgressionType> <Clinical_progression> 0 0 0 0
<2810617> <hasProgressionRelapseAssessment_hasProgressionType> <Distant_and_local> 0 0 0 0
<2811004> <hasProgressionRelapseAssessment_hasProgressionType> <Local> 0 0 0 0
<2811954> <hasProgressionRelapseAssessment_hasProgressionType> <Clinical_progression> 0 0 0 0
<2807352> <hasProgressionRelapseAssessment_hasProgressionType> <Distant> 0 0 0 0
<2901429> <hasProgressionRelapseAssessment_hasProgressionType> <Local> 0 0 0 0
<2902441> <hasProgressionRelapseAssessment_hasProgressionType> <Distant_and_local> 0 0 0 0
<2903897> <hasProgressionRelapseAssessment_hasProgressionType> <Clinical_progression> 0 0 0 0
<300403> <hasProgressionRelapseAssessment_hasProgressionType> <Local> 0 0 0 0
<2813548> <hasProgressionRelapseAssessment_hasProgressionType> <Distant_and_local> 0 0 0 0
<2805243> <hasProgressionRelapseAssessment_hasProgressionType> <Local> 0 0 0 0
<3004381> <hasProgressionRelapseAssessment_hasProgressionType> <Local> 0 0 0 0
<2810359> <hasProgressionRelapseAssessment_hasProgressionType> <Distant> 0 0 0 0
<2809229> <hasProgressionRelapseAssessment_hasProgressionType> <Distant> 0 0 0 0
<2900878> <hasProgressionRelapseAssessment_hasProgressionType> <Clinical_progression> 0 0 0 0
<3408696> <hasProgressionRelapseAssessment_hasProgressionType> <Clinical_progression> 0 0 0 0
<3507416> <hasProgressionRelapseAssessment_hasProgressionType> <Distant> 0 0 0 0
<300320> <hasProgressionRelapseAssessment_hasProgressionType> <Local> 0 0 0 0
<3406017> <hasProgressionRelapseAssessment_hasProgressionType> <Clinical_progression> 0 0 0 0
<2903700> <hasProgressionRelapseAssessment_hasProgressionType> <Distant_and_local> 0 0 0 0
<3306068> <hasProgressionRelapseAssessment_hasProgressionType> <Distant_and_local> 0 0 0 0
<2808632> <hasProgressionRelapseAssessment_hasProgressionType> <Distant> 0 0 0 0
<300854> <hasProgressionRelapseAssessment_hasProgressionType> <Distant_and_local> 0 0 0 0
<302305> <hasProgressionRelapseAssessment_hasProgressionType> <Clinical_progression> 0 0 0 0
<312393> <hasProgressionRelapseAssessment_hasProgressionType> <Distant_and_local> 0 0 0 0
<2903699> <hasProgressionRelapseAssessment_hasProgressionType> <Distant_and_local> 0 0 0 0
<3405222> <hasProgressionRelapseAssessment_hasProgressionType> <Clinical_progression> 0 0 0 0
<2813067> <hasProgressionRelapseAssessment_hasProgressionType> <Distant> 0 0 0 0
<310536> <hasProgressionRelapseAssessment_hasProgressionType> <Local> 0 0 0 0
<2808656> <hasProgressionRelapseAssessment_hasProgressionType> <Local> 0 0 0 0
<3407081> <hasProgressionRelapseAssessment_hasProgressionType> <Distant> 0 0 0 0
<3017129> <hasProgressionRelapseAssessment_hasProgressionType> <Local> 0 0 0 0
<2808799> <hasProgressionRelapseAssessment_hasProgressionType> <Local> 0 0 0 0
<3404558> <hasProgressionRelapseAssessment_hasProgressionType> <Distant> 0 0 0 0
<310418> <hasProgressionRelapseAssessment_hasProgressionType> <Local> 0 0 0 0
<3412533> <hasProgressionRelapseAssessment_hasProgressionType> <Clinical_progression> 0 0 0 0
<3508899> <hasProgressionRelapseAssessment_hasProgressionType> <Distant> 0 0 0 0
<3703237> <hasProgressionRelapseAssessment_hasProgressionType> <Local> 0 0 0 0
<3707139> <hasProgressionRelapseAssessment_hasProgressionType> <Distant_and_local> 0 0 0 0
<3510939> <hasProgressionRelapseAssessment_hasProgressionType> <Local> 0 0 0 0
<3702913> <hasProgressionRelapseAssessment_hasProgressionType> <Local> 0 0 0 0
<3509114> <hasProgressionRelapseAssessment_hasProgressionType> <Distant> 0 0 0 0
<409448> <hasProgressionRelapseAssessment_hasProgressionType> <Distant> 0 0 0 0
<409901> <hasProgressionRelapseAssessment_hasProgressionType> <Distant_and_local> 0 0 0 0
<409993> <hasProgressionRelapseAssessment_hasProgressionType> <Local> 0 0 0 0
<410223> <hasProgressionRelapseAssessment_hasProgressionType> <Distant_and_local> 0 0 0 0
<410384> <hasProgressionRelapseAssessment_hasProgressionType> <Clinical_progression> 0 0 0 0
<413476> <hasProgressionRelapseAssessment_hasProgressionType> <Clinical_progression> 0 0 0 0
<409563> <hasProgressionRelapseAssessment_hasProgressionType> <Distant_and_local> 0 0 0 0
<3704934> <hasProgressionRelapseAssessment_hasProgressionType> <Distant_and_local> 0 0 0 0
<410075> <hasProgressionRelapseAssessment_hasProgressionType> <Distant> 0 0 0 0
<415884> <hasProgressionRelapseAssessment_hasProgressionType> <Local> 0 0 0 0
<3509165> <hasProgressionRelapseAssessment_hasProgressionType> <Distant_and_local> 0 0 0 0
<407500> <hasProgressionRelapseAssessment_hasProgressionType> <Clinical_progression> 0 0 0 0
<409560> <hasProgressionRelapseAssessment_hasProgressionType> <Distant_and_local> 0 0 0 0
<3602468> <hasProgressionRelapseAssessment_hasProgressionType> <Distant> 0 0 0 0
<3712397> <hasProgressionRelapseAssessment_hasProgressionType> <Local> 0 0 0 0
<413759> <hasProgressionRelapseAssessment_hasProgressionType> <Clinical_progression> 0 0 0 0
<3510923> <hasProgressionRelapseAssessment_hasProgressionType> <Local> 0 0 0 0
<3510955> <hasProgressionRelapseAssessment_hasProgressionType> <Distant> 0 0 0 0
<409284> <hasProgressionRelapseAssessment_hasProgressionType> <Distant_and_local> 0 0 0 0
<410346> <hasProgressionRelapseAssessment_hasProgressionType> <Clinical_progression> 0 0 0 0
<409900> <hasProgressionRelapseAssessment_hasProgressionType> <Clinical_progression> 0 0 0 0
<409407> <hasProgressionRelapseAssessment_hasProgressionType> <Distant_and_local> 0 0 0 0
<3509113> <hasProgressionRelapseAssessment_hasProgressionType> <Distant> 0 0 0 0
<410364> <hasProgressionRelapseAssessment_hasProgressionType> <Clinical_progression> 0 0 0 0
<415554> <hasProgressionRelapseAssessment_hasProgressionType> <Clinical_progression> 0 0 0 0
<409460> <hasProgressionRelapseAssessment_hasProgressionType> <Clinical_progression> 0 0 0 0
<417007> <hasProgressionRelapseAssessment_hasProgressionType> <Clinical_progression> 0 0 0 0
<4305619> <hasProgressionRelapseAssessment_hasProgressionType> <Local> 0 0 0 0
<4314000> <hasProgressionRelapseAssessment_hasProgressionType> <Distant_and_local> 0 0 0 0
<416622> <hasProgressionRelapseAssessment_hasProgressionType> <Distant_and_local> 0 0 0 0
<4314194> <hasProgressionRelapseAssessment_hasProgressionType> <Local> 0 0 0 0
<416387> <hasProgressionRelapseAssessment_hasProgressionType> <Clinical_progression> 0 0 0 0
<416798> <hasProgressionRelapseAssessment_hasProgressionType> <Clinical_progression> 0 0 0 0
<409542> <hasProgressionRelapseAssessment_hasProgressionType> <Local> 0 0 0 0
<417062> <hasProgressionRelapseAssessment_hasProgressionType> <Clinical_progression> 0 0 0 0
<4201559> <hasProgressionRelapseAssessment_hasProgressionType> <Distant_and_local> 0 0 0 0
<4911197> <hasProgressionRelapseAssessment_hasProgressionType> <Local> 0 0 0 0
<501235> <hasProgressionRelapseAssessment_hasProgressionType> <Distant> 0 0 0 0
<501288> <hasProgressionRelapseAssessment_hasProgressionType> <Distant> 0 0 0 0
<4911196> <hasProgressionRelapseAssessment_hasProgressionType> <Clinical_progression> 0 0 0 0
<503936> <hasProgressionRelapseAssessment_hasProgressionType> <Distant> 0 0 0 0
<507550> <hasProgressionRelapseAssessment_hasProgressionType> <Distant> 0 0 0 0
<4911083> <hasProgressionRelapseAssessment_hasProgressionType> <Clinical_progression> 0 0 0 0
<416847> <hasProgressionRelapseAssessment_hasProgressionType> <Distant_and_local> 0 0 0 0
<417054> <hasProgressionRelapseAssessment_hasProgressionType> <Local> 0 0 0 0
<417475> <hasProgressionRelapseAssessment_hasProgressionType> <Distant> 0 0 0 0
<4611683> <hasProgressionRelapseAssessment_hasProgressionType> <Distant> 0 0 0 0
<4910675> <hasProgressionRelapseAssessment_hasProgressionType> <Clinical_progression> 0 0 0 0
<4910766> <hasProgressionRelapseAssessment_hasProgressionType> <Local> 0 0 0 0
<4612485> <hasProgressionRelapseAssessment_hasProgressionType> <Distant> 0 0 0 0
<4911200> <hasProgressionRelapseAssessment_hasProgressionType> <Clinical_progression> 0 0 0 0
<416529> <hasProgressionRelapseAssessment_hasProgressionType> <Clinical_progression> 0 0 0 0
<4910888> <hasProgressionRelapseAssessment_hasProgressionType> <Local> 0 0 0 0
<504149> <hasProgressionRelapseAssessment_hasProgressionType> <Clinical_progression> 0 0 0 0
<4313208> <hasProgressionRelapseAssessment_hasProgressionType> <Clinical_progression> 0 0 0 0
<4910803> <hasProgressionRelapseAssessment_hasProgressionType> <Clinical_progression> 0 0 0 0
<501360> <hasProgressionRelapseAssessment_hasProgressionType> <Distant_and_local> 0 0 0 0
<503170> <hasProgressionRelapseAssessment_hasProgressionType> <Distant_and_local> 0 0 0 0
<416840> <hasProgressionRelapseAssessment_hasProgressionType> <Clinical_progression> 0 0 0 0
<4910834> <hasProgressionRelapseAssessment_hasProgressionType> <Clinical_progression> 0 0 0 0
<507465> <hasProgressionRelapseAssessment_hasProgressionType> <Distant_and_local> 0 0 0 0
<4313997> <hasProgressionRelapseAssessment_hasProgressionType> <Local> 0 0 0 0
<4911142> <hasProgressionRelapseAssessment_hasProgressionType> <Clinical_progression> 0 0 0 0
<417204> <hasProgressionRelapseAssessment_hasProgressionType> <Clinical_progression> 0 0 0 0
<4600168> <hasProgressionRelapseAssessment_hasProgressionType> <Local> 0 0 0 0
<4605940> <hasProgressionRelapseAssessment_hasProgressionType> <Distant_and_local> 0 0 0 0
<502989> <hasProgressionRelapseAssessment_hasProgressionType> <Distant> 0 0 0 0
<417558> <hasProgressionRelapseAssessment_hasProgressionType> <Distant_and_local> 0 0 0 0
<508978> <hasProgressionRelapseAssessment_hasProgressionType> <Distant> 0 0 0 0
<5102902> <hasProgressionRelapseAssessment_hasProgressionType> <Clinical_progression> 0 0 0 0
<5103307> <hasProgressionRelapseAssessment_hasProgressionType> <Distant_and_local> 0 0 0 0
<509323> <hasProgressionRelapseAssessment_hasProgressionType> <Distant_and_local> 0 0 0 0
<508049> <hasProgressionRelapseAssessment_hasProgressionType> <Distant_and_local> 0 0 0 0
<508470> <hasProgressionRelapseAssessment_hasProgressionType> <Distant> 0 0 0 0
<508554> <hasProgressionRelapseAssessment_hasProgressionType> <Distant> 0 0 0 0
<508264> <hasProgressionRelapseAssessment_hasProgressionType> <Distant_and_local> 0 0 0 0
<508823> <hasProgressionRelapseAssessment_hasProgressionType> <Local> 0 0 0 0
<509053> <hasProgressionRelapseAssessment_hasProgressionType> <Local> 0 0 0 0
<508046> <hasProgressionRelapseAssessment_hasProgressionType> <Distant> 0 0 0 0
<5102825> <hasProgressionRelapseAssessment_hasProgressionType> <Local> 0 0 0 0
<508270> <hasProgressionRelapseAssessment_hasProgressionType> <Local> 0 0 0 0
<508284> <hasProgressionRelapseAssessment_hasProgressionType> <Distant_and_local> 0 0 0 0
<5102954> <hasProgressionRelapseAssessment_hasProgressionType> <Clinical_progression> 0 0 0 0
<4313173> <hasProgressionRelapseAssessment_hasProgressionType> <Distant> 0 0 0 0
<5106356> <hasProgressionRelapseAssessment_hasProgressionType> <Local> 0 0 0 0
<5106403> <hasProgressionRelapseAssessment_hasProgressionType> <Local> 0 0 0 0
<5106755> <hasProgressionRelapseAssessment_hasProgressionType> <Local> 0 0 0 0
<5113555> <hasProgressionRelapseAssessment_hasProgressionType> <Distant> 0 0 0 0
<5106393> <hasProgressionRelapseAssessment_hasProgressionType> <Distant> 0 0 0 0
<5106404> <hasProgressionRelapseAssessment_hasProgressionType> <Local> 0 0 0 0
<5110354> <hasProgressionRelapseAssessment_hasProgressionType> <Distant_and_local> 0 0 0 0
<5112597> <hasProgressionRelapseAssessment_hasProgressionType> <Distant_and_local> 0 0 0 0
<508258> <hasProgressionRelapseAssessment_hasProgressionType> <Local> 0 0 0 0
<5107103> <hasProgressionRelapseAssessment_hasProgressionType> <Clinical_progression> 0 0 0 0
<5106482> <hasProgressionRelapseAssessment_hasProgressionType> <Distant_and_local> 0 0 0 0
<5106372> <hasProgressionRelapseAssessment_hasProgressionType> <Distant_and_local> 0 0 0 0
<512356> <hasProgressionRelapseAssessment_hasProgressionType> <Local> 0 0 0 0
<512692> <hasProgressionRelapseAssessment_hasProgressionType> <Distant_and_local> 0 0 0 0
<5106879> <hasProgressionRelapseAssessment_hasProgressionType> <Clinical_progression> 0 0 0 0
<5110840> <hasProgressionRelapseAssessment_hasProgressionType> <Local> 0 0 0 0
<512772> <hasProgressionRelapseAssessment_hasProgressionType> <Distant> 0 0 0 0
<5106541> <hasProgressionRelapseAssessment_hasProgressionType> <Local> 0 0 0 0
<512608> <hasProgressionRelapseAssessment_hasProgressionType> <Distant_and_local> 0 0 0 0
<5104605> <hasProgressionRelapseAssessment_hasProgressionType> <Local> 0 0 0 0
<5115126> <hasProgressionRelapseAssessment_hasProgressionType> <Distant> 0 0 0 0
<512580> <hasProgressionRelapseAssessment_hasProgressionType> <Distant> 0 0 0 0
<5109139> <hasProgressionRelapseAssessment_hasProgressionType> <Distant> 0 0 0 0
<5111472> <hasProgressionRelapseAssessment_hasProgressionType> <Local> 0 0 0 0
<513060> <hasProgressionRelapseAssessment_hasProgressionType> <Distant> 0 0 0 0
<513080> <hasProgressionRelapseAssessment_hasProgressionType> <Distant_and_local> 0 0 0 0
<513620> <hasProgressionRelapseAssessment_hasProgressionType> <Local> 0 0 0 0
<513899> <hasProgressionRelapseAssessment_hasProgressionType> <Distant_and_local> 0 0 0 0
<513969> <hasProgressionRelapseAssessment_hasProgressionType> <Local> 0 0 0 0
<514136> <hasProgressionRelapseAssessment_hasProgressionType> <Distant_and_local> 0 0 0 0
<516277> <hasProgressionRelapseAssessment_hasProgressionType> <Local> 0 0 0 0
<513083> <hasProgressionRelapseAssessment_hasProgressionType> <Distant_and_local> 0 0 0 0
<513366> <hasProgressionRelapseAssessment_hasProgressionType> <Distant_and_local> 0 0 0 0
<512950> <hasProgressionRelapseAssessment_hasProgressionType> <Clinical_progression> 0 0 0 0
<513365> <hasProgressionRelapseAssessment_hasProgressionType> <Distant_and_local> 0 0 0 0
<513012> <hasProgressionRelapseAssessment_hasProgressionType> <Distant_and_local> 0 0 0 0
<516882> <hasProgressionRelapseAssessment_hasProgressionType> <Distant_and_local> 0 0 0 0
<517149> <hasProgressionRelapseAssessment_hasProgressionType> <Local> 0 0 0 0
<5305801> <hasProgressionRelapseAssessment_hasProgressionType> <Distant_and_local> 0 0 0 0
<5314103> <hasProgressionRelapseAssessment_hasProgressionType> <Distant_and_local> 0 0 0 0
<5314669> <hasProgressionRelapseAssessment_hasProgressionType> <Distant_and_local> 0 0 0 0
<5315207> <hasProgressionRelapseAssessment_hasProgressionType> <Distant_and_local> 0 0 0 0
<5315284> <hasProgressionRelapseAssessment_hasProgressionType> <Distant_and_local> 0 0 0 0
<5316044> <hasProgressionRelapseAssessment_hasProgressionType> <Distant> 0 0 0 0
<516717> <hasProgressionRelapseAssessment_hasProgressionType> <Local> 0 0 0 0
<5305286> <hasProgressionRelapseAssessment_hasProgressionType> <Clinical_progression> 0 0 0 0
<513044> <hasProgressionRelapseAssessment_hasProgressionType> <Distant> 0 0 0 0
<513370> <hasProgressionRelapseAssessment_hasProgressionType> <Local> 0 0 0 0
<513074> <hasProgressionRelapseAssessment_hasProgressionType> <Distant_and_local> 0 0 0 0
<513161> <hasProgressionRelapseAssessment_hasProgressionType> <Distant> 0 0 0 0
<513126> <hasProgressionRelapseAssessment_hasProgressionType> <Distant_and_local> 0 0 0 0
<512552> <hasProgressionRelapseAssessment_hasProgressionType> <Local> 0 0 0 0
<513741> <hasProgressionRelapseAssessment_hasProgressionType> <Distant> 0 0 0 0
<5302673> <hasProgressionRelapseAssessment_hasProgressionType> <Distant_and_local> 0 0 0 0
<5314529> <hasProgressionRelapseAssessment_hasProgressionType> <Distant_and_local> 0 0 0 0
<516193> <hasProgressionRelapseAssessment_hasProgressionType> <Distant_and_local> 0 0 0 0
<516319> <hasProgressionRelapseAssessment_hasProgressionType> <Distant_and_local> 0 0 0 0
<514255> <hasProgressionRelapseAssessment_hasProgressionType> <Distant> 0 0 0 0
<5307052> <hasProgressionRelapseAssessment_hasProgressionType> <Distant_and_local> 0 0 0 0
<5314771> <hasProgressionRelapseAssessment_hasProgressionType> <Distant_and_local> 0 0 0 0
<5502156> <hasProgressionRelapseAssessment_hasProgressionType> <Local> 0 0 0 0
<5314936> <hasProgressionRelapseAssessment_hasProgressionType> <Distant_and_local> 0 0 0 0
<5316489> <hasProgressionRelapseAssessment_hasProgressionType> <Local> 0 0 0 0
<5301097> <hasProgressionRelapseAssessment_hasProgressionType> <Clinical_progression> 0 0 0 0
<5304765> <hasProgressionRelapseAssessment_hasProgressionType> <Distant_and_local> 0 0 0 0
<517564> <hasProgressionRelapseAssessment_hasProgressionType> <Clinical_progression> 0 0 0 0
<5313420> <hasProgressionRelapseAssessment_hasProgressionType> <Local> 0 0 0 0
<5303988> <hasProgressionRelapseAssessment_hasProgressionType> <Local> 0 0 0 0
<5815159> <hasProgressionRelapseAssessment_hasProgressionType> <Distant_and_local> 0 0 0 0
<6312629> <hasProgressionRelapseAssessment_hasProgressionType> <Distant_and_local> 0 0 0 0
<6315248> <hasProgressionRelapseAssessment_hasProgressionType> <Clinical_progression> 0 0 0 0
<6315538> <hasProgressionRelapseAssessment_hasProgressionType> <Clinical_progression> 0 0 0 0
<6316991> <hasProgressionRelapseAssessment_hasProgressionType> <Local> 0 0 0 0
<6402676> <hasProgressionRelapseAssessment_hasProgressionType> <Distant_and_local> 0 0 0 0
<6312817> <hasProgressionRelapseAssessment_hasProgressionType> <Clinical_progression> 0 0 0 0
<6605731> <hasProgressionRelapseAssessment_hasProgressionType> <Distant> 0 0 0 0
<701812> <hasProgressionRelapseAssessment_hasProgressionType> <Distant_and_local> 0 0 0 0
<6300514> <hasProgressionRelapseAssessment_hasProgressionType> <Local> 0 0 0 0
<6312026> <hasProgressionRelapseAssessment_hasProgressionType> <Clinical_progression> 0 0 0 0
<7404360> <hasProgressionRelapseAssessment_hasProgressionType> <Local> 0 0 0 0
<907110> <hasProgressionRelapseAssessment_hasProgressionType> <Distant_and_local> 0 0 0 0
<916890> <hasProgressionRelapseAssessment_hasProgressionType> <Local> 0 0 0 0
<6300095> <hasProgressionRelapseAssessment_hasProgressionType> <Local> 0 0 0 0
<6312085> <hasProgressionRelapseAssessment_hasProgressionType> <Clinical_progression> 0 0 0 0
<7105405> <hasProgressionRelapseAssessment_hasProgressionType> <Distant> 0 0 0 0
<900593> <hasProgressionRelapseAssessment_hasProgressionType> <Local> 0 0 0 0
<8311740> <hasProgressionRelapseAssessment_hasProgressionType> <Distant_and_local> 0 0 0 0
<702149> <hasProgressionRelapseAssessment_hasProgressionType> <Distant> 0 0 0 0
<916873> <hasProgressionRelapseAssessment_hasProgressionType> <Distant_and_local> 0 0 0 0
<8306657> <hasProgressionRelapseAssessment_hasProgressionType> <Distant> 0 0 0 0
<705524> <hasProgressionRelapseAssessment_hasProgressionType> <Local> 0 0 0 0
<6605848> <hasProgressionRelapseAssessment_hasProgressionType> <Distant_and_local> 0 0 0 0
<7407077> <hasProgressionRelapseAssessment_hasProgressionType> <Distant_and_local> 0 0 0 0
<6316719> <hasProgressionRelapseAssessment_hasProgressionType> <Distant> 0 0 0 0
<7717006> <hasProgressionRelapseAssessment_hasProgressionType> <Local> 0 0 0 0
<6313540> <hasProgressionRelapseAssessment_hasProgressionType> <Local> 0 0 0 0
<9911655> <hasProgressionRelapseAssessment_hasProgressionType> <Clinical_progression> 0 0 0 0
<9702991> <hasProgressionRelapseAssessment_hasProgressionType> <Clinical_progression> 0 0 0 0
<9704263> <hasProgressionRelapseAssessment_hasProgressionType> <Local> 0 0 0 0
<9905862> <hasProgressionRelapseAssessment_hasProgressionType> <Distant_and_local> 0 0 0 0
<1300761> <hasProgressionRelapseAssessment_hasProgressionType> <Distant_and_local> 0 0 0 0
<2809288> <hasProgressionRelapseAssessment_hasProgressionType> <Clinical_progression> 0 0 0 0
<415913> <hasProgressionRelapseAssessment_hasProgressionType> <Clinical_progression> 0 0 0 0
<6312203> <hasProgressionRelapseAssessment_hasProgressionType> <Distant> 0 0 0 0
