<2917479> <smokerType> <VeryHeavySmoker> 0 0 0 0
<3000767> <smokerType> <HeavySmoker> 0 0 0 0
<300941> <smokerType> <ModerateSmoker> 0 0 0 0
<301015> <smokerType> <HeavySmoker> 0 0 0 0
<3017419> <smokerType> <HeavySmoker> 0 0 0 0
<303872> <smokerType> <HeavySmoker> 0 0 0 0
<305463> <smokerType> <ModerateSmoker> 0 0 0 0
<306882> <smokerType> <HeavySmoker> 0 0 0 0
<308010> <smokerType> <HeavySmoker> 0 0 0 0
<310238> <smokerType> <HeavySmoker> 0 0 0 0
<310417> <smokerType> <HeavySmoker> 0 0 0 0
<317254> <smokerType> <HeavySmoker> 0 0 0 0
<317445> <smokerType> <VeryHeavySmoker> 0 0 0 0
<3302194> <smokerType> <ModerateSmoker> 0 0 0 0
<3405596> <smokerType> <HeavySmoker> 0 0 0 0
<2808898> <smokerType> <VeryHeavySmoker> 0 0 0 0
<306668> <smokerType> <HeavySmoker> 0 0 0 0
<3316689> <smokerType> <HeavySmoker> 0 0 0 0
<3317013> <smokerType> <VeryHeavySmoker> 0 0 0 0
<2917355> <smokerType> <ModerateSmoker> 0 0 0 0
<300336> <smokerType> <HeavySmoker> 0 0 0 0
<2808584> <smokerType> <VeryHeavySmoker> 0 0 0 0
<3505621> <smokerType> <ModerateSmoker> 0 0 0 0
<3505875> <smokerType> <VeryHeavySmoker> 0 0 0 0
<3507860> <smokerType> <HeavySmoker> 0 0 0 0
<3001056> <smokerType> <HeavySmoker> 0 0 0 0
<311387> <smokerType> <HeavySmoker> 0 0 0 0
<316348> <smokerType> <HeavySmoker> 0 0 0 0
<3308087> <smokerType> <VeryHeavySmoker> 0 0 0 0
<3405199> <smokerType> <HeavySmoker> 0 0 0 0
<3802331> <smokerType> <ModerateSmoker> 0 0 0 0
<3802390> <smokerType> <ModerateSmoker> 0 0 0 0
<407537> <smokerType> <HeavySmoker> 0 0 0 0
<410095> <smokerType> <VeryHeavySmoker> 0 0 0 0
<410346> <smokerType> <ModerateSmoker> 0 0 0 0
<412010> <smokerType> <VeryHeavySmoker> 0 0 0 0
<415729> <smokerType> <HeavySmoker> 0 0 0 0
<415984> <smokerType> <HeavySmoker> 0 0 0 0
<416055> <smokerType> <HeavySmoker> 0 0 0 0
<4205846> <smokerType> <VeryHeavySmoker> 0 0 0 0
<4313339> <smokerType> <ModerateSmoker> 0 0 0 0
<4602213> <smokerType> <HeavySmoker> 0 0 0 0
<4910484> <smokerType> <VeryHeavySmoker> 0 0 0 0
<3507389> <smokerType> <HeavySmoker> 0 0 0 0
<410102> <smokerType> <HeavySmoker> 0 0 0 0
<410352> <smokerType> <VeryHeavySmoker> 0 0 0 0
<412734> <smokerType> <VeryHeavySmoker> 0 0 0 0
<416406> <smokerType> <ModerateSmoker> 0 0 0 0
<417040> <smokerType> <ModerateSmoker> 0 0 0 0
<409251> <smokerType> <ModerateSmoker> 0 0 0 0
<415179> <smokerType> <ModerateSmoker> 0 0 0 0
<416479> <smokerType> <VeryHeavySmoker> 0 0 0 0
<4313250> <smokerType> <VeryHeavySmoker> 0 0 0 0
<416431> <smokerType> <HeavySmoker> 0 0 0 0
<417147> <smokerType> <HeavySmoker> 0 0 0 0
<501314> <smokerType> <ModerateSmoker> 0 0 0 0
<503041> <smokerType> <VeryHeavySmoker> 0 0 0 0
<503102> <smokerType> <HeavySmoker> 0 0 0 0
<3708912> <smokerType> <HeavySmoker> 0 0 0 0
<4314438> <smokerType> <HeavySmoker> 0 0 0 0
<501270> <smokerType> <VeryHeavySmoker> 0 0 0 0
<503910> <smokerType> <HeavySmoker> 0 0 0 0
<507266> <smokerType> <HeavySmoker> 0 0 0 0
<507563> <smokerType> <HeavySmoker> 0 0 0 0
<507584> <smokerType> <VeryHeavySmoker> 0 0 0 0
<507908> <smokerType> <HeavySmoker> 0 0 0 0
<508159> <smokerType> <HeavySmoker> 0 0 0 0
<508289> <smokerType> <HeavySmoker> 0 0 0 0
<508369> <smokerType> <VeryHeavySmoker> 0 0 0 0
<508473> <smokerType> <HeavySmoker> 0 0 0 0
<508548> <smokerType> <ModerateSmoker> 0 0 0 0
<509011> <smokerType> <HeavySmoker> 0 0 0 0
<509050> <smokerType> <VeryHeavySmoker> 0 0 0 0
<5102903> <smokerType> <HeavySmoker> 0 0 0 0
<5104275> <smokerType> <HeavySmoker> 0 0 0 0
<5105203> <smokerType> <VeryHeavySmoker> 0 0 0 0
<5105383> <smokerType> <HeavySmoker> 0 0 0 0
<5107539> <smokerType> <HeavySmoker> 0 0 0 0
<5111763> <smokerType> <HeavySmoker> 0 0 0 0
<501308> <smokerType> <HeavySmoker> 0 0 0 0
<507465> <smokerType> <ModerateSmoker> 0 0 0 0
<507794> <smokerType> <HeavySmoker> 0 0 0 0
<508432> <smokerType> <HeavySmoker> 0 0 0 0
<508560> <smokerType> <ModerateSmoker> 0 0 0 0
<5106267> <smokerType> <HeavySmoker> 0 0 0 0
<5107015> <smokerType> <VeryHeavySmoker> 0 0 0 0
<5107702> <smokerType> <HeavySmoker> 0 0 0 0
<501248> <smokerType> <VeryHeavySmoker> 0 0 0 0
<503949> <smokerType> <HeavySmoker> 0 0 0 0
<5106150> <smokerType> <VeryHeavySmoker> 0 0 0 0
<5111620> <smokerType> <HeavySmoker> 0 0 0 0
<503843> <smokerType> <VeryHeavySmoker> 0 0 0 0
<5107362> <smokerType> <HeavySmoker> 0 0 0 0
<4313232> <smokerType> <ModerateSmoker> 0 0 0 0
<512357> <smokerType> <VeryHeavySmoker> 0 0 0 0
<512374> <smokerType> <HeavySmoker> 0 0 0 0
<5116773> <smokerType> <HeavySmoker> 0 0 0 0
<512770> <smokerType> <HeavySmoker> 0 0 0 0
<513152> <smokerType> <VeryHeavySmoker> 0 0 0 0
<513700> <smokerType> <VeryHeavySmoker> 0 0 0 0
<513889> <smokerType> <HeavySmoker> 0 0 0 0
<514131> <smokerType> <ModerateSmoker> 0 0 0 0
<514365> <smokerType> <HeavySmoker> 0 0 0 0
<515707> <smokerType> <HeavySmoker> 0 0 0 0
<516590> <smokerType> <VeryHeavySmoker> 0 0 0 0
<5307861> <smokerType> <HeavySmoker> 0 0 0 0
<5313428> <smokerType> <ModerateSmoker> 0 0 0 0
<5313586> <smokerType> <HeavySmoker> 0 0 0 0
<5315138> <smokerType> <VeryHeavySmoker> 0 0 0 0
<5315148> <smokerType> <HeavySmoker> 0 0 0 0
<5315519> <smokerType> <VeryHeavySmoker> 0 0 0 0
<5315911> <smokerType> <HeavySmoker> 0 0 0 0
<5317336> <smokerType> <HeavySmoker> 0 0 0 0
<5317505> <smokerType> <HeavySmoker> 0 0 0 0
<5317580> <smokerType> <HeavySmoker> 0 0 0 0
<5501999> <smokerType> <HeavySmoker> 0 0 0 0
<5504936> <smokerType> <ModerateSmoker> 0 0 0 0
<5113013> <smokerType> <HeavySmoker> 0 0 0 0
<513902> <smokerType> <VeryHeavySmoker> 0 0 0 0
<514056> <smokerType> <HeavySmoker> 0 0 0 0
<514414> <smokerType> <HeavySmoker> 0 0 0 0
<514421> <smokerType> <HeavySmoker> 0 0 0 0
<5305250> <smokerType> <HeavySmoker> 0 0 0 0
<5315955> <smokerType> <HeavySmoker> 0 0 0 0
<512465> <smokerType> <HeavySmoker> 0 0 0 0
<516393> <smokerType> <VeryHeavySmoker> 0 0 0 0
<5313249> <smokerType> <VeryHeavySmoker> 0 0 0 0
<5113971> <smokerType> <ModerateSmoker> 0 0 0 0
<513077> <smokerType> <ModerateSmoker> 0 0 0 0
<5504648> <smokerType> <HeavySmoker> 0 0 0 0
<5315845> <smokerType> <HeavySmoker> 0 0 0 0
<6300237> <smokerType> <HeavySmoker> 0 0 0 0
<6300481> <smokerType> <HeavySmoker> 0 0 0 0
<6300514> <smokerType> <ModerateSmoker> 0 0 0 0
<6301705> <smokerType> <VeryHeavySmoker> 0 0 0 0
<6304763> <smokerType> <VeryHeavySmoker> 0 0 0 0
<6311987> <smokerType> <VeryHeavySmoker> 0 0 0 0
<6312379> <smokerType> <VeryHeavySmoker> 0 0 0 0
<516239> <smokerType> <VeryHeavySmoker> 0 0 0 0
<5314480> <smokerType> <ModerateSmoker> 0 0 0 0
<5315286> <smokerType> <HeavySmoker> 0 0 0 0
<5315597> <smokerType> <VeryHeavySmoker> 0 0 0 0
<5113216> <smokerType> <HeavySmoker> 0 0 0 0
<6317429> <smokerType> <HeavySmoker> 0 0 0 0
<707917> <smokerType> <HeavySmoker> 0 0 0 0
<900696> <smokerType> <ModerateSmoker> 0 0 0 0
<901966> <smokerType> <ModerateSmoker> 0 0 0 0
<908313> <smokerType> <HeavySmoker> 0 0 0 0
<5815096> <smokerType> <ModerateSmoker> 0 0 0 0
<6311644> <smokerType> <ModerateSmoker> 0 0 0 0
<6312282> <smokerType> <HeavySmoker> 0 0 0 0
<6316145> <smokerType> <VeryHeavySmoker> 0 0 0 0
<701677> <smokerType> <ModerateSmoker> 0 0 0 0
<703494> <smokerType> <HeavySmoker> 0 0 0 0
<916857> <smokerType> <HeavySmoker> 0 0 0 0
<6313607> <smokerType> <VeryHeavySmoker> 0 0 0 0
<7105398> <smokerType> <HeavySmoker> 0 0 0 0
<911659> <smokerType> <HeavySmoker> 0 0 0 0
<9709423> <smokerType> <ModerateSmoker> 0 0 0 0
<9803214> <smokerType> <HeavySmoker> 0 0 0 0
<9911294> <smokerType> <VeryHeavySmoker> 0 0 0 0
<6316725> <smokerType> <HeavySmoker> 0 0 0 0
<902946> <smokerType> <HeavySmoker> 0 0 0 0
<909656> <smokerType> <HeavySmoker> 0 0 0 0
<6317372> <smokerType> <ModerateSmoker> 0 0 0 0
<5506194> <smokerType> <VeryHeavySmoker> 0 0 0 0
<9409187> <smokerType> <ModerateSmoker> 0 0 0 0
<9909143> <smokerType> <HeavySmoker> 0 0 0 0
<9408736> <smokerType> <HeavySmoker> 0 0 0 0
<917117> <smokerType> <HeavySmoker> 0 0 0 0
<9408893> <smokerType> <HeavySmoker> 0 0 0 0
<3308121> <smokerType> <ModerateSmoker> 0 0 0 0
<508433> <smokerType> <HeavySmoker> 0 0 0 0
<512775> <smokerType> <ModerateSmoker> 0 0 0 0
<514322> <smokerType> <HeavySmoker> 0 0 0 0
<5115926> <smokerType> <HeavySmoker> 0 0 0 0
<9711719> <smokerType> <HeavySmoker> 0 0 0 0
<1009268> <smokerType> <VeryHeavySmoker> 0 0 0 0
<101680> <smokerType> <VeryHeavySmoker> 0 0 0 0
<10600622> <smokerType> <HeavySmoker> 0 0 0 0
<10610441> <smokerType> <ModerateSmoker> 0 0 0 0
<108294> <smokerType> <ModerateSmoker> 0 0 0 0
<109532> <smokerType> <ModerateSmoker> 0 0 0 0
<102973> <smokerType> <ModerateSmoker> 0 0 0 0
<10610942> <smokerType> <VeryHeavySmoker> 0 0 0 0
<107930> <smokerType> <ModerateSmoker> 0 0 0 0
<102121> <smokerType> <VeryHeavySmoker> 0 0 0 0
<10604594> <smokerType> <HeavySmoker> 0 0 0 0
<11913107> <smokerType> <HeavySmoker> 0 0 0 0
<10600796> <smokerType> <HeavySmoker> 0 0 0 0
<109630> <smokerType> <VeryHeavySmoker> 0 0 0 0
<110560> <smokerType> <HeavySmoker> 0 0 0 0
<1302024> <smokerType> <HeavySmoker> 0 0 0 0
<1306021> <smokerType> <HeavySmoker> 0 0 0 0
<1306061> <smokerType> <VeryHeavySmoker> 0 0 0 0
<1310259> <smokerType> <VeryHeavySmoker> 0 0 0 0
<1310467> <smokerType> <VeryHeavySmoker> 0 0 0 0
<1312899> <smokerType> <HeavySmoker> 0 0 0 0
<1216547> <smokerType> <VeryHeavySmoker> 0 0 0 0
<110077> <smokerType> <HeavySmoker> 0 0 0 0
<1305681> <smokerType> <ModerateSmoker> 0 0 0 0
<1310182> <smokerType> <HeavySmoker> 0 0 0 0
<1310935> <smokerType> <VeryHeavySmoker> 0 0 0 0
<11312376> <smokerType> <VeryHeavySmoker> 0 0 0 0
<1213289> <smokerType> <HeavySmoker> 0 0 0 0
<1216563> <smokerType> <HeavySmoker> 0 0 0 0
<1300945> <smokerType> <HeavySmoker> 0 0 0 0
<1200985> <smokerType> <HeavySmoker> 0 0 0 0
<12914940> <smokerType> <HeavySmoker> 0 0 0 0
<116591> <smokerType> <HeavySmoker> 0 0 0 0
<1200947> <smokerType> <HeavySmoker> 0 0 0 0
<1200456> <smokerType> <ModerateSmoker> 0 0 0 0
<1303479> <smokerType> <HeavySmoker> 0 0 0 0
<1301960> <smokerType> <HeavySmoker> 0 0 0 0
<1314582> <smokerType> <HeavySmoker> 0 0 0 0
<1314779> <smokerType> <HeavySmoker> 0 0 0 0
<14505794> <smokerType> <HeavySmoker> 0 0 0 0
<1213460> <smokerType> <HeavySmoker> 0 0 0 0
<1216670> <smokerType> <HeavySmoker> 0 0 0 0
<1300704> <smokerType> <HeavySmoker> 0 0 0 0
<1306173> <smokerType> <VeryHeavySmoker> 0 0 0 0
<1306323> <smokerType> <HeavySmoker> 0 0 0 0
<1300503> <smokerType> <VeryHeavySmoker> 0 0 0 0
<12914570> <smokerType> <HeavySmoker> 0 0 0 0
<12914545> <smokerType> <HeavySmoker> 0 0 0 0
<1516282> <smokerType> <ModerateSmoker> 0 0 0 0
<201471> <smokerType> <VeryHeavySmoker> 0 0 0 0
<201842> <smokerType> <ModerateSmoker> 0 0 0 0
<201950> <smokerType> <VeryHeavySmoker> 0 0 0 0
<202510> <smokerType> <HeavySmoker> 0 0 0 0
<203508> <smokerType> <VeryHeavySmoker> 0 0 0 0
<204037> <smokerType> <HeavySmoker> 0 0 0 0
<15714641> <smokerType> <HeavySmoker> 0 0 0 0
<14705209> <smokerType> <VeryHeavySmoker> 0 0 0 0
<1511192> <smokerType> <HeavySmoker> 0 0 0 0
<15715011> <smokerType> <HeavySmoker> 0 0 0 0
<201481> <smokerType> <HeavySmoker> 0 0 0 0
<202201> <smokerType> <HeavySmoker> 0 0 0 0
<1314678> <smokerType> <HeavySmoker> 0 0 0 0
<1505707> <smokerType> <HeavySmoker> 0 0 0 0
<15706099> <smokerType> <VeryHeavySmoker> 0 0 0 0
<15707824> <smokerType> <HeavySmoker> 0 0 0 0
<1314910> <smokerType> <HeavySmoker> 0 0 0 0
<14702311> <smokerType> <HeavySmoker> 0 0 0 0
<14702821> <smokerType> <ModerateSmoker> 0 0 0 0
<1505968> <smokerType> <HeavySmoker> 0 0 0 0
<15415516> <smokerType> <VeryHeavySmoker> 0 0 0 0
<202044> <smokerType> <HeavySmoker> 0 0 0 0
<15704687> <smokerType> <ModerateSmoker> 0 0 0 0
<203274> <smokerType> <HeavySmoker> 0 0 0 0
<1505263> <smokerType> <ModerateSmoker> 0 0 0 0
<14705782> <smokerType> <HeavySmoker> 0 0 0 0
<1804204> <smokerType> <ModerateSmoker> 0 0 0 0
<205063> <smokerType> <ModerateSmoker> 0 0 0 0
<205078> <smokerType> <HeavySmoker> 0 0 0 0
<205656> <smokerType> <HeavySmoker> 0 0 0 0
<208703> <smokerType> <HeavySmoker> 0 0 0 0
<2100807> <smokerType> <VeryHeavySmoker> 0 0 0 0
<2101493> <smokerType> <HeavySmoker> 0 0 0 0
<2101501> <smokerType> <HeavySmoker> 0 0 0 0
<2101879> <smokerType> <HeavySmoker> 0 0 0 0
<1804129> <smokerType> <ModerateSmoker> 0 0 0 0
<204162> <smokerType> <ModerateSmoker> 0 0 0 0
<1314606> <smokerType> <VeryHeavySmoker> 0 0 0 0
<202770> <smokerType> <VeryHeavySmoker> 0 0 0 0
<1314985> <smokerType> <HeavySmoker> 0 0 0 0
<211392> <smokerType> <HeavySmoker> 0 0 0 0
<2115499> <smokerType> <HeavySmoker> 0 0 0 0
<2307044> <smokerType> <HeavySmoker> 0 0 0 0
<2309595> <smokerType> <HeavySmoker> 0 0 0 0
<2715043> <smokerType> <HeavySmoker> 0 0 0 0
<2804185> <smokerType> <VeryHeavySmoker> 0 0 0 0
<2805168> <smokerType> <HeavySmoker> 0 0 0 0
<2806033> <smokerType> <HeavySmoker> 0 0 0 0
<2100929> <smokerType> <HeavySmoker> 0 0 0 0
<2109753> <smokerType> <ModerateSmoker> 0 0 0 0
<2114403> <smokerType> <HeavySmoker> 0 0 0 0
<2304232> <smokerType> <HeavySmoker> 0 0 0 0
<210178> <smokerType> <VeryHeavySmoker> 0 0 0 0
<2302974> <smokerType> <VeryHeavySmoker> 0 0 0 0
<2311896> <smokerType> <HeavySmoker> 0 0 0 0
<217328> <smokerType> <HeavySmoker> 0 0 0 0
<210155> <smokerType> <HeavySmoker> 0 0 0 0
<211790> <smokerType> <HeavySmoker> 0 0 0 0
<2300427> <smokerType> <HeavySmoker> 0 0 0 0
<206513> <smokerType> <ModerateSmoker> 0 0 0 0
<2804869> <smokerType> <HeavySmoker> 0 0 0 0
<208042> <smokerType> <VeryHeavySmoker> 0 0 0 0
<205098> <smokerType> <HeavySmoker> 0 0 0 0
<207602> <smokerType> <HeavySmoker> 0 0 0 0
<2807852> <smokerType> <VeryHeavySmoker> 0 0 0 0
<2111335> <smokerType> <HeavySmoker> 0 0 0 0
<2306748> <smokerType> <HeavySmoker> 0 0 0 0
<15717543> <smokerType> <HeavySmoker> 0 0 0 0
<202937> <smokerType> <ModerateSmoker> 0 0 0 0
<2810919> <smokerType> <VeryHeavySmoker> 0 0 0 0
<2813592> <smokerType> <HeavySmoker> 0 0 0 0
<2902453> <smokerType> <VeryHeavySmoker> 0 0 0 0
<2807105> <smokerType> <HeavySmoker> 0 0 0 0
<2808267> <smokerType> <HeavySmoker> 0 0 0 0
<216094> <smokerType> <HeavySmoker> 0 0 0 0
<209554> <smokerType> <VeryHeavySmoker> 0 0 0 0
<102008> <smokerType> <ModerateSmoker> 0 0 0 0
<10600739> <smokerType> <HeavySmoker> 0 0 0 0
<10610297> <smokerType> <HeavySmoker> 0 0 0 0
<10816595> <smokerType> <HeavySmoker> 0 0 0 0
<10612170> <smokerType> <VeryHeavySmoker> 0 0 0 0
<10610715> <smokerType> <HeavySmoker> 0 0 0 0
<102860> <smokerType> <VeryHeavySmoker> 0 0 0 0
<10613562> <smokerType> <HeavySmoker> 0 0 0 0
<110975> <smokerType> <HeavySmoker> 0 0 0 0
<112008> <smokerType> <HeavySmoker> 0 0 0 0
<112438> <smokerType> <HeavySmoker> 0 0 0 0
<11312889> <smokerType> <HeavySmoker> 0 0 0 0
<11911749> <smokerType> <HeavySmoker> 0 0 0 0
<11913100> <smokerType> <HeavySmoker> 0 0 0 0
<1214448> <smokerType> <HeavySmoker> 0 0 0 0
<1214999> <smokerType> <HeavySmoker> 0 0 0 0
<12913805> <smokerType> <VeryHeavySmoker> 0 0 0 0
<12914504> <smokerType> <HeavySmoker> 0 0 0 0
<1302363> <smokerType> <HeavySmoker> 0 0 0 0
<1305772> <smokerType> <ModerateSmoker> 0 0 0 0
<1306375> <smokerType> <VeryHeavySmoker> 0 0 0 0
<1306705> <smokerType> <HeavySmoker> 0 0 0 0
<1310263> <smokerType> <HeavySmoker> 0 0 0 0
<11314502> <smokerType> <HeavySmoker> 0 0 0 0
<1200827> <smokerType> <ModerateSmoker> 0 0 0 0
<1214722> <smokerType> <HeavySmoker> 0 0 0 0
<1216679> <smokerType> <VeryHeavySmoker> 0 0 0 0
<12914444> <smokerType> <HeavySmoker> 0 0 0 0
<1306591> <smokerType> <HeavySmoker> 0 0 0 0
<1200820> <smokerType> <VeryHeavySmoker> 0 0 0 0
<1201125> <smokerType> <HeavySmoker> 0 0 0 0
<1300810> <smokerType> <HeavySmoker> 0 0 0 0
<12914394> <smokerType> <HeavySmoker> 0 0 0 0
<1310041> <smokerType> <VeryHeavySmoker> 0 0 0 0
<1312784> <smokerType> <HeavySmoker> 0 0 0 0
<12916091> <smokerType> <VeryHeavySmoker> 0 0 0 0
<1305773> <smokerType> <HeavySmoker> 0 0 0 0
<1306371> <smokerType> <HeavySmoker> 0 0 0 0
<1300996> <smokerType> <VeryHeavySmoker> 0 0 0 0
<11317180> <smokerType> <HeavySmoker> 0 0 0 0
<1200938> <smokerType> <VeryHeavySmoker> 0 0 0 0
<1216550> <smokerType> <ModerateSmoker> 0 0 0 0
<1215238> <smokerType> <HeavySmoker> 0 0 0 0
<1314574> <smokerType> <ModerateSmoker> 0 0 0 0
<1314584> <smokerType> <VeryHeavySmoker> 0 0 0 0
<1314945> <smokerType> <VeryHeavySmoker> 0 0 0 0
<1315677> <smokerType> <HeavySmoker> 0 0 0 0
<1514101> <smokerType> <VeryHeavySmoker> 0 0 0 0
<1516853> <smokerType> <ModerateSmoker> 0 0 0 0
<15700160> <smokerType> <HeavySmoker> 0 0 0 0
<15700162> <smokerType> <VeryHeavySmoker> 0 0 0 0
<15702837> <smokerType> <HeavySmoker> 0 0 0 0
<15714587> <smokerType> <ModerateSmoker> 0 0 0 0
<201942> <smokerType> <HeavySmoker> 0 0 0 0
<202259> <smokerType> <HeavySmoker> 0 0 0 0
<202785> <smokerType> <HeavySmoker> 0 0 0 0
<204828> <smokerType> <VeryHeavySmoker> 0 0 0 0
<1314725> <smokerType> <VeryHeavySmoker> 0 0 0 0
<14706776> <smokerType> <HeavySmoker> 0 0 0 0
<1507843> <smokerType> <VeryHeavySmoker> 0 0 0 0
<1510117> <smokerType> <VeryHeavySmoker> 0 0 0 0
<1511145> <smokerType> <HeavySmoker> 0 0 0 0
<15702371> <smokerType> <HeavySmoker> 0 0 0 0
<15706101> <smokerType> <HeavySmoker> 0 0 0 0
<204222> <smokerType> <VeryHeavySmoker> 0 0 0 0
<1314900> <smokerType> <HeavySmoker> 0 0 0 0
<15700569> <smokerType> <HeavySmoker> 0 0 0 0
<203495> <smokerType> <HeavySmoker> 0 0 0 0
<15702252> <smokerType> <HeavySmoker> 0 0 0 0
<15709462> <smokerType> <HeavySmoker> 0 0 0 0
<1516852> <smokerType> <VeryHeavySmoker> 0 0 0 0
<204212> <smokerType> <VeryHeavySmoker> 0 0 0 0
<15714643> <smokerType> <ModerateSmoker> 0 0 0 0
<14706803> <smokerType> <HeavySmoker> 0 0 0 0
<15709475> <smokerType> <HeavySmoker> 0 0 0 0
<14702287> <smokerType> <VeryHeavySmoker> 0 0 0 0
<201470> <smokerType> <HeavySmoker> 0 0 0 0
<1511193> <smokerType> <HeavySmoker> 0 0 0 0
<1504932> <smokerType> <HeavySmoker> 0 0 0 0
<209278> <smokerType> <HeavySmoker> 0 0 0 0
<209306> <smokerType> <HeavySmoker> 0 0 0 0
<2102404> <smokerType> <HeavySmoker> 0 0 0 0
<211817> <smokerType> <HeavySmoker> 0 0 0 0
<2312708> <smokerType> <HeavySmoker> 0 0 0 0
<2406760> <smokerType> <VeryHeavySmoker> 0 0 0 0
<2801996> <smokerType> <ModerateSmoker> 0 0 0 0
<2810651> <smokerType> <VeryHeavySmoker> 0 0 0 0
<207916> <smokerType> <HeavySmoker> 0 0 0 0
<2100670> <smokerType> <HeavySmoker> 0 0 0 0
<211382> <smokerType> <HeavySmoker> 0 0 0 0
<2810928> <smokerType> <ModerateSmoker> 0 0 0 0
<208705> <smokerType> <HeavySmoker> 0 0 0 0
<2108764> <smokerType> <HeavySmoker> 0 0 0 0
<2306175> <smokerType> <HeavySmoker> 0 0 0 0
<2303797> <smokerType> <HeavySmoker> 0 0 0 0
<217102> <smokerType> <HeavySmoker> 0 0 0 0
<206514> <smokerType> <HeavySmoker> 0 0 0 0
<2300061> <smokerType> <HeavySmoker> 0 0 0 0
<210049> <smokerType> <HeavySmoker> 0 0 0 0
<2810862> <smokerType> <HeavySmoker> 0 0 0 0
<2100738> <smokerType> <ModerateSmoker> 0 0 0 0
<2817213> <smokerType> <ModerateSmoker> 0 0 0 0
<2903716> <smokerType> <HeavySmoker> 0 0 0 0
<2917296> <smokerType> <HeavySmoker> 0 0 0 0
<2917496> <smokerType> <HeavySmoker> 0 0 0 0
<300856> <smokerType> <HeavySmoker> 0 0 0 0
<3012661> <smokerType> <ModerateSmoker> 0 0 0 0
<311486> <smokerType> <ModerateSmoker> 0 0 0 0
<3309500> <smokerType> <HeavySmoker> 0 0 0 0
<3314961> <smokerType> <HeavySmoker> 0 0 0 0
<3404466> <smokerType> <HeavySmoker> 0 0 0 0
<3404810> <smokerType> <HeavySmoker> 0 0 0 0
<2808922> <smokerType> <HeavySmoker> 0 0 0 0
<2917313> <smokerType> <HeavySmoker> 0 0 0 0
<306901> <smokerType> <HeavySmoker> 0 0 0 0
<3016887> <smokerType> <HeavySmoker> 0 0 0 0
<308622> <smokerType> <HeavySmoker> 0 0 0 0
<3412536> <smokerType> <HeavySmoker> 0 0 0 0
<3508800> <smokerType> <HeavySmoker> 0 0 0 0
<3511062> <smokerType> <HeavySmoker> 0 0 0 0
<3602135> <smokerType> <VeryHeavySmoker> 0 0 0 0
<3602169> <smokerType> <VeryHeavySmoker> 0 0 0 0
<3707101> <smokerType> <VeryHeavySmoker> 0 0 0 0
<409600> <smokerType> <ModerateSmoker> 0 0 0 0
<409745> <smokerType> <HeavySmoker> 0 0 0 0
<409757> <smokerType> <VeryHeavySmoker> 0 0 0 0
<409877> <smokerType> <HeavySmoker> 0 0 0 0
<415585> <smokerType> <VeryHeavySmoker> 0 0 0 0
<416507> <smokerType> <HeavySmoker> 0 0 0 0
<416847> <smokerType> <HeavySmoker> 0 0 0 0
<417153> <smokerType> <VeryHeavySmoker> 0 0 0 0
<417332> <smokerType> <ModerateSmoker> 0 0 0 0
<417424> <smokerType> <VeryHeavySmoker> 0 0 0 0
<417553> <smokerType> <VeryHeavySmoker> 0 0 0 0
<4313415> <smokerType> <ModerateSmoker> 0 0 0 0
<4602211> <smokerType> <VeryHeavySmoker> 0 0 0 0
<4604112> <smokerType> <HeavySmoker> 0 0 0 0
<4615072> <smokerType> <HeavySmoker> 0 0 0 0
<3507439> <smokerType> <VeryHeavySmoker> 0 0 0 0
<3509358> <smokerType> <HeavySmoker> 0 0 0 0
<3704790> <smokerType> <HeavySmoker> 0 0 0 0
<3812574> <smokerType> <HeavySmoker> 0 0 0 0
<409561> <smokerType> <HeavySmoker> 0 0 0 0
<410076> <smokerType> <HeavySmoker> 0 0 0 0
<411495> <smokerType> <HeavySmoker> 0 0 0 0
<416308> <smokerType> <VeryHeavySmoker> 0 0 0 0
<416669> <smokerType> <HeavySmoker> 0 0 0 0
<3510308> <smokerType> <ModerateSmoker> 0 0 0 0
<3714404> <smokerType> <HeavySmoker> 0 0 0 0
<416735> <smokerType> <ModerateSmoker> 0 0 0 0
<4616335> <smokerType> <HeavySmoker> 0 0 0 0
<4201557> <smokerType> <HeavySmoker> 0 0 0 0
<410187> <smokerType> <ModerateSmoker> 0 0 0 0
<410364> <smokerType> <HeavySmoker> 0 0 0 0
<415128> <smokerType> <ModerateSmoker> 0 0 0 0
<501241> <smokerType> <HeavySmoker> 0 0 0 0
<501267> <smokerType> <VeryHeavySmoker> 0 0 0 0
<501271> <smokerType> <HeavySmoker> 0 0 0 0
<501353> <smokerType> <HeavySmoker> 0 0 0 0
<503174> <smokerType> <HeavySmoker> 0 0 0 0
<503295> <smokerType> <HeavySmoker> 0 0 0 0
<503806> <smokerType> <HeavySmoker> 0 0 0 0
<503938> <smokerType> <HeavySmoker> 0 0 0 0
<507768> <smokerType> <VeryHeavySmoker> 0 0 0 0
<507790> <smokerType> <HeavySmoker> 0 0 0 0
<508445> <smokerType> <HeavySmoker> 0 0 0 0
<508471> <smokerType> <HeavySmoker> 0 0 0 0
<508522> <smokerType> <HeavySmoker> 0 0 0 0
<508554> <smokerType> <HeavySmoker> 0 0 0 0
<508861> <smokerType> <HeavySmoker> 0 0 0 0
<508866> <smokerType> <VeryHeavySmoker> 0 0 0 0
<508966> <smokerType> <VeryHeavySmoker> 0 0 0 0
<509035> <smokerType> <VeryHeavySmoker> 0 0 0 0
<509147> <smokerType> <VeryHeavySmoker> 0 0 0 0
<510293> <smokerType> <HeavySmoker> 0 0 0 0
<5103965> <smokerType> <VeryHeavySmoker> 0 0 0 0
<5104554> <smokerType> <HeavySmoker> 0 0 0 0
<5104669> <smokerType> <HeavySmoker> 0 0 0 0
<5105136> <smokerType> <HeavySmoker> 0 0 0 0
<5105589> <smokerType> <ModerateSmoker> 0 0 0 0
<5106048> <smokerType> <HeavySmoker> 0 0 0 0
<5106253> <smokerType> <HeavySmoker> 0 0 0 0
<5110375> <smokerType> <HeavySmoker> 0 0 0 0
<5110401> <smokerType> <HeavySmoker> 0 0 0 0
<5111468> <smokerType> <HeavySmoker> 0 0 0 0
<503953> <smokerType> <HeavySmoker> 0 0 0 0
<503971> <smokerType> <VeryHeavySmoker> 0 0 0 0
<507557> <smokerType> <ModerateSmoker> 0 0 0 0
<508192> <smokerType> <VeryHeavySmoker> 0 0 0 0
<508409> <smokerType> <HeavySmoker> 0 0 0 0
<508512> <smokerType> <HeavySmoker> 0 0 0 0
<5103349> <smokerType> <VeryHeavySmoker> 0 0 0 0
<5110669> <smokerType> <ModerateSmoker> 0 0 0 0
<501319> <smokerType> <HeavySmoker> 0 0 0 0
<507580> <smokerType> <VeryHeavySmoker> 0 0 0 0
<509012> <smokerType> <HeavySmoker> 0 0 0 0
<509303> <smokerType> <HeavySmoker> 0 0 0 0
<5104635> <smokerType> <VeryHeavySmoker> 0 0 0 0
<503186> <smokerType> <VeryHeavySmoker> 0 0 0 0
<504133> <smokerType> <HeavySmoker> 0 0 0 0
<503221> <smokerType> <HeavySmoker> 0 0 0 0
<502989> <smokerType> <VeryHeavySmoker> 0 0 0 0
<501333> <smokerType> <VeryHeavySmoker> 0 0 0 0
<5111884> <smokerType> <HeavySmoker> 0 0 0 0
<5111894> <smokerType> <HeavySmoker> 0 0 0 0
<5111971> <smokerType> <HeavySmoker> 0 0 0 0
<5112125> <smokerType> <HeavySmoker> 0 0 0 0
<5112352> <smokerType> <ModerateSmoker> 0 0 0 0
<5116142> <smokerType> <ModerateSmoker> 0 0 0 0
<5116365> <smokerType> <VeryHeavySmoker> 0 0 0 0
<512368> <smokerType> <VeryHeavySmoker> 0 0 0 0
<512468> <smokerType> <VeryHeavySmoker> 0 0 0 0
<513093> <smokerType> <VeryHeavySmoker> 0 0 0 0
<513809> <smokerType> <VeryHeavySmoker> 0 0 0 0
<516167> <smokerType> <HeavySmoker> 0 0 0 0
<516183> <smokerType> <HeavySmoker> 0 0 0 0
<516215> <smokerType> <HeavySmoker> 0 0 0 0
<516366> <smokerType> <HeavySmoker> 0 0 0 0
<516779> <smokerType> <HeavySmoker> 0 0 0 0
<517229> <smokerType> <HeavySmoker> 0 0 0 0
<5304769> <smokerType> <HeavySmoker> 0 0 0 0
<5305315> <smokerType> <HeavySmoker> 0 0 0 0
<5312645> <smokerType> <HeavySmoker> 0 0 0 0
<5313484> <smokerType> <VeryHeavySmoker> 0 0 0 0
<5315480> <smokerType> <HeavySmoker> 0 0 0 0
<5315716> <smokerType> <VeryHeavySmoker> 0 0 0 0
<5315939> <smokerType> <HeavySmoker> 0 0 0 0
<5315977> <smokerType> <HeavySmoker> 0 0 0 0
<5316161> <smokerType> <HeavySmoker> 0 0 0 0
<5317076> <smokerType> <VeryHeavySmoker> 0 0 0 0
<5112073> <smokerType> <HeavySmoker> 0 0 0 0
<5301099> <smokerType> <VeryHeavySmoker> 0 0 0 0
<5312952> <smokerType> <HeavySmoker> 0 0 0 0
<5314669> <smokerType> <HeavySmoker> 0 0 0 0
<513085> <smokerType> <HeavySmoker> 0 0 0 0
<5313390> <smokerType> <HeavySmoker> 0 0 0 0
<5117388> <smokerType> <VeryHeavySmoker> 0 0 0 0
<5314864> <smokerType> <HeavySmoker> 0 0 0 0
<5112560> <smokerType> <HeavySmoker> 0 0 0 0
<5114482> <smokerType> <HeavySmoker> 0 0 0 0
<513352> <smokerType> <VeryHeavySmoker> 0 0 0 0
<514328> <smokerType> <HeavySmoker> 0 0 0 0
<516765> <smokerType> <HeavySmoker> 0 0 0 0
<6304709> <smokerType> <ModerateSmoker> 0 0 0 0
<6305067> <smokerType> <HeavySmoker> 0 0 0 0
<6311635> <smokerType> <ModerateSmoker> 0 0 0 0
<6312021> <smokerType> <HeavySmoker> 0 0 0 0
<6313375> <smokerType> <HeavySmoker> 0 0 0 0
<6313588> <smokerType> <HeavySmoker> 0 0 0 0
<6315950> <smokerType> <HeavySmoker> 0 0 0 0
<6315957> <smokerType> <HeavySmoker> 0 0 0 0
<6400304> <smokerType> <HeavySmoker> 0 0 0 0
<6605747> <smokerType> <HeavySmoker> 0 0 0 0
<6901065> <smokerType> <HeavySmoker> 0 0 0 0
<702149> <smokerType> <HeavySmoker> 0 0 0 0
<705523> <smokerType> <VeryHeavySmoker> 0 0 0 0
<705524> <smokerType> <HeavySmoker> 0 0 0 0
<705756> <smokerType> <HeavySmoker> 0 0 0 0
<707679> <smokerType> <HeavySmoker> 0 0 0 0
<708836> <smokerType> <HeavySmoker> 0 0 0 0
<709846> <smokerType> <VeryHeavySmoker> 0 0 0 0
<7105408> <smokerType> <HeavySmoker> 0 0 0 0
<711611> <smokerType> <HeavySmoker> 0 0 0 0
<714378> <smokerType> <HeavySmoker> 0 0 0 0
<909767> <smokerType> <HeavySmoker> 0 0 0 0
<911656> <smokerType> <ModerateSmoker> 0 0 0 0
<5814889> <smokerType> <HeavySmoker> 0 0 0 0
<6401488> <smokerType> <VeryHeavySmoker> 0 0 0 0
<710428> <smokerType> <HeavySmoker> 0 0 0 0
<710440> <smokerType> <HeavySmoker> 0 0 0 0
<712583> <smokerType> <VeryHeavySmoker> 0 0 0 0
<6315790> <smokerType> <VeryHeavySmoker> 0 0 0 0
<6900294> <smokerType> <HeavySmoker> 0 0 0 0
<909663> <smokerType> <HeavySmoker> 0 0 0 0
<6304758> <smokerType> <HeavySmoker> 0 0 0 0
<6315713> <smokerType> <HeavySmoker> 0 0 0 0
<5311803> <smokerType> <ModerateSmoker> 0 0 0 0
<6301696> <smokerType> <HeavySmoker> 0 0 0 0
<9701710> <smokerType> <HeavySmoker> 0 0 0 0
<9703324> <smokerType> <VeryHeavySmoker> 0 0 0 0
<9914886> <smokerType> <HeavySmoker> 0 0 0 0
<917119> <smokerType> <HeavySmoker> 0 0 0 0
<9408657> <smokerType> <ModerateSmoker> 0 0 0 0
<9408695> <smokerType> <ModerateSmoker> 0 0 0 0
<9417551> <smokerType> <VeryHeavySmoker> 0 0 0 0
<9412890> <smokerType> <ModerateSmoker> 0 0 0 0
<906990> <smokerType> <VeryHeavySmoker> 0 0 0 0
<9417526> <smokerType> <ModerateSmoker> 0 0 0 0
<1305475> <smokerType> <HeavySmoker> 0 0 0 0
<409850> <smokerType> <VeryHeavySmoker> 0 0 0 0
<5315852> <smokerType> <HeavySmoker> 0 0 0 0
