<300365> <has_cancer_metastasized_to_bone> <Yes> 1 1 1 1
<900594> <has_cancer_metastasized_to_bone> <Yes> 1 1 1 1
<101931> <has_cancer_metastasized_to_bone> <Yes> 1 1 1 1
<1202068> <has_cancer_metastasized_to_bone> <Yes> 0 0 0 0
<1202070> <has_cancer_metastasized_to_bone> <Yes> 1 1 1 1
<2100632> <has_cancer_metastasized_to_bone> <Yes> 1 1 1 1
<1201159> <has_cancer_metastasized_to_bone> <Yes> 1 1 1 1
<1301887> <has_cancer_metastasized_to_bone> <Yes> 1 1 1 1
<15701751> <has_cancer_metastasized_to_bone> <Yes> 1 1 1 1
<15701856> <has_cancer_metastasized_to_bone> <Yes> 0 0 0 0
<3703767> <has_cancer_metastasized_to_bone> <Yes> 1 1 1 1
<3004276> <has_cancer_metastasized_to_bone> <Yes> 0 0 0 0
<6402268> <has_cancer_metastasized_to_bone> <Yes> 1 1 1 1
<5105456> <has_cancer_metastasized_to_bone> <Yes> 1 1 1 1
<1306208> <has_cancer_metastasized_to_bone> <Yes> 1 1 1 1
<15706335> <has_cancer_metastasized_to_bone> <Yes> 1 1 1 1
<14705209> <has_cancer_metastasized_to_bone> <Yes> 0 0 0 0
<15706293> <has_cancer_metastasized_to_bone> <Yes> 1 1 1 1
<1305454> <has_cancer_metastasized_to_bone> <Yes> 1 1 1 1
<3005665> <has_cancer_metastasized_to_bone> <Yes> 1 1 1 1
<905892> <has_cancer_metastasized_to_bone> <Yes> 1 1 1 1
<1305921> <has_cancer_metastasized_to_bone> <Yes> 1 1 1 1
<2304719> <has_cancer_metastasized_to_bone> <Yes> 0 0 0 0
<1306718> <has_cancer_metastasized_to_bone> <Yes> 1 1 1 1
<7005931> <has_cancer_metastasized_to_bone> <Yes> 1 1 1 1
<3507508> <has_cancer_metastasized_to_bone> <Yes> 0 0 0 0
<2408590> <has_cancer_metastasized_to_bone> <Yes> 1 1 1 1
<9408682> <has_cancer_metastasized_to_bone> <Yes> 1 1 1 1
<3708753> <has_cancer_metastasized_to_bone> <Yes> 0 0 0 0
<3407819> <has_cancer_metastasized_to_bone> <Yes> 0 0 0 0
<8307698> <has_cancer_metastasized_to_bone> <Yes> 1 1 1 1
<509012> <has_cancer_metastasized_to_bone> <Yes> 1 1 1 1
<409799> <has_cancer_metastasized_to_bone> <Yes> 0 0 0 0
<509082> <has_cancer_metastasized_to_bone> <Yes> 1 1 1 1
<410089> <has_cancer_metastasized_to_bone> <Yes> 1 1 1 1
<2310587> <has_cancer_metastasized_to_bone> <Yes> 1 1 1 1
<10610717> <has_cancer_metastasized_to_bone> <Yes> 0 0 0 0
<2309802> <has_cancer_metastasized_to_bone> <Yes> 1 1 1 1
<5109296> <has_cancer_metastasized_to_bone> <Yes> 1 1 1 1
<111891> <has_cancer_metastasized_to_bone> <Yes> 1 1 1 1
<10612139> <has_cancer_metastasized_to_bone> <Yes> 1 1 1 1
<512424> <has_cancer_metastasized_to_bone> <Yes> 0 0 0 0
<10612328> <has_cancer_metastasized_to_bone> <Yes> 1 1 1 1
<2813067> <has_cancer_metastasized_to_bone> <Yes> 1 1 1 1
<5314800> <has_cancer_metastasized_to_bone> <Yes> 1 1 1 1
<18015740> <has_cancer_metastasized_to_bone> <Yes> 1 1 1 1
<5114560> <has_cancer_metastasized_to_bone> <Yes> 1 1 1 1
<5315730> <has_cancer_metastasized_to_bone> <Yes> 1 1 1 1
<116543> <has_cancer_metastasized_to_bone> <Yes> 1 1 1 1
<501323> <has_cancer_metastasized_to_bone> <Yes> 1 1 1 1
<2917345> <has_cancer_metastasized_to_bone> <Yes> 1 1 1 1
<300398> <has_cancer_metastasized_to_bone> <Yes> 1 1 1 1
<3602378> <has_cancer_metastasized_to_bone> <Yes> 1 1 1 1
<417591> <has_cancer_metastasized_to_bone> <Yes> 0 0 0 0
<502967> <has_cancer_metastasized_to_bone> <Yes> 1 1 1 1
<3704636> <has_cancer_metastasized_to_bone> <Yes> 1 1 1 1
<507653> <has_cancer_metastasized_to_bone> <Yes> 1 1 1 1
<207438> <has_cancer_metastasized_to_bone> <Yes> 1 1 1 1
<11405987> <has_cancer_metastasized_to_bone> <Yes> 1 1 1 1
<206170> <has_cancer_metastasized_to_bone> <Yes> 0 0 0 0
<503841> <has_cancer_metastasized_to_bone> <Yes> 1 1 1 1
<3405288> <has_cancer_metastasized_to_bone> <Yes> 1 1 1 1
<5106256> <has_cancer_metastasized_to_bone> <Yes> 1 1 1 1
<3508801> <has_cancer_metastasized_to_bone> <Yes> 1 1 1 1
<512414> <has_cancer_metastasized_to_bone> <Yes> 1 1 1 1
<3511291> <has_cancer_metastasized_to_bone> <Yes> 1 1 1 1
<516124> <has_cancer_metastasized_to_bone> <Yes> 1 1 1 1
<15717539> <has_cancer_metastasized_to_bone> <Yes> 1 1 1 1
<3310784> <has_cancer_metastasized_to_bone> <Yes> 1 1 1 1
<15701750> <has_cancer_metastasized_to_bone> <Yes> 1 1 1 1
<2902539> <has_cancer_metastasized_to_bone> <Yes> 1 1 1 1
<208888> <has_cancer_metastasized_to_bone> <Yes> 1 1 1 1
<4605637> <has_cancer_metastasized_to_bone> <Yes> 1 1 1 1
<1301652> <has_cancer_metastasized_to_bone> <Yes> 1 1 1 1
<1300145> <has_cancer_metastasized_to_bone> <Yes> 1 1 1 1
<2107511> <has_cancer_metastasized_to_bone> <Yes> 1 1 1 1
<3005809> <has_cancer_metastasized_to_bone> <Yes> 1 1 1 1
<1201119> <has_cancer_metastasized_to_bone> <Yes> 0 0 0 0
<901954> <has_cancer_metastasized_to_bone> <Yes> 0 0 0 0
<701774> <has_cancer_metastasized_to_bone> <Yes> 1 1 1 1
<15700160> <has_cancer_metastasized_to_bone> <Yes> 1 1 1 1
<204147> <has_cancer_metastasized_to_bone> <Yes> 0 0 0 0
<3404178> <has_cancer_metastasized_to_bone> <Yes> 0 0 0 0
<2302623> <has_cancer_metastasized_to_bone> <Yes> 1 1 1 1
<202402> <has_cancer_metastasized_to_bone> <Yes> 1 1 1 1
<6304752> <has_cancer_metastasized_to_bone> <Yes> 0 0 0 0
<1305605> <has_cancer_metastasized_to_bone> <Yes> 1 1 1 1
<1305525> <has_cancer_metastasized_to_bone> <Yes> 1 1 1 1
<205079> <has_cancer_metastasized_to_bone> <Yes> 1 1 1 1
<7105778> <has_cancer_metastasized_to_bone> <Yes> 1 1 1 1
<508281> <has_cancer_metastasized_to_bone> <Yes> 1 1 1 1
<5108149> <has_cancer_metastasized_to_bone> <Yes> 1 1 1 1
<209574> <has_cancer_metastasized_to_bone> <Yes> 1 1 1 1
<5109640> <has_cancer_metastasized_to_bone> <Yes> 1 1 1 1
<409760> <has_cancer_metastasized_to_bone> <Yes> 1 1 1 1
<508869> <has_cancer_metastasized_to_bone> <Yes> 0 0 0 0
<5110494> <has_cancer_metastasized_to_bone> <Yes> 1 1 1 1
<509055> <has_cancer_metastasized_to_bone> <Yes> 1 1 1 1
<1310519> <has_cancer_metastasized_to_bone> <Yes> 1 1 1 1
<6313434> <has_cancer_metastasized_to_bone> <Yes> 1 1 1 1
<513526> <has_cancer_metastasized_to_bone> <Yes> 1 1 1 1
<512429> <has_cancer_metastasized_to_bone> <Yes> 1 1 1 1
<10612110> <has_cancer_metastasized_to_bone> <Yes> 0 0 0 0
<5111379> <has_cancer_metastasized_to_bone> <Yes> 1 1 1 1
<514364> <has_cancer_metastasized_to_bone> <Yes> 1 1 1 1
<12914697> <has_cancer_metastasized_to_bone> <Yes> 1 1 1 1
<5115280> <has_cancer_metastasized_to_bone> <Yes> 1 1 1 1
<5315156> <has_cancer_metastasized_to_bone> <Yes> 1 1 1 1
<1515206> <has_cancer_metastasized_to_bone> <Yes> 1 1 1 1
<1315166> <has_cancer_metastasized_to_bone> <Yes> 1 1 1 1
<5315482> <has_cancer_metastasized_to_bone> <Yes> 1 1 1 1
<2916078> <has_cancer_metastasized_to_bone> <Yes> 1 1 1 1
<516236> <has_cancer_metastasized_to_bone> <Yes> 1 1 1 1
<1300995> <has_cancer_metastasized_to_bone> <Yes> 1 1 1 1
<202029> <has_cancer_metastasized_to_bone> <Yes> 1 1 1 1
<2816692> <has_cancer_metastasized_to_bone> <Yes> 1 1 1 1
<5316178> <has_cancer_metastasized_to_bone> <Yes> 1 1 1 1
<6400372> <has_cancer_metastasized_to_bone> <Yes> 1 1 1 1
<1303761> <has_cancer_metastasized_to_bone> <Yes> 1 1 1 1
<5105589> <has_cancer_metastasized_to_bone> <Yes> 1 1 1 1
<503915> <has_cancer_metastasized_to_bone> <Yes> 1 1 1 1
<9408690> <has_cancer_metastasized_to_bone> <Yes> 1 1 1 1
<14705926> <has_cancer_metastasized_to_bone> <Yes> 1 1 1 1
<5105137> <has_cancer_metastasized_to_bone> <Yes> 1 1 1 1
<1313329> <has_cancer_metastasized_to_bone> <Yes> 1 1 1 1
<702154> <has_cancer_metastasized_to_bone> <Yes> 1 1 1 1
<5107409> <has_cancer_metastasized_to_bone> <Yes> 1 1 1 1
<102125> <has_cancer_metastasized_to_bone> <Yes> 1 1 1 1
<507357> <has_cancer_metastasized_to_bone> <Yes> 1 1 1 1
<4305865> <has_cancer_metastasized_to_bone> <Yes> 1 1 1 1
<2108329> <has_cancer_metastasized_to_bone> <Yes> 1 1 1 1
