<1200820> <has_cancer_metastasized_to_thoracic_lymphadenopaties> <Yes> 1 1 1 1
<1201060> <has_cancer_metastasized_to_thoracic_lymphadenopaties> <Yes> 1 1 1 1
<5502026> <has_cancer_metastasized_to_thoracic_lymphadenopaties> <Yes> 0 0 0 0
<2101456> <has_cancer_metastasized_to_thoracic_lymphadenopaties> <Yes> 1 1 1 1
<1300790> <has_cancer_metastasized_to_thoracic_lymphadenopaties> <Yes> 1 1 1 1
<101796> <has_cancer_metastasized_to_thoracic_lymphadenopaties> <Yes> 1 1 1 1
<3602144> <has_cancer_metastasized_to_thoracic_lymphadenopaties> <Yes> 1 1 1 1
<2902530> <has_cancer_metastasized_to_thoracic_lymphadenopaties> <Yes> 1 1 1 1
<2903722> <has_cancer_metastasized_to_thoracic_lymphadenopaties> <Yes> 1 1 1 1
<504152> <has_cancer_metastasized_to_thoracic_lymphadenopaties> <Yes> 1 1 1 1
<2804318> <has_cancer_metastasized_to_thoracic_lymphadenopaties> <Yes> 1 1 1 1
<504151> <has_cancer_metastasized_to_thoracic_lymphadenopaties> <Yes> 1 1 1 1
<2304504> <has_cancer_metastasized_to_thoracic_lymphadenopaties> <Yes> 1 1 1 1
<504071> <has_cancer_metastasized_to_thoracic_lymphadenopaties> <Yes> 1 1 1 1
<14703366> <has_cancer_metastasized_to_thoracic_lymphadenopaties> <Yes> 1 1 1 1
<2405608> <has_cancer_metastasized_to_thoracic_lymphadenopaties> <Yes> 1 1 1 1
<2304761> <has_cancer_metastasized_to_thoracic_lymphadenopaties> <Yes> 1 1 1 1
<5105183> <has_cancer_metastasized_to_thoracic_lymphadenopaties> <Yes> 1 1 1 1
<505858> <has_cancer_metastasized_to_thoracic_lymphadenopaties> <Yes> 1 1 1 1
<205956> <has_cancer_metastasized_to_thoracic_lymphadenopaties> <Yes> 1 1 1 1
<15706101> <has_cancer_metastasized_to_thoracic_lymphadenopaties> <Yes> 1 1 1 1
<5106412> <has_cancer_metastasized_to_thoracic_lymphadenopaties> <Yes> 1 1 1 1
<6905855> <has_cancer_metastasized_to_thoracic_lymphadenopaties> <Yes> 1 1 1 1
<1306300> <has_cancer_metastasized_to_thoracic_lymphadenopaties> <Yes> 1 1 1 1
<5305812> <has_cancer_metastasized_to_thoracic_lymphadenopaties> <Yes> 1 1 1 1
<9408671> <has_cancer_metastasized_to_thoracic_lymphadenopaties> <Yes> 1 1 1 1
<508235> <has_cancer_metastasized_to_thoracic_lymphadenopaties> <Yes> 1 1 1 1
<207982> <has_cancer_metastasized_to_thoracic_lymphadenopaties> <Yes> 1 1 1 1
<907276> <has_cancer_metastasized_to_thoracic_lymphadenopaties> <Yes> 1 1 1 1
<2107511> <has_cancer_metastasized_to_thoracic_lymphadenopaties> <Yes> 1 1 1 1
<409989> <has_cancer_metastasized_to_thoracic_lymphadenopaties> <Yes> 1 1 1 1
<410039> <has_cancer_metastasized_to_thoracic_lymphadenopaties> <Yes> 1 1 1 1
<710442> <has_cancer_metastasized_to_thoracic_lymphadenopaties> <Yes> 1 1 1 1
<1509499> <has_cancer_metastasized_to_thoracic_lymphadenopaties> <Yes> 1 1 1 1
<15709793> <has_cancer_metastasized_to_thoracic_lymphadenopaties> <Yes> 1 1 1 1
<109811> <has_cancer_metastasized_to_thoracic_lymphadenopaties> <Yes> 1 1 1 1
<213270> <has_cancer_metastasized_to_thoracic_lymphadenopaties> <Yes> 0 0 0 0
<213394> <has_cancer_metastasized_to_thoracic_lymphadenopaties> <Yes> 1 1 1 1
<9413655> <has_cancer_metastasized_to_thoracic_lymphadenopaties> <Yes> 1 1 1 1
<11911365> <has_cancer_metastasized_to_thoracic_lymphadenopaties> <Yes> 1 1 1 1
<1511104> <has_cancer_metastasized_to_thoracic_lymphadenopaties> <Yes> 1 1 1 1
<513370> <has_cancer_metastasized_to_thoracic_lymphadenopaties> <Yes> 1 1 1 1
<311839> <has_cancer_metastasized_to_thoracic_lymphadenopaties> <Yes> 1 1 1 1
<514131> <has_cancer_metastasized_to_thoracic_lymphadenopaties> <Yes> 1 1 1 1
<12914508> <has_cancer_metastasized_to_thoracic_lymphadenopaties> <Yes> 1 1 1 1
<415940> <has_cancer_metastasized_to_thoracic_lymphadenopaties> <Yes> 1 1 1 1
<2815318> <has_cancer_metastasized_to_thoracic_lymphadenopaties> <Yes> 1 1 1 1
<5315424> <has_cancer_metastasized_to_thoracic_lymphadenopaties> <Yes> 0 0 0 0
<15714586> <has_cancer_metastasized_to_thoracic_lymphadenopaties> <Yes> 1 1 1 1
<516153> <has_cancer_metastasized_to_thoracic_lymphadenopaties> <Yes> 1 1 1 1
<516727> <has_cancer_metastasized_to_thoracic_lymphadenopaties> <Yes> 1 1 1 1
<1505654> <has_cancer_metastasized_to_thoracic_lymphadenopaties> <Yes> 1 1 1 1
<2806920> <has_cancer_metastasized_to_thoracic_lymphadenopaties> <Yes> 1 1 1 1
<3507413> <has_cancer_metastasized_to_thoracic_lymphadenopaties> <Yes> 1 1 1 1
<15707831> <has_cancer_metastasized_to_thoracic_lymphadenopaties> <Yes> 1 1 1 1
<2302928> <has_cancer_metastasized_to_thoracic_lymphadenopaties> <Yes> 1 1 1 1
<9411724> <has_cancer_metastasized_to_thoracic_lymphadenopaties> <Yes> 1 1 1 1
<513585> <has_cancer_metastasized_to_thoracic_lymphadenopaties> <Yes> 1 1 1 1
<513735> <has_cancer_metastasized_to_thoracic_lymphadenopaties> <Yes> 1 1 1 1
<2917502> <has_cancer_metastasized_to_thoracic_lymphadenopaties> <Yes> 1 1 1 1
<514195> <has_cancer_metastasized_to_thoracic_lymphadenopaties> <Yes> 1 1 1 1
<1509735> <has_cancer_metastasized_to_thoracic_lymphadenopaties> <Yes> 1 1 1 1
<2900579> <has_cancer_metastasized_to_thoracic_lymphadenopaties> <Yes> 1 1 1 1
<5117394> <has_cancer_metastasized_to_thoracic_lymphadenopaties> <Yes> 1 1 1 1
<513845> <has_cancer_metastasized_to_thoracic_lymphadenopaties> <Yes> 1 1 1 1
<3407252> <has_cancer_metastasized_to_thoracic_lymphadenopaties> <Yes> 1 1 1 1
<3009918> <has_cancer_metastasized_to_thoracic_lymphadenopaties> <Yes> 1 1 1 1
<512332> <has_cancer_metastasized_to_thoracic_lymphadenopaties> <Yes> 1 1 1 1
<516258> <has_cancer_metastasized_to_thoracic_lymphadenopaties> <Yes> 1 1 1 1
<415725> <has_cancer_metastasized_to_thoracic_lymphadenopaties> <Yes> 1 1 1 1
<514076> <has_cancer_metastasized_to_thoracic_lymphadenopaties> <Yes> 1 1 1 1
<6402215> <has_cancer_metastasized_to_thoracic_lymphadenopaties> <Yes> 1 1 1 1
<15706138> <has_cancer_metastasized_to_thoracic_lymphadenopaties> <Yes> 1 1 1 1
<411584> <has_cancer_metastasized_to_thoracic_lymphadenopaties> <Yes> 1 1 1 1
<2903725> <has_cancer_metastasized_to_thoracic_lymphadenopaties> <Yes> 1 1 1 1
<409607> <has_cancer_metastasized_to_thoracic_lymphadenopaties> <Yes> 1 1 1 1
<5102979> <has_cancer_metastasized_to_thoracic_lymphadenopaties> <Yes> 1 1 1 1
<5105543> <has_cancer_metastasized_to_thoracic_lymphadenopaties> <Yes> 1 1 1 1
<15707833> <has_cancer_metastasized_to_thoracic_lymphadenopaties> <Yes> 1 1 1 1
<704305> <has_cancer_metastasized_to_thoracic_lymphadenopaties> <Yes> 1 1 1 1
<3510776> <has_cancer_metastasized_to_thoracic_lymphadenopaties> <Yes> 1 1 1 1
<5505898> <has_cancer_metastasized_to_thoracic_lymphadenopaties> <Yes> 1 1 1 1
<3405326> <has_cancer_metastasized_to_thoracic_lymphadenopaties> <Yes> 1 1 1 1
<1006636> <has_cancer_metastasized_to_thoracic_lymphadenopaties> <Yes> 0 0 0 0
<517268> <has_cancer_metastasized_to_thoracic_lymphadenopaties> <Yes> 1 1 1 1
<6400279> <has_cancer_metastasized_to_thoracic_lymphadenopaties> <Yes> 1 1 1 1
<1300899> <has_cancer_metastasized_to_thoracic_lymphadenopaties> <Yes> 1 1 1 1
<6300481> <has_cancer_metastasized_to_thoracic_lymphadenopaties> <Yes> 1 1 1 1
<10600641> <has_cancer_metastasized_to_thoracic_lymphadenopaties> <Yes> 1 1 1 1
<2101076> <has_cancer_metastasized_to_thoracic_lymphadenopaties> <Yes> 1 1 1 1
<1201953> <has_cancer_metastasized_to_thoracic_lymphadenopaties> <Yes> 1 1 1 1
<201568> <has_cancer_metastasized_to_thoracic_lymphadenopaties> <Yes> 1 1 1 1
<2100731> <has_cancer_metastasized_to_thoracic_lymphadenopaties> <Yes> 1 1 1 1
<202219> <has_cancer_metastasized_to_thoracic_lymphadenopaties> <Yes> 0 0 0 0
<203347> <has_cancer_metastasized_to_thoracic_lymphadenopaties> <Yes> 1 1 1 1
<504132> <has_cancer_metastasized_to_thoracic_lymphadenopaties> <Yes> 1 1 1 1
<9703269> <has_cancer_metastasized_to_thoracic_lymphadenopaties> <Yes> 1 1 1 1
<503183> <has_cancer_metastasized_to_thoracic_lymphadenopaties> <Yes> 1 1 1 1
<5103778> <has_cancer_metastasized_to_thoracic_lymphadenopaties> <Yes> 1 1 1 1
<5503858> <has_cancer_metastasized_to_thoracic_lymphadenopaties> <Yes> 1 1 1 1
<2103458> <has_cancer_metastasized_to_thoracic_lymphadenopaties> <Yes> 1 1 1 1
<204302> <has_cancer_metastasized_to_thoracic_lymphadenopaties> <Yes> 1 1 1 1
<502968> <has_cancer_metastasized_to_thoracic_lymphadenopaties> <Yes> 1 1 1 1
<3304900> <has_cancer_metastasized_to_thoracic_lymphadenopaties> <Yes> 1 1 1 1
<5106294> <has_cancer_metastasized_to_thoracic_lymphadenopaties> <Yes> 1 1 1 1
<5106356> <has_cancer_metastasized_to_thoracic_lymphadenopaties> <Yes> 1 1 1 1
<4305936> <has_cancer_metastasized_to_thoracic_lymphadenopaties> <Yes> 1 1 1 1
<1306340> <has_cancer_metastasized_to_thoracic_lymphadenopaties> <Yes> 1 1 1 1
<1306788> <has_cancer_metastasized_to_thoracic_lymphadenopaties> <Yes> 1 1 1 1
<5107362> <has_cancer_metastasized_to_thoracic_lymphadenopaties> <Yes> 1 1 1 1
<108277> <has_cancer_metastasized_to_thoracic_lymphadenopaties> <Yes> 1 1 1 1
<1006639> <has_cancer_metastasized_to_thoracic_lymphadenopaties> <Yes> 1 1 1 1
<508438> <has_cancer_metastasized_to_thoracic_lymphadenopaties> <Yes> 1 1 1 1
<508302> <has_cancer_metastasized_to_thoracic_lymphadenopaties> <Yes> 1 1 1 1
<410085> <has_cancer_metastasized_to_thoracic_lymphadenopaties> <Yes> 1 1 1 1
<2811819> <has_cancer_metastasized_to_thoracic_lymphadenopaties> <Yes> 1 1 1 1
<512553> <has_cancer_metastasized_to_thoracic_lymphadenopaties> <Yes> 1 1 1 1
<512605> <has_cancer_metastasized_to_thoracic_lymphadenopaties> <Yes> 1 1 1 1
<313722> <has_cancer_metastasized_to_thoracic_lymphadenopaties> <Yes> 1 1 1 1
<4313208> <has_cancer_metastasized_to_thoracic_lymphadenopaties> <Yes> 1 1 1 1
<1312563> <has_cancer_metastasized_to_thoracic_lymphadenopaties> <Yes> 1 1 1 1
<514212> <has_cancer_metastasized_to_thoracic_lymphadenopaties> <Yes> 1 1 1 1
<15714656> <has_cancer_metastasized_to_thoracic_lymphadenopaties> <Yes> 1 1 1 1
<1315448> <has_cancer_metastasized_to_thoracic_lymphadenopaties> <Yes> 1 1 1 1
<5315472> <has_cancer_metastasized_to_thoracic_lymphadenopaties> <Yes> 1 1 1 1
<514223> <has_cancer_metastasized_to_thoracic_lymphadenopaties> <Yes> 1 1 1 1
<514254> <has_cancer_metastasized_to_thoracic_lymphadenopaties> <Yes> 1 1 1 1
<514157> <has_cancer_metastasized_to_thoracic_lymphadenopaties> <Yes> 1 1 1 1
<2816273> <has_cancer_metastasized_to_thoracic_lymphadenopaties> <Yes> 1 1 1 1
<916873> <has_cancer_metastasized_to_thoracic_lymphadenopaties> <Yes> 1 1 1 1
<417571> <has_cancer_metastasized_to_thoracic_lymphadenopaties> <Yes> 1 1 1 1
<3505880> <has_cancer_metastasized_to_thoracic_lymphadenopaties> <Yes> 1 1 1 1
<508368> <has_cancer_metastasized_to_thoracic_lymphadenopaties> <Yes> 1 1 1 1
<8307668> <has_cancer_metastasized_to_thoracic_lymphadenopaties> <Yes> 1 1 1 1
<509012> <has_cancer_metastasized_to_thoracic_lymphadenopaties> <Yes> 1 1 1 1
<208262> <has_cancer_metastasized_to_thoracic_lymphadenopaties> <Yes> 1 1 1 1
<211381> <has_cancer_metastasized_to_thoracic_lymphadenopaties> <Yes> 1 1 1 1
<516222> <has_cancer_metastasized_to_thoracic_lymphadenopaties> <Yes> 1 1 1 1
<214994> <has_cancer_metastasized_to_thoracic_lymphadenopaties> <Yes> 1 1 1 1
<1216564> <has_cancer_metastasized_to_thoracic_lymphadenopaties> <Yes> 1 1 1 1
<12915109> <has_cancer_metastasized_to_thoracic_lymphadenopaties> <Yes> 1 1 1 1
<514312> <has_cancer_metastasized_to_thoracic_lymphadenopaties> <Yes> 1 1 1 1
<203197> <has_cancer_metastasized_to_thoracic_lymphadenopaties> <Yes> 1 1 1 1
<5102740> <has_cancer_metastasized_to_thoracic_lymphadenopaties> <Yes> 1 1 1 1
<206564> <has_cancer_metastasized_to_thoracic_lymphadenopaties> <Yes> 1 1 1 1
