<1500907> <has_cancer_metastasized_to_pleural_effusion> <Yes> 1 1 1 1
<15701856> <has_cancer_metastasized_to_pleural_effusion> <Yes> 0 0 0 0
<503289> <has_cancer_metastasized_to_pleural_effusion> <Yes> 1 1 1 1
<1306278> <has_cancer_metastasized_to_pleural_effusion> <Yes> 1 1 1 1
<206597> <has_cancer_metastasized_to_pleural_effusion> <Yes> 1 1 1 1
<2806064> <has_cancer_metastasized_to_pleural_effusion> <Yes> 0 0 0 0
<207938> <has_cancer_metastasized_to_pleural_effusion> <Yes> 1 1 1 1
<9708627> <has_cancer_metastasized_to_pleural_effusion> <Yes> 1 1 1 1
<3709594> <has_cancer_metastasized_to_pleural_effusion> <Yes> 1 1 1 1
<208932> <has_cancer_metastasized_to_pleural_effusion> <Yes> 1 1 1 1
<513060> <has_cancer_metastasized_to_pleural_effusion> <Yes> 1 1 1 1
<9713363> <has_cancer_metastasized_to_pleural_effusion> <Yes> 1 1 1 1
<513686> <has_cancer_metastasized_to_pleural_effusion> <Yes> 1 1 1 1
<2813548> <has_cancer_metastasized_to_pleural_effusion> <Yes> 1 1 1 1
<2312792> <has_cancer_metastasized_to_pleural_effusion> <Yes> 0 0 0 0
<1314289> <has_cancer_metastasized_to_pleural_effusion> <Yes> 1 1 1 1
<1315117> <has_cancer_metastasized_to_pleural_effusion> <Yes> 1 1 1 1
<7214959> <has_cancer_metastasized_to_pleural_effusion> <Yes> 1 1 1 1
<417200> <has_cancer_metastasized_to_pleural_effusion> <Yes> 1 1 1 1
<5301002> <has_cancer_metastasized_to_pleural_effusion> <Yes> 1 1 1 1
<301444> <has_cancer_metastasized_to_pleural_effusion> <Yes> 1 1 1 1
<15700266> <has_cancer_metastasized_to_pleural_effusion> <Yes> 1 1 1 1
<916607> <has_cancer_metastasized_to_pleural_effusion> <Yes> 1 1 1 1
<10600797> <has_cancer_metastasized_to_pleural_effusion> <Yes> 1 1 1 1
<202281> <has_cancer_metastasized_to_pleural_effusion> <Yes> 1 1 1 1
<2301197> <has_cancer_metastasized_to_pleural_effusion> <Yes> 1 1 1 1
<1300704> <has_cancer_metastasized_to_pleural_effusion> <Yes> 1 1 1 1
<102125> <has_cancer_metastasized_to_pleural_effusion> <Yes> 1 1 1 1
<4305935> <has_cancer_metastasized_to_pleural_effusion> <Yes> 1 1 1 1
<3408805> <has_cancer_metastasized_to_pleural_effusion> <Yes> 1 1 1 1
<1509559> <has_cancer_metastasized_to_pleural_effusion> <Yes> 1 1 1 1
<916893> <has_cancer_metastasized_to_pleural_effusion> <Yes> 1 1 1 1
<409439> <has_cancer_metastasized_to_pleural_effusion> <Yes> 1 1 1 1
<15717536> <has_cancer_metastasized_to_pleural_effusion> <Yes> 1 1 1 1
<3508801> <has_cancer_metastasized_to_pleural_effusion> <Yes> 1 1 1 1
<509007> <has_cancer_metastasized_to_pleural_effusion> <Yes> 1 1 1 1
<5316163> <has_cancer_metastasized_to_pleural_effusion> <Yes> 1 1 1 1
<5110538> <has_cancer_metastasized_to_pleural_effusion> <Yes> 1 1 1 1
<201492> <has_cancer_metastasized_to_pleural_effusion> <Yes> 1 1 1 1
<101873> <has_cancer_metastasized_to_pleural_effusion> <Yes> 1 1 1 1
<7404244> <has_cancer_metastasized_to_pleural_effusion> <Yes> 1 1 1 1
<3704544> <has_cancer_metastasized_to_pleural_effusion> <Yes> 1 1 1 1
<203974> <has_cancer_metastasized_to_pleural_effusion> <Yes> 1 1 1 1
<7404609> <has_cancer_metastasized_to_pleural_effusion> <Yes> 0 0 0 0
<15706133> <has_cancer_metastasized_to_pleural_effusion> <Yes> 0 0 0 0
<107984> <has_cancer_metastasized_to_pleural_effusion> <Yes> 1 1 1 1
<408732> <has_cancer_metastasized_to_pleural_effusion> <Yes> 1 1 1 1
<508944> <has_cancer_metastasized_to_pleural_effusion> <Yes> 0 0 0 0
<509055> <has_cancer_metastasized_to_pleural_effusion> <Yes> 1 1 1 1
<1509911> <has_cancer_metastasized_to_pleural_effusion> <Yes> 1 1 1 1
<413183> <has_cancer_metastasized_to_pleural_effusion> <Yes> 0 0 0 0
<1314009> <has_cancer_metastasized_to_pleural_effusion> <Yes> 1 1 1 1
<514364> <has_cancer_metastasized_to_pleural_effusion> <Yes> 1 1 1 1
<5314963> <has_cancer_metastasized_to_pleural_effusion> <Yes> 1 1 1 1
<6315712> <has_cancer_metastasized_to_pleural_effusion> <Yes> 1 1 1 1
<5315806> <has_cancer_metastasized_to_pleural_effusion> <Yes> 1 1 1 1
<2815965> <has_cancer_metastasized_to_pleural_effusion> <Yes> 1 1 1 1
<2816235> <has_cancer_metastasized_to_pleural_effusion> <Yes> 0 0 0 0
<2816476> <has_cancer_metastasized_to_pleural_effusion> <Yes> 0 0 0 0
<101885> <has_cancer_metastasized_to_pleural_effusion> <Yes> 1 1 1 1
<916874> <has_cancer_metastasized_to_pleural_effusion> <Yes> 1 1 1 1
<202383> <has_cancer_metastasized_to_pleural_effusion> <Yes> 1 1 1 1
<503001> <has_cancer_metastasized_to_pleural_effusion> <Yes> 1 1 1 1
<503181> <has_cancer_metastasized_to_pleural_effusion> <Yes> 1 1 1 1
<11405821> <has_cancer_metastasized_to_pleural_effusion> <Yes> 1 1 1 1
<205413> <has_cancer_metastasized_to_pleural_effusion> <Yes> 1 1 1 1
<5113487> <has_cancer_metastasized_to_pleural_effusion> <Yes> 1 1 1 1
<5117238> <has_cancer_metastasized_to_pleural_effusion> <Yes> 1 1 1 1
<514021> <has_cancer_metastasized_to_pleural_effusion> <Yes> 1 1 1 1
<3410526> <has_cancer_metastasized_to_pleural_effusion> <Yes> 1 1 1 1
<206542> <has_cancer_metastasized_to_pleural_effusion> <Yes> 1 1 1 1
<5106393> <has_cancer_metastasized_to_pleural_effusion> <Yes> 1 1 1 1
<205134> <has_cancer_metastasized_to_pleural_effusion> <Yes> 1 1 1 1
<5106366> <has_cancer_metastasized_to_pleural_effusion> <Yes> 1 1 1 1
<1500905> <has_cancer_metastasized_to_pleural_effusion> <Yes> 1 1 1 1
<6311741> <has_cancer_metastasized_to_pleural_effusion> <Yes> 1 1 1 1
