<10612122> <hasProgressionRelapseAssessment_hasTherapyType> <Active> 0 0 0 0
<108220> <hasProgressionRelapseAssessment_hasTherapyType> <Palliative_care> 0 0 0 0
<108275> <hasProgressionRelapseAssessment_hasTherapyType> <Palliative_care> 0 0 0 0
<109384> <hasProgressionRelapseAssessment_hasTherapyType> <Active> 0 0 0 0
<110870> <hasProgressionRelapseAssessment_hasTherapyType> <Active> 0 0 0 0
<111011> <hasProgressionRelapseAssessment_hasTherapyType> <Palliative_care> 0 0 0 0
<112008> <hasProgressionRelapseAssessment_hasTherapyType> <Palliative_care> 0 0 0 0
<1200978> <hasProgressionRelapseAssessment_hasTherapyType> <Palliative_care> 0 0 0 0
<1202855> <hasProgressionRelapseAssessment_hasTherapyType> <Active> 0 0 0 0
<12914288> <hasProgressionRelapseAssessment_hasTherapyType> <Active> 0 0 0 0
<107610> <hasProgressionRelapseAssessment_hasTherapyType> <Active> 0 0 0 0
<109154> <hasProgressionRelapseAssessment_hasTherapyType> <Palliative_care> 0 0 0 0
<111891> <hasProgressionRelapseAssessment_hasTherapyType> <Palliative_care> 0 0 0 0
<112246> <hasProgressionRelapseAssessment_hasTherapyType> <Active> 0 0 0 0
<109532> <hasProgressionRelapseAssessment_hasTherapyType> <Active> 0 0 0 0
<1300453> <hasProgressionRelapseAssessment_hasTherapyType> <Active> 0 0 0 0
<101797> <hasProgressionRelapseAssessment_hasTherapyType> <Palliative_care> 0 0 0 0
<102874> <hasProgressionRelapseAssessment_hasTherapyType> <Palliative_care> 0 0 0 0
<1300757> <hasProgressionRelapseAssessment_hasTherapyType> <Active> 0 0 0 0
<10605975> <hasProgressionRelapseAssessment_hasTherapyType> <Active> 0 0 0 0
<110632> <hasProgressionRelapseAssessment_hasTherapyType> <Active> 0 0 0 0
<1201908> <hasProgressionRelapseAssessment_hasTherapyType> <Active> 0 0 0 0
<103899> <hasProgressionRelapseAssessment_hasTherapyType> <Active> 0 0 0 0
<112091> <hasProgressionRelapseAssessment_hasTherapyType> <Palliative_care> 0 0 0 0
<1300706> <hasProgressionRelapseAssessment_hasTherapyType> <Active> 0 0 0 0
<1300704> <hasProgressionRelapseAssessment_hasTherapyType> <Active> 0 0 0 0
<1300383> <hasProgressionRelapseAssessment_hasTherapyType> <Palliative_care> 0 0 0 0
<1201893> <hasProgressionRelapseAssessment_hasTherapyType> <Palliative_care> 0 0 0 0
<113204> <hasProgressionRelapseAssessment_hasTherapyType> <Palliative_care> 0 0 0 0
<108215> <hasProgressionRelapseAssessment_hasTherapyType> <Palliative_care> 0 0 0 0
<101747> <hasProgressionRelapseAssessment_hasTherapyType> <Active> 0 0 0 0
<101946> <hasProgressionRelapseAssessment_hasTherapyType> <Palliative_care> 0 0 0 0
<107963> <hasProgressionRelapseAssessment_hasTherapyType> <Active> 0 0 0 0
<110984> <hasProgressionRelapseAssessment_hasTherapyType> <Active> 0 0 0 0
<10600796> <hasProgressionRelapseAssessment_hasTherapyType> <Active> 0 0 0 0
<1302084> <hasProgressionRelapseAssessment_hasTherapyType> <Palliative_care> 0 0 0 0
<1302067> <hasProgressionRelapseAssessment_hasTherapyType> <Palliative_care> 0 0 0 0
<1305496> <hasProgressionRelapseAssessment_hasTherapyType> <Palliative_care> 0 0 0 0
<1314830> <hasProgressionRelapseAssessment_hasTherapyType> <Palliative_care> 0 0 0 0
<1315062> <hasProgressionRelapseAssessment_hasTherapyType> <Palliative_care> 0 0 0 0
<1315437> <hasProgressionRelapseAssessment_hasTherapyType> <Palliative_care> 0 0 0 0
<1315657> <hasProgressionRelapseAssessment_hasTherapyType> <Palliative_care> 0 0 0 0
<15700355> <hasProgressionRelapseAssessment_hasTherapyType> <Active> 0 0 0 0
<1315409> <hasProgressionRelapseAssessment_hasTherapyType> <Active> 0 0 0 0
<1509494> <hasProgressionRelapseAssessment_hasTherapyType> <Palliative_care> 0 0 0 0
<1509962> <hasProgressionRelapseAssessment_hasTherapyType> <Active> 0 0 0 0
<1510078> <hasProgressionRelapseAssessment_hasTherapyType> <Active> 0 0 0 0
<1310823> <hasProgressionRelapseAssessment_hasTherapyType> <Active> 0 0 0 0
<1315614> <hasProgressionRelapseAssessment_hasTherapyType> <Palliative_care> 0 0 0 0
<1305917> <hasProgressionRelapseAssessment_hasTherapyType> <Active> 0 0 0 0
<1314729> <hasProgressionRelapseAssessment_hasTherapyType> <Palliative_care> 0 0 0 0
<1509970> <hasProgressionRelapseAssessment_hasTherapyType> <Palliative_care> 0 0 0 0
<1310141> <hasProgressionRelapseAssessment_hasTherapyType> <Palliative_care> 0 0 0 0
<1508114> <hasProgressionRelapseAssessment_hasTherapyType> <Active> 0 0 0 0
<1305854> <hasProgressionRelapseAssessment_hasTherapyType> <Active> 0 0 0 0
<1305471> <hasProgressionRelapseAssessment_hasTherapyType> <Palliative_care> 0 0 0 0
<15701662> <hasProgressionRelapseAssessment_hasTherapyType> <Active> 0 0 0 0
<1509979> <hasProgressionRelapseAssessment_hasTherapyType> <Palliative_care> 0 0 0 0
<1312561> <hasProgressionRelapseAssessment_hasTherapyType> <Palliative_care> 0 0 0 0
<1306612> <hasProgressionRelapseAssessment_hasTherapyType> <Active> 0 0 0 0
<1314788> <hasProgressionRelapseAssessment_hasTherapyType> <Palliative_care> 0 0 0 0
<1313630> <hasProgressionRelapseAssessment_hasTherapyType> <Palliative_care> 0 0 0 0
<1315289> <hasProgressionRelapseAssessment_hasTherapyType> <Active> 0 0 0 0
<14703140> <hasProgressionRelapseAssessment_hasTherapyType> <Active> 0 0 0 0
<15700396> <hasProgressionRelapseAssessment_hasTherapyType> <Active> 0 0 0 0
<1308146> <hasProgressionRelapseAssessment_hasTherapyType> <Palliative_care> 0 0 0 0
<1311467> <hasProgressionRelapseAssessment_hasTherapyType> <Palliative_care> 0 0 0 0
<1503443> <hasProgressionRelapseAssessment_hasTherapyType> <Palliative_care> 0 0 0 0
<15701748> <hasProgressionRelapseAssessment_hasTherapyType> <Palliative_care> 0 0 0 0
<15710140> <hasProgressionRelapseAssessment_hasTherapyType> <Active> 0 0 0 0
<15706423> <hasProgressionRelapseAssessment_hasTherapyType> <Palliative_care> 0 0 0 0
<201590> <hasProgressionRelapseAssessment_hasTherapyType> <Active> 0 0 0 0
<201992> <hasProgressionRelapseAssessment_hasTherapyType> <Active> 0 0 0 0
<203602> <hasProgressionRelapseAssessment_hasTherapyType> <Palliative_care> 0 0 0 0
<204333> <hasProgressionRelapseAssessment_hasTherapyType> <Active> 0 0 0 0
<205316> <hasProgressionRelapseAssessment_hasTherapyType> <Palliative_care> 0 0 0 0
<205458> <hasProgressionRelapseAssessment_hasTherapyType> <Active> 0 0 0 0
<207048> <hasProgressionRelapseAssessment_hasTherapyType> <Palliative_care> 0 0 0 0
<208000> <hasProgressionRelapseAssessment_hasTherapyType> <Active> 0 0 0 0
<2100660> <hasProgressionRelapseAssessment_hasTherapyType> <Active> 0 0 0 0
<2100737> <hasProgressionRelapseAssessment_hasTherapyType> <Active> 0 0 0 0
<15704506> <hasProgressionRelapseAssessment_hasTherapyType> <Active> 0 0 0 0
<205063> <hasProgressionRelapseAssessment_hasTherapyType> <Palliative_care> 0 0 0 0
<202575> <hasProgressionRelapseAssessment_hasTherapyType> <Active> 0 0 0 0
<15706417> <hasProgressionRelapseAssessment_hasTherapyType> <Palliative_care> 0 0 0 0
<15709783> <hasProgressionRelapseAssessment_hasTherapyType> <Active> 0 0 0 0
<202649> <hasProgressionRelapseAssessment_hasTherapyType> <Active> 0 0 0 0
<2100736> <hasProgressionRelapseAssessment_hasTherapyType> <Active> 0 0 0 0
<205588> <hasProgressionRelapseAssessment_hasTherapyType> <Active> 0 0 0 0
<201695> <hasProgressionRelapseAssessment_hasTherapyType> <Palliative_care> 0 0 0 0
<2100656> <hasProgressionRelapseAssessment_hasTherapyType> <Palliative_care> 0 0 0 0
<204302> <hasProgressionRelapseAssessment_hasTherapyType> <Active> 0 0 0 0
<15715023> <hasProgressionRelapseAssessment_hasTherapyType> <Active> 0 0 0 0
<203496> <hasProgressionRelapseAssessment_hasTherapyType> <Active> 0 0 0 0
<15717545> <hasProgressionRelapseAssessment_hasTherapyType> <Palliative_care> 0 0 0 0
<205354> <hasProgressionRelapseAssessment_hasTherapyType> <Palliative_care> 0 0 0 0
<206679> <hasProgressionRelapseAssessment_hasTherapyType> <Palliative_care> 0 0 0 0
<15704683> <hasProgressionRelapseAssessment_hasTherapyType> <Active> 0 0 0 0
<201564> <hasProgressionRelapseAssessment_hasTherapyType> <Active> 0 0 0 0
<204509> <hasProgressionRelapseAssessment_hasTherapyType> <Active> 0 0 0 0
<204734> <hasProgressionRelapseAssessment_hasTherapyType> <Palliative_care> 0 0 0 0
<204939> <hasProgressionRelapseAssessment_hasTherapyType> <Palliative_care> 0 0 0 0
<201487> <hasProgressionRelapseAssessment_hasTherapyType> <Active> 0 0 0 0
<2102392> <hasProgressionRelapseAssessment_hasTherapyType> <Active> 0 0 0 0
<210681> <hasProgressionRelapseAssessment_hasTherapyType> <Palliative_care> 0 0 0 0
<2110961> <hasProgressionRelapseAssessment_hasTherapyType> <Palliative_care> 0 0 0 0
<214994> <hasProgressionRelapseAssessment_hasTherapyType> <Palliative_care> 0 0 0 0
<217116> <hasProgressionRelapseAssessment_hasTherapyType> <Active> 0 0 0 0
<2302100> <hasProgressionRelapseAssessment_hasTherapyType> <Active> 0 0 0 0
<2304080> <hasProgressionRelapseAssessment_hasTherapyType> <Active> 0 0 0 0
<2404121> <hasProgressionRelapseAssessment_hasTherapyType> <Active> 0 0 0 0
<2804318> <hasProgressionRelapseAssessment_hasTherapyType> <Palliative_care> 0 0 0 0
<2305103> <hasProgressionRelapseAssessment_hasTherapyType> <Palliative_care> 0 0 0 0
<2406690> <hasProgressionRelapseAssessment_hasTherapyType> <Active> 0 0 0 0
<2304568> <hasProgressionRelapseAssessment_hasTherapyType> <Palliative_care> 0 0 0 0
<214993> <hasProgressionRelapseAssessment_hasTherapyType> <Palliative_care> 0 0 0 0
<2300043> <hasProgressionRelapseAssessment_hasTherapyType> <Palliative_care> 0 0 0 0
<2114410> <hasProgressionRelapseAssessment_hasTherapyType> <Palliative_care> 0 0 0 0
<212747> <hasProgressionRelapseAssessment_hasTherapyType> <Palliative_care> 0 0 0 0
<212832> <hasProgressionRelapseAssessment_hasTherapyType> <Palliative_care> 0 0 0 0
<2304568> <hasProgressionRelapseAssessment_hasTherapyType> <Active> 0 0 0 0
<2407071> <hasProgressionRelapseAssessment_hasTherapyType> <Active> 0 0 0 0
<2308934> <hasProgressionRelapseAssessment_hasTherapyType> <Palliative_care> 0 0 0 0
<212479> <hasProgressionRelapseAssessment_hasTherapyType> <Active> 0 0 0 0
<217102> <hasProgressionRelapseAssessment_hasTherapyType> <Palliative_care> 0 0 0 0
<2301508> <hasProgressionRelapseAssessment_hasTherapyType> <Palliative_care> 0 0 0 0
<213823> <hasProgressionRelapseAssessment_hasTherapyType> <Palliative_care> 0 0 0 0
<2804055> <hasProgressionRelapseAssessment_hasTherapyType> <Palliative_care> 0 0 0 0
<212910> <hasProgressionRelapseAssessment_hasTherapyType> <Palliative_care> 0 0 0 0
<2301141> <hasProgressionRelapseAssessment_hasTherapyType> <Palliative_care> 0 0 0 0
<2311681> <hasProgressionRelapseAssessment_hasTherapyType> <Active> 0 0 0 0
<212906> <hasProgressionRelapseAssessment_hasTherapyType> <Palliative_care> 0 0 0 0
<2304723> <hasProgressionRelapseAssessment_hasTherapyType> <Palliative_care> 0 0 0 0
<217114> <hasProgressionRelapseAssessment_hasTherapyType> <Palliative_care> 0 0 0 0
<211794> <hasProgressionRelapseAssessment_hasTherapyType> <Palliative_care> 0 0 0 0
<2303894> <hasProgressionRelapseAssessment_hasTherapyType> <Active> 0 0 0 0
<2813131> <hasProgressionRelapseAssessment_hasTherapyType> <Palliative_care> 0 0 0 0
<2810995> <hasProgressionRelapseAssessment_hasTherapyType> <Active> 0 0 0 0
<2806039> <hasProgressionRelapseAssessment_hasTherapyType> <Palliative_care> 0 0 0 0
<2903703> <hasProgressionRelapseAssessment_hasTherapyType> <Active> 0 0 0 0
<300326> <hasProgressionRelapseAssessment_hasTherapyType> <Active> 0 0 0 0
<3017060> <hasProgressionRelapseAssessment_hasTherapyType> <Palliative_care> 0 0 0 0
<2813067> <hasProgressionRelapseAssessment_hasTherapyType> <Active> 0 0 0 0
<2902537> <hasProgressionRelapseAssessment_hasTherapyType> <Palliative_care> 0 0 0 0
<2809854> <hasProgressionRelapseAssessment_hasTherapyType> <Palliative_care> 0 0 0 0
<2811954> <hasProgressionRelapseAssessment_hasTherapyType> <Active> 0 0 0 0
<2810276> <hasProgressionRelapseAssessment_hasTherapyType> <Palliative_care> 0 0 0 0
<301984> <hasProgressionRelapseAssessment_hasTherapyType> <Palliative_care> 0 0 0 0
<305190> <hasProgressionRelapseAssessment_hasTherapyType> <Active> 0 0 0 0
<2813071> <hasProgressionRelapseAssessment_hasTherapyType> <Active> 0 0 0 0
<2806131> <hasProgressionRelapseAssessment_hasTherapyType> <Palliative_care> 0 0 0 0
<2810459> <hasProgressionRelapseAssessment_hasTherapyType> <Active> 0 0 0 0
<311527> <hasProgressionRelapseAssessment_hasTherapyType> <Active> 0 0 0 0
<3308067> <hasProgressionRelapseAssessment_hasTherapyType> <Palliative_care> 0 0 0 0
<3404573> <hasProgressionRelapseAssessment_hasTherapyType> <Active> 0 0 0 0
<302640> <hasProgressionRelapseAssessment_hasTherapyType> <Palliative_care> 0 0 0 0
<2902539> <hasProgressionRelapseAssessment_hasTherapyType> <Active> 0 0 0 0
<305229> <hasProgressionRelapseAssessment_hasTherapyType> <Active> 0 0 0 0
<2811736> <hasProgressionRelapseAssessment_hasTherapyType> <Palliative_care> 0 0 0 0
<2810273> <hasProgressionRelapseAssessment_hasTherapyType> <Active> 0 0 0 0
<3005836> <hasProgressionRelapseAssessment_hasTherapyType> <Palliative_care> 0 0 0 0
<3404239> <hasProgressionRelapseAssessment_hasTherapyType> <Palliative_care> 0 0 0 0
<304778> <hasProgressionRelapseAssessment_hasTherapyType> <Active> 0 0 0 0
<3408105> <hasProgressionRelapseAssessment_hasTherapyType> <Palliative_care> 0 0 0 0
<3406979> <hasProgressionRelapseAssessment_hasTherapyType> <Palliative_care> 0 0 0 0
<3505880> <hasProgressionRelapseAssessment_hasTherapyType> <Active> 0 0 0 0
<311605> <hasProgressionRelapseAssessment_hasTherapyType> <Palliative_care> 0 0 0 0
<3317034> <hasProgressionRelapseAssessment_hasTherapyType> <Palliative_care> 0 0 0 0
<2917459> <hasProgressionRelapseAssessment_hasTherapyType> <Palliative_care> 0 0 0 0
<3514370> <hasProgressionRelapseAssessment_hasTherapyType> <Palliative_care> 0 0 0 0
<3704757> <hasProgressionRelapseAssessment_hasTherapyType> <Active> 0 0 0 0
<3710363> <hasProgressionRelapseAssessment_hasTherapyType> <Active> 0 0 0 0
<3801517> <hasProgressionRelapseAssessment_hasTherapyType> <Active> 0 0 0 0
<3511231> <hasProgressionRelapseAssessment_hasTherapyType> <Active> 0 0 0 0
<400893> <hasProgressionRelapseAssessment_hasTherapyType> <Active> 0 0 0 0
<409460> <hasProgressionRelapseAssessment_hasTherapyType> <Palliative_care> 0 0 0 0
<409900> <hasProgressionRelapseAssessment_hasTherapyType> <Active> 0 0 0 0
<409908> <hasProgressionRelapseAssessment_hasTherapyType> <Palliative_care> 0 0 0 0
<410940> <hasProgressionRelapseAssessment_hasTherapyType> <Palliative_care> 0 0 0 0
<409844> <hasProgressionRelapseAssessment_hasTherapyType> <Active> 0 0 0 0
<3710087> <hasProgressionRelapseAssessment_hasTherapyType> <Active> 0 0 0 0
<413987> <hasProgressionRelapseAssessment_hasTherapyType> <Active> 0 0 0 0
<3508580> <hasProgressionRelapseAssessment_hasTherapyType> <Active> 0 0 0 0
<410232> <hasProgressionRelapseAssessment_hasTherapyType> <Palliative_care> 0 0 0 0
<410379> <hasProgressionRelapseAssessment_hasTherapyType> <Palliative_care> 0 0 0 0
<410096> <hasProgressionRelapseAssessment_hasTherapyType> <Active> 0 0 0 0
<3509191> <hasProgressionRelapseAssessment_hasTherapyType> <Active> 0 0 0 0
<410256> <hasProgressionRelapseAssessment_hasTherapyType> <Active> 0 0 0 0
<411494> <hasProgressionRelapseAssessment_hasTherapyType> <Palliative_care> 0 0 0 0
<410381> <hasProgressionRelapseAssessment_hasTherapyType> <Palliative_care> 0 0 0 0
<407504> <hasProgressionRelapseAssessment_hasTherapyType> <Active> 0 0 0 0
<409844> <hasProgressionRelapseAssessment_hasTherapyType> <Palliative_care> 0 0 0 0
<409976> <hasProgressionRelapseAssessment_hasTherapyType> <Active> 0 0 0 0
<410236> <hasProgressionRelapseAssessment_hasTherapyType> <Active> 0 0 0 0
<410233> <hasProgressionRelapseAssessment_hasTherapyType> <Palliative_care> 0 0 0 0
<415768> <hasProgressionRelapseAssessment_hasTherapyType> <Palliative_care> 0 0 0 0
<400893> <hasProgressionRelapseAssessment_hasTherapyType> <Palliative_care> 0 0 0 0
<410233> <hasProgressionRelapseAssessment_hasTherapyType> <Active> 0 0 0 0
<416979> <hasProgressionRelapseAssessment_hasTherapyType> <Palliative_care> 0 0 0 0
<416976> <hasProgressionRelapseAssessment_hasTherapyType> <Palliative_care> 0 0 0 0
<417573> <hasProgressionRelapseAssessment_hasTherapyType> <Palliative_care> 0 0 0 0
<503100> <hasProgressionRelapseAssessment_hasTherapyType> <Active> 0 0 0 0
<503809> <hasProgressionRelapseAssessment_hasTherapyType> <Palliative_care> 0 0 0 0
<503973> <hasProgressionRelapseAssessment_hasTherapyType> <Palliative_care> 0 0 0 0
<501342> <hasProgressionRelapseAssessment_hasTherapyType> <Palliative_care> 0 0 0 0
<417455> <hasProgressionRelapseAssessment_hasTherapyType> <Palliative_care> 0 0 0 0
<4600825> <hasProgressionRelapseAssessment_hasTherapyType> <Palliative_care> 0 0 0 0
<501229> <hasProgressionRelapseAssessment_hasTherapyType> <Active> 0 0 0 0
<501281> <hasProgressionRelapseAssessment_hasTherapyType> <Palliative_care> 0 0 0 0
<504134> <hasProgressionRelapseAssessment_hasTherapyType> <Active> 0 0 0 0
<4910851> <hasProgressionRelapseAssessment_hasTherapyType> <Palliative_care> 0 0 0 0
<4611308> <hasProgressionRelapseAssessment_hasTherapyType> <Active> 0 0 0 0
<4910483> <hasProgressionRelapseAssessment_hasTherapyType> <Palliative_care> 0 0 0 0
<4910554> <hasProgressionRelapseAssessment_hasTherapyType> <Palliative_care> 0 0 0 0
<4910750> <hasProgressionRelapseAssessment_hasTherapyType> <Palliative_care> 0 0 0 0
<4911039> <hasProgressionRelapseAssessment_hasTherapyType> <Active> 0 0 0 0
<501261> <hasProgressionRelapseAssessment_hasTherapyType> <Palliative_care> 0 0 0 0
<4910974> <hasProgressionRelapseAssessment_hasTherapyType> <Palliative_care> 0 0 0 0
<4910803> <hasProgressionRelapseAssessment_hasTherapyType> <Palliative_care> 0 0 0 0
<501226> <hasProgressionRelapseAssessment_hasTherapyType> <Active> 0 0 0 0
<507563> <hasProgressionRelapseAssessment_hasTherapyType> <Palliative_care> 0 0 0 0
<507262> <hasProgressionRelapseAssessment_hasTherapyType> <Active> 0 0 0 0
<417424> <hasProgressionRelapseAssessment_hasTherapyType> <Palliative_care> 0 0 0 0
<501268> <hasProgressionRelapseAssessment_hasTherapyType> <Active> 0 0 0 0
<503812> <hasProgressionRelapseAssessment_hasTherapyType> <Palliative_care> 0 0 0 0
<501258> <hasProgressionRelapseAssessment_hasTherapyType> <Active> 0 0 0 0
<503142> <hasProgressionRelapseAssessment_hasTherapyType> <Active> 0 0 0 0
<501311> <hasProgressionRelapseAssessment_hasTherapyType> <Palliative_care> 0 0 0 0
<507880> <hasProgressionRelapseAssessment_hasTherapyType> <Active> 0 0 0 0
<507880> <hasProgressionRelapseAssessment_hasTherapyType> <Palliative_care> 0 0 0 0
<4605635> <hasProgressionRelapseAssessment_hasTherapyType> <Active> 0 0 0 0
<507748> <hasProgressionRelapseAssessment_hasTherapyType> <Palliative_care> 0 0 0 0
<4608616> <hasProgressionRelapseAssessment_hasTherapyType> <Palliative_care> 0 0 0 0
<4605637> <hasProgressionRelapseAssessment_hasTherapyType> <Active> 0 0 0 0
<508032> <hasProgressionRelapseAssessment_hasTherapyType> <Palliative_care> 0 0 0 0
<508160> <hasProgressionRelapseAssessment_hasTherapyType> <Palliative_care> 0 0 0 0
<5104921> <hasProgressionRelapseAssessment_hasTherapyType> <Active> 0 0 0 0
<5110401> <hasProgressionRelapseAssessment_hasTherapyType> <Active> 0 0 0 0
<5111775> <hasProgressionRelapseAssessment_hasTherapyType> <Active> 0 0 0 0
<5115573> <hasProgressionRelapseAssessment_hasTherapyType> <Palliative_care> 0 0 0 0
<508963> <hasProgressionRelapseAssessment_hasTherapyType> <Palliative_care> 0 0 0 0
<508988> <hasProgressionRelapseAssessment_hasTherapyType> <Active> 0 0 0 0
<509079> <hasProgressionRelapseAssessment_hasTherapyType> <Active> 0 0 0 0
<5104160> <hasProgressionRelapseAssessment_hasTherapyType> <Palliative_care> 0 0 0 0
<512412> <hasProgressionRelapseAssessment_hasTherapyType> <Active> 0 0 0 0
<5103272> <hasProgressionRelapseAssessment_hasTherapyType> <Palliative_care> 0 0 0 0
<508427> <hasProgressionRelapseAssessment_hasTherapyType> <Palliative_care> 0 0 0 0
<508517> <hasProgressionRelapseAssessment_hasTherapyType> <Palliative_care> 0 0 0 0
<508871> <hasProgressionRelapseAssessment_hasTherapyType> <Palliative_care> 0 0 0 0
<5110224> <hasProgressionRelapseAssessment_hasTherapyType> <Palliative_care> 0 0 0 0
<508284> <hasProgressionRelapseAssessment_hasTherapyType> <Palliative_care> 0 0 0 0
<508264> <hasProgressionRelapseAssessment_hasTherapyType> <Active> 0 0 0 0
<512390> <hasProgressionRelapseAssessment_hasTherapyType> <Active> 0 0 0 0
<508486> <hasProgressionRelapseAssessment_hasTherapyType> <Palliative_care> 0 0 0 0
<508461> <hasProgressionRelapseAssessment_hasTherapyType> <Palliative_care> 0 0 0 0
<508290> <hasProgressionRelapseAssessment_hasTherapyType> <Active> 0 0 0 0
<508200> <hasProgressionRelapseAssessment_hasTherapyType> <Palliative_care> 0 0 0 0
<508440> <hasProgressionRelapseAssessment_hasTherapyType> <Palliative_care> 0 0 0 0
<508432> <hasProgressionRelapseAssessment_hasTherapyType> <Active> 0 0 0 0
<5105383> <hasProgressionRelapseAssessment_hasTherapyType> <Palliative_care> 0 0 0 0
<5112624> <hasProgressionRelapseAssessment_hasTherapyType> <Palliative_care> 0 0 0 0
<5116866> <hasProgressionRelapseAssessment_hasTherapyType> <Active> 0 0 0 0
<508013> <hasProgressionRelapseAssessment_hasTherapyType> <Palliative_care> 0 0 0 0
<5107194> <hasProgressionRelapseAssessment_hasTherapyType> <Palliative_care> 0 0 0 0
<5104668> <hasProgressionRelapseAssessment_hasTherapyType> <Active> 0 0 0 0
<5114576> <hasProgressionRelapseAssessment_hasTherapyType> <Palliative_care> 0 0 0 0
<5109518> <hasProgressionRelapseAssessment_hasTherapyType> <Palliative_care> 0 0 0 0
<513126> <hasProgressionRelapseAssessment_hasTherapyType> <Palliative_care> 0 0 0 0
<514110> <hasProgressionRelapseAssessment_hasTherapyType> <Active> 0 0 0 0
<514280> <hasProgressionRelapseAssessment_hasTherapyType> <Active> 0 0 0 0
<514453> <hasProgressionRelapseAssessment_hasTherapyType> <Active> 0 0 0 0
<516841> <hasProgressionRelapseAssessment_hasTherapyType> <Active> 0 0 0 0
<513307> <hasProgressionRelapseAssessment_hasTherapyType> <Active> 0 0 0 0
<516195> <hasProgressionRelapseAssessment_hasTherapyType> <Active> 0 0 0 0
<516913> <hasProgressionRelapseAssessment_hasTherapyType> <Palliative_care> 0 0 0 0
<514225> <hasProgressionRelapseAssessment_hasTherapyType> <Palliative_care> 0 0 0 0
<5313244> <hasProgressionRelapseAssessment_hasTherapyType> <Palliative_care> 0 0 0 0
<5314539> <hasProgressionRelapseAssessment_hasTherapyType> <Active> 0 0 0 0
<5314662> <hasProgressionRelapseAssessment_hasTherapyType> <Active> 0 0 0 0
<5315132> <hasProgressionRelapseAssessment_hasTherapyType> <Active> 0 0 0 0
<5315651> <hasProgressionRelapseAssessment_hasTherapyType> <Active> 0 0 0 0
<5315759> <hasProgressionRelapseAssessment_hasTherapyType> <Palliative_care> 0 0 0 0
<5502156> <hasProgressionRelapseAssessment_hasTherapyType> <Active> 0 0 0 0
<513692> <hasProgressionRelapseAssessment_hasTherapyType> <Active> 0 0 0 0
<5304770> <hasProgressionRelapseAssessment_hasTherapyType> <Active> 0 0 0 0
<5305646> <hasProgressionRelapseAssessment_hasTherapyType> <Active> 0 0 0 0
<5307296> <hasProgressionRelapseAssessment_hasTherapyType> <Active> 0 0 0 0
<513277> <hasProgressionRelapseAssessment_hasTherapyType> <Active> 0 0 0 0
<5314252> <hasProgressionRelapseAssessment_hasTherapyType> <Palliative_care> 0 0 0 0
<5314856> <hasProgressionRelapseAssessment_hasTherapyType> <Palliative_care> 0 0 0 0
<5315548> <hasProgressionRelapseAssessment_hasTherapyType> <Palliative_care> 0 0 0 0
<5304884> <hasProgressionRelapseAssessment_hasTherapyType> <Active> 0 0 0 0
<5305262> <hasProgressionRelapseAssessment_hasTherapyType> <Palliative_care> 0 0 0 0
<514049> <hasProgressionRelapseAssessment_hasTherapyType> <Active> 0 0 0 0
<5305721> <hasProgressionRelapseAssessment_hasTherapyType> <Active> 0 0 0 0
<514314> <hasProgressionRelapseAssessment_hasTherapyType> <Active> 0 0 0 0
<5312272> <hasProgressionRelapseAssessment_hasTherapyType> <Active> 0 0 0 0
<5315968> <hasProgressionRelapseAssessment_hasTherapyType> <Active> 0 0 0 0
<5302673> <hasProgressionRelapseAssessment_hasTherapyType> <Active> 0 0 0 0
<5316199> <hasProgressionRelapseAssessment_hasTherapyType> <Active> 0 0 0 0
<6302618> <hasProgressionRelapseAssessment_hasTherapyType> <Palliative_care> 0 0 0 0
<6312739> <hasProgressionRelapseAssessment_hasTherapyType> <Palliative_care> 0 0 0 0
<6314491> <hasProgressionRelapseAssessment_hasTherapyType> <Active> 0 0 0 0
<6315957> <hasProgressionRelapseAssessment_hasTherapyType> <Palliative_care> 0 0 0 0
<6316135> <hasProgressionRelapseAssessment_hasTherapyType> <Palliative_care> 0 0 0 0
<6316392> <hasProgressionRelapseAssessment_hasTherapyType> <Palliative_care> 0 0 0 0
<6316408> <hasProgressionRelapseAssessment_hasTherapyType> <Palliative_care> 0 0 0 0
<6316917> <hasProgressionRelapseAssessment_hasTherapyType> <Palliative_care> 0 0 0 0
<704853> <hasProgressionRelapseAssessment_hasTherapyType> <Palliative_care> 0 0 0 0
<7105832> <hasProgressionRelapseAssessment_hasTherapyType> <Active> 0 0 0 0
<6317437> <hasProgressionRelapseAssessment_hasTherapyType> <Active> 0 0 0 0
<5504580> <hasProgressionRelapseAssessment_hasTherapyType> <Active> 0 0 0 0
<6301799> <hasProgressionRelapseAssessment_hasTherapyType> <Palliative_care> 0 0 0 0
<705611> <hasProgressionRelapseAssessment_hasTherapyType> <Palliative_care> 0 0 0 0
<8311535> <hasProgressionRelapseAssessment_hasTherapyType> <Palliative_care> 0 0 0 0
<907158> <hasProgressionRelapseAssessment_hasTherapyType> <Active> 0 0 0 0
<5510808> <hasProgressionRelapseAssessment_hasTherapyType> <Palliative_care> 0 0 0 0
<907216> <hasProgressionRelapseAssessment_hasTherapyType> <Active> 0 0 0 0
<917442> <hasProgressionRelapseAssessment_hasTherapyType> <Active> 0 0 0 0
<9703260> <hasProgressionRelapseAssessment_hasTherapyType> <Active> 0 0 0 0
<9708930> <hasProgressionRelapseAssessment_hasTherapyType> <Active> 0 0 0 0
<9714389> <hasProgressionRelapseAssessment_hasTherapyType> <Active> 0 0 0 0
<9901139> <hasProgressionRelapseAssessment_hasTherapyType> <Palliative_care> 0 0 0 0
<5510808> <hasProgressionRelapseAssessment_hasTherapyType> <Active> 0 0 0 0
<702154> <hasProgressionRelapseAssessment_hasTherapyType> <Active> 0 0 0 0
<6608825> <hasProgressionRelapseAssessment_hasTherapyType> <Active> 0 0 0 0
<6300481> <hasProgressionRelapseAssessment_hasTherapyType> <Active> 0 0 0 0
<9414087> <hasProgressionRelapseAssessment_hasTherapyType> <Active> 0 0 0 0
<6317276> <hasProgressionRelapseAssessment_hasTherapyType> <Palliative_care> 0 0 0 0
<9409315> <hasProgressionRelapseAssessment_hasTherapyType> <Active> 0 0 0 0
<7105764> <hasProgressionRelapseAssessment_hasTherapyType> <Active> 0 0 0 0
<9709198> <hasProgressionRelapseAssessment_hasTherapyType> <Palliative_care> 0 0 0 0
<9910660> <hasProgressionRelapseAssessment_hasTherapyType> <Palliative_care> 0 0 0 0
<9713410> <hasProgressionRelapseAssessment_hasTherapyType> <Palliative_care> 0 0 0 0
<909671> <hasProgressionRelapseAssessment_hasTherapyType> <Palliative_care> 0 0 0 0
<911692> <hasProgressionRelapseAssessment_hasTherapyType> <Active> 0 0 0 0
<6316681> <hasProgressionRelapseAssessment_hasTherapyType> <Palliative_care> 0 0 0 0
<9410282> <hasProgressionRelapseAssessment_hasTherapyType> <Palliative_care> 0 0 0 0
<1514618> <hasProgressionRelapseAssessment_hasTherapyType> <Active> 0 0 0 0
<3404295> <hasProgressionRelapseAssessment_hasTherapyType> <Palliative_care> 0 0 0 0
<409641> <hasProgressionRelapseAssessment_hasTherapyType> <Active> 0 0 0 0
<107625> <hasProgressionRelapseAssessment_hasTherapyType> <Active> 0 0 0 0
<109517> <hasProgressionRelapseAssessment_hasTherapyType> <Active> 0 0 0 0
<109834> <hasProgressionRelapseAssessment_hasTherapyType> <Palliative_care> 0 0 0 0
<112032> <hasProgressionRelapseAssessment_hasTherapyType> <Palliative_care> 0 0 0 0
<11405992> <hasProgressionRelapseAssessment_hasTherapyType> <Palliative_care> 0 0 0 0
<1203406> <hasProgressionRelapseAssessment_hasTherapyType> <Active> 0 0 0 0
<102003> <hasProgressionRelapseAssessment_hasTherapyType> <Palliative_care> 0 0 0 0
<107661> <hasProgressionRelapseAssessment_hasTherapyType> <Palliative_care> 0 0 0 0
<10812867> <hasProgressionRelapseAssessment_hasTherapyType> <Active> 0 0 0 0
<11405911> <hasProgressionRelapseAssessment_hasTherapyType> <Palliative_care> 0 0 0 0
<1201895> <hasProgressionRelapseAssessment_hasTherapyType> <Active> 0 0 0 0
<11317180> <hasProgressionRelapseAssessment_hasTherapyType> <Active> 0 0 0 0
<1300474> <hasProgressionRelapseAssessment_hasTherapyType> <Palliative_care> 0 0 0 0
<101934> <hasProgressionRelapseAssessment_hasTherapyType> <Active> 0 0 0 0
<101922> <hasProgressionRelapseAssessment_hasTherapyType> <Active> 0 0 0 0
<108100> <hasProgressionRelapseAssessment_hasTherapyType> <Palliative_care> 0 0 0 0
<1202148> <hasProgressionRelapseAssessment_hasTherapyType> <Palliative_care> 0 0 0 0
<10802757> <hasProgressionRelapseAssessment_hasTherapyType> <Active> 0 0 0 0
<1202053> <hasProgressionRelapseAssessment_hasTherapyType> <Palliative_care> 0 0 0 0
<108340> <hasProgressionRelapseAssessment_hasTherapyType> <Palliative_care> 0 0 0 0
<10612158> <hasProgressionRelapseAssessment_hasTherapyType> <Active> 0 0 0 0
<107675> <hasProgressionRelapseAssessment_hasTherapyType> <Active> 0 0 0 0
<101817> <hasProgressionRelapseAssessment_hasTherapyType> <Active> 0 0 0 0
<112501> <hasProgressionRelapseAssessment_hasTherapyType> <Palliative_care> 0 0 0 0
<1200843> <hasProgressionRelapseAssessment_hasTherapyType> <Palliative_care> 0 0 0 0
<10612109> <hasProgressionRelapseAssessment_hasTherapyType> <Active> 0 0 0 0
<109506> <hasProgressionRelapseAssessment_hasTherapyType> <Active> 0 0 0 0
<1215067> <hasProgressionRelapseAssessment_hasTherapyType> <Palliative_care> 0 0 0 0
<111281> <hasProgressionRelapseAssessment_hasTherapyType> <Palliative_care> 0 0 0 0
<1216676> <hasProgressionRelapseAssessment_hasTherapyType> <Active> 0 0 0 0
<1300684> <hasProgressionRelapseAssessment_hasTherapyType> <Palliative_care> 0 0 0 0
<109805> <hasProgressionRelapseAssessment_hasTherapyType> <Active> 0 0 0 0
<1300891> <hasProgressionRelapseAssessment_hasTherapyType> <Palliative_care> 0 0 0 0
<1304431> <hasProgressionRelapseAssessment_hasTherapyType> <Active> 0 0 0 0
<1315697> <hasProgressionRelapseAssessment_hasTherapyType> <Palliative_care> 0 0 0 0
<14705787> <hasProgressionRelapseAssessment_hasTherapyType> <Active> 0 0 0 0
<14707701> <hasProgressionRelapseAssessment_hasTherapyType> <Palliative_care> 0 0 0 0
<1509909> <hasProgressionRelapseAssessment_hasTherapyType> <Active> 0 0 0 0
<1303491> <hasProgressionRelapseAssessment_hasTherapyType> <Palliative_care> 0 0 0 0
<1312851> <hasProgressionRelapseAssessment_hasTherapyType> <Palliative_care> 0 0 0 0
<1311210> <hasProgressionRelapseAssessment_hasTherapyType> <Active> 0 0 0 0
<1314909> <hasProgressionRelapseAssessment_hasTherapyType> <Palliative_care> 0 0 0 0
<1305508> <hasProgressionRelapseAssessment_hasTherapyType> <Palliative_care> 0 0 0 0
<1306334> <hasProgressionRelapseAssessment_hasTherapyType> <Active> 0 0 0 0
<1500957> <hasProgressionRelapseAssessment_hasTherapyType> <Active> 0 0 0 0
<1511169> <hasProgressionRelapseAssessment_hasTherapyType> <Active> 0 0 0 0
<1305569> <hasProgressionRelapseAssessment_hasTherapyType> <Active> 0 0 0 0
<1305585> <hasProgressionRelapseAssessment_hasTherapyType> <Palliative_care> 0 0 0 0
<1313418> <hasProgressionRelapseAssessment_hasTherapyType> <Palliative_care> 0 0 0 0
<1314806> <hasProgressionRelapseAssessment_hasTherapyType> <Palliative_care> 0 0 0 0
<1315060> <hasProgressionRelapseAssessment_hasTherapyType> <Palliative_care> 0 0 0 0
<1501008> <hasProgressionRelapseAssessment_hasTherapyType> <Active> 0 0 0 0
<1315392> <hasProgressionRelapseAssessment_hasTherapyType> <Palliative_care> 0 0 0 0
<1306181> <hasProgressionRelapseAssessment_hasTherapyType> <Palliative_care> 0 0 0 0
<1507573> <hasProgressionRelapseAssessment_hasTherapyType> <Palliative_care> 0 0 0 0
<1301928> <hasProgressionRelapseAssessment_hasTherapyType> <Palliative_care> 0 0 0 0
<1507371> <hasProgressionRelapseAssessment_hasTherapyType> <Active> 0 0 0 0
<1306173> <hasProgressionRelapseAssessment_hasTherapyType> <Palliative_care> 0 0 0 0
<1305535> <hasProgressionRelapseAssessment_hasTherapyType> <Palliative_care> 0 0 0 0
<1314987> <hasProgressionRelapseAssessment_hasTherapyType> <Palliative_care> 0 0 0 0
<15700248> <hasProgressionRelapseAssessment_hasTherapyType> <Palliative_care> 0 0 0 0
<1315405> <hasProgressionRelapseAssessment_hasTherapyType> <Palliative_care> 0 0 0 0
<1315226> <hasProgressionRelapseAssessment_hasTherapyType> <Palliative_care> 0 0 0 0
<1509414> <hasProgressionRelapseAssessment_hasTherapyType> <Active> 0 0 0 0
<1306062> <hasProgressionRelapseAssessment_hasTherapyType> <Palliative_care> 0 0 0 0
<1314774> <hasProgressionRelapseAssessment_hasTherapyType> <Active> 0 0 0 0
<15714624> <hasProgressionRelapseAssessment_hasTherapyType> <Active> 0 0 0 0
<15702835> <hasProgressionRelapseAssessment_hasTherapyType> <Palliative_care> 0 0 0 0
<15706093> <hasProgressionRelapseAssessment_hasTherapyType> <Active> 0 0 0 0
<201572> <hasProgressionRelapseAssessment_hasTherapyType> <Active> 0 0 0 0
<202218> <hasProgressionRelapseAssessment_hasTherapyType> <Active> 0 0 0 0
<202403> <hasProgressionRelapseAssessment_hasTherapyType> <Active> 0 0 0 0
<205572> <hasProgressionRelapseAssessment_hasTherapyType> <Palliative_care> 0 0 0 0
<206469> <hasProgressionRelapseAssessment_hasTherapyType> <Palliative_care> 0 0 0 0
<206514> <hasProgressionRelapseAssessment_hasTherapyType> <Palliative_care> 0 0 0 0
<205130> <hasProgressionRelapseAssessment_hasTherapyType> <Palliative_care> 0 0 0 0
<201640> <hasProgressionRelapseAssessment_hasTherapyType> <Active> 0 0 0 0
<15706357> <hasProgressionRelapseAssessment_hasTherapyType> <Active> 0 0 0 0
<204481> <hasProgressionRelapseAssessment_hasTherapyType> <Active> 0 0 0 0
<210065> <hasProgressionRelapseAssessment_hasTherapyType> <Active> 0 0 0 0
<204670> <hasProgressionRelapseAssessment_hasTherapyType> <Palliative_care> 0 0 0 0
<203402> <hasProgressionRelapseAssessment_hasTherapyType> <Palliative_care> 0 0 0 0
<201481> <hasProgressionRelapseAssessment_hasTherapyType> <Palliative_care> 0 0 0 0
<208572> <hasProgressionRelapseAssessment_hasTherapyType> <Palliative_care> 0 0 0 0
<209258> <hasProgressionRelapseAssessment_hasTherapyType> <Palliative_care> 0 0 0 0
<201698> <hasProgressionRelapseAssessment_hasTherapyType> <Active> 0 0 0 0
<208771> <hasProgressionRelapseAssessment_hasTherapyType> <Active> 0 0 0 0
<207935> <hasProgressionRelapseAssessment_hasTherapyType> <Palliative_care> 0 0 0 0
<15706098> <hasProgressionRelapseAssessment_hasTherapyType> <Palliative_care> 0 0 0 0
<209239> <hasProgressionRelapseAssessment_hasTherapyType> <Palliative_care> 0 0 0 0
<15714604> <hasProgressionRelapseAssessment_hasTherapyType> <Active> 0 0 0 0
<201949> <hasProgressionRelapseAssessment_hasTherapyType> <Active> 0 0 0 0
<207279> <hasProgressionRelapseAssessment_hasTherapyType> <Palliative_care> 0 0 0 0
<204162> <hasProgressionRelapseAssessment_hasTherapyType> <Palliative_care> 0 0 0 0
<210390> <hasProgressionRelapseAssessment_hasTherapyType> <Active> 0 0 0 0
<2106675> <hasProgressionRelapseAssessment_hasTherapyType> <Active> 0 0 0 0
<2101936> <hasProgressionRelapseAssessment_hasTherapyType> <Active> 0 0 0 0
<210451> <hasProgressionRelapseAssessment_hasTherapyType> <Active> 0 0 0 0
<2112059> <hasProgressionRelapseAssessment_hasTherapyType> <Palliative_care> 0 0 0 0
<212208> <hasProgressionRelapseAssessment_hasTherapyType> <Active> 0 0 0 0
<215379> <hasProgressionRelapseAssessment_hasTherapyType> <Palliative_care> 0 0 0 0
<2300549> <hasProgressionRelapseAssessment_hasTherapyType> <Active> 0 0 0 0
<212827> <hasProgressionRelapseAssessment_hasTherapyType> <Active> 0 0 0 0
<2305220> <hasProgressionRelapseAssessment_hasTherapyType> <Palliative_care> 0 0 0 0
<212515> <hasProgressionRelapseAssessment_hasTherapyType> <Palliative_care> 0 0 0 0
<213233> <hasProgressionRelapseAssessment_hasTherapyType> <Palliative_care> 0 0 0 0
<2312050> <hasProgressionRelapseAssessment_hasTherapyType> <Active> 0 0 0 0
<217110> <hasProgressionRelapseAssessment_hasTherapyType> <Palliative_care> 0 0 0 0
<2305192> <hasProgressionRelapseAssessment_hasTherapyType> <Active> 0 0 0 0
<2506016> <hasProgressionRelapseAssessment_hasTherapyType> <Active> 0 0 0 0
<210396> <hasProgressionRelapseAssessment_hasTherapyType> <Palliative_care> 0 0 0 0
<211314> <hasProgressionRelapseAssessment_hasTherapyType> <Palliative_care> 0 0 0 0
<212483> <hasProgressionRelapseAssessment_hasTherapyType> <Active> 0 0 0 0
<2311911> <hasProgressionRelapseAssessment_hasTherapyType> <Palliative_care> 0 0 0 0
<2115500> <hasProgressionRelapseAssessment_hasTherapyType> <Palliative_care> 0 0 0 0
<2304929> <hasProgressionRelapseAssessment_hasTherapyType> <Palliative_care> 0 0 0 0
<2804437> <hasProgressionRelapseAssessment_hasTherapyType> <Active> 0 0 0 0
<2305377> <hasProgressionRelapseAssessment_hasTherapyType> <Active> 0 0 0 0
<2115663> <hasProgressionRelapseAssessment_hasTherapyType> <Palliative_care> 0 0 0 0
<213435> <hasProgressionRelapseAssessment_hasTherapyType> <Palliative_care> 0 0 0 0
<2300038> <hasProgressionRelapseAssessment_hasTherapyType> <Palliative_care> 0 0 0 0
<2101072> <hasProgressionRelapseAssessment_hasTherapyType> <Active> 0 0 0 0
<211879> <hasProgressionRelapseAssessment_hasTherapyType> <Active> 0 0 0 0
<2311678> <hasProgressionRelapseAssessment_hasTherapyType> <Active> 0 0 0 0
<2303591> <hasProgressionRelapseAssessment_hasTherapyType> <Palliative_care> 0 0 0 0
<2300020> <hasProgressionRelapseAssessment_hasTherapyType> <Active> 0 0 0 0
<2305361> <hasProgressionRelapseAssessment_hasTherapyType> <Active> 0 0 0 0
<210201> <hasProgressionRelapseAssessment_hasTherapyType> <Palliative_care> 0 0 0 0
<211320> <hasProgressionRelapseAssessment_hasTherapyType> <Palliative_care> 0 0 0 0
<2300122> <hasProgressionRelapseAssessment_hasTherapyType> <Active> 0 0 0 0
<2300123> <hasProgressionRelapseAssessment_hasTherapyType> <Active> 0 0 0 0
<2806949> <hasProgressionRelapseAssessment_hasTherapyType> <Active> 0 0 0 0
<2806972> <hasProgressionRelapseAssessment_hasTherapyType> <Palliative_care> 0 0 0 0
<2813718> <hasProgressionRelapseAssessment_hasTherapyType> <Palliative_care> 0 0 0 0
<3011404> <hasProgressionRelapseAssessment_hasTherapyType> <Active> 0 0 0 0
<3012900> <hasProgressionRelapseAssessment_hasTherapyType> <Active> 0 0 0 0
<316452> <hasProgressionRelapseAssessment_hasTherapyType> <Palliative_care> 0 0 0 0
<2816460> <hasProgressionRelapseAssessment_hasTherapyType> <Palliative_care> 0 0 0 0
<2903730> <hasProgressionRelapseAssessment_hasTherapyType> <Active> 0 0 0 0
<2815302> <hasProgressionRelapseAssessment_hasTherapyType> <Active> 0 0 0 0
<2811953> <hasProgressionRelapseAssessment_hasTherapyType> <Palliative_care> 0 0 0 0
<2902441> <hasProgressionRelapseAssessment_hasTherapyType> <Palliative_care> 0 0 0 0
<3006821> <hasProgressionRelapseAssessment_hasTherapyType> <Active> 0 0 0 0
<2813122> <hasProgressionRelapseAssessment_hasTherapyType> <Palliative_care> 0 0 0 0
<3507660> <hasProgressionRelapseAssessment_hasTherapyType> <Active> 0 0 0 0
<2815305> <hasProgressionRelapseAssessment_hasTherapyType> <Active> 0 0 0 0
<2309802> <hasProgressionRelapseAssessment_hasTherapyType> <Active> 0 0 0 0
<313722> <hasProgressionRelapseAssessment_hasTherapyType> <Active> 0 0 0 0
<301446> <hasProgressionRelapseAssessment_hasTherapyType> <Active> 0 0 0 0
<3308097> <hasProgressionRelapseAssessment_hasTherapyType> <Palliative_care> 0 0 0 0
<3405290> <hasProgressionRelapseAssessment_hasTherapyType> <Active> 0 0 0 0
<2806248> <hasProgressionRelapseAssessment_hasTherapyType> <Palliative_care> 0 0 0 0
<305074> <hasProgressionRelapseAssessment_hasTherapyType> <Active> 0 0 0 0
<2809368> <hasProgressionRelapseAssessment_hasTherapyType> <Active> 0 0 0 0
<3407245> <hasProgressionRelapseAssessment_hasTherapyType> <Palliative_care> 0 0 0 0
<3000702> <hasProgressionRelapseAssessment_hasTherapyType> <Palliative_care> 0 0 0 0
<3505866> <hasProgressionRelapseAssessment_hasTherapyType> <Active> 0 0 0 0
<2807855> <hasProgressionRelapseAssessment_hasTherapyType> <Active> 0 0 0 0
<3508860> <hasProgressionRelapseAssessment_hasTherapyType> <Active> 0 0 0 0
<3712401> <hasProgressionRelapseAssessment_hasTherapyType> <Active> 0 0 0 0
<3507753> <hasProgressionRelapseAssessment_hasTherapyType> <Palliative_care> 0 0 0 0
<3705974> <hasProgressionRelapseAssessment_hasTherapyType> <Active> 0 0 0 0
<407523> <hasProgressionRelapseAssessment_hasTherapyType> <Active> 0 0 0 0
<3507860> <hasProgressionRelapseAssessment_hasTherapyType> <Palliative_care> 0 0 0 0
<409415> <hasProgressionRelapseAssessment_hasTherapyType> <Palliative_care> 0 0 0 0
<409869> <hasProgressionRelapseAssessment_hasTherapyType> <Active> 0 0 0 0
<410376> <hasProgressionRelapseAssessment_hasTherapyType> <Palliative_care> 0 0 0 0
<411501> <hasProgressionRelapseAssessment_hasTherapyType> <Active> 0 0 0 0
<410192> <hasProgressionRelapseAssessment_hasTherapyType> <Active> 0 0 0 0
<413185> <hasProgressionRelapseAssessment_hasTherapyType> <Palliative_care> 0 0 0 0
<3511343> <hasProgressionRelapseAssessment_hasTherapyType> <Active> 0 0 0 0
<409442> <hasProgressionRelapseAssessment_hasTherapyType> <Active> 0 0 0 0
<409488> <hasProgressionRelapseAssessment_hasTherapyType> <Palliative_care> 0 0 0 0
<407656> <hasProgressionRelapseAssessment_hasTherapyType> <Palliative_care> 0 0 0 0
<410327> <hasProgressionRelapseAssessment_hasTherapyType> <Active> 0 0 0 0
<410212> <hasProgressionRelapseAssessment_hasTherapyType> <Active> 0 0 0 0
<3509803> <hasProgressionRelapseAssessment_hasTherapyType> <Active> 0 0 0 0
<3704499> <hasProgressionRelapseAssessment_hasTherapyType> <Palliative_care> 0 0 0 0
<410097> <hasProgressionRelapseAssessment_hasTherapyType> <Palliative_care> 0 0 0 0
<3801768> <hasProgressionRelapseAssessment_hasTherapyType> <Active> 0 0 0 0
<317258> <hasProgressionRelapseAssessment_hasTherapyType> <Active> 0 0 0 0
<413143> <hasProgressionRelapseAssessment_hasTherapyType> <Active> 0 0 0 0
<410118> <hasProgressionRelapseAssessment_hasTherapyType> <Palliative_care> 0 0 0 0
<414387> <hasProgressionRelapseAssessment_hasTherapyType> <Palliative_care> 0 0 0 0
<412727> <hasProgressionRelapseAssessment_hasTherapyType> <Palliative_care> 0 0 0 0
<410261> <hasProgressionRelapseAssessment_hasTherapyType> <Active> 0 0 0 0
<3509823> <hasProgressionRelapseAssessment_hasTherapyType> <Palliative_care> 0 0 0 0
<416066> <hasProgressionRelapseAssessment_hasTherapyType> <Palliative_care> 0 0 0 0
<416749> <hasProgressionRelapseAssessment_hasTherapyType> <Active> 0 0 0 0
<4600803> <hasProgressionRelapseAssessment_hasTherapyType> <Active> 0 0 0 0
<4312672> <hasProgressionRelapseAssessment_hasTherapyType> <Active> 0 0 0 0
<416657> <hasProgressionRelapseAssessment_hasTherapyType> <Active> 0 0 0 0
<416846> <hasProgressionRelapseAssessment_hasTherapyType> <Active> 0 0 0 0
<4911036> <hasProgressionRelapseAssessment_hasTherapyType> <Palliative_care> 0 0 0 0
<502990> <hasProgressionRelapseAssessment_hasTherapyType> <Active> 0 0 0 0
<505698> <hasProgressionRelapseAssessment_hasTherapyType> <Palliative_care> 0 0 0 0
<507727> <hasProgressionRelapseAssessment_hasTherapyType> <Palliative_care> 0 0 0 0
<507881> <hasProgressionRelapseAssessment_hasTherapyType> <Palliative_care> 0 0 0 0
<417007> <hasProgressionRelapseAssessment_hasTherapyType> <Palliative_care> 0 0 0 0
<507874> <hasProgressionRelapseAssessment_hasTherapyType> <Active> 0 0 0 0
<4910795> <hasProgressionRelapseAssessment_hasTherapyType> <Active> 0 0 0 0
<503986> <hasProgressionRelapseAssessment_hasTherapyType> <Palliative_care> 0 0 0 0
<503174> <hasProgressionRelapseAssessment_hasTherapyType> <Active> 0 0 0 0
<416846> <hasProgressionRelapseAssessment_hasTherapyType> <Palliative_care> 0 0 0 0
<503429> <hasProgressionRelapseAssessment_hasTherapyType> <Palliative_care> 0 0 0 0
<501236> <hasProgressionRelapseAssessment_hasTherapyType> <Palliative_care> 0 0 0 0
<416706> <hasProgressionRelapseAssessment_hasTherapyType> <Palliative_care> 0 0 0 0
<4910949> <hasProgressionRelapseAssessment_hasTherapyType> <Palliative_care> 0 0 0 0
<4910625> <hasProgressionRelapseAssessment_hasTherapyType> <Palliative_care> 0 0 0 0
<4910925> <hasProgressionRelapseAssessment_hasTherapyType> <Palliative_care> 0 0 0 0
<503046> <hasProgressionRelapseAssessment_hasTherapyType> <Palliative_care> 0 0 0 0
<5102917> <hasProgressionRelapseAssessment_hasTherapyType> <Palliative_care> 0 0 0 0
<5103453> <hasProgressionRelapseAssessment_hasTherapyType> <Active> 0 0 0 0
<509023> <hasProgressionRelapseAssessment_hasTherapyType> <Active> 0 0 0 0
<5106403> <hasProgressionRelapseAssessment_hasTherapyType> <Active> 0 0 0 0
<5106485> <hasProgressionRelapseAssessment_hasTherapyType> <Palliative_care> 0 0 0 0
<5106538> <hasProgressionRelapseAssessment_hasTherapyType> <Palliative_care> 0 0 0 0
<5107027> <hasProgressionRelapseAssessment_hasTherapyType> <Active> 0 0 0 0
<5110620> <hasProgressionRelapseAssessment_hasTherapyType> <Active> 0 0 0 0
<508255> <hasProgressionRelapseAssessment_hasTherapyType> <Palliative_care> 0 0 0 0
<5102877> <hasProgressionRelapseAssessment_hasTherapyType> <Active> 0 0 0 0
<5104125> <hasProgressionRelapseAssessment_hasTherapyType> <Palliative_care> 0 0 0 0
<508519> <hasProgressionRelapseAssessment_hasTherapyType> <Active> 0 0 0 0
<5107018> <hasProgressionRelapseAssessment_hasTherapyType> <Active> 0 0 0 0
<508395> <hasProgressionRelapseAssessment_hasTherapyType> <Active> 0 0 0 0
<5107075> <hasProgressionRelapseAssessment_hasTherapyType> <Palliative_care> 0 0 0 0
<5102743> <hasProgressionRelapseAssessment_hasTherapyType> <Active> 0 0 0 0
<5111438> <hasProgressionRelapseAssessment_hasTherapyType> <Palliative_care> 0 0 0 0
<5108149> <hasProgressionRelapseAssessment_hasTherapyType> <Active> 0 0 0 0
<508199> <hasProgressionRelapseAssessment_hasTherapyType> <Active> 0 0 0 0
<5104605> <hasProgressionRelapseAssessment_hasTherapyType> <Active> 0 0 0 0
<5106753> <hasProgressionRelapseAssessment_hasTherapyType> <Active> 0 0 0 0
<508136> <hasProgressionRelapseAssessment_hasTherapyType> <Palliative_care> 0 0 0 0
<509325> <hasProgressionRelapseAssessment_hasTherapyType> <Active> 0 0 0 0
<5103146> <hasProgressionRelapseAssessment_hasTherapyType> <Active> 0 0 0 0
<512604> <hasProgressionRelapseAssessment_hasTherapyType> <Active> 0 0 0 0
<5106400> <hasProgressionRelapseAssessment_hasTherapyType> <Palliative_care> 0 0 0 0
<508554> <hasProgressionRelapseAssessment_hasTherapyType> <Active> 0 0 0 0
<5106540> <hasProgressionRelapseAssessment_hasTherapyType> <Palliative_care> 0 0 0 0
<5107219> <hasProgressionRelapseAssessment_hasTherapyType> <Active> 0 0 0 0
<512808> <hasProgressionRelapseAssessment_hasTherapyType> <Palliative_care> 0 0 0 0
<513899> <hasProgressionRelapseAssessment_hasTherapyType> <Active> 0 0 0 0
<516319> <hasProgressionRelapseAssessment_hasTherapyType> <Active> 0 0 0 0
<516990> <hasProgressionRelapseAssessment_hasTherapyType> <Palliative_care> 0 0 0 0
<516270> <hasProgressionRelapseAssessment_hasTherapyType> <Active> 0 0 0 0
<514307> <hasProgressionRelapseAssessment_hasTherapyType> <Active> 0 0 0 0
<5305307> <hasProgressionRelapseAssessment_hasTherapyType> <Palliative_care> 0 0 0 0
<5315018> <hasProgressionRelapseAssessment_hasTherapyType> <Active> 0 0 0 0
<5502186> <hasProgressionRelapseAssessment_hasTherapyType> <Active> 0 0 0 0
<512807> <hasProgressionRelapseAssessment_hasTherapyType> <Active> 0 0 0 0
<5315191> <hasProgressionRelapseAssessment_hasTherapyType> <Palliative_care> 0 0 0 0
<5502244> <hasProgressionRelapseAssessment_hasTherapyType> <Palliative_care> 0 0 0 0
<5317576> <hasProgressionRelapseAssessment_hasTherapyType> <Palliative_care> 0 0 0 0
<5305972> <hasProgressionRelapseAssessment_hasTherapyType> <Palliative_care> 0 0 0 0
<5316437> <hasProgressionRelapseAssessment_hasTherapyType> <Active> 0 0 0 0
<514132> <hasProgressionRelapseAssessment_hasTherapyType> <Palliative_care> 0 0 0 0
<5315069> <hasProgressionRelapseAssessment_hasTherapyType> <Active> 0 0 0 0
<5315886> <hasProgressionRelapseAssessment_hasTherapyType> <Active> 0 0 0 0
<513176> <hasProgressionRelapseAssessment_hasTherapyType> <Palliative_care> 0 0 0 0
<516234> <hasProgressionRelapseAssessment_hasTherapyType> <Active> 0 0 0 0
<5316516> <hasProgressionRelapseAssessment_hasTherapyType> <Active> 0 0 0 0
<516237> <hasProgressionRelapseAssessment_hasTherapyType> <Palliative_care> 0 0 0 0
<5315198> <hasProgressionRelapseAssessment_hasTherapyType> <Active> 0 0 0 0
<5305260> <hasProgressionRelapseAssessment_hasTherapyType> <Active> 0 0 0 0
<5304826> <hasProgressionRelapseAssessment_hasTherapyType> <Active> 0 0 0 0
<516157> <hasProgressionRelapseAssessment_hasTherapyType> <Palliative_care> 0 0 0 0
<6300967> <hasProgressionRelapseAssessment_hasTherapyType> <Active> 0 0 0 0
<7105400> <hasProgressionRelapseAssessment_hasTherapyType> <Active> 0 0 0 0
<7405340> <hasProgressionRelapseAssessment_hasTherapyType> <Active> 0 0 0 0
<6302622> <hasProgressionRelapseAssessment_hasTherapyType> <Palliative_care> 0 0 0 0
<7005775> <hasProgressionRelapseAssessment_hasTherapyType> <Active> 0 0 0 0
<7101183> <hasProgressionRelapseAssessment_hasTherapyType> <Palliative_care> 0 0 0 0
<900564> <hasProgressionRelapseAssessment_hasTherapyType> <Active> 0 0 0 0
<901954> <hasProgressionRelapseAssessment_hasTherapyType> <Active> 0 0 0 0
<909723> <hasProgressionRelapseAssessment_hasTherapyType> <Active> 0 0 0 0
<9804314> <hasProgressionRelapseAssessment_hasTherapyType> <Active> 0 0 0 0
<9705189> <hasProgressionRelapseAssessment_hasTherapyType> <Active> 0 0 0 0
<704308> <hasProgressionRelapseAssessment_hasTherapyType> <Palliative_care> 0 0 0 0
<906926> <hasProgressionRelapseAssessment_hasTherapyType> <Active> 0 0 0 0
<900250> <hasProgressionRelapseAssessment_hasTherapyType> <Active> 0 0 0 0
<6316935> <hasProgressionRelapseAssessment_hasTherapyType> <Palliative_care> 0 0 0 0
<6311702> <hasProgressionRelapseAssessment_hasTherapyType> <Active> 0 0 0 0
<909767> <hasProgressionRelapseAssessment_hasTherapyType> <Active> 0 0 0 0
<701774> <hasProgressionRelapseAssessment_hasTherapyType> <Active> 0 0 0 0
<916890> <hasProgressionRelapseAssessment_hasTherapyType> <Palliative_care> 0 0 0 0
<6300107> <hasProgressionRelapseAssessment_hasTherapyType> <Active> 0 0 0 0
<7404363> <hasProgressionRelapseAssessment_hasTherapyType> <Active> 0 0 0 0
<9710042> <hasProgressionRelapseAssessment_hasTherapyType> <Palliative_care> 0 0 0 0
<9704911> <hasProgressionRelapseAssessment_hasTherapyType> <Active> 0 0 0 0
<202414> <hasProgressionRelapseAssessment_hasTherapyType> <Palliative_care> 0 0 0 0
<206744> <hasProgressionRelapseAssessment_hasTherapyType> <Palliative_care> 0 0 0 0
<2305219> <hasProgressionRelapseAssessment_hasTherapyType> <Palliative_care> 0 0 0 0
<4910783> <hasProgressionRelapseAssessment_hasTherapyType> <Palliative_care> 0 0 0 0
