<2901428> <has_cancer_metastasized_to_other_locations> <Yes> 0 0 0 0
<1300464> <has_cancer_metastasized_to_other_locations> <Yes> 1 1 1 1
<1300897> <has_cancer_metastasized_to_other_locations> <Yes> 1 1 1 1
<204316> <has_cancer_metastasized_to_other_locations> <Yes> 1 1 1 1
<2510003> <has_cancer_metastasized_to_other_locations> <Yes> 0 0 0 0
<7411361> <has_cancer_metastasized_to_other_locations> <Yes> 1 1 1 1
<9414078> <has_cancer_metastasized_to_other_locations> <Yes> 1 1 1 1
<7404250> <has_cancer_metastasized_to_other_locations> <Yes> 1 1 1 1
<208568> <has_cancer_metastasized_to_other_locations> <Yes> 1 1 1 1
<1213165> <has_cancer_metastasized_to_other_locations> <Yes> 1 1 1 1
<213820> <has_cancer_metastasized_to_other_locations> <Yes> 1 1 1 1
<5305643> <has_cancer_metastasized_to_other_locations> <Yes> 1 1 1 1
<508376> <has_cancer_metastasized_to_other_locations> <Yes> 1 1 1 1
<2100956> <has_cancer_metastasized_to_other_locations> <Yes> 1 1 1 1
<501284> <has_cancer_metastasized_to_other_locations> <Yes> 0 0 0 0
<2904008> <has_cancer_metastasized_to_other_locations> <Yes> 1 1 1 1
<5105543> <has_cancer_metastasized_to_other_locations> <Yes> 1 1 1 1
<2808173> <has_cancer_metastasized_to_other_locations> <Yes> 1 1 1 1
<1309754> <has_cancer_metastasized_to_other_locations> <Yes> 0 0 0 0
<409508> <has_cancer_metastasized_to_other_locations> <Yes> 1 1 1 1
<3712205> <has_cancer_metastasized_to_other_locations> <Yes> 1 1 1 1
<11312223> <has_cancer_metastasized_to_other_locations> <Yes> 0 0 0 0
<2917489> <has_cancer_metastasized_to_other_locations> <Yes> 1 1 1 1
<416391> <has_cancer_metastasized_to_other_locations> <Yes> 0 0 0 0
<1201895> <has_cancer_metastasized_to_other_locations> <Yes> 1 1 1 1
<5103515> <has_cancer_metastasized_to_other_locations> <Yes> 1 1 1 1
<7404362> <has_cancer_metastasized_to_other_locations> <Yes> 1 1 1 1
<5103315> <has_cancer_metastasized_to_other_locations> <Yes> 1 1 1 1
<4205843> <has_cancer_metastasized_to_other_locations> <Yes> 1 1 1 1
<508194> <has_cancer_metastasized_to_other_locations> <Yes> 1 1 1 1
<3410584> <has_cancer_metastasized_to_other_locations> <Yes> 1 1 1 1
<5315222> <has_cancer_metastasized_to_other_locations> <Yes> 1 1 1 1
<508870> <has_cancer_metastasized_to_other_locations> <Yes> 0 0 0 0
<2107237> <has_cancer_metastasized_to_other_locations> <Yes> 1 1 1 1
