<2100832> <has_cancer_metastasized_to_liver> <Yes> 1 1 1 1
<6400587> <has_cancer_metastasized_to_liver> <Yes> 1 1 1 1
<15701649> <has_cancer_metastasized_to_liver> <Yes> 1 1 1 1
<5301423> <has_cancer_metastasized_to_liver> <Yes> 1 1 1 1
<5102903> <has_cancer_metastasized_to_liver> <Yes> 1 1 1 1
<14702394> <has_cancer_metastasized_to_liver> <Yes> 1 1 1 1
<14702384> <has_cancer_metastasized_to_liver> <Yes> 1 1 1 1
<3404807> <has_cancer_metastasized_to_liver> <Yes> 1 1 1 1
<14705097> <has_cancer_metastasized_to_liver> <Yes> 1 1 1 1
<906976> <has_cancer_metastasized_to_liver> <Yes> 1 1 1 1
<508066> <has_cancer_metastasized_to_liver> <Yes> 1 1 1 1
<4910703> <has_cancer_metastasized_to_liver> <Yes> 1 1 1 1
<410223> <has_cancer_metastasized_to_liver> <Yes> 1 1 1 1
<5510112> <has_cancer_metastasized_to_liver> <Yes> 1 1 1 1
<313032> <has_cancer_metastasized_to_liver> <Yes> 1 1 1 1
<211720> <has_cancer_metastasized_to_liver> <Yes> 1 1 1 1
<1213440> <has_cancer_metastasized_to_liver> <Yes> 1 1 1 1
<10612093> <has_cancer_metastasized_to_liver> <Yes> 1 1 1 1
<513121> <has_cancer_metastasized_to_liver> <Yes> 0 0 0 0
<413472> <has_cancer_metastasized_to_liver> <Yes> 0 0 0 0
<3812566> <has_cancer_metastasized_to_liver> <Yes> 1 1 1 1
<6312405> <has_cancer_metastasized_to_liver> <Yes> 1 1 1 1
<12915109> <has_cancer_metastasized_to_liver> <Yes> 1 1 1 1
<415404> <has_cancer_metastasized_to_liver> <Yes> 0 0 0 0
<516193> <has_cancer_metastasized_to_liver> <Yes> 1 1 1 1
<516754> <has_cancer_metastasized_to_liver> <Yes> 1 1 1 1
<2816809> <has_cancer_metastasized_to_liver> <Yes> 1 1 1 1
<3703504> <has_cancer_metastasized_to_liver> <Yes> 1 1 1 1
<5105589> <has_cancer_metastasized_to_liver> <Yes> 1 1 1 1
<9409216> <has_cancer_metastasized_to_liver> <Yes> 1 1 1 1
<2305369> <has_cancer_metastasized_to_liver> <Yes> 1 1 1 1
<514312> <has_cancer_metastasized_to_liver> <Yes> 1 1 1 1
<1314673> <has_cancer_metastasized_to_liver> <Yes> 0 0 0 0
<210125> <has_cancer_metastasized_to_liver> <Yes> 1 1 1 1
<4911019> <has_cancer_metastasized_to_liver> <Yes> 1 1 1 1
<5102740> <has_cancer_metastasized_to_liver> <Yes> 1 1 1 1
<2505024> <has_cancer_metastasized_to_liver> <Yes> 1 1 1 1
<1500611> <has_cancer_metastasized_to_liver> <Yes> 0 0 0 0
<12914382> <has_cancer_metastasized_to_liver> <Yes> 1 1 1 1
<9700557> <has_cancer_metastasized_to_liver> <Yes> 1 1 1 1
<10600617> <has_cancer_metastasized_to_liver> <Yes> 1 1 1 1
<501226> <has_cancer_metastasized_to_liver> <Yes> 1 1 1 1
<1301928> <has_cancer_metastasized_to_liver> <Yes> 1 1 1 1
<4602355> <has_cancer_metastasized_to_liver> <Yes> 1 1 1 1
<2803646> <has_cancer_metastasized_to_liver> <Yes> 0 0 0 0
<503089> <has_cancer_metastasized_to_liver> <Yes> 0 0 0 0
<903110> <has_cancer_metastasized_to_liver> <Yes> 1 1 1 1
<205413> <has_cancer_metastasized_to_liver> <Yes> 1 1 1 1
<1306515> <has_cancer_metastasized_to_liver> <Yes> 1 1 1 1
<5304878> <has_cancer_metastasized_to_liver> <Yes> 1 1 1 1
<5106075> <has_cancer_metastasized_to_liver> <Yes> 1 1 1 1
<1305920> <has_cancer_metastasized_to_liver> <Yes> 0 0 0 0
<2305899> <has_cancer_metastasized_to_liver> <Yes> 1 1 1 1
<2806036> <has_cancer_metastasized_to_liver> <Yes> 1 1 1 1
<906907> <has_cancer_metastasized_to_liver> <Yes> 1 1 1 1
<2307326> <has_cancer_metastasized_to_liver> <Yes> 1 1 1 1
<508189> <has_cancer_metastasized_to_liver> <Yes> 1 1 1 1
<2306769> <has_cancer_metastasized_to_liver> <Yes> 0 0 0 0
<3510752> <has_cancer_metastasized_to_liver> <Yes> 1 1 1 1
<1310063> <has_cancer_metastasized_to_liver> <Yes> 1 1 1 1
<4910569> <has_cancer_metastasized_to_liver> <Yes> 1 1 1 1
<109532> <has_cancer_metastasized_to_liver> <Yes> 0 0 0 0
<513200> <has_cancer_metastasized_to_liver> <Yes> 1 1 1 1
<212955> <has_cancer_metastasized_to_liver> <Yes> 0 0 0 0
<2914776> <has_cancer_metastasized_to_liver> <Yes> 1 1 1 1
<5315386> <has_cancer_metastasized_to_liver> <Yes> 1 1 1 1
<3314961> <has_cancer_metastasized_to_liver> <Yes> 0 0 0 0
<1314551> <has_cancer_metastasized_to_liver> <Yes> 1 1 1 1
<7214847> <has_cancer_metastasized_to_liver> <Yes> 1 1 1 1
<2100734> <has_cancer_metastasized_to_liver> <Yes> 1 1 1 1
<702320> <has_cancer_metastasized_to_liver> <Yes> 0 0 0 0
<3602144> <has_cancer_metastasized_to_liver> <Yes> 1 1 1 1
<1216547> <has_cancer_metastasized_to_liver> <Yes> 0 0 0 0
<5316161> <has_cancer_metastasized_to_liver> <Yes> 1 1 1 1
<5305801> <has_cancer_metastasized_to_liver> <Yes> 1 1 1 1
<5305803> <has_cancer_metastasized_to_liver> <Yes> 1 1 1 1
<1305690> <has_cancer_metastasized_to_liver> <Yes> 1 1 1 1
<2905791> <has_cancer_metastasized_to_liver> <Yes> 1 1 1 1
<5305980> <has_cancer_metastasized_to_liver> <Yes> 1 1 1 1
<5109252> <has_cancer_metastasized_to_liver> <Yes> 1 1 1 1
<2804520> <has_cancer_metastasized_to_liver> <Yes> 1 1 1 1
<503179> <has_cancer_metastasized_to_liver> <Yes> 1 1 1 1
<3405218> <has_cancer_metastasized_to_liver> <Yes> 1 1 1 1
<110721> <has_cancer_metastasized_to_liver> <Yes> 1 1 1 1
<2300042> <has_cancer_metastasized_to_liver> <Yes> 1 1 1 1
<12914286> <has_cancer_metastasized_to_liver> <Yes> 1 1 1 1
<514076> <has_cancer_metastasized_to_liver> <Yes> 1 1 1 1
<507741> <has_cancer_metastasized_to_liver> <Yes> 1 1 1 1
<508861> <has_cancer_metastasized_to_liver> <Yes> 1 1 1 1
<208572> <has_cancer_metastasized_to_liver> <Yes> 1 1 1 1
<205064> <has_cancer_metastasized_to_liver> <Yes> 1 1 1 1
<2101491> <has_cancer_metastasized_to_liver> <Yes> 1 1 1 1
