<6300215> <has_cancer_metastasized_to_pleural_nodules> <Yes> 1 1 1 1
<10600759> <has_cancer_metastasized_to_pleural_nodules> <Yes> 1 1 1 1
<301015> <has_cancer_metastasized_to_pleural_nodules> <Yes> 1 1 1 1
<1200842> <has_cancer_metastasized_to_pleural_nodules> <Yes> 1 1 1 1
<2902518> <has_cancer_metastasized_to_pleural_nodules> <Yes> 1 1 1 1
<7404349> <has_cancer_metastasized_to_pleural_nodules> <Yes> 0 0 0 0
<305040> <has_cancer_metastasized_to_pleural_nodules> <Yes> 0 0 0 0
<5304864> <has_cancer_metastasized_to_pleural_nodules> <Yes> 1 1 1 1
<1305603> <has_cancer_metastasized_to_pleural_nodules> <Yes> 1 1 1 1
<1305916> <has_cancer_metastasized_to_pleural_nodules> <Yes> 1 1 1 1
<1306515> <has_cancer_metastasized_to_pleural_nodules> <Yes> 1 1 1 1
<1306547> <has_cancer_metastasized_to_pleural_nodules> <Yes> 1 1 1 1
<5106243> <has_cancer_metastasized_to_pleural_nodules> <Yes> 1 1 1 1
<1305600> <has_cancer_metastasized_to_pleural_nodules> <Yes> 1 1 1 1
<14705779> <has_cancer_metastasized_to_pleural_nodules> <Yes> 1 1 1 1
<3306044> <has_cancer_metastasized_to_pleural_nodules> <Yes> 1 1 1 1
<5107354> <has_cancer_metastasized_to_pleural_nodules> <Yes> 1 1 1 1
<3408351> <has_cancer_metastasized_to_pleural_nodules> <Yes> 1 1 1 1
<9408690> <has_cancer_metastasized_to_pleural_nodules> <Yes> 1 1 1 1
<509004> <has_cancer_metastasized_to_pleural_nodules> <Yes> 0 0 0 0
<209992> <has_cancer_metastasized_to_pleural_nodules> <Yes> 0 0 0 0
<4910842> <has_cancer_metastasized_to_pleural_nodules> <Yes> 1 1 1 1
<112089> <has_cancer_metastasized_to_pleural_nodules> <Yes> 1 1 1 1
<9700573> <has_cancer_metastasized_to_pleural_nodules> <Yes> 1 1 1 1
<917123> <has_cancer_metastasized_to_pleural_nodules> <Yes> 1 1 1 1
<1504166> <has_cancer_metastasized_to_pleural_nodules> <Yes> 1 1 1 1
<10807132> <has_cancer_metastasized_to_pleural_nodules> <Yes> 1 1 1 1
<407453> <has_cancer_metastasized_to_pleural_nodules> <Yes> 1 1 1 1
<3505949> <has_cancer_metastasized_to_pleural_nodules> <Yes> 1 1 1 1
<2810617> <has_cancer_metastasized_to_pleural_nodules> <Yes> 1 1 1 1
<11911305> <has_cancer_metastasized_to_pleural_nodules> <Yes> 1 1 1 1
<5110538> <has_cancer_metastasized_to_pleural_nodules> <Yes> 1 1 1 1
<2100671> <has_cancer_metastasized_to_pleural_nodules> <Yes> 1 1 1 1
<4601114> <has_cancer_metastasized_to_pleural_nodules> <Yes> 1 1 1 1
<1305777> <has_cancer_metastasized_to_pleural_nodules> <Yes> 1 1 1 1
<1305789> <has_cancer_metastasized_to_pleural_nodules> <Yes> 1 1 1 1
<3508608> <has_cancer_metastasized_to_pleural_nodules> <Yes> 1 1 1 1
<3508879> <has_cancer_metastasized_to_pleural_nodules> <Yes> 1 1 1 1
<4911039> <has_cancer_metastasized_to_pleural_nodules> <Yes> 1 1 1 1
<110094> <has_cancer_metastasized_to_pleural_nodules> <Yes> 1 1 1 1
<513750> <has_cancer_metastasized_to_pleural_nodules> <Yes> 1 1 1 1
<5115483> <has_cancer_metastasized_to_pleural_nodules> <Yes> 1 1 1 1
<1315140> <has_cancer_metastasized_to_pleural_nodules> <Yes> 1 1 1 1
<5116144> <has_cancer_metastasized_to_pleural_nodules> <Yes> 1 1 1 1
<1200817> <has_cancer_metastasized_to_pleural_nodules> <Yes> 1 1 1 1
<101505> <has_cancer_metastasized_to_pleural_nodules> <Yes> 1 1 1 1
<1201124> <has_cancer_metastasized_to_pleural_nodules> <Yes> 1 1 1 1
<508450> <has_cancer_metastasized_to_pleural_nodules> <Yes> 1 1 1 1
<7404360> <has_cancer_metastasized_to_pleural_nodules> <Yes> 1 1 1 1
<416831> <has_cancer_metastasized_to_pleural_nodules> <Yes> 1 1 1 1
<409439> <has_cancer_metastasized_to_pleural_nodules> <Yes> 1 1 1 1
