<1300379> <has_cancer_metastasized_to_adrenal> <Yes> 1 1 1 1
<701761> <has_cancer_metastasized_to_adrenal> <Yes> 1 1 1 1
<3702910> <has_cancer_metastasized_to_adrenal> <Yes> 1 1 1 1
<503108> <has_cancer_metastasized_to_adrenal> <Yes> 0 0 0 0
<503915> <has_cancer_metastasized_to_adrenal> <Yes> 1 1 1 1
<5505491> <has_cancer_metastasized_to_adrenal> <Yes> 1 1 1 1
<2304630> <has_cancer_metastasized_to_adrenal> <Yes> 1 1 1 1
<11405657> <has_cancer_metastasized_to_adrenal> <Yes> 1 1 1 1
<7406483> <has_cancer_metastasized_to_adrenal> <Yes> 1 1 1 1
<2806014> <has_cancer_metastasized_to_adrenal> <Yes> 1 1 1 1
<3704714> <has_cancer_metastasized_to_adrenal> <Yes> 1 1 1 1
<1305545> <has_cancer_metastasized_to_adrenal> <Yes> 1 1 1 1
<1306334> <has_cancer_metastasized_to_adrenal> <Yes> 1 1 1 1
<5106925> <has_cancer_metastasized_to_adrenal> <Yes> 1 1 1 1
<507900> <has_cancer_metastasized_to_adrenal> <Yes> 1 1 1 1
<107788> <has_cancer_metastasized_to_adrenal> <Yes> 1 1 1 1
<507509> <has_cancer_metastasized_to_adrenal> <Yes> 1 1 1 1
<507559> <has_cancer_metastasized_to_adrenal> <Yes> 1 1 1 1
<2111532> <has_cancer_metastasized_to_adrenal> <Yes> 0 0 0 0
<508997> <has_cancer_metastasized_to_adrenal> <Yes> 1 1 1 1
<6312905> <has_cancer_metastasized_to_adrenal> <Yes> 1 1 1 1
<513366> <has_cancer_metastasized_to_adrenal> <Yes> 1 1 1 1
<5112958> <has_cancer_metastasized_to_adrenal> <Yes> 1 1 1 1
<2311679> <has_cancer_metastasized_to_adrenal> <Yes> 1 1 1 1
<514182> <has_cancer_metastasized_to_adrenal> <Yes> 1 1 1 1
<3315526> <has_cancer_metastasized_to_adrenal> <Yes> 1 1 1 1
<15714631> <has_cancer_metastasized_to_adrenal> <Yes> 0 0 0 0
<416444> <has_cancer_metastasized_to_adrenal> <Yes> 1 1 1 1
<6300140> <has_cancer_metastasized_to_adrenal> <Yes> 1 1 1 1
<7404246> <has_cancer_metastasized_to_adrenal> <Yes> 1 1 1 1
<3507806> <has_cancer_metastasized_to_adrenal> <Yes> 1 1 1 1
<1306030> <has_cancer_metastasized_to_adrenal> <Yes> 1 1 1 1
<207048> <has_cancer_metastasized_to_adrenal> <Yes> 1 1 1 1
<2810617> <has_cancer_metastasized_to_adrenal> <Yes> 1 1 1 1
<2300610> <has_cancer_metastasized_to_adrenal> <Yes> 1 1 1 1
<3509567> <has_cancer_metastasized_to_adrenal> <Yes> 1 1 1 1
<7717071> <has_cancer_metastasized_to_adrenal> <Yes> 1 1 1 1
<2101455> <has_cancer_metastasized_to_adrenal> <Yes> 1 1 1 1
<1300145> <has_cancer_metastasized_to_adrenal> <Yes> 1 1 1 1
<2900533> <has_cancer_metastasized_to_adrenal> <Yes> 1 1 1 1
<2100831> <has_cancer_metastasized_to_adrenal> <Yes> 1 1 1 1
<2100728> <has_cancer_metastasized_to_adrenal> <Yes> 1 1 1 1
<201864> <has_cancer_metastasized_to_adrenal> <Yes> 1 1 1 1
<2303893> <has_cancer_metastasized_to_adrenal> <Yes> 1 1 1 1
<3802503> <has_cancer_metastasized_to_adrenal> <Yes> 0 0 0 0
<1305772> <has_cancer_metastasized_to_adrenal> <Yes> 1 1 1 1
<6605839> <has_cancer_metastasized_to_adrenal> <Yes> 1 1 1 1
<1305597> <has_cancer_metastasized_to_adrenal> <Yes> 1 1 1 1
<1306515> <has_cancer_metastasized_to_adrenal> <Yes> 1 1 1 1
<5106753> <has_cancer_metastasized_to_adrenal> <Yes> 1 1 1 1
<9408833> <has_cancer_metastasized_to_adrenal> <Yes> 0 0 0 0
<3006821> <has_cancer_metastasized_to_adrenal> <Yes> 1 1 1 1
<409399> <has_cancer_metastasized_to_adrenal> <Yes> 1 1 1 1
<409407> <has_cancer_metastasized_to_adrenal> <Yes> 1 1 1 1
<10610945> <has_cancer_metastasized_to_adrenal> <Yes> 0 0 0 0
<111014> <has_cancer_metastasized_to_adrenal> <Yes> 0 0 0 0
<5110401> <has_cancer_metastasized_to_adrenal> <Yes> 1 1 1 1
<9911651> <has_cancer_metastasized_to_adrenal> <Yes> 1 1 1 1
<5312262> <has_cancer_metastasized_to_adrenal> <Yes> 1 1 1 1
<513080> <has_cancer_metastasized_to_adrenal> <Yes> 1 1 1 1
<5314872> <has_cancer_metastasized_to_adrenal> <Yes> 0 0 0 0
<5315946> <has_cancer_metastasized_to_adrenal> <Yes> 1 1 1 1
<5316294> <has_cancer_metastasized_to_adrenal> <Yes> 1 1 1 1
<5516087> <has_cancer_metastasized_to_adrenal> <Yes> 1 1 1 1
<916997> <has_cancer_metastasized_to_adrenal> <Yes> 1 1 1 1
<2107236> <has_cancer_metastasized_to_adrenal> <Yes> 1 1 1 1
<5104329> <has_cancer_metastasized_to_adrenal> <Yes> 1 1 1 1
<11405909> <has_cancer_metastasized_to_adrenal> <Yes> 1 1 1 1
<503936> <has_cancer_metastasized_to_adrenal> <Yes> 1 1 1 1
<15715007> <has_cancer_metastasized_to_adrenal> <Yes> 1 1 1 1
<109837> <has_cancer_metastasized_to_adrenal> <Yes> 1 1 1 1
<3702950> <has_cancer_metastasized_to_adrenal> <Yes> 1 1 1 1
<517078> <has_cancer_metastasized_to_adrenal> <Yes> 1 1 1 1
