<15710139> <hasBio> <ROS1> 0 0 0 0
<15714620> <hasBio> <ROS1> 0 0 0 0
<415196> <hasBio> <EGFR> 0 0 0 0
<501313> <hasBio> <EGFR> 0 0 0 0
<516262> <hasBio> <EGFR> 0 0 0 0
<5304691> <hasBio> <EGFR> 0 0 0 0
<5815097> <hasBio> <EGFR> 0 0 0 0
<6316918> <hasBio> <EGFR> 0 0 0 0
<10612187> <hasBio> <PDL1> 0 0 0 0
<111893> <hasBio> <PDL1> 0 0 0 0
<209683> <hasBio> <EGFR> 0 0 0 0
<5105185> <hasBio> <EGFR> 0 0 0 0
<2810604> <hasBio> <EGFR> 0 0 0 0
<508241> <hasBio> <EGFR> 0 0 0 0
<11912345> <hasBio> <PDL1> 0 0 0 0
<1214689> <hasBio> <PDL1> 0 0 0 0
<1216547> <hasBio> <PDL1> 0 0 0 0
<1300381> <hasBio> <EGFR> 0 0 0 0
<508127> <hasBio> <EGFR> 0 0 0 0
<1306711> <hasBio> <EGFR> 0 0 0 0
<2312455> <hasBio> <EGFR> 0 0 0 0
<6304715> <hasBio> <EGFR> 0 0 0 0
<15717546> <hasBio> <EGFR> 0 0 0 0
<12913866> <hasBio> <EGFR> 0 0 0 0
<1310245> <hasBio> <EGFR> 0 0 0 0
<14702160> <hasBio> <EGFR> 0 0 0 0
<5311779> <hasBio> <EGFR> 0 0 0 0
<2300006> <hasBio> <EGFR> 0 0 0 0
<2808316> <hasBio> <ROS1> 0 0 0 0
<1302561> <hasBio> <PDL1> 0 0 0 0
<1305525> <hasBio> <PDL1> 0 0 0 0
<1305546> <hasBio> <PDL1> 0 0 0 0
<1312861> <hasBio> <PDL1> 0 0 0 0
<1514644> <hasBio> <PDL1> 0 0 0 0
<1514712> <hasBio> <PDL1> 0 0 0 0
<15706833> <hasBio> <PDL1> 0 0 0 0
<15710145> <hasBio> <PDL1> 0 0 0 0
<2100928> <hasBio> <PDL1> 0 0 0 0
<2312799> <hasBio> <EGFR> 0 0 0 0
<3302341> <hasBio> <EGFR> 0 0 0 0
<1500912> <hasBio> <EGFR> 0 0 0 0
<12913753> <hasBio> <PDL1> 0 0 0 0
<5106742> <hasBio> <EGFR> 0 0 0 0
<16000085> <hasBio> <EGFR> 0 0 0 0
<9910475> <hasBio> <EGFR> 0 0 0 0
<11312416> <hasBio> <PDL1> 0 0 0 0
<213233> <hasBio> <PDL1> 0 0 0 0
<2813154> <hasBio> <PDL1> 0 0 0 0
<2816462> <hasBio> <PDL1> 0 0 0 0
<301381> <hasBio> <PDL1> 0 0 0 0
<3514522> <hasBio> <PDL1> 0 0 0 0
<5106369> <hasBio> <PDL1> 0 0 0 0
<15717533> <hasBio> <PDL1> 0 0 0 0
<2911845> <hasBio> <PDL1> 0 0 0 0
<1315103> <hasBio> <PDL1> 0 0 0 0
<5305147> <hasBio> <PDL1> 0 0 0 0
<5315970> <hasBio> <PDL1> 0 0 0 0
<901902> <hasBio> <PDL1> 0 0 0 0
<907200> <hasBio> <PDL1> 0 0 0 0
<9416371> <hasBio> <PDL1> 0 0 0 0
<9711718> <hasBio> <PDL1> 0 0 0 0
<9912935> <hasBio> <PDL1> 0 0 0 0
<212843> <hasBio> <KRAS> 0 0 0 0
<10803941> <hasBio> <ALK> 0 0 0 0
<507290> <hasBio> <ALK> 0 0 0 0
<5109126> <hasBio> <ALK> 0 0 0 0
<514040> <hasBio> <PDL1> 0 0 0 0
<516339> <hasBio> <PDL1> 0 0 0 0
<5501486> <hasBio> <PDL1> 0 0 0 0
<9704610> <hasBio> <PDL1> 0 0 0 0
<9709939> <hasBio> <PDL1> 0 0 0 0
<201567> <hasBio> <KRAS> 0 0 0 0
<215278> <hasBio> <KRAS> 0 0 0 0
<1508749> <hasBio> <ALK> 0 0 0 0
<507357> <hasBio> <ALK> 0 0 0 0
<507655> <hasBio> <ALK> 0 0 0 0
<6304711> <hasBio> <PDL1> 0 0 0 0
<6315359> <hasBio> <PDL1> 0 0 0 0
<9708929> <hasBio> <PDL1> 0 0 0 0
<7406603> <hasBio> <PDL1> 0 0 0 0
<909749> <hasBio> <PDL1> 0 0 0 0
<201839> <hasBio> <KRAS> 0 0 0 0
<2112829> <hasBio> <PDL1> 0 0 0 0
<417302> <hasBio> <PDL1> 0 0 0 0
<4604098> <hasBio> <PDL1> 0 0 0 0
<5110840> <hasBio> <PDL1> 0 0 0 0
<4600804> <hasBio> <PDL1> 0 0 0 0
<5315772> <hasBio> <PDL1> 0 0 0 0
<6305104> <hasBio> <PDL1> 0 0 0 0
<7012946> <hasBio> <PDL1> 0 0 0 0
<701738> <hasBio> <ALK> 0 0 0 0
<514337> <hasBio> <PDL1> 0 0 0 0
<916816> <hasBio> <PDL1> 0 0 0 0
<1514033> <hasBio> <PDL1> 0 0 0 0
<1315174> <hasBio> <PDL1> 0 0 0 0
<417133> <hasBio> <PDL1> 0 0 0 0
<7000636> <hasBio> <PDL1> 0 0 0 0
<516712> <hasBio> <PDL1> 0 0 0 0
<4312718> <hasBio> <PDL1> 0 0 0 0
<1315678> <hasBio> <PDL1> 0 0 0 0
<413766> <hasBio> <PDL1> 0 0 0 0
<2406698> <hasBio> <KRAS> 0 0 0 0
<3413978> <hasBio> <PDL1> 0 0 0 0
<1216082> <hasBio> <PDL1> 0 0 0 0
<6611284> <hasBio> <PDL1> 0 0 0 0
<217020> <hasBio> <PDL1> 0 0 0 0
<2917304> <hasBio> <PDL1> 0 0 0 0
<1516212> <hasBio> <PDL1> 0 0 0 0
<4616336> <hasBio> <KRAS> 0 0 0 0
<409514> <hasBio> <PDL1> 0 0 0 0
<2808731> <hasBio> <PDL1> 0 0 0 0
<1506933> <hasBio> <PDL1> 0 0 0 0
<410185> <hasBio> <PDL1> 0 0 0 0
<1508577> <hasBio> <ALK> 0 0 0 0
<9914891> <hasBio> <PDL1> 0 0 0 0
<5314980> <hasBio> <ALK> 0 0 0 0
<416967> <hasBio> <PDL1> 0 0 0 0
<417315> <hasBio> <PDL1> 0 0 0 0
<12915780> <hasBio> <PDL1> 0 0 0 0
<4600168> <hasBio> <KRAS> 0 0 0 0
<4604108> <hasBio> <KRAS> 0 0 0 0
<1314629> <hasBio> <PDL1> 0 0 0 0
<311479> <hasBio> <BRAF> 0 0 0 0
<4614857> <hasBio> <KRAS> 0 0 0 0
<210389> <hasBio> <PDL1> 0 0 0 0
<3508607> <hasBio> <ROS1> 0 0 0 0
<1514618> <hasBio> <PDL1> 0 0 0 0
<9415328> <hasBio> <PDL1> 0 0 0 0
<512412> <hasBio> <ALK> 0 0 0 0
<214156> <hasBio> <PDL1> 0 0 0 0
<416031> <hasBio> <PDL1> 0 0 0 0
<9714390> <hasBio> <PDL1> 0 0 0 0
<2307993> <hasBio> <PDL1> 0 0 0 0
<710431> <hasBio> <PDL1> 0 0 0 0
<7105409> <hasBio> <PDL1> 0 0 0 0
<5109297> <hasBio> <PDL1> 0 0 0 0
<9414249> <hasBio> <PDL1> 0 0 0 0
<3405533> <hasBio> <PDL1> 0 0 0 0
<15709464> <hasBio> <ALK> 0 0 0 0
<5503883> <hasBio> <PDL1> 0 0 0 0
<1509911> <hasBio> <PDL1> 0 0 0 0
<416937> <hasBio> <KRAS> 0 0 0 0
<1216763> <hasBio> <ROS1> 0 0 0 0
<103216> <hasBio> <EGFR> 0 0 0 0
<12915272> <hasBio> <EGFR> 0 0 0 0
<1302282> <hasBio> <EGFR> 0 0 0 0
<1315080> <hasBio> <EGFR> 0 0 0 0
<202344> <hasBio> <EGFR> 0 0 0 0
<2305282> <hasBio> <EGFR> 0 0 0 0
<2406569> <hasBio> <EGFR> 0 0 0 0
<2815302> <hasBio> <EGFR> 0 0 0 0
<916896> <hasBio> <EGFR> 0 0 0 0
<101511> <hasBio> <PDL1> 0 0 0 0
<10615934> <hasBio> <PDL1> 0 0 0 0
<313010> <hasBio> <EGFR> 0 0 0 0
<508273> <hasBio> <EGFR> 0 0 0 0
<507897> <hasBio> <EGFR> 0 0 0 0
<512616> <hasBio> <EGFR> 0 0 0 0
<5511321> <hasBio> <EGFR> 0 0 0 0
<1304639> <hasBio> <EGFR> 0 0 0 0
<309769> <hasBio> <EGFR> 0 0 0 0
<3703672> <hasBio> <EGFR> 0 0 0 0
<5106286> <hasBio> <EGFR> 0 0 0 0
<109759> <hasBio> <PDL1> 0 0 0 0
<906918> <hasBio> <EGFR> 0 0 0 0
<9910163> <hasBio> <EGFR> 0 0 0 0
<2101418> <hasBio> <EGFR> 0 0 0 0
<1302286> <hasBio> <EGFR> 0 0 0 0
<2806180> <hasBio> <EGFR> 0 0 0 0
<15700571> <hasBio> <EGFR> 0 0 0 0
<204221> <hasBio> <EGFR> 0 0 0 0
<307041> <hasBio> <EGFR> 0 0 0 0
<3405598> <hasBio> <EGFR> 0 0 0 0
<10817079> <hasBio> <PDL1> 0 0 0 0
<9711312> <hasBio> <EGFR> 0 0 0 0
<4601113> <hasBio> <EGFR> 0 0 0 0
<702557> <hasBio> <EGFR> 0 0 0 0
<5104001> <hasBio> <EGFR> 0 0 0 0
<12914504> <hasBio> <PDL1> 0 0 0 0
<1300492> <hasBio> <PDL1> 0 0 0 0
<1301609> <hasBio> <PDL1> 0 0 0 0
<1309959> <hasBio> <PDL1> 0 0 0 0
<1516738> <hasBio> <PDL1> 0 0 0 0
<15702837> <hasBio> <PDL1> 0 0 0 0
<15714642> <hasBio> <PDL1> 0 0 0 0
<206692> <hasBio> <PDL1> 0 0 0 0
<2112872> <hasBio> <PDL1> 0 0 0 0
<212420> <hasBio> <PDL1> 0 0 0 0
<2513051> <hasBio> <PDL1> 0 0 0 0
<2810909> <hasBio> <PDL1> 0 0 0 0
<2909437> <hasBio> <PDL1> 0 0 0 0
<3408803> <hasBio> <PDL1> 0 0 0 0
<3509505> <hasBio> <PDL1> 0 0 0 0
<3509516> <hasBio> <PDL1> 0 0 0 0
<3709392> <hasBio> <PDL1> 0 0 0 0
<3710087> <hasBio> <PDL1> 0 0 0 0
<409806> <hasBio> <PDL1> 0 0 0 0
<417570> <hasBio> <PDL1> 0 0 0 0
<1507844> <hasBio> <PDL1> 0 0 0 0
<2107239> <hasBio> <PDL1> 0 0 0 0
<2303749> <hasBio> <PDL1> 0 0 0 0
<2811004> <hasBio> <PDL1> 0 0 0 0
<308644> <hasBio> <PDL1> 0 0 0 0
<2807022> <hasBio> <PDL1> 0 0 0 0
<1314911> <hasBio> <PDL1> 0 0 0 0
<5309454> <hasBio> <PDL1> 0 0 0 0
<6315360> <hasBio> <PDL1> 0 0 0 0
<708586> <hasBio> <PDL1> 0 0 0 0
<900564> <hasBio> <PDL1> 0 0 0 0
<906909> <hasBio> <PDL1> 0 0 0 0
<9913147> <hasBio> <PDL1> 0 0 0 0
<3412533> <hasBio> <BRAF> 0 0 0 0
<4605942> <hasBio> <KRAS> 0 0 0 0
<4613026> <hasBio> <KRAS> 0 0 0 0
<7000288> <hasBio> <BRAF> 0 0 0 0
<507264> <hasBio> <ALK> 0 0 0 0
<6900828> <hasBio> <ALK> 0 0 0 0
<917117> <hasBio> <PDL1> 0 0 0 0
<9414088> <hasBio> <PDL1> 0 0 0 0
<9713406> <hasBio> <PDL1> 0 0 0 0
<909681> <hasBio> <BRAF> 0 0 0 0
<11915626> <hasBio> <PDL1> 0 0 0 0
<1213645> <hasBio> <PDL1> 0 0 0 0
<15709809> <hasBio> <PDL1> 0 0 0 0
<207225> <hasBio> <PDL1> 0 0 0 0
<2814418> <hasBio> <PDL1> 0 0 0 0
<3514419> <hasBio> <PDL1> 0 0 0 0
<4604106> <hasBio> <PDL1> 0 0 0 0
<5107283> <hasBio> <PDL1> 0 0 0 0
<5109126> <hasBio> <PDL1> 0 0 0 0
<311423> <hasBio> <PDL1> 0 0 0 0
<311882> <hasBio> <PDL1> 0 0 0 0
<2406839> <hasBio> <KRAS> 0 0 0 0
<703741> <hasBio> <KRAS> 0 0 0 0
<9710042> <hasBio> <PDL1> 0 0 0 0
<6311504> <hasBio> <PDL1> 0 0 0 0
<5314027> <hasBio> <PDL1> 0 0 0 0
<6315491> <hasBio> <EGFR> 0 0 0 0
<1507246> <hasBio> <PDL1> 0 0 0 0
<308010> <hasBio> <PDL1> 0 0 0 0
<1316047> <hasBio> <PDL1> 0 0 0 0
<2109199> <hasBio> <PDL1> 0 0 0 0
<2807331> <hasBio> <PDL1> 0 0 0 0
<4608612> <hasBio> <PDL1> 0 0 0 0
<516822> <hasBio> <PDL1> 0 0 0 0
<2811959> <hasBio> <MET> 0 0 0 0
<11312249> <hasBio> <PDL1> 0 0 0 0
<304081> <hasBio> <PDL1> 0 0 0 0
<304778> <hasBio> <PDL1> 0 0 0 0
<15717534> <hasBio> <PDL1> 0 0 0 0
<2715744> <hasBio> <PDL1> 0 0 0 0
<916930> <hasBio> <PDL1> 0 0 0 0
<210100> <hasBio> <ALK> 0 0 0 0
<301176> <hasBio> <ALK> 0 0 0 0
<6605729> <hasBio> <KRAS> 0 0 0 0
<507291> <hasBio> <ALK> 0 0 0 0
<7216040> <hasBio> <PDL1> 0 0 0 0
<1314606> <hasBio> <PDL1> 0 0 0 0
<2312755> <hasBio> <PDL1> 0 0 0 0
<2910970> <hasBio> <ALK> 0 0 0 0
