<101873> <has_cancer_metastasized_to_extrathoracic_lymphadenopaties> <Yes> 1 1 1 1
<503060> <has_cancer_metastasized_to_extrathoracic_lymphadenopaties> <Yes> 1 1 1 1
<503949> <has_cancer_metastasized_to_extrathoracic_lymphadenopaties> <Yes> 1 1 1 1
<7404357> <has_cancer_metastasized_to_extrathoracic_lymphadenopaties> <Yes> 1 1 1 1
<14603600> <has_cancer_metastasized_to_extrathoracic_lymphadenopaties> <Yes> 1 1 1 1
<204282> <has_cancer_metastasized_to_extrathoracic_lymphadenopaties> <Yes> 1 1 1 1
<204917> <has_cancer_metastasized_to_extrathoracic_lymphadenopaties> <Yes> 1 1 1 1
<3505953> <has_cancer_metastasized_to_extrathoracic_lymphadenopaties> <Yes> 1 1 1 1
<5106925> <has_cancer_metastasized_to_extrathoracic_lymphadenopaties> <Yes> 1 1 1 1
<2806963> <has_cancer_metastasized_to_extrathoracic_lymphadenopaties> <Yes> 1 1 1 1
<207369> <has_cancer_metastasized_to_extrathoracic_lymphadenopaties> <Yes> 1 1 1 1
<6010372> <has_cancer_metastasized_to_extrathoracic_lymphadenopaties> <Yes> 1 1 1 1
<9410210> <has_cancer_metastasized_to_extrathoracic_lymphadenopaties> <Yes> 1 1 1 1
<2808876> <has_cancer_metastasized_to_extrathoracic_lymphadenopaties> <Yes> 1 1 1 1
<210026> <has_cancer_metastasized_to_extrathoracic_lymphadenopaties> <Yes> 1 1 1 1
<513374> <has_cancer_metastasized_to_extrathoracic_lymphadenopaties> <Yes> 1 1 1 1
<15714639> <has_cancer_metastasized_to_extrathoracic_lymphadenopaties> <Yes> 1 1 1 1
<416756> <has_cancer_metastasized_to_extrathoracic_lymphadenopaties> <Yes> 1 1 1 1
<1500905> <has_cancer_metastasized_to_extrathoracic_lymphadenopaties> <Yes> 1 1 1 1
<205064> <has_cancer_metastasized_to_extrathoracic_lymphadenopaties> <Yes> 1 1 1 1
<507562> <has_cancer_metastasized_to_extrathoracic_lymphadenopaties> <Yes> 1 1 1 1
<508266> <has_cancer_metastasized_to_extrathoracic_lymphadenopaties> <Yes> 1 1 1 1
<503940> <has_cancer_metastasized_to_extrathoracic_lymphadenopaties> <Yes> 1 1 1 1
<211797> <has_cancer_metastasized_to_extrathoracic_lymphadenopaties> <Yes> 1 1 1 1
<516337> <has_cancer_metastasized_to_extrathoracic_lymphadenopaties> <Yes> 1 1 1 1
<208052> <has_cancer_metastasized_to_extrathoracic_lymphadenopaties> <Yes> 1 1 1 1
<5104313> <has_cancer_metastasized_to_extrathoracic_lymphadenopaties> <Yes> 1 1 1 1
<204053> <has_cancer_metastasized_to_extrathoracic_lymphadenopaties> <Yes> 1 1 1 1
<2300610> <has_cancer_metastasized_to_extrathoracic_lymphadenopaties> <Yes> 1 1 1 1
<1501034> <has_cancer_metastasized_to_extrathoracic_lymphadenopaties> <Yes> 1 1 1 1
<1202332> <has_cancer_metastasized_to_extrathoracic_lymphadenopaties> <Yes> 1 1 1 1
<2801977> <has_cancer_metastasized_to_extrathoracic_lymphadenopaties> <Yes> 1 1 1 1
<11405815> <has_cancer_metastasized_to_extrathoracic_lymphadenopaties> <Yes> 1 1 1 1
<2304742> <has_cancer_metastasized_to_extrathoracic_lymphadenopaties> <Yes> 1 1 1 1
<508049> <has_cancer_metastasized_to_extrathoracic_lymphadenopaties> <Yes> 1 1 1 1
<1305851> <has_cancer_metastasized_to_extrathoracic_lymphadenopaties> <Yes> 1 1 1 1
<204740> <has_cancer_metastasized_to_extrathoracic_lymphadenopaties> <Yes> 1 1 1 1
<507613> <has_cancer_metastasized_to_extrathoracic_lymphadenopaties> <Yes> 1 1 1 1
<1310119> <has_cancer_metastasized_to_extrathoracic_lymphadenopaties> <Yes> 1 1 1 1
<2811573> <has_cancer_metastasized_to_extrathoracic_lymphadenopaties> <Yes> 1 1 1 1
<2312402> <has_cancer_metastasized_to_extrathoracic_lymphadenopaties> <Yes> 1 1 1 1
<111272> <has_cancer_metastasized_to_extrathoracic_lymphadenopaties> <Yes> 1 1 1 1
<513348> <has_cancer_metastasized_to_extrathoracic_lymphadenopaties> <Yes> 1 1 1 1
<311825> <has_cancer_metastasized_to_extrathoracic_lymphadenopaties> <Yes> 1 1 1 1
<1314717> <has_cancer_metastasized_to_extrathoracic_lymphadenopaties> <Yes> 1 1 1 1
<12915492> <has_cancer_metastasized_to_extrathoracic_lymphadenopaties> <Yes> 1 1 1 1
<514157> <has_cancer_metastasized_to_extrathoracic_lymphadenopaties> <Yes> 1 1 1 1
<2101418> <has_cancer_metastasized_to_extrathoracic_lymphadenopaties> <Yes> 1 1 1 1
<5506993> <has_cancer_metastasized_to_extrathoracic_lymphadenopaties> <Yes> 1 1 1 1
<2305195> <has_cancer_metastasized_to_extrathoracic_lymphadenopaties> <Yes> 1 1 1 1
<207436> <has_cancer_metastasized_to_extrathoracic_lymphadenopaties> <Yes> 1 1 1 1
<5111266> <has_cancer_metastasized_to_extrathoracic_lymphadenopaties> <Yes> 1 1 1 1
<416451> <has_cancer_metastasized_to_extrathoracic_lymphadenopaties> <Yes> 1 1 1 1
<409591> <has_cancer_metastasized_to_extrathoracic_lymphadenopaties> <Yes> 1 1 1 1
<6307125> <has_cancer_metastasized_to_extrathoracic_lymphadenopaties> <Yes> 1 1 1 1
