<102365> <hasCurrentCancerType> <patient_with_Non_small_cell_lung_cancer> 0 0 0 0
<10601211> <hasCurrentCancerType> <patient_with_Non_small_cell_lung_cancer> 0 0 0 0
<10612179> <hasCurrentCancerType> <patient_with_Non_small_cell_lung_cancer> 0 0 0 0
<108007> <hasCurrentCancerType> <patient_with_Non_small_cell_lung_cancer> 0 0 0 0
<10810457> <hasCurrentCancerType> <patient_with_Non_small_cell_lung_cancer> 0 0 0 0
<104379> <hasCurrentCancerType> <patient_with_Non_small_cell_lung_cancer> 0 0 0 0
<10805583> <hasCurrentCancerType> <patient_with_Non_small_cell_lung_cancer> 0 0 0 0
<10807132> <hasCurrentCancerType> <patient_with_Non_small_cell_lung_cancer> 0 0 0 0
<102874> <hasCurrentCancerType> <patient_with_Non_small_cell_lung_cancer> 0 0 0 0
<101828> <hasCurrentCancerType> <patient_with_Non_small_cell_lung_cancer> 0 0 0 0
<108069> <hasCurrentCancerType> <Small_cell_lung_cancer> 0 0 0 0
<107951> <hasCurrentCancerType> <patient_with_Non_small_cell_lung_cancer> 0 0 0 0
<10802688> <hasCurrentCancerType> <Small_cell_lung_cancer> 0 0 0 0
<10810555> <hasCurrentCancerType> <patient_with_Non_small_cell_lung_cancer> 0 0 0 0
<108201> <hasCurrentCancerType> <patient_with_Non_small_cell_lung_cancer> 0 0 0 0
<108322> <hasCurrentCancerType> <patient_with_Non_small_cell_lung_cancer> 0 0 0 0
<110111> <hasCurrentCancerType> <patient_with_Non_small_cell_lung_cancer> 0 0 0 0
<11312359> <hasCurrentCancerType> <patient_with_Non_small_cell_lung_cancer> 0 0 0 0
<11313698> <hasCurrentCancerType> <patient_with_Non_small_cell_lung_cancer> 0 0 0 0
<11312376> <hasCurrentCancerType> <patient_with_Non_small_cell_lung_cancer> 0 0 0 0
<11314148> <hasCurrentCancerType> <Mesothelioma> 0 0 0 0
<11405908> <hasCurrentCancerType> <patient_with_Non_small_cell_lung_cancer> 0 0 0 0
<1200518> <hasCurrentCancerType> <Small_cell_lung_cancer> 0 0 0 0
<1202332> <hasCurrentCancerType> <patient_with_Non_small_cell_lung_cancer> 0 0 0 0
<1204240> <hasCurrentCancerType> <Small_cell_lung_cancer> 0 0 0 0
<111322> <hasCurrentCancerType> <patient_with_Non_small_cell_lung_cancer> 0 0 0 0
<11312557> <hasCurrentCancerType> <Carcinoid_tumor> 0 0 0 0
<109263> <hasCurrentCancerType> <patient_with_Non_small_cell_lung_cancer> 0 0 0 0
<109781> <hasCurrentCancerType> <patient_with_Non_small_cell_lung_cancer> 0 0 0 0
<1200843> <hasCurrentCancerType> <patient_with_Non_small_cell_lung_cancer> 0 0 0 0
<1214873> <hasCurrentCancerType> <Small_cell_lung_cancer> 0 0 0 0
<109171> <hasCurrentCancerType> <patient_with_Non_small_cell_lung_cancer> 0 0 0 0
<11405982> <hasCurrentCancerType> <patient_with_Non_small_cell_lung_cancer> 0 0 0 0
<111992> <hasCurrentCancerType> <Small_cell_lung_cancer> 0 0 0 0
<116543> <hasCurrentCancerType> <patient_with_Non_small_cell_lung_cancer> 0 0 0 0
<112032> <hasCurrentCancerType> <patient_with_Non_small_cell_lung_cancer> 0 0 0 0
<112495> <hasCurrentCancerType> <patient_with_Non_small_cell_lung_cancer> 0 0 0 0
<111383> <hasCurrentCancerType> <patient_with_Non_small_cell_lung_cancer> 0 0 0 0
<109266> <hasCurrentCancerType> <patient_with_Non_small_cell_lung_cancer> 0 0 0 0
<11317082> <hasCurrentCancerType> <patient_with_Non_small_cell_lung_cancer> 0 0 0 0
<10816785> <hasCurrentCancerType> <patient_with_Non_small_cell_lung_cancer> 0 0 0 0
<109386> <hasCurrentCancerType> <patient_with_Non_small_cell_lung_cancer> 0 0 0 0
<1200938> <hasCurrentCancerType> <patient_with_Non_small_cell_lung_cancer> 0 0 0 0
<109927> <hasCurrentCancerType> <patient_with_Non_small_cell_lung_cancer> 0 0 0 0
<1300443> <hasCurrentCancerType> <patient_with_Non_small_cell_lung_cancer> 0 0 0 0
<1300794> <hasCurrentCancerType> <patient_with_Non_small_cell_lung_cancer> 0 0 0 0
<1300389> <hasCurrentCancerType> <patient_with_Non_small_cell_lung_cancer> 0 0 0 0
<1306547> <hasCurrentCancerType> <patient_with_Non_small_cell_lung_cancer> 0 0 0 0
<1311297> <hasCurrentCancerType> <Small_cell_lung_cancer> 0 0 0 0
<1200078> <hasCurrentCancerType> <patient_with_Non_small_cell_lung_cancer> 0 0 0 0
<1300419> <hasCurrentCancerType> <patient_with_Non_small_cell_lung_cancer> 0 0 0 0
<1306704> <hasCurrentCancerType> <patient_with_Non_small_cell_lung_cancer> 0 0 0 0
<1213171> <hasCurrentCancerType> <patient_with_Non_small_cell_lung_cancer> 0 0 0 0
<1300852> <hasCurrentCancerType> <patient_with_Non_small_cell_lung_cancer> 0 0 0 0
<1306596> <hasCurrentCancerType> <patient_with_Non_small_cell_lung_cancer> 0 0 0 0
<12914268> <hasCurrentCancerType> <patient_with_Non_small_cell_lung_cancer> 0 0 0 0
<12915115> <hasCurrentCancerType> <patient_with_Non_small_cell_lung_cancer> 0 0 0 0
<1305771> <hasCurrentCancerType> <patient_with_Non_small_cell_lung_cancer> 0 0 0 0
<1310343> <hasCurrentCancerType> <patient_with_Non_small_cell_lung_cancer> 0 0 0 0
<1305851> <hasCurrentCancerType> <patient_with_Non_small_cell_lung_cancer> 0 0 0 0
<1314705> <hasCurrentCancerType> <patient_with_Non_small_cell_lung_cancer> 0 0 0 0
<1315801> <hasCurrentCancerType> <patient_with_Non_small_cell_lung_cancer> 0 0 0 0
<1316043> <hasCurrentCancerType> <patient_with_Non_small_cell_lung_cancer> 0 0 0 0
<14705093> <hasCurrentCancerType> <Small_cell_lung_cancer> 0 0 0 0
<14705926> <hasCurrentCancerType> <patient_with_Non_small_cell_lung_cancer> 0 0 0 0
<1500611> <hasCurrentCancerType> <patient_with_Non_small_cell_lung_cancer> 0 0 0 0
<1512988> <hasCurrentCancerType> <Small_cell_lung_cancer> 0 0 0 0
<15700491> <hasCurrentCancerType> <patient_with_Non_small_cell_lung_cancer> 0 0 0 0
<1315388> <hasCurrentCancerType> <patient_with_Non_small_cell_lung_cancer> 0 0 0 0
<1504579> <hasCurrentCancerType> <patient_with_Non_small_cell_lung_cancer> 0 0 0 0
<1510108> <hasCurrentCancerType> <patient_with_Non_small_cell_lung_cancer> 0 0 0 0
<1514006> <hasCurrentCancerType> <patient_with_Non_small_cell_lung_cancer> 0 0 0 0
<14702918> <hasCurrentCancerType> <patient_with_Non_small_cell_lung_cancer> 0 0 0 0
<1314065> <hasCurrentCancerType> <patient_with_Non_small_cell_lung_cancer> 0 0 0 0
<1315419> <hasCurrentCancerType> <Small_cell_lung_cancer> 0 0 0 0
<1315436> <hasCurrentCancerType> <patient_with_Non_small_cell_lung_cancer> 0 0 0 0
<1505302> <hasCurrentCancerType> <patient_with_Non_small_cell_lung_cancer> 0 0 0 0
<1511127> <hasCurrentCancerType> <patient_with_Non_small_cell_lung_cancer> 0 0 0 0
<1505978> <hasCurrentCancerType> <patient_with_Non_small_cell_lung_cancer> 0 0 0 0
<1511145> <hasCurrentCancerType> <patient_with_Non_small_cell_lung_cancer> 0 0 0 0
<1315152> <hasCurrentCancerType> <patient_with_Non_small_cell_lung_cancer> 0 0 0 0
<14706953> <hasCurrentCancerType> <Small_cell_lung_cancer> 0 0 0 0
<15701755> <hasCurrentCancerType> <patient_with_Non_small_cell_lung_cancer> 0 0 0 0
<1505368> <hasCurrentCancerType> <patient_with_Non_small_cell_lung_cancer> 0 0 0 0
<1507380> <hasCurrentCancerType> <patient_with_Non_small_cell_lung_cancer> 0 0 0 0
<1516966> <hasCurrentCancerType> <patient_with_Non_small_cell_lung_cancer> 0 0 0 0
<1511109> <hasCurrentCancerType> <patient_with_Non_small_cell_lung_cancer> 0 0 0 0
<15707831> <hasCurrentCancerType> <Small_cell_lung_cancer> 0 0 0 0
<15717543> <hasCurrentCancerType> <Small_cell_lung_cancer> 0 0 0 0
<18015740> <hasCurrentCancerType> <patient_with_Non_small_cell_lung_cancer> 0 0 0 0
<200556> <hasCurrentCancerType> <patient_with_Non_small_cell_lung_cancer> 0 0 0 0
<202108> <hasCurrentCancerType> <patient_with_Non_small_cell_lung_cancer> 0 0 0 0
<15717535> <hasCurrentCancerType> <patient_with_Non_small_cell_lung_cancer> 0 0 0 0
<203367> <hasCurrentCancerType> <patient_with_Non_small_cell_lung_cancer> 0 0 0 0
<203602> <hasCurrentCancerType> <patient_with_Non_small_cell_lung_cancer> 0 0 0 0
<204928> <hasCurrentCancerType> <patient_with_Non_small_cell_lung_cancer> 0 0 0 0
<205114> <hasCurrentCancerType> <patient_with_Non_small_cell_lung_cancer> 0 0 0 0
<205412> <hasCurrentCancerType> <patient_with_Non_small_cell_lung_cancer> 0 0 0 0
<206263> <hasCurrentCancerType> <patient_with_Non_small_cell_lung_cancer> 0 0 0 0
<201603> <hasCurrentCancerType> <patient_with_Non_small_cell_lung_cancer> 0 0 0 0
<15703638> <hasCurrentCancerType> <Small_cell_lung_cancer> 0 0 0 0
<15709793> <hasCurrentCancerType> <Small_cell_lung_cancer> 0 0 0 0
<202451> <hasCurrentCancerType> <patient_with_Non_small_cell_lung_cancer> 0 0 0 0
<202666> <hasCurrentCancerType> <patient_with_Non_small_cell_lung_cancer> 0 0 0 0
<202236> <hasCurrentCancerType> <patient_with_Non_small_cell_lung_cancer> 0 0 0 0
<1514222> <hasCurrentCancerType> <patient_with_Non_small_cell_lung_cancer> 0 0 0 0
<15706384> <hasCurrentCancerType> <patient_with_Non_small_cell_lung_cancer> 0 0 0 0
<202307> <hasCurrentCancerType> <Mesothelioma> 0 0 0 0
<206169> <hasCurrentCancerType> <patient_with_Non_small_cell_lung_cancer> 0 0 0 0
<201563> <hasCurrentCancerType> <patient_with_Non_small_cell_lung_cancer> 0 0 0 0
<202091> <hasCurrentCancerType> <patient_with_Non_small_cell_lung_cancer> 0 0 0 0
<15707823> <hasCurrentCancerType> <patient_with_Non_small_cell_lung_cancer> 0 0 0 0
<201843> <hasCurrentCancerType> <patient_with_Non_small_cell_lung_cancer> 0 0 0 0
<202283> <hasCurrentCancerType> <patient_with_Non_small_cell_lung_cancer> 0 0 0 0
<202263> <hasCurrentCancerType> <patient_with_Non_small_cell_lung_cancer> 0 0 0 0
<202106> <hasCurrentCancerType> <patient_with_Non_small_cell_lung_cancer> 0 0 0 0
<202229> <hasCurrentCancerType> <patient_with_Non_small_cell_lung_cancer> 0 0 0 0
<206693> <hasCurrentCancerType> <patient_with_Non_small_cell_lung_cancer> 0 0 0 0
<201643> <hasCurrentCancerType> <Epithelial_thumic_tumor> 0 0 0 0
<1804184> <hasCurrentCancerType> <patient_with_Non_small_cell_lung_cancer> 0 0 0 0
<201542> <hasCurrentCancerType> <Mesothelioma> 0 0 0 0
<207279> <hasCurrentCancerType> <Small_cell_lung_cancer> 0 0 0 0
<208579> <hasCurrentCancerType> <patient_with_Non_small_cell_lung_cancer> 0 0 0 0
<209490> <hasCurrentCancerType> <Small_cell_lung_cancer> 0 0 0 0
<2103019> <hasCurrentCancerType> <patient_with_Non_small_cell_lung_cancer> 0 0 0 0
<207230> <hasCurrentCancerType> <patient_with_Non_small_cell_lung_cancer> 0 0 0 0
<2300004> <hasCurrentCancerType> <Carcinoid_tumor> 0 0 0 0
<207956> <hasCurrentCancerType> <patient_with_Non_small_cell_lung_cancer> 0 0 0 0
<211254> <hasCurrentCancerType> <Carcinoid_tumor> 0 0 0 0
<211536> <hasCurrentCancerType> <patient_with_Non_small_cell_lung_cancer> 0 0 0 0
<214917> <hasCurrentCancerType> <patient_with_Non_small_cell_lung_cancer> 0 0 0 0
<204156> <hasCurrentCancerType> <Small_cell_lung_cancer> 0 0 0 0
<204538> <hasCurrentCancerType> <patient_with_Non_small_cell_lung_cancer> 0 0 0 0
<2100951> <hasCurrentCancerType> <patient_with_Non_small_cell_lung_cancer> 0 0 0 0
<202608> <hasCurrentCancerType> <Small_cell_lung_cancer> 0 0 0 0
<212088> <hasCurrentCancerType> <Small_cell_lung_cancer> 0 0 0 0
<2300549> <hasCurrentCancerType> <patient_with_Non_small_cell_lung_cancer> 0 0 0 0
<209945> <hasCurrentCancerType> <patient_with_Non_small_cell_lung_cancer> 0 0 0 0
<2100738> <hasCurrentCancerType> <patient_with_Non_small_cell_lung_cancer> 0 0 0 0
<212669> <hasCurrentCancerType> <patient_with_Non_small_cell_lung_cancer> 0 0 0 0
<2305179> <hasCurrentCancerType> <patient_with_Non_small_cell_lung_cancer> 0 0 0 0
<2310591> <hasCurrentCancerType> <patient_with_Non_small_cell_lung_cancer> 0 0 0 0
<2302550> <hasCurrentCancerType> <patient_with_Non_small_cell_lung_cancer> 0 0 0 0
<2304406> <hasCurrentCancerType> <patient_with_Non_small_cell_lung_cancer> 0 0 0 0
<2507353> <hasCurrentCancerType> <patient_with_Non_small_cell_lung_cancer> 0 0 0 0
<2808898> <hasCurrentCancerType> <patient_with_Non_small_cell_lung_cancer> 0 0 0 0
<2312761> <hasCurrentCancerType> <patient_with_Non_small_cell_lung_cancer> 0 0 0 0
<2805149> <hasCurrentCancerType> <patient_with_Non_small_cell_lung_cancer> 0 0 0 0
<2807349> <hasCurrentCancerType> <patient_with_Non_small_cell_lung_cancer> 0 0 0 0
<2804386> <hasCurrentCancerType> <patient_with_Non_small_cell_lung_cancer> 0 0 0 0
<2306175> <hasCurrentCancerType> <Small_cell_lung_cancer> 0 0 0 0
<2304577> <hasCurrentCancerType> <patient_with_Non_small_cell_lung_cancer> 0 0 0 0
<2300150> <hasCurrentCancerType> <patient_with_Non_small_cell_lung_cancer> 0 0 0 0
<2305364> <hasCurrentCancerType> <patient_with_Non_small_cell_lung_cancer> 0 0 0 0
<2312589> <hasCurrentCancerType> <patient_with_Non_small_cell_lung_cancer> 0 0 0 0
<2302750> <hasCurrentCancerType> <patient_with_Non_small_cell_lung_cancer> 0 0 0 0
<2813118> <hasCurrentCancerType> <Small_cell_lung_cancer> 0 0 0 0
<2903723> <hasCurrentCancerType> <patient_with_Non_small_cell_lung_cancer> 0 0 0 0
<2903690> <hasCurrentCancerType> <patient_with_Non_small_cell_lung_cancer> 0 0 0 0
<2811002> <hasCurrentCancerType> <Small_cell_lung_cancer> 0 0 0 0
<300854> <hasCurrentCancerType> <patient_with_Non_small_cell_lung_cancer> 0 0 0 0
<300857> <hasCurrentCancerType> <patient_with_Non_small_cell_lung_cancer> 0 0 0 0
<303487> <hasCurrentCancerType> <patient_with_Non_small_cell_lung_cancer> 0 0 0 0
<2805178> <hasCurrentCancerType> <patient_with_Non_small_cell_lung_cancer> 0 0 0 0
<2903131> <hasCurrentCancerType> <patient_with_Non_small_cell_lung_cancer> 0 0 0 0
<3006380> <hasCurrentCancerType> <patient_with_Non_small_cell_lung_cancer> 0 0 0 0
<3012661> <hasCurrentCancerType> <patient_with_Non_small_cell_lung_cancer> 0 0 0 0
<300344> <hasCurrentCancerType> <patient_with_Non_small_cell_lung_cancer> 0 0 0 0
<3007569> <hasCurrentCancerType> <Small_cell_lung_cancer> 0 0 0 0
<3005763> <hasCurrentCancerType> <patient_with_Non_small_cell_lung_cancer> 0 0 0 0
<2513350> <hasCurrentCancerType> <patient_with_Non_small_cell_lung_cancer> 0 0 0 0
<2816843> <hasCurrentCancerType> <patient_with_Non_small_cell_lung_cancer> 0 0 0 0
<302891> <hasCurrentCancerType> <patient_with_Non_small_cell_lung_cancer> 0 0 0 0
<2917316> <hasCurrentCancerType> <Small_cell_lung_cancer> 0 0 0 0
<3017257> <hasCurrentCancerType> <patient_with_Non_small_cell_lung_cancer> 0 0 0 0
<300319> <hasCurrentCancerType> <Small_cell_lung_cancer> 0 0 0 0
<2810365> <hasCurrentCancerType> <patient_with_Non_small_cell_lung_cancer> 0 0 0 0
<2917486> <hasCurrentCancerType> <patient_with_Non_small_cell_lung_cancer> 0 0 0 0
<301135> <hasCurrentCancerType> <patient_with_Non_small_cell_lung_cancer> 0 0 0 0
<301181> <hasCurrentCancerType> <patient_with_Non_small_cell_lung_cancer> 0 0 0 0
<1006660> <hasCurrentCancerType> <patient_with_Non_small_cell_lung_cancer> 0 0 0 0
<102859> <hasCurrentCancerType> <patient_with_Non_small_cell_lung_cancer> 0 0 0 0
<103588> <hasCurrentCancerType> <patient_with_Non_small_cell_lung_cancer> 0 0 0 0
<10600739> <hasCurrentCancerType> <patient_with_Non_small_cell_lung_cancer> 0 0 0 0
<10610717> <hasCurrentCancerType> <patient_with_Non_small_cell_lung_cancer> 0 0 0 0
<10612015> <hasCurrentCancerType> <patient_with_Non_small_cell_lung_cancer> 0 0 0 0
<10612184> <hasCurrentCancerType> <patient_with_Non_small_cell_lung_cancer> 0 0 0 0
<108003> <hasCurrentCancerType> <patient_with_Non_small_cell_lung_cancer> 0 0 0 0
<10612199> <hasCurrentCancerType> <patient_with_Non_small_cell_lung_cancer> 0 0 0 0
<100391> <hasCurrentCancerType> <patient_with_Non_small_cell_lung_cancer> 0 0 0 0
<10612122> <hasCurrentCancerType> <Small_cell_lung_cancer> 0 0 0 0
<10613948> <hasCurrentCancerType> <Small_cell_lung_cancer> 0 0 0 0
<10801083> <hasCurrentCancerType> <patient_with_Non_small_cell_lung_cancer> 0 0 0 0
<1007344> <hasCurrentCancerType> <patient_with_Non_small_cell_lung_cancer> 0 0 0 0
<108282> <hasCurrentCancerType> <patient_with_Non_small_cell_lung_cancer> 0 0 0 0
<107661> <hasCurrentCancerType> <patient_with_Non_small_cell_lung_cancer> 0 0 0 0
<1006640> <hasCurrentCancerType> <patient_with_Non_small_cell_lung_cancer> 0 0 0 0
<102080> <hasCurrentCancerType> <patient_with_Non_small_cell_lung_cancer> 0 0 0 0
<111280> <hasCurrentCancerType> <patient_with_Non_small_cell_lung_cancer> 0 0 0 0
<11312252> <hasCurrentCancerType> <Small_cell_lung_cancer> 0 0 0 0
<11312358> <hasCurrentCancerType> <patient_with_Non_small_cell_lung_cancer> 0 0 0 0
<11314150> <hasCurrentCancerType> <patient_with_Non_small_cell_lung_cancer> 0 0 0 0
<11912148> <hasCurrentCancerType> <patient_with_Non_small_cell_lung_cancer> 0 0 0 0
<1216563> <hasCurrentCancerType> <patient_with_Non_small_cell_lung_cancer> 0 0 0 0
<1200522> <hasCurrentCancerType> <patient_with_Non_small_cell_lung_cancer> 0 0 0 0
<12914279> <hasCurrentCancerType> <patient_with_Non_small_cell_lung_cancer> 0 0 0 0
<112113> <hasCurrentCancerType> <patient_with_Non_small_cell_lung_cancer> 0 0 0 0
<109282> <hasCurrentCancerType> <patient_with_Non_small_cell_lung_cancer> 0 0 0 0
<1200724> <hasCurrentCancerType> <patient_with_Non_small_cell_lung_cancer> 0 0 0 0
<1214801> <hasCurrentCancerType> <patient_with_Non_small_cell_lung_cancer> 0 0 0 0
<11312256> <hasCurrentCancerType> <Other> 0 0 0 0
<109466> <hasCurrentCancerType> <patient_with_Non_small_cell_lung_cancer> 0 0 0 0
<12913753> <hasCurrentCancerType> <patient_with_Non_small_cell_lung_cancer> 0 0 0 0
<110683> <hasCurrentCancerType> <patient_with_Non_small_cell_lung_cancer> 0 0 0 0
<111384> <hasCurrentCancerType> <patient_with_Non_small_cell_lung_cancer> 0 0 0 0
<11312639> <hasCurrentCancerType> <patient_with_Non_small_cell_lung_cancer> 0 0 0 0
<1200827> <hasCurrentCancerType> <patient_with_Non_small_cell_lung_cancer> 0 0 0 0
<111415> <hasCurrentCancerType> <patient_with_Non_small_cell_lung_cancer> 0 0 0 0
<11311919> <hasCurrentCancerType> <patient_with_Non_small_cell_lung_cancer> 0 0 0 0
<1300753> <hasCurrentCancerType> <patient_with_Non_small_cell_lung_cancer> 0 0 0 0
<1300899> <hasCurrentCancerType> <patient_with_Non_small_cell_lung_cancer> 0 0 0 0
<1301571> <hasCurrentCancerType> <patient_with_Non_small_cell_lung_cancer> 0 0 0 0
<1302025> <hasCurrentCancerType> <patient_with_Non_small_cell_lung_cancer> 0 0 0 0
<1302254> <hasCurrentCancerType> <patient_with_Non_small_cell_lung_cancer> 0 0 0 0
<1303309> <hasCurrentCancerType> <patient_with_Non_small_cell_lung_cancer> 0 0 0 0
<12914270> <hasCurrentCancerType> <patient_with_Non_small_cell_lung_cancer> 0 0 0 0
<1300743> <hasCurrentCancerType> <patient_with_Non_small_cell_lung_cancer> 0 0 0 0
<1306544> <hasCurrentCancerType> <patient_with_Non_small_cell_lung_cancer> 0 0 0 0
<1310581> <hasCurrentCancerType> <patient_with_Non_small_cell_lung_cancer> 0 0 0 0
<1312658> <hasCurrentCancerType> <patient_with_Non_small_cell_lung_cancer> 0 0 0 0
<1301997> <hasCurrentCancerType> <patient_with_Non_small_cell_lung_cancer> 0 0 0 0
<1313629> <hasCurrentCancerType> <patient_with_Non_small_cell_lung_cancer> 0 0 0 0
<1314748> <hasCurrentCancerType> <patient_with_Non_small_cell_lung_cancer> 0 0 0 0
<110053> <hasCurrentCancerType> <patient_with_Non_small_cell_lung_cancer> 0 0 0 0
<1302286> <hasCurrentCancerType> <patient_with_Non_small_cell_lung_cancer> 0 0 0 0
<12914233> <hasCurrentCancerType> <patient_with_Non_small_cell_lung_cancer> 0 0 0 0
<1306317> <hasCurrentCancerType> <patient_with_Non_small_cell_lung_cancer> 0 0 0 0
<1302562> <hasCurrentCancerType> <patient_with_Non_small_cell_lung_cancer> 0 0 0 0
<1310519> <hasCurrentCancerType> <patient_with_Non_small_cell_lung_cancer> 0 0 0 0
<1305680> <hasCurrentCancerType> <patient_with_Non_small_cell_lung_cancer> 0 0 0 0
<1305604> <hasCurrentCancerType> <patient_with_Non_small_cell_lung_cancer> 0 0 0 0
<12914855> <hasCurrentCancerType> <patient_with_Non_small_cell_lung_cancer> 0 0 0 0
<1306143> <hasCurrentCancerType> <patient_with_Non_small_cell_lung_cancer> 0 0 0 0
<1315158> <hasCurrentCancerType> <patient_with_Non_small_cell_lung_cancer> 0 0 0 0
<1315390> <hasCurrentCancerType> <patient_with_Non_small_cell_lung_cancer> 0 0 0 0
<1501041> <hasCurrentCancerType> <Small_cell_lung_cancer> 0 0 0 0
<1315039> <hasCurrentCancerType> <patient_with_Non_small_cell_lung_cancer> 0 0 0 0
<1315173> <hasCurrentCancerType> <patient_with_Non_small_cell_lung_cancer> 0 0 0 0
<14702821> <hasCurrentCancerType> <patient_with_Non_small_cell_lung_cancer> 0 0 0 0
<1315593> <hasCurrentCancerType> <patient_with_Non_small_cell_lung_cancer> 0 0 0 0
<1505966> <hasCurrentCancerType> <patient_with_Non_small_cell_lung_cancer> 0 0 0 0
<1509412> <hasCurrentCancerType> <Small_cell_lung_cancer> 0 0 0 0
<1509503> <hasCurrentCancerType> <patient_with_Non_small_cell_lung_cancer> 0 0 0 0
<1511093> <hasCurrentCancerType> <patient_with_Non_small_cell_lung_cancer> 0 0 0 0
<1511168> <hasCurrentCancerType> <patient_with_Non_small_cell_lung_cancer> 0 0 0 0
<15700265> <hasCurrentCancerType> <patient_with_Non_small_cell_lung_cancer> 0 0 0 0
<1315619> <hasCurrentCancerType> <Small_cell_lung_cancer> 0 0 0 0
<1500964> <hasCurrentCancerType> <patient_with_Non_small_cell_lung_cancer> 0 0 0 0
<1315490> <hasCurrentCancerType> <patient_with_Non_small_cell_lung_cancer> 0 0 0 0
<1315151> <hasCurrentCancerType> <patient_with_Non_small_cell_lung_cancer> 0 0 0 0
<1510275> <hasCurrentCancerType> <patient_with_Non_small_cell_lung_cancer> 0 0 0 0
<1315682> <hasCurrentCancerType> <patient_with_Non_small_cell_lung_cancer> 0 0 0 0
<15706838> <hasCurrentCancerType> <patient_with_Non_small_cell_lung_cancer> 0 0 0 0
<1315146> <hasCurrentCancerType> <patient_with_Non_small_cell_lung_cancer> 0 0 0 0
<1511172> <hasCurrentCancerType> <Small_cell_lung_cancer> 0 0 0 0
<1306215> <hasCurrentCancerType> <patient_with_Non_small_cell_lung_cancer> 0 0 0 0
<1306210> <hasCurrentCancerType> <patient_with_Non_small_cell_lung_cancer> 0 0 0 0
<1512936> <hasCurrentCancerType> <patient_with_Non_small_cell_lung_cancer> 0 0 0 0
<1514483> <hasCurrentCancerType> <Small_cell_lung_cancer> 0 0 0 0
<1315084> <hasCurrentCancerType> <patient_with_Non_small_cell_lung_cancer> 0 0 0 0
<15700574> <hasCurrentCancerType> <patient_with_Non_small_cell_lung_cancer> 0 0 0 0
<1504873> <hasCurrentCancerType> <patient_with_Non_small_cell_lung_cancer> 0 0 0 0
<1314787> <hasCurrentCancerType> <patient_with_Non_small_cell_lung_cancer> 0 0 0 0
<15700302> <hasCurrentCancerType> <patient_with_Non_small_cell_lung_cancer> 0 0 0 0
<15714588> <hasCurrentCancerType> <patient_with_Non_small_cell_lung_cancer> 0 0 0 0
<15714656> <hasCurrentCancerType> <Small_cell_lung_cancer> 0 0 0 0
<203495> <hasCurrentCancerType> <patient_with_Non_small_cell_lung_cancer> 0 0 0 0
<203549> <hasCurrentCancerType> <patient_with_Non_small_cell_lung_cancer> 0 0 0 0
<203624> <hasCurrentCancerType> <Small_cell_lung_cancer> 0 0 0 0
<205540> <hasCurrentCancerType> <patient_with_Non_small_cell_lung_cancer> 0 0 0 0
<207746> <hasCurrentCancerType> <patient_with_Non_small_cell_lung_cancer> 0 0 0 0
<209130> <hasCurrentCancerType> <Small_cell_lung_cancer> 0 0 0 0
<203346> <hasCurrentCancerType> <patient_with_Non_small_cell_lung_cancer> 0 0 0 0
<205584> <hasCurrentCancerType> <Small_cell_lung_cancer> 0 0 0 0
<15703029> <hasCurrentCancerType> <patient_with_Non_small_cell_lung_cancer> 0 0 0 0
<203199> <hasCurrentCancerType> <patient_with_Non_small_cell_lung_cancer> 0 0 0 0
<206172> <hasCurrentCancerType> <patient_with_Non_small_cell_lung_cancer> 0 0 0 0
<205358> <hasCurrentCancerType> <patient_with_Non_small_cell_lung_cancer> 0 0 0 0
<15714653> <hasCurrentCancerType> <Small_cell_lung_cancer> 0 0 0 0
<205658> <hasCurrentCancerType> <patient_with_Non_small_cell_lung_cancer> 0 0 0 0
<15706425> <hasCurrentCancerType> <patient_with_Non_small_cell_lung_cancer> 0 0 0 0
<201702> <hasCurrentCancerType> <patient_with_Non_small_cell_lung_cancer> 0 0 0 0
<210125> <hasCurrentCancerType> <patient_with_Non_small_cell_lung_cancer> 0 0 0 0
<2101881> <hasCurrentCancerType> <patient_with_Non_small_cell_lung_cancer> 0 0 0 0
<2115765> <hasCurrentCancerType> <patient_with_Non_small_cell_lung_cancer> 0 0 0 0
<2300035> <hasCurrentCancerType> <patient_with_Non_small_cell_lung_cancer> 0 0 0 0
<2112872> <hasCurrentCancerType> <patient_with_Non_small_cell_lung_cancer> 0 0 0 0
<212508> <hasCurrentCancerType> <Small_cell_lung_cancer> 0 0 0 0
<2115663> <hasCurrentCancerType> <patient_with_Non_small_cell_lung_cancer> 0 0 0 0
<2114407> <hasCurrentCancerType> <patient_with_Non_small_cell_lung_cancer> 0 0 0 0
<2302929> <hasCurrentCancerType> <patient_with_Non_small_cell_lung_cancer> 0 0 0 0
<2302972> <hasCurrentCancerType> <patient_with_Non_small_cell_lung_cancer> 0 0 0 0
<209571> <hasCurrentCancerType> <patient_with_Non_small_cell_lung_cancer> 0 0 0 0
<209696> <hasCurrentCancerType> <patient_with_Non_small_cell_lung_cancer> 0 0 0 0
<208047> <hasCurrentCancerType> <patient_with_Non_small_cell_lung_cancer> 0 0 0 0
<2100838> <hasCurrentCancerType> <patient_with_Non_small_cell_lung_cancer> 0 0 0 0
<210178> <hasCurrentCancerType> <patient_with_Non_small_cell_lung_cancer> 0 0 0 0
<2106675> <hasCurrentCancerType> <patient_with_Non_small_cell_lung_cancer> 0 0 0 0
<217020> <hasCurrentCancerType> <patient_with_Non_small_cell_lung_cancer> 0 0 0 0
<209682> <hasCurrentCancerType> <patient_with_Non_small_cell_lung_cancer> 0 0 0 0
<210264> <hasCurrentCancerType> <patient_with_Non_small_cell_lung_cancer> 0 0 0 0
<212022> <hasCurrentCancerType> <patient_with_Non_small_cell_lung_cancer> 0 0 0 0
<2109201> <hasCurrentCancerType> <patient_with_Non_small_cell_lung_cancer> 0 0 0 0
<2112194> <hasCurrentCancerType> <patient_with_Non_small_cell_lung_cancer> 0 0 0 0
<212906> <hasCurrentCancerType> <patient_with_Non_small_cell_lung_cancer> 0 0 0 0
<2300020> <hasCurrentCancerType> <patient_with_Non_small_cell_lung_cancer> 0 0 0 0
<2101169> <hasCurrentCancerType> <patient_with_Non_small_cell_lung_cancer> 0 0 0 0
<2110958> <hasCurrentCancerType> <patient_with_Non_small_cell_lung_cancer> 0 0 0 0
<211519> <hasCurrentCancerType> <patient_with_Non_small_cell_lung_cancer> 0 0 0 0
<2305119> <hasCurrentCancerType> <patient_with_Non_small_cell_lung_cancer> 0 0 0 0
<2305282> <hasCurrentCancerType> <patient_with_Non_small_cell_lung_cancer> 0 0 0 0
<2303383> <hasCurrentCancerType> <patient_with_Non_small_cell_lung_cancer> 0 0 0 0
<2405798> <hasCurrentCancerType> <patient_with_Non_small_cell_lung_cancer> 0 0 0 0
<2805216> <hasCurrentCancerType> <patient_with_Non_small_cell_lung_cancer> 0 0 0 0
<2806046> <hasCurrentCancerType> <patient_with_Non_small_cell_lung_cancer> 0 0 0 0
<2808831> <hasCurrentCancerType> <patient_with_Non_small_cell_lung_cancer> 0 0 0 0
<2408592> <hasCurrentCancerType> <patient_with_Non_small_cell_lung_cancer> 0 0 0 0
<2801913> <hasCurrentCancerType> <Other> 0 0 0 0
<2810616> <hasCurrentCancerType> <patient_with_Non_small_cell_lung_cancer> 0 0 0 0
<2308773> <hasCurrentCancerType> <patient_with_Non_small_cell_lung_cancer> 0 0 0 0
<2312050> <hasCurrentCancerType> <patient_with_Non_small_cell_lung_cancer> 0 0 0 0
<2803740> <hasCurrentCancerType> <patient_with_Non_small_cell_lung_cancer> 0 0 0 0
<2805211> <hasCurrentCancerType> <patient_with_Non_small_cell_lung_cancer> 0 0 0 0
<2311995> <hasCurrentCancerType> <Small_cell_lung_cancer> 0 0 0 0
<2505024> <hasCurrentCancerType> <patient_with_Non_small_cell_lung_cancer> 0 0 0 0
<2808750> <hasCurrentCancerType> <patient_with_Non_small_cell_lung_cancer> 0 0 0 0
<2715044> <hasCurrentCancerType> <patient_with_Non_small_cell_lung_cancer> 0 0 0 0
<2309802> <hasCurrentCancerType> <patient_with_Non_small_cell_lung_cancer> 0 0 0 0
<2812934> <hasCurrentCancerType> <patient_with_Non_small_cell_lung_cancer> 0 0 0 0
<2903963> <hasCurrentCancerType> <patient_with_Non_small_cell_lung_cancer> 0 0 0 0
<2911877> <hasCurrentCancerType> <patient_with_Non_small_cell_lung_cancer> 0 0 0 0
<3008359> <hasCurrentCancerType> <patient_with_Non_small_cell_lung_cancer> 0 0 0 0
<301362> <hasCurrentCancerType> <Mesothelioma> 0 0 0 0
<301381> <hasCurrentCancerType> <patient_with_Non_small_cell_lung_cancer> 0 0 0 0
<301446> <hasCurrentCancerType> <patient_with_Non_small_cell_lung_cancer> 0 0 0 0
<301970> <hasCurrentCancerType> <Small_cell_lung_cancer> 0 0 0 0
<303676> <hasCurrentCancerType> <patient_with_Non_small_cell_lung_cancer> 0 0 0 0
<3016701> <hasCurrentCancerType> <patient_with_Non_small_cell_lung_cancer> 0 0 0 0
<2910826> <hasCurrentCancerType> <patient_with_Non_small_cell_lung_cancer> 0 0 0 0
<2903730> <hasCurrentCancerType> <patient_with_Non_small_cell_lung_cancer> 0 0 0 0
<2903685> <hasCurrentCancerType> <patient_with_Non_small_cell_lung_cancer> 0 0 0 0
<2906761> <hasCurrentCancerType> <patient_with_Non_small_cell_lung_cancer> 0 0 0 0
<2916077> <hasCurrentCancerType> <patient_with_Non_small_cell_lung_cancer> 0 0 0 0
<3006288> <hasCurrentCancerType> <patient_with_Non_small_cell_lung_cancer> 0 0 0 0
<2917465> <hasCurrentCancerType> <patient_with_Non_small_cell_lung_cancer> 0 0 0 0
<2815304> <hasCurrentCancerType> <patient_with_Non_small_cell_lung_cancer> 0 0 0 0
<2806066> <hasCurrentCancerType> <patient_with_Non_small_cell_lung_cancer> 0 0 0 0
<300788> <hasCurrentCancerType> <patient_with_Non_small_cell_lung_cancer> 0 0 0 0
<2917345> <hasCurrentCancerType> <Small_cell_lung_cancer> 0 0 0 0
<2813548> <hasCurrentCancerType> <patient_with_Non_small_cell_lung_cancer> 0 0 0 0
<301175> <hasCurrentCancerType> <patient_with_Non_small_cell_lung_cancer> 0 0 0 0
<3012686> <hasCurrentCancerType> <patient_with_Non_small_cell_lung_cancer> 0 0 0 0
<2813131> <hasCurrentCancerType> <patient_with_Non_small_cell_lung_cancer> 0 0 0 0
<302305> <hasCurrentCancerType> <patient_with_Non_small_cell_lung_cancer> 0 0 0 0
<300256> <hasCurrentCancerType> <Small_cell_lung_cancer> 0 0 0 0
<304513> <hasCurrentCancerType> <patient_with_Non_small_cell_lung_cancer> 0 0 0 0
<305357> <hasCurrentCancerType> <patient_with_Non_small_cell_lung_cancer> 0 0 0 0
<307592> <hasCurrentCancerType> <Mesothelioma> 0 0 0 0
<317445> <hasCurrentCancerType> <patient_with_Non_small_cell_lung_cancer> 0 0 0 0
<3307189> <hasCurrentCancerType> <patient_with_Non_small_cell_lung_cancer> 0 0 0 0
<3307193> <hasCurrentCancerType> <patient_with_Non_small_cell_lung_cancer> 0 0 0 0
<3314953> <hasCurrentCancerType> <Small_cell_lung_cancer> 0 0 0 0
<3316704> <hasCurrentCancerType> <patient_with_Non_small_cell_lung_cancer> 0 0 0 0
<3404466> <hasCurrentCancerType> <patient_with_Non_small_cell_lung_cancer> 0 0 0 0
<3411275> <hasCurrentCancerType> <patient_with_Non_small_cell_lung_cancer> 0 0 0 0
<3508626> <hasCurrentCancerType> <patient_with_Non_small_cell_lung_cancer> 0 0 0 0
<308644> <hasCurrentCancerType> <patient_with_Non_small_cell_lung_cancer> 0 0 0 0
<3317491> <hasCurrentCancerType> <patient_with_Non_small_cell_lung_cancer> 0 0 0 0
<3407987> <hasCurrentCancerType> <Small_cell_lung_cancer> 0 0 0 0
<3505870> <hasCurrentCancerType> <patient_with_Non_small_cell_lung_cancer> 0 0 0 0
<3508935> <hasCurrentCancerType> <patient_with_Non_small_cell_lung_cancer> 0 0 0 0
<3510678> <hasCurrentCancerType> <Mesothelioma> 0 0 0 0
<3703774> <hasCurrentCancerType> <Small_cell_lung_cancer> 0 0 0 0
<3410357> <hasCurrentCancerType> <patient_with_Non_small_cell_lung_cancer> 0 0 0 0
<3405323> <hasCurrentCancerType> <patient_with_Non_small_cell_lung_cancer> 0 0 0 0
<3602434> <hasCurrentCancerType> <patient_with_Non_small_cell_lung_cancer> 0 0 0 0
<407401> <hasCurrentCancerType> <patient_with_Non_small_cell_lung_cancer> 0 0 0 0
<407632> <hasCurrentCancerType> <patient_with_Non_small_cell_lung_cancer> 0 0 0 0
<409343> <hasCurrentCancerType> <patient_with_Non_small_cell_lung_cancer> 0 0 0 0
<3812575> <hasCurrentCancerType> <patient_with_Non_small_cell_lung_cancer> 0 0 0 0
<3703610> <hasCurrentCancerType> <patient_with_Non_small_cell_lung_cancer> 0 0 0 0
<3905710> <hasCurrentCancerType> <patient_with_Non_small_cell_lung_cancer> 0 0 0 0
<409429> <hasCurrentCancerType> <patient_with_Non_small_cell_lung_cancer> 0 0 0 0
<409479> <hasCurrentCancerType> <patient_with_Non_small_cell_lung_cancer> 0 0 0 0
<409866> <hasCurrentCancerType> <patient_with_Non_small_cell_lung_cancer> 0 0 0 0
<413471> <hasCurrentCancerType> <Small_cell_lung_cancer> 0 0 0 0
<413873> <hasCurrentCancerType> <patient_with_Non_small_cell_lung_cancer> 0 0 0 0
<415183> <hasCurrentCancerType> <patient_with_Non_small_cell_lung_cancer> 0 0 0 0
<415727> <hasCurrentCancerType> <patient_with_Non_small_cell_lung_cancer> 0 0 0 0
<3702764> <hasCurrentCancerType> <patient_with_Non_small_cell_lung_cancer> 0 0 0 0
<3707142> <hasCurrentCancerType> <patient_with_Non_small_cell_lung_cancer> 0 0 0 0
<409206> <hasCurrentCancerType> <patient_with_Non_small_cell_lung_cancer> 0 0 0 0
<409455> <hasCurrentCancerType> <patient_with_Non_small_cell_lung_cancer> 0 0 0 0
<413004> <hasCurrentCancerType> <patient_with_Non_small_cell_lung_cancer> 0 0 0 0
<413117> <hasCurrentCancerType> <patient_with_Non_small_cell_lung_cancer> 0 0 0 0
<409797> <hasCurrentCancerType> <patient_with_Non_small_cell_lung_cancer> 0 0 0 0
<415983> <hasCurrentCancerType> <patient_with_Non_small_cell_lung_cancer> 0 0 0 0
<416632> <hasCurrentCancerType> <Small_cell_lung_cancer> 0 0 0 0
<417072> <hasCurrentCancerType> <patient_with_Non_small_cell_lung_cancer> 0 0 0 0
<417267> <hasCurrentCancerType> <Small_cell_lung_cancer> 0 0 0 0
<409920> <hasCurrentCancerType> <patient_with_Non_small_cell_lung_cancer> 0 0 0 0
<3708912> <hasCurrentCancerType> <Small_cell_lung_cancer> 0 0 0 0
<417506> <hasCurrentCancerType> <patient_with_Non_small_cell_lung_cancer> 0 0 0 0
<4605942> <hasCurrentCancerType> <patient_with_Non_small_cell_lung_cancer> 0 0 0 0
<4608615> <hasCurrentCancerType> <patient_with_Non_small_cell_lung_cancer> 0 0 0 0
<4910626> <hasCurrentCancerType> <patient_with_Non_small_cell_lung_cancer> 0 0 0 0
<501251> <hasCurrentCancerType> <patient_with_Non_small_cell_lung_cancer> 0 0 0 0
<416818> <hasCurrentCancerType> <patient_with_Non_small_cell_lung_cancer> 0 0 0 0
<417318> <hasCurrentCancerType> <patient_with_Non_small_cell_lung_cancer> 0 0 0 0
<4605886> <hasCurrentCancerType> <patient_with_Non_small_cell_lung_cancer> 0 0 0 0
<4910710> <hasCurrentCancerType> <patient_with_Non_small_cell_lung_cancer> 0 0 0 0
<4910817> <hasCurrentCancerType> <patient_with_Non_small_cell_lung_cancer> 0 0 0 0
<4910974> <hasCurrentCancerType> <patient_with_Non_small_cell_lung_cancer> 0 0 0 0
<416436> <hasCurrentCancerType> <patient_with_Non_small_cell_lung_cancer> 0 0 0 0
<4611301> <hasCurrentCancerType> <patient_with_Non_small_cell_lung_cancer> 0 0 0 0
<409660> <hasCurrentCancerType> <patient_with_Non_small_cell_lung_cancer> 0 0 0 0
<4910799> <hasCurrentCancerType> <patient_with_Non_small_cell_lung_cancer> 0 0 0 0
<4911070> <hasCurrentCancerType> <patient_with_Non_small_cell_lung_cancer> 0 0 0 0
<501347> <hasCurrentCancerType> <patient_with_Non_small_cell_lung_cancer> 0 0 0 0
<503136> <hasCurrentCancerType> <Small_cell_lung_cancer> 0 0 0 0
<503299> <hasCurrentCancerType> <Small_cell_lung_cancer> 0 0 0 0
<416307> <hasCurrentCancerType> <patient_with_Non_small_cell_lung_cancer> 0 0 0 0
<4910542> <hasCurrentCancerType> <patient_with_Non_small_cell_lung_cancer> 0 0 0 0
<503992> <hasCurrentCancerType> <Small_cell_lung_cancer> 0 0 0 0
<507264> <hasCurrentCancerType> <patient_with_Non_small_cell_lung_cancer> 0 0 0 0
<507518> <hasCurrentCancerType> <patient_with_Non_small_cell_lung_cancer> 0 0 0 0
<507731> <hasCurrentCancerType> <patient_with_Non_small_cell_lung_cancer> 0 0 0 0
<507794> <hasCurrentCancerType> <patient_with_Non_small_cell_lung_cancer> 0 0 0 0
<508022> <hasCurrentCancerType> <patient_with_Non_small_cell_lung_cancer> 0 0 0 0
<508045> <hasCurrentCancerType> <patient_with_Non_small_cell_lung_cancer> 0 0 0 0
<508169> <hasCurrentCancerType> <patient_with_Non_small_cell_lung_cancer> 0 0 0 0
<508229> <hasCurrentCancerType> <patient_with_Non_small_cell_lung_cancer> 0 0 0 0
<508268> <hasCurrentCancerType> <patient_with_Non_small_cell_lung_cancer> 0 0 0 0
<508270> <hasCurrentCancerType> <patient_with_Non_small_cell_lung_cancer> 0 0 0 0
<508312> <hasCurrentCancerType> <patient_with_Non_small_cell_lung_cancer> 0 0 0 0
<508473> <hasCurrentCancerType> <patient_with_Non_small_cell_lung_cancer> 0 0 0 0
<508958> <hasCurrentCancerType> <patient_with_Non_small_cell_lung_cancer> 0 0 0 0
<509050> <hasCurrentCancerType> <patient_with_Non_small_cell_lung_cancer> 0 0 0 0
<509064> <hasCurrentCancerType> <patient_with_Non_small_cell_lung_cancer> 0 0 0 0
<508419> <hasCurrentCancerType> <patient_with_Non_small_cell_lung_cancer> 0 0 0 0
<509054> <hasCurrentCancerType> <patient_with_Non_small_cell_lung_cancer> 0 0 0 0
<503047> <hasCurrentCancerType> <Small_cell_lung_cancer> 0 0 0 0
<507356> <hasCurrentCancerType> <patient_with_Non_small_cell_lung_cancer> 0 0 0 0
<508170> <hasCurrentCancerType> <patient_with_Non_small_cell_lung_cancer> 0 0 0 0
<503934> <hasCurrentCancerType> <Small_cell_lung_cancer> 0 0 0 0
<507796> <hasCurrentCancerType> <patient_with_Non_small_cell_lung_cancer> 0 0 0 0
<508190> <hasCurrentCancerType> <patient_with_Non_small_cell_lung_cancer> 0 0 0 0
<509084> <hasCurrentCancerType> <patient_with_Non_small_cell_lung_cancer> 0 0 0 0
<507581> <hasCurrentCancerType> <patient_with_Non_small_cell_lung_cancer> 0 0 0 0
<508030> <hasCurrentCancerType> <patient_with_Non_small_cell_lung_cancer> 0 0 0 0
<509105> <hasCurrentCancerType> <patient_with_Non_small_cell_lung_cancer> 0 0 0 0
<510290> <hasCurrentCancerType> <patient_with_Non_small_cell_lung_cancer> 0 0 0 0
<5102902> <hasCurrentCancerType> <patient_with_Non_small_cell_lung_cancer> 0 0 0 0
<5103184> <hasCurrentCancerType> <patient_with_Non_small_cell_lung_cancer> 0 0 0 0
<5104294> <hasCurrentCancerType> <patient_with_Non_small_cell_lung_cancer> 0 0 0 0
<507560> <hasCurrentCancerType> <patient_with_Non_small_cell_lung_cancer> 0 0 0 0
<504133> <hasCurrentCancerType> <Small_cell_lung_cancer> 0 0 0 0
<507512> <hasCurrentCancerType> <patient_with_Non_small_cell_lung_cancer> 0 0 0 0
<5106936> <hasCurrentCancerType> <patient_with_Non_small_cell_lung_cancer> 0 0 0 0
<5107136> <hasCurrentCancerType> <patient_with_Non_small_cell_lung_cancer> 0 0 0 0
<5107411> <hasCurrentCancerType> <patient_with_Non_small_cell_lung_cancer> 0 0 0 0
<5109537> <hasCurrentCancerType> <patient_with_Non_small_cell_lung_cancer> 0 0 0 0
<5112564> <hasCurrentCancerType> <patient_with_Non_small_cell_lung_cancer> 0 0 0 0
<5113891> <hasCurrentCancerType> <Small_cell_lung_cancer> 0 0 0 0
<5114505> <hasCurrentCancerType> <patient_with_Non_small_cell_lung_cancer> 0 0 0 0
<512333> <hasCurrentCancerType> <Small_cell_lung_cancer> 0 0 0 0
<512390> <hasCurrentCancerType> <patient_with_Non_small_cell_lung_cancer> 0 0 0 0
<512428> <hasCurrentCancerType> <patient_with_Non_small_cell_lung_cancer> 0 0 0 0
<512626> <hasCurrentCancerType> <Small_cell_lung_cancer> 0 0 0 0
<5102780> <hasCurrentCancerType> <patient_with_Non_small_cell_lung_cancer> 0 0 0 0
<5106179> <hasCurrentCancerType> <Small_cell_lung_cancer> 0 0 0 0
<512616> <hasCurrentCancerType> <patient_with_Non_small_cell_lung_cancer> 0 0 0 0
<509093> <hasCurrentCancerType> <patient_with_Non_small_cell_lung_cancer> 0 0 0 0
<5117388> <hasCurrentCancerType> <Small_cell_lung_cancer> 0 0 0 0
<512374> <hasCurrentCancerType> <Small_cell_lung_cancer> 0 0 0 0
<5103318> <hasCurrentCancerType> <patient_with_Non_small_cell_lung_cancer> 0 0 0 0
<5109590> <hasCurrentCancerType> <patient_with_Non_small_cell_lung_cancer> 0 0 0 0
<512366> <hasCurrentCancerType> <patient_with_Non_small_cell_lung_cancer> 0 0 0 0
<5104125> <hasCurrentCancerType> <patient_with_Non_small_cell_lung_cancer> 0 0 0 0
<5116363> <hasCurrentCancerType> <Small_cell_lung_cancer> 0 0 0 0
<512367> <hasCurrentCancerType> <patient_with_Non_small_cell_lung_cancer> 0 0 0 0
<5106607> <hasCurrentCancerType> <patient_with_Non_small_cell_lung_cancer> 0 0 0 0
<513688> <hasCurrentCancerType> <patient_with_Non_small_cell_lung_cancer> 0 0 0 0
<513819> <hasCurrentCancerType> <patient_with_Non_small_cell_lung_cancer> 0 0 0 0
<513868> <hasCurrentCancerType> <patient_with_Non_small_cell_lung_cancer> 0 0 0 0
<5115708> <hasCurrentCancerType> <patient_with_Non_small_cell_lung_cancer> 0 0 0 0
<512552> <hasCurrentCancerType> <patient_with_Non_small_cell_lung_cancer> 0 0 0 0
<512410> <hasCurrentCancerType> <patient_with_Non_small_cell_lung_cancer> 0 0 0 0
<5104641> <hasCurrentCancerType> <patient_with_Non_small_cell_lung_cancer> 0 0 0 0
<5111688> <hasCurrentCancerType> <Carcinoid_tumor> 0 0 0 0
<514047> <hasCurrentCancerType> <patient_with_Non_small_cell_lung_cancer> 0 0 0 0
<514216> <hasCurrentCancerType> <patient_with_Non_small_cell_lung_cancer> 0 0 0 0
<514221> <hasCurrentCancerType> <Small_cell_lung_cancer> 0 0 0 0
<514364> <hasCurrentCancerType> <patient_with_Non_small_cell_lung_cancer> 0 0 0 0
<516245> <hasCurrentCancerType> <patient_with_Non_small_cell_lung_cancer> 0 0 0 0
<516797> <hasCurrentCancerType> <patient_with_Non_small_cell_lung_cancer> 0 0 0 0
<5304659> <hasCurrentCancerType> <patient_with_Non_small_cell_lung_cancer> 0 0 0 0
<5313035> <hasCurrentCancerType> <patient_with_Non_small_cell_lung_cancer> 0 0 0 0
<513226> <hasCurrentCancerType> <patient_with_Non_small_cell_lung_cancer> 0 0 0 0
<515761> <hasCurrentCancerType> <patient_with_Non_small_cell_lung_cancer> 0 0 0 0
<514113> <hasCurrentCancerType> <patient_with_Non_small_cell_lung_cancer> 0 0 0 0
<516712> <hasCurrentCancerType> <patient_with_Non_small_cell_lung_cancer> 0 0 0 0
<513822> <hasCurrentCancerType> <patient_with_Non_small_cell_lung_cancer> 0 0 0 0
<513295> <hasCurrentCancerType> <patient_with_Non_small_cell_lung_cancer> 0 0 0 0
<513514> <hasCurrentCancerType> <patient_with_Non_small_cell_lung_cancer> 0 0 0 0
<514461> <hasCurrentCancerType> <patient_with_Non_small_cell_lung_cancer> 0 0 0 0
<513797> <hasCurrentCancerType> <patient_with_Non_small_cell_lung_cancer> 0 0 0 0
<516222> <hasCurrentCancerType> <Small_cell_lung_cancer> 0 0 0 0
<514446> <hasCurrentCancerType> <patient_with_Non_small_cell_lung_cancer> 0 0 0 0
<513213> <hasCurrentCancerType> <patient_with_Non_small_cell_lung_cancer> 0 0 0 0
<513366> <hasCurrentCancerType> <patient_with_Non_small_cell_lung_cancer> 0 0 0 0
<5313049> <hasCurrentCancerType> <patient_with_Non_small_cell_lung_cancer> 0 0 0 0
<5313420> <hasCurrentCancerType> <patient_with_Non_small_cell_lung_cancer> 0 0 0 0
<5313428> <hasCurrentCancerType> <patient_with_Non_small_cell_lung_cancer> 0 0 0 0
<5314833> <hasCurrentCancerType> <patient_with_Non_small_cell_lung_cancer> 0 0 0 0
<5314837> <hasCurrentCancerType> <patient_with_Non_small_cell_lung_cancer> 0 0 0 0
<514123> <hasCurrentCancerType> <patient_with_Non_small_cell_lung_cancer> 0 0 0 0
<516782> <hasCurrentCancerType> <patient_with_Non_small_cell_lung_cancer> 0 0 0 0
<517566> <hasCurrentCancerType> <patient_with_Non_small_cell_lung_cancer> 0 0 0 0
<5315337> <hasCurrentCancerType> <patient_with_Non_small_cell_lung_cancer> 0 0 0 0
<5315596> <hasCurrentCancerType> <patient_with_Non_small_cell_lung_cancer> 0 0 0 0
<5315610> <hasCurrentCancerType> <patient_with_Non_small_cell_lung_cancer> 0 0 0 0
<5315862> <hasCurrentCancerType> <patient_with_Non_small_cell_lung_cancer> 0 0 0 0
<5315939> <hasCurrentCancerType> <patient_with_Non_small_cell_lung_cancer> 0 0 0 0
<5316044> <hasCurrentCancerType> <patient_with_Non_small_cell_lung_cancer> 0 0 0 0
<5316058> <hasCurrentCancerType> <patient_with_Non_small_cell_lung_cancer> 0 0 0 0
<5316294> <hasCurrentCancerType> <patient_with_Non_small_cell_lung_cancer> 0 0 0 0
<5316482> <hasCurrentCancerType> <patient_with_Non_small_cell_lung_cancer> 0 0 0 0
<5316484> <hasCurrentCancerType> <patient_with_Non_small_cell_lung_cancer> 0 0 0 0
<5316594> <hasCurrentCancerType> <patient_with_Non_small_cell_lung_cancer> 0 0 0 0
<5501484> <hasCurrentCancerType> <patient_with_Non_small_cell_lung_cancer> 0 0 0 0
<5501745> <hasCurrentCancerType> <patient_with_Non_small_cell_lung_cancer> 0 0 0 0
<5502711> <hasCurrentCancerType> <patient_with_Non_small_cell_lung_cancer> 0 0 0 0
<5502862> <hasCurrentCancerType> <patient_with_Non_small_cell_lung_cancer> 0 0 0 0
<5503861> <hasCurrentCancerType> <patient_with_Non_small_cell_lung_cancer> 0 0 0 0
<5505427> <hasCurrentCancerType> <patient_with_Non_small_cell_lung_cancer> 0 0 0 0
<6302614> <hasCurrentCancerType> <patient_with_Non_small_cell_lung_cancer> 0 0 0 0
<6311644> <hasCurrentCancerType> <patient_with_Non_small_cell_lung_cancer> 0 0 0 0
<5313340> <hasCurrentCancerType> <patient_with_Non_small_cell_lung_cancer> 0 0 0 0
<5314771> <hasCurrentCancerType> <patient_with_Non_small_cell_lung_cancer> 0 0 0 0
<5315036> <hasCurrentCancerType> <Small_cell_lung_cancer> 0 0 0 0
<5315207> <hasCurrentCancerType> <Small_cell_lung_cancer> 0 0 0 0
<5315886> <hasCurrentCancerType> <patient_with_Non_small_cell_lung_cancer> 0 0 0 0
<5316172> <hasCurrentCancerType> <patient_with_Non_small_cell_lung_cancer> 0 0 0 0
<5316598> <hasCurrentCancerType> <patient_with_Non_small_cell_lung_cancer> 0 0 0 0
<5317569> <hasCurrentCancerType> <patient_with_Non_small_cell_lung_cancer> 0 0 0 0
<5314514> <hasCurrentCancerType> <patient_with_Non_small_cell_lung_cancer> 0 0 0 0
<5314102> <hasCurrentCancerType> <patient_with_Non_small_cell_lung_cancer> 0 0 0 0
<5511521> <hasCurrentCancerType> <patient_with_Non_small_cell_lung_cancer> 0 0 0 0
<5316356> <hasCurrentCancerType> <Small_cell_lung_cancer> 0 0 0 0
<5814928> <hasCurrentCancerType> <patient_with_Non_small_cell_lung_cancer> 0 0 0 0
<6311796> <hasCurrentCancerType> <patient_with_Non_small_cell_lung_cancer> 0 0 0 0
<6312226> <hasCurrentCancerType> <patient_with_Non_small_cell_lung_cancer> 0 0 0 0
<6313335> <hasCurrentCancerType> <patient_with_Non_small_cell_lung_cancer> 0 0 0 0
<6315414> <hasCurrentCancerType> <patient_with_Non_small_cell_lung_cancer> 0 0 0 0
<5315748> <hasCurrentCancerType> <patient_with_Non_small_cell_lung_cancer> 0 0 0 0
<6316509> <hasCurrentCancerType> <patient_with_Non_small_cell_lung_cancer> 0 0 0 0
<6317401> <hasCurrentCancerType> <patient_with_Non_small_cell_lung_cancer> 0 0 0 0
<6402096> <hasCurrentCancerType> <patient_with_Non_small_cell_lung_cancer> 0 0 0 0
<701578> <hasCurrentCancerType> <patient_with_Non_small_cell_lung_cancer> 0 0 0 0
<701601> <hasCurrentCancerType> <patient_with_Non_small_cell_lung_cancer> 0 0 0 0
<701770> <hasCurrentCancerType> <patient_with_Non_small_cell_lung_cancer> 0 0 0 0
<702908> <hasCurrentCancerType> <Small_cell_lung_cancer> 0 0 0 0
<703754> <hasCurrentCancerType> <patient_with_Non_small_cell_lung_cancer> 0 0 0 0
<707694> <hasCurrentCancerType> <patient_with_Non_small_cell_lung_cancer> 0 0 0 0
<709782> <hasCurrentCancerType> <patient_with_Non_small_cell_lung_cancer> 0 0 0 0
<7404250> <hasCurrentCancerType> <patient_with_Non_small_cell_lung_cancer> 0 0 0 0
<6311799> <hasCurrentCancerType> <patient_with_Non_small_cell_lung_cancer> 0 0 0 0
<6311976> <hasCurrentCancerType> <patient_with_Non_small_cell_lung_cancer> 0 0 0 0
<703625> <hasCurrentCancerType> <Small_cell_lung_cancer> 0 0 0 0
<705754> <hasCurrentCancerType> <patient_with_Non_small_cell_lung_cancer> 0 0 0 0
<7404351> <hasCurrentCancerType> <patient_with_Non_small_cell_lung_cancer> 0 0 0 0
<707547> <hasCurrentCancerType> <patient_with_Non_small_cell_lung_cancer> 0 0 0 0
<6315841> <hasCurrentCancerType> <Small_cell_lung_cancer> 0 0 0 0
<6900596> <hasCurrentCancerType> <patient_with_Non_small_cell_lung_cancer> 0 0 0 0
<7406105> <hasCurrentCancerType> <patient_with_Non_small_cell_lung_cancer> 0 0 0 0
<712568> <hasCurrentCancerType> <patient_with_Non_small_cell_lung_cancer> 0 0 0 0
<6316800> <hasCurrentCancerType> <patient_with_Non_small_cell_lung_cancer> 0 0 0 0
<710486> <hasCurrentCancerType> <patient_with_Non_small_cell_lung_cancer> 0 0 0 0
<7105407> <hasCurrentCancerType> <patient_with_Non_small_cell_lung_cancer> 0 0 0 0
<7105832> <hasCurrentCancerType> <patient_with_Non_small_cell_lung_cancer> 0 0 0 0
<702154> <hasCurrentCancerType> <patient_with_Non_small_cell_lung_cancer> 0 0 0 0
<6312629> <hasCurrentCancerType> <patient_with_Non_small_cell_lung_cancer> 0 0 0 0
<701778> <hasCurrentCancerType> <patient_with_Non_small_cell_lung_cancer> 0 0 0 0
<901088> <hasCurrentCancerType> <patient_with_Non_small_cell_lung_cancer> 0 0 0 0
<906889> <hasCurrentCancerType> <patient_with_Non_small_cell_lung_cancer> 0 0 0 0
<907158> <hasCurrentCancerType> <patient_with_Non_small_cell_lung_cancer> 0 0 0 0
<909722> <hasCurrentCancerType> <patient_with_Non_small_cell_lung_cancer> 0 0 0 0
<9408728> <hasCurrentCancerType> <patient_with_Non_small_cell_lung_cancer> 0 0 0 0
<9415459> <hasCurrentCancerType> <patient_with_Non_small_cell_lung_cancer> 0 0 0 0
<9700573> <hasCurrentCancerType> <patient_with_Non_small_cell_lung_cancer> 0 0 0 0
<9714389> <hasCurrentCancerType> <patient_with_Non_small_cell_lung_cancer> 0 0 0 0
<9908918> <hasCurrentCancerType> <patient_with_Non_small_cell_lung_cancer> 0 0 0 0
<9416378> <hasCurrentCancerType> <patient_with_Non_small_cell_lung_cancer> 0 0 0 0
<906868> <hasCurrentCancerType> <patient_with_Non_small_cell_lung_cancer> 0 0 0 0
<9703888> <hasCurrentCancerType> <patient_with_Non_small_cell_lung_cancer> 0 0 0 0
<9705164> <hasCurrentCancerType> <patient_with_Non_small_cell_lung_cancer> 0 0 0 0
<8306647> <hasCurrentCancerType> <patient_with_Non_small_cell_lung_cancer> 0 0 0 0
<9709582> <hasCurrentCancerType> <patient_with_Non_small_cell_lung_cancer> 0 0 0 0
<900425> <hasCurrentCancerType> <patient_with_Non_small_cell_lung_cancer> 0 0 0 0
<9910304> <hasCurrentCancerType> <patient_with_Non_small_cell_lung_cancer> 0 0 0 0
<9914877> <hasCurrentCancerType> <Small_cell_lung_cancer> 0 0 0 0
<9409971> <hasCurrentCancerType> <Carcinoid_tumor> 0 0 0 0
<9703511> <hasCurrentCancerType> <patient_with_Non_small_cell_lung_cancer> 0 0 0 0
<12914382> <hasCurrentCancerType> <patient_with_Non_small_cell_lung_cancer> 0 0 0 0
<10816571> <hasCurrentCancerType> <patient_with_Non_small_cell_lung_cancer> 0 0 0 0
<1306211> <hasCurrentCancerType> <patient_with_Non_small_cell_lung_cancer> 0 0 0 0
<212407> <hasCurrentCancerType> <patient_with_Non_small_cell_lung_cancer> 0 0 0 0
<2102270> <hasCurrentCancerType> <patient_with_Non_small_cell_lung_cancer> 0 0 0 0
<2406176> <hasCurrentCancerType> <patient_with_Non_small_cell_lung_cancer> 0 0 0 0
<409641> <hasCurrentCancerType> <patient_with_Non_small_cell_lung_cancer> 0 0 0 0
<4910533> <hasCurrentCancerType> <Mesothelioma> 0 0 0 0
<516940> <hasCurrentCancerType> <patient_with_Non_small_cell_lung_cancer> 0 0 0 0
<7110333> <hasCurrentCancerType> <patient_with_Non_small_cell_lung_cancer> 0 0 0 0
<9909859> <hasCurrentCancerType> <patient_with_Non_small_cell_lung_cancer> 0 0 0 0
<9912044> <hasCurrentCancerType> <patient_with_Non_small_cell_lung_cancer> 0 0 0 0
<306458> <hasCurrentCancerType> <patient_with_Non_small_cell_lung_cancer> 0 0 0 0
<306951> <hasCurrentCancerType> <patient_with_Non_small_cell_lung_cancer> 0 0 0 0
<307497> <hasCurrentCancerType> <patient_with_Non_small_cell_lung_cancer> 0 0 0 0
<311431> <hasCurrentCancerType> <patient_with_Non_small_cell_lung_cancer> 0 0 0 0
<311524> <hasCurrentCancerType> <patient_with_Non_small_cell_lung_cancer> 0 0 0 0
<313828> <hasCurrentCancerType> <Small_cell_lung_cancer> 0 0 0 0
<314440> <hasCurrentCancerType> <patient_with_Non_small_cell_lung_cancer> 0 0 0 0
<317047> <hasCurrentCancerType> <patient_with_Non_small_cell_lung_cancer> 0 0 0 0
<3307034> <hasCurrentCancerType> <patient_with_Non_small_cell_lung_cancer> 0 0 0 0
<314395> <hasCurrentCancerType> <patient_with_Non_small_cell_lung_cancer> 0 0 0 0
<3307208> <hasCurrentCancerType> <patient_with_Non_small_cell_lung_cancer> 0 0 0 0
<3404551> <hasCurrentCancerType> <patient_with_Non_small_cell_lung_cancer> 0 0 0 0
<3407819> <hasCurrentCancerType> <patient_with_Non_small_cell_lung_cancer> 0 0 0 0
<3408102> <hasCurrentCancerType> <patient_with_Non_small_cell_lung_cancer> 0 0 0 0
<3505613> <hasCurrentCancerType> <patient_with_Non_small_cell_lung_cancer> 0 0 0 0
<3508617> <hasCurrentCancerType> <patient_with_Non_small_cell_lung_cancer> 0 0 0 0
<3505948> <hasCurrentCancerType> <patient_with_Non_small_cell_lung_cancer> 0 0 0 0
<3508724> <hasCurrentCancerType> <patient_with_Non_small_cell_lung_cancer> 0 0 0 0
<313010> <hasCurrentCancerType> <patient_with_Non_small_cell_lung_cancer> 0 0 0 0
<3304900> <hasCurrentCancerType> <patient_with_Non_small_cell_lung_cancer> 0 0 0 0
<3507977> <hasCurrentCancerType> <patient_with_Non_small_cell_lung_cancer> 0 0 0 0
<3507439> <hasCurrentCancerType> <Small_cell_lung_cancer> 0 0 0 0
<3314949> <hasCurrentCancerType> <patient_with_Non_small_cell_lung_cancer> 0 0 0 0
<306489> <hasCurrentCancerType> <patient_with_Non_small_cell_lung_cancer> 0 0 0 0
<3511229> <hasCurrentCancerType> <patient_with_Non_small_cell_lung_cancer> 0 0 0 0
<3602378> <hasCurrentCancerType> <patient_with_Non_small_cell_lung_cancer> 0 0 0 0
<3707414> <hasCurrentCancerType> <patient_with_Non_small_cell_lung_cancer> 0 0 0 0
<3812457> <hasCurrentCancerType> <patient_with_Non_small_cell_lung_cancer> 0 0 0 0
<409702> <hasCurrentCancerType> <patient_with_Non_small_cell_lung_cancer> 0 0 0 0
<409899> <hasCurrentCancerType> <patient_with_Non_small_cell_lung_cancer> 0 0 0 0
<409976> <hasCurrentCancerType> <patient_with_Non_small_cell_lung_cancer> 0 0 0 0
<411549> <hasCurrentCancerType> <patient_with_Non_small_cell_lung_cancer> 0 0 0 0
<413482> <hasCurrentCancerType> <patient_with_Non_small_cell_lung_cancer> 0 0 0 0
<416406> <hasCurrentCancerType> <patient_with_Non_small_cell_lung_cancer> 0 0 0 0
<3510939> <hasCurrentCancerType> <patient_with_Non_small_cell_lung_cancer> 0 0 0 0
<409916> <hasCurrentCancerType> <patient_with_Non_small_cell_lung_cancer> 0 0 0 0
<410258> <hasCurrentCancerType> <patient_with_Non_small_cell_lung_cancer> 0 0 0 0
<3705020> <hasCurrentCancerType> <patient_with_Non_small_cell_lung_cancer> 0 0 0 0
<413116> <hasCurrentCancerType> <patient_with_Non_small_cell_lung_cancer> 0 0 0 0
<3802502> <hasCurrentCancerType> <patient_with_Non_small_cell_lung_cancer> 0 0 0 0
<411869> <hasCurrentCancerType> <patient_with_Non_small_cell_lung_cancer> 0 0 0 0
<416941> <hasCurrentCancerType> <patient_with_Non_small_cell_lung_cancer> 0 0 0 0
<4603820> <hasCurrentCancerType> <patient_with_Non_small_cell_lung_cancer> 0 0 0 0
<4605029> <hasCurrentCancerType> <patient_with_Non_small_cell_lung_cancer> 0 0 0 0
<4605034> <hasCurrentCancerType> <patient_with_Non_small_cell_lung_cancer> 0 0 0 0
<4605311> <hasCurrentCancerType> <patient_with_Non_small_cell_lung_cancer> 0 0 0 0
<4605314> <hasCurrentCancerType> <Mesothelioma> 0 0 0 0
<4605946> <hasCurrentCancerType> <patient_with_Non_small_cell_lung_cancer> 0 0 0 0
<4910527> <hasCurrentCancerType> <patient_with_Non_small_cell_lung_cancer> 0 0 0 0
<4910703> <hasCurrentCancerType> <patient_with_Non_small_cell_lung_cancer> 0 0 0 0
<4911147> <hasCurrentCancerType> <patient_with_Non_small_cell_lung_cancer> 0 0 0 0
<501233> <hasCurrentCancerType> <patient_with_Non_small_cell_lung_cancer> 0 0 0 0
<416530> <hasCurrentCancerType> <patient_with_Non_small_cell_lung_cancer> 0 0 0 0
<501235> <hasCurrentCancerType> <patient_with_Non_small_cell_lung_cancer> 0 0 0 0
<501316> <hasCurrentCancerType> <patient_with_Non_small_cell_lung_cancer> 0 0 0 0
<4602214> <hasCurrentCancerType> <patient_with_Non_small_cell_lung_cancer> 0 0 0 0
<417416> <hasCurrentCancerType> <patient_with_Non_small_cell_lung_cancer> 0 0 0 0
<416054> <hasCurrentCancerType> <patient_with_Non_small_cell_lung_cancer> 0 0 0 0
<416451> <hasCurrentCancerType> <patient_with_Non_small_cell_lung_cancer> 0 0 0 0
<4609975> <hasCurrentCancerType> <patient_with_Non_small_cell_lung_cancer> 0 0 0 0
<4910554> <hasCurrentCancerType> <Small_cell_lung_cancer> 0 0 0 0
<501312> <hasCurrentCancerType> <patient_with_Non_small_cell_lung_cancer> 0 0 0 0
<4604553> <hasCurrentCancerType> <patient_with_Non_small_cell_lung_cancer> 0 0 0 0
<416844> <hasCurrentCancerType> <patient_with_Non_small_cell_lung_cancer> 0 0 0 0
<416690> <hasCurrentCancerType> <patient_with_Non_small_cell_lung_cancer> 0 0 0 0
<4604108> <hasCurrentCancerType> <patient_with_Non_small_cell_lung_cancer> 0 0 0 0
<4911215> <hasCurrentCancerType> <Small_cell_lung_cancer> 0 0 0 0
<4313173> <hasCurrentCancerType> <patient_with_Non_small_cell_lung_cancer> 0 0 0 0
<503038> <hasCurrentCancerType> <Small_cell_lung_cancer> 0 0 0 0
<503101> <hasCurrentCancerType> <Small_cell_lung_cancer> 0 0 0 0
<503169> <hasCurrentCancerType> <Small_cell_lung_cancer> 0 0 0 0
<503396> <hasCurrentCancerType> <Small_cell_lung_cancer> 0 0 0 0
<503423> <hasCurrentCancerType> <Small_cell_lung_cancer> 0 0 0 0
<503900> <hasCurrentCancerType> <Small_cell_lung_cancer> 0 0 0 0
<503945> <hasCurrentCancerType> <Small_cell_lung_cancer> 0 0 0 0
<504137> <hasCurrentCancerType> <Small_cell_lung_cancer> 0 0 0 0
<507541> <hasCurrentCancerType> <patient_with_Non_small_cell_lung_cancer> 0 0 0 0
<507724> <hasCurrentCancerType> <patient_with_Non_small_cell_lung_cancer> 0 0 0 0
<507734> <hasCurrentCancerType> <patient_with_Non_small_cell_lung_cancer> 0 0 0 0
<507745> <hasCurrentCancerType> <patient_with_Non_small_cell_lung_cancer> 0 0 0 0
<507770> <hasCurrentCancerType> <patient_with_Non_small_cell_lung_cancer> 0 0 0 0
<508207> <hasCurrentCancerType> <patient_with_Non_small_cell_lung_cancer> 0 0 0 0
<508481> <hasCurrentCancerType> <patient_with_Non_small_cell_lung_cancer> 0 0 0 0
<508944> <hasCurrentCancerType> <patient_with_Non_small_cell_lung_cancer> 0 0 0 0
<508974> <hasCurrentCancerType> <patient_with_Non_small_cell_lung_cancer> 0 0 0 0
<508983> <hasCurrentCancerType> <patient_with_Non_small_cell_lung_cancer> 0 0 0 0
<508985> <hasCurrentCancerType> <patient_with_Non_small_cell_lung_cancer> 0 0 0 0
<509030> <hasCurrentCancerType> <patient_with_Non_small_cell_lung_cancer> 0 0 0 0
<509082> <hasCurrentCancerType> <patient_with_Non_small_cell_lung_cancer> 0 0 0 0
<503139> <hasCurrentCancerType> <Small_cell_lung_cancer> 0 0 0 0
<503914> <hasCurrentCancerType> <Small_cell_lung_cancer> 0 0 0 0
<508438> <hasCurrentCancerType> <patient_with_Non_small_cell_lung_cancer> 0 0 0 0
<508469> <hasCurrentCancerType> <patient_with_Non_small_cell_lung_cancer> 0 0 0 0
<508948> <hasCurrentCancerType> <patient_with_Non_small_cell_lung_cancer> 0 0 0 0
<507556> <hasCurrentCancerType> <patient_with_Non_small_cell_lung_cancer> 0 0 0 0
<503185> <hasCurrentCancerType> <Small_cell_lung_cancer> 0 0 0 0
<503397> <hasCurrentCancerType> <Small_cell_lung_cancer> 0 0 0 0
<507531> <hasCurrentCancerType> <patient_with_Non_small_cell_lung_cancer> 0 0 0 0
<501335> <hasCurrentCancerType> <patient_with_Non_small_cell_lung_cancer> 0 0 0 0
<508399> <hasCurrentCancerType> <patient_with_Non_small_cell_lung_cancer> 0 0 0 0
<508379> <hasCurrentCancerType> <patient_with_Non_small_cell_lung_cancer> 0 0 0 0
<5103261> <hasCurrentCancerType> <patient_with_Non_small_cell_lung_cancer> 0 0 0 0
<5103272> <hasCurrentCancerType> <patient_with_Non_small_cell_lung_cancer> 0 0 0 0
<5106482> <hasCurrentCancerType> <patient_with_Non_small_cell_lung_cancer> 0 0 0 0
<5106925> <hasCurrentCancerType> <patient_with_Non_small_cell_lung_cancer> 0 0 0 0
<512413> <hasCurrentCancerType> <patient_with_Non_small_cell_lung_cancer> 0 0 0 0
<512617> <hasCurrentCancerType> <Small_cell_lung_cancer> 0 0 0 0
<5103629> <hasCurrentCancerType> <patient_with_Non_small_cell_lung_cancer> 0 0 0 0
<5103985> <hasCurrentCancerType> <patient_with_Non_small_cell_lung_cancer> 0 0 0 0
<5106961> <hasCurrentCancerType> <patient_with_Non_small_cell_lung_cancer> 0 0 0 0
<5107363> <hasCurrentCancerType> <patient_with_Non_small_cell_lung_cancer> 0 0 0 0
<5117418> <hasCurrentCancerType> <Small_cell_lung_cancer> 0 0 0 0
<512585> <hasCurrentCancerType> <patient_with_Non_small_cell_lung_cancer> 0 0 0 0
<510287> <hasCurrentCancerType> <patient_with_Non_small_cell_lung_cancer> 0 0 0 0
<5111894> <hasCurrentCancerType> <patient_with_Non_small_cell_lung_cancer> 0 0 0 0
<5112572> <hasCurrentCancerType> <patient_with_Non_small_cell_lung_cancer> 0 0 0 0
<509100> <hasCurrentCancerType> <patient_with_Non_small_cell_lung_cancer> 0 0 0 0
<5112710> <hasCurrentCancerType> <Small_cell_lung_cancer> 0 0 0 0
<5115410> <hasCurrentCancerType> <patient_with_Non_small_cell_lung_cancer> 0 0 0 0
<5116374> <hasCurrentCancerType> <Small_cell_lung_cancer> 0 0 0 0
<512528> <hasCurrentCancerType> <patient_with_Non_small_cell_lung_cancer> 0 0 0 0
<5103444> <hasCurrentCancerType> <patient_with_Non_small_cell_lung_cancer> 0 0 0 0
<5103232> <hasCurrentCancerType> <patient_with_Non_small_cell_lung_cancer> 0 0 0 0
<5103617> <hasCurrentCancerType> <patient_with_Non_small_cell_lung_cancer> 0 0 0 0
<5103146> <hasCurrentCancerType> <patient_with_Non_small_cell_lung_cancer> 0 0 0 0
<5102899> <hasCurrentCancerType> <patient_with_Non_small_cell_lung_cancer> 0 0 0 0
<513732> <hasCurrentCancerType> <patient_with_Non_small_cell_lung_cancer> 0 0 0 0
<514228> <hasCurrentCancerType> <patient_with_Non_small_cell_lung_cancer> 0 0 0 0
<514412> <hasCurrentCancerType> <patient_with_Non_small_cell_lung_cancer> 0 0 0 0
<5305646> <hasCurrentCancerType> <patient_with_Non_small_cell_lung_cancer> 0 0 0 0
<5305964> <hasCurrentCancerType> <patient_with_Non_small_cell_lung_cancer> 0 0 0 0
<514210> <hasCurrentCancerType> <patient_with_Non_small_cell_lung_cancer> 0 0 0 0
<5304905> <hasCurrentCancerType> <patient_with_Non_small_cell_lung_cancer> 0 0 0 0
<513365> <hasCurrentCancerType> <patient_with_Non_small_cell_lung_cancer> 0 0 0 0
<513276> <hasCurrentCancerType> <patient_with_Non_small_cell_lung_cancer> 0 0 0 0
<513513> <hasCurrentCancerType> <patient_with_Non_small_cell_lung_cancer> 0 0 0 0
<5304174> <hasCurrentCancerType> <patient_with_Non_small_cell_lung_cancer> 0 0 0 0
<513989> <hasCurrentCancerType> <patient_with_Non_small_cell_lung_cancer> 0 0 0 0
<513150> <hasCurrentCancerType> <patient_with_Non_small_cell_lung_cancer> 0 0 0 0
<513309> <hasCurrentCancerType> <patient_with_Non_small_cell_lung_cancer> 0 0 0 0
<516603> <hasCurrentCancerType> <patient_with_Non_small_cell_lung_cancer> 0 0 0 0
<516902> <hasCurrentCancerType> <Small_cell_lung_cancer> 0 0 0 0
<517146> <hasCurrentCancerType> <patient_with_Non_small_cell_lung_cancer> 0 0 0 0
<513145> <hasCurrentCancerType> <patient_with_Non_small_cell_lung_cancer> 0 0 0 0
<513849> <hasCurrentCancerType> <patient_with_Non_small_cell_lung_cancer> 0 0 0 0
<516215> <hasCurrentCancerType> <patient_with_Non_small_cell_lung_cancer> 0 0 0 0
<513561> <hasCurrentCancerType> <patient_with_Non_small_cell_lung_cancer> 0 0 0 0
<513360> <hasCurrentCancerType> <patient_with_Non_small_cell_lung_cancer> 0 0 0 0
<515827> <hasCurrentCancerType> <patient_with_Non_small_cell_lung_cancer> 0 0 0 0
<516191> <hasCurrentCancerType> <patient_with_Non_small_cell_lung_cancer> 0 0 0 0
<5314169> <hasCurrentCancerType> <Small_cell_lung_cancer> 0 0 0 0
<5314661> <hasCurrentCancerType> <patient_with_Non_small_cell_lung_cancer> 0 0 0 0
<5314711> <hasCurrentCancerType> <patient_with_Non_small_cell_lung_cancer> 0 0 0 0
<5315814> <hasCurrentCancerType> <patient_with_Non_small_cell_lung_cancer> 0 0 0 0
<5316041> <hasCurrentCancerType> <patient_with_Non_small_cell_lung_cancer> 0 0 0 0
<5316050> <hasCurrentCancerType> <patient_with_Non_small_cell_lung_cancer> 0 0 0 0
<5316314> <hasCurrentCancerType> <patient_with_Non_small_cell_lung_cancer> 0 0 0 0
<5317336> <hasCurrentCancerType> <patient_with_Non_small_cell_lung_cancer> 0 0 0 0
<5502499> <hasCurrentCancerType> <patient_with_Non_small_cell_lung_cancer> 0 0 0 0
<5505396> <hasCurrentCancerType> <patient_with_Non_small_cell_lung_cancer> 0 0 0 0
<5814884> <hasCurrentCancerType> <patient_with_Non_small_cell_lung_cancer> 0 0 0 0
<5815097> <hasCurrentCancerType> <patient_with_Non_small_cell_lung_cancer> 0 0 0 0
<6311767> <hasCurrentCancerType> <patient_with_Non_small_cell_lung_cancer> 0 0 0 0
<5315250> <hasCurrentCancerType> <Small_cell_lung_cancer> 0 0 0 0
<5315443> <hasCurrentCancerType> <Small_cell_lung_cancer> 0 0 0 0
<5504774> <hasCurrentCancerType> <patient_with_Non_small_cell_lung_cancer> 0 0 0 0
<6305051> <hasCurrentCancerType> <patient_with_Non_small_cell_lung_cancer> 0 0 0 0
<5315955> <hasCurrentCancerType> <patient_with_Non_small_cell_lung_cancer> 0 0 0 0
<5316166> <hasCurrentCancerType> <patient_with_Non_small_cell_lung_cancer> 0 0 0 0
<5314513> <hasCurrentCancerType> <patient_with_Non_small_cell_lung_cancer> 0 0 0 0
<5316432> <hasCurrentCancerType> <patient_with_Non_small_cell_lung_cancer> 0 0 0 0
<5316376> <hasCurrentCancerType> <Small_cell_lung_cancer> 0 0 0 0
<5502531> <hasCurrentCancerType> <patient_with_Non_small_cell_lung_cancer> 0 0 0 0
<6314247> <hasCurrentCancerType> <Small_cell_lung_cancer> 0 0 0 0
<6315540> <hasCurrentCancerType> <Small_cell_lung_cancer> 0 0 0 0
<6316993> <hasCurrentCancerType> <patient_with_Non_small_cell_lung_cancer> 0 0 0 0
<6317429> <hasCurrentCancerType> <patient_with_Non_small_cell_lung_cancer> 0 0 0 0
<6400646> <hasCurrentCancerType> <patient_with_Non_small_cell_lung_cancer> 0 0 0 0
<6402176> <hasCurrentCancerType> <patient_with_Non_small_cell_lung_cancer> 0 0 0 0
<6402680> <hasCurrentCancerType> <patient_with_Non_small_cell_lung_cancer> 0 0 0 0
<7000638> <hasCurrentCancerType> <patient_with_Non_small_cell_lung_cancer> 0 0 0 0
<7005776> <hasCurrentCancerType> <patient_with_Non_small_cell_lung_cancer> 0 0 0 0
<701738> <hasCurrentCancerType> <patient_with_Non_small_cell_lung_cancer> 0 0 0 0
<708910> <hasCurrentCancerType> <patient_with_Non_small_cell_lung_cancer> 0 0 0 0
<709373> <hasCurrentCancerType> <patient_with_Non_small_cell_lung_cancer> 0 0 0 0
<7404244> <hasCurrentCancerType> <patient_with_Non_small_cell_lung_cancer> 0 0 0 0
<6312021> <hasCurrentCancerType> <patient_with_Non_small_cell_lung_cancer> 0 0 0 0
<6315713> <hasCurrentCancerType> <patient_with_Non_small_cell_lung_cancer> 0 0 0 0
<7110331> <hasCurrentCancerType> <patient_with_Non_small_cell_lung_cancer> 0 0 0 0
<6315865> <hasCurrentCancerType> <patient_with_Non_small_cell_lung_cancer> 0 0 0 0
<704308> <hasCurrentCancerType> <Small_cell_lung_cancer> 0 0 0 0
<705522> <hasCurrentCancerType> <patient_with_Non_small_cell_lung_cancer> 0 0 0 0
<715160> <hasCurrentCancerType> <patient_with_Non_small_cell_lung_cancer> 0 0 0 0
<711040> <hasCurrentCancerType> <patient_with_Non_small_cell_lung_cancer> 0 0 0 0
<6402399> <hasCurrentCancerType> <patient_with_Non_small_cell_lung_cancer> 0 0 0 0
<702299> <hasCurrentCancerType> <patient_with_Non_small_cell_lung_cancer> 0 0 0 0
<715150> <hasCurrentCancerType> <patient_with_Non_small_cell_lung_cancer> 0 0 0 0
<6312664> <hasCurrentCancerType> <patient_with_Non_small_cell_lung_cancer> 0 0 0 0
<6400304> <hasCurrentCancerType> <patient_with_Non_small_cell_lung_cancer> 0 0 0 0
<6316133> <hasCurrentCancerType> <Small_cell_lung_cancer> 0 0 0 0
<6312034> <hasCurrentCancerType> <patient_with_Non_small_cell_lung_cancer> 0 0 0 0
<713491> <hasCurrentCancerType> <patient_with_Non_small_cell_lung_cancer> 0 0 0 0
<6402268> <hasCurrentCancerType> <patient_with_Non_small_cell_lung_cancer> 0 0 0 0
<7005923> <hasCurrentCancerType> <patient_with_Non_small_cell_lung_cancer> 0 0 0 0
<6315219> <hasCurrentCancerType> <patient_with_Non_small_cell_lung_cancer> 0 0 0 0
<6312628> <hasCurrentCancerType> <Small_cell_lung_cancer> 0 0 0 0
<900412> <hasCurrentCancerType> <patient_with_Non_small_cell_lung_cancer> 0 0 0 0
<907062> <hasCurrentCancerType> <patient_with_Non_small_cell_lung_cancer> 0 0 0 0
<908810> <hasCurrentCancerType> <patient_with_Non_small_cell_lung_cancer> 0 0 0 0
<909705> <hasCurrentCancerType> <patient_with_Non_small_cell_lung_cancer> 0 0 0 0
<916830> <hasCurrentCancerType> <patient_with_Non_small_cell_lung_cancer> 0 0 0 0
<9407222> <hasCurrentCancerType> <patient_with_Non_small_cell_lung_cancer> 0 0 0 0
<9703654> <hasCurrentCancerType> <patient_with_Non_small_cell_lung_cancer> 0 0 0 0
<9908878> <hasCurrentCancerType> <patient_with_Non_small_cell_lung_cancer> 0 0 0 0
<9712296> <hasCurrentCancerType> <patient_with_Non_small_cell_lung_cancer> 0 0 0 0
<9703525> <hasCurrentCancerType> <patient_with_Non_small_cell_lung_cancer> 0 0 0 0
<911813> <hasCurrentCancerType> <patient_with_Non_small_cell_lung_cancer> 0 0 0 0
<9708627> <hasCurrentCancerType> <patient_with_Non_small_cell_lung_cancer> 0 0 0 0
<9710456> <hasCurrentCancerType> <patient_with_Non_small_cell_lung_cancer> 0 0 0 0
<9914868> <hasCurrentCancerType> <patient_with_Non_small_cell_lung_cancer> 0 0 0 0
<9413646> <hasCurrentCancerType> <patient_with_Non_small_cell_lung_cancer> 0 0 0 0
<416745> <hasCurrentCancerType> <Small_cell_lung_cancer> 0 0 0 0
<5115926> <hasCurrentCancerType> <patient_with_Non_small_cell_lung_cancer> 0 0 0 0
<512776> <hasCurrentCancerType> <patient_with_Non_small_cell_lung_cancer> 0 0 0 0
<705107> <hasCurrentCancerType> <patient_with_Non_small_cell_lung_cancer> 0 0 0 0
<900562> <hasCurrentCancerType> <patient_with_Non_small_cell_lung_cancer> 0 0 0 0
