<101606> <hasElectronicCigarettes> <No> 0 0 0 0
<10600641> <hasElectronicCigarettes> <No> 1 1 1 1
<10612969> <hasElectronicCigarettes> <No> 1 1 1 1
<10616110> <hasElectronicCigarettes> <No> 1 1 1 1
<10802686> <hasElectronicCigarettes> <No> 1 1 1 1
<10816595> <hasElectronicCigarettes> <No> 1 1 1 1
<108593> <hasElectronicCigarettes> <No> 1 1 1 1
<109438> <hasElectronicCigarettes> <No> 1 1 1 1
<109875> <hasElectronicCigarettes> <No> 1 1 1 1
<110056> <hasElectronicCigarettes> <No> 2 2 1 1
<10606140> <hasElectronicCigarettes> <No> 1 1 1 1
<110053> <hasElectronicCigarettes> <No> 2 2 1 1
<11317173> <hasElectronicCigarettes> <No> 1 1 1 1
<1300684> <hasElectronicCigarettes> <No> 1 1 1 1
<1300993> <hasElectronicCigarettes> <No> 1 1 1 1
<1310021> <hasElectronicCigarettes> <No> 1 1 1 1
<1310443> <hasElectronicCigarettes> <No> 1 1 1 1
<1513065> <hasElectronicCigarettes> <No> 1 1 1 1
<1515507> <hasElectronicCigarettes> <No> 1 1 1 1
<103588> <hasElectronicCigarettes> <No> 1 1 1 1
<108023> <hasElectronicCigarettes> <No> 1 1 1 1
<11311924> <hasElectronicCigarettes> <No> 1 1 1 1
<1201891> <hasElectronicCigarettes> <No> 1 1 1 1
<1201911> <hasElectronicCigarettes> <No> 1 1 1 1
<12913998> <hasElectronicCigarettes> <No> 1 1 1 1
<1300384> <hasElectronicCigarettes> <No> 1 1 1 1
<1309535> <hasElectronicCigarettes> <No> 1 1 1 1
<1310865> <hasElectronicCigarettes> <No> 1 1 1 1
<12914768> <hasElectronicCigarettes> <No> 1 1 1 1
<10611564> <hasElectronicCigarettes> <No> 1 1 1 1
<112114> <hasElectronicCigarettes> <No> 1 1 1 1
<15704694> <hasElectronicCigarettes> <No> 1 1 1 1
<15706112> <hasElectronicCigarettes> <No> 1 1 1 1
<15715027> <hasElectronicCigarettes> <No> 1 1 1 1
<205541> <hasElectronicCigarettes> <No> 1 1 1 1
<2102188> <hasElectronicCigarettes> <No> 1 1 1 1
<2103239> <hasElectronicCigarettes> <No> 1 1 1 1
<213257> <hasElectronicCigarettes> <No> 1 1 1 1
<215329> <hasElectronicCigarettes> <No> 1 1 1 1
<2302051> <hasElectronicCigarettes> <No> 1 1 1 1
<2304823> <hasElectronicCigarettes> <No> 1 1 1 1
<2805243> <hasElectronicCigarettes> <No> 1 1 1 1
<2806276> <hasElectronicCigarettes> <No> 1 1 1 1
<2917492> <hasElectronicCigarettes> <No> 0 0 0 0
<301443> <hasElectronicCigarettes> <No> 1 1 1 1
<301444> <hasElectronicCigarettes> <No> 1 1 1 1
<2300060> <hasElectronicCigarettes> <No> 1 1 1 1
<2300577> <hasElectronicCigarettes> <No> 1 1 1 1
<2304458> <hasElectronicCigarettes> <No> 1 1 1 1
<2300054> <hasElectronicCigarettes> <No> 1 1 1 1
<2806036> <hasElectronicCigarettes> <No> 1 1 1 1
<2806963> <hasElectronicCigarettes> <No> 1 1 1 1
<301181> <hasElectronicCigarettes> <No> 1 1 1 1
<2807657> <hasElectronicCigarettes> <No> 1 1 1 1
<306881> <hasElectronicCigarettes> <No> 1 1 1 1
<316787> <hasElectronicCigarettes> <No> 1 1 1 1
<1203406> <hasElectronicCigarettes> <No> 1 1 1 1
<1301926> <hasElectronicCigarettes> <No> 1 1 1 1
<1314032> <hasElectronicCigarettes> <No> 1 1 1 1
<110234> <hasElectronicCigarettes> <No> 1 1 1 1
<12913808> <hasElectronicCigarettes> <No> 1 1 1 1
<201825> <hasElectronicCigarettes> <No> 1 1 1 1
<204048> <hasElectronicCigarettes> <No> 1 1 1 1
<207621> <hasElectronicCigarettes> <No> 1 1 1 1
<203215> <hasElectronicCigarettes> <No> 0 0 0 0
<204923> <hasElectronicCigarettes> <No> 1 1 1 1
<206670> <hasElectronicCigarettes> <No> 1 1 1 1
<2103459> <hasElectronicCigarettes> <No> 1 1 1 1
<305230> <hasElectronicCigarettes> <No> 1 1 1 1
<107959> <hasElectronicCigarettes> <No> 1 1 1 1
<11313856> <hasElectronicCigarettes> <No> 1 1 1 1
<11311919> <hasElectronicCigarettes> <No> 1 1 1 1
<15703035> <hasElectronicCigarettes> <No> 1 1 1 1
<3006778> <hasElectronicCigarettes> <No> 1 1 1 1
<15714603> <hasElectronicCigarettes> <No> 1 1 1 1
<2302550> <hasElectronicCigarettes> <No> 1 1 1 1
<2115608> <hasElectronicCigarettes> <No> 1 1 1 1
<2101166> <hasElectronicCigarettes> <No> 1 1 1 1
<109781> <hasElectronicCigarettes> <No> 1 1 1 1
<108128> <hasElectronicCigarettes> <No> 1 1 1 1
<2900869> <hasElectronicCigarettes> <No> 1 1 1 1
<1509533> <hasElectronicCigarettes> <No> 1 1 1 1
<2406967> <hasElectronicCigarettes> <No> 0 0 0 0
<15715011> <hasElectronicCigarettes> <No> 1 1 1 1
<3602376> <hasElectronicCigarettes> <No> 1 1 1 1
<407498> <hasElectronicCigarettes> <No> 1 1 1 1
<416439> <hasElectronicCigarettes> <No> 1 1 1 1
<416569> <hasElectronicCigarettes> <No> 1 1 1 1
<417062> <hasElectronicCigarettes> <No> 1 1 1 1
<417357> <hasElectronicCigarettes> <No> 1 1 1 1
<1214199> <hasElectronicCigarettes> <No> 1 1 1 1
<1215238> <hasElectronicCigarettes> <No> 1 1 1 1
<15701722> <hasElectronicCigarettes> <No> 1 1 1 1
<1216126> <hasElectronicCigarettes> <No> 1 1 1 1
<1216550> <hasElectronicCigarettes> <No> 1 1 1 1
<1306863> <hasElectronicCigarettes> <No> 1 1 1 1
<1305689> <hasElectronicCigarettes> <No> 1 1 1 1
<15706104> <hasElectronicCigarettes> <No> 1 1 1 1
<2301426> <hasElectronicCigarettes> <No> 1 1 1 1
<216065> <hasElectronicCigarettes> <No> 1 1 1 1
<3016537> <hasElectronicCigarettes> <No> 1 1 1 1
<1500915> <hasElectronicCigarettes> <No> 1 1 1 1
<1500705> <hasElectronicCigarettes> <No> 1 1 1 1
<1300994> <hasElectronicCigarettes> <No> 1 1 1 1
<2115661> <hasElectronicCigarettes> <No> 1 1 1 1
<15717534> <hasElectronicCigarettes> <No> 1 1 1 1
<416512> <hasElectronicCigarettes> <No> 1 1 1 1
<4605034> <hasElectronicCigarettes> <No> 1 1 1 1
<4605872> <hasElectronicCigarettes> <No> 1 1 1 1
<4608362> <hasElectronicCigarettes> <No> 1 1 1 1
<4613405> <hasElectronicCigarettes> <No> 1 1 1 1
<502995> <hasElectronicCigarettes> <No> 1 1 1 1
<503190> <hasElectronicCigarettes> <No> 0 0 0 0
<503930> <hasElectronicCigarettes> <No> 0 0 0 0
<505890> <hasElectronicCigarettes> <No> 1 1 1 1
<5102782> <hasElectronicCigarettes> <No> 1 1 1 1
<5103668> <hasElectronicCigarettes> <No> 0 0 0 0
<5104172> <hasElectronicCigarettes> <No> 1 1 1 1
<5104270> <hasElectronicCigarettes> <No> 1 1 1 1
<5106491> <hasElectronicCigarettes> <No> 1 1 1 1
<5113130> <hasElectronicCigarettes> <No> 1 1 1 1
<513786> <hasElectronicCigarettes> <No> 1 1 1 1
<3715130> <hasElectronicCigarettes> <No> 1 1 1 1
<512414> <hasElectronicCigarettes> <No> 1 1 1 1
<514132> <hasElectronicCigarettes> <No> 1 1 1 1
<407631> <hasElectronicCigarettes> <No> 1 1 1 1
<5106540> <hasElectronicCigarettes> <No> 1 1 1 1
<416648> <hasElectronicCigarettes> <No> 1 1 1 1
<3508899> <hasElectronicCigarettes> <No> 1 1 1 1
<5102778> <hasElectronicCigarettes> <No> 1 1 1 1
<5103187> <hasElectronicCigarettes> <No> 1 1 1 1
<5103226> <hasElectronicCigarettes> <No> 1 1 1 1
<5304878> <hasElectronicCigarettes> <No> 1 1 1 1
<5314937> <hasElectronicCigarettes> <No> 1 1 1 1
<6303489> <hasElectronicCigarettes> <No> 1 1 1 1
<6400654> <hasElectronicCigarettes> <No> 1 1 1 1
<711042> <hasElectronicCigarettes> <No> 1 1 1 1
<715470> <hasElectronicCigarettes> <No> 1 1 1 1
<9417516> <hasElectronicCigarettes> <No> 1 1 1 1
<9711717> <hasElectronicCigarettes> <No> 1 1 1 1
<9714046> <hasElectronicCigarettes> <No> 1 1 1 1
<9910152> <hasElectronicCigarettes> <No> 2 2 1 1
<6400376> <hasElectronicCigarettes> <No> 1 1 1 1
<708937> <hasElectronicCigarettes> <No> 1 1 1 1
<5315227> <hasElectronicCigarettes> <No> 1 1 1 1
<9910147> <hasElectronicCigarettes> <No> 2 2 1 1
<5314476> <hasElectronicCigarettes> <No> 1 1 1 1
<5313323> <hasElectronicCigarettes> <No> 1 1 1 1
<708845> <hasElectronicCigarettes> <No> 1 1 1 1
<4615072> <hasElectronicCigarettes> <No> 1 1 1 1
<4616285> <hasElectronicCigarettes> <No> 2 2 1 1
<5111951> <hasElectronicCigarettes> <No> 1 1 1 1
<4201846> <hasElectronicCigarettes> <No> 1 1 1 1
<508868> <hasElectronicCigarettes> <No> 1 1 1 1
<5103365> <hasElectronicCigarettes> <No> 1 1 1 1
<3602571> <hasElectronicCigarettes> <No> 1 1 1 1
<5313340> <hasElectronicCigarettes> <No> 1 1 1 1
<5315883> <hasElectronicCigarettes> <No> 1 1 1 1
<5315365> <hasElectronicCigarettes> <No> 1 1 1 1
<9712642> <hasElectronicCigarettes> <No> 1 1 1 1
<3703610> <hasElectronicCigarettes> <Yes> 0 0 0 0
<503202> <hasElectronicCigarettes> <No> 1 1 1 1
<5106487> <hasElectronicCigarettes> <No> 1 1 1 1
<311907> <hasElectronicCigarettes> <No> 1 1 1 1
<5111377> <hasElectronicCigarettes> <No> 1 1 1 1
<6301694> <hasElectronicCigarettes> <No> 1 1 1 1
<7406105> <hasElectronicCigarettes> <No> 1 1 1 1
<908790> <hasElectronicCigarettes> <No> 1 1 1 1
<5112803> <hasElectronicCigarettes> <No> 1 1 1 1
<307197> <hasElectronicCigarettes> <No> 1 1 1 1
<314300> <hasElectronicCigarettes> <No> 1 1 1 1
<911558> <hasElectronicCigarettes> <No> 1 1 1 1
<9912935> <hasElectronicCigarettes> <No> 1 1 1 1
<5304882> <hasElectronicCigarettes> <No> 1 1 1 1
<907276> <hasElectronicCigarettes> <No> 0 0 0 0
<7000576> <hasElectronicCigarettes> <No> 1 1 1 1
<5316743> <hasElectronicCigarettes> <No> 1 1 1 1
<7110317> <hasElectronicCigarettes> <No> 1 1 1 1
<308188> <hasElectronicCigarettes> <No> 1 1 1 1
<909656> <hasElectronicCigarettes> <No> 1 1 1 1
<5304309> <hasElectronicCigarettes> <No> 0 0 0 0
<701629> <hasElectronicCigarettes> <No> 1 1 1 1
<516232> <hasElectronicCigarettes> <No> 1 1 1 1
<5316376> <hasElectronicCigarettes> <No> 1 1 1 1
<503879> <hasElectronicCigarettes> <No> 0 0 0 0
<5114482> <hasElectronicCigarettes> <No> 1 1 1 1
<702911> <hasElectronicCigarettes> <No> 1 1 1 1
<7000353> <hasElectronicCigarettes> <No> 1 1 1 1
<2806023> <hasElectronicCigarettes> <No> 1 1 1 1
<101435> <hasElectronicCigarettes> <No> 1 1 1 1
<101503> <hasElectronicCigarettes> <No> 1 1 1 1
<10610643> <hasElectronicCigarettes> <No> 1 1 1 1
<10611834> <hasElectronicCigarettes> <No> 1 1 1 1
<10802688> <hasElectronicCigarettes> <No> 1 1 1 1
<111111> <hasElectronicCigarettes> <No> 1 1 1 1
<112182> <hasElectronicCigarettes> <No> 2 2 1 1
<11313860> <hasElectronicCigarettes> <No> 1 1 1 1
<1200086> <hasElectronicCigarettes> <No> 1 1 1 1
<1202070> <hasElectronicCigarettes> <No> 1 1 1 1
<12913805> <hasElectronicCigarettes> <No> 1 1 1 1
<12914515> <hasElectronicCigarettes> <No> 1 1 1 1
<12914841> <hasElectronicCigarettes> <No> 1 1 1 1
<1305605> <hasElectronicCigarettes> <No> 1 1 1 1
<1310879> <hasElectronicCigarettes> <No> 1 1 1 1
<1312919> <hasElectronicCigarettes> <No> 1 1 1 1
<1312953> <hasElectronicCigarettes> <No> 1 1 1 1
<15700159> <hasElectronicCigarettes> <No> 1 1 1 1
<10612117> <hasElectronicCigarettes> <No> 1 1 1 1
<1314907> <hasElectronicCigarettes> <No> 1 1 1 1
<1511160> <hasElectronicCigarettes> <No> 1 1 1 1
<101796> <hasElectronicCigarettes> <No> 2 2 1 1
<110687> <hasElectronicCigarettes> <No> 1 1 1 1
<11312309> <hasElectronicCigarettes> <No> 1 1 1 1
<203599> <hasElectronicCigarettes> <No> 1 1 1 1
<209327> <hasElectronicCigarettes> <No> 1 1 1 1
<2103584> <hasElectronicCigarettes> <No> 1 1 1 1
<2304234> <hasElectronicCigarettes> <No> 1 1 1 1
<2305192> <hasElectronicCigarettes> <No> 1 1 1 1
<2407342> <hasElectronicCigarettes> <No> 1 1 1 1
<2806627> <hasElectronicCigarettes> <No> 1 1 1 1
<2904562> <hasElectronicCigarettes> <No> 1 1 1 1
<3007638> <hasElectronicCigarettes> <No> 1 1 1 1
<301132> <hasElectronicCigarettes> <No> 1 1 1 1
<3011352> <hasElectronicCigarettes> <No> 1 1 1 1
<15706419> <hasElectronicCigarettes> <No> 1 1 1 1
<15709784> <hasElectronicCigarettes> <No> 1 1 1 1
<203253> <hasElectronicCigarettes> <No> 1 1 1 1
<2107766> <hasElectronicCigarettes> <No> 1 1 1 1
<2804208> <hasElectronicCigarettes> <No> 1 1 1 1
<2807144> <hasElectronicCigarettes> <No> 1 1 1 1
<2115546> <hasElectronicCigarettes> <No> 1 1 1 1
<15709793> <hasElectronicCigarettes> <No> 1 1 1 1
<1310450> <hasElectronicCigarettes> <No> 1 1 1 1
<1504541> <hasElectronicCigarettes> <No> 1 1 1 1
<10612129> <hasElectronicCigarettes> <No> 1 1 1 1
<1310306> <hasElectronicCigarettes> <No> 1 1 1 1
<1216711> <hasElectronicCigarettes> <No> 1 1 1 1
<15700193> <hasElectronicCigarettes> <No> 1 1 1 1
<10611867> <hasElectronicCigarettes> <No> 1 1 1 1
<1216080> <hasElectronicCigarettes> <No> 1 1 1 1
<1314878> <hasElectronicCigarettes> <No> 1 1 1 1
<108007> <hasElectronicCigarettes> <No> 1 1 1 1
<15709469> <hasElectronicCigarettes> <No> 1 1 1 1
<206328> <hasElectronicCigarettes> <No> 0 0 0 0
<207957> <hasElectronicCigarettes> <No> 1 1 1 1
<2107865> <hasElectronicCigarettes> <No> 1 1 1 1
<2304500> <hasElectronicCigarettes> <No> 1 1 1 1
<2804666> <hasElectronicCigarettes> <No> 1 1 1 1
<2915964> <hasElectronicCigarettes> <No> 1 1 1 1
<2806985> <hasElectronicCigarettes> <No> 1 1 1 1
<2917480> <hasElectronicCigarettes> <No> 1 1 1 1
<2100736> <hasElectronicCigarettes> <No> 1 1 1 1
<102860> <hasElectronicCigarettes> <No> 2 2 1 1
<107351> <hasElectronicCigarettes> <No> 1 1 1 1
<202667> <hasElectronicCigarettes> <No> 0 0 0 0
<208872> <hasElectronicCigarettes> <No> 1 1 1 1
<2100806> <hasElectronicCigarettes> <No> 1 1 1 1
<300326> <hasElectronicCigarettes> <No> 0 0 0 0
<303873> <hasElectronicCigarettes> <No> 1 1 1 1
<304534> <hasElectronicCigarettes> <No> 1 1 1 1
<1300801> <hasElectronicCigarettes> <No> 1 1 1 1
<1515204> <hasElectronicCigarettes> <No> 1 1 1 1
<14702161> <hasElectronicCigarettes> <No> 1 1 1 1
<2915967> <hasElectronicCigarettes> <No> 1 1 1 1
<300467> <hasElectronicCigarettes> <No> 0 0 0 0
<2303799> <hasElectronicCigarettes> <No> 1 1 1 1
<215377> <hasElectronicCigarettes> <No> 1 1 1 1
<203407> <hasElectronicCigarettes> <No> 1 1 1 1
<2801983> <hasElectronicCigarettes> <No> 1 1 1 1
<15709813> <hasElectronicCigarettes> <No> 1 1 1 1
<2108761> <hasElectronicCigarettes> <No> 0 0 0 0
<2806291> <hasElectronicCigarettes> <No> 1 1 1 1
<10816491> <hasElectronicCigarettes> <No> 1 1 1 1
<2804103> <hasElectronicCigarettes> <No> 1 1 1 1
<2807106> <hasElectronicCigarettes> <No> 1 1 1 1
<1216563> <hasElectronicCigarettes> <No> 1 1 1 1
<2805430> <hasElectronicCigarettes> <No> 1 1 1 1
<301412> <hasElectronicCigarettes> <No> 1 1 1 1
<1511157> <hasElectronicCigarettes> <No> 1 1 1 1
<110528> <hasElectronicCigarettes> <No> 2 2 1 1
<2301150> <hasElectronicCigarettes> <No> 1 1 1 1
<101679> <hasElectronicCigarettes> <No> 0 0 0 0
<2304143> <hasElectronicCigarettes> <No> 1 1 1 1
<2806931> <hasElectronicCigarettes> <No> 1 1 1 1
<203255> <hasElectronicCigarettes> <No> 0 0 0 0
<314436> <hasElectronicCigarettes> <No> 1 1 1 1
<3514525> <hasElectronicCigarettes> <No> 1 1 1 1
<3712205> <hasElectronicCigarettes> <No> 1 1 1 1
<417053> <hasElectronicCigarettes> <No> 1 1 1 1
<417142> <hasElectronicCigarettes> <No> 1 1 1 1
<417400> <hasElectronicCigarettes> <No> 1 1 1 1
<5102746> <hasElectronicCigarettes> <No> 1 1 1 1
<5111257> <hasElectronicCigarettes> <No> 1 1 1 1
<5113974> <hasElectronicCigarettes> <No> 1 1 1 1
<5117418> <hasElectronicCigarettes> <No> 1 1 1 1
<4602214> <hasElectronicCigarettes> <No> 1 1 1 1
<5111621> <hasElectronicCigarettes> <No> 1 1 1 1
<416500> <hasElectronicCigarettes> <No> 1 1 1 1
<5116364> <hasElectronicCigarettes> <No> 1 1 1 1
<5116042> <hasElectronicCigarettes> <No> 1 1 1 1
<503182> <hasElectronicCigarettes> <No> 1 1 1 1
<5115952> <hasElectronicCigarettes> <No> 1 1 1 1
<516901> <hasElectronicCigarettes> <No> 1 1 1 1
<5314615> <hasElectronicCigarettes> <No> 1 1 1 1
<5315870> <hasElectronicCigarettes> <No> 1 1 1 1
<5316227> <hasElectronicCigarettes> <No> 1 1 1 1
<5316400> <hasElectronicCigarettes> <No> 1 1 1 1
<5511709> <hasElectronicCigarettes> <No> 1 1 1 1
<6905914> <hasElectronicCigarettes> <No> 1 1 1 1
<7012945> <hasElectronicCigarettes> <No> 1 1 1 1
<711611> <hasElectronicCigarettes> <No> 1 1 1 1
<916911> <hasElectronicCigarettes> <No> 1 1 1 1
<9711672> <hasElectronicCigarettes> <No> 1 1 1 1
<9712646> <hasElectronicCigarettes> <No> 1 1 1 1
<9912930> <hasElectronicCigarettes> <No> 1 1 1 1
<6901057> <hasElectronicCigarettes> <No> 1 1 1 1
<9910479> <hasElectronicCigarettes> <No> 1 1 1 1
<6300241> <hasElectronicCigarettes> <No> 1 1 1 1
<911556> <hasElectronicCigarettes> <No> 1 1 1 1
<5313125> <hasElectronicCigarettes> <No> 1 1 1 1
<7005783> <hasElectronicCigarettes> <No> 1 1 1 1
<7110316> <hasElectronicCigarettes> <No> 1 1 1 1
<306121> <hasElectronicCigarettes> <No> 1 1 1 1
<4602211> <hasElectronicCigarettes> <Yes> 1 1 1 1
<4614561> <hasElectronicCigarettes> <No> 1 1 1 1
<503927> <hasElectronicCigarettes> <No> 0 0 0 0
<5110403> <hasElectronicCigarettes> <No> 1 1 1 1
<5112258> <hasElectronicCigarettes> <No> 1 1 1 1
<4313417> <hasElectronicCigarettes> <No> 1 1 1 1
<513696> <hasElectronicCigarettes> <No> 1 1 1 1
<3602569> <hasElectronicCigarettes> <No> 1 1 1 1
<5105589> <hasElectronicCigarettes> <No> 1 1 1 1
<5313264> <hasElectronicCigarettes> <No> 1 1 1 1
<5316161> <hasElectronicCigarettes> <No> 1 1 1 1
<6311629> <hasElectronicCigarettes> <No> 1 1 1 1
<6401405> <hasElectronicCigarettes> <No> 1 1 1 1
<916812> <hasElectronicCigarettes> <No> 1 1 1 1
<5307651> <hasElectronicCigarettes> <No> 0 0 0 0
<707306> <hasElectronicCigarettes> <No> 1 1 1 1
<6300070> <hasElectronicCigarettes> <No> 1 1 1 1
<6300285> <hasElectronicCigarettes> <No> 1 1 1 1
<6400527> <hasElectronicCigarettes> <No> 1 1 1 1
<4605032> <hasElectronicCigarettes> <No> 1 1 1 1
<7000390> <hasElectronicCigarettes> <No> 1 1 1 1
<3405012> <hasElectronicCigarettes> <No> 1 1 1 1
<5103463> <hasElectronicCigarettes> <No> 1 1 1 1
<5110040> <hasElectronicCigarettes> <No> 1 1 1 1
<417057> <hasElectronicCigarettes> <No> 1 1 1 1
<5314980> <hasElectronicCigarettes> <No> 1 1 1 1
<907172> <hasElectronicCigarettes> <No> 0 0 0 0
<3707095> <hasElectronicCigarettes> <No> 1 1 1 1
<4602349> <hasElectronicCigarettes> <No> 1 1 1 1
<5313981> <hasElectronicCigarettes> <No> 1 1 1 1
<516226> <hasElectronicCigarettes> <No> 1 1 1 1
<316446> <hasElectronicCigarettes> <No> 1 1 1 1
<7404357> <hasElectronicCigarettes> <No> 1 1 1 1
<311640> <hasElectronicCigarettes> <No> 1 1 1 1
<503960> <hasElectronicCigarettes> <No> 0 0 0 0
<5108300> <hasElectronicCigarettes> <No> 1 1 1 1
<3703237> <hasElectronicCigarettes> <No> 1 1 1 1
<417104> <hasElectronicCigarettes> <No> 1 1 1 1
<6300237> <hasElectronicCigarettes> <No> 1 1 1 1
<7005790> <hasElectronicCigarettes> <No> 1 1 1 1
<5110838> <hasElectronicCigarettes> <No> 1 1 1 1
<313911> <hasElectronicCigarettes> <No> 1 1 1 1
<5805668> <hasElectronicCigarettes> <No> 1 1 1 1
<9909447> <hasElectronicCigarettes> <No> 1 1 1 1
<5316159> <hasElectronicCigarettes> <No> 1 1 1 1
<5315653> <hasElectronicCigarettes> <No> 1 1 1 1
<6400651> <hasElectronicCigarettes> <No> 1 1 1 1
<5315482> <hasElectronicCigarettes> <No> 1 1 1 1
<5103261> <hasElectronicCigarettes> <No> 1 1 1 1
<5106412> <hasElectronicCigarettes> <No> 1 1 1 1
<7404362> <hasElectronicCigarettes> <No> 1 1 1 1
<2902456> <hasElectronicCigarettes> <No> 2 2 1 1
<701845> <hasElectronicCigarettes> <No> 1 1 1 1
<9912044> <hasElectronicCigarettes> <No> 1 1 1 1
<714537> <hasElectronicCigarettes> <No> 1 1 1 1
<6402754> <hasElectronicCigarettes> <No> 1 1 1 1
<710812> <hasElectronicCigarettes> <No> 1 1 1 1
<7404349> <hasElectronicCigarettes> <No> 1 1 1 1
<5104952> <hasElectronicCigarettes> <No> 1 1 1 1
<5305997> <hasElectronicCigarettes> <No> 1 1 1 1
<2507300> <hasElectronicCigarettes> <No> 1 1 1 1
