<10605808> <has_previousCancerHistory_OrNot> <No> 1 1 1 1
<10610206> <has_previousCancerHistory_OrNot> <No> 1 1 1 1
<108003> <has_previousCancerHistory_OrNot> <Yes> 0 0 0 0
<108131> <has_previousCancerHistory_OrNot> <Yes> 0 0 0 0
<109738> <has_previousCancerHistory_OrNot> <Yes> 0 0 0 0
<112176> <has_previousCancerHistory_OrNot> <No> 1 1 1 1
<11312299> <has_previousCancerHistory_OrNot> <No> 1 1 1 1
<1006653> <has_previousCancerHistory_OrNot> <No> 0 0 0 0
<103882> <has_previousCancerHistory_OrNot> <Yes> 1 1 1 1
<10802677> <has_previousCancerHistory_OrNot> <No> 1 1 1 1
<10807130> <has_previousCancerHistory_OrNot> <Yes> 0 0 0 0
<111415> <has_previousCancerHistory_OrNot> <No> 1 1 1 1
<11312241> <has_previousCancerHistory_OrNot> <No> 1 1 1 1
<108248> <has_previousCancerHistory_OrNot> <No> 0 0 0 0
<102905> <has_previousCancerHistory_OrNot> <No> 0 0 0 0
<10601210> <has_previousCancerHistory_OrNot> <No> 0 0 0 0
<11312259> <has_previousCancerHistory_OrNot> <No> 1 1 1 1
<110894> <has_previousCancerHistory_OrNot> <Yes> 2 2 1 1
<11312639> <has_previousCancerHistory_OrNot> <No> 1 1 1 1
<11405716> <has_previousCancerHistory_OrNot> <No> 0 0 0 0
<10607053> <has_previousCancerHistory_OrNot> <No> 1 1 1 1
<107686> <has_previousCancerHistory_OrNot> <No> 1 1 1 1
<108007> <has_previousCancerHistory_OrNot> <Yes> 0 0 0 0
<108220> <has_previousCancerHistory_OrNot> <No> 0 0 0 0
<1009268> <has_previousCancerHistory_OrNot> <No> 1 1 1 1
<111890> <has_previousCancerHistory_OrNot> <Yes> 0 0 0 0
<110683> <has_previousCancerHistory_OrNot> <No> 1 1 1 1
<10600507> <has_previousCancerHistory_OrNot> <No> 0 0 0 0
<108162> <has_previousCancerHistory_OrNot> <No> 1 1 1 1
<109875> <has_previousCancerHistory_OrNot> <No> 1 1 1 1
<110234> <has_previousCancerHistory_OrNot> <Yes> 0 0 0 0
<11317032> <has_previousCancerHistory_OrNot> <No> 1 1 1 1
<1009256> <has_previousCancerHistory_OrNot> <No> 1 1 1 1
<10602485> <has_previousCancerHistory_OrNot> <No> 1 1 1 1
<110770> <has_previousCancerHistory_OrNot> <No> 1 1 1 1
<101989> <has_previousCancerHistory_OrNot> <No> 1 1 1 1
<1216817> <has_previousCancerHistory_OrNot> <Yes> 2 2 1 1
<1213088> <has_previousCancerHistory_OrNot> <No> 1 1 1 1
<1214035> <has_previousCancerHistory_OrNot> <No> 1 1 1 1
<1305527> <has_previousCancerHistory_OrNot> <No> 0 0 0 0
<1305768> <has_previousCancerHistory_OrNot> <No> 1 1 1 1
<1306715> <has_previousCancerHistory_OrNot> <Yes> 1 1 1 1
<1314117> <has_previousCancerHistory_OrNot> <No> 1 1 1 1
<11911398> <has_previousCancerHistory_OrNot> <No> 1 1 1 1
<1300706> <has_previousCancerHistory_OrNot> <No> 1 1 1 1
<1313458> <has_previousCancerHistory_OrNot> <No> 1 1 1 1
<1315101> <has_previousCancerHistory_OrNot> <No> 1 1 1 1
<1300777> <has_previousCancerHistory_OrNot> <No> 1 1 1 1
<1314763> <has_previousCancerHistory_OrNot> <No> 1 1 1 1
<1314842> <has_previousCancerHistory_OrNot> <No> 1 1 1 1
<1206580> <has_previousCancerHistory_OrNot> <No> 0 0 0 0
<1304762> <has_previousCancerHistory_OrNot> <No> 0 0 0 0
<11405823> <has_previousCancerHistory_OrNot> <No> 0 0 0 0
<1306585> <has_previousCancerHistory_OrNot> <No> 1 1 1 1
<1315175> <has_previousCancerHistory_OrNot> <No> 0 0 0 0
<14706816> <has_previousCancerHistory_OrNot> <UNK> 0 0 0 0
<1500850> <has_previousCancerHistory_OrNot> <No> 1 1 1 1
<1501050> <has_previousCancerHistory_OrNot> <No> 0 0 0 0
<1504487> <has_previousCancerHistory_OrNot> <No> 1 1 1 1
<1504914> <has_previousCancerHistory_OrNot> <No> 1 1 1 1
<1511175> <has_previousCancerHistory_OrNot> <No> 1 1 1 1
<15700749> <has_previousCancerHistory_OrNot> <No> 1 1 1 1
<15703029> <has_previousCancerHistory_OrNot> <No> 1 1 1 1
<15714597> <has_previousCancerHistory_OrNot> <No> 1 1 1 1
<15714656> <has_previousCancerHistory_OrNot> <Yes> 0 0 0 0
<202055> <has_previousCancerHistory_OrNot> <No> 0 0 0 0
<202681> <has_previousCancerHistory_OrNot> <No> 0 0 0 0
<204398> <has_previousCancerHistory_OrNot> <No> 1 1 1 1
<14612688> <has_previousCancerHistory_OrNot> <No> 1 1 1 1
<201702> <has_previousCancerHistory_OrNot> <No> 0 0 0 0
<1315201> <has_previousCancerHistory_OrNot> <No> 1 1 1 1
<1506932> <has_previousCancerHistory_OrNot> <No> 1 1 1 1
<1511143> <has_previousCancerHistory_OrNot> <No> 1 1 1 1
<202761> <has_previousCancerHistory_OrNot> <Yes> 1 1 1 1
<1509575> <has_previousCancerHistory_OrNot> <No> 1 1 1 1
<15706389> <has_previousCancerHistory_OrNot> <No> 1 1 1 1
<204333> <has_previousCancerHistory_OrNot> <No> 0 0 0 0
<15709776> <has_previousCancerHistory_OrNot> <No> 1 1 1 1
<14713303> <has_previousCancerHistory_OrNot> <Yes> 0 0 0 0
<15701583> <has_previousCancerHistory_OrNot> <No> 1 1 1 1
<1305534> <has_previousCancerHistory_OrNot> <No> 0 0 0 0
<1315080> <has_previousCancerHistory_OrNot> <No> 1 1 1 1
<1306115> <has_previousCancerHistory_OrNot> <Yes> 1 1 1 1
<1201018> <has_previousCancerHistory_OrNot> <No> 1 1 1 1
<1313380> <has_previousCancerHistory_OrNot> <Yes> 0 0 0 0
<203199> <has_previousCancerHistory_OrNot> <Yes> 0 0 0 0
<203215> <has_previousCancerHistory_OrNot> <No> 0 0 0 0
<203323> <has_previousCancerHistory_OrNot> <No> 0 0 0 0
<14602707> <has_previousCancerHistory_OrNot> <No> 1 1 1 1
<1500620> <has_previousCancerHistory_OrNot> <No> 1 1 1 1
<204824> <has_previousCancerHistory_OrNot> <UNK> 0 0 0 0
<1303492> <has_previousCancerHistory_OrNot> <Yes> 0 0 0 0
<15714659> <has_previousCancerHistory_OrNot> <No> 1 1 1 1
<201864> <has_previousCancerHistory_OrNot> <No> 0 0 0 0
<1511145> <has_previousCancerHistory_OrNot> <No> 1 1 1 1
<201625> <has_previousCancerHistory_OrNot> <No> 0 0 0 0
<205329> <has_previousCancerHistory_OrNot> <No> 0 0 0 0
<15706134> <has_previousCancerHistory_OrNot> <No> 1 1 1 1
<15701748> <has_previousCancerHistory_OrNot> <No> 1 1 1 1
<203155> <has_previousCancerHistory_OrNot> <No> 0 0 0 0
<1214804> <has_previousCancerHistory_OrNot> <No> 1 1 1 1
<1310450> <has_previousCancerHistory_OrNot> <Yes> 0 0 0 0
<1505976> <has_previousCancerHistory_OrNot> <Yes> 2 2 1 1
<201862> <has_previousCancerHistory_OrNot> <No> 0 0 0 0
<1507374> <has_previousCancerHistory_OrNot> <No> 1 1 1 1
<15701659> <has_previousCancerHistory_OrNot> <Yes> 2 2 1 1
<1511167> <has_previousCancerHistory_OrNot> <No> 1 1 1 1
<12914002> <has_previousCancerHistory_OrNot> <No> 1 1 1 1
<1305693> <has_previousCancerHistory_OrNot> <No> 1 1 1 1
<1310062> <has_previousCancerHistory_OrNot> <No> 1 1 1 1
<202131> <has_previousCancerHistory_OrNot> <No> 0 0 0 0
<11313666> <has_previousCancerHistory_OrNot> <No> 1 1 1 1
<14705787> <has_previousCancerHistory_OrNot> <No> 0 0 0 0
<15709470> <has_previousCancerHistory_OrNot> <No> 1 1 1 1
<1509870> <has_previousCancerHistory_OrNot> <No> 1 1 1 1
<201561> <has_previousCancerHistory_OrNot> <No> 0 0 0 0
<1200717> <has_previousCancerHistory_OrNot> <No> 1 1 1 1
<1300812> <has_previousCancerHistory_OrNot> <No> 0 0 0 0
<1506628> <has_previousCancerHistory_OrNot> <No> 1 1 1 1
<1315290> <has_previousCancerHistory_OrNot> <No> 0 0 0 0
<1501012> <has_previousCancerHistory_OrNot> <Yes> 0 0 0 0
<1300989> <has_previousCancerHistory_OrNot> <No> 1 1 1 1
<1511172> <has_previousCancerHistory_OrNot> <Yes> 0 0 0 0
<206679> <has_previousCancerHistory_OrNot> <No> 1 1 1 1
<207214> <has_previousCancerHistory_OrNot> <No> 0 0 0 0
<2104979> <has_previousCancerHistory_OrNot> <No> 1 1 1 1
<1306317> <has_previousCancerHistory_OrNot> <No> 0 0 0 0
<1314785> <has_previousCancerHistory_OrNot> <No> 1 1 1 1
<1214896> <has_previousCancerHistory_OrNot> <No> 1 1 1 1
<1313850> <has_previousCancerHistory_OrNot> <No> 1 1 1 1
<1302497> <has_previousCancerHistory_OrNot> <No> 0 0 0 0
<1315503> <has_previousCancerHistory_OrNot> <No> 1 1 1 1
<204341> <has_previousCancerHistory_OrNot> <Yes> 0 0 0 0
<15717534> <has_previousCancerHistory_OrNot> <No> 1 1 1 1
<1200591> <has_previousCancerHistory_OrNot> <No> 1 1 1 1
<1314774> <has_previousCancerHistory_OrNot> <No> 1 1 1 1
<204740> <has_previousCancerHistory_OrNot> <No> 0 0 0 0
<204938> <has_previousCancerHistory_OrNot> <No> 0 0 0 0
<1301958> <has_previousCancerHistory_OrNot> <No> 0 0 0 0
<1306440> <has_previousCancerHistory_OrNot> <UNK> 0 0 0 0
<201939> <has_previousCancerHistory_OrNot> <No> 0 0 0 0
<1505391> <has_previousCancerHistory_OrNot> <No> 1 1 1 1
<2114403> <has_previousCancerHistory_OrNot> <No> 1 1 1 1
<212874> <has_previousCancerHistory_OrNot> <No> 1 1 1 1
<212910> <has_previousCancerHistory_OrNot> <Yes> 2 2 1 1
<213740> <has_previousCancerHistory_OrNot> <No> 1 1 1 1
<217158> <has_previousCancerHistory_OrNot> <No> 1 1 1 1
<2100666> <has_previousCancerHistory_OrNot> <Yes> 2 2 1 1
<212088> <has_previousCancerHistory_OrNot> <No> 0 0 0 0
<212396> <has_previousCancerHistory_OrNot> <No> 1 1 1 1
<2312516> <has_previousCancerHistory_OrNot> <No> 1 1 1 1
<206680> <has_previousCancerHistory_OrNot> <No> 0 0 0 0
<2100831> <has_previousCancerHistory_OrNot> <No> 0 0 0 0
<2106675> <has_previousCancerHistory_OrNot> <Yes> 2 2 1 1
<2304967> <has_previousCancerHistory_OrNot> <No> 1 1 1 1
<2305369> <has_previousCancerHistory_OrNot> <No> 1 1 1 1
<208265> <has_previousCancerHistory_OrNot> <No> 0 0 0 0
<2104410> <has_previousCancerHistory_OrNot> <Yes> 2 2 1 1
<2108699> <has_previousCancerHistory_OrNot> <No> 1 1 1 1
<211341> <has_previousCancerHistory_OrNot> <Yes> 2 2 1 1
<2405615> <has_previousCancerHistory_OrNot> <No> 0 0 0 0
<206671> <has_previousCancerHistory_OrNot> <No> 0 0 0 0
<2309459> <has_previousCancerHistory_OrNot> <No> 1 1 1 1
<2101171> <has_previousCancerHistory_OrNot> <Yes> 2 2 1 1
<207929> <has_previousCancerHistory_OrNot> <No> 1 1 1 1
<2305363> <has_previousCancerHistory_OrNot> <No> 0 0 0 0
<2304829> <has_previousCancerHistory_OrNot> <No> 1 1 1 1
<2800094> <has_previousCancerHistory_OrNot> <No> 1 1 1 1
<2808231> <has_previousCancerHistory_OrNot> <No> 0 0 0 0
<2813548> <has_previousCancerHistory_OrNot> <No> 0 0 0 0
<2917345> <has_previousCancerHistory_OrNot> <No> 1 1 1 1
<2917485> <has_previousCancerHistory_OrNot> <No> 1 1 1 1
<311826> <has_previousCancerHistory_OrNot> <No> 1 1 1 1
<314397> <has_previousCancerHistory_OrNot> <No> 1 1 1 1
<316452> <has_previousCancerHistory_OrNot> <No> 1 1 1 1
<2903704> <has_previousCancerHistory_OrNot> <No> 1 1 1 1
<2917358> <has_previousCancerHistory_OrNot> <No> 1 1 1 1
<301364> <has_previousCancerHistory_OrNot> <No> 1 1 1 1
<303327> <has_previousCancerHistory_OrNot> <No> 0 0 0 0
<304816> <has_previousCancerHistory_OrNot> <No> 0 0 0 0
<2816457> <has_previousCancerHistory_OrNot> <No> 1 1 1 1
<302039> <has_previousCancerHistory_OrNot> <No> 1 1 1 1
<307198> <has_previousCancerHistory_OrNot> <Yes> 0 0 0 0
<313008> <has_previousCancerHistory_OrNot> <No> 1 1 1 1
<306534> <has_previousCancerHistory_OrNot> <No> 0 0 0 0
<307223> <has_previousCancerHistory_OrNot> <Yes> 0 0 0 0
<202077> <has_previousCancerHistory_OrNot> <No> 1 1 1 1
<207238> <has_previousCancerHistory_OrNot> <No> 0 0 0 0
<2100672> <has_previousCancerHistory_OrNot> <No> 1 1 1 1
<2101499> <has_previousCancerHistory_OrNot> <No> 0 0 0 0
<210601> <has_previousCancerHistory_OrNot> <No> 1 1 1 1
<212699> <has_previousCancerHistory_OrNot> <No> 1 1 1 1
<2303283> <has_previousCancerHistory_OrNot> <No> 1 1 1 1
<2406201> <has_previousCancerHistory_OrNot> <No> 1 1 1 1
<209327> <has_previousCancerHistory_OrNot> <No> 1 1 1 1
<208710> <has_previousCancerHistory_OrNot> <No> 1 1 1 1
<2306736> <has_previousCancerHistory_OrNot> <No> 0 0 0 0
<2301093> <has_previousCancerHistory_OrNot> <No> 1 1 1 1
<211725> <has_previousCancerHistory_OrNot> <No> 1 1 1 1
<212569> <has_previousCancerHistory_OrNot> <No> 1 1 1 1
<2507361> <has_previousCancerHistory_OrNot> <No> 0 0 0 0
<2815508> <has_previousCancerHistory_OrNot> <No> 1 1 1 1
<2901424> <has_previousCancerHistory_OrNot> <No> 1 1 1 1
<3012036> <has_previousCancerHistory_OrNot> <Yes> 2 2 1 1
<2806039> <has_previousCancerHistory_OrNot> <No> 1 1 1 1
<2917474> <has_previousCancerHistory_OrNot> <No> 1 1 1 1
<3006426> <has_previousCancerHistory_OrNot> <No> 0 0 0 0
<2917303> <has_previousCancerHistory_OrNot> <Yes> 0 0 0 0
<303711> <has_previousCancerHistory_OrNot> <No> 0 0 0 0
<304780> <has_previousCancerHistory_OrNot> <Yes> 0 0 0 0
<2811051> <has_previousCancerHistory_OrNot> <Yes> 0 0 0 0
<317299> <has_previousCancerHistory_OrNot> <Yes> 0 0 0 0
<311603> <has_previousCancerHistory_OrNot> <No> 1 1 1 1
<2303224> <has_previousCancerHistory_OrNot> <Yes> 0 0 0 0
<213489> <has_previousCancerHistory_OrNot> <No> 1 1 1 1
<2305057> <has_previousCancerHistory_OrNot> <Yes> 0 0 0 0
<210088> <has_previousCancerHistory_OrNot> <No> 0 0 0 0
<2100741> <has_previousCancerHistory_OrNot> <No> 1 1 1 1
<2816579> <has_previousCancerHistory_OrNot> <No> 1 1 1 1
<301970> <has_previousCancerHistory_OrNot> <Yes> 0 0 0 0
<2808364> <has_previousCancerHistory_OrNot> <No> 0 0 0 0
<2804104> <has_previousCancerHistory_OrNot> <No> 0 0 0 0
<15714624> <has_previousCancerHistory_OrNot> <Yes> 2 2 1 1
<211878> <has_previousCancerHistory_OrNot> <No> 1 1 1 1
<2102644> <has_previousCancerHistory_OrNot> <No> 1 1 1 1
<311567> <has_previousCancerHistory_OrNot> <No> 1 1 1 1
<304987> <has_previousCancerHistory_OrNot> <No> 1 1 1 1
<3006821> <has_previousCancerHistory_OrNot> <Yes> 2 2 1 1
<2808358> <has_previousCancerHistory_OrNot> <No> 0 0 0 0
<213432> <has_previousCancerHistory_OrNot> <No> 1 1 1 1
<2302192> <has_previousCancerHistory_OrNot> <No> 0 0 0 0
<3015520> <has_previousCancerHistory_OrNot> <No> 1 1 1 1
<2806622> <has_previousCancerHistory_OrNot> <No> 1 1 1 1
<2100728> <has_previousCancerHistory_OrNot> <No> 1 1 1 1
<2102291> <has_previousCancerHistory_OrNot> <Yes> 0 0 0 0
<2810995> <has_previousCancerHistory_OrNot> <Yes> 2 2 1 1
<2306733> <has_previousCancerHistory_OrNot> <No> 0 0 0 0
<314303> <has_previousCancerHistory_OrNot> <No> 1 1 1 1
<2307243> <has_previousCancerHistory_OrNot> <No> 0 0 0 0
<212038> <has_previousCancerHistory_OrNot> <No> 1 1 1 1
<2101455> <has_previousCancerHistory_OrNot> <Yes> 2 2 1 1
<3404807> <has_previousCancerHistory_OrNot> <No> 0 0 0 0
<3408696> <has_previousCancerHistory_OrNot> <Yes> 0 0 0 0
<3510124> <has_previousCancerHistory_OrNot> <No> 1 1 1 1
<2300031> <has_previousCancerHistory_OrNot> <Yes> 0 0 0 0
<207217> <has_previousCancerHistory_OrNot> <No> 0 0 0 0
<210674> <has_previousCancerHistory_OrNot> <No> 1 1 1 1
<2804737> <has_previousCancerHistory_OrNot> <No> 0 0 0 0
<311642> <has_previousCancerHistory_OrNot> <No> 1 1 1 1
<2810999> <has_previousCancerHistory_OrNot> <No> 0 0 0 0
<209960> <has_previousCancerHistory_OrNot> <No> 1 1 1 1
<2300555> <has_previousCancerHistory_OrNot> <No> 1 1 1 1
<307040> <has_previousCancerHistory_OrNot> <No> 1 1 1 1
<2300052> <has_previousCancerHistory_OrNot> <No> 1 1 1 1
<2311630> <has_previousCancerHistory_OrNot> <Yes> 0 0 0 0
<2900878> <has_previousCancerHistory_OrNot> <No> 1 1 1 1
<407626> <has_previousCancerHistory_OrNot> <No> 1 1 1 1
<410075> <has_previousCancerHistory_OrNot> <No> 1 1 1 1
<410361> <has_previousCancerHistory_OrNot> <Yes> 2 2 1 1
<416518> <has_previousCancerHistory_OrNot> <Yes> 0 0 0 0
<416673> <has_previousCancerHistory_OrNot> <No> 1 1 1 1
<3803430> <has_previousCancerHistory_OrNot> <No> 1 1 1 1
<410165> <has_previousCancerHistory_OrNot> <No> 1 1 1 1
<411035> <has_previousCancerHistory_OrNot> <No> 1 1 1 1
<3309825> <has_previousCancerHistory_OrNot> <No> 1 1 1 1
<415947> <has_previousCancerHistory_OrNot> <Yes> 0 0 0 0
<3707142> <has_previousCancerHistory_OrNot> <No> 1 1 1 1
<3712248> <has_previousCancerHistory_OrNot> <No> 1 1 1 1
<3307150> <has_previousCancerHistory_OrNot> <No> 0 0 0 0
<410940> <has_previousCancerHistory_OrNot> <No> 1 1 1 1
<4314194> <has_previousCancerHistory_OrNot> <No> 1 1 1 1
<4608615> <has_previousCancerHistory_OrNot> <No> 2 2 1 1
<4911131> <has_previousCancerHistory_OrNot> <No> 1 1 1 1
<501236> <has_previousCancerHistory_OrNot> <Yes> 1 1 1 1
<503297> <has_previousCancerHistory_OrNot> <No> 0 0 0 0
<503300> <has_previousCancerHistory_OrNot> <Yes> 1 1 1 1
<503918> <has_previousCancerHistory_OrNot> <No> 1 1 1 1
<507448> <has_previousCancerHistory_OrNot> <Yes> 0 0 0 0
<507514> <has_previousCancerHistory_OrNot> <No> 0 0 0 0
<508310> <has_previousCancerHistory_OrNot> <No> 0 0 0 0
<508980> <has_previousCancerHistory_OrNot> <No> 0 0 0 0
<503851> <has_previousCancerHistory_OrNot> <No> 0 0 0 0
<501344> <has_previousCancerHistory_OrNot> <No> 0 0 0 0
<4313602> <has_previousCancerHistory_OrNot> <No> 1 1 1 1
<508419> <has_previousCancerHistory_OrNot> <No> 0 0 0 0
<4911195> <has_previousCancerHistory_OrNot> <No> 1 1 1 1
<3707412> <has_previousCancerHistory_OrNot> <No> 1 1 1 1
<3507858> <has_previousCancerHistory_OrNot> <No> 0 0 0 0
<3509176> <has_previousCancerHistory_OrNot> <No> 1 1 1 1
<417300> <has_previousCancerHistory_OrNot> <No> 1 1 1 1
<503870> <has_previousCancerHistory_OrNot> <No> 0 0 0 0
<508526> <has_previousCancerHistory_OrNot> <No> 0 0 0 0
<507781> <has_previousCancerHistory_OrNot> <No> 0 0 0 0
<503139> <has_previousCancerHistory_OrNot> <No> 0 0 0 0
<508127> <has_previousCancerHistory_OrNot> <No> 0 0 0 0
<4911019> <has_previousCancerHistory_OrNot> <No> 1 1 1 1
<3508618> <has_previousCancerHistory_OrNot> <No> 0 0 0 0
<415193> <has_previousCancerHistory_OrNot> <No> 0 0 0 0
<416961> <has_previousCancerHistory_OrNot> <Yes> 0 0 0 0
<416479> <has_previousCancerHistory_OrNot> <Yes> 0 0 0 0
<4201619> <has_previousCancerHistory_OrNot> <No> 0 0 0 0
<3308074> <has_previousCancerHistory_OrNot> <No> 0 0 0 0
<410376> <has_previousCancerHistory_OrNot> <No> 1 1 1 1
<416164> <has_previousCancerHistory_OrNot> <No> 1 1 1 1
<416956> <has_previousCancerHistory_OrNot> <No> 1 1 1 1
<4315830> <has_previousCancerHistory_OrNot> <No> 1 1 1 1
<4312718> <has_previousCancerHistory_OrNot> <No> 1 1 1 1
<416735> <has_previousCancerHistory_OrNot> <No> 1 1 1 1
<407681> <has_previousCancerHistory_OrNot> <No> 0 0 0 0
<507615> <has_previousCancerHistory_OrNot> <Yes> 1 1 1 1
<4910511> <has_previousCancerHistory_OrNot> <No> 1 1 1 1
<3811627> <has_previousCancerHistory_OrNot> <No> 1 1 1 1
<4911259> <has_previousCancerHistory_OrNot> <No> 1 1 1 1
<501359> <has_previousCancerHistory_OrNot> <No> 0 0 0 0
<4911249> <has_previousCancerHistory_OrNot> <No> 1 1 1 1
<501311> <has_previousCancerHistory_OrNot> <No> 0 0 0 0
<3308094> <has_previousCancerHistory_OrNot> <No> 0 0 0 0
<503428> <has_previousCancerHistory_OrNot> <No> 1 1 1 1
<3510434> <has_previousCancerHistory_OrNot> <Yes> 2 2 1 1
<413004> <has_previousCancerHistory_OrNot> <Yes> 0 0 0 0
<508375> <has_previousCancerHistory_OrNot> <No> 0 0 0 0
<3404177> <has_previousCancerHistory_OrNot> <No> 0 0 0 0
<5106294> <has_previousCancerHistory_OrNot> <No> 1 1 1 1
<5106522> <has_previousCancerHistory_OrNot> <Yes> 2 2 1 1
<417588> <has_previousCancerHistory_OrNot> <No> 1 1 1 1
<503879> <has_previousCancerHistory_OrNot> <No> 0 0 0 0
<415880> <has_previousCancerHistory_OrNot> <No> 1 1 1 1
<508410> <has_previousCancerHistory_OrNot> <Yes> 0 0 0 0
<4910680> <has_previousCancerHistory_OrNot> <No> 1 1 1 1
<4313373> <has_previousCancerHistory_OrNot> <No> 1 1 1 1
<409406> <has_previousCancerHistory_OrNot> <Yes> 0 0 0 0
<414387> <has_previousCancerHistory_OrNot> <No> 1 1 1 1
<5104641> <has_previousCancerHistory_OrNot> <No> 1 1 1 1
<5105544> <has_previousCancerHistory_OrNot> <No> 1 1 1 1
<5106370> <has_previousCancerHistory_OrNot> <No> 1 1 1 1
<5110622> <has_previousCancerHistory_OrNot> <Yes> 0 0 0 0
<5111734> <has_previousCancerHistory_OrNot> <No> 1 1 1 1
<5113971> <has_previousCancerHistory_OrNot> <No> 1 1 1 1
<513853> <has_previousCancerHistory_OrNot> <No> 0 0 0 0
<514143> <has_previousCancerHistory_OrNot> <No> 0 0 0 0
<5110840> <has_previousCancerHistory_OrNot> <No> 1 1 1 1
<5115245> <has_previousCancerHistory_OrNot> <No> 1 1 1 1
<513775> <has_previousCancerHistory_OrNot> <No> 1 1 1 1
<514258> <has_previousCancerHistory_OrNot> <No> 0 0 0 0
<5104273> <has_previousCancerHistory_OrNot> <No> 1 1 1 1
<5107703> <has_previousCancerHistory_OrNot> <Yes> 2 2 1 1
<5106178> <has_previousCancerHistory_OrNot> <No> 1 1 1 1
<5114578> <has_previousCancerHistory_OrNot> <No> 1 1 1 1
<5112300> <has_previousCancerHistory_OrNot> <No> 1 1 1 1
<516176> <has_previousCancerHistory_OrNot> <No> 1 1 1 1
<516631> <has_previousCancerHistory_OrNot> <No> 0 0 0 0
<5304698> <has_previousCancerHistory_OrNot> <Yes> 0 0 0 0
<5304885> <has_previousCancerHistory_OrNot> <No> 1 1 1 1
<5315355> <has_previousCancerHistory_OrNot> <No> 1 1 1 1
<5315864> <has_previousCancerHistory_OrNot> <No> 1 1 1 1
<5316058> <has_previousCancerHistory_OrNot> <No> 1 1 1 1
<5316540> <has_previousCancerHistory_OrNot> <No> 1 1 1 1
<6300795> <has_previousCancerHistory_OrNot> <No> 1 1 1 1
<6312037> <has_previousCancerHistory_OrNot> <Yes> 2 2 1 1
<6312264> <has_previousCancerHistory_OrNot> <No> 1 1 1 1
<6315671> <has_previousCancerHistory_OrNot> <Yes> 2 2 1 1
<6316394> <has_previousCancerHistory_OrNot> <No> 1 1 1 1
<6313224> <has_previousCancerHistory_OrNot> <No> 1 1 1 1
<5312648> <has_previousCancerHistory_OrNot> <No> 1 1 1 1
<5314252> <has_previousCancerHistory_OrNot> <No> 1 1 1 1
<512586> <has_previousCancerHistory_OrNot> <No> 0 0 0 0
<513194> <has_previousCancerHistory_OrNot> <No> 1 1 1 1
<509054> <has_previousCancerHistory_OrNot> <No> 0 0 0 0
<509075> <has_previousCancerHistory_OrNot> <No> 0 0 0 0
<5110976> <has_previousCancerHistory_OrNot> <No> 1 1 1 1
<512766> <has_previousCancerHistory_OrNot> <No> 1 1 1 1
<5103340> <has_previousCancerHistory_OrNot> <Yes> 0 0 0 0
<5115288> <has_previousCancerHistory_OrNot> <Yes> 2 2 1 1
<517405> <has_previousCancerHistory_OrNot> <No> 1 1 1 1
<5315071> <has_previousCancerHistory_OrNot> <No> 1 1 1 1
<5315119> <has_previousCancerHistory_OrNot> <No> 1 1 1 1
<6315840> <has_previousCancerHistory_OrNot> <No> 1 1 1 1
<516211> <has_previousCancerHistory_OrNot> <No> 0 0 0 0
<5316294> <has_previousCancerHistory_OrNot> <No> 1 1 1 1
<514051> <has_previousCancerHistory_OrNot> <No> 1 1 1 1
<5106412> <has_previousCancerHistory_OrNot> <Yes> 2 2 1 1
<512487> <has_previousCancerHistory_OrNot> <Yes> 0 0 0 0
<5314850> <has_previousCancerHistory_OrNot> <Yes> 2 2 1 1
<5317567> <has_previousCancerHistory_OrNot> <No> 1 1 1 1
<5501933> <has_previousCancerHistory_OrNot> <No> 0 0 0 0
<5307962> <has_previousCancerHistory_OrNot> <No> 0 0 0 0
<5314798> <has_previousCancerHistory_OrNot> <No> 1 1 1 1
<5312707> <has_previousCancerHistory_OrNot> <No> 1 1 1 1
<5104729> <has_previousCancerHistory_OrNot> <Yes> 0 0 0 0
<5316050> <has_previousCancerHistory_OrNot> <No> 1 1 1 1
<513512> <has_previousCancerHistory_OrNot> <No> 0 0 0 0
<5317227> <has_previousCancerHistory_OrNot> <Yes> 0 0 0 0
<5316159> <has_previousCancerHistory_OrNot> <No> 1 1 1 1
<5106771> <has_previousCancerHistory_OrNot> <No> 1 1 1 1
<6315641> <has_previousCancerHistory_OrNot> <No> 1 1 1 1
<5313577> <has_previousCancerHistory_OrNot> <No> 1 1 1 1
<5106073> <has_previousCancerHistory_OrNot> <No> 1 1 1 1
<514094> <has_previousCancerHistory_OrNot> <No> 1 1 1 1
<516707> <has_previousCancerHistory_OrNot> <Yes> 0 0 0 0
<514281> <has_previousCancerHistory_OrNot> <Yes> 2 2 1 1
<5106573> <has_previousCancerHistory_OrNot> <No> 1 1 1 1
<513786> <has_previousCancerHistory_OrNot> <No> 1 1 1 1
<513977> <has_previousCancerHistory_OrNot> <No> 1 1 1 1
<5304770> <has_previousCancerHistory_OrNot> <No> 0 0 0 0
<512962> <has_previousCancerHistory_OrNot> <No> 1 1 1 1
<514012> <has_previousCancerHistory_OrNot> <Yes> 2 2 1 1
<6317195> <has_previousCancerHistory_OrNot> <UNK> 0 0 0 0
<6402246> <has_previousCancerHistory_OrNot> <No> 1 1 1 1
<6605838> <has_previousCancerHistory_OrNot> <No> 1 1 1 1
<6611285> <has_previousCancerHistory_OrNot> <No> 0 0 0 0
<701733> <has_previousCancerHistory_OrNot> <No> 1 1 1 1
<705142> <has_previousCancerHistory_OrNot> <No> 1 1 1 1
<5111728> <has_previousCancerHistory_OrNot> <No> 1 1 1 1
<5112898> <has_previousCancerHistory_OrNot> <No> 1 1 1 1
<512777> <has_previousCancerHistory_OrNot> <Yes> 2 2 1 1
<5112268> <has_previousCancerHistory_OrNot> <Yes> 2 2 1 1
<5313493> <has_previousCancerHistory_OrNot> <Yes> 0 0 0 0
<5313500> <has_previousCancerHistory_OrNot> <Yes> 2 2 1 1
<5316263> <has_previousCancerHistory_OrNot> <No> 1 1 1 1
<4602350> <has_previousCancerHistory_OrNot> <Yes> 2 2 1 1
<5103345> <has_previousCancerHistory_OrNot> <Yes> 0 0 0 0
<516358> <has_previousCancerHistory_OrNot> <No> 1 1 1 1
<5316435> <has_previousCancerHistory_OrNot> <No> 1 1 1 1
<6316404> <has_previousCancerHistory_OrNot> <No> 1 1 1 1
<5106934> <has_previousCancerHistory_OrNot> <No> 1 1 1 1
<5113914> <has_previousCancerHistory_OrNot> <Yes> 0 0 0 0
<5103312> <has_previousCancerHistory_OrNot> <Yes> 2 2 1 1
<5106484> <has_previousCancerHistory_OrNot> <No> 1 1 1 1
<8306647> <has_previousCancerHistory_OrNot> <No> 0 0 0 0
<906995> <has_previousCancerHistory_OrNot> <No> 0 0 0 0
<916997> <has_previousCancerHistory_OrNot> <No> 1 1 1 1
<9413651> <has_previousCancerHistory_OrNot> <No> 1 1 1 1
<9703270> <has_previousCancerHistory_OrNot> <No> 0 0 0 0
<9703783> <has_previousCancerHistory_OrNot> <No> 0 0 0 0
<9713410> <has_previousCancerHistory_OrNot> <Yes> 2 2 1 1
<6400652> <has_previousCancerHistory_OrNot> <No> 1 1 1 1
<7000612> <has_previousCancerHistory_OrNot> <No> 0 0 0 0
<7214959> <has_previousCancerHistory_OrNot> <No> 1 1 1 1
<701764> <has_previousCancerHistory_OrNot> <No> 1 1 1 1
<7404359> <has_previousCancerHistory_OrNot> <No> 1 1 1 1
<8311535> <has_previousCancerHistory_OrNot> <No> 1 1 1 1
<9417547> <has_previousCancerHistory_OrNot> <No> 1 1 1 1
<7404127> <has_previousCancerHistory_OrNot> <No> 1 1 1 1
<909653> <has_previousCancerHistory_OrNot> <No> 1 1 1 1
<7407269> <has_previousCancerHistory_OrNot> <No> 0 0 0 0
<9911295> <has_previousCancerHistory_OrNot> <No> 1 1 1 1
<906916> <has_previousCancerHistory_OrNot> <Yes> 0 0 0 0
<7406483> <has_previousCancerHistory_OrNot> <No> 0 0 0 0
<6317380> <has_previousCancerHistory_OrNot> <No> 1 1 1 1
<716472> <has_previousCancerHistory_OrNot> <Yes> 0 0 0 0
<713247> <has_previousCancerHistory_OrNot> <No> 1 1 1 1
<9405177> <has_previousCancerHistory_OrNot> <No> 1 1 1 1
<9408892> <has_previousCancerHistory_OrNot> <No> 0 0 0 0
<908619> <has_previousCancerHistory_OrNot> <No> 1 1 1 1
<7406502> <has_previousCancerHistory_OrNot> <No> 0 0 0 0
<7407077> <has_previousCancerHistory_OrNot> <No> 0 0 0 0
<9408893> <has_previousCancerHistory_OrNot> <No> 0 0 0 0
<9914887> <has_previousCancerHistory_OrNot> <Yes> 0 0 0 0
<9408746> <has_previousCancerHistory_OrNot> <UNK> 0 0 0 0
<9911643> <has_previousCancerHistory_OrNot> <No> 1 1 1 1
<9700544> <has_previousCancerHistory_OrNot> <No> 1 1 1 1
<9701711> <has_previousCancerHistory_OrNot> <No> 0 0 0 0
<908719> <has_previousCancerHistory_OrNot> <No> 0 0 0 0
<12914382> <has_previousCancerHistory_OrNot> <No> 1 1 1 1
<1314746> <has_previousCancerHistory_OrNot> <Yes> 0 0 0 0
<2100808> <has_previousCancerHistory_OrNot> <No> 1 1 1 1
<416921> <has_previousCancerHistory_OrNot> <No> 1 1 1 1
<5116401> <has_previousCancerHistory_OrNot> <No> 1 1 1 1
<513055> <has_previousCancerHistory_OrNot> <No> 1 1 1 1
<100393> <has_previousCancerHistory_OrNot> <No> 1 1 1 1
<101707> <has_previousCancerHistory_OrNot> <No> 1 1 1 1
<10611560> <has_previousCancerHistory_OrNot> <No> 1 1 1 1
<107680> <has_previousCancerHistory_OrNot> <No> 0 0 0 0
<10806007> <has_previousCancerHistory_OrNot> <No> 0 0 0 0
<109381> <has_previousCancerHistory_OrNot> <No> 1 1 1 1
<109833> <has_previousCancerHistory_OrNot> <No> 1 1 1 1
<11311917> <has_previousCancerHistory_OrNot> <Yes> 2 2 1 1
<10815371> <has_previousCancerHistory_OrNot> <Yes> 0 0 0 0
<112095> <has_previousCancerHistory_OrNot> <No> 1 1 1 1
<10816595> <has_previousCancerHistory_OrNot> <Yes> 2 2 1 1
<10616110> <has_previousCancerHistory_OrNot> <No> 1 1 1 1
<10815705> <has_previousCancerHistory_OrNot> <Yes> 0 0 0 0
<109551> <has_previousCancerHistory_OrNot> <Yes> 0 0 0 0
<109545> <has_previousCancerHistory_OrNot> <No> 1 1 1 1
<110249> <has_previousCancerHistory_OrNot> <Yes> 0 0 0 0
<109603> <has_previousCancerHistory_OrNot> <No> 1 1 1 1
<110203> <has_previousCancerHistory_OrNot> <No> 1 1 1 1
<108609> <has_previousCancerHistory_OrNot> <No> 0 0 0 0
<109386> <has_previousCancerHistory_OrNot> <No> 1 1 1 1
<10611866> <has_previousCancerHistory_OrNot> <No> 1 1 1 1
<104407> <has_previousCancerHistory_OrNot> <No> 2 2 1 1
<104476> <has_previousCancerHistory_OrNot> <No> 0 0 0 0
<11312466> <has_previousCancerHistory_OrNot> <No> 1 1 1 1
<11405821> <has_previousCancerHistory_OrNot> <Yes> 1 1 1 1
<1200086> <has_previousCancerHistory_OrNot> <No> 1 1 1 1
<1202855> <has_previousCancerHistory_OrNot> <No> 1 1 1 1
<1216679> <has_previousCancerHistory_OrNot> <No> 1 1 1 1
<12914819> <has_previousCancerHistory_OrNot> <No> 1 1 1 1
<1300623> <has_previousCancerHistory_OrNot> <No> 1 1 1 1
<1303244> <has_previousCancerHistory_OrNot> <No> 0 0 0 0
<1305515> <has_previousCancerHistory_OrNot> <No> 0 0 0 0
<1305549> <has_previousCancerHistory_OrNot> <Yes> 0 0 0 0
<1306030> <has_previousCancerHistory_OrNot> <No> 0 0 0 0
<1306318> <has_previousCancerHistory_OrNot> <Yes> 0 0 0 0
<1314749> <has_previousCancerHistory_OrNot> <No> 1 1 1 1
<1302501> <has_previousCancerHistory_OrNot> <No> 0 0 0 0
<1305519> <has_previousCancerHistory_OrNot> <No> 0 0 0 0
<1310900> <has_previousCancerHistory_OrNot> <No> 1 1 1 1
<1315140> <has_previousCancerHistory_OrNot> <No> 1 1 1 1
<1314648> <has_previousCancerHistory_OrNot> <No> 1 1 1 1
<1314813> <has_previousCancerHistory_OrNot> <No> 1 1 1 1
<1316972> <has_previousCancerHistory_OrNot> <No> 1 1 1 1
<14702311> <has_previousCancerHistory_OrNot> <No> 1 1 1 1
<1503664> <has_previousCancerHistory_OrNot> <No> 0 0 0 0
<1514006> <has_previousCancerHistory_OrNot> <No> 1 1 1 1
<15706419> <has_previousCancerHistory_OrNot> <No> 1 1 1 1
<15717536> <has_previousCancerHistory_OrNot> <No> 1 1 1 1
<201810> <has_previousCancerHistory_OrNot> <No> 0 0 0 0
<202075> <has_previousCancerHistory_OrNot> <No> 1 1 1 1
<202216> <has_previousCancerHistory_OrNot> <Yes> 0 0 0 0
<202541> <has_previousCancerHistory_OrNot> <No> 0 0 0 0
<204738> <has_previousCancerHistory_OrNot> <UNK> 0 0 0 0
<1315473> <has_previousCancerHistory_OrNot> <No> 1 1 1 1
<1315677> <has_previousCancerHistory_OrNot> <No> 1 1 1 1
<1504845> <has_previousCancerHistory_OrNot> <No> 1 1 1 1
<204629> <has_previousCancerHistory_OrNot> <No> 1 1 1 1
<14707387> <has_previousCancerHistory_OrNot> <UNK> 0 0 0 0
<205588> <has_previousCancerHistory_OrNot> <No> 1 1 1 1
<12913808> <has_previousCancerHistory_OrNot> <No> 1 1 1 1
<1306185> <has_previousCancerHistory_OrNot> <No> 0 0 0 0
<116600> <has_previousCancerHistory_OrNot> <Yes> 2 2 1 1
<12913817> <has_previousCancerHistory_OrNot> <No> 1 1 1 1
<1504955> <has_previousCancerHistory_OrNot> <No> 1 1 1 1
<1509735> <has_previousCancerHistory_OrNot> <No> 1 1 1 1
<15706423> <has_previousCancerHistory_OrNot> <No> 1 1 1 1
<15708054> <has_previousCancerHistory_OrNot> <No> 1 1 1 1
<202648> <has_previousCancerHistory_OrNot> <No> 1 1 1 1
<204391> <has_previousCancerHistory_OrNot> <No> 0 0 0 0
<1315202> <has_previousCancerHistory_OrNot> <Yes> 0 0 0 0
<12914109> <has_previousCancerHistory_OrNot> <No> 1 1 1 1
<1314701> <has_previousCancerHistory_OrNot> <No> 1 1 1 1
<1300459> <has_previousCancerHistory_OrNot> <No> 1 1 1 1
<1310865> <has_previousCancerHistory_OrNot> <No> 1 1 1 1
<1314475> <has_previousCancerHistory_OrNot> <No> 1 1 1 1
<1314729> <has_previousCancerHistory_OrNot> <No> 0 0 0 0
<203866> <has_previousCancerHistory_OrNot> <No> 1 1 1 1
<15706042> <has_previousCancerHistory_OrNot> <No> 0 0 0 0
<1213189> <has_previousCancerHistory_OrNot> <No> 1 1 1 1
<1314606> <has_previousCancerHistory_OrNot> <Yes> 0 0 0 0
<1306241> <has_previousCancerHistory_OrNot> <No> 0 0 0 0
<14702161> <has_previousCancerHistory_OrNot> <No> 1 1 1 1
<15706098> <has_previousCancerHistory_OrNot> <No> 1 1 1 1
<1300800> <has_previousCancerHistory_OrNot> <No> 1 1 1 1
<1216614> <has_previousCancerHistory_OrNot> <No> 1 1 1 1
<12914741> <has_previousCancerHistory_OrNot> <No> 1 1 1 1
<1315620> <has_previousCancerHistory_OrNot> <No> 0 0 0 0
<15706381> <has_previousCancerHistory_OrNot> <No> 1 1 1 1
<1312875> <has_previousCancerHistory_OrNot> <No> 1 1 1 1
<1310263> <has_previousCancerHistory_OrNot> <No> 1 1 1 1
<1215553> <has_previousCancerHistory_OrNot> <Yes> 2 2 1 1
<1314789> <has_previousCancerHistory_OrNot> <No> 1 1 1 1
<202273> <has_previousCancerHistory_OrNot> <No> 0 0 0 0
<1315137> <has_previousCancerHistory_OrNot> <No> 1 1 1 1
<11317513> <has_previousCancerHistory_OrNot> <No> 1 1 1 1
<14612706> <has_previousCancerHistory_OrNot> <No> 1 1 1 1
<1505084> <has_previousCancerHistory_OrNot> <No> 1 1 1 1
<202087> <has_previousCancerHistory_OrNot> <No> 0 0 0 0
<208052> <has_previousCancerHistory_OrNot> <No> 0 0 0 0
<209257> <has_previousCancerHistory_OrNot> <No> 1 1 1 1
<2108686> <has_previousCancerHistory_OrNot> <No> 0 0 0 0
<214238> <has_previousCancerHistory_OrNot> <No> 0 0 0 0
<2300016> <has_previousCancerHistory_OrNot> <No> 1 1 1 1
<2300047> <has_previousCancerHistory_OrNot> <No> 1 1 1 1
<2300056> <has_previousCancerHistory_OrNot> <No> 0 0 0 0
<2305138> <has_previousCancerHistory_OrNot> <No> 0 0 0 0
<2309807> <has_previousCancerHistory_OrNot> <Yes> 0 0 0 0
<2312849> <has_previousCancerHistory_OrNot> <Yes> 0 0 0 0
<206464> <has_previousCancerHistory_OrNot> <No> 0 0 0 0
<2100656> <has_previousCancerHistory_OrNot> <No> 1 1 1 1
<211293> <has_previousCancerHistory_OrNot> <No> 1 1 1 1
<2304563> <has_previousCancerHistory_OrNot> <Yes> 0 0 0 0
<2311940> <has_previousCancerHistory_OrNot> <No> 1 1 1 1
<2312053> <has_previousCancerHistory_OrNot> <No> 1 1 1 1
<2312792> <has_previousCancerHistory_OrNot> <No> 1 1 1 1
<205669> <has_previousCancerHistory_OrNot> <No> 1 1 1 1
<210081> <has_previousCancerHistory_OrNot> <No> 1 1 1 1
<2300866> <has_previousCancerHistory_OrNot> <No> 1 1 1 1
<2311938> <has_previousCancerHistory_OrNot> <Yes> 2 2 1 1
<210387> <has_previousCancerHistory_OrNot> <No> 1 1 1 1
<2306876> <has_previousCancerHistory_OrNot> <No> 0 0 0 0
<2307124> <has_previousCancerHistory_OrNot> <No> 0 0 0 0
<209280> <has_previousCancerHistory_OrNot> <No> 1 1 1 1
<2302100> <has_previousCancerHistory_OrNot> <No> 1 1 1 1
<2808854> <has_previousCancerHistory_OrNot> <No> 0 0 0 0
<2809275> <has_previousCancerHistory_OrNot> <Yes> 0 0 0 0
<2816265> <has_previousCancerHistory_OrNot> <No> 1 1 1 1
<2902458> <has_previousCancerHistory_OrNot> <No> 1 1 1 1
<2903695> <has_previousCancerHistory_OrNot> <No> 0 0 0 0
<2917304> <has_previousCancerHistory_OrNot> <Yes> 0 0 0 0
<305236> <has_previousCancerHistory_OrNot> <No> 1 1 1 1
<3105724> <has_previousCancerHistory_OrNot> <Yes> 1 1 1 1
<311666> <has_previousCancerHistory_OrNot> <No> 1 1 1 1
<300567> <has_previousCancerHistory_OrNot> <No> 0 0 0 0
<2809229> <has_previousCancerHistory_OrNot> <No> 1 1 1 1
<2914924> <has_previousCancerHistory_OrNot> <No> 1 1 1 1
<2917492> <has_previousCancerHistory_OrNot> <Yes> 0 0 0 0
<2805666> <has_previousCancerHistory_OrNot> <No> 1 1 1 1
<2916078> <has_previousCancerHistory_OrNot> <No> 1 1 1 1
<300252> <has_previousCancerHistory_OrNot> <Yes> 2 2 1 1
<2808885> <has_previousCancerHistory_OrNot> <No> 0 0 0 0
<2506016> <has_previousCancerHistory_OrNot> <No> 0 0 0 0
<317140> <has_previousCancerHistory_OrNot> <No> 1 1 1 1
<3309827> <has_previousCancerHistory_OrNot> <No> 1 1 1 1
<212157> <has_previousCancerHistory_OrNot> <No> 1 1 1 1
<2312537> <has_previousCancerHistory_OrNot> <No> 1 1 1 1
<2100882> <has_previousCancerHistory_OrNot> <No> 1 1 1 1
<210593> <has_previousCancerHistory_OrNot> <No> 1 1 1 1
<2301520> <has_previousCancerHistory_OrNot> <No> 1 1 1 1
<205658> <has_previousCancerHistory_OrNot> <Yes> 1 1 1 1
<211790> <has_previousCancerHistory_OrNot> <No> 1 1 1 1
<205572> <has_previousCancerHistory_OrNot> <No> 0 0 0 0
<2805048> <has_previousCancerHistory_OrNot> <No> 1 1 1 1
<2807352> <has_previousCancerHistory_OrNot> <No> 0 0 0 0
<2903129> <has_previousCancerHistory_OrNot> <No> 1 1 1 1
<2807837> <has_previousCancerHistory_OrNot> <No> 0 0 0 0
<3105728> <has_previousCancerHistory_OrNot> <Yes> 1 1 1 1
<2802006> <has_previousCancerHistory_OrNot> <No> 0 0 0 0
<2303379> <has_previousCancerHistory_OrNot> <No> 1 1 1 1
<2811805> <has_previousCancerHistory_OrNot> <No> 1 1 1 1
<2817213> <has_previousCancerHistory_OrNot> <No> 1 1 1 1
<2917502> <has_previousCancerHistory_OrNot> <No> 1 1 1 1
<2907799> <has_previousCancerHistory_OrNot> <Yes> 0 0 0 0
<2917344> <has_previousCancerHistory_OrNot> <No> 1 1 1 1
<306532> <has_previousCancerHistory_OrNot> <No> 1 1 1 1
<2101169> <has_previousCancerHistory_OrNot> <No> 0 0 0 0
<2406089> <has_previousCancerHistory_OrNot> <Yes> 2 2 1 1
<2114408> <has_previousCancerHistory_OrNot> <No> 1 1 1 1
<1305677> <has_previousCancerHistory_OrNot> <No> 1 1 1 1
<15714631> <has_previousCancerHistory_OrNot> <Yes> 0 0 0 0
<207624> <has_previousCancerHistory_OrNot> <No> 1 1 1 1
<2304865> <has_previousCancerHistory_OrNot> <No> 0 0 0 0
<209648> <has_previousCancerHistory_OrNot> <No> 0 0 0 0
<2803647> <has_previousCancerHistory_OrNot> <No> 1 1 1 1
<305232> <has_previousCancerHistory_OrNot> <No> 1 1 1 1
<2809261> <has_previousCancerHistory_OrNot> <No> 1 1 1 1
<2809290> <has_previousCancerHistory_OrNot> <No> 1 1 1 1
<206345> <has_previousCancerHistory_OrNot> <Yes> 1 1 1 1
<2303381> <has_previousCancerHistory_OrNot> <No> 1 1 1 1
<2100736> <has_previousCancerHistory_OrNot> <No> 1 1 1 1
<2806285> <has_previousCancerHistory_OrNot> <Yes> 0 0 0 0
<2816465> <has_previousCancerHistory_OrNot> <No> 0 0 0 0
<2806694> <has_previousCancerHistory_OrNot> <No> 1 1 1 1
<300337> <has_previousCancerHistory_OrNot> <No> 0 0 0 0
<2810001> <has_previousCancerHistory_OrNot> <Yes> 2 2 1 1
<314395> <has_previousCancerHistory_OrNot> <No> 1 1 1 1
<216107> <has_previousCancerHistory_OrNot> <No> 1 1 1 1
<3006442> <has_previousCancerHistory_OrNot> <No> 0 0 0 0
<211508> <has_previousCancerHistory_OrNot> <No> 1 1 1 1
<2304919> <has_previousCancerHistory_OrNot> <No> 1 1 1 1
<2917313> <has_previousCancerHistory_OrNot> <No> 1 1 1 1
<2808347> <has_previousCancerHistory_OrNot> <No> 0 0 0 0
<2100931> <has_previousCancerHistory_OrNot> <No> 1 1 1 1
<2901427> <has_previousCancerHistory_OrNot> <No> 1 1 1 1
<300365> <has_previousCancerHistory_OrNot> <No> 1 1 1 1
<3508658> <has_previousCancerHistory_OrNot> <No> 0 0 0 0
<3509941> <has_previousCancerHistory_OrNot> <No> 1 1 1 1
<3802323> <has_previousCancerHistory_OrNot> <No> 0 0 0 0
<409487> <has_previousCancerHistory_OrNot> <No> 1 1 1 1
<413287> <has_previousCancerHistory_OrNot> <No> 1 1 1 1
<3411357> <has_previousCancerHistory_OrNot> <No> 1 1 1 1
<414388> <has_previousCancerHistory_OrNot> <No> 1 1 1 1
<3309709> <has_previousCancerHistory_OrNot> <No> 1 1 1 1
<3407384> <has_previousCancerHistory_OrNot> <No> 0 0 0 0
<409880> <has_previousCancerHistory_OrNot> <No> 1 1 1 1
<416530> <has_previousCancerHistory_OrNot> <No> 1 1 1 1
<3602558> <has_previousCancerHistory_OrNot> <No> 1 1 1 1
<417307> <has_previousCancerHistory_OrNot> <No> 1 1 1 1
<417329> <has_previousCancerHistory_OrNot> <No> 1 1 1 1
<4201848> <has_previousCancerHistory_OrNot> <Yes> 0 0 0 0
<4910974> <has_previousCancerHistory_OrNot> <No> 1 1 1 1
<501327> <has_previousCancerHistory_OrNot> <No> 0 0 0 0
<503060> <has_previousCancerHistory_OrNot> <No> 0 0 0 0
<503929> <has_previousCancerHistory_OrNot> <No> 1 1 1 1
<508554> <has_previousCancerHistory_OrNot> <No> 0 0 0 0
<508864> <has_previousCancerHistory_OrNot> <No> 0 0 0 0
<4313322> <has_previousCancerHistory_OrNot> <No> 1 1 1 1
<4910913> <has_previousCancerHistory_OrNot> <No> 1 1 1 1
<501310> <has_previousCancerHistory_OrNot> <No> 0 0 0 0
<508955> <has_previousCancerHistory_OrNot> <No> 0 0 0 0
<503303> <has_previousCancerHistory_OrNot> <Yes> 0 0 0 0
<4911241> <has_previousCancerHistory_OrNot> <No> 1 1 1 1
<4910490> <has_previousCancerHistory_OrNot> <No> 1 1 1 1
<503906> <has_previousCancerHistory_OrNot> <No> 1 1 1 1
<3408803> <has_previousCancerHistory_OrNot> <No> 1 1 1 1
<3802331> <has_previousCancerHistory_OrNot> <No> 1 1 1 1
<416732> <has_previousCancerHistory_OrNot> <No> 1 1 1 1
<3509276> <has_previousCancerHistory_OrNot> <No> 1 1 1 1
<3316954> <has_previousCancerHistory_OrNot> <No> 1 1 1 1
<413985> <has_previousCancerHistory_OrNot> <No> 1 1 1 1
<417030> <has_previousCancerHistory_OrNot> <No> 1 1 1 1
<416949> <has_previousCancerHistory_OrNot> <Yes> 0 0 0 0
<4911083> <has_previousCancerHistory_OrNot> <No> 1 1 1 1
<508181> <has_previousCancerHistory_OrNot> <No> 0 0 0 0
<4313447> <has_previousCancerHistory_OrNot> <No> 1 1 1 1
<4600803> <has_previousCancerHistory_OrNot> <No> 1 1 1 1
<507264> <has_previousCancerHistory_OrNot> <No> 0 0 0 0
<507732> <has_previousCancerHistory_OrNot> <No> 0 0 0 0
<508081> <has_previousCancerHistory_OrNot> <No> 0 0 0 0
<501399> <has_previousCancerHistory_OrNot> <No> 1 1 1 1
<501283> <has_previousCancerHistory_OrNot> <No> 0 0 0 0
<508426> <has_previousCancerHistory_OrNot> <No> 0 0 0 0
<4911147> <has_previousCancerHistory_OrNot> <No> 1 1 1 1
<3801952> <has_previousCancerHistory_OrNot> <No> 1 1 1 1
<413185> <has_previousCancerHistory_OrNot> <No> 1 1 1 1
<300329> <has_previousCancerHistory_OrNot> <No> 1 1 1 1
<2810273> <has_previousCancerHistory_OrNot> <No> 1 1 1 1
<2902534> <has_previousCancerHistory_OrNot> <No> 1 1 1 1
<409573> <has_previousCancerHistory_OrNot> <No> 1 1 1 1
<415986> <has_previousCancerHistory_OrNot> <No> 1 1 1 1
<3507611> <has_previousCancerHistory_OrNot> <No> 0 0 0 0
<507889> <has_previousCancerHistory_OrNot> <No> 0 0 0 0
<415878> <has_previousCancerHistory_OrNot> <No> 1 1 1 1
<509076> <has_previousCancerHistory_OrNot> <No> 0 0 0 0
<508041> <has_previousCancerHistory_OrNot> <No> 0 0 0 0
<501297> <has_previousCancerHistory_OrNot> <No> 0 0 0 0
<501278> <has_previousCancerHistory_OrNot> <No> 0 0 0 0
<409935> <has_previousCancerHistory_OrNot> <No> 1 1 1 1
<416846> <has_previousCancerHistory_OrNot> <No> 1 1 1 1
<507465> <has_previousCancerHistory_OrNot> <No> 0 0 0 0
<4910943> <has_previousCancerHistory_OrNot> <No> 1 1 1 1
<3602435> <has_previousCancerHistory_OrNot> <No> 1 1 1 1
<5102744> <has_previousCancerHistory_OrNot> <No> 1 1 1 1
<5105099> <has_previousCancerHistory_OrNot> <No> 1 1 1 1
<5105480> <has_previousCancerHistory_OrNot> <No> 1 1 1 1
<5114481> <has_previousCancerHistory_OrNot> <No> 1 1 1 1
<514131> <has_previousCancerHistory_OrNot> <No> 1 1 1 1
<5105137> <has_previousCancerHistory_OrNot> <No> 1 1 1 1
<5106122> <has_previousCancerHistory_OrNot> <No> 1 1 1 1
<5107282> <has_previousCancerHistory_OrNot> <No> 1 1 1 1
<514122> <has_previousCancerHistory_OrNot> <No> 1 1 1 1
<514225> <has_previousCancerHistory_OrNot> <No> 1 1 1 1
<5103363> <has_previousCancerHistory_OrNot> <No> 1 1 1 1
<513821> <has_previousCancerHistory_OrNot> <No> 1 1 1 1
<514158> <has_previousCancerHistory_OrNot> <No> 1 1 1 1
<512553> <has_previousCancerHistory_OrNot> <No> 1 1 1 1
<513748> <has_previousCancerHistory_OrNot> <Yes> 0 0 0 0
<513320> <has_previousCancerHistory_OrNot> <Yes> 2 2 1 1
<512603> <has_previousCancerHistory_OrNot> <No> 1 1 1 1
<509024> <has_previousCancerHistory_OrNot> <Yes> 0 0 0 0
<516259> <has_previousCancerHistory_OrNot> <Yes> 1 1 1 1
<516623> <has_previousCancerHistory_OrNot> <No> 1 1 1 1
<516986> <has_previousCancerHistory_OrNot> <No> 1 1 1 1
<517272> <has_previousCancerHistory_OrNot> <No> 1 1 1 1
<5301597> <has_previousCancerHistory_OrNot> <No> 1 1 1 1
<5305250> <has_previousCancerHistory_OrNot> <Yes> 1 1 1 1
<5305307> <has_previousCancerHistory_OrNot> <No> 0 0 0 0
<5316515> <has_previousCancerHistory_OrNot> <No> 1 1 1 1
<5316903> <has_previousCancerHistory_OrNot> <No> 1 1 1 1
<5501486> <has_previousCancerHistory_OrNot> <Yes> 2 2 1 1
<6304655> <has_previousCancerHistory_OrNot> <No> 0 0 0 0
<6312866> <has_previousCancerHistory_OrNot> <No> 1 1 1 1
<6313533> <has_previousCancerHistory_OrNot> <No> 1 1 1 1
<6314227> <has_previousCancerHistory_OrNot> <No> 1 1 1 1
<6316311> <has_previousCancerHistory_OrNot> <No> 1 1 1 1
<5314352> <has_previousCancerHistory_OrNot> <Yes> 0 0 0 0
<5502949> <has_previousCancerHistory_OrNot> <No> 1 1 1 1
<5316598> <has_previousCancerHistory_OrNot> <No> 1 1 1 1
<6317217> <has_previousCancerHistory_OrNot> <Yes> 1 1 1 1
<6400646> <has_previousCancerHistory_OrNot> <No> 1 1 1 1
<5103307> <has_previousCancerHistory_OrNot> <No> 1 1 1 1
<5104775> <has_previousCancerHistory_OrNot> <No> 1 1 1 1
<5113594> <has_previousCancerHistory_OrNot> <Yes> 0 0 0 0
<513202> <has_previousCancerHistory_OrNot> <No> 1 1 1 1
<5103144> <has_previousCancerHistory_OrNot> <Yes> 2 2 1 1
<5104806> <has_previousCancerHistory_OrNot> <Yes> 2 2 1 1
<5107027> <has_previousCancerHistory_OrNot> <Yes> 2 2 1 1
<5117238> <has_previousCancerHistory_OrNot> <No> 1 1 1 1
<5313028> <has_previousCancerHistory_OrNot> <No> 1 1 1 1
<5313340> <has_previousCancerHistory_OrNot> <No> 1 1 1 1
<5511084> <has_previousCancerHistory_OrNot> <No> 1 1 1 1
<6316392> <has_previousCancerHistory_OrNot> <No> 1 1 1 1
<6316644> <has_previousCancerHistory_OrNot> <No> 1 1 1 1
<5105550> <has_previousCancerHistory_OrNot> <No> 1 1 1 1
<5105136> <has_previousCancerHistory_OrNot> <No> 1 1 1 1
<513719> <has_previousCancerHistory_OrNot> <Yes> 0 0 0 0
<5110667> <has_previousCancerHistory_OrNot> <No> 1 1 1 1
<5107702> <has_previousCancerHistory_OrNot> <Yes> 2 2 1 1
<5104032> <has_previousCancerHistory_OrNot> <Yes> 1 1 1 1
<6315218> <has_previousCancerHistory_OrNot> <No> 1 1 1 1
<6315603> <has_previousCancerHistory_OrNot> <No> 1 1 1 1
<5314141> <has_previousCancerHistory_OrNot> <No> 1 1 1 1
<5315149> <has_previousCancerHistory_OrNot> <Yes> 2 2 1 1
<513616> <has_previousCancerHistory_OrNot> <No> 1 1 1 1
<5106722> <has_previousCancerHistory_OrNot> <No> 1 1 1 1
<5303991> <has_previousCancerHistory_OrNot> <No> 0 0 0 0
<5304660> <has_previousCancerHistory_OrNot> <No> 1 1 1 1
<5304874> <has_previousCancerHistory_OrNot> <No> 1 1 1 1
<512408> <has_previousCancerHistory_OrNot> <Yes> 2 2 1 1
<513733> <has_previousCancerHistory_OrNot> <No> 1 1 1 1
<513656> <has_previousCancerHistory_OrNot> <No> 1 1 1 1
<513741> <has_previousCancerHistory_OrNot> <No> 1 1 1 1
<5315847> <has_previousCancerHistory_OrNot> <No> 1 1 1 1
<5315889> <has_previousCancerHistory_OrNot> <Yes> 0 0 0 0
<5315946> <has_previousCancerHistory_OrNot> <No> 1 1 1 1
<5315429> <has_previousCancerHistory_OrNot> <No> 1 1 1 1
<5315859> <has_previousCancerHistory_OrNot> <No> 0 0 0 0
<5106518> <has_previousCancerHistory_OrNot> <No> 1 1 1 1
<512585> <has_previousCancerHistory_OrNot> <No> 1 1 1 1
<512426> <has_previousCancerHistory_OrNot> <Yes> 0 0 0 0
<5313923> <has_previousCancerHistory_OrNot> <No> 1 1 1 1
<5508107> <has_previousCancerHistory_OrNot> <No> 0 0 0 0
<6312629> <has_previousCancerHistory_OrNot> <No> 0 0 0 0
<6315604> <has_previousCancerHistory_OrNot> <No> 1 1 1 1
<5106403> <has_previousCancerHistory_OrNot> <No> 1 1 1 1
<5110982> <has_previousCancerHistory_OrNot> <No> 1 1 1 1
<5313264> <has_previousCancerHistory_OrNot> <No> 1 1 1 1
<5106762> <has_previousCancerHistory_OrNot> <No> 0 0 0 0
<5107395> <has_previousCancerHistory_OrNot> <Yes> 0 0 0 0
<5314102> <has_previousCancerHistory_OrNot> <No> 1 1 1 1
<5112073> <has_previousCancerHistory_OrNot> <Yes> 0 0 0 0
<6605758> <has_previousCancerHistory_OrNot> <Yes> 2 2 1 1
<706271> <has_previousCancerHistory_OrNot> <Yes> 0 0 0 0
<8307668> <has_previousCancerHistory_OrNot> <No> 1 1 1 1
<911698> <has_previousCancerHistory_OrNot> <No> 1 1 1 1
<916873> <has_previousCancerHistory_OrNot> <No> 0 0 0 0
<9411724> <has_previousCancerHistory_OrNot> <No> 1 1 1 1
<9416344> <has_previousCancerHistory_OrNot> <No> 1 1 1 1
<9711696> <has_previousCancerHistory_OrNot> <No> 1 1 1 1
<9714301> <has_previousCancerHistory_OrNot> <Yes> 0 0 0 0
<916561> <has_previousCancerHistory_OrNot> <No> 1 1 1 1
<916721> <has_previousCancerHistory_OrNot> <No> 1 1 1 1
<6400303> <has_previousCancerHistory_OrNot> <No> 1 1 1 1
<7000390> <has_previousCancerHistory_OrNot> <Yes> 2 2 1 1
<906997> <has_previousCancerHistory_OrNot> <No> 0 0 0 0
<9803105> <has_previousCancerHistory_OrNot> <No> 1 1 1 1
<7404348> <has_previousCancerHistory_OrNot> <No> 1 1 1 1
<9705163> <has_previousCancerHistory_OrNot> <No> 0 0 0 0
<7214821> <has_previousCancerHistory_OrNot> <No> 1 1 1 1
<702154> <has_previousCancerHistory_OrNot> <No> 0 0 0 0
<916421> <has_previousCancerHistory_OrNot> <Yes> 0 0 0 0
<513870> <has_previousCancerHistory_OrNot> <No> 1 1 1 1
<509051> <has_previousCancerHistory_OrNot> <Yes> 0 0 0 0
<513824> <has_previousCancerHistory_OrNot> <No> 1 1 1 1
<513129> <has_previousCancerHistory_OrNot> <Yes> 1 1 1 1
<907172> <has_previousCancerHistory_OrNot> <No> 0 0 0 0
<9417518> <has_previousCancerHistory_OrNot> <Yes> 0 0 0 0
<707302> <has_previousCancerHistory_OrNot> <No> 1 1 1 1
<9409971> <has_previousCancerHistory_OrNot> <No> 1 1 1 1
<9804314> <has_previousCancerHistory_OrNot> <No> 1 1 1 1
<9705207> <has_previousCancerHistory_OrNot> <No> 0 0 0 0
<7404587> <has_previousCancerHistory_OrNot> <UNK> 0 0 0 0
<9914879> <has_previousCancerHistory_OrNot> <No> 1 1 1 1
<703627> <has_previousCancerHistory_OrNot> <No> 1 1 1 1
<906914> <has_previousCancerHistory_OrNot> <No> 0 0 0 0
<209554> <has_previousCancerHistory_OrNot> <No> 1 1 1 1
<7404167> <has_previousCancerHistory_OrNot> <No> 1 1 1 1
