<1006639> <hasRace> <Caucasian> 0 0 0 0
<102737> <hasRace> <Caucasian> 0 0 0 0
<103862> <hasRace> <Caucasian> 0 0 0 0
<10802677> <hasRace> <Caucasian> 0 0 0 0
<10600507> <hasRace> <Caucasian> 0 0 0 0
<10803412> <hasRace> <Caucasian> 0 0 0 0
<10807129> <hasRace> <Caucasian> 0 0 0 0
<1006637> <hasRace> <Caucasian> 0 0 0 0
<10612168> <hasRace> <Latin> 0 0 0 0
<107429> <hasRace> <Caucasian> 0 0 0 0
<109159> <hasRace> <Caucasian> 0 0 0 0
<111891> <hasRace> <Caucasian> 0 0 0 0
<11313436> <hasRace> <Caucasian> 0 0 0 0
<11315836> <hasRace> <Caucasian> 0 0 0 0
<1200525> <hasRace> <Caucasian> 0 0 0 0
<116621> <hasRace> <Caucasian> 0 0 0 0
<1215244> <hasRace> <Caucasian> 0 0 0 0
<11312635> <hasRace> <Caucasian> 0 0 0 0
<1201893> <hasRace> <Caucasian> 0 0 0 0
<1215387> <hasRace> <Caucasian> 0 0 0 0
<12913807> <hasRace> <Caucasian> 0 0 0 0
<1214926> <hasRace> <Caucasian> 0 0 0 0
<1213445> <hasRace> <Caucasian> 0 0 0 0
<108135> <hasRace> <Caucasian> 0 0 0 0
<111322> <hasRace> <Caucasian> 0 0 0 0
<107680> <hasRace> <Caucasian> 0 0 0 0
<11312363> <hasRace> <Caucasian> 0 0 0 0
<11313932> <hasRace> <Caucasian> 0 0 0 0
<1200944> <hasRace> <Caucasian> 0 0 0 0
<1200935> <hasRace> <Caucasian> 0 0 0 0
<11314477> <hasRace> <Caucasian> 0 0 0 0
<12914602> <hasRace> <Caucasian> 0 0 0 0
<1301730> <hasRace> <Caucasian> 0 0 0 0
<1302084> <hasRace> <Caucasian> 0 0 0 0
<1305553> <hasRace> <Caucasian> 0 0 0 0
<1300753> <hasRace> <Caucasian> 0 0 0 0
<1311464> <hasRace> <Caucasian> 0 0 0 0
<1312953> <hasRace> <Caucasian> 0 0 0 0
<1310730> <hasRace> <Caucasian> 0 0 0 0
<1305096> <hasRace> <Caucasian> 0 0 0 0
<1306362> <hasRace> <Caucasian> 0 0 0 0
<1306500> <hasRace> <Caucasian> 0 0 0 0
<1301932> <hasRace> <Caucasian> 0 0 0 0
<1305571> <hasRace> <Caucasian> 0 0 0 0
<1306376> <hasRace> <Caucasian> 0 0 0 0
<1302232> <hasRace> <Caucasian> 0 0 0 0
<12914841> <hasRace> <Caucasian> 0 0 0 0
<1301673> <hasRace> <Caucasian> 0 0 0 0
<1314763> <hasRace> <Other> 0 0 0 0
<1314789> <hasRace> <Caucasian> 0 0 0 0
<1303816> <hasRace> <Caucasian> 0 0 0 0
<1312659> <hasRace> <Caucasian> 0 0 0 0
<1314557> <hasRace> <Caucasian> 0 0 0 0
<1305460> <hasRace> <Caucasian> 0 0 0 0
<1302720> <hasRace> <Caucasian> 0 0 0 0
<1306317> <hasRace> <Caucasian> 0 0 0 0
<1314845> <hasRace> <Caucasian> 0 0 0 0
<1315140> <hasRace> <Caucasian> 0 0 0 0
<1315173> <hasRace> <Caucasian> 0 0 0 0
<1315330> <hasRace> <Caucasian> 0 0 0 0
<1315392> <hasRace> <Latin> 0 0 0 0
<14702163> <hasRace> <Caucasian> 0 0 0 0
<1314984> <hasRace> <Caucasian> 0 0 0 0
<1510070> <hasRace> <Caucasian> 0 0 0 0
<1511098> <hasRace> <Caucasian> 0 0 0 0
<1511100> <hasRace> <Caucasian> 0 0 0 0
<15700396> <hasRace> <Caucasian> 0 0 0 0
<1306213> <hasRace> <Caucasian> 0 0 0 0
<1306713> <hasRace> <Caucasian> 0 0 0 0
<1501009> <hasRace> <Caucasian> 0 0 0 0
<1315564> <hasRace> <Caucasian> 0 0 0 0
<1315123> <hasRace> <Caucasian> 0 0 0 0
<1505084> <hasRace> <Caucasian> 0 0 0 0
<1511192> <hasRace> <Caucasian> 0 0 0 0
<1316106> <hasRace> <Caucasian> 0 0 0 0
<1315049> <hasRace> <Caucasian> 0 0 0 0
<1315530> <hasRace> <Caucasian> 0 0 0 0
<1504949> <hasRace> <Caucasian> 0 0 0 0
<1508807> <hasRace> <Caucasian> 0 0 0 0
<1315599> <hasRace> <Caucasian> 0 0 0 0
<1306287> <hasRace> <Caucasian> 0 0 0 0
<15702252> <hasRace> <Caucasian> 0 0 0 0
<15704683> <hasRace> <Caucasian> 0 0 0 0
<1315142> <hasRace> <Caucasian> 0 0 0 0
<15706387> <hasRace> <Caucasian> 0 0 0 0
<1804205> <hasRace> <Caucasian> 0 0 0 0
<201907> <hasRace> <Caucasian> 0 0 0 0
<202075> <hasRace> <Caucasian> 0 0 0 0
<15709793> <hasRace> <Caucasian> 0 0 0 0
<202763> <hasRace> <Caucasian> 0 0 0 0
<204035> <hasRace> <Caucasian> 0 0 0 0
<203552> <hasRace> <Caucasian> 0 0 0 0
<15709804> <hasRace> <Caucasian> 0 0 0 0
<204481> <hasRace> <Caucasian> 0 0 0 0
<205558> <hasRace> <Caucasian> 0 0 0 0
<203493> <hasRace> <Caucasian> 0 0 0 0
<202222> <hasRace> <Caucasian> 0 0 0 0
<15707190> <hasRace> <Caucasian> 0 0 0 0
<17707542> <hasRace> <Caucasian> 0 0 0 0
<203512> <hasRace> <Caucasian> 0 0 0 0
<1513565> <hasRace> <Caucasian> 0 0 0 0
<1515507> <hasRace> <Caucasian> 0 0 0 0
<204991> <hasRace> <Caucasian> 0 0 0 0
<15706421> <hasRace> <Caucasian> 0 0 0 0
<201883> <hasRace> <African> 0 0 0 0
<201949> <hasRace> <Caucasian> 0 0 0 0
<205360> <hasRace> <Caucasian> 0 0 0 0
<206236> <hasRace> <Caucasian> 0 0 0 0
<207938> <hasRace> <Caucasian> 0 0 0 0
<209426> <hasRace> <Caucasian> 0 0 0 0
<209430> <hasRace> <Caucasian> 0 0 0 0
<209969> <hasRace> <Caucasian> 0 0 0 0
<210068> <hasRace> <Caucasian> 0 0 0 0
<206679> <hasRace> <Caucasian> 0 0 0 0
<212208> <hasRace> <Caucasian> 0 0 0 0
<207178> <hasRace> <Caucasian> 0 0 0 0
<2108761> <hasRace> <Caucasian> 0 0 0 0
<215270> <hasRace> <Caucasian> 0 0 0 0
<204142> <hasRace> <Caucasian> 0 0 0 0
<207368> <hasRace> <Caucasian> 0 0 0 0
<209456> <hasRace> <Caucasian> 0 0 0 0
<2101879> <hasRace> <Caucasian> 0 0 0 0
<211512> <hasRace> <Caucasian> 0 0 0 0
<2108699> <hasRace> <Caucasian> 0 0 0 0
<207713> <hasRace> <Caucasian> 0 0 0 0
<2107235> <hasRace> <Caucasian> 0 0 0 0
<204164> <hasRace> <Caucasian> 0 0 0 0
<2102765> <hasRace> <Caucasian> 0 0 0 0
<205007> <hasRace> <Caucasian> 0 0 0 0
<2100774> <hasRace> <Caucasian> 0 0 0 0
<210389> <hasRace> <Caucasian> 0 0 0 0
<207785> <hasRace> <Caucasian> 0 0 0 0
<207227> <hasRace> <Caucasian> 0 0 0 0
<2303333> <hasRace> <Caucasian> 0 0 0 0
<2304931> <hasRace> <Caucasian> 0 0 0 0
<2305105> <hasRace> <Caucasian> 0 0 0 0
<2308934> <hasRace> <Caucasian> 0 0 0 0
<2304902> <hasRace> <Caucasian> 0 0 0 0
<2303379> <hasRace> <Caucasian> 0 0 0 0
<2302883> <hasRace> <Caucasian> 0 0 0 0
<2807104> <hasRace> <Caucasian> 0 0 0 0
<2807838> <hasRace> <Caucasian> 0 0 0 0
<2808249> <hasRace> <Caucasian> 0 0 0 0
<2808919> <hasRace> <Caucasian> 0 0 0 0
<2808922> <hasRace> <Caucasian> 0 0 0 0
<2305106> <hasRace> <Caucasian> 0 0 0 0
<2505246> <hasRace> <Caucasian> 0 0 0 0
<2804652> <hasRace> <Caucasian> 0 0 0 0
<2805001> <hasRace> <Caucasian> 0 0 0 0
<2114407> <hasRace> <Caucasian> 0 0 0 0
<2305170> <hasRace> <Caucasian> 0 0 0 0
<2807846> <hasRace> <Caucasian> 0 0 0 0
<2807665> <hasRace> <Caucasian> 0 0 0 0
<2303243> <hasRace> <Caucasian> 0 0 0 0
<2312537> <hasRace> <Other> 0 0 0 0
<2312761> <hasRace> <Caucasian> 0 0 0 0
<2806063> <hasRace> <Caucasian> 0 0 0 0
<2809215> <hasRace> <Caucasian> 0 0 0 0
<2715744> <hasRace> <Caucasian> 0 0 0 0
<2304416> <hasRace> <Caucasian> 0 0 0 0
<2505256> <hasRace> <Caucasian> 0 0 0 0
<2815680> <hasRace> <Caucasian> 0 0 0 0
<2902453> <hasRace> <Caucasian> 0 0 0 0
<2907799> <hasRace> <Caucasian> 0 0 0 0
<2901450> <hasRace> <Caucasian> 0 0 0 0
<2816456> <hasRace> <Caucasian> 0 0 0 0
<2816105> <hasRace> <Caucasian> 0 0 0 0
<300856> <hasRace> <Caucasian> 0 0 0 0
<300320> <hasRace> <Caucasian> 0 0 0 0
<2312541> <hasRace> <Caucasian> 0 0 0 0
<3006809> <hasRace> <Caucasian> 0 0 0 0
<3017129> <hasRace> <Caucasian> 0 0 0 0
<2312687> <hasRace> <Caucasian> 0 0 0 0
<2807407> <hasRace> <Caucasian> 0 0 0 0
<2812360> <hasRace> <Caucasian> 0 0 0 0
<2903706> <hasRace> <Caucasian> 0 0 0 0
<2904209> <hasRace> <Caucasian> 0 0 0 0
<2810392> <hasRace> <Caucasian> 0 0 0 0
<2911977> <hasRace> <Caucasian> 0 0 0 0
<301507> <hasRace> <Caucasian> 0 0 0 0
<2917468> <hasRace> <Caucasian> 0 0 0 0
<2813551> <hasRace> <Caucasian> 0 0 0 0
<2810603> <hasRace> <Caucasian> 0 0 0 0
<3012056> <hasRace> <Caucasian> 0 0 0 0
<2805018> <hasRace> <Caucasian> 0 0 0 0
<2901427> <hasRace> <Caucasian> 0 0 0 0
<302122> <hasRace> <Caucasian> 0 0 0 0
<3000608> <hasRace> <Caucasian> 0 0 0 0
<2911374> <hasRace> <Caucasian> 0 0 0 0
<2903707> <hasRace> <Caucasian> 0 0 0 0
<2813072> <hasRace> <Caucasian> 0 0 0 0
<2817219> <hasRace> <Caucasian> 0 0 0 0
<2917462> <hasRace> <Caucasian> 0 0 0 0
<2903727> <hasRace> <Caucasian> 0 0 0 0
<3009637> <hasRace> <Caucasian> 0 0 0 0
<302294> <hasRace> <Caucasian> 0 0 0 0
<102353> <hasRace> <Caucasian> 0 0 0 0
<10612199> <hasRace> <Latin> 0 0 0 0
<10615293> <hasRace> <Latin> 0 0 0 0
<10612122> <hasRace> <Latin> 0 0 0 0
<10803745> <hasRace> <Caucasian> 0 0 0 0
<10604594> <hasRace> <Caucasian> 0 0 0 0
<102362> <hasRace> <Caucasian> 0 0 0 0
<101503> <hasRace> <Caucasian> 0 0 0 0
<101726> <hasRace> <Caucasian> 0 0 0 0
<101669> <hasRace> <Caucasian> 0 0 0 0
<10806004> <hasRace> <African> 0 0 0 0
<102368> <hasRace> <Caucasian> 0 0 0 0
<10612186> <hasRace> <Latin> 0 0 0 0
<102071> <hasRace> <Caucasian> 0 0 0 0
<101717> <hasRace> <Caucasian> 0 0 0 0
<109545> <hasRace> <Caucasian> 0 0 0 0
<109551> <hasRace> <Caucasian> 0 0 0 0
<109570> <hasRace> <Caucasian> 0 0 0 0
<110247> <hasRace> <Caucasian> 0 0 0 0
<111410> <hasRace> <Caucasian> 0 0 0 0
<112281> <hasRace> <Caucasian> 0 0 0 0
<11312078> <hasRace> <Caucasian> 0 0 0 0
<11312895> <hasRace> <Caucasian> 0 0 0 0
<11405991> <hasRace> <Caucasian> 0 0 0 0
<11912143> <hasRace> <Caucasian> 0 0 0 0
<11912350> <hasRace> <Caucasian> 0 0 0 0
<1214018> <hasRace> <Caucasian> 0 0 0 0
<1214098> <hasRace> <Caucasian> 0 0 0 0
<1214790> <hasRace> <Caucasian> 0 0 0 0
<1216618> <hasRace> <Caucasian> 0 0 0 0
<12914589> <hasRace> <Caucasian> 0 0 0 0
<12914739> <hasRace> <Caucasian> 0 0 0 0
<11311999> <hasRace> <Caucasian> 0 0 0 0
<109233> <hasRace> <Caucasian> 0 0 0 0
<11405737> <hasRace> <Caucasian> 0 0 0 0
<1213195> <hasRace> <Caucasian> 0 0 0 0
<1201124> <hasRace> <Caucasian> 0 0 0 0
<11911300> <hasRace> <Caucasian> 0 0 0 0
<12914471> <hasRace> <Caucasian> 0 0 0 0
<110077> <hasRace> <Caucasian> 0 0 0 0
<11312216> <hasRace> <Caucasian> 0 0 0 0
<103639> <hasRace> <Caucasian> 0 0 0 0
<111250> <hasRace> <Caucasian> 0 0 0 0
<111281> <hasRace> <Caucasian> 0 0 0 0
<11314170> <hasRace> <Caucasian> 0 0 0 0
<110072> <hasRace> <Caucasian> 0 0 0 0
<109746> <hasRace> <Caucasian> 0 0 0 0
<11911848> <hasRace> <Caucasian> 0 0 0 0
<1216608> <hasRace> <Caucasian> 0 0 0 0
<110687> <hasRace> <Caucasian> 0 0 0 0
<1302285> <hasRace> <Caucasian> 0 0 0 0
<1303485> <hasRace> <Caucasian> 0 0 0 0
<1303640> <hasRace> <Caucasian> 0 0 0 0
<1306181> <hasRace> <Caucasian> 0 0 0 0
<1313451> <hasRace> <Caucasian> 0 0 0 0
<1310597> <hasRace> <Caucasian> 0 0 0 0
<1314701> <hasRace> <Caucasian> 0 0 0 0
<1314709> <hasRace> <Caucasian> 0 0 0 0
<1314753> <hasRace> <Caucasian> 0 0 0 0
<1314779> <hasRace> <Caucasian> 0 0 0 0
<12914287> <hasRace> <Caucasian> 0 0 0 0
<1305539> <hasRace> <Caucasian> 0 0 0 0
<1306705> <hasRace> <Caucasian> 0 0 0 0
<1314451> <hasRace> <Caucasian> 0 0 0 0
<1313386> <hasRace> <Caucasian> 0 0 0 0
<1306204> <hasRace> <Caucasian> 0 0 0 0
<1302478> <hasRace> <Caucasian> 0 0 0 0
<1303585> <hasRace> <Caucasian> 0 0 0 0
<1313393> <hasRace> <Caucasian> 0 0 0 0
<1313407> <hasRace> <Caucasian> 0 0 0 0
<1310914> <hasRace> <Caucasian> 0 0 0 0
<1306241> <hasRace> <Caucasian> 0 0 0 0
<1314934> <hasRace> <Caucasian> 0 0 0 0
<1305473> <hasRace> <Caucasian> 0 0 0 0
<1306185> <hasRace> <Caucasian> 0 0 0 0
<1306620> <hasRace> <Caucasian> 0 0 0 0
<1302364> <hasRace> <Caucasian> 0 0 0 0
<1315168> <hasRace> <Caucasian> 0 0 0 0
<1315602> <hasRace> <Caucasian> 0 0 0 0
<14705788> <hasRace> <Caucasian> 0 0 0 0
<1509181> <hasRace> <Caucasian> 0 0 0 0
<15415516> <hasRace> <Caucasian> 0 0 0 0
<1315486> <hasRace> <Caucasian> 0 0 0 0
<1507573> <hasRace> <Caucasian> 0 0 0 0
<1516301> <hasRace> <Caucasian> 0 0 0 0
<1314681> <hasRace> <Caucasian> 0 0 0 0
<1511096> <hasRace> <Caucasian> 0 0 0 0
<14505952> <hasRace> <Caucasian> 0 0 0 0
<1305538> <hasRace> <Caucasian> 0 0 0 0
<1306215> <hasRace> <Caucasian> 0 0 0 0
<1504521> <hasRace> <Caucasian> 0 0 0 0
<1500705> <hasRace> <Caucasian> 0 0 0 0
<1510275> <hasRace> <Caucasian> 0 0 0 0
<1315534> <hasRace> <Caucasian> 0 0 0 0
<1500599> <hasRace> <Caucasian> 0 0 0 0
<1507373> <hasRace> <Caucasian> 0 0 0 0
<1314726> <hasRace> <Caucasian> 0 0 0 0
<202129> <hasRace> <Caucasian> 0 0 0 0
<205656> <hasRace> <Caucasian> 0 0 0 0
<203543> <hasRace> <Caucasian> 0 0 0 0
<206598> <hasRace> <Caucasian> 0 0 0 0
<204339> <hasRace> <Caucasian> 0 0 0 0
<204923> <hasRace> <Caucasian> 0 0 0 0
<207600> <hasRace> <Caucasian> 0 0 0 0
<207711> <hasRace> <Caucasian> 0 0 0 0
<204917> <hasRace> <Caucasian> 0 0 0 0
<202277> <hasRace> <Caucasian> 0 0 0 0
<205442> <hasRace> <Caucasian> 0 0 0 0
<208151> <hasRace> <Caucasian> 0 0 0 0
<203866> <hasRace> <Caucasian> 0 0 0 0
<204939> <hasRace> <Caucasian> 0 0 0 0
<18015710> <hasRace> <Caucasian> 0 0 0 0
<15710140> <hasRace> <Caucasian> 0 0 0 0
<204165> <hasRace> <Caucasian> 0 0 0 0
<203624> <hasRace> <Caucasian> 0 0 0 0
<209677> <hasRace> <Caucasian> 0 0 0 0
<2101937> <hasRace> <Caucasian> 0 0 0 0
<208771> <hasRace> <Caucasian> 0 0 0 0
<206563> <hasRace> <Caucasian> 0 0 0 0
<210473> <hasRace> <Caucasian> 0 0 0 0
<211492> <hasRace> <Caucasian> 0 0 0 0
<215274> <hasRace> <Caucasian> 0 0 0 0
<210611> <hasRace> <Caucasian> 0 0 0 0
<212860> <hasRace> <Caucasian> 0 0 0 0
<2303258> <hasRace> <Caucasian> 0 0 0 0
<210193> <hasRace> <Caucasian> 0 0 0 0
<213727> <hasRace> <Caucasian> 0 0 0 0
<2100736> <hasRace> <Caucasian> 0 0 0 0
<214045> <hasRace> <Caucasian> 0 0 0 0
<207436> <hasRace> <Caucasian> 0 0 0 0
<2100773> <hasRace> <Caucasian> 0 0 0 0
<202031> <hasRace> <Caucasian> 0 0 0 0
<2100655> <hasRace> <Caucasian> 0 0 0 0
<214469> <hasRace> <Caucasian> 0 0 0 0
<2107765> <hasRace> <Caucasian> 0 0 0 0
<2300004> <hasRace> <Caucasian> 0 0 0 0
<2115499> <hasRace> <Caucasian> 0 0 0 0
<212825> <hasRace> <Caucasian> 0 0 0 0
<2304805> <hasRace> <Caucasian> 0 0 0 0
<2305119> <hasRace> <Caucasian> 0 0 0 0
<2305899> <hasRace> <Caucasian> 0 0 0 0
<2312543> <hasRace> <Caucasian> 0 0 0 0
<2312066> <hasRace> <Caucasian> 0 0 0 0
<2805825> <hasRace> <Caucasian> 0 0 0 0
<2305108> <hasRace> <Caucasian> 0 0 0 0
<2305249> <hasRace> <Caucasian> 0 0 0 0
<2304621> <hasRace> <Caucasian> 0 0 0 0
<2808261> <hasRace> <Caucasian> 0 0 0 0
<2312792> <hasRace> <Caucasian> 0 0 0 0
<2305281> <hasRace> <Caucasian> 0 0 0 0
<2304819> <hasRace> <Caucasian> 0 0 0 0
<2305869> <hasRace> <Caucasian> 0 0 0 0
<2304234> <hasRace> <Caucasian> 0 0 0 0
<2810999> <hasRace> <Caucasian> 0 0 0 0
<2312913> <hasRace> <Caucasian> 0 0 0 0
<2312545> <hasRace> <Caucasian> 0 0 0 0
<2902537> <hasRace> <Caucasian> 0 0 0 0
<2903129> <hasRace> <Caucasian> 0 0 0 0
<2917360> <hasRace> <Caucasian> 0 0 0 0
<300274> <hasRace> <Caucasian> 0 0 0 0
<300334> <hasRace> <Caucasian> 0 0 0 0
<300473> <hasRace> <Caucasian> 0 0 0 0
<3005804> <hasRace> <Caucasian> 0 0 0 0
<300857> <hasRace> <Caucasian> 0 0 0 0
<3017435> <hasRace> <Caucasian> 0 0 0 0
<303681> <hasRace> <Caucasian> 0 0 0 0
<300567> <hasRace> <Caucasian> 0 0 0 0
<2815312> <hasRace> <Caucasian> 0 0 0 0
<2903738> <hasRace> <Caucasian> 0 0 0 0
<2902536> <hasRace> <Caucasian> 0 0 0 0
<2903120> <hasRace> <Caucasian> 0 0 0 0
<301092> <hasRace> <Caucasian> 0 0 0 0
<303631> <hasRace> <Caucasian> 0 0 0 0
<2803756> <hasRace> <Caucasian> 0 0 0 0
<302694> <hasRace> <Caucasian> 0 0 0 0
<301987> <hasRace> <Caucasian> 0 0 0 0
<2810878> <hasRace> <Caucasian> 0 0 0 0
<2811950> <hasRace> <Caucasian> 0 0 0 0
<2910926> <hasRace> <Caucasian> 0 0 0 0
<304814> <hasRace> <Caucasian> 0 0 0 0
<305228> <hasRace> <Caucasian> 0 0 0 0
<307272> <hasRace> <Caucasian> 0 0 0 0
<307317> <hasRace> <Caucasian> 0 0 0 0
<307594> <hasRace> <Caucasian> 0 0 0 0
<308188> <hasRace> <Caucasian> 0 0 0 0
<311882> <hasRace> <Caucasian> 0 0 0 0
<3307032> <hasRace> <Caucasian> 0 0 0 0
<310254> <hasRace> <Caucasian> 0 0 0 0
<3309827> <hasRace> <Caucasian> 0 0 0 0
<3404216> <hasRace> <Caucasian> 0 0 0 0
<3407253> <hasRace> <Caucasian> 0 0 0 0
<3412598> <hasRace> <Caucasian> 0 0 0 0
<3315525> <hasRace> <Caucasian> 0 0 0 0
<3508886> <hasRace> <Caucasian> 0 0 0 0
<3402695> <hasRace> <Caucasian> 0 0 0 0
<3510434> <hasRace> <Caucasian> 0 0 0 0
<3511351> <hasRace> <Caucasian> 0 0 0 0
<3602135> <hasRace> <Caucasian> 0 0 0 0
<3602378> <hasRace> <Caucasian> 0 0 0 0
<316446> <hasRace> <Caucasian> 0 0 0 0
<3404632> <hasRace> <Caucasian> 0 0 0 0
<3712401> <hasRace> <Caucasian> 0 0 0 0
<3812060> <hasRace> <Caucasian> 0 0 0 0
<3510216> <hasRace> <Caucasian> 0 0 0 0
<3812425> <hasRace> <Caucasian> 0 0 0 0
<3703767> <hasRace> <Caucasian> 0 0 0 0
<409760> <hasRace> <Caucasian> 0 0 0 0
<409877> <hasRace> <Caucasian> 0 0 0 0
<410120> <hasRace> <Caucasian> 0 0 0 0
<411544> <hasRace> <Caucasian> 0 0 0 0
<412092> <hasRace> <Caucasian> 0 0 0 0
<3602377> <hasRace> <Caucasian> 0 0 0 0
<3801527> <hasRace> <Caucasian> 0 0 0 0
<407532> <hasRace> <Caucasian> 0 0 0 0
<409685> <hasRace> <Caucasian> 0 0 0 0
<413482> <hasRace> <Caucasian> 0 0 0 0
<410218> <hasRace> <Caucasian> 0 0 0 0
<411494> <hasRace> <Caucasian> 0 0 0 0
<409993> <hasRace> <Caucasian> 0 0 0 0
<3510650> <hasRace> <Caucasian> 0 0 0 0
<3509495> <hasRace> <Caucasian> 0 0 0 0
<416039> <hasRace> <Caucasian> 0 0 0 0
<416056> <hasRace> <Caucasian> 0 0 0 0
<417147> <hasRace> <Caucasian> 0 0 0 0
<3509539> <hasRace> <Caucasian> 0 0 0 0
<410118> <hasRace> <Caucasian> 0 0 0 0
<413479> <hasRace> <Caucasian> 0 0 0 0
<409418> <hasRace> <Caucasian> 0 0 0 0
<410183> <hasRace> <Caucasian> 0 0 0 0
<4313494> <hasRace> <Caucasian> 0 0 0 0
<4314180> <hasRace> <Caucasian> 0 0 0 0
<4910615> <hasRace> <Caucasian> 0 0 0 0
<4910647> <hasRace> <Caucasian> 0 0 0 0
<4911243> <hasRace> <Caucasian> 0 0 0 0
<4910916> <hasRace> <Caucasian> 0 0 0 0
<416481> <hasRace> <Caucasian> 0 0 0 0
<417022> <hasRace> <Caucasian> 0 0 0 0
<4314194> <hasRace> <Caucasian> 0 0 0 0
<4910463> <hasRace> <Caucasian> 0 0 0 0
<4910925> <hasRace> <Caucasian> 0 0 0 0
<4911041> <hasRace> <Caucasian> 0 0 0 0
<416567> <hasRace> <Caucasian> 0 0 0 0
<416840> <hasRace> <Caucasian> 0 0 0 0
<4602211> <hasRace> <Caucasian> 0 0 0 0
<4616336> <hasRace> <Caucasian> 0 0 0 0
<4910778> <hasRace> <Caucasian> 0 0 0 0
<416821> <hasRace> <Caucasian> 0 0 0 0
<4312943> <hasRace> <Caucasian> 0 0 0 0
<4600229> <hasRace> <Caucasian> 0 0 0 0
<417300> <hasRace> <Caucasian> 0 0 0 0
<416951> <hasRace> <Caucasian> 0 0 0 0
<501354> <hasRace> <Caucasian> 0 0 0 0
<503170> <hasRace> <Caucasian> 0 0 0 0
<503204> <hasRace> <Caucasian> 0 0 0 0
<503766> <hasRace> <Caucasian> 0 0 0 0
<4602350> <hasRace> <Caucasian> 0 0 0 0
<4910853> <hasRace> <Caucasian> 0 0 0 0
<4910735> <hasRace> <Caucasian> 0 0 0 0
<416512> <hasRace> <Asian> 0 0 0 0
<503960> <hasRace> <Caucasian> 0 0 0 0
<507774> <hasRace> <Caucasian> 0 0 0 0
<508174> <hasRace> <Caucasian> 0 0 0 0
<508191> <hasRace> <Caucasian> 0 0 0 0
<508388> <hasRace> <Caucasian> 0 0 0 0
<508401> <hasRace> <Caucasian> 0 0 0 0
<508436> <hasRace> <Caucasian> 0 0 0 0
<508501> <hasRace> <Caucasian> 0 0 0 0
<509031> <hasRace> <Caucasian> 0 0 0 0
<509077> <hasRace> <Caucasian> 0 0 0 0
<507906> <hasRace> <Caucasian> 0 0 0 0
<507800> <hasRace> <Caucasian> 0 0 0 0
<508019> <hasRace> <Caucasian> 0 0 0 0
<508150> <hasRace> <Caucasian> 0 0 0 0
<508290> <hasRace> <Caucasian> 0 0 0 0
<508556> <hasRace> <Caucasian> 0 0 0 0
<508463> <hasRace> <Caucasian> 0 0 0 0
<507888> <hasRace> <Caucasian> 0 0 0 0
<508512> <hasRace> <Caucasian> 0 0 0 0
<507878> <hasRace> <Caucasian> 0 0 0 0
<507783> <hasRace> <Caucasian> 0 0 0 0
<509096> <hasRace> <Caucasian> 0 0 0 0
<510281> <hasRace> <Caucasian> 0 0 0 0
<5102902> <hasRace> <Caucasian> 0 0 0 0
<5103315> <hasRace> <Caucasian> 0 0 0 0
<5104554> <hasRace> <Caucasian> 0 0 0 0
<5104720> <hasRace> <Caucasian> 0 0 0 0
<508129> <hasRace> <Caucasian> 0 0 0 0
<508500> <hasRace> <Caucasian> 0 0 0 0
<507744> <hasRace> <Caucasian> 0 0 0 0
<509021> <hasRace> <Caucasian> 0 0 0 0
<5104925> <hasRace> <Caucasian> 0 0 0 0
<5113556> <hasRace> <Caucasian> 0 0 0 0
<5115701> <hasRace> <Caucasian> 0 0 0 0
<512586> <hasRace> <Caucasian> 0 0 0 0
<5104092> <hasRace> <Caucasian> 0 0 0 0
<5104726> <hasRace> <Caucasian> 0 0 0 0
<5106801> <hasRace> <Caucasian> 0 0 0 0
<5111445> <hasRace> <Caucasian> 0 0 0 0
<512578> <hasRace> <Caucasian> 0 0 0 0
<5104292> <hasRace> <Caucasian> 0 0 0 0
<5105185> <hasRace> <Caucasian> 0 0 0 0
<5102947> <hasRace> <Caucasian> 0 0 0 0
<5106540> <hasRace> <Caucasian> 0 0 0 0
<5104171> <hasRace> <Caucasian> 0 0 0 0
<5107336> <hasRace> <Caucasian> 0 0 0 0
<512367> <hasRace> <African> 0 0 0 0
<5107177> <hasRace> <Caucasian> 0 0 0 0
<512532> <hasRace> <Caucasian> 0 0 0 0
<514043> <hasRace> <Caucasian> 0 0 0 0
<514191> <hasRace> <Caucasian> 0 0 0 0
<516200> <hasRace> <Caucasian> 0 0 0 0
<516203> <hasRace> <Caucasian> 0 0 0 0
<516760> <hasRace> <Caucasian> 0 0 0 0
<517004> <hasRace> <Caucasian> 0 0 0 0
<5303984> <hasRace> <Caucasian> 0 0 0 0
<5306796> <hasRace> <Caucasian> 0 0 0 0
<5313000> <hasRace> <Caucasian> 0 0 0 0
<513219> <hasRace> <Caucasian> 0 0 0 0
<513273> <hasRace> <Caucasian> 0 0 0 0
<513550> <hasRace> <Caucasian> 0 0 0 0
<513729> <hasRace> <Caucasian> 0 0 0 0
<514260> <hasRace> <Caucasian> 0 0 0 0
<516190> <hasRace> <Caucasian> 0 0 0 0
<516727> <hasRace> <Caucasian> 0 0 0 0
<513919> <hasRace> <Caucasian> 0 0 0 0
<512949> <hasRace> <Caucasian> 0 0 0 0
<513241> <hasRace> <Caucasian> 0 0 0 0
<514093> <hasRace> <Caucasian> 0 0 0 0
<514138> <hasRace> <Caucasian> 0 0 0 0
<5305642> <hasRace> <Caucasian> 0 0 0 0
<513547> <hasRace> <Caucasian> 0 0 0 0
<516952> <hasRace> <Caucasian> 0 0 0 0
<5301002> <hasRace> <Caucasian> 0 0 0 0
<516841> <hasRace> <Caucasian> 0 0 0 0
<5305287> <hasRace> <Caucasian> 0 0 0 0
<5305964> <hasRace> <Caucasian> 0 0 0 0
<5313392> <hasRace> <Caucasian> 0 0 0 0
<5314102> <hasRace> <Caucasian> 0 0 0 0
<517143> <hasRace> <African> 0 0 0 0
<513531> <hasRace> <Caucasian> 0 0 0 0
<513699> <hasRace> <Caucasian> 0 0 0 0
<516237> <hasRace> <Caucasian> 0 0 0 0
<513047> <hasRace> <Caucasian> 0 0 0 0
<5315064> <hasRace> <Caucasian> 0 0 0 0
<5315752> <hasRace> <Caucasian> 0 0 0 0
<5315776> <hasRace> <Caucasian> 0 0 0 0
<5315995> <hasRace> <Caucasian> 0 0 0 0
<5316172> <hasRace> <Caucasian> 0 0 0 0
<5316199> <hasRace> <Caucasian> 0 0 0 0
<5316254> <hasRace> <Caucasian> 0 0 0 0
<5503858> <hasRace> <Caucasian> 0 0 0 0
<5505030> <hasRace> <Caucasian> 0 0 0 0
<6301775> <hasRace> <Caucasian> 0 0 0 0
<6301779> <hasRace> <Caucasian> 0 0 0 0
<6303506> <hasRace> <Caucasian> 0 0 0 0
<5314831> <hasRace> <Caucasian> 0 0 0 0
<5315863> <hasRace> <Caucasian> 0 0 0 0
<5314920> <hasRace> <Caucasian> 0 0 0 0
<6010372> <hasRace> <Caucasian> 0 0 0 0
<5316197> <hasRace> <Caucasian> 0 0 0 0
<6313243> <hasRace> <Caucasian> 0 0 0 0
<6315865> <hasRace> <Caucasian> 0 0 0 0
<6317274> <hasRace> <Caucasian> 0 0 0 0
<6400531> <hasRace> <Caucasian> 0 0 0 0
<704901> <hasRace> <Caucasian> 0 0 0 0
<709344> <hasRace> <Caucasian> 0 0 0 0
<7105709> <hasRace> <Caucasian> 0 0 0 0
<7214821> <hasRace> <Caucasian> 0 0 0 0
<7405351> <hasRace> <Caucasian> 0 0 0 0
<6316011> <hasRace> <Caucasian> 0 0 0 0
<6317172> <hasRace> <Caucasian> 0 0 0 0
<6404039> <hasRace> <Caucasian> 0 0 0 0
<7101194> <hasRace> <Caucasian> 0 0 0 0
<7405348> <hasRace> <Caucasian> 0 0 0 0
<6314491> <hasRace> <Caucasian> 0 0 0 0
<7404367> <hasRace> <Caucasian> 0 0 0 0
<7409166> <hasRace> <Caucasian> 0 0 0 0
<900416> <hasRace> <Caucasian> 0 0 0 0
<6402606> <hasRace> <Caucasian> 0 0 0 0
<6314246> <hasRace> <Caucasian> 0 0 0 0
<701588> <hasRace> <Caucasian> 0 0 0 0
<6316978> <hasRace> <Caucasian> 0 0 0 0
<907159> <hasRace> <Caucasian> 0 0 0 0
<916875> <hasRace> <Caucasian> 0 0 0 0
<916889> <hasRace> <Caucasian> 0 0 0 0
<9704798> <hasRace> <Caucasian> 0 0 0 0
<9705033> <hasRace> <Caucasian> 0 0 0 0
<9705038> <hasRace> <Caucasian> 0 0 0 0
<9908918> <hasRace> <Caucasian> 0 0 0 0
<8306658> <hasRace> <Caucasian> 0 0 0 0
<901964> <hasRace> <Caucasian> 0 0 0 0
<9905793> <hasRace> <Caucasian> 0 0 0 0
<906976> <hasRace> <Caucasian> 0 0 0 0
<9412069> <hasRace> <Caucasian> 0 0 0 0
<7407329> <hasRace> <Caucasian> 0 0 0 0
<9911654> <hasRace> <Caucasian> 0 0 0 0
<415913> <hasRace> <Caucasian> 0 0 0 0
<516940> <hasRace> <Caucasian> 0 0 0 0
<513055> <hasRace> <Caucasian> 0 0 0 0
<5315809> <hasRace> <Caucasian> 0 0 0 0
<7406479> <hasRace> <Caucasian> 0 0 0 0
<304751> <hasRace> <Caucasian> 0 0 0 0
<306121> <hasRace> <Caucasian> 0 0 0 0
<306343> <hasRace> <Caucasian> 0 0 0 0
<306669> <hasRace> <Caucasian> 0 0 0 0
<308677> <hasRace> <Caucasian> 0 0 0 0
<317293> <hasRace> <Caucasian> 0 0 0 0
<3302182> <hasRace> <Caucasian> 0 0 0 0
<3310782> <hasRace> <Caucasian> 0 0 0 0
<3417163> <hasRace> <Caucasian> 0 0 0 0
<3507431> <hasRace> <Caucasian> 0 0 0 0
<3507470> <hasRace> <Caucasian> 0 0 0 0
<3507662> <hasRace> <Caucasian> 0 0 0 0
<3508806> <hasRace> <Caucasian> 0 0 0 0
<3509117> <hasRace> <Caucasian> 0 0 0 0
<3405062> <hasRace> <Caucasian> 0 0 0 0
<3507860> <hasRace> <Caucasian> 0 0 0 0
<3411783> <hasRace> <Caucasian> 0 0 0 0
<3308075> <hasRace> <Caucasian> 0 0 0 0
<316348> <hasRace> <Caucasian> 0 0 0 0
<3308088> <hasRace> <Caucasian> 0 0 0 0
<3509194> <hasRace> <Caucasian> 0 0 0 0
<3306164> <hasRace> <Caucasian> 0 0 0 0
<3404327> <hasRace> <Caucasian> 0 0 0 0
<3510430> <hasRace> <Caucasian> 0 0 0 0
<3602421> <hasRace> <Caucasian> 0 0 0 0
<3602564> <hasRace> <Caucasian> 0 0 0 0
<407670> <hasRace> <Caucasian> 0 0 0 0
<3702759> <hasRace> <Caucasian> 0 0 0 0
<3812278> <hasRace> <Caucasian> 0 0 0 0
<3707414> <hasRace> <Caucasian> 0 0 0 0
<3510684> <hasRace> <Caucasian> 0 0 0 0
<3702927> <hasRace> <Caucasian> 0 0 0 0
<3812437> <hasRace> <Caucasian> 0 0 0 0
<409748> <hasRace> <Caucasian> 0 0 0 0
<409861> <hasRace> <Caucasian> 0 0 0 0
<410341> <hasRace> <Caucasian> 0 0 0 0
<413019> <hasRace> <Caucasian> 0 0 0 0
<413766> <hasRace> <Caucasian> 0 0 0 0
<415733> <hasRace> <Caucasian> 0 0 0 0
<415875> <hasRace> <Caucasian> 0 0 0 0
<416067> <hasRace> <Caucasian> 0 0 0 0
<407656> <hasRace> <Caucasian> 0 0 0 0
<3710366> <hasRace> <Caucasian> 0 0 0 0
<3511231> <hasRace> <Caucasian> 0 0 0 0
<3704499> <hasRace> <Caucasian> 0 0 0 0
<409691> <hasRace> <Caucasian> 0 0 0 0
<409880> <hasRace> <Caucasian> 0 0 0 0
<409912> <hasRace> <Caucasian> 0 0 0 0
<415940> <hasRace> <Caucasian> 0 0 0 0
<3514419> <hasRace> <Caucasian> 0 0 0 0
<411873> <hasRace> <Caucasian> 0 0 0 0
<3510595> <hasRace> <Caucasian> 0 0 0 0
<3900405> <hasRace> <Caucasian> 0 0 0 0
<3704714> <hasRace> <Caucasian> 0 0 0 0
<409961> <hasRace> <Caucasian> 0 0 0 0
<413001> <hasRace> <Caucasian> 0 0 0 0
<3702801> <hasRace> <Caucasian> 0 0 0 0
<3510954> <hasRace> <Caucasian> 0 0 0 0
<415404> <hasRace> <Caucasian> 0 0 0 0
<416427> <hasRace> <Caucasian> 0 0 0 0
<416529> <hasRace> <Caucasian> 0 0 0 0
<417585> <hasRace> <Caucasian> 0 0 0 0
<4305936> <hasRace> <Caucasian> 0 0 0 0
<4313378> <hasRace> <Caucasian> 0 0 0 0
<4600804> <hasRace> <Caucasian> 0 0 0 0
<4602355> <hasRace> <Caucasian> 0 0 0 0
<4607093> <hasRace> <Caucasian> 0 0 0 0
<4910933> <hasRace> <Caucasian> 0 0 0 0
<501248> <hasRace> <Caucasian> 0 0 0 0
<416706> <hasRace> <Caucasian> 0 0 0 0
<4910901> <hasRace> <Caucasian> 0 0 0 0
<501342> <hasRace> <Caucasian> 0 0 0 0
<4313259> <hasRace> <Caucasian> 0 0 0 0
<4605031> <hasRace> <Caucasian> 0 0 0 0
<501295> <hasRace> <Caucasian> 0 0 0 0
<4910881> <hasRace> <Caucasian> 0 0 0 0
<4910575> <hasRace> <Caucasian> 0 0 0 0
<501316> <hasRace> <Caucasian> 0 0 0 0
<4605872> <hasRace> <Caucasian> 0 0 0 0
<4911215> <hasRace> <Caucasian> 0 0 0 0
<416495> <hasRace> <Caucasian> 0 0 0 0
<4313373> <hasRace> <Caucasian> 0 0 0 0
<501237> <hasRace> <Caucasian> 0 0 0 0
<503291> <hasRace> <Caucasian> 0 0 0 0
<503912> <hasRace> <Caucasian> 0 0 0 0
<507267> <hasRace> <Caucasian> 0 0 0 0
<508455> <hasRace> <Caucasian> 0 0 0 0
<508466> <hasRace> <Caucasian> 0 0 0 0
<508537> <hasRace> <Caucasian> 0 0 0 0
<508541> <hasRace> <Caucasian> 0 0 0 0
<508545> <hasRace> <Caucasian> 0 0 0 0
<508553> <hasRace> <Caucasian> 0 0 0 0
<509064> <hasRace> <Caucasian> 0 0 0 0
<509081> <hasRace> <Caucasian> 0 0 0 0
<509089> <hasRace> <Caucasian> 0 0 0 0
<509100> <hasRace> <Caucasian> 0 0 0 0
<509104> <hasRace> <Caucasian> 0 0 0 0
<5102738> <hasRace> <Caucasian> 0 0 0 0
<508454> <hasRace> <Caucasian> 0 0 0 0
<508462> <hasRace> <Caucasian> 0 0 0 0
<508499> <hasRace> <Caucasian> 0 0 0 0
<508423> <hasRace> <Caucasian> 0 0 0 0
<508276> <hasRace> <Caucasian> 0 0 0 0
<508372> <hasRace> <Caucasian> 0 0 0 0
<503298> <hasRace> <Caucasian> 0 0 0 0
<507725> <hasRace> <Caucasian> 0 0 0 0
<503943> <hasRace> <Caucasian> 0 0 0 0
<508224> <hasRace> <African> 0 0 0 0
<507745> <hasRace> <African> 0 0 0 0
<508460> <hasRace> <Caucasian> 0 0 0 0
<5102753> <hasRace> <Caucasian> 0 0 0 0
<5104168> <hasRace> <Caucasian> 0 0 0 0
<5104272> <hasRace> <Caucasian> 0 0 0 0
<5105589> <hasRace> <Caucasian> 0 0 0 0
<5106372> <hasRace> <Caucasian> 0 0 0 0
<5106576> <hasRace> <Caucasian> 0 0 0 0
<5107039> <hasRace> <Caucasian> 0 0 0 0
<5107179> <hasRace> <Caucasian> 0 0 0 0
<5107409> <hasRace> <Caucasian> 0 0 0 0
<5110976> <hasRace> <Caucasian> 0 0 0 0
<5114533> <hasRace> <Caucasian> 0 0 0 0
<5110667> <hasRace> <Caucasian> 0 0 0 0
<5112353> <hasRace> <Caucasian> 0 0 0 0
<509102> <hasRace> <Caucasian> 0 0 0 0
<5102641> <hasRace> <Caucasian> 0 0 0 0
<5102920> <hasRace> <Caucasian> 0 0 0 0
<5113887> <hasRace> <Caucasian> 0 0 0 0
<5102975> <hasRace> <Caucasian> 0 0 0 0
<5108809> <hasRace> <Caucasian> 0 0 0 0
<5113300> <hasRace> <Caucasian> 0 0 0 0
<509301> <hasRace> <Caucasian> 0 0 0 0
<5106605> <hasRace> <Caucasian> 0 0 0 0
<5106370> <hasRace> <Caucasian> 0 0 0 0
<5106480> <hasRace> <Caucasian> 0 0 0 0
<5106773> <hasRace> <Caucasian> 0 0 0 0
<5104329> <hasRace> <Caucasian> 0 0 0 0
<513052> <hasRace> <Caucasian> 0 0 0 0
<513709> <hasRace> <Caucasian> 0 0 0 0
<514183> <hasRace> <Caucasian> 0 0 0 0
<514243> <hasRace> <Caucasian> 0 0 0 0
<515753> <hasRace> <Latin> 0 0 0 0
<516219> <hasRace> <Caucasian> 0 0 0 0
<516243> <hasRace> <Caucasian> 0 0 0 0
<5307866> <hasRace> <Caucasian> 0 0 0 0
<513074> <hasRace> <Caucasian> 0 0 0 0
<513569> <hasRace> <Caucasian> 0 0 0 0
<513726> <hasRace> <Caucasian> 0 0 0 0
<513809> <hasRace> <Caucasian> 0 0 0 0
<516119> <hasRace> <Caucasian> 0 0 0 0
<5301000> <hasRace> <Caucasian> 0 0 0 0
<5307061> <hasRace> <Caucasian> 0 0 0 0
<513279> <hasRace> <Caucasian> 0 0 0 0
<514220> <hasRace> <Caucasian> 0 0 0 0
<516370> <hasRace> <Caucasian> 0 0 0 0
<517509> <hasRace> <Caucasian> 0 0 0 0
<515822> <hasRace> <Caucasian> 0 0 0 0
<5309374> <hasRace> <Caucasian> 0 0 0 0
<513082> <hasRace> <Caucasian> 0 0 0 0
<513044> <hasRace> <Caucasian> 0 0 0 0
<5305980> <hasRace> <Caucasian> 0 0 0 0
<5301579> <hasRace> <Caucasian> 0 0 0 0
<5307829> <hasRace> <Caucasian> 0 0 0 0
<5301871> <hasRace> <Caucasian> 0 0 0 0
<513732> <hasRace> <Caucasian> 0 0 0 0
<514328> <hasRace> <Caucasian> 0 0 0 0
<5312337> <hasRace> <Caucasian> 0 0 0 0
<5306784> <hasRace> <Caucasian> 0 0 0 0
<516358> <hasRace> <Caucasian> 0 0 0 0
<514302> <hasRace> <Caucasian> 0 0 0 0
<516193> <hasRace> <Caucasian> 0 0 0 0
<516359> <hasRace> <Caucasian> 0 0 0 0
<5313372> <hasRace> <Caucasian> 0 0 0 0
<5314465> <hasRace> <Caucasian> 0 0 0 0
<5314708> <hasRace> <Caucasian> 0 0 0 0
<5314871> <hasRace> <Caucasian> 0 0 0 0
<5314925> <hasRace> <Caucasian> 0 0 0 0
<5315611> <hasRace> <Caucasian> 0 0 0 0
<5315873> <hasRace> <Caucasian> 0 0 0 0
<5316061> <hasRace> <Caucasian> 0 0 0 0
<5316296> <hasRace> <Caucasian> 0 0 0 0
<5317230> <hasRace> <Caucasian> 0 0 0 0
<5502312> <hasRace> <Caucasian> 0 0 0 0
<5507678> <hasRace> <Caucasian> 0 0 0 0
<6300687> <hasRace> <Caucasian> 0 0 0 0
<5317505> <hasRace> <Caucasian> 0 0 0 0
<5317576> <hasRace> <Caucasian> 0 0 0 0
<6302595> <hasRace> <Caucasian> 0 0 0 0
<5316743> <hasRace> <Caucasian> 0 0 0 0
<5510631> <hasRace> <Caucasian> 0 0 0 0
<5504831> <hasRace> <Caucasian> 0 0 0 0
<6311460> <hasRace> <Caucasian> 0 0 0 0
<6312678> <hasRace> <Caucasian> 0 0 0 0
<6315359> <hasRace> <Caucasian> 0 0 0 0
<6317429> <hasRace> <Caucasian> 0 0 0 0
<6400279> <hasRace> <Caucasian> 0 0 0 0
<6402098> <hasRace> <Caucasian> 0 0 0 0
<6402676> <hasRace> <Caucasian> 0 0 0 0
<6402742> <hasRace> <Caucasian> 0 0 0 0
<6403163> <hasRace> <Caucasian> 0 0 0 0
<7000636> <hasRace> <Caucasian> 0 0 0 0
<701642> <hasRace> <Caucasian> 0 0 0 0
<704307> <hasRace> <Caucasian> 0 0 0 0
<707345> <hasRace> <Caucasian> 0 0 0 0
<716472> <hasRace> <Caucasian> 0 0 0 0
<7404984> <hasRace> <Caucasian> 0 0 0 0
<6312623> <hasRace> <Caucasian> 0 0 0 0
<6313223> <hasRace> <Caucasian> 0 0 0 0
<6404042> <hasRace> <Caucasian> 0 0 0 0
<701628> <hasRace> <Caucasian> 0 0 0 0
<705806> <hasRace> <Caucasian> 0 0 0 0
<6317178> <hasRace> <Caucasian> 0 0 0 0
<714517> <hasRace> <Caucasian> 0 0 0 0
<7404360> <hasRace> <Caucasian> 0 0 0 0
<702289> <hasRace> <Caucasian> 0 0 0 0
<707684> <hasRace> <African> 0 0 0 0
<701731> <hasRace> <Caucasian> 0 0 0 0
<7101182> <hasRace> <Caucasian> 0 0 0 0
<704495> <hasRace> <Caucasian> 0 0 0 0
<8311740> <hasRace> <Caucasian> 0 0 0 0
<902014> <hasRace> <Caucasian> 0 0 0 0
<906913> <hasRace> <Caucasian> 0 0 0 0
<909661> <hasRace> <Caucasian> 0 0 0 0
<909718> <hasRace> <Caucasian> 0 0 0 0
<917440> <hasRace> <Caucasian> 0 0 0 0
<9408778> <hasRace> <Caucasian> 0 0 0 0
<9409186> <hasRace> <Caucasian> 0 0 0 0
<9409881> <hasRace> <Caucasian> 0 0 0 0
<9702991> <hasRace> <Caucasian> 0 0 0 0
<916813> <hasRace> <Caucasian> 0 0 0 0
<9407280> <hasRace> <Caucasian> 0 0 0 0
<9409367> <hasRace> <Caucasian> 0 0 0 0
<9703997> <hasRace> <Caucasian> 0 0 0 0
<9710762> <hasRace> <Caucasian> 0 0 0 0
<8307616> <hasRace> <Caucasian> 0 0 0 0
<901089> <hasRace> <Caucasian> 0 0 0 0
<909701> <hasRace> <Caucasian> 0 0 0 0
<9703887> <hasRace> <Caucasian> 0 0 0 0
<900431> <hasRace> <Caucasian> 0 0 0 0
<907276> <hasRace> <Caucasian> 0 0 0 0
<900433> <hasRace> <Caucasian> 0 0 0 0
<900566> <hasRace> <Caucasian> 0 0 0 0
<9409774> <hasRace> <Caucasian> 0 0 0 0
<916433> <hasRace> <Caucasian> 0 0 0 0
<9703519> <hasRace> <Caucasian> 0 0 0 0
<9914890> <hasRace> <Caucasian> 0 0 0 0
<9913132> <hasRace> <Caucasian> 0 0 0 0
<9910498> <hasRace> <Caucasian> 0 0 0 0
<9909143> <hasRace> <Caucasian> 0 0 0 0
<503192> <hasRace> <Caucasian> 0 0 0 0
<5111733> <hasRace> <Caucasian> 0 0 0 0
<514322> <hasRace> <Caucasian> 0 0 0 0
<516194> <hasRace> <Caucasian> 0 0 0 0
<516662> <hasRace> <Caucasian> 0 0 0 0
