<102264> <sex> <Male> 0 0 0 0
<10612139> <sex> <Male> 0 0 0 0
<10802688> <sex> <Male> 0 0 0 0
<10803412> <sex> <Male> 0 0 0 0
<108078> <sex> <Male> 0 0 0 0
<103794> <sex> <Male> 0 0 0 0
<10612179> <sex> <Male> 0 0 0 0
<10610699> <sex> <Male> 0 0 0 0
<102120> <sex> <Female> 0 0 0 0
<1006650> <sex> <Male> 0 0 0 0
<112091> <sex> <Male> 0 0 0 0
<11312220> <sex> <Male> 0 0 0 0
<11314104> <sex> <Male> 0 0 0 0
<113210> <sex> <Male> 0 0 0 0
<11912785> <sex> <Male> 0 0 0 0
<1214799> <sex> <Male> 0 0 0 0
<1200135> <sex> <Male> 0 0 0 0
<1213645> <sex> <Male> 0 0 0 0
<1213669> <sex> <Male> 0 0 0 0
<1200592> <sex> <Male> 0 0 0 0
<11405823> <sex> <Male> 0 0 0 0
<1200840> <sex> <Male> 0 0 0 0
<11915627> <sex> <Male> 0 0 0 0
<109510> <sex> <Male> 0 0 0 0
<11312007> <sex> <Male> 0 0 0 0
<11312221> <sex> <Male> 0 0 0 0
<110635> <sex> <Female> 0 0 0 0
<11312640> <sex> <Female> 0 0 0 0
<12913863> <sex> <Female> 0 0 0 0
<12913998> <sex> <Female> 0 0 0 0
<11313473> <sex> <Female> 0 0 0 0
<113212> <sex> <Male> 0 0 0 0
<12914944> <sex> <Male> 0 0 0 0
<1300790> <sex> <Male> 0 0 0 0
<1300811> <sex> <Male> 0 0 0 0
<1303586> <sex> <Male> 0 0 0 0
<1301928> <sex> <Male> 0 0 0 0
<1302083> <sex> <Male> 0 0 0 0
<12915269> <sex> <Male> 0 0 0 0
<1306186> <sex> <Male> 0 0 0 0
<1306718> <sex> <Male> 0 0 0 0
<1309959> <sex> <Male> 0 0 0 0
<1310362> <sex> <Male> 0 0 0 0
<1310382> <sex> <Male> 0 0 0 0
<12914535> <sex> <Male> 0 0 0 0
<1306147> <sex> <Male> 0 0 0 0
<1313356> <sex> <Male> 0 0 0 0
<1201095> <sex> <Male> 0 0 0 0
<12914341> <sex> <Male> 0 0 0 0
<1300993> <sex> <Male> 0 0 0 0
<1303606> <sex> <Male> 0 0 0 0
<1305060> <sex> <Male> 0 0 0 0
<1308144> <sex> <Male> 0 0 0 0
<1303479> <sex> <Male> 0 0 0 0
<1314559> <sex> <Male> 0 0 0 0
<1314725> <sex> <Male> 0 0 0 0
<1314838> <sex> <Male> 0 0 0 0
<12915492> <sex> <Female> 0 0 0 0
<1300686> <sex> <Female> 0 0 0 0
<1305496> <sex> <Female> 0 0 0 0
<1313419> <sex> <Female> 0 0 0 0
<1312919> <sex> <Female> 0 0 0 0
<1300691> <sex> <Female> 0 0 0 0
<1314551> <sex> <Female> 0 0 0 0
<1314816> <sex> <Female> 0 0 0 0
<1300145> <sex> <Male> 0 0 0 0
<1506932> <sex> <Male> 0 0 0 0
<1504957> <sex> <Male> 0 0 0 0
<1310339> <sex> <Male> 0 0 0 0
<1313867> <sex> <Male> 0 0 0 0
<1505966> <sex> <Male> 0 0 0 0
<1315083> <sex> <Male> 0 0 0 0
<1315055> <sex> <Male> 0 0 0 0
<1314997> <sex> <Female> 0 0 0 0
<14702163> <sex> <Female> 0 0 0 0
<1500907> <sex> <Female> 0 0 0 0
<1314729> <sex> <Female> 0 0 0 0
<1315600> <sex> <Male> 0 0 0 0
<1315804> <sex> <Male> 0 0 0 0
<202123> <sex> <Male> 0 0 0 0
<202108> <sex> <Male> 0 0 0 0
<15707830> <sex> <Male> 0 0 0 0
<204893> <sex> <Male> 0 0 0 0
<15715030> <sex> <Male> 0 0 0 0
<201589> <sex> <Male> 0 0 0 0
<202344> <sex> <Male> 0 0 0 0
<15709816> <sex> <Male> 0 0 0 0
<202129> <sex> <Male> 0 0 0 0
<15714598> <sex> <Male> 0 0 0 0
<202651> <sex> <Male> 0 0 0 0
<205109> <sex> <Male> 0 0 0 0
<206169> <sex> <Male> 0 0 0 0
<1509970> <sex> <Male> 0 0 0 0
<15701756> <sex> <Male> 0 0 0 0
<204616> <sex> <Male> 0 0 0 0
<15717540> <sex> <Male> 0 0 0 0
<201538> <sex> <Male> 0 0 0 0
<15717544> <sex> <Male> 0 0 0 0
<201569> <sex> <Female> 0 0 0 0
<204601> <sex> <Female> 0 0 0 0
<15717542> <sex> <Female> 0 0 0 0
<201580> <sex> <Female> 0 0 0 0
<202758> <sex> <Female> 0 0 0 0
<209949> <sex> <Male> 0 0 0 0
<2101494> <sex> <Male> 0 0 0 0
<2104411> <sex> <Male> 0 0 0 0
<2106309> <sex> <Male> 0 0 0 0
<212479> <sex> <Male> 0 0 0 0
<206263> <sex> <Male> 0 0 0 0
<2104410> <sex> <Male> 0 0 0 0
<206671> <sex> <Male> 0 0 0 0
<2101039> <sex> <Male> 0 0 0 0
<213257> <sex> <Male> 0 0 0 0
<214917> <sex> <Male> 0 0 0 0
<2300039> <sex> <Male> 0 0 0 0
<202760> <sex> <Male> 0 0 0 0
<2101203> <sex> <Male> 0 0 0 0
<207990> <sex> <Male> 0 0 0 0
<2101937> <sex> <Male> 0 0 0 0
<2102679> <sex> <Male> 0 0 0 0
<2100768> <sex> <Male> 0 0 0 0
<2107767> <sex> <Male> 0 0 0 0
<2300001> <sex> <Male> 0 0 0 0
<2101168> <sex> <Male> 0 0 0 0
<2300919> <sex> <Male> 0 0 0 0
<2102292> <sex> <Female> 0 0 0 0
<2300004> <sex> <Female> 0 0 0 0
<212214> <sex> <Female> 0 0 0 0
<213836> <sex> <Female> 0 0 0 0
<210201> <sex> <Male> 0 0 0 0
<2101206> <sex> <Male> 0 0 0 0
<211413> <sex> <Male> 0 0 0 0
<2305120> <sex> <Male> 0 0 0 0
<2311679> <sex> <Male> 0 0 0 0
<2804371> <sex> <Male> 0 0 0 0
<2805009> <sex> <Male> 0 0 0 0
<2510439> <sex> <Male> 0 0 0 0
<2803881> <sex> <Male> 0 0 0 0
<2303378> <sex> <Male> 0 0 0 0
<2304994> <sex> <Male> 0 0 0 0
<2311865> <sex> <Male> 0 0 0 0
<2305244> <sex> <Male> 0 0 0 0
<2300486> <sex> <Male> 0 0 0 0
<2808917> <sex> <Male> 0 0 0 0
<2807333> <sex> <Male> 0 0 0 0
<2807553> <sex> <Male> 0 0 0 0
<2311648> <sex> <Male> 0 0 0 0
<2407273> <sex> <Male> 0 0 0 0
<2304879> <sex> <Male> 0 0 0 0
<2307544> <sex> <Male> 0 0 0 0
<2112581> <sex> <Male> 0 0 0 0
<2310915> <sex> <Female> 0 0 0 0
<2312644> <sex> <Female> 0 0 0 0
<2808347> <sex> <Female> 0 0 0 0
<2406443> <sex> <Female> 0 0 0 0
<2715744> <sex> <Male> 0 0 0 0
<2308335> <sex> <Male> 0 0 0 0
<2803756> <sex> <Male> 0 0 0 0
<2905792> <sex> <Male> 0 0 0 0
<300270> <sex> <Male> 0 0 0 0
<300855> <sex> <Male> 0 0 0 0
<3017058> <sex> <Male> 0 0 0 0
<302293> <sex> <Male> 0 0 0 0
<3006380> <sex> <Male> 0 0 0 0
<2810459> <sex> <Male> 0 0 0 0
<3004276> <sex> <Male> 0 0 0 0
<3012036> <sex> <Male> 0 0 0 0
<3016943> <sex> <Male> 0 0 0 0
<302306> <sex> <Male> 0 0 0 0
<2916023> <sex> <Male> 0 0 0 0
<2812738> <sex> <Male> 0 0 0 0
<2811954> <sex> <Male> 0 0 0 0
<2917303> <sex> <Male> 0 0 0 0
<3012725> <sex> <Male> 0 0 0 0
<2813127> <sex> <Male> 0 0 0 0
<303329> <sex> <Male> 0 0 0 0
<2816645> <sex> <Female> 0 0 0 0
<2902458> <sex> <Female> 0 0 0 0
<2910738> <sex> <Female> 0 0 0 0
<2901103> <sex> <Female> 0 0 0 0
<2813122> <sex> <Female> 0 0 0 0
<2808831> <sex> <Female> 0 0 0 0
<2902522> <sex> <Female> 0 0 0 0
<2814206> <sex> <Male> 0 0 0 0
<2902534> <sex> <Male> 0 0 0 0
<302694> <sex> <Male> 0 0 0 0
<300865> <sex> <Male> 0 0 0 0
<2101491> <sex> <Male> 0 0 0 0
<11312416> <sex> <Female> 0 0 0 0
<1512993> <sex> <Female> 0 0 0 0
<203926> <sex> <Female> 0 0 0 0
<203596> <sex> <Female> 0 0 0 0
<2300014> <sex> <Female> 0 0 0 0
<2815894> <sex> <Female> 0 0 0 0
<1006644> <sex> <Male> 0 0 0 0
<101435> <sex> <Male> 0 0 0 0
<10805583> <sex> <Male> 0 0 0 0
<101922> <sex> <Male> 0 0 0 0
<104451> <sex> <Male> 0 0 0 0
<10612138> <sex> <Male> 0 0 0 0
<10600234> <sex> <Female> 0 0 0 0
<10600760> <sex> <Female> 0 0 0 0
<10612211> <sex> <Female> 0 0 0 0
<10614057> <sex> <Female> 0 0 0 0
<107643> <sex> <Female> 0 0 0 0
<103630> <sex> <Male> 0 0 0 0
<10612105> <sex> <Male> 0 0 0 0
<10607135> <sex> <Male> 0 0 0 0
<110632> <sex> <Male> 0 0 0 0
<11312376> <sex> <Male> 0 0 0 0
<11312075> <sex> <Male> 0 0 0 0
<11405815> <sex> <Male> 0 0 0 0
<1214794> <sex> <Male> 0 0 0 0
<11915631> <sex> <Male> 0 0 0 0
<12914740> <sex> <Male> 0 0 0 0
<11311974> <sex> <Male> 0 0 0 0
<11911398> <sex> <Male> 0 0 0 0
<11312219> <sex> <Male> 0 0 0 0
<11312241> <sex> <Male> 0 0 0 0
<11405990> <sex> <Male> 0 0 0 0
<1214975> <sex> <Male> 0 0 0 0
<12914940> <sex> <Male> 0 0 0 0
<103642> <sex> <Female> 0 0 0 0
<10613180> <sex> <Female> 0 0 0 0
<11911962> <sex> <Female> 0 0 0 0
<1201395> <sex> <Female> 0 0 0 0
<11311969> <sex> <Female> 0 0 0 0
<112280> <sex> <Female> 0 0 0 0
<1006662> <sex> <Male> 0 0 0 0
<1200938> <sex> <Male> 0 0 0 0
<1213927> <sex> <Male> 0 0 0 0
<12915111> <sex> <Male> 0 0 0 0
<11312077> <sex> <Male> 0 0 0 0
<1201953> <sex> <Male> 0 0 0 0
<11913107> <sex> <Male> 0 0 0 0
<109384> <sex> <Male> 0 0 0 0
<1302025> <sex> <Male> 0 0 0 0
<1305072> <sex> <Male> 0 0 0 0
<1305916> <sex> <Male> 0 0 0 0
<1306717> <sex> <Male> 0 0 0 0
<1310153> <sex> <Male> 0 0 0 0
<1305680> <sex> <Male> 0 0 0 0
<1313393> <sex> <Male> 0 0 0 0
<1314910> <sex> <Male> 0 0 0 0
<1300443> <sex> <Male> 0 0 0 0
<1313329> <sex> <Male> 0 0 0 0
<1314001> <sex> <Female> 0 0 0 0
<12915638> <sex> <Female> 0 0 0 0
<1306683> <sex> <Female> 0 0 0 0
<1302495> <sex> <Female> 0 0 0 0
<1200841> <sex> <Male> 0 0 0 0
<1306681> <sex> <Male> 0 0 0 0
<1315514> <sex> <Male> 0 0 0 0
<1316043> <sex> <Male> 0 0 0 0
<1500914> <sex> <Male> 0 0 0 0
<1500906> <sex> <Male> 0 0 0 0
<1507228> <sex> <Male> 0 0 0 0
<1508125> <sex> <Male> 0 0 0 0
<1508807> <sex> <Male> 0 0 0 0
<1511192> <sex> <Male> 0 0 0 0
<1516295> <sex> <Male> 0 0 0 0
<1516181> <sex> <Male> 0 0 0 0
<1516304> <sex> <Male> 0 0 0 0
<15706099> <sex> <Male> 0 0 0 0
<1501198> <sex> <Male> 0 0 0 0
<1505090> <sex> <Male> 0 0 0 0
<1315643> <sex> <Male> 0 0 0 0
<1507573> <sex> <Male> 0 0 0 0
<1315086> <sex> <Male> 0 0 0 0
<1512999> <sex> <Male> 0 0 0 0
<1301887> <sex> <Female> 0 0 0 0
<1302282> <sex> <Female> 0 0 0 0
<1314988> <sex> <Female> 0 0 0 0
<1510108> <sex> <Female> 0 0 0 0
<1516740> <sex> <Male> 0 0 0 0
<1504932> <sex> <Male> 0 0 0 0
<1500954> <sex> <Male> 0 0 0 0
<1508907> <sex> <Male> 0 0 0 0
<1511143> <sex> <Male> 0 0 0 0
<15700396> <sex> <Male> 0 0 0 0
<15709783> <sex> <Male> 0 0 0 0
<201637> <sex> <Male> 0 0 0 0
<15714592> <sex> <Male> 0 0 0 0
<15714596> <sex> <Male> 0 0 0 0
<204146> <sex> <Male> 0 0 0 0
<204278> <sex> <Male> 0 0 0 0
<205358> <sex> <Male> 0 0 0 0
<207929> <sex> <Male> 0 0 0 0
<15709813> <sex> <Male> 0 0 0 0
<202132> <sex> <Male> 0 0 0 0
<201839> <sex> <Male> 0 0 0 0
<204037> <sex> <Male> 0 0 0 0
<202284> <sex> <Male> 0 0 0 0
<202361> <sex> <Male> 0 0 0 0
<207224> <sex> <Male> 0 0 0 0
<201863> <sex> <Female> 0 0 0 0
<202405> <sex> <Female> 0 0 0 0
<1804205> <sex> <Female> 0 0 0 0
<203746> <sex> <Female> 0 0 0 0
<15701855> <sex> <Female> 0 0 0 0
<206567> <sex> <Female> 0 0 0 0
<204835> <sex> <Male> 0 0 0 0
<207369> <sex> <Male> 0 0 0 0
<204938> <sex> <Male> 0 0 0 0
<203317> <sex> <Male> 0 0 0 0
<210028> <sex> <Male> 0 0 0 0
<2104409> <sex> <Male> 0 0 0 0
<207979> <sex> <Male> 0 0 0 0
<2105807> <sex> <Male> 0 0 0 0
<2107864> <sex> <Male> 0 0 0 0
<2110565> <sex> <Male> 0 0 0 0
<211875> <sex> <Male> 0 0 0 0
<2109338> <sex> <Male> 0 0 0 0
<2302882> <sex> <Male> 0 0 0 0
<2110959> <sex> <Male> 0 0 0 0
<212924> <sex> <Male> 0 0 0 0
<211099> <sex> <Male> 0 0 0 0
<212832> <sex> <Male> 0 0 0 0
<2301151> <sex> <Male> 0 0 0 0
<2300920> <sex> <Male> 0 0 0 0
<2100939> <sex> <Female> 0 0 0 0
<2101031> <sex> <Female> 0 0 0 0
<213432> <sex> <Female> 0 0 0 0
<2106446> <sex> <Female> 0 0 0 0
<2108762> <sex> <Female> 0 0 0 0
<210531> <sex> <Female> 0 0 0 0
<2114401> <sex> <Female> 0 0 0 0
<210049> <sex> <Female> 0 0 0 0
<217090> <sex> <Female> 0 0 0 0
<2302669> <sex> <Male> 0 0 0 0
<2300061> <sex> <Male> 0 0 0 0
<209974> <sex> <Male> 0 0 0 0
<2114400> <sex> <Male> 0 0 0 0
<2304145> <sex> <Male> 0 0 0 0
<2304904> <sex> <Male> 0 0 0 0
<2307124> <sex> <Male> 0 0 0 0
<2312050> <sex> <Male> 0 0 0 0
<2312903> <sex> <Male> 0 0 0 0
<2805194> <sex> <Male> 0 0 0 0
<2805216> <sex> <Male> 0 0 0 0
<2311997> <sex> <Male> 0 0 0 0
<2805151> <sex> <Male> 0 0 0 0
<2804597> <sex> <Male> 0 0 0 0
<2809210> <sex> <Male> 0 0 0 0
<2811221> <sex> <Male> 0 0 0 0
<2305108> <sex> <Male> 0 0 0 0
<2405795> <sex> <Male> 0 0 0 0
<2806039> <sex> <Male> 0 0 0 0
<2807659> <sex> <Male> 0 0 0 0
<2506016> <sex> <Male> 0 0 0 0
<2311290> <sex> <Male> 0 0 0 0
<2305371> <sex> <Female> 0 0 0 0
<2513350> <sex> <Female> 0 0 0 0
<2312047> <sex> <Female> 0 0 0 0
<2804652> <sex> <Female> 0 0 0 0
<2806159> <sex> <Male> 0 0 0 0
<2804502> <sex> <Male> 0 0 0 0
<2807855> <sex> <Male> 0 0 0 0
<2303380> <sex> <Male> 0 0 0 0
<2807647> <sex> <Male> 0 0 0 0
<2305951> <sex> <Male> 0 0 0 0
<2407271> <sex> <Male> 0 0 0 0
<2816097> <sex> <Male> 0 0 0 0
<2816471> <sex> <Male> 0 0 0 0
<2902513> <sex> <Male> 0 0 0 0
<2903685> <sex> <Male> 0 0 0 0
<2903120> <sex> <Male> 0 0 0 0
<3000608> <sex> <Male> 0 0 0 0
<3011358> <sex> <Male> 0 0 0 0
<2810269> <sex> <Male> 0 0 0 0
<2902456> <sex> <Male> 0 0 0 0
<2902475> <sex> <Male> 0 0 0 0
<2809208> <sex> <Male> 0 0 0 0
<2907799> <sex> <Male> 0 0 0 0
<301373> <sex> <Male> 0 0 0 0
<2815303> <sex> <Male> 0 0 0 0
<2903131> <sex> <Male> 0 0 0 0
<2917490> <sex> <Female> 0 0 0 0
<2917313> <sex> <Female> 0 0 0 0
<3001056> <sex> <Male> 0 0 0 0
<3009524> <sex> <Male> 0 0 0 0
<2813068> <sex> <Male> 0 0 0 0
<2915967> <sex> <Male> 0 0 0 0
<304751> <sex> <Male> 0 0 0 0
<306130> <sex> <Male> 0 0 0 0
<309884> <sex> <Male> 0 0 0 0
<3105761> <sex> <Male> 0 0 0 0
<316790> <sex> <Male> 0 0 0 0
<317246> <sex> <Male> 0 0 0 0
<317524> <sex> <Male> 0 0 0 0
<3305143> <sex> <Male> 0 0 0 0
<3305146> <sex> <Male> 0 0 0 0
<311838> <sex> <Male> 0 0 0 0
<3405565> <sex> <Male> 0 0 0 0
<3405596> <sex> <Male> 0 0 0 0
<3412523> <sex> <Male> 0 0 0 0
<3412728> <sex> <Male> 0 0 0 0
<3508585> <sex> <Male> 0 0 0 0
<3307310> <sex> <Male> 0 0 0 0
<3317013> <sex> <Male> 0 0 0 0
<3508319> <sex> <Male> 0 0 0 0
<3411357> <sex> <Male> 0 0 0 0
<3413089> <sex> <Male> 0 0 0 0
<317047> <sex> <Female> 0 0 0 0
<3407245> <sex> <Female> 0 0 0 0
<3505870> <sex> <Female> 0 0 0 0
<317299> <sex> <Female> 0 0 0 0
<3404463> <sex> <Female> 0 0 0 0
<317343> <sex> <Male> 0 0 0 0
<3307211> <sex> <Male> 0 0 0 0
<3801548> <sex> <Male> 0 0 0 0
<3602431> <sex> <Male> 0 0 0 0
<3812239> <sex> <Male> 0 0 0 0
<3510436> <sex> <Male> 0 0 0 0
<409869> <sex> <Male> 0 0 0 0
<410326> <sex> <Male> 0 0 0 0
<410383> <sex> <Male> 0 0 0 0
<411496> <sex> <Male> 0 0 0 0
<413886> <sex> <Male> 0 0 0 0
<415131> <sex> <Male> 0 0 0 0
<3514376> <sex> <Male> 0 0 0 0
<411544> <sex> <Male> 0 0 0 0
<410341> <sex> <Male> 0 0 0 0
<416808> <sex> <Male> 0 0 0 0
<416945> <sex> <Male> 0 0 0 0
<409382> <sex> <Female> 0 0 0 0
<411503> <sex> <Female> 0 0 0 0
<415879> <sex> <Female> 0 0 0 0
<415940> <sex> <Female> 0 0 0 0
<416539> <sex> <Female> 0 0 0 0
<416648> <sex> <Female> 0 0 0 0
<3704286> <sex> <Male> 0 0 0 0
<416495> <sex> <Male> 0 0 0 0
<4313321> <sex> <Male> 0 0 0 0
<4313411> <sex> <Male> 0 0 0 0
<4602329> <sex> <Male> 0 0 0 0
<4608615> <sex> <Male> 0 0 0 0
<4910483> <sex> <Male> 0 0 0 0
<4910991> <sex> <Male> 0 0 0 0
<4608613> <sex> <Male> 0 0 0 0
<4910907> <sex> <Male> 0 0 0 0
<416657> <sex> <Male> 0 0 0 0
<4601105> <sex> <Male> 0 0 0 0
<4910719> <sex> <Male> 0 0 0 0
<4201850> <sex> <Male> 0 0 0 0
<4910803> <sex> <Male> 0 0 0 0
<4910750> <sex> <Male> 0 0 0 0
<4910507> <sex> <Male> 0 0 0 0
<501331> <sex> <Male> 0 0 0 0
<4602324> <sex> <Female> 0 0 0 0
<4614563> <sex> <Female> 0 0 0 0
<501258> <sex> <Female> 0 0 0 0
<417302> <sex> <Female> 0 0 0 0
<502969> <sex> <Female> 0 0 0 0
<4910696> <sex> <Male> 0 0 0 0
<4605940> <sex> <Male> 0 0 0 0
<503849> <sex> <Male> 0 0 0 0
<507446> <sex> <Male> 0 0 0 0
<507490> <sex> <Male> 0 0 0 0
<507778> <sex> <Male> 0 0 0 0
<507801> <sex> <Male> 0 0 0 0
<507899> <sex> <Male> 0 0 0 0
<508369> <sex> <Male> 0 0 0 0
<508373> <sex> <Male> 0 0 0 0
<508420> <sex> <Male> 0 0 0 0
<508470> <sex> <Male> 0 0 0 0
<508487> <sex> <Male> 0 0 0 0
<508984> <sex> <Male> 0 0 0 0
<508990> <sex> <Male> 0 0 0 0
<509001> <sex> <Male> 0 0 0 0
<508142> <sex> <Male> 0 0 0 0
<504149> <sex> <Male> 0 0 0 0
<509079> <sex> <Male> 0 0 0 0
<503002> <sex> <Male> 0 0 0 0
<508058> <sex> <Male> 0 0 0 0
<504029> <sex> <Male> 0 0 0 0
<509105> <sex> <Male> 0 0 0 0
<507526> <sex> <Female> 0 0 0 0
<508286> <sex> <Female> 0 0 0 0
<509050> <sex> <Female> 0 0 0 0
<507887> <sex> <Female> 0 0 0 0
<503003> <sex> <Female> 0 0 0 0
<507811> <sex> <Female> 0 0 0 0
<5103268> <sex> <Female> 0 0 0 0
<5104228> <sex> <Female> 0 0 0 0
<5105003> <sex> <Male> 0 0 0 0
<5106539> <sex> <Male> 0 0 0 0
<5107039> <sex> <Male> 0 0 0 0
<5113555> <sex> <Male> 0 0 0 0
<5107176> <sex> <Male> 0 0 0 0
<5104292> <sex> <Male> 0 0 0 0
<5107075> <sex> <Male> 0 0 0 0
<5115694> <sex> <Male> 0 0 0 0
<5102996> <sex> <Male> 0 0 0 0
<5105512> <sex> <Male> 0 0 0 0
<5116373> <sex> <Male> 0 0 0 0
<513123> <sex> <Male> 0 0 0 0
<5105543> <sex> <Female> 0 0 0 0
<5111884> <sex> <Female> 0 0 0 0
<5113130> <sex> <Female> 0 0 0 0
<5113342> <sex> <Female> 0 0 0 0
<5116396> <sex> <Female> 0 0 0 0
<513748> <sex> <Female> 0 0 0 0
<5105544> <sex> <Male> 0 0 0 0
<5106773> <sex> <Male> 0 0 0 0
<513784> <sex> <Male> 0 0 0 0
<514371> <sex> <Male> 0 0 0 0
<516806> <sex> <Male> 0 0 0 0
<517004> <sex> <Male> 0 0 0 0
<5312261> <sex> <Male> 0 0 0 0
<516152> <sex> <Male> 0 0 0 0
<516784> <sex> <Male> 0 0 0 0
<5312666> <sex> <Male> 0 0 0 0
<5301002> <sex> <Male> 0 0 0 0
<5305426> <sex> <Male> 0 0 0 0
<514051> <sex> <Male> 0 0 0 0
<516124> <sex> <Male> 0 0 0 0
<516385> <sex> <Male> 0 0 0 0
<513709> <sex> <Male> 0 0 0 0
<513519> <sex> <Male> 0 0 0 0
<5313192> <sex> <Male> 0 0 0 0
<5314539> <sex> <Male> 0 0 0 0
<5314848> <sex> <Male> 0 0 0 0
<515839> <sex> <Female> 0 0 0 0
<516367> <sex> <Female> 0 0 0 0
<513745> <sex> <Female> 0 0 0 0
<516994> <sex> <Female> 0 0 0 0
<513760> <sex> <Female> 0 0 0 0
<514185> <sex> <Female> 0 0 0 0
<512967> <sex> <Male> 0 0 0 0
<517566> <sex> <Male> 0 0 0 0
<5314480> <sex> <Male> 0 0 0 0
<5315037> <sex> <Male> 0 0 0 0
<5316174> <sex> <Male> 0 0 0 0
<5316255> <sex> <Male> 0 0 0 0
<5316382> <sex> <Male> 0 0 0 0
<5316453> <sex> <Male> 0 0 0 0
<5316484> <sex> <Male> 0 0 0 0
<5316594> <sex> <Male> 0 0 0 0
<5511346> <sex> <Male> 0 0 0 0
<6300235> <sex> <Male> 0 0 0 0
<6304663> <sex> <Male> 0 0 0 0
<6311705> <sex> <Male> 0 0 0 0
<5512025> <sex> <Male> 0 0 0 0
<6311575> <sex> <Male> 0 0 0 0
<5313214> <sex> <Male> 0 0 0 0
<6007012> <sex> <Male> 0 0 0 0
<6311739> <sex> <Male> 0 0 0 0
<6312681> <sex> <Male> 0 0 0 0
<6315477> <sex> <Male> 0 0 0 0
<6315788> <sex> <Male> 0 0 0 0
<5315819> <sex> <Female> 0 0 0 0
<5315928> <sex> <Female> 0 0 0 0
<5316206> <sex> <Female> 0 0 0 0
<6303474> <sex> <Female> 0 0 0 0
<5516087> <sex> <Female> 0 0 0 0
<5316171> <sex> <Male> 0 0 0 0
<6311829> <sex> <Male> 0 0 0 0
<6315973> <sex> <Male> 0 0 0 0
<6317167> <sex> <Male> 0 0 0 0
<6317436> <sex> <Male> 0 0 0 0
<7005697> <sex> <Male> 0 0 0 0
<710825> <sex> <Male> 0 0 0 0
<7406604> <sex> <Male> 0 0 0 0
<6315262> <sex> <Male> 0 0 0 0
<6316012> <sex> <Male> 0 0 0 0
<6605839> <sex> <Male> 0 0 0 0
<701615> <sex> <Male> 0 0 0 0
<6315216> <sex> <Male> 0 0 0 0
<6605758> <sex> <Male> 0 0 0 0
<711610> <sex> <Male> 0 0 0 0
<6312062> <sex> <Male> 0 0 0 0
<6315488> <sex> <Male> 0 0 0 0
<6316629> <sex> <Male> 0 0 0 0
<7404245> <sex> <Male> 0 0 0 0
<6312362> <sex> <Male> 0 0 0 0
<901966> <sex> <Male> 0 0 0 0
<905892> <sex> <Male> 0 0 0 0
<6316324> <sex> <Female> 0 0 0 0
<6402246> <sex> <Female> 0 0 0 0
<6316417> <sex> <Female> 0 0 0 0
<6317172> <sex> <Female> 0 0 0 0
<701746> <sex> <Male> 0 0 0 0
<6316013> <sex> <Male> 0 0 0 0
<6605848> <sex> <Male> 0 0 0 0
<909618> <sex> <Male> 0 0 0 0
<909658> <sex> <Male> 0 0 0 0
<916931> <sex> <Male> 0 0 0 0
<917127> <sex> <Male> 0 0 0 0
<9409367> <sex> <Male> 0 0 0 0
<9409964> <sex> <Male> 0 0 0 0
<9703260> <sex> <Male> 0 0 0 0
<9711522> <sex> <Male> 0 0 0 0
<9410284> <sex> <Male> 0 0 0 0
<9703150> <sex> <Male> 0 0 0 0
<9712641> <sex> <Male> 0 0 0 0
<902422> <sex> <Male> 0 0 0 0
<7409124> <sex> <Male> 0 0 0 0
<8311456> <sex> <Male> 0 0 0 0
<901473> <sex> <Male> 0 0 0 0
<906914> <sex> <Male> 0 0 0 0
<906818> <sex> <Male> 0 0 0 0
<9703517> <sex> <Male> 0 0 0 0
<9414082> <sex> <Male> 0 0 0 0
<9413579> <sex> <Female> 0 0 0 0
<9416389> <sex> <Female> 0 0 0 0
<9704479> <sex> <Female> 0 0 0 0
<900250> <sex> <Female> 0 0 0 0
<909693> <sex> <Female> 0 0 0 0
<906956> <sex> <Female> 0 0 0 0
<9701711> <sex> <Male> 0 0 0 0
<2903715> <sex> <Male> 0 0 0 0
<417399> <sex> <Male> 0 0 0 0
<901174> <sex> <Male> 0 0 0 0
<5107459> <sex> <Female> 0 0 0 0
<11312283> <sex> <Female> 0 0 0 0
<15706416> <sex> <Female> 0 0 0 0
<1504387> <sex> <Female> 0 0 0 0
<2300082> <sex> <Female> 0 0 0 0
<2305361> <sex> <Female> 0 0 0 0
<3006390> <sex> <Female> 0 0 0 0
<2917461> <sex> <Female> 0 0 0 0
<2917494> <sex> <Female> 0 0 0 0
<2903739> <sex> <Female> 0 0 0 0
<3703425> <sex> <Female> 0 0 0 0
<513662> <sex> <Female> 0 0 0 0
<517563> <sex> <Female> 0 0 0 0
<9911294> <sex> <Male> 0 0 0 0
<306398> <sex> <Male> 0 0 0 0
<310239> <sex> <Male> 0 0 0 0
<311386> <sex> <Male> 0 0 0 0
<312072> <sex> <Male> 0 0 0 0
<314011> <sex> <Male> 0 0 0 0
<307709> <sex> <Male> 0 0 0 0
<3404561> <sex> <Male> 0 0 0 0
<3405248> <sex> <Male> 0 0 0 0
<3508706> <sex> <Male> 0 0 0 0
<303711> <sex> <Female> 0 0 0 0
<314397> <sex> <Female> 0 0 0 0
<3315447> <sex> <Female> 0 0 0 0
<3105728> <sex> <Female> 0 0 0 0
<311507> <sex> <Male> 0 0 0 0
<3412534> <sex> <Male> 0 0 0 0
<309978> <sex> <Male> 0 0 0 0
<3510216> <sex> <Male> 0 0 0 0
<3703223> <sex> <Male> 0 0 0 0
<3602379> <sex> <Male> 0 0 0 0
<3713962> <sex> <Male> 0 0 0 0
<410395> <sex> <Male> 0 0 0 0
<412012> <sex> <Male> 0 0 0 0
<414159> <sex> <Male> 0 0 0 0
<415876> <sex> <Male> 0 0 0 0
<416387> <sex> <Male> 0 0 0 0
<411546> <sex> <Male> 0 0 0 0
<409291> <sex> <Male> 0 0 0 0
<3704544> <sex> <Female> 0 0 0 0
<3705645> <sex> <Female> 0 0 0 0
<3602567> <sex> <Female> 0 0 0 0
<3805977> <sex> <Female> 0 0 0 0
<411498> <sex> <Female> 0 0 0 0
<413181> <sex> <Female> 0 0 0 0
<413183> <sex> <Female> 0 0 0 0
<410298> <sex> <Female> 0 0 0 0
<415875> <sex> <Female> 0 0 0 0
<410371> <sex> <Male> 0 0 0 0
<416483> <sex> <Male> 0 0 0 0
<417087> <sex> <Male> 0 0 0 0
<4313325> <sex> <Male> 0 0 0 0
<4314194> <sex> <Male> 0 0 0 0
<4608363> <sex> <Male> 0 0 0 0
<501255> <sex> <Male> 0 0 0 0
<4910833> <sex> <Male> 0 0 0 0
<501356> <sex> <Male> 0 0 0 0
<501227> <sex> <Male> 0 0 0 0
<4301397> <sex> <Male> 0 0 0 0
<501343> <sex> <Male> 0 0 0 0
<4910965> <sex> <Male> 0 0 0 0
<416622> <sex> <Male> 0 0 0 0
<417353> <sex> <Female> 0 0 0 0
<4911133> <sex> <Male> 0 0 0 0
<4305937> <sex> <Male> 0 0 0 0
<503088> <sex> <Male> 0 0 0 0
<503289> <sex> <Male> 0 0 0 0
<503903> <sex> <Male> 0 0 0 0
<507260> <sex> <Male> 0 0 0 0
<507478> <sex> <Male> 0 0 0 0
<507900> <sex> <Male> 0 0 0 0
<508384> <sex> <Male> 0 0 0 0
<508552> <sex> <Male> 0 0 0 0
<508554> <sex> <Male> 0 0 0 0
<508823> <sex> <Male> 0 0 0 0
<508985> <sex> <Male> 0 0 0 0
<509043> <sex> <Male> 0 0 0 0
<508986> <sex> <Male> 0 0 0 0
<507903> <sex> <Male> 0 0 0 0
<508022> <sex> <Male> 0 0 0 0
<508550> <sex> <Male> 0 0 0 0
<509014> <sex> <Male> 0 0 0 0
<503878> <sex> <Male> 0 0 0 0
<502983> <sex> <Male> 0 0 0 0
<508133> <sex> <Male> 0 0 0 0
<508436> <sex> <Male> 0 0 0 0
<503139> <sex> <Female> 0 0 0 0
<503890> <sex> <Female> 0 0 0 0
<503927> <sex> <Female> 0 0 0 0
<503931> <sex> <Female> 0 0 0 0
<503962> <sex> <Female> 0 0 0 0
<505698> <sex> <Female> 0 0 0 0
<508070> <sex> <Female> 0 0 0 0
<508150> <sex> <Female> 0 0 0 0
<508510> <sex> <Female> 0 0 0 0
<509090> <sex> <Female> 0 0 0 0
<501337> <sex> <Female> 0 0 0 0
<503188> <sex> <Female> 0 0 0 0
<508061> <sex> <Male> 0 0 0 0
<508472> <sex> <Male> 0 0 0 0
<5102826> <sex> <Male> 0 0 0 0
<5103318> <sex> <Male> 0 0 0 0
<5104093> <sex> <Male> 0 0 0 0
<5105383> <sex> <Male> 0 0 0 0
<5106076> <sex> <Male> 0 0 0 0
<5106488> <sex> <Male> 0 0 0 0
<5107363> <sex> <Male> 0 0 0 0
<5109297> <sex> <Male> 0 0 0 0
<5116764> <sex> <Male> 0 0 0 0
<5106400> <sex> <Male> 0 0 0 0
<512368> <sex> <Male> 0 0 0 0
<510292> <sex> <Male> 0 0 0 0
<5103320> <sex> <Male> 0 0 0 0
<5108149> <sex> <Male> 0 0 0 0
<5109842> <sex> <Male> 0 0 0 0
<5106961> <sex> <Male> 0 0 0 0
<5102825> <sex> <Male> 0 0 0 0
<509299> <sex> <Male> 0 0 0 0
<5102866> <sex> <Male> 0 0 0 0
<5102740> <sex> <Female> 0 0 0 0
<5104014> <sex> <Female> 0 0 0 0
<5107179> <sex> <Female> 0 0 0 0
<5107460> <sex> <Female> 0 0 0 0
<5109610> <sex> <Female> 0 0 0 0
<5107919> <sex> <Female> 0 0 0 0
<5103759> <sex> <Female> 0 0 0 0
<5103141> <sex> <Male> 0 0 0 0
<5104120> <sex> <Male> 0 0 0 0
<5106873> <sex> <Male> 0 0 0 0
<513563> <sex> <Male> 0 0 0 0
<513732> <sex> <Male> 0 0 0 0
<513964> <sex> <Male> 0 0 0 0
<516927> <sex> <Male> 0 0 0 0
<514086> <sex> <Male> 0 0 0 0
<514163> <sex> <Male> 0 0 0 0
<517560> <sex> <Male> 0 0 0 0
<513757> <sex> <Male> 0 0 0 0
<513775> <sex> <Male> 0 0 0 0
<514137> <sex> <Male> 0 0 0 0
<5307066> <sex> <Male> 0 0 0 0
<514136> <sex> <Male> 0 0 0 0
<514122> <sex> <Male> 0 0 0 0
<517002> <sex> <Female> 0 0 0 0
<514299> <sex> <Female> 0 0 0 0
<513859> <sex> <Female> 0 0 0 0
<5110494> <sex> <Female> 0 0 0 0
<5307065> <sex> <Male> 0 0 0 0
<516232> <sex> <Male> 0 0 0 0
<5111472> <sex> <Male> 0 0 0 0
<5312473> <sex> <Male> 0 0 0 0
<5313206> <sex> <Male> 0 0 0 0
<5313667> <sex> <Male> 0 0 0 0
<5316161> <sex> <Male> 0 0 0 0
<6301532> <sex> <Male> 0 0 0 0
<6302601> <sex> <Male> 0 0 0 0
<6311510> <sex> <Male> 0 0 0 0
<5316006> <sex> <Male> 0 0 0 0
<5316405> <sex> <Male> 0 0 0 0
<5316568> <sex> <Male> 0 0 0 0
<6311631> <sex> <Male> 0 0 0 0
<6311706> <sex> <Male> 0 0 0 0
<5315356> <sex> <Male> 0 0 0 0
<5315122> <sex> <Female> 0 0 0 0
<5316664> <sex> <Female> 0 0 0 0
<5501818> <sex> <Female> 0 0 0 0
<5505491> <sex> <Female> 0 0 0 0
<5814885> <sex> <Female> 0 0 0 0
<6300140> <sex> <Female> 0 0 0 0
<5315339> <sex> <Male> 0 0 0 0
<5503537> <sex> <Male> 0 0 0 0
<6312282> <sex> <Male> 0 0 0 0
<6313426> <sex> <Male> 0 0 0 0
<6316147> <sex> <Male> 0 0 0 0
<6316392> <sex> <Male> 0 0 0 0
<6317199> <sex> <Male> 0 0 0 0
<701770> <sex> <Male> 0 0 0 0
<7012914> <sex> <Male> 0 0 0 0
<701845> <sex> <Male> 0 0 0 0
<707772> <sex> <Male> 0 0 0 0
<6400649> <sex> <Male> 0 0 0 0
<7404365> <sex> <Male> 0 0 0 0
<705142> <sex> <Male> 0 0 0 0
<6317429> <sex> <Male> 0 0 0 0
<704308> <sex> <Male> 0 0 0 0
<6312149> <sex> <Male> 0 0 0 0
<703054> <sex> <Female> 0 0 0 0
<6315817> <sex> <Female> 0 0 0 0
<7406523> <sex> <Female> 0 0 0 0
<700940> <sex> <Female> 0 0 0 0
<6900828> <sex> <Female> 0 0 0 0
<6317175> <sex> <Male> 0 0 0 0
<900437> <sex> <Male> 0 0 0 0
<906867> <sex> <Male> 0 0 0 0
<9409222> <sex> <Male> 0 0 0 0
<9409334> <sex> <Male> 0 0 0 0
<9705160> <sex> <Male> 0 0 0 0
<9711523> <sex> <Male> 0 0 0 0
<909722> <sex> <Male> 0 0 0 0
<9905863> <sex> <Male> 0 0 0 0
<901085> <sex> <Male> 0 0 0 0
<917259> <sex> <Male> 0 0 0 0
<9711309> <sex> <Male> 0 0 0 0
<9703997> <sex> <Male> 0 0 0 0
<906905> <sex> <Female> 0 0 0 0
<916897> <sex> <Female> 0 0 0 0
<9705165> <sex> <Female> 0 0 0 0
<7407319> <sex> <Male> 0 0 0 0
<900447> <sex> <Male> 0 0 0 0
<9415458> <sex> <Male> 0 0 0 0
<906954> <sex> <Male> 0 0 0 0
<9909859> <sex> <Male> 0 0 0 0
<9914663> <sex> <Male> 0 0 0 0
<9912930> <sex> <Male> 0 0 0 0
<3704787> <sex> <Male> 0 0 0 0
<5315809> <sex> <Male> 0 0 0 0
<6311741> <sex> <Male> 0 0 0 0
<911624> <sex> <Female> 0 0 0 0
<3306164> <sex> <Female> 0 0 0 0
<407430> <sex> <Female> 0 0 0 0
<415579> <sex> <Female> 0 0 0 0
<416967> <sex> <Female> 0 0 0 0
<503348> <sex> <Female> 0 0 0 0
<503958> <sex> <Female> 0 0 0 0
<503193> <sex> <Female> 0 0 0 0
<516839> <sex> <Female> 0 0 0 0
<6607037> <sex> <Female> 0 0 0 0
<900223> <sex> <Female> 0 0 0 0
