<101497> <hasRollingTobacco> <Yes> 0 0 0 0
<101606> <hasRollingTobacco> <No> 0 0 0 0
<10606699> <hasRollingTobacco> <No> 1 1 1 1
<101691> <hasRollingTobacco> <No> 1 1 1 1
<108031> <hasRollingTobacco> <No> 1 1 1 1
<10816341> <hasRollingTobacco> <No> 1 1 1 1
<101552> <hasRollingTobacco> <Yes> 0 0 0 0
<10610715> <hasRollingTobacco> <No> 1 1 1 1
<10612096> <hasRollingTobacco> <No> 1 1 1 1
<109791> <hasRollingTobacco> <No> 1 1 1 1
<110635> <hasRollingTobacco> <No> 1 1 1 1
<11312000> <hasRollingTobacco> <No> 1 1 1 1
<11312277> <hasRollingTobacco> <No> 1 1 1 1
<1201106> <hasRollingTobacco> <No> 1 1 1 1
<1201892> <hasRollingTobacco> <No> 1 1 1 1
<1201911> <hasRollingTobacco> <No> 1 1 1 1
<1202335> <hasRollingTobacco> <No> 1 1 1 1
<12914269> <hasRollingTobacco> <No> 1 1 1 1
<12915897> <hasRollingTobacco> <No> 1 1 1 1
<1300813> <hasRollingTobacco> <No> 1 1 1 1
<1305461> <hasRollingTobacco> <No> 1 1 1 1
<1305683> <hasRollingTobacco> <No> 1 1 1 1
<1306585> <hasRollingTobacco> <No> 1 1 1 1
<1312789> <hasRollingTobacco> <No> 1 1 1 1
<1313329> <hasRollingTobacco> <No> 1 1 1 1
<1313397> <hasRollingTobacco> <No> 1 1 1 1
<1314907> <hasRollingTobacco> <No> 1 1 1 1
<1509499> <hasRollingTobacco> <No> 1 1 1 1
<11313715> <hasRollingTobacco> <No> 1 1 1 1
<1305789> <hasRollingTobacco> <No> 1 1 1 1
<1509744> <hasRollingTobacco> <No> 1 1 1 1
<15700491> <hasRollingTobacco> <No> 1 1 1 1
<15702252> <hasRollingTobacco> <No> 1 1 1 1
<15714596> <hasRollingTobacco> <No> 1 1 1 1
<15715016> <hasRollingTobacco> <No> 1 1 1 1
<2100730> <hasRollingTobacco> <No> 1 1 1 1
<2100737> <hasRollingTobacco> <No> 1 1 1 1
<2100807> <hasRollingTobacco> <No> 1 1 1 1
<2106675> <hasRollingTobacco> <No> 1 1 1 1
<2107864> <hasRollingTobacco> <No> 1 1 1 1
<2114405> <hasRollingTobacco> <No> 1 1 1 1
<2300018> <hasRollingTobacco> <No> 1 1 1 1
<2304829> <hasRollingTobacco> <No> 1 1 1 1
<2807106> <hasRollingTobacco> <No> 1 1 1 1
<2911534> <hasRollingTobacco> <Yes> 0 0 0 0
<2911979> <hasRollingTobacco> <No> 1 1 1 1
<2917476> <hasRollingTobacco> <No> 1 1 1 1
<2917492> <hasRollingTobacco> <No> 0 0 0 0
<3005647> <hasRollingTobacco> <No> 1 1 1 1
<3016702> <hasRollingTobacco> <No> 1 1 1 1
<308663> <hasRollingTobacco> <No> 1 1 1 1
<311601> <hasRollingTobacco> <No> 1 1 1 1
<313008> <hasRollingTobacco> <No> 1 1 1 1
<3410353> <hasRollingTobacco> <No> 1 1 1 1
<3602567> <hasRollingTobacco> <No> 1 1 1 1
<3712400> <hasRollingTobacco> <No> 1 1 1 1
<416844> <hasRollingTobacco> <No> 1 1 1 1
<417570> <hasRollingTobacco> <No> 1 1 1 1
<4300051> <hasRollingTobacco> <No> 1 1 1 1
<4612485> <hasRollingTobacco> <No> 1 1 1 1
<5103668> <hasRollingTobacco> <No> 0 0 0 0
<5104001> <hasRollingTobacco> <No> 1 1 1 1
<11312377> <hasRollingTobacco> <No> 1 1 1 1
<1201890> <hasRollingTobacco> <No> 1 1 1 1
<1311543> <hasRollingTobacco> <No> 1 1 1 1
<1313403> <hasRollingTobacco> <No> 1 1 1 1
<1315564> <hasRollingTobacco> <No> 1 1 1 1
<14703265> <hasRollingTobacco> <No> 1 1 1 1
<15702837> <hasRollingTobacco> <No> 1 1 1 1
<2102840> <hasRollingTobacco> <No> 1 1 1 1
<2112194> <hasRollingTobacco> <No> 1 1 1 1
<2303275> <hasRollingTobacco> <No> 1 1 1 1
<2304742> <hasRollingTobacco> <No> 1 1 1 1
<2407350> <hasRollingTobacco> <No> 1 1 1 1
<2804599> <hasRollingTobacco> <No> 1 1 1 1
<2902518> <hasRollingTobacco> <No> 1 1 1 1
<2917351> <hasRollingTobacco> <No> 1 1 1 1
<308188> <hasRollingTobacco> <No> 1 1 1 1
<312135> <hasRollingTobacco> <No> 1 1 1 1
<3410499> <hasRollingTobacco> <No> 1 1 1 1
<3602378> <hasRollingTobacco> <No> 1 1 1 1
<3710103> <hasRollingTobacco> <No> 1 1 1 1
<3714404> <hasRollingTobacco> <No> 1 1 1 1
<417098> <hasRollingTobacco> <No> 1 1 1 1
<4313234> <hasRollingTobacco> <No> 1 1 1 1
<2804122> <hasRollingTobacco> <No> 1 1 1 1
<1200946> <hasRollingTobacco> <No> 1 1 1 1
<12914317> <hasRollingTobacco> <No> 1 1 1 1
<1300743> <hasRollingTobacco> <No> 1 1 1 1
<1309959> <hasRollingTobacco> <No> 1 1 1 1
<1312653> <hasRollingTobacco> <No> 1 1 1 1
<15717538> <hasRollingTobacco> <No> 1 1 1 1
<2312786> <hasRollingTobacco> <No> 1 1 1 1
<2917348> <hasRollingTobacco> <Yes> 0 0 0 0
<305357> <hasRollingTobacco> <No> 1 1 1 1
<4600602> <hasRollingTobacco> <No> 1 1 1 1
<11312638> <hasRollingTobacco> <No> 1 1 1 1
<15706335> <hasRollingTobacco> <No> 1 1 1 1
<2103469> <hasRollingTobacco> <No> 1 1 1 1
<2917496> <hasRollingTobacco> <No> 1 1 1 1
<3812104> <hasRollingTobacco> <No> 1 1 1 1
<407606> <hasRollingTobacco> <No> 1 1 1 1
<2513051> <hasRollingTobacco> <No> 1 1 1 1
<15704693> <hasRollingTobacco> <No> 1 1 1 1
<2108689> <hasRollingTobacco> <No> 1 1 1 1
<3703050> <hasRollingTobacco> <No> 1 1 1 1
<111271> <hasRollingTobacco> <No> 1 1 1 1
<1300921> <hasRollingTobacco> <No> 1 1 1 1
<2101500> <hasRollingTobacco> <No> 1 1 1 1
<3905706> <hasRollingTobacco> <No> 1 1 1 1
<4312718> <hasRollingTobacco> <No> 1 1 1 1
<2806131> <hasRollingTobacco> <No> 1 1 1 1
<5104125> <hasRollingTobacco> <No> 1 1 1 1
<5106250> <hasRollingTobacco> <No> 1 1 1 1
<5112560> <hasRollingTobacco> <No> 1 1 1 1
<5113940> <hasRollingTobacco> <No> 1 1 1 1
<512403> <hasRollingTobacco> <No> 1 1 1 1
<5313297> <hasRollingTobacco> <No> 1 1 1 1
<5314810> <hasRollingTobacco> <No> 1 1 1 1
<5315611> <hasRollingTobacco> <No> 1 1 1 1
<5316643> <hasRollingTobacco> <No> 1 1 1 1
<5317505> <hasRollingTobacco> <No> 1 1 1 1
<5502186> <hasRollingTobacco> <No> 0 0 0 0
<2915967> <hasRollingTobacco> <No> 1 1 1 1
<300467> <hasRollingTobacco> <No> 0 0 0 0
<5102864> <hasRollingTobacco> <No> 1 1 1 1
<1301916> <hasRollingTobacco> <No> 1 1 1 1
<15706098> <hasRollingTobacco> <No> 1 1 1 1
<2903684> <hasRollingTobacco> <No> 1 1 1 1
<4313328> <hasRollingTobacco> <No> 1 1 1 1
<1310280> <hasRollingTobacco> <No> 1 1 1 1
<2308638> <hasRollingTobacco> <Yes> 0 0 0 0
<301369> <hasRollingTobacco> <No> 1 1 1 1
<1301672> <hasRollingTobacco> <No> 1 1 1 1
<417455> <hasRollingTobacco> <No> 1 1 1 1
<5106903> <hasRollingTobacco> <No> 1 1 1 1
<513847> <hasRollingTobacco> <No> 1 1 1 1
<5316287> <hasRollingTobacco> <No> 1 1 1 1
<5806000> <hasRollingTobacco> <No> 1 1 1 1
<6311453> <hasRollingTobacco> <No> 1 1 1 1
<6311510> <hasRollingTobacco> <No> 1 1 1 1
<702952> <hasRollingTobacco> <No> 1 1 1 1
<707605> <hasRollingTobacco> <No> 1 1 1 1
<7404170> <hasRollingTobacco> <Yes> 0 0 0 0
<7404250> <hasRollingTobacco> <No> 1 1 1 1
<8310160> <hasRollingTobacco> <No> 1 1 1 1
<9908878> <hasRollingTobacco> <No> 1 1 1 1
<9910498> <hasRollingTobacco> <Yes> 0 0 0 0
<5105003> <hasRollingTobacco> <No> 1 1 1 1
<5316440> <hasRollingTobacco> <No> 1 1 1 1
<6605847> <hasRollingTobacco> <No> 1 1 1 1
<7012914> <hasRollingTobacco> <No> 1 1 1 1
<708227> <hasRollingTobacco> <No> 1 1 1 1
<9708865> <hasRollingTobacco> <No> 0 0 0 0
<5106122> <hasRollingTobacco> <No> 1 1 1 1
<5106800> <hasRollingTobacco> <No> 1 1 1 1
<5111685> <hasRollingTobacco> <No> 1 1 1 1
<5313586> <hasRollingTobacco> <No> 1 1 1 1
<5316086> <hasRollingTobacco> <No> 1 1 1 1
<5316558> <hasRollingTobacco> <No> 1 1 1 1
<707677> <hasRollingTobacco> <No> 1 1 1 1
<5314283> <hasRollingTobacco> <No> 1 1 1 1
<5315698> <hasRollingTobacco> <No> 1 1 1 1
<5315963> <hasRollingTobacco> <No> 1 1 1 1
<5316636> <hasRollingTobacco> <No> 1 1 1 1
<6302622> <hasRollingTobacco> <No> 1 1 1 1
<5107076> <hasRollingTobacco> <No> 1 1 1 1
<5316489> <hasRollingTobacco> <No> 1 1 1 1
<6007013> <hasRollingTobacco> <No> 1 1 1 1
<702895> <hasRollingTobacco> <No> 1 1 1 1
<905892> <hasRollingTobacco> <No> 1 1 1 1
<5805996> <hasRollingTobacco> <No> 1 1 1 1
<7404365> <hasRollingTobacco> <No> 1 1 1 1
<5316405> <hasRollingTobacco> <No> 1 1 1 1
<5106449> <hasRollingTobacco> <No> 1 1 1 1
<5114583> <hasRollingTobacco> <No> 1 1 1 1
<5316075> <hasRollingTobacco> <No> 1 1 1 1
<9910476> <hasRollingTobacco> <No> 1 1 1 1
<5314141> <hasRollingTobacco> <No> 1 1 1 1
<702314> <hasRollingTobacco> <No> 1 1 1 1
<901143> <hasRollingTobacco> <No> 1 1 1 1
<902946> <hasRollingTobacco> <No> 1 1 1 1
<9911092> <hasRollingTobacco> <No> 1 1 1 1
<9417526> <hasRollingTobacco> <No> 1 1 1 1
<5313421> <hasRollingTobacco> <No> 1 1 1 1
<5114977> <hasRollingTobacco> <No> 1 1 1 1
<5113216> <hasRollingTobacco> <No> 1 1 1 1
<5314529> <hasRollingTobacco> <No> 1 1 1 1
<2917464> <hasRollingTobacco> <Yes> 0 0 0 0
<10610006> <hasRollingTobacco> <No> 1 1 1 1
<107686> <hasRollingTobacco> <No> 1 1 1 1
<10612187> <hasRollingTobacco> <No> 1 1 1 1
<101511> <hasRollingTobacco> <Yes> 0 0 0 0
<10612968> <hasRollingTobacco> <No> 1 1 1 1
<108166> <hasRollingTobacco> <No> 1 1 1 1
<1216975> <hasRollingTobacco> <No> 1 1 1 1
<12914535> <hasRollingTobacco> <No> 1 1 1 1
<12914855> <hasRollingTobacco> <No> 1 1 1 1
<1305854> <hasRollingTobacco> <No> 1 1 1 1
<1306575> <hasRollingTobacco> <No> 1 1 1 1
<1306712> <hasRollingTobacco> <No> 1 1 1 1
<1313446> <hasRollingTobacco> <No> 1 1 1 1
<14505939> <hasRollingTobacco> <No> 1 1 1 1
<14703057> <hasRollingTobacco> <No> 1 1 1 1
<15706846> <hasRollingTobacco> <No> 0 0 0 0
<15715030> <hasRollingTobacco> <No> 1 1 1 1
<15717543> <hasRollingTobacco> <No> 1 1 1 1
<2100734> <hasRollingTobacco> <No> 1 1 1 1
<2115765> <hasRollingTobacco> <No> 1 1 1 1
<2300024> <hasRollingTobacco> <No> 1 1 1 1
<2301406> <hasRollingTobacco> <No> 1 1 1 1
<2302820> <hasRollingTobacco> <No> 1 1 1 1
<2302841> <hasRollingTobacco> <No> 1 1 1 1
<2304577> <hasRollingTobacco> <No> 1 1 1 1
<2804744> <hasRollingTobacco> <No> 1 1 1 1
<2804767> <hasRollingTobacco> <No> 1 1 1 1
<2805157> <hasRollingTobacco> <No> 1 1 1 1
<2806014> <hasRollingTobacco> <No> 1 1 1 1
<2806949> <hasRollingTobacco> <No> 1 1 1 1
<2903963> <hasRollingTobacco> <No> 1 1 1 1
<2910747> <hasRollingTobacco> <No> 1 1 1 1
<2917312> <hasRollingTobacco> <No> 1 1 1 1
<300256> <hasRollingTobacco> <No> 1 1 1 1
<304971> <hasRollingTobacco> <No> 1 1 1 1
<306121> <hasRollingTobacco> <No> 1 1 1 1
<311682> <hasRollingTobacco> <No> 1 1 1 1
<3411783> <hasRollingTobacco> <No> 1 1 1 1
<3414672> <hasRollingTobacco> <No> 1 1 1 1
<3509823> <hasRollingTobacco> <No> 1 1 1 1
<3708852> <hasRollingTobacco> <Yes> 0 0 0 0
<407500> <hasRollingTobacco> <No> 1 1 1 1
<417209> <hasRollingTobacco> <No> 1 1 1 1
<4305616> <hasRollingTobacco> <No> 1 1 1 1
<4604114> <hasRollingTobacco> <Yes> 2 2 1 1
<112499> <hasRollingTobacco> <No> 1 1 1 1
<1300623> <hasRollingTobacco> <No> 1 1 1 1
<1300682> <hasRollingTobacco> <No> 1 1 1 1
<1306831> <hasRollingTobacco> <No> 1 1 1 1
<15714659> <hasRollingTobacco> <No> 1 1 1 1
<2100740> <hasRollingTobacco> <No> 1 1 1 1
<2102392> <hasRollingTobacco> <No> 1 1 1 1
<2114409> <hasRollingTobacco> <No> 1 1 1 1
<2302933> <hasRollingTobacco> <No> 1 1 1 1
<2801983> <hasRollingTobacco> <No> 1 1 1 1
<2917480> <hasRollingTobacco> <No> 1 1 1 1
<3000454> <hasRollingTobacco> <No> 1 1 1 1
<311526> <hasRollingTobacco> <No> 1 1 1 1
<407455> <hasRollingTobacco> <No> 1 1 1 1
<4611310> <hasRollingTobacco> <No> 1 1 1 1
<2803881> <hasRollingTobacco> <No> 1 1 1 1
<10816929> <hasRollingTobacco> <No> 1 1 1 1
<110894> <hasRollingTobacco> <No> 1 1 1 1
<1216546> <hasRollingTobacco> <No> 1 1 1 1
<1314117> <hasRollingTobacco> <No> 1 1 1 1
<1316047> <hasRollingTobacco> <No> 1 1 1 1
<2911842> <hasRollingTobacco> <No> 1 1 1 1
<317049> <hasRollingTobacco> <No> 1 1 1 1
<417184> <hasRollingTobacco> <No> 1 1 1 1
<4312672> <hasRollingTobacco> <No> 1 1 1 1
<4601466> <hasRollingTobacco> <No> 1 1 1 1
<110034> <hasRollingTobacco> <No> 1 1 1 1
<111409> <hasRollingTobacco> <Yes> 0 0 0 0
<15714588> <hasRollingTobacco> <No> 1 1 1 1
<2102773> <hasRollingTobacco> <No> 1 1 1 1
<301135> <hasRollingTobacco> <No> 1 1 1 1
<304535> <hasRollingTobacco> <No> 1 1 1 1
<2303379> <hasRollingTobacco> <No> 1 1 1 1
<3417162> <hasRollingTobacco> <No> 1 1 1 1
<407572> <hasRollingTobacco> <No> 1 1 1 1
<416426> <hasRollingTobacco> <No> 1 1 1 1
<416481> <hasRollingTobacco> <No> 1 1 1 1
<2304496> <hasRollingTobacco> <No> 1 1 1 1
<312302> <hasRollingTobacco> <Yes> 0 0 0 0
<416648> <hasRollingTobacco> <No> 1 1 1 1
<1200936> <hasRollingTobacco> <No> 1 1 1 1
<311586> <hasRollingTobacco> <No> 1 1 1 1
<3702800> <hasRollingTobacco> <No> 1 1 1 1
<12915114> <hasRollingTobacco> <No> 1 1 1 1
<1300379> <hasRollingTobacco> <No> 1 1 1 1
<15707834> <hasRollingTobacco> <No> 1 1 1 1
<15715025> <hasRollingTobacco> <No> 1 1 1 1
<109630> <hasRollingTobacco> <No> 1 1 1 1
<1306173> <hasRollingTobacco> <No> 1 1 1 1
<1512936> <hasRollingTobacco> <No> 1 1 1 1
<1513587> <hasRollingTobacco> <No> 1 1 1 1
<15707835> <hasRollingTobacco> <No> 1 1 1 1
<2115849> <hasRollingTobacco> <No> 1 1 1 1
<110200> <hasRollingTobacco> <No> 1 1 1 1
<301367> <hasRollingTobacco> <No> 1 1 1 1
<3709642> <hasRollingTobacco> <No> 1 1 1 1
<2806012> <hasRollingTobacco> <No> 1 1 1 1
<5104539> <hasRollingTobacco> <No> 1 1 1 1
<5106257> <hasRollingTobacco> <No> 1 1 1 1
<5110403> <hasRollingTobacco> <No> 1 1 1 1
<5111663> <hasRollingTobacco> <No> 1 1 1 1
<5116362> <hasRollingTobacco> <No> 1 1 1 1
<5301002> <hasRollingTobacco> <No> 1 1 1 1
<5314044> <hasRollingTobacco> <No> 1 1 1 1
<5314102> <hasRollingTobacco> <No> 1 1 1 1
<5314665> <hasRollingTobacco> <No> 1 1 1 1
<5315467> <hasRollingTobacco> <No> 1 1 1 1
<5315959> <hasRollingTobacco> <No> 1 1 1 1
<5316538> <hasRollingTobacco> <No> 1 1 1 1
<6311737> <hasRollingTobacco> <No> 1 1 1 1
<7000309> <hasRollingTobacco> <No> 1 1 1 1
<701630> <hasRollingTobacco> <No> 1 1 1 1
<703827> <hasRollingTobacco> <No> 1 1 1 1
<9711212> <hasRollingTobacco> <No> 1 1 1 1
<9908920> <hasRollingTobacco> <No> 1 1 1 1
<5106516> <hasRollingTobacco> <No> 1 1 1 1
<5109842> <hasRollingTobacco> <No> 1 1 1 1
<513786> <hasRollingTobacco> <No> 1 1 1 1
<5305261> <hasRollingTobacco> <No> 1 1 1 1
<6300141> <hasRollingTobacco> <No> 1 1 1 1
<6304786> <hasRollingTobacco> <No> 1 1 1 1
<703644> <hasRollingTobacco> <No> 1 1 1 1
<901904> <hasRollingTobacco> <No> 1 1 1 1
<906943> <hasRollingTobacco> <No> 1 1 1 1
<911697> <hasRollingTobacco> <No> 1 1 1 1
<5316213> <hasRollingTobacco> <No> 1 1 1 1
<9712642> <hasRollingTobacco> <No> 1 1 1 1
<9910152> <hasRollingTobacco> <No> 2 2 1 1
<5106400> <hasRollingTobacco> <No> 1 1 1 1
<5509419> <hasRollingTobacco> <No> 1 1 1 1
<6400376> <hasRollingTobacco> <No> 1 1 1 1
<701792> <hasRollingTobacco> <No> 1 1 1 1
<705121> <hasRollingTobacco> <No> 1 1 1 1
<5103515> <hasRollingTobacco> <No> 1 1 1 1
<5114533> <hasRollingTobacco> <No> 1 1 1 1
<5313244> <hasRollingTobacco> <No> 1 1 1 1
<5316596> <hasRollingTobacco> <No> 1 1 1 1
<6401433> <hasRollingTobacco> <No> 1 1 1 1
<9710454> <hasRollingTobacco> <No> 1 1 1 1
<5315380> <hasRollingTobacco> <No> 1 1 1 1
<5316696> <hasRollingTobacco> <No> 1 1 1 1
<5316300> <hasRollingTobacco> <No> 1 1 1 1
<911623> <hasRollingTobacco> <No> 1 1 1 1
<701656> <hasRollingTobacco> <No> 1 1 1 1
<5314175> <hasRollingTobacco> <No> 1 1 1 1
<417573> <hasRollingTobacco> <No> 1 1 1 1
<5315192> <hasRollingTobacco> <No> 1 1 1 1
<6304763> <hasRollingTobacco> <No> 1 1 1 1
<307943> <hasRollingTobacco> <No> 1 1 1 1
<5115623> <hasRollingTobacco> <No> 1 1 1 1
<2911369> <hasRollingTobacco> <No> 1 1 1 1
<2300153> <hasRollingTobacco> <No> 0 0 0 0
<5106774> <hasRollingTobacco> <No> 1 1 1 1
<5302675> <hasRollingTobacco> <No> 1 1 1 1
<5305997> <hasRollingTobacco> <No> 1 1 1 1
<5315858> <hasRollingTobacco> <No> 1 1 1 1
<5104641> <hasRollingTobacco> <No> 1 1 1 1
<5111728> <hasRollingTobacco> <No> 1 1 1 1
<5116773> <hasRollingTobacco> <No> 1 1 1 1
<5104261> <hasRollingTobacco> <No> 1 1 1 1
<5805567> <hasRollingTobacco> <No> 1 1 1 1
<9710540> <hasRollingTobacco> <No> 1 1 1 1
<5314373> <hasRollingTobacco> <No> 1 1 1 1
