<101947> <hasOccupation> <Others> 0 0 0 0
<102860> <hasOccupation> <Others> 0 0 0 0
<109390> <hasOccupation> <Others> 0 0 0 0
<109449> <hasOccupation> <Cleaning_worker> 0 0 0 0
<109509> <hasOccupation> <Others> 0 0 0 0
<200710> <hasOccupation> <Others> 1 1 1 1
<201462> <hasOccupation> <Others> 0 0 0 0
<202228> <hasOccupation> <Others> 0 0 0 0
<202785> <hasOccupation> <Others> 0 0 0 0
<203199> <hasOccupation> <Painter> 0 0 0 0
<205042> <hasOccupation> <Others> 0 0 0 0
<206598> <hasOccupation> <Cabbie> 0 0 0 0
<209696> <hasOccupation> <Others> 0 0 0 0
<210531> <hasOccupation> <Others> 0 0 0 0
<210998> <hasOccupation> <Others> 0 0 0 0
<212452> <hasOccupation> <Professional_driver> 0 0 0 0
<213257> <hasOccupation> <Others> 0 0 0 0
<301379> <hasOccupation> <Farmworker> 0 0 0 0
<301413> <hasOccupation> <Farmworker> 0 0 0 0
<306860> <hasOccupation> <Others> 0 0 0 0
<407676> <hasOccupation> <Others> 0 0 0 0
<412009> <hasOccupation> <Others> 0 0 0 0
<417168> <hasOccupation> <Others> 0 0 0 0
<417222> <hasOccupation> <Others> 0 0 0 0
<503033> <hasOccupation> <Others> 0 0 0 0
<503876> <hasOccupation> <Others> 0 0 0 0
<508011> <hasOccupation> <Others> 0 0 0 0
<509013> <hasOccupation> <Others> 0 0 0 0
<512961> <hasOccupation> <Others> 0 0 0 0
<512974> <hasOccupation> <Mechanic> 0 0 0 0
<513160> <hasOccupation> <Others> 0 0 0 0
<513499> <hasOccupation> <Others> 0 0 0 0
<513939> <hasOccupation> <Others> 0 0 0 0
<514051> <hasOccupation> <Others> 0 0 0 0
<101552> <hasOccupation> <Others> 0 0 0 0
<110132> <hasOccupation> <Others> 0 0 0 0
<206695> <hasOccupation> <Others> 0 0 0 0
<211362> <hasOccupation> <Others> 0 0 0 0
<213498> <hasOccupation> <Others> 0 0 0 0
<501353> <hasOccupation> <Others> 0 0 0 0
<514007> <hasOccupation> <Others> 0 0 0 0
<206466> <hasOccupation> <Others> 0 0 0 0
<212860> <hasOccupation> <Mechanic> 0 0 0 0
<508297> <hasOccupation> <Others> 0 0 0 0
<513198> <hasOccupation> <Others> 0 0 0 0
<202043> <hasOccupation> <Others> 0 0 0 0
<410184> <hasOccupation> <Others> 0 0 0 0
<111011> <hasOccupation> <Others> 0 0 0 0
<208315> <hasOccupation> <Others> 0 0 0 0
<415179> <hasOccupation> <Others> 0 0 0 0
<103632> <hasOccupation> <Others> 0 0 0 0
<514351> <hasOccupation> <Others> 0 0 0 0
<516393> <hasOccupation> <Others> 0 0 0 0
<707345> <hasOccupation> <Others> 0 0 0 0
<906909> <hasOccupation> <Others> 0 0 0 0
<906943> <hasOccupation> <Others> 0 0 0 0
<1201892> <hasOccupation> <Others> 0 0 0 0
<1213669> <hasOccupation> <Mechanic> 0 0 0 0
<1214687> <hasOccupation> <Others> 0 0 0 0
<1215001> <hasOccupation> <Miner> 0 0 0 0
<1215387> <hasOccupation> <Miner> 0 0 0 0
<104470> <hasOccupation> <Builder> 0 0 0 0
<111476> <hasOccupation> <Builder> 0 0 0 0
<112033> <hasOccupation> <Builder> 0 0 0 0
<207916> <hasOccupation> <Builder> 0 0 0 0
<311422> <hasOccupation> <Builder> 0 0 0 0
<209969> <hasOccupation> <Builder> 0 0 0 0
<203418> <hasOccupation> <Builder> 0 0 0 0
<514229> <hasOccupation> <Builder> 0 0 0 0
<303860> <hasOccupation> <Others> 1 1 1 1
<400893> <hasOccupation> <Others> 0 0 0 0
<514120> <hasOccupation> <Others> 0 0 0 0
<207785> <hasOccupation> <Others> 0 0 0 0
<1213189> <hasOccupation> <Others> 0 0 0 0
<1309485> <hasOccupation> <Others> 0 0 0 0
<1311210> <hasOccupation> <Others> 0 0 0 0
<1313450> <hasOccupation> <Others> 0 0 0 0
<1314761> <hasOccupation> <Carpenter> 0 0 0 0
<1315080> <hasOccupation> <Others> 0 0 0 0
<1516649> <hasOccupation> <Others> 0 0 0 0
<2100666> <hasOccupation> <Others> 0 0 0 0
<2103239> <hasOccupation> <Others> 0 0 0 0
<2310176> <hasOccupation> <Others> 0 0 0 0
<2311652> <hasOccupation> <Farmworker> 0 0 0 0
<2407185> <hasOccupation> <Others> 0 0 0 0
<2804331> <hasOccupation> <Others> 0 0 0 0
<2809602> <hasOccupation> <Others> 0 0 0 0
<2816653> <hasOccupation> <Others> 0 0 0 0
<2903898> <hasOccupation> <Carpenter> 0 0 0 0
<2911368> <hasOccupation> <Others> 0 0 0 0
<3012661> <hasOccupation> <Others> 0 0 0 0
<3306045> <hasOccupation> <Others> 0 0 0 0
<3508802> <hasOccupation> <Mechanic> 0 0 0 0
<3510861> <hasOccupation> <Others> 0 0 0 0
<3514386> <hasOccupation> <Others> 0 0 0 0
<3510580> <hasOccupation> <Others> 0 0 0 0
<3811627> <hasOccupation> <Others> 0 0 0 0
<3812295> <hasOccupation> <Others> 0 0 0 0
<516258> <hasOccupation> <Others> 0 0 0 0
<701845> <hasOccupation> <Others> 0 0 0 0
<906910> <hasOccupation> <Others> 0 0 0 0
<1305534> <hasOccupation> <Others> 0 0 0 0
<1310837> <hasOccupation> <Others> 0 0 0 0
<2112691> <hasOccupation> <Mechanic> 0 0 0 0
<2300047> <hasOccupation> <Others> 0 0 0 0
<2311615> <hasOccupation> <Others> 1 1 1 1
<2917492> <hasOccupation> <Others> 0 0 0 0
<3307208> <hasOccupation> <Mechanic> 0 0 0 0
<516207> <hasOccupation> <Others> 0 0 0 0
<1215012> <hasOccupation> <Others> 0 0 0 0
<1306788> <hasOccupation> <Carpenter> 0 0 0 0
<2300680> <hasOccupation> <Farmworker> 0 0 0 0
<3404412> <hasOccupation> <Farmworker> 0 0 0 0
<3703237> <hasOccupation> <Others> 1 1 1 1
<514185> <hasOccupation> <Others> 0 0 0 0
<1312851> <hasOccupation> <Others> 0 0 0 0
<2900502> <hasOccupation> <Cleaning_worker> 0 0 0 0
<2907122> <hasOccupation> <Others> 0 0 0 0
<1309959> <hasOccupation> <Others> 0 0 0 0
<2507360> <hasOccupation> <Others> 0 0 0 0
<2902539> <hasOccupation> <Others> 1 1 1 1
<2816637> <hasOccupation> <Others> 0 0 0 0
<2917494> <hasOccupation> <Others> 0 0 0 0
<2304994> <hasOccupation> <Painter> 0 0 0 0
<1500603> <hasOccupation> <Others> 0 0 0 0
<2906428> <hasOccupation> <Others> 0 0 0 0
<2917346> <hasOccupation> <Others> 1 1 1 1
<2308158> <hasOccupation> <Farmworker> 0 0 0 0
<2110563> <hasOccupation> <Others> 0 0 0 0
<4314193> <hasOccupation> <Others> 0 0 0 0
<4910722> <hasOccupation> <Others> 0 0 0 0
<5106165> <hasOccupation> <Others> 0 0 0 0
<5107170> <hasOccupation> <Others> 0 0 0 0
<5109126> <hasOccupation> <Others> 0 0 0 0
<5111780> <hasOccupation> <Others> 0 0 0 0
<1200946> <hasOccupation> <Builder> 0 0 0 0
<1306364> <hasOccupation> <Builder> 0 0 0 0
<1200521> <hasOccupation> <Builder> 0 0 0 0
<2301141> <hasOccupation> <Builder> 0 0 0 0
<1515343> <hasOccupation> <Builder> 0 0 0 0
<4602357> <hasOccupation> <Builder> 0 0 0 0
<4610265> <hasOccupation> <Builder> 0 0 0 0
<5104447> <hasOccupation> <Builder> 0 0 0 0
<5106465> <hasOccupation> <Builder> 0 0 0 0
<1313408> <hasOccupation> <Others> 0 0 0 0
<1504456> <hasOccupation> <Professional_driver> 0 0 0 0
<1514100> <hasOccupation> <Carpenter> 0 0 0 0
<2300031> <hasOccupation> <Others> 0 0 0 0
<2810273> <hasOccupation> <Others> 0 0 0 0
<516261> <hasOccupation> <Others> 0 0 0 0
<1300516> <hasOccupation> <Others> 0 0 0 0
<1308184> <hasOccupation> <Others> 0 0 0 0
<1313301> <hasOccupation> <Others> 0 0 0 0
<1500992> <hasOccupation> <Others> 1 1 1 1
<2914772> <hasOccupation> <Shipbuilder> 0 0 0 0
<3704467> <hasOccupation> <Others> 0 0 0 0
<516820> <hasOccupation> <Others> 0 0 0 0
<517566> <hasOccupation> <Others> 0 0 0 0
<514251> <hasOccupation> <Others> 0 0 0 0
<5111045> <hasOccupation> <Others> 1 1 1 1
<5116850> <hasOccupation> <Others> 0 0 0 0
<5117388> <hasOccupation> <Others> 0 0 0 0
<5315929> <hasOccupation> <Others> 0 0 0 0
<5505470> <hasOccupation> <Others> 0 0 0 0
<6303503> <hasOccupation> <Others> 1 1 1 1
<6311739> <hasOccupation> <Others> 0 0 0 0
<6312264> <hasOccupation> <Others> 0 0 0 0
<6313540> <hasOccupation> <Others> 0 0 0 0
<6315815> <hasOccupation> <Farmworker> 0 0 0 0
<6316723> <hasOccupation> <Others> 0 0 0 0
<7105832> <hasOccupation> <Others> 0 0 0 0
<8306647> <hasOccupation> <Others> 0 0 0 0
<9409334> <hasOccupation> <Others> 0 0 0 0
<9703780> <hasOccupation> <Others> 0 0 0 0
<10612204> <hasOccupation> <Others> 0 0 0 0
<10817079> <hasOccupation> <Others> 0 0 0 0
<11313454> <hasOccupation> <Others> 0 0 0 0
<15701754> <hasOccupation> <Miner> 0 0 0 0
<15715011> <hasOccupation> <Mechanic> 0 0 0 0
<4600602> <hasOccupation> <Others> 0 0 0 0
<4601466> <hasOccupation> <Others> 0 0 0 0
<5106257> <hasOccupation> <Others> 0 0 0 0
<5113887> <hasOccupation> <Others> 0 0 0 0
<6311511> <hasOccupation> <Others> 0 0 0 0
<7404361> <hasOccupation> <Carpenter> 0 0 0 0
<7717006> <hasOccupation> <Others> 1 1 1 1
<9417548> <hasOccupation> <Others> 0 0 0 0
<9714046> <hasOccupation> <Others> 0 0 0 0
<10600641> <hasOccupation> <Textile_industry> 0 0 0 0
<11405994> <hasOccupation> <Farmworker> 0 0 0 0
<15700267> <hasOccupation> <Painter> 0 0 0 0
<15714597> <hasOccupation> <Others> 0 0 0 0
<4600606> <hasOccupation> <Cleaning_worker> 0 0 0 0
<5106369> <hasOccupation> <Others> 0 0 0 0
<5115041> <hasOccupation> <Cleaning_worker> 0 0 0 0
<5316558> <hasOccupation> <Others> 0 0 0 0
<9916413> <hasOccupation> <Farmworker> 0 0 0 0
<3905711> <hasOccupation> <Others> 0 0 0 0
<5103802> <hasOccupation> <Others> 0 0 0 0
<5116038> <hasOccupation> <Mechanic> 0 0 0 0
<6316131> <hasOccupation> <Others> 0 0 0 0
<7404808> <hasOccupation> <Others> 0 0 0 0
<10807132> <hasOccupation> <Others> 0 0 0 0
<3716092> <hasOccupation> <Miner> 0 0 0 0
<6400268> <hasOccupation> <Others> 0 0 0 0
<9712292> <hasOccupation> <Painter> 0 0 0 0
<15709808> <hasOccupation> <Others> 0 0 0 0
<5106254> <hasOccupation> <Others> 0 0 0 0
<5313667> <hasOccupation> <Farmworker> 0 0 0 0
<9409778> <hasOccupation> <Others> 0 0 0 0
<4611308> <hasOccupation> <Railroad_worker> 0 0 0 0
<14705209> <hasOccupation> <Others> 0 0 0 0
<9413539> <hasOccupation> <Miner> 0 0 0 0
<6400527> <hasOccupation> <Builder> 0 0 0 0
<9700545> <hasOccupation> <Builder> 0 0 0 0
<12914472> <hasOccupation> <Builder> 0 0 0 0
<5104093> <hasOccupation> <Builder> 0 0 0 0
<6400648> <hasOccupation> <Builder> 0 0 0 0
<11312311> <hasOccupation> <Builder> 0 0 0 0
<10610347> <hasOccupation> <Builder> 0 0 0 0
<11312307> <hasOccupation> <Builder> 0 0 0 0
<6315569> <hasOccupation> <Mechanic> 0 0 0 0
<9704796> <hasOccupation> <Cleaning_worker> 0 0 0 0
<5102976> <hasOccupation> <Others> 0 0 0 0
<5107961> <hasOccupation> <Railroad_worker> 0 0 0 0
<11313715> <hasOccupation> <Professional_driver> 0 0 0 0
<5103510> <hasOccupation> <Others> 0 0 0 0
<5103824> <hasOccupation> <Others> 0 0 0 0
<7000353> <hasOccupation> <Cleaning_worker> 0 0 0 0
<5107219> <hasOccupation> <Carpenter> 0 0 0 0
<10612168> <hasOccupation> <Shipbuilder> 0 0 0 0
<2902533> <hasOccupation> <Others> 0 0 0 0
<10802682> <hasOccupation> <Builder> 0 0 0 0
<409542> <hasOccupation> <Builder> 0 0 0 0
<503186> <hasOccupation> <Builder> 0 0 0 0
<2302925> <hasOccupation> <Builder> 0 0 0 0
<5114271> <hasOccupation> <Builder> 0 0 0 0
<11311920> <hasOccupation> <Builder> 0 0 0 0
<102003> <hasOccupation> <Others> 0 0 0 0
<108609> <hasOccupation> <Others> 0 0 0 0
<109545> <hasOccupation> <Others> 0 0 0 0
<110018> <hasOccupation> <Others> 0 0 0 0
<110687> <hasOccupation> <Others> 0 0 0 0
<111483> <hasOccupation> <Others> 0 0 0 0
<112182> <hasOccupation> <Others> 0 0 0 0
<112835> <hasOccupation> <Others> 0 0 0 0
<113196> <hasOccupation> <Others> 0 0 0 0
<201577> <hasOccupation> <Others> 0 0 0 0
<201698> <hasOccupation> <Others> 0 0 0 0
<202105> <hasOccupation> <Mechanic> 0 0 0 0
<202233> <hasOccupation> <Others> 0 0 0 0
<205010> <hasOccupation> <Others> 0 0 0 0
<207713> <hasOccupation> <Professional_driver> 0 0 0 0
<207915> <hasOccupation> <Others> 0 0 0 0
<209621> <hasOccupation> <Others> 0 0 0 0
<209994> <hasOccupation> <Others> 0 0 0 0
<210081> <hasOccupation> <Mechanic> 0 0 0 0
<210175> <hasOccupation> <Professional_driver> 0 0 0 0
<211875> <hasOccupation> <Others> 0 0 0 0
<212474> <hasOccupation> <Mechanic> 0 0 0 0
<216100> <hasOccupation> <Others> 0 0 0 0
<304519> <hasOccupation> <Others> 0 0 0 0
<305126> <hasOccupation> <Others> 0 0 0 0
<306456> <hasOccupation> <Painter> 0 0 0 0
<317260> <hasOccupation> <Others> 0 0 0 0
<410045> <hasOccupation> <Others> 0 0 0 0
<411494> <hasOccupation> <Others> 0 0 0 0
<417329> <hasOccupation> <Farmworker> 0 0 0 0
<508041> <hasOccupation> <Others> 0 0 0 0
<512371> <hasOccupation> <Others> 0 0 0 0
<513979> <hasOccupation> <Others> 0 0 0 0
<102973> <hasOccupation> <Others> 0 0 0 0
<109234> <hasOccupation> <Professional_driver> 0 0 0 0
<111477> <hasOccupation> <Others> 0 0 0 0
<202216> <hasOccupation> <Mechanic> 0 0 0 0
<202511> <hasOccupation> <Others> 0 0 0 0
<204390> <hasOccupation> <Miner> 0 0 0 0
<208932> <hasOccupation> <Others> 0 0 0 0
<306455> <hasOccupation> <Farmworker> 0 0 0 0
<415718> <hasOccupation> <Cleaning_worker> 0 0 0 0
<416756> <hasOccupation> <Others> 0 0 0 0
<513012> <hasOccupation> <Others> 0 0 0 0
<513038> <hasOccupation> <Others> 0 0 0 0
<513371> <hasOccupation> <Others> 0 0 0 0
<415793> <hasOccupation> <Others> 0 0 0 0
<507266> <hasOccupation> <Others> 0 0 0 0
<513365> <hasOccupation> <Others> 0 0 0 0
<202403> <hasOccupation> <Others> 0 0 0 0
<508440> <hasOccupation> <Others> 0 0 0 0
<512530> <hasOccupation> <Others> 0 0 0 0
<209926> <hasOccupation> <Others> 0 0 0 0
<212492> <hasOccupation> <Professional_driver> 0 0 0 0
<513663> <hasOccupation> <Others> 0 0 0 0
<503951> <hasOccupation> <Others> 0 0 0 0
<302237> <hasOccupation> <Others> 0 0 0 0
<411503> <hasOccupation> <Others> 0 0 0 0
<110691> <hasOccupation> <Farmworker> 0 0 0 0
<216096> <hasOccupation> <Builder> 0 0 0 0
<509147> <hasOccupation> <Builder> 0 0 0 0
<317292> <hasOccupation> <Builder> 0 0 0 0
<205098> <hasOccupation> <Builder> 0 0 0 0
<110892> <hasOccupation> <Others> 0 0 0 0
<210451> <hasOccupation> <Others> 0 0 0 0
<300332> <hasOccupation> <Others> 0 0 0 0
<300900> <hasOccupation> <Others> 0 0 0 0
<513708> <hasOccupation> <Others> 0 0 0 0
<411869> <hasOccupation> <Others> 0 0 0 0
<204462> <hasOccupation> <Professional_driver> 0 0 0 0
<204162> <hasOccupation> <Others> 0 0 0 0
<514183> <hasOccupation> <Others> 0 0 0 0
<516203> <hasOccupation> <Others> 0 0 0 0
<516797> <hasOccupation> <Others> 0 0 0 0
<517138> <hasOccupation> <Others> 0 0 0 0
<705299> <hasOccupation> <Others> 0 0 0 0
<707682> <hasOccupation> <Others> 0 0 0 0
<711015> <hasOccupation> <Others> 0 0 0 0
<711529> <hasOccupation> <Others> 0 0 0 0
<906908> <hasOccupation> <Others> 0 0 0 0
<908678> <hasOccupation> <Others> 1 1 1 1
<1214688> <hasOccupation> <Others> 0 0 0 0
<1300942> <hasOccupation> <Cabbie> 0 0 0 0
<1300995> <hasOccupation> <Others> 0 0 0 0
<1301652> <hasOccupation> <Others> 0 0 0 0
<1302240> <hasOccupation> <Others> 0 0 0 0
<1302547> <hasOccupation> <Others> 0 0 0 0
<1305590> <hasOccupation> <Cleaning_worker> 0 0 0 0
<1305601> <hasOccupation> <Others> 0 0 0 0
<1306300> <hasOccupation> <Others> 0 0 0 0
<1310447> <hasOccupation> <Others> 0 0 0 0
<1314289> <hasOccupation> <Others> 0 0 0 0
<1314646> <hasOccupation> <Others> 0 0 0 0
<1315086> <hasOccupation> <Others> 0 0 0 0
<1509313> <hasOccupation> <Others> 0 0 0 0
<1510108> <hasOccupation> <Others> 0 0 0 0
<1511163> <hasOccupation> <Others> 0 0 0 0
<2102292> <hasOccupation> <Others> 0 0 0 0
<2303208> <hasOccupation> <Others> 1 1 1 1
<2304328> <hasOccupation> <Carpenter> 0 0 0 0
<2306733> <hasOccupation> <Others> 0 0 0 0
<2309459> <hasOccupation> <Others> 0 0 0 0
<2310523> <hasOccupation> <Farmworker> 0 0 0 0
<2405630> <hasOccupation> <Others> 0 0 0 0
<2406967> <hasOccupation> <Others> 0 0 0 0
<2807846> <hasOccupation> <Others> 0 0 0 0
<2808285> <hasOccupation> <Farmworker> 0 0 0 0
<2808296> <hasOccupation> <Others> 0 0 0 0
<2816469> <hasOccupation> <Mechanic> 0 0 0 0
<2903687> <hasOccupation> <Others> 0 0 0 0
<2903788> <hasOccupation> <Others> 0 0 0 0
<2911581> <hasOccupation> <Others> 0 0 0 0
<2917306> <hasOccupation> <Others> 1 1 1 1
<2917342> <hasOccupation> <Others> 1 1 1 1
<2917365> <hasOccupation> <Others> 0 0 0 0
<3508906> <hasOccupation> <Others> 0 0 0 0
<3510213> <hasOccupation> <Professional_driver> 0 0 0 0
<3702792> <hasOccupation> <Others> 0 0 0 0
<704472> <hasOccupation> <Others> 0 0 0 0
<707551> <hasOccupation> <Others> 0 0 0 0
<1213625> <hasOccupation> <Others> 0 0 0 0
<1306119> <hasOccupation> <Cabbie> 0 0 0 0
<1310450> <hasOccupation> <Professional_driver> 0 0 0 0
<1310935> <hasOccupation> <Others> 0 0 0 0
<1311279> <hasOccupation> <Others> 0 0 0 0
<1313467> <hasOccupation> <Cleaning_worker> 0 0 0 0
<1315685> <hasOccupation> <Others> 0 0 0 0
<1511053> <hasOccupation> <Others> 0 0 0 0
<2300124> <hasOccupation> <Others> 1 1 1 1
<2903733> <hasOccupation> <Others> 0 0 0 0
<2911662> <hasOccupation> <Others> 0 0 0 0
<2917312> <hasOccupation> <Others> 1 1 1 1
<2917351> <hasOccupation> <Others> 1 1 1 1
<2917480> <hasOccupation> <Others> 0 0 0 0
<3011339> <hasOccupation> <Others> 0 0 0 0
<3105727> <hasOccupation> <Farmworker> 0 0 0 0
<3407250> <hasOccupation> <Farmworker> 0 0 0 0
<705376> <hasOccupation> <Others> 0 0 0 0
<1201953> <hasOccupation> <Others> 0 0 0 0
<1300852> <hasOccupation> <Others> 0 0 0 0
<2902544> <hasOccupation> <Carpenter> 0 0 0 0
<3414713> <hasOccupation> <Others> 0 0 0 0
<2306964> <hasOccupation> <Others> 1 1 1 1
<1305444> <hasOccupation> <Farmworker> 0 0 0 0
<1306307> <hasOccupation> <Cleaning_worker> 0 0 0 0
<1214873> <hasOccupation> <Cleaning_worker> 0 0 0 0
<3105725> <hasOccupation> <Hairdresser> 0 0 0 0
<3307189> <hasOccupation> <Others> 0 0 0 0
<1315643> <hasOccupation> <Others> 0 0 0 0
<2307126> <hasOccupation> <Professional_driver> 0 0 0 0
<3508647> <hasOccupation> <Others> 0 0 0 0
<1315215> <hasOccupation> <Cabbie> 0 0 0 0
<1305528> <hasOccupation> <Others> 0 0 0 0
<3709594> <hasOccupation> <Farmworker> 0 0 0 0
<1315158> <hasOccupation> <Others> 0 0 0 0
<514416> <hasOccupation> <Painter> 0 0 0 0
<2312544> <hasOccupation> <Builder> 0 0 0 0
<2312545> <hasOccupation> <Builder> 0 0 0 0
<1300453> <hasOccupation> <Builder> 0 0 0 0
<707696> <hasOccupation> <Builder> 0 0 0 0
<712584> <hasOccupation> <Others> 0 0 0 0
<1504197> <hasOccupation> <Others> 0 0 0 0
<2105247> <hasOccupation> <Professional_driver> 0 0 0 0
<2300238> <hasOccupation> <Others> 0 0 0 0
<2811003> <hasOccupation> <Others> 0 0 0 0
<2817211> <hasOccupation> <Textile_industry> 0 0 0 0
<3006408> <hasOccupation> <Mechanic> 0 0 0 0
<1306823> <hasOccupation> <Others> 0 0 0 0
<2917500> <hasOccupation> <Others> 0 0 0 0
<2903815> <hasOccupation> <Others> 0 0 0 0
<2300014> <hasOccupation> <Others> 1 1 1 1
<3016860> <hasOccupation> <Mechanic> 0 0 0 0
<4603779> <hasOccupation> <Others> 0 0 0 0
<4603820> <hasOccupation> <Others> 0 0 0 0
<4614563> <hasOccupation> <Others> 0 0 0 0
<4615072> <hasOccupation> <Professional_driver> 0 0 0 0
<5104092> <hasOccupation> <Others> 0 0 0 0
<5104483> <hasOccupation> <Others> 0 0 0 0
<5106548> <hasOccupation> <Others> 0 0 0 0
<5107039> <hasOccupation> <Others> 1 1 1 1
<5107085> <hasOccupation> <Others> 0 0 0 0
<5111328> <hasOccupation> <Railroad_worker> 0 0 0 0
<5114398> <hasOccupation> <Others> 0 0 0 0
<5115126> <hasOccupation> <Others> 0 0 0 0
<5115483> <hasOccupation> <Professional_driver> 0 0 0 0
<5307296> <hasOccupation> <Others> 0 0 0 0
<5316027> <hasOccupation> <Others> 0 0 0 0
<5316197> <hasOccupation> <Others> 0 0 0 0
<6303506> <hasOccupation> <Others> 0 0 0 0
<6304717> <hasOccupation> <Others> 0 0 0 0
<6311828> <hasOccupation> <Others> 0 0 0 0
<6315351> <hasOccupation> <Professional_driver> 0 0 0 0
<6316311> <hasOccupation> <Others> 0 0 0 0
<6316628> <hasOccupation> <Others> 0 0 0 0
<6317404> <hasOccupation> <Others> 0 0 0 0
<7105398> <hasOccupation> <Others> 0 0 0 0
<8306658> <hasOccupation> <Others> 0 0 0 0
<8307617> <hasOccupation> <Cleaning_worker> 0 0 0 0
<9709939> <hasOccupation> <Others> 0 0 0 0
<10606136> <hasOccupation> <Others> 0 0 0 0
<11313858> <hasOccupation> <Farmworker> 0 0 0 0
<11317212> <hasOccupation> <Others> 0 0 0 0
<14702287> <hasOccupation> <Painter> 0 0 0 0
<15700181> <hasOccupation> <Others> 0 0 0 0
<15701748> <hasOccupation> <Others> 0 0 0 0
<15702371> <hasOccupation> <Others> 0 0 0 0
<15706841> <hasOccupation> <Others> 0 0 0 0
<4910948> <hasOccupation> <Others> 0 0 0 0
<5103980> <hasOccupation> <Others> 0 0 0 0
<5104370> <hasOccupation> <Ceramist> 0 0 0 0
<5104537> <hasOccupation> <Others> 0 0 0 0
<5106562> <hasOccupation> <Others> 0 0 0 0
<5107934> <hasOccupation> <Others> 0 0 0 0
<5112689> <hasOccupation> <Carpenter> 0 0 0 0
<5116878> <hasOccupation> <Others> 0 0 0 0
<5116959> <hasOccupation> <Others> 0 0 0 0
<5304765> <hasOccupation> <Ironer> 0 0 0 0
<5313529> <hasOccupation> <Others> 0 0 0 0
<5315574> <hasOccupation> <Others> 0 0 0 0
<5502302> <hasOccupation> <Professional_driver> 0 0 0 0
<6317225> <hasOccupation> <Professional_driver> 0 0 0 0
<6402172> <hasOccupation> <Others> 0 0 0 0
<7110331> <hasOccupation> <Professional_driver> 0 0 0 0
<7404351> <hasOccupation> <Others> 0 0 0 0
<9705208> <hasOccupation> <Others> 0 0 0 0
<9912933> <hasOccupation> <Ceramist> 0 0 0 0
<10600625> <hasOccupation> <Others> 0 0 0 0
<12915743> <hasOccupation> <Professional_driver> 0 0 0 0
<3801766> <hasOccupation> <Textile_industry> 0 0 0 0
<5116019> <hasOccupation> <Others> 0 0 0 0
<5314155> <hasOccupation> <Professional_driver> 0 0 0 0
<5315191> <hasOccupation> <Others> 0 0 0 0
<5504961> <hasOccupation> <Others> 0 0 0 0
<6311509> <hasOccupation> <Farmworker> 0 0 0 0
<6402742> <hasOccupation> <Others> 0 0 0 0
<9407305> <hasOccupation> <Others> 0 0 0 0
<10610717> <hasOccupation> <Carpenter> 0 0 0 0
<5112163> <hasOccupation> <Others> 0 0 0 0
<5102743> <hasOccupation> <Ironer> 0 0 0 0
<5106737> <hasOccupation> <Others> 0 0 0 0
<5109724> <hasOccupation> <Others> 0 0 0 0
<6300235> <hasOccupation> <Others> 0 0 0 0
<9408252> <hasOccupation> <Others> 0 0 0 0
<10601121> <hasOccupation> <Others> 0 0 0 0
<15714635> <hasOccupation> <Others> 0 0 0 0
<5106936> <hasOccupation> <Others> 0 0 0 0
<5107117> <hasOccupation> <Mechanic> 0 0 0 0
<5314291> <hasOccupation> <Others> 0 0 0 0
<5505959> <hasOccupation> <Others> 0 0 0 0
<7406570> <hasOccupation> <Cleaning_worker> 0 0 0 0
<7012945> <hasOccupation> <Others> 0 0 0 0
<5104126> <hasOccupation> <Mechanic> 0 0 0 0
<5315063> <hasOccupation> <Others> 0 0 0 0
<7404360> <hasOccupation> <Others> 0 0 0 0
<4911242> <hasOccupation> <Others> 0 0 0 0
<5316184> <hasOccupation> <Others> 0 0 0 0
<14705782> <hasOccupation> <Others> 0 0 0 0
<15715007> <hasOccupation> <Shipbuilder> 0 0 0 0
<2103019> <hasOccupation> <Others> 0 0 0 0
<4910561> <hasOccupation> <Builder> 0 0 0 0
<5104196> <hasOccupation> <Builder> 0 0 0 0
<5106406> <hasOccupation> <Builder> 0 0 0 0
<9408796> <hasOccupation> <Builder> 0 0 0 0
<9409182> <hasOccupation> <Builder> 0 0 0 0
<15707828> <hasOccupation> <Builder> 0 0 0 0
<5104161> <hasOccupation> <Builder> 0 0 0 0
<15700986> <hasOccupation> <Builder> 0 0 0 0
<5115558> <hasOccupation> <Builder> 0 0 0 0
<10607135> <hasOccupation> <Builder> 0 0 0 0
<4602330> <hasOccupation> <Builder> 0 0 0 0
<11911930> <hasOccupation> <Builder> 0 0 0 0
<4910788> <hasOccupation> <Others> 0 0 0 0
<5315339> <hasOccupation> <Others> 1 1 1 1
<6304754> <hasOccupation> <Others> 0 0 0 0
<6301704> <hasOccupation> <Others> 0 0 0 0
<6315247> <hasOccupation> <Farmworker> 0 0 0 0
<15714593> <hasOccupation> <Others> 0 0 0 0
<5113216> <hasOccupation> <Others> 0 0 0 0
<6315956> <hasOccupation> <Farmworker> 0 0 0 0
<11314151> <hasOccupation> <Others> 0 0 0 0
<3812101> <hasOccupation> <Others> 0 0 0 0
<2406176> <hasOccupation> <Builder> 0 0 0 0
<2103671> <hasOccupation> <Builder> 0 0 0 0
<7406479> <hasOccupation> <Builder> 0 0 0 0
<202412> <hasOccupation> <Builder> 0 0 0 0
<14703366> <hasOccupation> <Builder> 0 0 0 0
<5315949> <hasOccupation> <Builder> 0 0 0 0
