<1300444> <hasMediastinoscopy> <Mediastinoscopy> 0 0 0 0
<2303333> <hasMediastinoscopy> <Mediastinoscopy> 0 0 0 0
<513643> <hasMediastinoscopy> <Mediastinoscopy> 0 0 0 0
<2104410> <hasMediastinoscopy> <Mediastinoscopy> 0 0 0 0
<513563> <hasMediastinoscopy> <Mediastinoscopy> 0 0 0 0
<303328> <hasMediastinoscopy> <Mediastinoscopy> 0 0 0 0
<5113016> <hasMediastinoscopy> <Mediastinoscopy> 0 0 0 0
<400893> <hasMediastinoscopy> <Mediastinoscopy> 0 0 0 0
<1201107> <hasMediastinoscopy> <Mediastinoscopy> 0 0 0 0
<416854> <hasMediastinoscopy> <Mediastinoscopy> 0 0 0 0
<501295> <hasMediastinoscopy> <Mediastinoscopy> 0 0 0 0
<507464> <hasMediastinoscopy> <Mediastinoscopy> 0 0 0 0
<513092> <hasMediastinoscopy> <Mediastinoscopy> 0 0 0 0
<5305801> <hasMediastinoscopy> <Mediastinoscopy> 0 0 0 0
<304976> <hasMediastinoscopy> <Mediastinoscopy> 0 0 0 0
<501357> <hasMediastinoscopy> <Mediastinoscopy> 0 0 0 0
<207457> <hasMediastinoscopy> <Mediastinoscopy> 0 0 0 0
<512413> <hasMediastinoscopy> <Mediastinoscopy> 0 0 0 0
<714413> <hasMediastinoscopy> <Mediastinoscopy> 0 0 0 0
<513519> <hasMediastinoscopy> <Mediastinoscopy> 0 0 0 0
<5112804> <hasMediastinoscopy> <Mediastinoscopy> 0 0 0 0
<514091> <hasMediastinoscopy> <Mediastinoscopy> 0 0 0 0
<11314477> <hasMediastinoscopy> <Mediastinoscopy> 0 0 0 0
