<10614057> <hasBronchoscopy> <Bronchoscopy> 0 0 0 0
<10815371> <hasBronchoscopy> <Bronchoscopy> 0 0 0 0
<11313618> <hasBronchoscopy> <Bronchoscopy> 0 0 0 0
<1202052> <hasBronchoscopy> <Bronchoscopy> 0 0 0 0
<1214723> <hasBronchoscopy> <Bronchoscopy> 0 0 0 0
<12914542> <hasBronchoscopy> <Bronchoscopy> 0 0 0 0
<1300290> <hasBronchoscopy> <Bronchoscopy> 0 0 0 0
<1301914> <hasBronchoscopy> <Bronchoscopy> 0 0 0 0
<1306500> <hasBronchoscopy> <Bronchoscopy> 0 0 0 0
<1314717> <hasBronchoscopy> <Bronchoscopy> 0 0 0 0
<1315225> <hasBronchoscopy> <Bronchoscopy> 0 0 0 0
<15706386> <hasBronchoscopy> <Bronchoscopy> 0 0 0 0
<15709462> <hasBronchoscopy> <Bronchoscopy> 0 0 0 0
<201637> <hasBronchoscopy> <Bronchoscopy> 0 0 0 0
<202116> <hasBronchoscopy> <Bronchoscopy> 0 0 0 0
<204538> <hasBronchoscopy> <Bronchoscopy> 0 0 0 0
<204596> <hasBronchoscopy> <Bronchoscopy> 0 0 0 0
<206195> <hasBronchoscopy> <Bronchoscopy> 0 0 0 0
<206787> <hasBronchoscopy> <Bronchoscopy> 0 0 0 0
<2100835> <hasBronchoscopy> <Bronchoscopy> 0 0 0 0
<2102624> <hasBronchoscopy> <Bronchoscopy> 0 0 0 0
<2109200> <hasBronchoscopy> <Bronchoscopy> 0 0 0 0
<212450> <hasBronchoscopy> <Bronchoscopy> 0 0 0 0
<212843> <hasBronchoscopy> <Bronchoscopy> 0 0 0 0
<213233> <hasBronchoscopy> <Bronchoscopy> 0 0 0 0
<2303056> <hasBronchoscopy> <Bronchoscopy> 0 0 0 0
<2303383> <hasBronchoscopy> <Bronchoscopy> 0 0 0 0
<2304421> <hasBronchoscopy> <Bronchoscopy> 0 0 0 0
<2304423> <hasBronchoscopy> <Bronchoscopy> 0 0 0 0
<2715040> <hasBronchoscopy> <Bronchoscopy> 0 0 0 0
<2803646> <hasBronchoscopy> <Bronchoscopy> 0 0 0 0
<2806968> <hasBronchoscopy> <Bronchoscopy> 0 0 0 0
<2807859> <hasBronchoscopy> <Bronchoscopy> 0 0 0 0
<2810269> <hasBronchoscopy> <Bronchoscopy> 0 0 0 0
<2810604> <hasBronchoscopy> <Bronchoscopy> 0 0 0 0
<2917352> <hasBronchoscopy> <Bronchoscopy> 0 0 0 0
<3000454> <hasBronchoscopy> <Bronchoscopy> 0 0 0 0
<3001046> <hasBronchoscopy> <Bronchoscopy> 0 0 0 0
<300272> <hasBronchoscopy> <Bronchoscopy> 0 0 0 0
<3005763> <hasBronchoscopy> <Bronchoscopy> 0 0 0 0
<300582> <hasBronchoscopy> <Bronchoscopy> 0 0 0 0
<301135> <hasBronchoscopy> <Bronchoscopy> 0 0 0 0
<2109753> <hasBronchoscopy> <Bronchoscopy> 0 0 0 0
<1315541> <hasBronchoscopy> <Bronchoscopy> 0 0 0 0
<1509174> <hasBronchoscopy> <Bronchoscopy> 0 0 0 0
<201950> <hasBronchoscopy> <Bronchoscopy> 0 0 0 0
<202541> <hasBronchoscopy> <Bronchoscopy> 0 0 0 0
<202575> <hasBronchoscopy> <Bronchoscopy> 0 0 0 0
<206346> <hasBronchoscopy> <Bronchoscopy> 0 0 0 0
<2103021> <hasBronchoscopy> <Bronchoscopy> 0 0 0 0
<211879> <hasBronchoscopy> <Bronchoscopy> 0 0 0 0
<2105807> <hasBronchoscopy> <Bronchoscopy> 0 0 0 0
<1315352> <hasBronchoscopy> <Bronchoscopy> 0 0 0 0
<18015754> <hasBronchoscopy> <Bronchoscopy> 0 0 0 0
<209731> <hasBronchoscopy> <Bronchoscopy> 0 0 0 0
<2100659> <hasBronchoscopy> <Bronchoscopy> 0 0 0 0
<2105324> <hasBronchoscopy> <Bronchoscopy> 0 0 0 0
<2904206> <hasBronchoscopy> <Bronchoscopy> 0 0 0 0
<303679> <hasBronchoscopy> <Bronchoscopy> 0 0 0 0
<1006645> <hasBronchoscopy> <Bronchoscopy> 0 0 0 0
<11317177> <hasBronchoscopy> <Bronchoscopy> 0 0 0 0
<2300040> <hasBronchoscopy> <Bronchoscopy> 0 0 0 0
<3000698> <hasBronchoscopy> <Bronchoscopy> 0 0 0 0
<1504873> <hasBronchoscopy> <Bronchoscopy> 0 0 0 0
<2305576> <hasBronchoscopy> <Bronchoscopy> 0 0 0 0
<2312909> <hasBronchoscopy> <Bronchoscopy> 0 0 0 0
<2407073> <hasBronchoscopy> <Bronchoscopy> 0 0 0 0
<2304110> <hasBronchoscopy> <Bronchoscopy> 0 0 0 0
<11311917> <hasBronchoscopy> <Bronchoscopy> 0 0 0 0
<210207> <hasBronchoscopy> <Bronchoscopy> 0 0 0 0
<212926> <hasBronchoscopy> <Bronchoscopy> 0 0 0 0
<2303895> <hasBronchoscopy> <Bronchoscopy> 0 0 0 0
<2305081> <hasBronchoscopy> <Bronchoscopy> 0 0 0 0
<1300496> <hasBronchoscopy> <Bronchoscopy> 0 0 0 0
<210101> <hasBronchoscopy> <Bronchoscopy> 0 0 0 0
<2305672> <hasBronchoscopy> <Bronchoscopy> 0 0 0 0
<1006640> <hasBronchoscopy> <Bronchoscopy> 0 0 0 0
<1505080> <hasBronchoscopy> <Bronchoscopy> 0 0 0 0
<12914698> <hasBronchoscopy> <Bronchoscopy> 0 0 0 0
<2815311> <hasBronchoscopy> <Bronchoscopy> 0 0 0 0
<10607133> <hasBronchoscopy> <Bronchoscopy> 0 0 0 0
<206600> <hasBronchoscopy> <Bronchoscopy> 0 0 0 0
<10613564> <hasBronchoscopy> <Bronchoscopy> 0 0 0 0
<205064> <hasBronchoscopy> <Bronchoscopy> 0 0 0 0
<2304602> <hasBronchoscopy> <Bronchoscopy> 0 0 0 0
<303675> <hasBronchoscopy> <Bronchoscopy> 0 0 0 0
<12914819> <hasBronchoscopy> <Bronchoscopy> 0 0 0 0
<10612118> <hasBronchoscopy> <Bronchoscopy> 0 0 0 0
<2811075> <hasBronchoscopy> <Bronchoscopy> 0 0 0 0
<2302929> <hasBronchoscopy> <Bronchoscopy> 0 0 0 0
<14603601> <hasBronchoscopy> <Bronchoscopy> 0 0 0 0
<2815508> <hasBronchoscopy> <Bronchoscopy> 0 0 0 0
<302086> <hasBronchoscopy> <Bronchoscopy> 0 0 0 0
<1306331> <hasBronchoscopy> <Bronchoscopy> 0 0 0 0
<3309700> <hasBronchoscopy> <Bronchoscopy> 0 0 0 0
<3309709> <hasBronchoscopy> <Bronchoscopy> 0 0 0 0
<3404377> <hasBronchoscopy> <Bronchoscopy> 0 0 0 0
<3510859> <hasBronchoscopy> <Bronchoscopy> 0 0 0 0
<4607093> <hasBronchoscopy> <Bronchoscopy> 0 0 0 0
<4910609> <hasBronchoscopy> <Bronchoscopy> 0 0 0 0
<4911241> <hasBronchoscopy> <Bronchoscopy> 0 0 0 0
<501231> <hasBronchoscopy> <Bronchoscopy> 0 0 0 0
<1315807> <hasBronchoscopy> <Bronchoscopy> 0 0 0 0
<1314108> <hasBronchoscopy> <Bronchoscopy> 0 0 0 0
<204938> <hasBronchoscopy> <Bronchoscopy> 0 0 0 0
<1006461> <hasBronchoscopy> <Bronchoscopy> 0 0 0 0
<2808731> <hasBronchoscopy> <Bronchoscopy> 0 0 0 0
<1315142> <hasBronchoscopy> <Bronchoscopy> 0 0 0 0
<11312116> <hasBronchoscopy> <Bronchoscopy> 0 0 0 0
<3404089> <hasBronchoscopy> <Bronchoscopy> 0 0 0 0
<3410526> <hasBronchoscopy> <Bronchoscopy> 0 0 0 0
<503181> <hasBronchoscopy> <Bronchoscopy> 0 0 0 0
<503419> <hasBronchoscopy> <Bronchoscopy> 0 0 0 0
<504152> <hasBronchoscopy> <Bronchoscopy> 0 0 0 0
<504175> <hasBronchoscopy> <Bronchoscopy> 0 0 0 0
<507545> <hasBronchoscopy> <Bronchoscopy> 0 0 0 0
<508044> <hasBronchoscopy> <Bronchoscopy> 0 0 0 0
<508235> <hasBronchoscopy> <Bronchoscopy> 0 0 0 0
<508536> <hasBronchoscopy> <Bronchoscopy> 0 0 0 0
<509022> <hasBronchoscopy> <Bronchoscopy> 0 0 0 0
<5102996> <hasBronchoscopy> <Bronchoscopy> 0 0 0 0
<5103315> <hasBronchoscopy> <Bronchoscopy> 0 0 0 0
<5104117> <hasBronchoscopy> <Bronchoscopy> 0 0 0 0
<5104554> <hasBronchoscopy> <Bronchoscopy> 0 0 0 0
<5104921> <hasBronchoscopy> <Bronchoscopy> 0 0 0 0
<5106607> <hasBronchoscopy> <Bronchoscopy> 0 0 0 0
<5107395> <hasBronchoscopy> <Bronchoscopy> 0 0 0 0
<5109252> <hasBronchoscopy> <Bronchoscopy> 0 0 0 0
<5110669> <hasBronchoscopy> <Bronchoscopy> 0 0 0 0
<5114566> <hasBronchoscopy> <Bronchoscopy> 0 0 0 0
<5115701> <hasBronchoscopy> <Bronchoscopy> 0 0 0 0
<513235> <hasBronchoscopy> <Bronchoscopy> 0 0 0 0
<514135> <hasBronchoscopy> <Bronchoscopy> 0 0 0 0
<516367> <hasBronchoscopy> <Bronchoscopy> 0 0 0 0
<517456> <hasBronchoscopy> <Bronchoscopy> 0 0 0 0
<517470> <hasBronchoscopy> <Bronchoscopy> 0 0 0 0
<5313315> <hasBronchoscopy> <Bronchoscopy> 0 0 0 0
<5314662> <hasBronchoscopy> <Bronchoscopy> 0 0 0 0
<5315365> <hasBronchoscopy> <Bronchoscopy> 0 0 0 0
<5117388> <hasBronchoscopy> <Bronchoscopy> 0 0 0 0
<5104947> <hasBronchoscopy> <Bronchoscopy> 0 0 0 0
<3305139> <hasBronchoscopy> <Bronchoscopy> 0 0 0 0
<3405533> <hasBronchoscopy> <Bronchoscopy> 0 0 0 0
<3602169> <hasBronchoscopy> <Bronchoscopy> 0 0 0 0
<3710922> <hasBronchoscopy> <Bronchoscopy> 0 0 0 0
<408843> <hasBronchoscopy> <Bronchoscopy> 0 0 0 0
<409496> <hasBronchoscopy> <Bronchoscopy> 0 0 0 0
<409685> <hasBronchoscopy> <Bronchoscopy> 0 0 0 0
<417168> <hasBronchoscopy> <Bronchoscopy> 0 0 0 0
<4911197> <hasBronchoscopy> <Bronchoscopy> 0 0 0 0
<508221> <hasBronchoscopy> <Bronchoscopy> 0 0 0 0
<5102819> <hasBronchoscopy> <Bronchoscopy> 0 0 0 0
<5103184> <hasBronchoscopy> <Bronchoscopy> 0 0 0 0
<5106149> <hasBronchoscopy> <Bronchoscopy> 0 0 0 0
<5106783> <hasBronchoscopy> <Bronchoscopy> 0 0 0 0
<5112510> <hasBronchoscopy> <Bronchoscopy> 0 0 0 0
<5115785> <hasBronchoscopy> <Bronchoscopy> 0 0 0 0
<512808> <hasBronchoscopy> <Bronchoscopy> 0 0 0 0
<513574> <hasBronchoscopy> <Bronchoscopy> 0 0 0 0
<513724> <hasBronchoscopy> <Bronchoscopy> 0 0 0 0
<513739> <hasBronchoscopy> <Bronchoscopy> 0 0 0 0
<516310> <hasBronchoscopy> <Bronchoscopy> 0 0 0 0
<3404590> <hasBronchoscopy> <Bronchoscopy> 0 0 0 0
<3408096> <hasBronchoscopy> <Bronchoscopy> 0 0 0 0
<3602428> <hasBronchoscopy> <Bronchoscopy> 0 0 0 0
<409880> <hasBronchoscopy> <Bronchoscopy> 0 0 0 0
<4910936> <hasBronchoscopy> <Bronchoscopy> 0 0 0 0
<513898> <hasBronchoscopy> <Bronchoscopy> 0 0 0 0
<516157> <hasBronchoscopy> <Bronchoscopy> 0 0 0 0
<5305985> <hasBronchoscopy> <Bronchoscopy> 0 0 0 0
<5311779> <hasBronchoscopy> <Bronchoscopy> 0 0 0 0
<514461> <hasBronchoscopy> <Bronchoscopy> 0 0 0 0
<3703692> <hasBronchoscopy> <Bronchoscopy> 0 0 0 0
<508459> <hasBronchoscopy> <Bronchoscopy> 0 0 0 0
<5304866> <hasBronchoscopy> <Bronchoscopy> 0 0 0 0
<5314297> <hasBronchoscopy> <Bronchoscopy> 0 0 0 0
<4911267> <hasBronchoscopy> <Bronchoscopy> 0 0 0 0
<514212> <hasBronchoscopy> <Bronchoscopy> 0 0 0 0
<3509110> <hasBronchoscopy> <Bronchoscopy> 0 0 0 0
<5106243> <hasBronchoscopy> <Bronchoscopy> 0 0 0 0
<410020> <hasBronchoscopy> <Bronchoscopy> 0 0 0 0
<5106520> <hasBronchoscopy> <Bronchoscopy> 0 0 0 0
<5314463> <hasBronchoscopy> <Bronchoscopy> 0 0 0 0
<311837> <hasBronchoscopy> <Bronchoscopy> 0 0 0 0
<5316321> <hasBronchoscopy> <Bronchoscopy> 0 0 0 0
<508058> <hasBronchoscopy> <Bronchoscopy> 0 0 0 0
<5304659> <hasBronchoscopy> <Bronchoscopy> 0 0 0 0
<5315239> <hasBronchoscopy> <Bronchoscopy> 0 0 0 0
<410045> <hasBronchoscopy> <Bronchoscopy> 0 0 0 0
<417506> <hasBronchoscopy> <Bronchoscopy> 0 0 0 0
<5103615> <hasBronchoscopy> <Bronchoscopy> 0 0 0 0
<417323> <hasBronchoscopy> <Bronchoscopy> 0 0 0 0
<409520> <hasBronchoscopy> <Bronchoscopy> 0 0 0 0
<5106879> <hasBronchoscopy> <Bronchoscopy> 0 0 0 0
<4611301> <hasBronchoscopy> <Bronchoscopy> 0 0 0 0
<4910728> <hasBronchoscopy> <Bronchoscopy> 0 0 0 0
<2102773> <hasBronchoscopy> <Bronchoscopy> 0 0 0 0
<5316568> <hasBronchoscopy> <Bronchoscopy> 0 0 0 0
<5317384> <hasBronchoscopy> <Bronchoscopy> 0 0 0 0
<6303431> <hasBronchoscopy> <Bronchoscopy> 0 0 0 0
<6312663> <hasBronchoscopy> <Bronchoscopy> 0 0 0 0
<6312879> <hasBronchoscopy> <Bronchoscopy> 0 0 0 0
<6315246> <hasBronchoscopy> <Bronchoscopy> 0 0 0 0
<6315712> <hasBronchoscopy> <Bronchoscopy> 0 0 0 0
<6317023> <hasBronchoscopy> <Bronchoscopy> 0 0 0 0
<6605838> <hasBronchoscopy> <Bronchoscopy> 0 0 0 0
<705611> <hasBronchoscopy> <Bronchoscopy> 0 0 0 0
<707567> <hasBronchoscopy> <Bronchoscopy> 0 0 0 0
<516317> <hasBronchoscopy> <Bronchoscopy> 0 0 0 0
<5315198> <hasBronchoscopy> <Bronchoscopy> 0 0 0 0
<5301422> <hasBronchoscopy> <Bronchoscopy> 0 0 0 0
<4910741> <hasBronchoscopy> <Bronchoscopy> 0 0 0 0
<508472> <hasBronchoscopy> <Bronchoscopy> 0 0 0 0
<5111712> <hasBronchoscopy> <Bronchoscopy> 0 0 0 0
<514197> <hasBronchoscopy> <Bronchoscopy> 0 0 0 0
<300581> <hasBronchoscopy> <Bronchoscopy> 0 0 0 0
<6316719> <hasBronchoscopy> <Bronchoscopy> 0 0 0 0
<6316807> <hasBronchoscopy> <Bronchoscopy> 0 0 0 0
<7214847> <hasBronchoscopy> <Bronchoscopy> 0 0 0 0
<7404247> <hasBronchoscopy> <Bronchoscopy> 0 0 0 0
<7404363> <hasBronchoscopy> <Bronchoscopy> 0 0 0 0
<7404588> <hasBronchoscopy> <Bronchoscopy> 0 0 0 0
<908662> <hasBronchoscopy> <Bronchoscopy> 0 0 0 0
<909670> <hasBronchoscopy> <Bronchoscopy> 0 0 0 0
<909767> <hasBronchoscopy> <Bronchoscopy> 0 0 0 0
<916771> <hasBronchoscopy> <Bronchoscopy> 0 0 0 0
<9416369> <hasBronchoscopy> <Bronchoscopy> 0 0 0 0
<9704608> <hasBronchoscopy> <Bronchoscopy> 0 0 0 0
<9704794> <hasBronchoscopy> <Bronchoscopy> 0 0 0 0
<9709889> <hasBronchoscopy> <Bronchoscopy> 0 0 0 0
<5107080> <hasBronchoscopy> <Bronchoscopy> 0 0 0 0
<5316450> <hasBronchoscopy> <Bronchoscopy> 0 0 0 0
<6311701> <hasBronchoscopy> <Bronchoscopy> 0 0 0 0
<6312064> <hasBronchoscopy> <Bronchoscopy> 0 0 0 0
<6313336> <hasBronchoscopy> <Bronchoscopy> 0 0 0 0
<6313431> <hasBronchoscopy> <Bronchoscopy> 0 0 0 0
<7405345> <hasBronchoscopy> <Bronchoscopy> 0 0 0 0
<916890> <hasBronchoscopy> <Bronchoscopy> 0 0 0 0
<9409336> <hasBronchoscopy> <Bronchoscopy> 0 0 0 0
<9415423> <hasBronchoscopy> <Bronchoscopy> 0 0 0 0
<701614> <hasBronchoscopy> <Bronchoscopy> 0 0 0 0
<7105410> <hasBronchoscopy> <Bronchoscopy> 0 0 0 0
<7406523> <hasBronchoscopy> <Bronchoscopy> 0 0 0 0
<901903> <hasBronchoscopy> <Bronchoscopy> 0 0 0 0
<7407322> <hasBronchoscopy> <Bronchoscopy> 0 0 0 0
<9714186> <hasBronchoscopy> <Bronchoscopy> 0 0 0 0
<9417526> <hasBronchoscopy> <Bronchoscopy> 0 0 0 0
<9704907> <hasBronchoscopy> <Bronchoscopy> 0 0 0 0
<2100808> <hasBronchoscopy> <Bronchoscopy> 0 0 0 0
<2103335> <hasBronchoscopy> <Bronchoscopy> 0 0 0 0
<5102998> <hasBronchoscopy> <Bronchoscopy> 0 0 0 0
<3308121> <hasBronchoscopy> <Bronchoscopy> 0 0 0 0
<11311943> <hasBronchoscopy> <Bronchoscopy> 0 0 0 0
<11312257> <hasBronchoscopy> <Bronchoscopy> 0 0 0 0
<11313605> <hasBronchoscopy> <Bronchoscopy> 0 0 0 0
<11405820> <hasBronchoscopy> <Bronchoscopy> 0 0 0 0
<1214805> <hasBronchoscopy> <Bronchoscopy> 0 0 0 0
<12915078> <hasBronchoscopy> <Bronchoscopy> 0 0 0 0
<1300459> <hasBronchoscopy> <Bronchoscopy> 0 0 0 0
<1305574> <hasBronchoscopy> <Bronchoscopy> 0 0 0 0
<1306034> <hasBronchoscopy> <Bronchoscopy> 0 0 0 0
<1306238> <hasBronchoscopy> <Bronchoscopy> 0 0 0 0
<1306318> <hasBronchoscopy> <Bronchoscopy> 0 0 0 0
<1306596> <hasBronchoscopy> <Bronchoscopy> 0 0 0 0
<1309497> <hasBronchoscopy> <Bronchoscopy> 0 0 0 0
<1315287> <hasBronchoscopy> <Bronchoscopy> 0 0 0 0
<202029> <hasBronchoscopy> <Bronchoscopy> 0 0 0 0
<202585> <hasBronchoscopy> <Bronchoscopy> 0 0 0 0
<202649> <hasBronchoscopy> <Bronchoscopy> 0 0 0 0
<202786> <hasBronchoscopy> <Bronchoscopy> 0 0 0 0
<204990> <hasBronchoscopy> <Bronchoscopy> 0 0 0 0
<205015> <hasBronchoscopy> <Bronchoscopy> 0 0 0 0
<207692> <hasBronchoscopy> <Bronchoscopy> 0 0 0 0
<212396> <hasBronchoscopy> <Bronchoscopy> 0 0 0 0
<212515> <hasBronchoscopy> <Bronchoscopy> 0 0 0 0
<2300012> <hasBronchoscopy> <Bronchoscopy> 0 0 0 0
<2303380> <hasBronchoscopy> <Bronchoscopy> 0 0 0 0
<2304140> <hasBronchoscopy> <Bronchoscopy> 0 0 0 0
<2304867> <hasBronchoscopy> <Bronchoscopy> 0 0 0 0
<2305252> <hasBronchoscopy> <Bronchoscopy> 0 0 0 0
<2311911> <hasBronchoscopy> <Bronchoscopy> 0 0 0 0
<2804208> <hasBronchoscopy> <Bronchoscopy> 0 0 0 0
<2807144> <hasBronchoscopy> <Bronchoscopy> 0 0 0 0
<2807164> <hasBronchoscopy> <Bronchoscopy> 0 0 0 0
<2807846> <hasBronchoscopy> <Bronchoscopy> 0 0 0 0
<2808347> <hasBronchoscopy> <Bronchoscopy> 0 0 0 0
<2812509> <hasBronchoscopy> <Bronchoscopy> 0 0 0 0
<2815893> <hasBronchoscopy> <Bronchoscopy> 0 0 0 0
<2902441> <hasBronchoscopy> <Bronchoscopy> 0 0 0 0
<3012686> <hasBronchoscopy> <Bronchoscopy> 0 0 0 0
<301446> <hasBronchoscopy> <Bronchoscopy> 0 0 0 0
<3105761> <hasBronchoscopy> <Bronchoscopy> 0 0 0 0
<1214791> <hasBronchoscopy> <Bronchoscopy> 0 0 0 0
<1216679> <hasBronchoscopy> <Bronchoscopy> 0 0 0 0
<12914766> <hasBronchoscopy> <Bronchoscopy> 0 0 0 0
<1310362> <hasBronchoscopy> <Bronchoscopy> 0 0 0 0
<202019> <hasBronchoscopy> <Bronchoscopy> 0 0 0 0
<202771> <hasBronchoscopy> <Bronchoscopy> 0 0 0 0
<204222> <hasBronchoscopy> <Bronchoscopy> 0 0 0 0
<2304145> <hasBronchoscopy> <Bronchoscopy> 0 0 0 0
<2312381> <hasBronchoscopy> <Bronchoscopy> 0 0 0 0
<2906682> <hasBronchoscopy> <Bronchoscopy> 0 0 0 0
<304817> <hasBronchoscopy> <Bronchoscopy> 0 0 0 0
<10816595> <hasBronchoscopy> <Bronchoscopy> 0 0 0 0
<12914472> <hasBronchoscopy> <Bronchoscopy> 0 0 0 0
<12914589> <hasBronchoscopy> <Bronchoscopy> 0 0 0 0
<202203> <hasBronchoscopy> <Bronchoscopy> 0 0 0 0
<214991> <hasBronchoscopy> <Bronchoscopy> 0 0 0 0
<2309758> <hasBronchoscopy> <Bronchoscopy> 0 0 0 0
<2311680> <hasBronchoscopy> <Bronchoscopy> 0 0 0 0
<2312981> <hasBronchoscopy> <Bronchoscopy> 0 0 0 0
<2807759> <hasBronchoscopy> <Bronchoscopy> 0 0 0 0
<304511> <hasBronchoscopy> <Bronchoscopy> 0 0 0 0
<10612108> <hasBronchoscopy> <Bronchoscopy> 0 0 0 0
<12915272> <hasBronchoscopy> <Bronchoscopy> 0 0 0 0
<207956> <hasBronchoscopy> <Bronchoscopy> 0 0 0 0
<2102853> <hasBronchoscopy> <Bronchoscopy> 0 0 0 0
<2112581> <hasBronchoscopy> <Bronchoscopy> 0 0 0 0
<2902514> <hasBronchoscopy> <Bronchoscopy> 0 0 0 0
<204048> <hasBronchoscopy> <Bronchoscopy> 0 0 0 0
<306881> <hasBronchoscopy> <Bronchoscopy> 0 0 0 0
<204422> <hasBronchoscopy> <Bronchoscopy> 0 0 0 0
<2302928> <hasBronchoscopy> <Bronchoscopy> 0 0 0 0
<2806703> <hasBronchoscopy> <Bronchoscopy> 0 0 0 0
<302234> <hasBronchoscopy> <Bronchoscopy> 0 0 0 0
<2806626> <hasBronchoscopy> <Bronchoscopy> 0 0 0 0
<11405908> <hasBronchoscopy> <Bronchoscopy> 0 0 0 0
<12915109> <hasBronchoscopy> <Bronchoscopy> 0 0 0 0
<2310596> <hasBronchoscopy> <Bronchoscopy> 0 0 0 0
<2805212> <hasBronchoscopy> <Bronchoscopy> 0 0 0 0
<2808249> <hasBronchoscopy> <Bronchoscopy> 0 0 0 0
<2816653> <hasBronchoscopy> <Bronchoscopy> 0 0 0 0
<2307121> <hasBronchoscopy> <Bronchoscopy> 0 0 0 0
<1300810> <hasBronchoscopy> <Bronchoscopy> 0 0 0 0
<2101202> <hasBronchoscopy> <Bronchoscopy> 0 0 0 0
<203786> <hasBronchoscopy> <Bronchoscopy> 0 0 0 0
<1305595> <hasBronchoscopy> <Bronchoscopy> 0 0 0 0
<101509> <hasBronchoscopy> <Bronchoscopy> 0 0 0 0
<15714604> <hasBronchoscopy> <Bronchoscopy> 0 0 0 0
<2102189> <hasBronchoscopy> <Bronchoscopy> 0 0 0 0
<310493> <hasBronchoscopy> <Bronchoscopy> 0 0 0 0
<2100973> <hasBronchoscopy> <Bronchoscopy> 0 0 0 0
<2111531> <hasBronchoscopy> <Bronchoscopy> 0 0 0 0
<210444> <hasBronchoscopy> <Bronchoscopy> 0 0 0 0
<1204022> <hasBronchoscopy> <Bronchoscopy> 0 0 0 0
<3404074> <hasBronchoscopy> <Bronchoscopy> 0 0 0 0
<3704656> <hasBronchoscopy> <Bronchoscopy> 0 0 0 0
<416501> <hasBronchoscopy> <Bronchoscopy> 0 0 0 0
<416750> <hasBronchoscopy> <Bronchoscopy> 0 0 0 0
<4201616> <hasBronchoscopy> <Bronchoscopy> 0 0 0 0
<4910877> <hasBronchoscopy> <Bronchoscopy> 0 0 0 0
<4910880> <hasBronchoscopy> <Bronchoscopy> 0 0 0 0
<503841> <hasBronchoscopy> <Bronchoscopy> 0 0 0 0
<507580> <hasBronchoscopy> <Bronchoscopy> 0 0 0 0
<508116> <hasBronchoscopy> <Bronchoscopy> 0 0 0 0
<508240> <hasBronchoscopy> <Bronchoscopy> 0 0 0 0
<508258> <hasBronchoscopy> <Bronchoscopy> 0 0 0 0
<508531> <hasBronchoscopy> <Bronchoscopy> 0 0 0 0
<509090> <hasBronchoscopy> <Bronchoscopy> 0 0 0 0
<5103514> <hasBronchoscopy> <Bronchoscopy> 0 0 0 0
<5115410> <hasBronchoscopy> <Bronchoscopy> 0 0 0 0
<5116848> <hasBronchoscopy> <Bronchoscopy> 0 0 0 0
<5117390> <hasBronchoscopy> <Bronchoscopy> 0 0 0 0
<512941> <hasBronchoscopy> <Bronchoscopy> 0 0 0 0
<514189> <hasBronchoscopy> <Bronchoscopy> 0 0 0 0
<5313390> <hasBronchoscopy> <Bronchoscopy> 0 0 0 0
<5315207> <hasBronchoscopy> <Bronchoscopy> 0 0 0 0
<5315776> <hasBronchoscopy> <Bronchoscopy> 0 0 0 0
<5316303> <hasBronchoscopy> <Bronchoscopy> 0 0 0 0
<512551> <hasBronchoscopy> <Bronchoscopy> 0 0 0 0
<513304> <hasBronchoscopy> <Bronchoscopy> 0 0 0 0
<311742> <hasBronchoscopy> <Bronchoscopy> 0 0 0 0
<3412051> <hasBronchoscopy> <Bronchoscopy> 0 0 0 0
<3412522> <hasBronchoscopy> <Bronchoscopy> 0 0 0 0
<4605941> <hasBronchoscopy> <Bronchoscopy> 0 0 0 0
<4910723> <hasBronchoscopy> <Bronchoscopy> 0 0 0 0
<503934> <hasBronchoscopy> <Bronchoscopy> 0 0 0 0
<503952> <hasBronchoscopy> <Bronchoscopy> 0 0 0 0
<508550> <hasBronchoscopy> <Bronchoscopy> 0 0 0 0
<5106257> <hasBronchoscopy> <Bronchoscopy> 0 0 0 0
<5315441> <hasBronchoscopy> <Bronchoscopy> 0 0 0 0
<5315595> <hasBronchoscopy> <Bronchoscopy> 0 0 0 0
<310254> <hasBronchoscopy> <Bronchoscopy> 0 0 0 0
<409844> <hasBronchoscopy> <Bronchoscopy> 0 0 0 0
<503930> <hasBronchoscopy> <Bronchoscopy> 0 0 0 0
<508457> <hasBronchoscopy> <Bronchoscopy> 0 0 0 0
<5113556> <hasBronchoscopy> <Bronchoscopy> 0 0 0 0
<512587> <hasBronchoscopy> <Bronchoscopy> 0 0 0 0
<5305241> <hasBronchoscopy> <Bronchoscopy> 0 0 0 0
<5314456> <hasBronchoscopy> <Bronchoscopy> 0 0 0 0
<5315063> <hasBronchoscopy> <Bronchoscopy> 0 0 0 0
<5106536> <hasBronchoscopy> <Bronchoscopy> 0 0 0 0
<5104669> <hasBronchoscopy> <Bronchoscopy> 0 0 0 0
<5106368> <hasBronchoscopy> <Bronchoscopy> 0 0 0 0
<5316174> <hasBronchoscopy> <Bronchoscopy> 0 0 0 0
<3900406> <hasBronchoscopy> <Bronchoscopy> 0 0 0 0
<512782> <hasBronchoscopy> <Bronchoscopy> 0 0 0 0
<508828> <hasBronchoscopy> <Bronchoscopy> 0 0 0 0
<514050> <hasBronchoscopy> <Bronchoscopy> 0 0 0 0
<503397> <hasBronchoscopy> <Bronchoscopy> 0 0 0 0
<3514422> <hasBronchoscopy> <Bronchoscopy> 0 0 0 0
<409460> <hasBronchoscopy> <Bronchoscopy> 0 0 0 0
<5113015> <hasBronchoscopy> <Bronchoscopy> 0 0 0 0
<311031> <hasBronchoscopy> <Bronchoscopy> 0 0 0 0
<503962> <hasBronchoscopy> <Bronchoscopy> 0 0 0 0
<5104449> <hasBronchoscopy> <Bronchoscopy> 0 0 0 0
<3602432> <hasBronchoscopy> <Bronchoscopy> 0 0 0 0
<416783> <hasBronchoscopy> <Bronchoscopy> 0 0 0 0
<4605871> <hasBronchoscopy> <Bronchoscopy> 0 0 0 0
<508497> <hasBronchoscopy> <Bronchoscopy> 0 0 0 0
<508229> <hasBronchoscopy> <Bronchoscopy> 0 0 0 0
<3414696> <hasBronchoscopy> <Bronchoscopy> 0 0 0 0
<4600822> <hasBronchoscopy> <Bronchoscopy> 0 0 0 0
<3602416> <hasBronchoscopy> <Bronchoscopy> 0 0 0 0
<5104883> <hasBronchoscopy> <Bronchoscopy> 0 0 0 0
<5315911> <hasBronchoscopy> <Bronchoscopy> 0 0 0 0
<311587> <hasBronchoscopy> <Bronchoscopy> 0 0 0 0
<3704544> <hasBronchoscopy> <Bronchoscopy> 0 0 0 0
<3509941> <hasBronchoscopy> <Bronchoscopy> 0 0 0 0
<5107539> <hasBronchoscopy> <Bronchoscopy> 0 0 0 0
<5111468> <hasBronchoscopy> <Bronchoscopy> 0 0 0 0
<416965> <hasBronchoscopy> <Bronchoscopy> 0 0 0 0
<5111782> <hasBronchoscopy> <Bronchoscopy> 0 0 0 0
<5316266> <hasBronchoscopy> <Bronchoscopy> 0 0 0 0
<5111664> <hasBronchoscopy> <Bronchoscopy> 0 0 0 0
<503843> <hasBronchoscopy> <Bronchoscopy> 0 0 0 0
<410185> <hasBronchoscopy> <Bronchoscopy> 0 0 0 0
<416845> <hasBronchoscopy> <Bronchoscopy> 0 0 0 0
<4305937> <hasBronchoscopy> <Bronchoscopy> 0 0 0 0
<5108811> <hasBronchoscopy> <Bronchoscopy> 0 0 0 0
<5305258> <hasBronchoscopy> <Bronchoscopy> 0 0 0 0
<5302668> <hasBronchoscopy> <Bronchoscopy> 0 0 0 0
<317409> <hasBronchoscopy> <Bronchoscopy> 0 0 0 0
<5304445> <hasBronchoscopy> <Bronchoscopy> 0 0 0 0
<310311> <hasBronchoscopy> <Bronchoscopy> 0 0 0 0
<5314380> <hasBronchoscopy> <Bronchoscopy> 0 0 0 0
<5314899> <hasBronchoscopy> <Bronchoscopy> 0 0 0 0
<5110386> <hasBronchoscopy> <Bronchoscopy> 0 0 0 0
<513824> <hasBronchoscopy> <Bronchoscopy> 0 0 0 0
<5316886> <hasBronchoscopy> <Bronchoscopy> 0 0 0 0
<5501745> <hasBronchoscopy> <Bronchoscopy> 0 0 0 0
<5501818> <hasBronchoscopy> <Bronchoscopy> 0 0 0 0
<5511026> <hasBronchoscopy> <Bronchoscopy> 0 0 0 0
<6301524> <hasBronchoscopy> <Bronchoscopy> 0 0 0 0
<6302601> <hasBronchoscopy> <Bronchoscopy> 0 0 0 0
<6304730> <hasBronchoscopy> <Bronchoscopy> 0 0 0 0
<6312149> <hasBronchoscopy> <Bronchoscopy> 0 0 0 0
<6312343> <hasBronchoscopy> <Bronchoscopy> 0 0 0 0
<6403164> <hasBronchoscopy> <Bronchoscopy> 0 0 0 0
<7000483> <hasBronchoscopy> <Bronchoscopy> 0 0 0 0
<7000638> <hasBronchoscopy> <Bronchoscopy> 0 0 0 0
<701685> <hasBronchoscopy> <Bronchoscopy> 0 0 0 0
<701763> <hasBronchoscopy> <Bronchoscopy> 0 0 0 0
<7406524> <hasBronchoscopy> <Bronchoscopy> 0 0 0 0
<900745> <hasBronchoscopy> <Bronchoscopy> 0 0 0 0
<906914> <hasBronchoscopy> <Bronchoscopy> 0 0 0 0
<916813> <hasBronchoscopy> <Bronchoscopy> 0 0 0 0
<9408796> <hasBronchoscopy> <Bronchoscopy> 0 0 0 0
<9409315> <hasBronchoscopy> <Bronchoscopy> 0 0 0 0
<9409777> <hasBronchoscopy> <Bronchoscopy> 0 0 0 0
<9910299> <hasBronchoscopy> <Bronchoscopy> 0 0 0 0
<6313252> <hasBronchoscopy> <Bronchoscopy> 0 0 0 0
<6315867> <hasBronchoscopy> <Bronchoscopy> 0 0 0 0
<701684> <hasBronchoscopy> <Bronchoscopy> 0 0 0 0
<7105400> <hasBronchoscopy> <Bronchoscopy> 0 0 0 0
<903040> <hasBronchoscopy> <Bronchoscopy> 0 0 0 0
<907364> <hasBronchoscopy> <Bronchoscopy> 0 0 0 0
<9710043> <hasBronchoscopy> <Bronchoscopy> 0 0 0 0
<9711690> <hasBronchoscopy> <Bronchoscopy> 0 0 0 0
<6316716> <hasBronchoscopy> <Bronchoscopy> 0 0 0 0
<6312813> <hasBronchoscopy> <Bronchoscopy> 0 0 0 0
<6317437> <hasBronchoscopy> <Bronchoscopy> 0 0 0 0
<701759> <hasBronchoscopy> <Bronchoscopy> 0 0 0 0
<709444> <hasBronchoscopy> <Bronchoscopy> 0 0 0 0
<8312415> <hasBronchoscopy> <Bronchoscopy> 0 0 0 0
<6304681> <hasBronchoscopy> <Bronchoscopy> 0 0 0 0
<901403> <hasBronchoscopy> <Bronchoscopy> 0 0 0 0
<9708625> <hasBronchoscopy> <Bronchoscopy> 0 0 0 0
<4910751> <hasBronchoscopy> <Bronchoscopy> 0 0 0 0
